[2024-11-14T15:22:32.610+0000] {local_task_job_runner.py:123} INFO - ::group::Pre task execution logs
[2024-11-14T15:22:33.213+0000] {taskinstance.py:2613} INFO - Dependencies all met for dep_context=non-requeueable deps ti=<TaskInstance: hello_world_dag.training_model_B manual__2024-11-14T15:21:31.015862+00:00 [queued]>
[2024-11-14T15:22:33.433+0000] {taskinstance.py:2613} INFO - Dependencies all met for dep_context=requeueable deps ti=<TaskInstance: hello_world_dag.training_model_B manual__2024-11-14T15:21:31.015862+00:00 [queued]>
[2024-11-14T15:22:33.433+0000] {taskinstance.py:2866} INFO - Starting attempt 1 of 1
[2024-11-14T15:22:33.873+0000] {taskinstance.py:2889} INFO - Executing <Task(PythonOperator): training_model_B> on 2024-11-14 15:21:31.015862+00:00
[2024-11-14T15:22:34.020+0000] {warnings.py:112} WARNING - /home/***/.local/lib/python3.12/site-packages/***/task/task_runner/standard_task_runner.py:70: DeprecationWarning: This process (pid=141) is multi-threaded, use of fork() may lead to deadlocks in the child.
  pid = os.fork()

[2024-11-14T15:22:34.039+0000] {standard_task_runner.py:72} INFO - Started process 168 to run task
[2024-11-14T15:22:34.093+0000] {standard_task_runner.py:104} INFO - Running: ['***', 'tasks', 'run', 'hello_world_dag', 'training_model_B', 'manual__2024-11-14T15:21:31.015862+00:00', '--job-id', '18', '--raw', '--subdir', 'DAGS_FOLDER/hello_world_dag.py', '--cfg-path', '/tmp/tmp6kdctjf4']
[2024-11-14T15:22:34.232+0000] {standard_task_runner.py:105} INFO - Job 18: Subtask training_model_B
[2024-11-14T15:22:35.481+0000] {task_command.py:467} INFO - Running <TaskInstance: hello_world_dag.training_model_B manual__2024-11-14T15:21:31.015862+00:00 [running]> on host e14bbb8637e8
[2024-11-14T15:22:44.378+0000] {taskinstance.py:3132} INFO - Exporting env vars: AIRFLOW_CTX_DAG_OWNER='***' AIRFLOW_CTX_DAG_ID='hello_world_dag' AIRFLOW_CTX_TASK_ID='training_model_B' AIRFLOW_CTX_EXECUTION_DATE='2024-11-14T15:21:31.015862+00:00' AIRFLOW_CTX_TRY_NUMBER='1' AIRFLOW_CTX_DAG_RUN_ID='manual__2024-11-14T15:21:31.015862+00:00'
[2024-11-14T15:22:44.399+0000] {logging_mixin.py:190} INFO - Task instance is in running state
[2024-11-14T15:22:44.406+0000] {logging_mixin.py:190} INFO -  Previous state of the Task instance: queued
[2024-11-14T15:22:44.414+0000] {logging_mixin.py:190} INFO - Current task name:training_model_B state:running start_date:2024-11-14 15:22:33.213470+00:00
[2024-11-14T15:22:44.490+0000] {logging_mixin.py:190} INFO - Dag name:hello_world_dag and current dag run status:running
[2024-11-14T15:22:44.518+0000] {taskinstance.py:731} INFO - ::endgroup::
[2024-11-14T15:22:44.574+0000] {python.py:240} INFO - Done. Returned value was: 6
[2024-11-14T15:22:45.168+0000] {taskinstance.py:340} INFO - ::group::Post task execution logs
[2024-11-14T15:22:45.168+0000] {taskinstance.py:352} INFO - Marking task as SUCCESS. dag_id=hello_world_dag, task_id=training_model_B, run_id=manual__2024-11-14T15:21:31.015862+00:00, execution_date=20241114T152131, start_date=20241114T152233, end_date=20241114T152245
[2024-11-14T15:22:45.280+0000] {logging_mixin.py:190} INFO - Task instance in success state
[2024-11-14T15:22:45.296+0000] {logging_mixin.py:190} INFO -  Previous state of the Task instance: running
[2024-11-14T15:22:45.298+0000] {logging_mixin.py:190} INFO - Dag name:hello_world_dag queued_at:2024-11-14 15:21:31.054149+00:00
[2024-11-14T15:22:45.300+0000] {logging_mixin.py:190} INFO - Task hostname:e14bbb8637e8 operator:PythonOperator
[2024-11-14T15:22:45.405+0000] {local_task_job_runner.py:266} INFO - Task exited with return code 0
[2024-11-14T15:22:45.425+0000] {local_task_job_runner.py:245} INFO - ::endgroup::
