[2024-11-14T15:22:32.170+0000] {local_task_job_runner.py:123} INFO - ::group::Pre task execution logs
[2024-11-14T15:22:32.915+0000] {taskinstance.py:2613} INFO - Dependencies all met for dep_context=non-requeueable deps ti=<TaskInstance: hello_world_dag.accurate manual__2024-11-14T15:21:31.015862+00:00 [queued]>
[2024-11-14T15:22:33.228+0000] {taskinstance.py:2613} INFO - Dependencies all met for dep_context=requeueable deps ti=<TaskInstance: hello_world_dag.accurate manual__2024-11-14T15:21:31.015862+00:00 [queued]>
[2024-11-14T15:22:33.264+0000] {taskinstance.py:2866} INFO - Starting attempt 1 of 1
[2024-11-14T15:22:33.758+0000] {taskinstance.py:2889} INFO - Executing <Task(BashOperator): accurate> on 2024-11-14 15:21:31.015862+00:00
[2024-11-14T15:22:34.160+0000] {warnings.py:112} WARNING - /home/***/.local/lib/python3.12/site-packages/***/task/task_runner/standard_task_runner.py:70: DeprecationWarning: This process (pid=140) is multi-threaded, use of fork() may lead to deadlocks in the child.
  pid = os.fork()

[2024-11-14T15:22:34.201+0000] {standard_task_runner.py:72} INFO - Started process 171 to run task
[2024-11-14T15:22:34.192+0000] {standard_task_runner.py:104} INFO - Running: ['***', 'tasks', 'run', 'hello_world_dag', 'accurate', 'manual__2024-11-14T15:21:31.015862+00:00', '--job-id', '10', '--raw', '--subdir', 'DAGS_FOLDER/hello_world_dag.py', '--cfg-path', '/tmp/tmpyocok54u']
[2024-11-14T15:22:34.381+0000] {standard_task_runner.py:105} INFO - Job 10: Subtask accurate
[2024-11-14T15:22:35.539+0000] {task_command.py:467} INFO - Running <TaskInstance: hello_world_dag.accurate manual__2024-11-14T15:21:31.015862+00:00 [running]> on host e14bbb8637e8
[2024-11-14T15:22:43.691+0000] {taskinstance.py:3132} INFO - Exporting env vars: AIRFLOW_CTX_DAG_OWNER='***' AIRFLOW_CTX_DAG_ID='hello_world_dag' AIRFLOW_CTX_TASK_ID='accurate' AIRFLOW_CTX_EXECUTION_DATE='2024-11-14T15:21:31.015862+00:00' AIRFLOW_CTX_TRY_NUMBER='1' AIRFLOW_CTX_DAG_RUN_ID='manual__2024-11-14T15:21:31.015862+00:00'
[2024-11-14T15:22:43.707+0000] {logging_mixin.py:190} INFO - Task instance is in running state
[2024-11-14T15:22:43.710+0000] {logging_mixin.py:190} INFO -  Previous state of the Task instance: queued
[2024-11-14T15:22:43.711+0000] {logging_mixin.py:190} INFO - Current task name:accurate state:running start_date:2024-11-14 15:22:32.916011+00:00
[2024-11-14T15:22:43.720+0000] {logging_mixin.py:190} INFO - Dag name:hello_world_dag and current dag run status:running
[2024-11-14T15:22:43.727+0000] {taskinstance.py:731} INFO - ::endgroup::
[2024-11-14T15:22:43.739+0000] {subprocess.py:78} INFO - Tmp dir root location: /tmp
[2024-11-14T15:22:43.747+0000] {subprocess.py:88} INFO - Running command: ['/usr/bin/bash', '-c', "echo 'accurate'"]
[2024-11-14T15:22:44.311+0000] {subprocess.py:99} INFO - Output:
[2024-11-14T15:22:44.315+0000] {subprocess.py:106} INFO - accurate
[2024-11-14T15:22:44.334+0000] {subprocess.py:110} INFO - Command exited with return code 0
[2024-11-14T15:22:44.775+0000] {taskinstance.py:340} INFO - ::group::Post task execution logs
[2024-11-14T15:22:44.833+0000] {taskinstance.py:352} INFO - Marking task as SUCCESS. dag_id=hello_world_dag, task_id=accurate, run_id=manual__2024-11-14T15:21:31.015862+00:00, execution_date=20241114T152131, start_date=20241114T152232, end_date=20241114T152244
[2024-11-14T15:22:45.155+0000] {logging_mixin.py:190} INFO - Task instance in success state
[2024-11-14T15:22:45.155+0000] {logging_mixin.py:190} INFO -  Previous state of the Task instance: running
[2024-11-14T15:22:45.155+0000] {logging_mixin.py:190} INFO - Dag name:hello_world_dag queued_at:2024-11-14 15:21:31.054149+00:00
[2024-11-14T15:22:45.156+0000] {logging_mixin.py:190} INFO - Task hostname:e14bbb8637e8 operator:BashOperator
[2024-11-14T15:22:45.396+0000] {local_task_job_runner.py:266} INFO - Task exited with return code 0
[2024-11-14T15:22:45.415+0000] {local_task_job_runner.py:245} INFO - ::endgroup::
