[2024-11-18T19:03:28.413+0000] {local_task_job_runner.py:123} INFO - ::group::Pre task execution logs
[2024-11-18T19:03:28.834+0000] {taskinstance.py:2613} INFO - Dependencies all met for dep_context=non-requeueable deps ti=<TaskInstance: hello_world_dag.choose_best_model scheduled__2024-11-17T00:00:00+00:00 [queued]>
[2024-11-18T19:03:29.240+0000] {taskinstance.py:2613} INFO - Dependencies all met for dep_context=requeueable deps ti=<TaskInstance: hello_world_dag.choose_best_model scheduled__2024-11-17T00:00:00+00:00 [queued]>
[2024-11-18T19:03:29.249+0000] {taskinstance.py:2866} INFO - Starting attempt 1 of 1
[2024-11-18T19:03:30.065+0000] {taskinstance.py:2889} INFO - Executing <Task(BranchPythonOperator): choose_best_model> on 2024-11-17 00:00:00+00:00
[2024-11-18T19:03:30.481+0000] {warnings.py:112} WARNING - /home/***/.local/lib/python3.12/site-packages/***/task/task_runner/standard_task_runner.py:70: DeprecationWarning: This process (pid=78) is multi-threaded, use of fork() may lead to deadlocks in the child.
  pid = os.fork()

[2024-11-18T19:03:30.774+0000] {standard_task_runner.py:72} INFO - Started process 112 to run task
[2024-11-18T19:03:30.678+0000] {standard_task_runner.py:104} INFO - Running: ['***', 'tasks', 'run', 'hello_world_dag', 'choose_best_model', 'scheduled__2024-11-17T00:00:00+00:00', '--job-id', '30', '--raw', '--subdir', 'DAGS_FOLDER/hello_world_dag.py', '--cfg-path', '/tmp/tmp85zjqqlo']
[2024-11-18T19:03:30.906+0000] {standard_task_runner.py:105} INFO - Job 30: Subtask choose_best_model
[2024-11-18T19:04:14.274+0000] {task_command.py:467} INFO - Running <TaskInstance: hello_world_dag.choose_best_model scheduled__2024-11-17T00:00:00+00:00 [running]> on host e14bbb8637e8
[2024-11-18T19:04:19.316+0000] {taskinstance.py:3132} INFO - Exporting env vars: AIRFLOW_CTX_DAG_OWNER='***' AIRFLOW_CTX_DAG_ID='hello_world_dag' AIRFLOW_CTX_TASK_ID='choose_best_model' AIRFLOW_CTX_EXECUTION_DATE='2024-11-17T00:00:00+00:00' AIRFLOW_CTX_TRY_NUMBER='1' AIRFLOW_CTX_DAG_RUN_ID='scheduled__2024-11-17T00:00:00+00:00'
[2024-11-18T19:04:19.359+0000] {logging_mixin.py:190} INFO - Task instance is in running state
[2024-11-18T19:04:19.401+0000] {logging_mixin.py:190} INFO -  Previous state of the Task instance: queued
[2024-11-18T19:04:19.415+0000] {logging_mixin.py:190} INFO - Current task name:choose_best_model state:running start_date:2024-11-18 19:03:28.876010+00:00
[2024-11-18T19:04:19.435+0000] {logging_mixin.py:190} INFO - Dag name:hello_world_dag and current dag run status:running
[2024-11-18T19:04:19.358+0000] {job.py:229} INFO - Heartbeat recovered after 53.12 seconds
[2024-11-18T19:04:19.504+0000] {taskinstance.py:731} INFO - ::endgroup::
[2024-11-18T19:04:19.526+0000] {baseoperator.py:416} WARNING - BranchPythonOperator.execute cannot be called outside TaskInstance!
[2024-11-18T19:04:19.869+0000] {python.py:240} INFO - Done. Returned value was: accurate
[2024-11-18T19:04:19.870+0000] {branch.py:38} INFO - Branch into accurate
[2024-11-18T19:04:19.870+0000] {skipmixin.py:230} INFO - Following branch ('accurate',)
[2024-11-18T19:04:20.858+0000] {taskinstance.py:340} INFO - ::group::Post task execution logs
[2024-11-18T19:04:20.880+0000] {taskinstance.py:352} INFO - Marking task as SUCCESS. dag_id=hello_world_dag, task_id=choose_best_model, run_id=scheduled__2024-11-17T00:00:00+00:00, execution_date=20241117T000000, start_date=20241118T190328, end_date=20241118T190420
[2024-11-18T19:04:20.964+0000] {logging_mixin.py:190} INFO - Task instance in success state
[2024-11-18T19:04:20.965+0000] {logging_mixin.py:190} INFO -  Previous state of the Task instance: running
[2024-11-18T19:04:20.965+0000] {logging_mixin.py:190} INFO - Dag name:hello_world_dag queued_at:2024-11-18 19:02:07.063165+00:00
[2024-11-18T19:04:20.965+0000] {logging_mixin.py:190} INFO - Task hostname:e14bbb8637e8 operator:BranchPythonOperator
[2024-11-18T19:04:22.116+0000] {local_task_job_runner.py:266} INFO - Task exited with return code 0
[2024-11-18T19:04:22.380+0000] {taskinstance.py:3895} INFO - 0 downstream tasks scheduled from follow-on schedule check
[2024-11-18T19:04:22.429+0000] {local_task_job_runner.py:245} INFO - ::endgroup::
