[2024-11-19T12:49:30.007+0000] {local_task_job_runner.py:123} INFO - ::group::Pre task execution logs
[2024-11-19T12:49:30.093+0000] {taskinstance.py:2613} INFO - Dependencies all met for dep_context=non-requeueable deps ti=<TaskInstance: hello_world_dag.training_model_B manual__2024-11-19T12:49:21.011619+00:00 [queued]>
[2024-11-19T12:49:30.125+0000] {taskinstance.py:2613} INFO - Dependencies all met for dep_context=requeueable deps ti=<TaskInstance: hello_world_dag.training_model_B manual__2024-11-19T12:49:21.011619+00:00 [queued]>
[2024-11-19T12:49:30.127+0000] {taskinstance.py:2866} INFO - Starting attempt 1 of 1
[2024-11-19T12:49:30.202+0000] {taskinstance.py:2889} INFO - Executing <Task(PythonOperator): training_model_B> on 2024-11-19 12:49:21.011619+00:00
[2024-11-19T12:49:30.230+0000] {warnings.py:112} WARNING - /home/***/.local/lib/python3.12/site-packages/***/task/task_runner/standard_task_runner.py:70: DeprecationWarning: This process (pid=452) is multi-threaded, use of fork() may lead to deadlocks in the child.
  pid = os.fork()

[2024-11-19T12:49:30.233+0000] {standard_task_runner.py:72} INFO - Started process 458 to run task
[2024-11-19T12:49:30.253+0000] {standard_task_runner.py:104} INFO - Running: ['***', 'tasks', 'run', 'hello_world_dag', 'training_model_B', 'manual__2024-11-19T12:49:21.011619+00:00', '--job-id', '43', '--raw', '--subdir', 'DAGS_FOLDER/hello_world_dag.py', '--cfg-path', '/tmp/tmp32h7emke']
[2024-11-19T12:49:30.261+0000] {standard_task_runner.py:105} INFO - Job 43: Subtask training_model_B
[2024-11-19T12:49:31.174+0000] {task_command.py:467} INFO - Running <TaskInstance: hello_world_dag.training_model_B manual__2024-11-19T12:49:21.011619+00:00 [running]> on host e14bbb8637e8
[2024-11-19T12:49:31.833+0000] {taskinstance.py:3132} INFO - Exporting env vars: AIRFLOW_CTX_DAG_OWNER='***' AIRFLOW_CTX_DAG_ID='hello_world_dag' AIRFLOW_CTX_TASK_ID='training_model_B' AIRFLOW_CTX_EXECUTION_DATE='2024-11-19T12:49:21.011619+00:00' AIRFLOW_CTX_TRY_NUMBER='1' AIRFLOW_CTX_DAG_RUN_ID='manual__2024-11-19T12:49:21.011619+00:00'
[2024-11-19T12:49:31.838+0000] {logging_mixin.py:190} INFO - Task instance is in running state
[2024-11-19T12:49:31.839+0000] {logging_mixin.py:190} INFO -  Previous state of the Task instance: queued
[2024-11-19T12:49:31.839+0000] {logging_mixin.py:190} INFO - Current task name:training_model_B state:running start_date:2024-11-19 12:49:30.093865+00:00
[2024-11-19T12:49:31.840+0000] {logging_mixin.py:190} INFO - Dag name:hello_world_dag and current dag run status:running
[2024-11-19T12:49:31.841+0000] {taskinstance.py:731} INFO - ::endgroup::
[2024-11-19T12:49:31.842+0000] {python.py:240} INFO - Done. Returned value was: 5
[2024-11-19T12:49:31.937+0000] {taskinstance.py:340} INFO - ::group::Post task execution logs
[2024-11-19T12:49:31.941+0000] {taskinstance.py:352} INFO - Marking task as SUCCESS. dag_id=hello_world_dag, task_id=training_model_B, run_id=manual__2024-11-19T12:49:21.011619+00:00, execution_date=20241119T124921, start_date=20241119T124930, end_date=20241119T124931
[2024-11-19T12:49:32.057+0000] {logging_mixin.py:190} INFO - Task instance in success state
[2024-11-19T12:49:32.064+0000] {logging_mixin.py:190} INFO -  Previous state of the Task instance: running
[2024-11-19T12:49:32.064+0000] {logging_mixin.py:190} INFO - Dag name:hello_world_dag queued_at:2024-11-19 12:49:22.240381+00:00
[2024-11-19T12:49:32.064+0000] {logging_mixin.py:190} INFO - Task hostname:e14bbb8637e8 operator:PythonOperator
[2024-11-19T12:49:32.264+0000] {local_task_job_runner.py:266} INFO - Task exited with return code 0
[2024-11-19T12:49:33.189+0000] {taskinstance.py:3895} INFO - 0 downstream tasks scheduled from follow-on schedule check
[2024-11-19T12:49:33.237+0000] {local_task_job_runner.py:245} INFO - ::endgroup::
