[2024-11-19T12:04:03.271+0000] {processor.py:186} INFO - Started process (PID=85) to work on /home/airflow/.local/lib/python3.12/site-packages/airflow/example_dags/example_display_name.py
[2024-11-19T12:04:03.272+0000] {processor.py:914} INFO - Processing file /home/airflow/.local/lib/python3.12/site-packages/airflow/example_dags/example_display_name.py for tasks to queue
[2024-11-19T12:04:03.274+0000] {logging_mixin.py:190} INFO - [2024-11-19T12:04:03.274+0000] {dagbag.py:588} INFO - Filling up the DagBag from /home/airflow/.local/lib/python3.12/site-packages/airflow/example_dags/example_display_name.py
[2024-11-19T12:04:03.280+0000] {processor.py:925} INFO - DAG(s) 'example_display_name' retrieved from /home/airflow/.local/lib/python3.12/site-packages/airflow/example_dags/example_display_name.py
[2024-11-19T12:04:03.299+0000] {logging_mixin.py:190} INFO - [2024-11-19T12:04:03.298+0000] {dag.py:3239} INFO - Sync 1 DAGs
[2024-11-19T12:04:03.337+0000] {logging_mixin.py:190} INFO - [2024-11-19T12:04:03.337+0000] {dag.py:4180} INFO - Setting next_dagrun for example_display_name to None, run_after=None
[2024-11-19T12:04:04.170+0000] {processor.py:208} INFO - Processing /home/airflow/.local/lib/python3.12/site-packages/airflow/example_dags/example_display_name.py took 0.908 seconds
[2024-11-19T12:04:34.334+0000] {processor.py:186} INFO - Started process (PID=149) to work on /home/airflow/.local/lib/python3.12/site-packages/airflow/example_dags/example_display_name.py
[2024-11-19T12:04:34.335+0000] {processor.py:914} INFO - Processing file /home/airflow/.local/lib/python3.12/site-packages/airflow/example_dags/example_display_name.py for tasks to queue
[2024-11-19T12:04:34.339+0000] {logging_mixin.py:190} INFO - [2024-11-19T12:04:34.338+0000] {dagbag.py:588} INFO - Filling up the DagBag from /home/airflow/.local/lib/python3.12/site-packages/airflow/example_dags/example_display_name.py
[2024-11-19T12:04:34.351+0000] {processor.py:925} INFO - DAG(s) 'example_display_name' retrieved from /home/airflow/.local/lib/python3.12/site-packages/airflow/example_dags/example_display_name.py
[2024-11-19T12:04:34.397+0000] {logging_mixin.py:190} INFO - [2024-11-19T12:04:34.397+0000] {dag.py:3239} INFO - Sync 1 DAGs
[2024-11-19T12:04:34.421+0000] {logging_mixin.py:190} INFO - [2024-11-19T12:04:34.421+0000] {dag.py:4180} INFO - Setting next_dagrun for example_display_name to None, run_after=None
[2024-11-19T12:04:34.484+0000] {processor.py:208} INFO - Processing /home/airflow/.local/lib/python3.12/site-packages/airflow/example_dags/example_display_name.py took 0.166 seconds
[2024-11-19T12:05:06.293+0000] {processor.py:186} INFO - Started process (PID=213) to work on /home/airflow/.local/lib/python3.12/site-packages/airflow/example_dags/example_display_name.py
[2024-11-19T12:05:06.295+0000] {processor.py:914} INFO - Processing file /home/airflow/.local/lib/python3.12/site-packages/airflow/example_dags/example_display_name.py for tasks to queue
[2024-11-19T12:05:06.297+0000] {logging_mixin.py:190} INFO - [2024-11-19T12:05:06.297+0000] {dagbag.py:588} INFO - Filling up the DagBag from /home/airflow/.local/lib/python3.12/site-packages/airflow/example_dags/example_display_name.py
[2024-11-19T12:05:06.310+0000] {processor.py:925} INFO - DAG(s) 'example_display_name' retrieved from /home/airflow/.local/lib/python3.12/site-packages/airflow/example_dags/example_display_name.py
[2024-11-19T12:05:06.330+0000] {logging_mixin.py:190} INFO - [2024-11-19T12:05:06.330+0000] {dag.py:3239} INFO - Sync 1 DAGs
[2024-11-19T12:05:06.346+0000] {logging_mixin.py:190} INFO - [2024-11-19T12:05:06.346+0000] {dag.py:4180} INFO - Setting next_dagrun for example_display_name to None, run_after=None
[2024-11-19T12:05:06.395+0000] {processor.py:208} INFO - Processing /home/airflow/.local/lib/python3.12/site-packages/airflow/example_dags/example_display_name.py took 0.110 seconds
[2024-11-19T12:05:37.958+0000] {processor.py:186} INFO - Started process (PID=278) to work on /home/airflow/.local/lib/python3.12/site-packages/airflow/example_dags/example_display_name.py
[2024-11-19T12:05:37.984+0000] {processor.py:914} INFO - Processing file /home/airflow/.local/lib/python3.12/site-packages/airflow/example_dags/example_display_name.py for tasks to queue
[2024-11-19T12:05:38.000+0000] {logging_mixin.py:190} INFO - [2024-11-19T12:05:38.000+0000] {dagbag.py:588} INFO - Filling up the DagBag from /home/airflow/.local/lib/python3.12/site-packages/airflow/example_dags/example_display_name.py
[2024-11-19T12:05:38.045+0000] {processor.py:925} INFO - DAG(s) 'example_display_name' retrieved from /home/airflow/.local/lib/python3.12/site-packages/airflow/example_dags/example_display_name.py
[2024-11-19T12:05:38.122+0000] {logging_mixin.py:190} INFO - [2024-11-19T12:05:38.121+0000] {dag.py:3239} INFO - Sync 1 DAGs
[2024-11-19T12:05:38.259+0000] {logging_mixin.py:190} INFO - [2024-11-19T12:05:38.259+0000] {dag.py:4180} INFO - Setting next_dagrun for example_display_name to None, run_after=None
[2024-11-19T12:05:38.341+0000] {processor.py:208} INFO - Processing /home/airflow/.local/lib/python3.12/site-packages/airflow/example_dags/example_display_name.py took 0.465 seconds
[2024-11-19T12:06:08.714+0000] {processor.py:186} INFO - Started process (PID=343) to work on /home/airflow/.local/lib/python3.12/site-packages/airflow/example_dags/example_display_name.py
[2024-11-19T12:06:08.715+0000] {processor.py:914} INFO - Processing file /home/airflow/.local/lib/python3.12/site-packages/airflow/example_dags/example_display_name.py for tasks to queue
[2024-11-19T12:06:08.717+0000] {logging_mixin.py:190} INFO - [2024-11-19T12:06:08.717+0000] {dagbag.py:588} INFO - Filling up the DagBag from /home/airflow/.local/lib/python3.12/site-packages/airflow/example_dags/example_display_name.py
[2024-11-19T12:06:08.724+0000] {processor.py:925} INFO - DAG(s) 'example_display_name' retrieved from /home/airflow/.local/lib/python3.12/site-packages/airflow/example_dags/example_display_name.py
[2024-11-19T12:06:08.742+0000] {logging_mixin.py:190} INFO - [2024-11-19T12:06:08.742+0000] {dag.py:3239} INFO - Sync 1 DAGs
[2024-11-19T12:06:08.760+0000] {logging_mixin.py:190} INFO - [2024-11-19T12:06:08.760+0000] {dag.py:4180} INFO - Setting next_dagrun for example_display_name to None, run_after=None
[2024-11-19T12:06:08.791+0000] {processor.py:208} INFO - Processing /home/airflow/.local/lib/python3.12/site-packages/airflow/example_dags/example_display_name.py took 0.084 seconds
[2024-11-19T12:06:38.905+0000] {processor.py:186} INFO - Started process (PID=407) to work on /home/airflow/.local/lib/python3.12/site-packages/airflow/example_dags/example_display_name.py
[2024-11-19T12:06:38.906+0000] {processor.py:914} INFO - Processing file /home/airflow/.local/lib/python3.12/site-packages/airflow/example_dags/example_display_name.py for tasks to queue
[2024-11-19T12:06:38.908+0000] {logging_mixin.py:190} INFO - [2024-11-19T12:06:38.907+0000] {dagbag.py:588} INFO - Filling up the DagBag from /home/airflow/.local/lib/python3.12/site-packages/airflow/example_dags/example_display_name.py
[2024-11-19T12:06:38.915+0000] {processor.py:925} INFO - DAG(s) 'example_display_name' retrieved from /home/airflow/.local/lib/python3.12/site-packages/airflow/example_dags/example_display_name.py
[2024-11-19T12:06:38.933+0000] {logging_mixin.py:190} INFO - [2024-11-19T12:06:38.933+0000] {dag.py:3239} INFO - Sync 1 DAGs
[2024-11-19T12:06:38.950+0000] {logging_mixin.py:190} INFO - [2024-11-19T12:06:38.949+0000] {dag.py:4180} INFO - Setting next_dagrun for example_display_name to None, run_after=None
[2024-11-19T12:06:38.979+0000] {processor.py:208} INFO - Processing /home/airflow/.local/lib/python3.12/site-packages/airflow/example_dags/example_display_name.py took 0.079 seconds
[2024-11-19T12:07:09.139+0000] {processor.py:186} INFO - Started process (PID=472) to work on /home/airflow/.local/lib/python3.12/site-packages/airflow/example_dags/example_display_name.py
[2024-11-19T12:07:09.140+0000] {processor.py:914} INFO - Processing file /home/airflow/.local/lib/python3.12/site-packages/airflow/example_dags/example_display_name.py for tasks to queue
[2024-11-19T12:07:09.142+0000] {logging_mixin.py:190} INFO - [2024-11-19T12:07:09.141+0000] {dagbag.py:588} INFO - Filling up the DagBag from /home/airflow/.local/lib/python3.12/site-packages/airflow/example_dags/example_display_name.py
[2024-11-19T12:07:09.149+0000] {processor.py:925} INFO - DAG(s) 'example_display_name' retrieved from /home/airflow/.local/lib/python3.12/site-packages/airflow/example_dags/example_display_name.py
[2024-11-19T12:07:09.167+0000] {logging_mixin.py:190} INFO - [2024-11-19T12:07:09.167+0000] {dag.py:3239} INFO - Sync 1 DAGs
[2024-11-19T12:07:09.183+0000] {logging_mixin.py:190} INFO - [2024-11-19T12:07:09.182+0000] {dag.py:4180} INFO - Setting next_dagrun for example_display_name to None, run_after=None
[2024-11-19T12:07:09.206+0000] {processor.py:208} INFO - Processing /home/airflow/.local/lib/python3.12/site-packages/airflow/example_dags/example_display_name.py took 0.074 seconds
[2024-11-19T12:07:39.719+0000] {processor.py:186} INFO - Started process (PID=537) to work on /home/airflow/.local/lib/python3.12/site-packages/airflow/example_dags/example_display_name.py
[2024-11-19T12:07:39.720+0000] {processor.py:914} INFO - Processing file /home/airflow/.local/lib/python3.12/site-packages/airflow/example_dags/example_display_name.py for tasks to queue
[2024-11-19T12:07:39.722+0000] {logging_mixin.py:190} INFO - [2024-11-19T12:07:39.722+0000] {dagbag.py:588} INFO - Filling up the DagBag from /home/airflow/.local/lib/python3.12/site-packages/airflow/example_dags/example_display_name.py
[2024-11-19T12:07:39.729+0000] {processor.py:925} INFO - DAG(s) 'example_display_name' retrieved from /home/airflow/.local/lib/python3.12/site-packages/airflow/example_dags/example_display_name.py
[2024-11-19T12:07:39.749+0000] {logging_mixin.py:190} INFO - [2024-11-19T12:07:39.748+0000] {dag.py:3239} INFO - Sync 1 DAGs
[2024-11-19T12:07:39.765+0000] {logging_mixin.py:190} INFO - [2024-11-19T12:07:39.765+0000] {dag.py:4180} INFO - Setting next_dagrun for example_display_name to None, run_after=None
[2024-11-19T12:07:39.790+0000] {processor.py:208} INFO - Processing /home/airflow/.local/lib/python3.12/site-packages/airflow/example_dags/example_display_name.py took 0.077 seconds
[2024-11-19T12:08:10.187+0000] {processor.py:186} INFO - Started process (PID=601) to work on /home/airflow/.local/lib/python3.12/site-packages/airflow/example_dags/example_display_name.py
[2024-11-19T12:08:10.190+0000] {processor.py:914} INFO - Processing file /home/airflow/.local/lib/python3.12/site-packages/airflow/example_dags/example_display_name.py for tasks to queue
[2024-11-19T12:08:10.192+0000] {logging_mixin.py:190} INFO - [2024-11-19T12:08:10.192+0000] {dagbag.py:588} INFO - Filling up the DagBag from /home/airflow/.local/lib/python3.12/site-packages/airflow/example_dags/example_display_name.py
[2024-11-19T12:08:10.200+0000] {processor.py:925} INFO - DAG(s) 'example_display_name' retrieved from /home/airflow/.local/lib/python3.12/site-packages/airflow/example_dags/example_display_name.py
[2024-11-19T12:08:10.218+0000] {logging_mixin.py:190} INFO - [2024-11-19T12:08:10.218+0000] {dag.py:3239} INFO - Sync 1 DAGs
[2024-11-19T12:08:10.234+0000] {logging_mixin.py:190} INFO - [2024-11-19T12:08:10.234+0000] {dag.py:4180} INFO - Setting next_dagrun for example_display_name to None, run_after=None
[2024-11-19T12:08:10.261+0000] {processor.py:208} INFO - Processing /home/airflow/.local/lib/python3.12/site-packages/airflow/example_dags/example_display_name.py took 0.079 seconds
[2024-11-19T12:08:40.654+0000] {processor.py:186} INFO - Started process (PID=665) to work on /home/airflow/.local/lib/python3.12/site-packages/airflow/example_dags/example_display_name.py
[2024-11-19T12:08:40.655+0000] {processor.py:914} INFO - Processing file /home/airflow/.local/lib/python3.12/site-packages/airflow/example_dags/example_display_name.py for tasks to queue
[2024-11-19T12:08:40.656+0000] {logging_mixin.py:190} INFO - [2024-11-19T12:08:40.656+0000] {dagbag.py:588} INFO - Filling up the DagBag from /home/airflow/.local/lib/python3.12/site-packages/airflow/example_dags/example_display_name.py
[2024-11-19T12:08:40.662+0000] {processor.py:925} INFO - DAG(s) 'example_display_name' retrieved from /home/airflow/.local/lib/python3.12/site-packages/airflow/example_dags/example_display_name.py
[2024-11-19T12:08:40.680+0000] {logging_mixin.py:190} INFO - [2024-11-19T12:08:40.680+0000] {dag.py:3239} INFO - Sync 1 DAGs
[2024-11-19T12:08:40.695+0000] {logging_mixin.py:190} INFO - [2024-11-19T12:08:40.695+0000] {dag.py:4180} INFO - Setting next_dagrun for example_display_name to None, run_after=None
[2024-11-19T12:08:40.720+0000] {processor.py:208} INFO - Processing /home/airflow/.local/lib/python3.12/site-packages/airflow/example_dags/example_display_name.py took 0.070 seconds
[2024-11-19T12:09:14.179+0000] {processor.py:186} INFO - Started process (PID=725) to work on /home/airflow/.local/lib/python3.12/site-packages/airflow/example_dags/example_display_name.py
[2024-11-19T12:09:14.190+0000] {processor.py:914} INFO - Processing file /home/airflow/.local/lib/python3.12/site-packages/airflow/example_dags/example_display_name.py for tasks to queue
[2024-11-19T12:09:14.194+0000] {logging_mixin.py:190} INFO - [2024-11-19T12:09:14.193+0000] {dagbag.py:588} INFO - Filling up the DagBag from /home/airflow/.local/lib/python3.12/site-packages/airflow/example_dags/example_display_name.py
[2024-11-19T12:09:14.204+0000] {processor.py:925} INFO - DAG(s) 'example_display_name' retrieved from /home/airflow/.local/lib/python3.12/site-packages/airflow/example_dags/example_display_name.py
[2024-11-19T12:09:14.224+0000] {logging_mixin.py:190} INFO - [2024-11-19T12:09:14.224+0000] {dag.py:3239} INFO - Sync 1 DAGs
[2024-11-19T12:09:14.240+0000] {logging_mixin.py:190} INFO - [2024-11-19T12:09:14.240+0000] {dag.py:4180} INFO - Setting next_dagrun for example_display_name to None, run_after=None
[2024-11-19T12:09:14.266+0000] {processor.py:208} INFO - Processing /home/airflow/.local/lib/python3.12/site-packages/airflow/example_dags/example_display_name.py took 0.100 seconds
[2024-11-19T12:09:44.842+0000] {processor.py:186} INFO - Started process (PID=795) to work on /home/airflow/.local/lib/python3.12/site-packages/airflow/example_dags/example_display_name.py
[2024-11-19T12:09:44.842+0000] {processor.py:914} INFO - Processing file /home/airflow/.local/lib/python3.12/site-packages/airflow/example_dags/example_display_name.py for tasks to queue
[2024-11-19T12:09:44.846+0000] {logging_mixin.py:190} INFO - [2024-11-19T12:09:44.846+0000] {dagbag.py:588} INFO - Filling up the DagBag from /home/airflow/.local/lib/python3.12/site-packages/airflow/example_dags/example_display_name.py
[2024-11-19T12:09:44.859+0000] {processor.py:925} INFO - DAG(s) 'example_display_name' retrieved from /home/airflow/.local/lib/python3.12/site-packages/airflow/example_dags/example_display_name.py
[2024-11-19T12:09:44.880+0000] {logging_mixin.py:190} INFO - [2024-11-19T12:09:44.879+0000] {dag.py:3239} INFO - Sync 1 DAGs
[2024-11-19T12:09:44.897+0000] {logging_mixin.py:190} INFO - [2024-11-19T12:09:44.896+0000] {dag.py:4180} INFO - Setting next_dagrun for example_display_name to None, run_after=None
[2024-11-19T12:09:44.947+0000] {processor.py:208} INFO - Processing /home/airflow/.local/lib/python3.12/site-packages/airflow/example_dags/example_display_name.py took 0.119 seconds
[2024-11-19T12:10:16.805+0000] {processor.py:186} INFO - Started process (PID=860) to work on /home/airflow/.local/lib/python3.12/site-packages/airflow/example_dags/example_display_name.py
[2024-11-19T12:10:16.806+0000] {processor.py:914} INFO - Processing file /home/airflow/.local/lib/python3.12/site-packages/airflow/example_dags/example_display_name.py for tasks to queue
[2024-11-19T12:10:16.811+0000] {logging_mixin.py:190} INFO - [2024-11-19T12:10:16.810+0000] {dagbag.py:588} INFO - Filling up the DagBag from /home/airflow/.local/lib/python3.12/site-packages/airflow/example_dags/example_display_name.py
[2024-11-19T12:10:16.827+0000] {processor.py:925} INFO - DAG(s) 'example_display_name' retrieved from /home/airflow/.local/lib/python3.12/site-packages/airflow/example_dags/example_display_name.py
[2024-11-19T12:10:16.860+0000] {logging_mixin.py:190} INFO - [2024-11-19T12:10:16.859+0000] {dag.py:3239} INFO - Sync 1 DAGs
[2024-11-19T12:10:16.894+0000] {logging_mixin.py:190} INFO - [2024-11-19T12:10:16.894+0000] {dag.py:4180} INFO - Setting next_dagrun for example_display_name to None, run_after=None
[2024-11-19T12:10:16.926+0000] {processor.py:208} INFO - Processing /home/airflow/.local/lib/python3.12/site-packages/airflow/example_dags/example_display_name.py took 0.142 seconds
[2024-11-19T12:10:47.166+0000] {processor.py:186} INFO - Started process (PID=925) to work on /home/airflow/.local/lib/python3.12/site-packages/airflow/example_dags/example_display_name.py
[2024-11-19T12:10:47.167+0000] {processor.py:914} INFO - Processing file /home/airflow/.local/lib/python3.12/site-packages/airflow/example_dags/example_display_name.py for tasks to queue
[2024-11-19T12:10:47.169+0000] {logging_mixin.py:190} INFO - [2024-11-19T12:10:47.168+0000] {dagbag.py:588} INFO - Filling up the DagBag from /home/airflow/.local/lib/python3.12/site-packages/airflow/example_dags/example_display_name.py
[2024-11-19T12:10:47.175+0000] {processor.py:925} INFO - DAG(s) 'example_display_name' retrieved from /home/airflow/.local/lib/python3.12/site-packages/airflow/example_dags/example_display_name.py
[2024-11-19T12:10:47.194+0000] {logging_mixin.py:190} INFO - [2024-11-19T12:10:47.194+0000] {dag.py:3239} INFO - Sync 1 DAGs
[2024-11-19T12:10:47.209+0000] {logging_mixin.py:190} INFO - [2024-11-19T12:10:47.208+0000] {dag.py:4180} INFO - Setting next_dagrun for example_display_name to None, run_after=None
[2024-11-19T12:10:47.235+0000] {processor.py:208} INFO - Processing /home/airflow/.local/lib/python3.12/site-packages/airflow/example_dags/example_display_name.py took 0.074 seconds
[2024-11-19T12:11:18.256+0000] {processor.py:186} INFO - Started process (PID=992) to work on /home/airflow/.local/lib/python3.12/site-packages/airflow/example_dags/example_display_name.py
[2024-11-19T12:11:18.258+0000] {processor.py:914} INFO - Processing file /home/airflow/.local/lib/python3.12/site-packages/airflow/example_dags/example_display_name.py for tasks to queue
[2024-11-19T12:11:18.259+0000] {logging_mixin.py:190} INFO - [2024-11-19T12:11:18.259+0000] {dagbag.py:588} INFO - Filling up the DagBag from /home/airflow/.local/lib/python3.12/site-packages/airflow/example_dags/example_display_name.py
[2024-11-19T12:11:18.267+0000] {processor.py:925} INFO - DAG(s) 'example_display_name' retrieved from /home/airflow/.local/lib/python3.12/site-packages/airflow/example_dags/example_display_name.py
[2024-11-19T12:11:18.287+0000] {logging_mixin.py:190} INFO - [2024-11-19T12:11:18.286+0000] {dag.py:3239} INFO - Sync 1 DAGs
[2024-11-19T12:11:18.303+0000] {logging_mixin.py:190} INFO - [2024-11-19T12:11:18.303+0000] {dag.py:4180} INFO - Setting next_dagrun for example_display_name to None, run_after=None
[2024-11-19T12:11:18.326+0000] {processor.py:208} INFO - Processing /home/airflow/.local/lib/python3.12/site-packages/airflow/example_dags/example_display_name.py took 0.075 seconds
[2024-11-19T12:11:48.983+0000] {processor.py:186} INFO - Started process (PID=1056) to work on /home/airflow/.local/lib/python3.12/site-packages/airflow/example_dags/example_display_name.py
[2024-11-19T12:11:48.984+0000] {processor.py:914} INFO - Processing file /home/airflow/.local/lib/python3.12/site-packages/airflow/example_dags/example_display_name.py for tasks to queue
[2024-11-19T12:11:48.985+0000] {logging_mixin.py:190} INFO - [2024-11-19T12:11:48.984+0000] {dagbag.py:588} INFO - Filling up the DagBag from /home/airflow/.local/lib/python3.12/site-packages/airflow/example_dags/example_display_name.py
[2024-11-19T12:11:48.992+0000] {processor.py:925} INFO - DAG(s) 'example_display_name' retrieved from /home/airflow/.local/lib/python3.12/site-packages/airflow/example_dags/example_display_name.py
[2024-11-19T12:11:49.029+0000] {logging_mixin.py:190} INFO - [2024-11-19T12:11:49.028+0000] {dag.py:3239} INFO - Sync 1 DAGs
[2024-11-19T12:11:49.045+0000] {logging_mixin.py:190} INFO - [2024-11-19T12:11:49.045+0000] {dag.py:4180} INFO - Setting next_dagrun for example_display_name to None, run_after=None
[2024-11-19T12:11:49.093+0000] {processor.py:208} INFO - Processing /home/airflow/.local/lib/python3.12/site-packages/airflow/example_dags/example_display_name.py took 0.115 seconds
[2024-11-19T12:12:19.774+0000] {processor.py:186} INFO - Started process (PID=1123) to work on /home/airflow/.local/lib/python3.12/site-packages/airflow/example_dags/example_display_name.py
[2024-11-19T12:12:19.775+0000] {processor.py:914} INFO - Processing file /home/airflow/.local/lib/python3.12/site-packages/airflow/example_dags/example_display_name.py for tasks to queue
[2024-11-19T12:12:19.776+0000] {logging_mixin.py:190} INFO - [2024-11-19T12:12:19.776+0000] {dagbag.py:588} INFO - Filling up the DagBag from /home/airflow/.local/lib/python3.12/site-packages/airflow/example_dags/example_display_name.py
[2024-11-19T12:12:19.784+0000] {processor.py:925} INFO - DAG(s) 'example_display_name' retrieved from /home/airflow/.local/lib/python3.12/site-packages/airflow/example_dags/example_display_name.py
[2024-11-19T12:12:19.802+0000] {logging_mixin.py:190} INFO - [2024-11-19T12:12:19.801+0000] {dag.py:3239} INFO - Sync 1 DAGs
[2024-11-19T12:12:19.816+0000] {logging_mixin.py:190} INFO - [2024-11-19T12:12:19.816+0000] {dag.py:4180} INFO - Setting next_dagrun for example_display_name to None, run_after=None
[2024-11-19T12:12:19.846+0000] {processor.py:208} INFO - Processing /home/airflow/.local/lib/python3.12/site-packages/airflow/example_dags/example_display_name.py took 0.077 seconds
[2024-11-19T12:12:49.982+0000] {processor.py:186} INFO - Started process (PID=1187) to work on /home/airflow/.local/lib/python3.12/site-packages/airflow/example_dags/example_display_name.py
[2024-11-19T12:12:49.982+0000] {processor.py:914} INFO - Processing file /home/airflow/.local/lib/python3.12/site-packages/airflow/example_dags/example_display_name.py for tasks to queue
[2024-11-19T12:12:49.983+0000] {logging_mixin.py:190} INFO - [2024-11-19T12:12:49.983+0000] {dagbag.py:588} INFO - Filling up the DagBag from /home/airflow/.local/lib/python3.12/site-packages/airflow/example_dags/example_display_name.py
[2024-11-19T12:12:49.991+0000] {processor.py:925} INFO - DAG(s) 'example_display_name' retrieved from /home/airflow/.local/lib/python3.12/site-packages/airflow/example_dags/example_display_name.py
[2024-11-19T12:12:50.009+0000] {logging_mixin.py:190} INFO - [2024-11-19T12:12:50.009+0000] {dag.py:3239} INFO - Sync 1 DAGs
[2024-11-19T12:12:50.020+0000] {logging_mixin.py:190} INFO - [2024-11-19T12:12:50.020+0000] {dag.py:4180} INFO - Setting next_dagrun for example_display_name to None, run_after=None
[2024-11-19T12:12:50.046+0000] {processor.py:208} INFO - Processing /home/airflow/.local/lib/python3.12/site-packages/airflow/example_dags/example_display_name.py took 0.070 seconds
[2024-11-19T12:13:20.191+0000] {processor.py:186} INFO - Started process (PID=1251) to work on /home/airflow/.local/lib/python3.12/site-packages/airflow/example_dags/example_display_name.py
[2024-11-19T12:13:20.192+0000] {processor.py:914} INFO - Processing file /home/airflow/.local/lib/python3.12/site-packages/airflow/example_dags/example_display_name.py for tasks to queue
[2024-11-19T12:13:20.193+0000] {logging_mixin.py:190} INFO - [2024-11-19T12:13:20.193+0000] {dagbag.py:588} INFO - Filling up the DagBag from /home/airflow/.local/lib/python3.12/site-packages/airflow/example_dags/example_display_name.py
[2024-11-19T12:13:20.201+0000] {processor.py:925} INFO - DAG(s) 'example_display_name' retrieved from /home/airflow/.local/lib/python3.12/site-packages/airflow/example_dags/example_display_name.py
[2024-11-19T12:13:20.219+0000] {logging_mixin.py:190} INFO - [2024-11-19T12:13:20.219+0000] {dag.py:3239} INFO - Sync 1 DAGs
[2024-11-19T12:13:20.236+0000] {logging_mixin.py:190} INFO - [2024-11-19T12:13:20.236+0000] {dag.py:4180} INFO - Setting next_dagrun for example_display_name to None, run_after=None
[2024-11-19T12:13:20.278+0000] {processor.py:208} INFO - Processing /home/airflow/.local/lib/python3.12/site-packages/airflow/example_dags/example_display_name.py took 0.093 seconds
[2024-11-19T12:13:51.002+0000] {processor.py:186} INFO - Started process (PID=1315) to work on /home/airflow/.local/lib/python3.12/site-packages/airflow/example_dags/example_display_name.py
[2024-11-19T12:13:51.003+0000] {processor.py:914} INFO - Processing file /home/airflow/.local/lib/python3.12/site-packages/airflow/example_dags/example_display_name.py for tasks to queue
[2024-11-19T12:13:51.004+0000] {logging_mixin.py:190} INFO - [2024-11-19T12:13:51.004+0000] {dagbag.py:588} INFO - Filling up the DagBag from /home/airflow/.local/lib/python3.12/site-packages/airflow/example_dags/example_display_name.py
[2024-11-19T12:13:51.012+0000] {processor.py:925} INFO - DAG(s) 'example_display_name' retrieved from /home/airflow/.local/lib/python3.12/site-packages/airflow/example_dags/example_display_name.py
[2024-11-19T12:13:51.031+0000] {logging_mixin.py:190} INFO - [2024-11-19T12:13:51.031+0000] {dag.py:3239} INFO - Sync 1 DAGs
[2024-11-19T12:13:51.044+0000] {logging_mixin.py:190} INFO - [2024-11-19T12:13:51.044+0000] {dag.py:4180} INFO - Setting next_dagrun for example_display_name to None, run_after=None
[2024-11-19T12:13:51.066+0000] {processor.py:208} INFO - Processing /home/airflow/.local/lib/python3.12/site-packages/airflow/example_dags/example_display_name.py took 0.070 seconds
[2024-11-19T12:14:22.187+0000] {processor.py:186} INFO - Started process (PID=1380) to work on /home/airflow/.local/lib/python3.12/site-packages/airflow/example_dags/example_display_name.py
[2024-11-19T12:14:22.188+0000] {processor.py:914} INFO - Processing file /home/airflow/.local/lib/python3.12/site-packages/airflow/example_dags/example_display_name.py for tasks to queue
[2024-11-19T12:14:22.189+0000] {logging_mixin.py:190} INFO - [2024-11-19T12:14:22.189+0000] {dagbag.py:588} INFO - Filling up the DagBag from /home/airflow/.local/lib/python3.12/site-packages/airflow/example_dags/example_display_name.py
[2024-11-19T12:14:22.215+0000] {processor.py:925} INFO - DAG(s) 'example_display_name' retrieved from /home/airflow/.local/lib/python3.12/site-packages/airflow/example_dags/example_display_name.py
[2024-11-19T12:14:22.271+0000] {logging_mixin.py:190} INFO - [2024-11-19T12:14:22.271+0000] {dag.py:3239} INFO - Sync 1 DAGs
[2024-11-19T12:14:22.326+0000] {logging_mixin.py:190} INFO - [2024-11-19T12:14:22.326+0000] {dag.py:4180} INFO - Setting next_dagrun for example_display_name to None, run_after=None
[2024-11-19T12:14:22.473+0000] {processor.py:208} INFO - Processing /home/airflow/.local/lib/python3.12/site-packages/airflow/example_dags/example_display_name.py took 0.293 seconds
[2024-11-19T12:14:52.752+0000] {processor.py:186} INFO - Started process (PID=1444) to work on /home/airflow/.local/lib/python3.12/site-packages/airflow/example_dags/example_display_name.py
[2024-11-19T12:14:52.753+0000] {processor.py:914} INFO - Processing file /home/airflow/.local/lib/python3.12/site-packages/airflow/example_dags/example_display_name.py for tasks to queue
[2024-11-19T12:14:52.754+0000] {logging_mixin.py:190} INFO - [2024-11-19T12:14:52.754+0000] {dagbag.py:588} INFO - Filling up the DagBag from /home/airflow/.local/lib/python3.12/site-packages/airflow/example_dags/example_display_name.py
[2024-11-19T12:14:52.762+0000] {processor.py:925} INFO - DAG(s) 'example_display_name' retrieved from /home/airflow/.local/lib/python3.12/site-packages/airflow/example_dags/example_display_name.py
[2024-11-19T12:14:52.781+0000] {logging_mixin.py:190} INFO - [2024-11-19T12:14:52.781+0000] {dag.py:3239} INFO - Sync 1 DAGs
[2024-11-19T12:14:52.796+0000] {logging_mixin.py:190} INFO - [2024-11-19T12:14:52.796+0000] {dag.py:4180} INFO - Setting next_dagrun for example_display_name to None, run_after=None
[2024-11-19T12:14:52.819+0000] {processor.py:208} INFO - Processing /home/airflow/.local/lib/python3.12/site-packages/airflow/example_dags/example_display_name.py took 0.073 seconds
[2024-11-19T12:19:47.242+0000] {processor.py:186} INFO - Started process (PID=80) to work on /home/airflow/.local/lib/python3.12/site-packages/airflow/example_dags/example_display_name.py
[2024-11-19T12:19:47.243+0000] {processor.py:914} INFO - Processing file /home/airflow/.local/lib/python3.12/site-packages/airflow/example_dags/example_display_name.py for tasks to queue
[2024-11-19T12:19:47.257+0000] {logging_mixin.py:190} INFO - [2024-11-19T12:19:47.253+0000] {dagbag.py:588} INFO - Filling up the DagBag from /home/airflow/.local/lib/python3.12/site-packages/airflow/example_dags/example_display_name.py
[2024-11-19T12:19:47.283+0000] {processor.py:925} INFO - DAG(s) 'example_display_name' retrieved from /home/airflow/.local/lib/python3.12/site-packages/airflow/example_dags/example_display_name.py
[2024-11-19T12:19:47.379+0000] {logging_mixin.py:190} INFO - [2024-11-19T12:19:47.379+0000] {dag.py:3239} INFO - Sync 1 DAGs
[2024-11-19T12:19:47.492+0000] {logging_mixin.py:190} INFO - [2024-11-19T12:19:47.491+0000] {dag.py:4180} INFO - Setting next_dagrun for example_display_name to None, run_after=None
[2024-11-19T12:19:47.589+0000] {processor.py:208} INFO - Processing /home/airflow/.local/lib/python3.12/site-packages/airflow/example_dags/example_display_name.py took 0.361 seconds
[2024-11-19T12:20:17.783+0000] {processor.py:186} INFO - Started process (PID=144) to work on /home/airflow/.local/lib/python3.12/site-packages/airflow/example_dags/example_display_name.py
[2024-11-19T12:20:17.784+0000] {processor.py:914} INFO - Processing file /home/airflow/.local/lib/python3.12/site-packages/airflow/example_dags/example_display_name.py for tasks to queue
[2024-11-19T12:20:17.786+0000] {logging_mixin.py:190} INFO - [2024-11-19T12:20:17.785+0000] {dagbag.py:588} INFO - Filling up the DagBag from /home/airflow/.local/lib/python3.12/site-packages/airflow/example_dags/example_display_name.py
[2024-11-19T12:20:17.792+0000] {processor.py:925} INFO - DAG(s) 'example_display_name' retrieved from /home/airflow/.local/lib/python3.12/site-packages/airflow/example_dags/example_display_name.py
[2024-11-19T12:20:17.810+0000] {logging_mixin.py:190} INFO - [2024-11-19T12:20:17.810+0000] {dag.py:3239} INFO - Sync 1 DAGs
[2024-11-19T12:20:17.822+0000] {logging_mixin.py:190} INFO - [2024-11-19T12:20:17.822+0000] {dag.py:4180} INFO - Setting next_dagrun for example_display_name to None, run_after=None
[2024-11-19T12:20:17.844+0000] {processor.py:208} INFO - Processing /home/airflow/.local/lib/python3.12/site-packages/airflow/example_dags/example_display_name.py took 0.065 seconds
[2024-11-19T12:20:48.451+0000] {processor.py:186} INFO - Started process (PID=208) to work on /home/airflow/.local/lib/python3.12/site-packages/airflow/example_dags/example_display_name.py
[2024-11-19T12:20:48.452+0000] {processor.py:914} INFO - Processing file /home/airflow/.local/lib/python3.12/site-packages/airflow/example_dags/example_display_name.py for tasks to queue
[2024-11-19T12:20:48.454+0000] {logging_mixin.py:190} INFO - [2024-11-19T12:20:48.453+0000] {dagbag.py:588} INFO - Filling up the DagBag from /home/airflow/.local/lib/python3.12/site-packages/airflow/example_dags/example_display_name.py
[2024-11-19T12:20:48.461+0000] {processor.py:925} INFO - DAG(s) 'example_display_name' retrieved from /home/airflow/.local/lib/python3.12/site-packages/airflow/example_dags/example_display_name.py
[2024-11-19T12:20:48.479+0000] {logging_mixin.py:190} INFO - [2024-11-19T12:20:48.479+0000] {dag.py:3239} INFO - Sync 1 DAGs
[2024-11-19T12:20:48.494+0000] {logging_mixin.py:190} INFO - [2024-11-19T12:20:48.494+0000] {dag.py:4180} INFO - Setting next_dagrun for example_display_name to None, run_after=None
[2024-11-19T12:20:48.524+0000] {processor.py:208} INFO - Processing /home/airflow/.local/lib/python3.12/site-packages/airflow/example_dags/example_display_name.py took 0.079 seconds
[2024-11-19T12:21:19.272+0000] {processor.py:186} INFO - Started process (PID=273) to work on /home/airflow/.local/lib/python3.12/site-packages/airflow/example_dags/example_display_name.py
[2024-11-19T12:21:19.273+0000] {processor.py:914} INFO - Processing file /home/airflow/.local/lib/python3.12/site-packages/airflow/example_dags/example_display_name.py for tasks to queue
[2024-11-19T12:21:19.275+0000] {logging_mixin.py:190} INFO - [2024-11-19T12:21:19.275+0000] {dagbag.py:588} INFO - Filling up the DagBag from /home/airflow/.local/lib/python3.12/site-packages/airflow/example_dags/example_display_name.py
[2024-11-19T12:21:19.282+0000] {processor.py:925} INFO - DAG(s) 'example_display_name' retrieved from /home/airflow/.local/lib/python3.12/site-packages/airflow/example_dags/example_display_name.py
[2024-11-19T12:21:19.303+0000] {logging_mixin.py:190} INFO - [2024-11-19T12:21:19.302+0000] {dag.py:3239} INFO - Sync 1 DAGs
[2024-11-19T12:21:19.319+0000] {logging_mixin.py:190} INFO - [2024-11-19T12:21:19.318+0000] {dag.py:4180} INFO - Setting next_dagrun for example_display_name to None, run_after=None
[2024-11-19T12:21:19.342+0000] {processor.py:208} INFO - Processing /home/airflow/.local/lib/python3.12/site-packages/airflow/example_dags/example_display_name.py took 0.077 seconds
[2024-11-19T12:21:50.042+0000] {processor.py:186} INFO - Started process (PID=338) to work on /home/airflow/.local/lib/python3.12/site-packages/airflow/example_dags/example_display_name.py
[2024-11-19T12:21:50.051+0000] {processor.py:914} INFO - Processing file /home/airflow/.local/lib/python3.12/site-packages/airflow/example_dags/example_display_name.py for tasks to queue
[2024-11-19T12:21:50.059+0000] {logging_mixin.py:190} INFO - [2024-11-19T12:21:50.058+0000] {dagbag.py:588} INFO - Filling up the DagBag from /home/airflow/.local/lib/python3.12/site-packages/airflow/example_dags/example_display_name.py
[2024-11-19T12:21:50.103+0000] {processor.py:925} INFO - DAG(s) 'example_display_name' retrieved from /home/airflow/.local/lib/python3.12/site-packages/airflow/example_dags/example_display_name.py
[2024-11-19T12:21:50.175+0000] {logging_mixin.py:190} INFO - [2024-11-19T12:21:50.175+0000] {dag.py:3239} INFO - Sync 1 DAGs
[2024-11-19T12:21:50.219+0000] {logging_mixin.py:190} INFO - [2024-11-19T12:21:50.219+0000] {dag.py:4180} INFO - Setting next_dagrun for example_display_name to None, run_after=None
[2024-11-19T12:21:50.274+0000] {processor.py:208} INFO - Processing /home/airflow/.local/lib/python3.12/site-packages/airflow/example_dags/example_display_name.py took 0.251 seconds
[2024-11-19T12:22:20.692+0000] {processor.py:186} INFO - Started process (PID=403) to work on /home/airflow/.local/lib/python3.12/site-packages/airflow/example_dags/example_display_name.py
[2024-11-19T12:22:20.693+0000] {processor.py:914} INFO - Processing file /home/airflow/.local/lib/python3.12/site-packages/airflow/example_dags/example_display_name.py for tasks to queue
[2024-11-19T12:22:20.695+0000] {logging_mixin.py:190} INFO - [2024-11-19T12:22:20.695+0000] {dagbag.py:588} INFO - Filling up the DagBag from /home/airflow/.local/lib/python3.12/site-packages/airflow/example_dags/example_display_name.py
[2024-11-19T12:22:20.703+0000] {processor.py:925} INFO - DAG(s) 'example_display_name' retrieved from /home/airflow/.local/lib/python3.12/site-packages/airflow/example_dags/example_display_name.py
[2024-11-19T12:22:20.720+0000] {logging_mixin.py:190} INFO - [2024-11-19T12:22:20.720+0000] {dag.py:3239} INFO - Sync 1 DAGs
[2024-11-19T12:22:20.737+0000] {logging_mixin.py:190} INFO - [2024-11-19T12:22:20.736+0000] {dag.py:4180} INFO - Setting next_dagrun for example_display_name to None, run_after=None
[2024-11-19T12:22:20.784+0000] {processor.py:208} INFO - Processing /home/airflow/.local/lib/python3.12/site-packages/airflow/example_dags/example_display_name.py took 0.097 seconds
[2024-11-19T12:22:50.849+0000] {processor.py:186} INFO - Started process (PID=467) to work on /home/airflow/.local/lib/python3.12/site-packages/airflow/example_dags/example_display_name.py
[2024-11-19T12:22:50.850+0000] {processor.py:914} INFO - Processing file /home/airflow/.local/lib/python3.12/site-packages/airflow/example_dags/example_display_name.py for tasks to queue
[2024-11-19T12:22:50.853+0000] {logging_mixin.py:190} INFO - [2024-11-19T12:22:50.852+0000] {dagbag.py:588} INFO - Filling up the DagBag from /home/airflow/.local/lib/python3.12/site-packages/airflow/example_dags/example_display_name.py
[2024-11-19T12:22:50.860+0000] {processor.py:925} INFO - DAG(s) 'example_display_name' retrieved from /home/airflow/.local/lib/python3.12/site-packages/airflow/example_dags/example_display_name.py
[2024-11-19T12:22:50.878+0000] {logging_mixin.py:190} INFO - [2024-11-19T12:22:50.878+0000] {dag.py:3239} INFO - Sync 1 DAGs
[2024-11-19T12:22:50.894+0000] {logging_mixin.py:190} INFO - [2024-11-19T12:22:50.894+0000] {dag.py:4180} INFO - Setting next_dagrun for example_display_name to None, run_after=None
[2024-11-19T12:22:50.919+0000] {processor.py:208} INFO - Processing /home/airflow/.local/lib/python3.12/site-packages/airflow/example_dags/example_display_name.py took 0.076 seconds
[2024-11-19T12:23:21.656+0000] {processor.py:186} INFO - Started process (PID=531) to work on /home/airflow/.local/lib/python3.12/site-packages/airflow/example_dags/example_display_name.py
[2024-11-19T12:23:21.657+0000] {processor.py:914} INFO - Processing file /home/airflow/.local/lib/python3.12/site-packages/airflow/example_dags/example_display_name.py for tasks to queue
[2024-11-19T12:23:21.659+0000] {logging_mixin.py:190} INFO - [2024-11-19T12:23:21.659+0000] {dagbag.py:588} INFO - Filling up the DagBag from /home/airflow/.local/lib/python3.12/site-packages/airflow/example_dags/example_display_name.py
[2024-11-19T12:23:21.667+0000] {processor.py:925} INFO - DAG(s) 'example_display_name' retrieved from /home/airflow/.local/lib/python3.12/site-packages/airflow/example_dags/example_display_name.py
[2024-11-19T12:23:21.685+0000] {logging_mixin.py:190} INFO - [2024-11-19T12:23:21.684+0000] {dag.py:3239} INFO - Sync 1 DAGs
[2024-11-19T12:23:21.700+0000] {logging_mixin.py:190} INFO - [2024-11-19T12:23:21.700+0000] {dag.py:4180} INFO - Setting next_dagrun for example_display_name to None, run_after=None
[2024-11-19T12:23:21.729+0000] {processor.py:208} INFO - Processing /home/airflow/.local/lib/python3.12/site-packages/airflow/example_dags/example_display_name.py took 0.078 seconds
[2024-11-19T12:23:51.789+0000] {processor.py:186} INFO - Started process (PID=595) to work on /home/airflow/.local/lib/python3.12/site-packages/airflow/example_dags/example_display_name.py
[2024-11-19T12:23:51.791+0000] {processor.py:914} INFO - Processing file /home/airflow/.local/lib/python3.12/site-packages/airflow/example_dags/example_display_name.py for tasks to queue
[2024-11-19T12:23:51.793+0000] {logging_mixin.py:190} INFO - [2024-11-19T12:23:51.792+0000] {dagbag.py:588} INFO - Filling up the DagBag from /home/airflow/.local/lib/python3.12/site-packages/airflow/example_dags/example_display_name.py
[2024-11-19T12:23:51.800+0000] {processor.py:925} INFO - DAG(s) 'example_display_name' retrieved from /home/airflow/.local/lib/python3.12/site-packages/airflow/example_dags/example_display_name.py
[2024-11-19T12:23:51.819+0000] {logging_mixin.py:190} INFO - [2024-11-19T12:23:51.819+0000] {dag.py:3239} INFO - Sync 1 DAGs
[2024-11-19T12:23:51.835+0000] {logging_mixin.py:190} INFO - [2024-11-19T12:23:51.835+0000] {dag.py:4180} INFO - Setting next_dagrun for example_display_name to None, run_after=None
[2024-11-19T12:23:51.864+0000] {processor.py:208} INFO - Processing /home/airflow/.local/lib/python3.12/site-packages/airflow/example_dags/example_display_name.py took 0.081 seconds
[2024-11-19T12:24:22.299+0000] {processor.py:186} INFO - Started process (PID=660) to work on /home/airflow/.local/lib/python3.12/site-packages/airflow/example_dags/example_display_name.py
[2024-11-19T12:24:22.300+0000] {processor.py:914} INFO - Processing file /home/airflow/.local/lib/python3.12/site-packages/airflow/example_dags/example_display_name.py for tasks to queue
[2024-11-19T12:24:22.302+0000] {logging_mixin.py:190} INFO - [2024-11-19T12:24:22.301+0000] {dagbag.py:588} INFO - Filling up the DagBag from /home/airflow/.local/lib/python3.12/site-packages/airflow/example_dags/example_display_name.py
[2024-11-19T12:24:22.308+0000] {processor.py:925} INFO - DAG(s) 'example_display_name' retrieved from /home/airflow/.local/lib/python3.12/site-packages/airflow/example_dags/example_display_name.py
[2024-11-19T12:24:22.326+0000] {logging_mixin.py:190} INFO - [2024-11-19T12:24:22.326+0000] {dag.py:3239} INFO - Sync 1 DAGs
[2024-11-19T12:24:22.342+0000] {logging_mixin.py:190} INFO - [2024-11-19T12:24:22.341+0000] {dag.py:4180} INFO - Setting next_dagrun for example_display_name to None, run_after=None
[2024-11-19T12:24:22.369+0000] {processor.py:208} INFO - Processing /home/airflow/.local/lib/python3.12/site-packages/airflow/example_dags/example_display_name.py took 0.076 seconds
[2024-11-19T12:24:52.811+0000] {processor.py:186} INFO - Started process (PID=724) to work on /home/airflow/.local/lib/python3.12/site-packages/airflow/example_dags/example_display_name.py
[2024-11-19T12:24:52.811+0000] {processor.py:914} INFO - Processing file /home/airflow/.local/lib/python3.12/site-packages/airflow/example_dags/example_display_name.py for tasks to queue
[2024-11-19T12:24:52.813+0000] {logging_mixin.py:190} INFO - [2024-11-19T12:24:52.813+0000] {dagbag.py:588} INFO - Filling up the DagBag from /home/airflow/.local/lib/python3.12/site-packages/airflow/example_dags/example_display_name.py
[2024-11-19T12:24:52.821+0000] {processor.py:925} INFO - DAG(s) 'example_display_name' retrieved from /home/airflow/.local/lib/python3.12/site-packages/airflow/example_dags/example_display_name.py
[2024-11-19T12:24:52.839+0000] {logging_mixin.py:190} INFO - [2024-11-19T12:24:52.839+0000] {dag.py:3239} INFO - Sync 1 DAGs
[2024-11-19T12:24:52.857+0000] {logging_mixin.py:190} INFO - [2024-11-19T12:24:52.857+0000] {dag.py:4180} INFO - Setting next_dagrun for example_display_name to None, run_after=None
[2024-11-19T12:24:52.883+0000] {processor.py:208} INFO - Processing /home/airflow/.local/lib/python3.12/site-packages/airflow/example_dags/example_display_name.py took 0.078 seconds
[2024-11-19T12:25:23.474+0000] {processor.py:186} INFO - Started process (PID=788) to work on /home/airflow/.local/lib/python3.12/site-packages/airflow/example_dags/example_display_name.py
[2024-11-19T12:25:23.475+0000] {processor.py:914} INFO - Processing file /home/airflow/.local/lib/python3.12/site-packages/airflow/example_dags/example_display_name.py for tasks to queue
[2024-11-19T12:25:23.477+0000] {logging_mixin.py:190} INFO - [2024-11-19T12:25:23.477+0000] {dagbag.py:588} INFO - Filling up the DagBag from /home/airflow/.local/lib/python3.12/site-packages/airflow/example_dags/example_display_name.py
[2024-11-19T12:25:23.492+0000] {processor.py:925} INFO - DAG(s) 'example_display_name' retrieved from /home/airflow/.local/lib/python3.12/site-packages/airflow/example_dags/example_display_name.py
[2024-11-19T12:25:23.526+0000] {logging_mixin.py:190} INFO - [2024-11-19T12:25:23.516+0000] {dag.py:3239} INFO - Sync 1 DAGs
[2024-11-19T12:25:23.542+0000] {logging_mixin.py:190} INFO - [2024-11-19T12:25:23.541+0000] {dag.py:4180} INFO - Setting next_dagrun for example_display_name to None, run_after=None
[2024-11-19T12:25:23.591+0000] {processor.py:208} INFO - Processing /home/airflow/.local/lib/python3.12/site-packages/airflow/example_dags/example_display_name.py took 0.122 seconds
[2024-11-19T12:25:54.281+0000] {processor.py:186} INFO - Started process (PID=853) to work on /home/airflow/.local/lib/python3.12/site-packages/airflow/example_dags/example_display_name.py
[2024-11-19T12:25:54.282+0000] {processor.py:914} INFO - Processing file /home/airflow/.local/lib/python3.12/site-packages/airflow/example_dags/example_display_name.py for tasks to queue
[2024-11-19T12:25:54.287+0000] {logging_mixin.py:190} INFO - [2024-11-19T12:25:54.286+0000] {dagbag.py:588} INFO - Filling up the DagBag from /home/airflow/.local/lib/python3.12/site-packages/airflow/example_dags/example_display_name.py
[2024-11-19T12:25:54.310+0000] {processor.py:925} INFO - DAG(s) 'example_display_name' retrieved from /home/airflow/.local/lib/python3.12/site-packages/airflow/example_dags/example_display_name.py
[2024-11-19T12:25:54.346+0000] {logging_mixin.py:190} INFO - [2024-11-19T12:25:54.346+0000] {dag.py:3239} INFO - Sync 1 DAGs
[2024-11-19T12:25:54.373+0000] {logging_mixin.py:190} INFO - [2024-11-19T12:25:54.373+0000] {dag.py:4180} INFO - Setting next_dagrun for example_display_name to None, run_after=None
[2024-11-19T12:25:54.422+0000] {processor.py:208} INFO - Processing /home/airflow/.local/lib/python3.12/site-packages/airflow/example_dags/example_display_name.py took 0.147 seconds
[2024-11-19T12:26:24.541+0000] {processor.py:186} INFO - Started process (PID=917) to work on /home/airflow/.local/lib/python3.12/site-packages/airflow/example_dags/example_display_name.py
[2024-11-19T12:26:24.542+0000] {processor.py:914} INFO - Processing file /home/airflow/.local/lib/python3.12/site-packages/airflow/example_dags/example_display_name.py for tasks to queue
[2024-11-19T12:26:24.544+0000] {logging_mixin.py:190} INFO - [2024-11-19T12:26:24.543+0000] {dagbag.py:588} INFO - Filling up the DagBag from /home/airflow/.local/lib/python3.12/site-packages/airflow/example_dags/example_display_name.py
[2024-11-19T12:26:24.551+0000] {processor.py:925} INFO - DAG(s) 'example_display_name' retrieved from /home/airflow/.local/lib/python3.12/site-packages/airflow/example_dags/example_display_name.py
[2024-11-19T12:26:24.569+0000] {logging_mixin.py:190} INFO - [2024-11-19T12:26:24.568+0000] {dag.py:3239} INFO - Sync 1 DAGs
[2024-11-19T12:26:24.585+0000] {logging_mixin.py:190} INFO - [2024-11-19T12:26:24.584+0000] {dag.py:4180} INFO - Setting next_dagrun for example_display_name to None, run_after=None
[2024-11-19T12:26:24.611+0000] {processor.py:208} INFO - Processing /home/airflow/.local/lib/python3.12/site-packages/airflow/example_dags/example_display_name.py took 0.078 seconds
[2024-11-19T12:26:55.557+0000] {processor.py:186} INFO - Started process (PID=981) to work on /home/airflow/.local/lib/python3.12/site-packages/airflow/example_dags/example_display_name.py
[2024-11-19T12:26:55.558+0000] {processor.py:914} INFO - Processing file /home/airflow/.local/lib/python3.12/site-packages/airflow/example_dags/example_display_name.py for tasks to queue
[2024-11-19T12:26:55.559+0000] {logging_mixin.py:190} INFO - [2024-11-19T12:26:55.558+0000] {dagbag.py:588} INFO - Filling up the DagBag from /home/airflow/.local/lib/python3.12/site-packages/airflow/example_dags/example_display_name.py
[2024-11-19T12:26:55.566+0000] {processor.py:925} INFO - DAG(s) 'example_display_name' retrieved from /home/airflow/.local/lib/python3.12/site-packages/airflow/example_dags/example_display_name.py
[2024-11-19T12:26:55.585+0000] {logging_mixin.py:190} INFO - [2024-11-19T12:26:55.584+0000] {dag.py:3239} INFO - Sync 1 DAGs
[2024-11-19T12:26:55.603+0000] {logging_mixin.py:190} INFO - [2024-11-19T12:26:55.603+0000] {dag.py:4180} INFO - Setting next_dagrun for example_display_name to None, run_after=None
[2024-11-19T12:26:55.629+0000] {processor.py:208} INFO - Processing /home/airflow/.local/lib/python3.12/site-packages/airflow/example_dags/example_display_name.py took 0.081 seconds
[2024-11-19T12:27:26.352+0000] {processor.py:186} INFO - Started process (PID=1045) to work on /home/airflow/.local/lib/python3.12/site-packages/airflow/example_dags/example_display_name.py
[2024-11-19T12:27:26.353+0000] {processor.py:914} INFO - Processing file /home/airflow/.local/lib/python3.12/site-packages/airflow/example_dags/example_display_name.py for tasks to queue
[2024-11-19T12:27:26.354+0000] {logging_mixin.py:190} INFO - [2024-11-19T12:27:26.354+0000] {dagbag.py:588} INFO - Filling up the DagBag from /home/airflow/.local/lib/python3.12/site-packages/airflow/example_dags/example_display_name.py
[2024-11-19T12:27:26.360+0000] {processor.py:925} INFO - DAG(s) 'example_display_name' retrieved from /home/airflow/.local/lib/python3.12/site-packages/airflow/example_dags/example_display_name.py
[2024-11-19T12:27:26.378+0000] {logging_mixin.py:190} INFO - [2024-11-19T12:27:26.378+0000] {dag.py:3239} INFO - Sync 1 DAGs
[2024-11-19T12:27:26.394+0000] {logging_mixin.py:190} INFO - [2024-11-19T12:27:26.393+0000] {dag.py:4180} INFO - Setting next_dagrun for example_display_name to None, run_after=None
[2024-11-19T12:27:26.418+0000] {processor.py:208} INFO - Processing /home/airflow/.local/lib/python3.12/site-packages/airflow/example_dags/example_display_name.py took 0.072 seconds
