[2024-11-19T12:03:56.545+0000] {processor.py:186} INFO - Started process (PID=68) to work on /home/airflow/.local/lib/python3.12/site-packages/airflow/example_dags/example_params_ui_tutorial.py
[2024-11-19T12:03:56.555+0000] {processor.py:914} INFO - Processing file /home/airflow/.local/lib/python3.12/site-packages/airflow/example_dags/example_params_ui_tutorial.py for tasks to queue
[2024-11-19T12:03:56.593+0000] {logging_mixin.py:190} INFO - [2024-11-19T12:03:56.592+0000] {dagbag.py:588} INFO - Filling up the DagBag from /home/airflow/.local/lib/python3.12/site-packages/airflow/example_dags/example_params_ui_tutorial.py
[2024-11-19T12:03:56.712+0000] {processor.py:925} INFO - DAG(s) 'example_params_ui_tutorial' retrieved from /home/airflow/.local/lib/python3.12/site-packages/airflow/example_dags/example_params_ui_tutorial.py
[2024-11-19T12:03:57.794+0000] {logging_mixin.py:190} INFO - [2024-11-19T12:03:57.792+0000] {dag.py:3239} INFO - Sync 1 DAGs
[2024-11-19T12:03:57.849+0000] {logging_mixin.py:190} INFO - [2024-11-19T12:03:57.849+0000] {dag.py:4180} INFO - Setting next_dagrun for example_params_ui_tutorial to None, run_after=None
[2024-11-19T12:03:57.959+0000] {processor.py:208} INFO - Processing /home/airflow/.local/lib/python3.12/site-packages/airflow/example_dags/example_params_ui_tutorial.py took 1.459 seconds
[2024-11-19T12:04:28.268+0000] {processor.py:186} INFO - Started process (PID=132) to work on /home/airflow/.local/lib/python3.12/site-packages/airflow/example_dags/example_params_ui_tutorial.py
[2024-11-19T12:04:28.275+0000] {processor.py:914} INFO - Processing file /home/airflow/.local/lib/python3.12/site-packages/airflow/example_dags/example_params_ui_tutorial.py for tasks to queue
[2024-11-19T12:04:28.277+0000] {logging_mixin.py:190} INFO - [2024-11-19T12:04:28.277+0000] {dagbag.py:588} INFO - Filling up the DagBag from /home/airflow/.local/lib/python3.12/site-packages/airflow/example_dags/example_params_ui_tutorial.py
[2024-11-19T12:04:28.320+0000] {processor.py:925} INFO - DAG(s) 'example_params_ui_tutorial' retrieved from /home/airflow/.local/lib/python3.12/site-packages/airflow/example_dags/example_params_ui_tutorial.py
[2024-11-19T12:04:28.387+0000] {logging_mixin.py:190} INFO - [2024-11-19T12:04:28.387+0000] {dag.py:3239} INFO - Sync 1 DAGs
[2024-11-19T12:04:28.418+0000] {logging_mixin.py:190} INFO - [2024-11-19T12:04:28.417+0000] {dag.py:4180} INFO - Setting next_dagrun for example_params_ui_tutorial to None, run_after=None
[2024-11-19T12:04:28.450+0000] {processor.py:208} INFO - Processing /home/airflow/.local/lib/python3.12/site-packages/airflow/example_dags/example_params_ui_tutorial.py took 0.194 seconds
[2024-11-19T12:04:58.613+0000] {processor.py:186} INFO - Started process (PID=196) to work on /home/airflow/.local/lib/python3.12/site-packages/airflow/example_dags/example_params_ui_tutorial.py
[2024-11-19T12:04:58.623+0000] {processor.py:914} INFO - Processing file /home/airflow/.local/lib/python3.12/site-packages/airflow/example_dags/example_params_ui_tutorial.py for tasks to queue
[2024-11-19T12:04:58.626+0000] {logging_mixin.py:190} INFO - [2024-11-19T12:04:58.625+0000] {dagbag.py:588} INFO - Filling up the DagBag from /home/airflow/.local/lib/python3.12/site-packages/airflow/example_dags/example_params_ui_tutorial.py
[2024-11-19T12:04:58.662+0000] {processor.py:925} INFO - DAG(s) 'example_params_ui_tutorial' retrieved from /home/airflow/.local/lib/python3.12/site-packages/airflow/example_dags/example_params_ui_tutorial.py
[2024-11-19T12:04:58.847+0000] {logging_mixin.py:190} INFO - [2024-11-19T12:04:58.846+0000] {dag.py:3239} INFO - Sync 1 DAGs
[2024-11-19T12:04:58.913+0000] {logging_mixin.py:190} INFO - [2024-11-19T12:04:58.913+0000] {dag.py:4180} INFO - Setting next_dagrun for example_params_ui_tutorial to None, run_after=None
[2024-11-19T12:04:59.928+0000] {processor.py:208} INFO - Processing /home/airflow/.local/lib/python3.12/site-packages/airflow/example_dags/example_params_ui_tutorial.py took 1.357 seconds
[2024-11-19T12:05:30.453+0000] {processor.py:186} INFO - Started process (PID=260) to work on /home/airflow/.local/lib/python3.12/site-packages/airflow/example_dags/example_params_ui_tutorial.py
[2024-11-19T12:05:30.454+0000] {processor.py:914} INFO - Processing file /home/airflow/.local/lib/python3.12/site-packages/airflow/example_dags/example_params_ui_tutorial.py for tasks to queue
[2024-11-19T12:05:30.456+0000] {logging_mixin.py:190} INFO - [2024-11-19T12:05:30.456+0000] {dagbag.py:588} INFO - Filling up the DagBag from /home/airflow/.local/lib/python3.12/site-packages/airflow/example_dags/example_params_ui_tutorial.py
[2024-11-19T12:05:30.471+0000] {processor.py:925} INFO - DAG(s) 'example_params_ui_tutorial' retrieved from /home/airflow/.local/lib/python3.12/site-packages/airflow/example_dags/example_params_ui_tutorial.py
[2024-11-19T12:05:30.515+0000] {logging_mixin.py:190} INFO - [2024-11-19T12:05:30.515+0000] {dag.py:3239} INFO - Sync 1 DAGs
[2024-11-19T12:05:30.531+0000] {logging_mixin.py:190} INFO - [2024-11-19T12:05:30.531+0000] {dag.py:4180} INFO - Setting next_dagrun for example_params_ui_tutorial to None, run_after=None
[2024-11-19T12:05:30.578+0000] {processor.py:208} INFO - Processing /home/airflow/.local/lib/python3.12/site-packages/airflow/example_dags/example_params_ui_tutorial.py took 0.131 seconds
[2024-11-19T12:06:00.990+0000] {processor.py:186} INFO - Started process (PID=325) to work on /home/airflow/.local/lib/python3.12/site-packages/airflow/example_dags/example_params_ui_tutorial.py
[2024-11-19T12:06:00.991+0000] {processor.py:914} INFO - Processing file /home/airflow/.local/lib/python3.12/site-packages/airflow/example_dags/example_params_ui_tutorial.py for tasks to queue
[2024-11-19T12:06:00.993+0000] {logging_mixin.py:190} INFO - [2024-11-19T12:06:00.993+0000] {dagbag.py:588} INFO - Filling up the DagBag from /home/airflow/.local/lib/python3.12/site-packages/airflow/example_dags/example_params_ui_tutorial.py
[2024-11-19T12:06:01.002+0000] {processor.py:925} INFO - DAG(s) 'example_params_ui_tutorial' retrieved from /home/airflow/.local/lib/python3.12/site-packages/airflow/example_dags/example_params_ui_tutorial.py
[2024-11-19T12:06:01.053+0000] {logging_mixin.py:190} INFO - [2024-11-19T12:06:01.053+0000] {dag.py:3239} INFO - Sync 1 DAGs
[2024-11-19T12:06:01.063+0000] {logging_mixin.py:190} INFO - [2024-11-19T12:06:01.063+0000] {dag.py:4180} INFO - Setting next_dagrun for example_params_ui_tutorial to None, run_after=None
[2024-11-19T12:06:01.086+0000] {processor.py:208} INFO - Processing /home/airflow/.local/lib/python3.12/site-packages/airflow/example_dags/example_params_ui_tutorial.py took 0.101 seconds
[2024-11-19T12:06:31.132+0000] {processor.py:186} INFO - Started process (PID=390) to work on /home/airflow/.local/lib/python3.12/site-packages/airflow/example_dags/example_params_ui_tutorial.py
[2024-11-19T12:06:31.132+0000] {processor.py:914} INFO - Processing file /home/airflow/.local/lib/python3.12/site-packages/airflow/example_dags/example_params_ui_tutorial.py for tasks to queue
[2024-11-19T12:06:31.135+0000] {logging_mixin.py:190} INFO - [2024-11-19T12:06:31.135+0000] {dagbag.py:588} INFO - Filling up the DagBag from /home/airflow/.local/lib/python3.12/site-packages/airflow/example_dags/example_params_ui_tutorial.py
[2024-11-19T12:06:31.145+0000] {processor.py:925} INFO - DAG(s) 'example_params_ui_tutorial' retrieved from /home/airflow/.local/lib/python3.12/site-packages/airflow/example_dags/example_params_ui_tutorial.py
[2024-11-19T12:06:31.189+0000] {logging_mixin.py:190} INFO - [2024-11-19T12:06:31.188+0000] {dag.py:3239} INFO - Sync 1 DAGs
[2024-11-19T12:06:31.203+0000] {logging_mixin.py:190} INFO - [2024-11-19T12:06:31.203+0000] {dag.py:4180} INFO - Setting next_dagrun for example_params_ui_tutorial to None, run_after=None
[2024-11-19T12:06:31.227+0000] {processor.py:208} INFO - Processing /home/airflow/.local/lib/python3.12/site-packages/airflow/example_dags/example_params_ui_tutorial.py took 0.101 seconds
[2024-11-19T12:07:01.422+0000] {processor.py:186} INFO - Started process (PID=454) to work on /home/airflow/.local/lib/python3.12/site-packages/airflow/example_dags/example_params_ui_tutorial.py
[2024-11-19T12:07:01.423+0000] {processor.py:914} INFO - Processing file /home/airflow/.local/lib/python3.12/site-packages/airflow/example_dags/example_params_ui_tutorial.py for tasks to queue
[2024-11-19T12:07:01.425+0000] {logging_mixin.py:190} INFO - [2024-11-19T12:07:01.425+0000] {dagbag.py:588} INFO - Filling up the DagBag from /home/airflow/.local/lib/python3.12/site-packages/airflow/example_dags/example_params_ui_tutorial.py
[2024-11-19T12:07:01.435+0000] {processor.py:925} INFO - DAG(s) 'example_params_ui_tutorial' retrieved from /home/airflow/.local/lib/python3.12/site-packages/airflow/example_dags/example_params_ui_tutorial.py
[2024-11-19T12:07:01.482+0000] {logging_mixin.py:190} INFO - [2024-11-19T12:07:01.482+0000] {dag.py:3239} INFO - Sync 1 DAGs
[2024-11-19T12:07:01.496+0000] {logging_mixin.py:190} INFO - [2024-11-19T12:07:01.496+0000] {dag.py:4180} INFO - Setting next_dagrun for example_params_ui_tutorial to None, run_after=None
[2024-11-19T12:07:01.519+0000] {processor.py:208} INFO - Processing /home/airflow/.local/lib/python3.12/site-packages/airflow/example_dags/example_params_ui_tutorial.py took 0.104 seconds
[2024-11-19T12:07:31.922+0000] {processor.py:186} INFO - Started process (PID=519) to work on /home/airflow/.local/lib/python3.12/site-packages/airflow/example_dags/example_params_ui_tutorial.py
[2024-11-19T12:07:31.923+0000] {processor.py:914} INFO - Processing file /home/airflow/.local/lib/python3.12/site-packages/airflow/example_dags/example_params_ui_tutorial.py for tasks to queue
[2024-11-19T12:07:31.925+0000] {logging_mixin.py:190} INFO - [2024-11-19T12:07:31.924+0000] {dagbag.py:588} INFO - Filling up the DagBag from /home/airflow/.local/lib/python3.12/site-packages/airflow/example_dags/example_params_ui_tutorial.py
[2024-11-19T12:07:31.935+0000] {processor.py:925} INFO - DAG(s) 'example_params_ui_tutorial' retrieved from /home/airflow/.local/lib/python3.12/site-packages/airflow/example_dags/example_params_ui_tutorial.py
[2024-11-19T12:07:31.990+0000] {logging_mixin.py:190} INFO - [2024-11-19T12:07:31.990+0000] {dag.py:3239} INFO - Sync 1 DAGs
[2024-11-19T12:07:32.008+0000] {logging_mixin.py:190} INFO - [2024-11-19T12:07:32.007+0000] {dag.py:4180} INFO - Setting next_dagrun for example_params_ui_tutorial to None, run_after=None
[2024-11-19T12:07:32.061+0000] {processor.py:208} INFO - Processing /home/airflow/.local/lib/python3.12/site-packages/airflow/example_dags/example_params_ui_tutorial.py took 0.144 seconds
[2024-11-19T12:08:02.717+0000] {processor.py:186} INFO - Started process (PID=583) to work on /home/airflow/.local/lib/python3.12/site-packages/airflow/example_dags/example_params_ui_tutorial.py
[2024-11-19T12:08:02.721+0000] {processor.py:914} INFO - Processing file /home/airflow/.local/lib/python3.12/site-packages/airflow/example_dags/example_params_ui_tutorial.py for tasks to queue
[2024-11-19T12:08:02.723+0000] {logging_mixin.py:190} INFO - [2024-11-19T12:08:02.723+0000] {dagbag.py:588} INFO - Filling up the DagBag from /home/airflow/.local/lib/python3.12/site-packages/airflow/example_dags/example_params_ui_tutorial.py
[2024-11-19T12:08:02.734+0000] {processor.py:925} INFO - DAG(s) 'example_params_ui_tutorial' retrieved from /home/airflow/.local/lib/python3.12/site-packages/airflow/example_dags/example_params_ui_tutorial.py
[2024-11-19T12:08:02.820+0000] {logging_mixin.py:190} INFO - [2024-11-19T12:08:02.820+0000] {dag.py:3239} INFO - Sync 1 DAGs
[2024-11-19T12:08:02.856+0000] {logging_mixin.py:190} INFO - [2024-11-19T12:08:02.856+0000] {dag.py:4180} INFO - Setting next_dagrun for example_params_ui_tutorial to None, run_after=None
[2024-11-19T12:08:02.906+0000] {processor.py:208} INFO - Processing /home/airflow/.local/lib/python3.12/site-packages/airflow/example_dags/example_params_ui_tutorial.py took 0.203 seconds
[2024-11-19T12:08:33.732+0000] {processor.py:186} INFO - Started process (PID=639) to work on /home/airflow/.local/lib/python3.12/site-packages/airflow/example_dags/example_params_ui_tutorial.py
[2024-11-19T12:08:33.744+0000] {processor.py:914} INFO - Processing file /home/airflow/.local/lib/python3.12/site-packages/airflow/example_dags/example_params_ui_tutorial.py for tasks to queue
[2024-11-19T12:08:33.751+0000] {logging_mixin.py:190} INFO - [2024-11-19T12:08:33.750+0000] {dagbag.py:588} INFO - Filling up the DagBag from /home/airflow/.local/lib/python3.12/site-packages/airflow/example_dags/example_params_ui_tutorial.py
[2024-11-19T12:08:33.779+0000] {processor.py:925} INFO - DAG(s) 'example_params_ui_tutorial' retrieved from /home/airflow/.local/lib/python3.12/site-packages/airflow/example_dags/example_params_ui_tutorial.py
[2024-11-19T12:08:33.941+0000] {logging_mixin.py:190} INFO - [2024-11-19T12:08:33.940+0000] {dag.py:3239} INFO - Sync 1 DAGs
[2024-11-19T12:08:33.980+0000] {logging_mixin.py:190} INFO - [2024-11-19T12:08:33.980+0000] {dag.py:4180} INFO - Setting next_dagrun for example_params_ui_tutorial to None, run_after=None
[2024-11-19T12:08:34.033+0000] {processor.py:208} INFO - Processing /home/airflow/.local/lib/python3.12/site-packages/airflow/example_dags/example_params_ui_tutorial.py took 0.335 seconds
[2024-11-19T12:09:04.115+0000] {processor.py:186} INFO - Started process (PID=704) to work on /home/airflow/.local/lib/python3.12/site-packages/airflow/example_dags/example_params_ui_tutorial.py
[2024-11-19T12:09:04.116+0000] {processor.py:914} INFO - Processing file /home/airflow/.local/lib/python3.12/site-packages/airflow/example_dags/example_params_ui_tutorial.py for tasks to queue
[2024-11-19T12:09:04.127+0000] {logging_mixin.py:190} INFO - [2024-11-19T12:09:04.126+0000] {dagbag.py:588} INFO - Filling up the DagBag from /home/airflow/.local/lib/python3.12/site-packages/airflow/example_dags/example_params_ui_tutorial.py
[2024-11-19T12:09:04.150+0000] {processor.py:925} INFO - DAG(s) 'example_params_ui_tutorial' retrieved from /home/airflow/.local/lib/python3.12/site-packages/airflow/example_dags/example_params_ui_tutorial.py
[2024-11-19T12:09:04.226+0000] {logging_mixin.py:190} INFO - [2024-11-19T12:09:04.226+0000] {dag.py:3239} INFO - Sync 1 DAGs
[2024-11-19T12:09:04.246+0000] {logging_mixin.py:190} INFO - [2024-11-19T12:09:04.246+0000] {dag.py:4180} INFO - Setting next_dagrun for example_params_ui_tutorial to None, run_after=None
[2024-11-19T12:09:04.272+0000] {processor.py:208} INFO - Processing /home/airflow/.local/lib/python3.12/site-packages/airflow/example_dags/example_params_ui_tutorial.py took 0.163 seconds
[2024-11-19T12:09:34.632+0000] {processor.py:186} INFO - Started process (PID=774) to work on /home/airflow/.local/lib/python3.12/site-packages/airflow/example_dags/example_params_ui_tutorial.py
[2024-11-19T12:09:34.633+0000] {processor.py:914} INFO - Processing file /home/airflow/.local/lib/python3.12/site-packages/airflow/example_dags/example_params_ui_tutorial.py for tasks to queue
[2024-11-19T12:09:34.635+0000] {logging_mixin.py:190} INFO - [2024-11-19T12:09:34.634+0000] {dagbag.py:588} INFO - Filling up the DagBag from /home/airflow/.local/lib/python3.12/site-packages/airflow/example_dags/example_params_ui_tutorial.py
[2024-11-19T12:09:34.644+0000] {processor.py:925} INFO - DAG(s) 'example_params_ui_tutorial' retrieved from /home/airflow/.local/lib/python3.12/site-packages/airflow/example_dags/example_params_ui_tutorial.py
[2024-11-19T12:09:34.700+0000] {logging_mixin.py:190} INFO - [2024-11-19T12:09:34.700+0000] {dag.py:3239} INFO - Sync 1 DAGs
[2024-11-19T12:09:34.714+0000] {logging_mixin.py:190} INFO - [2024-11-19T12:09:34.714+0000] {dag.py:4180} INFO - Setting next_dagrun for example_params_ui_tutorial to None, run_after=None
[2024-11-19T12:09:34.735+0000] {processor.py:208} INFO - Processing /home/airflow/.local/lib/python3.12/site-packages/airflow/example_dags/example_params_ui_tutorial.py took 0.109 seconds
[2024-11-19T12:10:05.011+0000] {processor.py:186} INFO - Started process (PID=836) to work on /home/airflow/.local/lib/python3.12/site-packages/airflow/example_dags/example_params_ui_tutorial.py
[2024-11-19T12:10:05.012+0000] {processor.py:914} INFO - Processing file /home/airflow/.local/lib/python3.12/site-packages/airflow/example_dags/example_params_ui_tutorial.py for tasks to queue
[2024-11-19T12:10:05.014+0000] {logging_mixin.py:190} INFO - [2024-11-19T12:10:05.014+0000] {dagbag.py:588} INFO - Filling up the DagBag from /home/airflow/.local/lib/python3.12/site-packages/airflow/example_dags/example_params_ui_tutorial.py
[2024-11-19T12:10:05.024+0000] {processor.py:925} INFO - DAG(s) 'example_params_ui_tutorial' retrieved from /home/airflow/.local/lib/python3.12/site-packages/airflow/example_dags/example_params_ui_tutorial.py
[2024-11-19T12:10:05.085+0000] {logging_mixin.py:190} INFO - [2024-11-19T12:10:05.084+0000] {dag.py:3239} INFO - Sync 1 DAGs
[2024-11-19T12:10:05.097+0000] {logging_mixin.py:190} INFO - [2024-11-19T12:10:05.097+0000] {dag.py:4180} INFO - Setting next_dagrun for example_params_ui_tutorial to None, run_after=None
[2024-11-19T12:10:05.121+0000] {processor.py:208} INFO - Processing /home/airflow/.local/lib/python3.12/site-packages/airflow/example_dags/example_params_ui_tutorial.py took 0.116 seconds
[2024-11-19T12:10:35.775+0000] {processor.py:186} INFO - Started process (PID=900) to work on /home/airflow/.local/lib/python3.12/site-packages/airflow/example_dags/example_params_ui_tutorial.py
[2024-11-19T12:10:35.776+0000] {processor.py:914} INFO - Processing file /home/airflow/.local/lib/python3.12/site-packages/airflow/example_dags/example_params_ui_tutorial.py for tasks to queue
[2024-11-19T12:10:35.779+0000] {logging_mixin.py:190} INFO - [2024-11-19T12:10:35.778+0000] {dagbag.py:588} INFO - Filling up the DagBag from /home/airflow/.local/lib/python3.12/site-packages/airflow/example_dags/example_params_ui_tutorial.py
[2024-11-19T12:10:35.789+0000] {processor.py:925} INFO - DAG(s) 'example_params_ui_tutorial' retrieved from /home/airflow/.local/lib/python3.12/site-packages/airflow/example_dags/example_params_ui_tutorial.py
[2024-11-19T12:10:35.882+0000] {logging_mixin.py:190} INFO - [2024-11-19T12:10:35.882+0000] {dag.py:3239} INFO - Sync 1 DAGs
[2024-11-19T12:10:35.918+0000] {logging_mixin.py:190} INFO - [2024-11-19T12:10:35.918+0000] {dag.py:4180} INFO - Setting next_dagrun for example_params_ui_tutorial to None, run_after=None
[2024-11-19T12:10:35.945+0000] {processor.py:208} INFO - Processing /home/airflow/.local/lib/python3.12/site-packages/airflow/example_dags/example_params_ui_tutorial.py took 0.191 seconds
[2024-11-19T12:11:06.947+0000] {processor.py:186} INFO - Started process (PID=966) to work on /home/airflow/.local/lib/python3.12/site-packages/airflow/example_dags/example_params_ui_tutorial.py
[2024-11-19T12:11:06.947+0000] {processor.py:914} INFO - Processing file /home/airflow/.local/lib/python3.12/site-packages/airflow/example_dags/example_params_ui_tutorial.py for tasks to queue
[2024-11-19T12:11:06.949+0000] {logging_mixin.py:190} INFO - [2024-11-19T12:11:06.948+0000] {dagbag.py:588} INFO - Filling up the DagBag from /home/airflow/.local/lib/python3.12/site-packages/airflow/example_dags/example_params_ui_tutorial.py
[2024-11-19T12:11:06.958+0000] {processor.py:925} INFO - DAG(s) 'example_params_ui_tutorial' retrieved from /home/airflow/.local/lib/python3.12/site-packages/airflow/example_dags/example_params_ui_tutorial.py
[2024-11-19T12:11:07.008+0000] {logging_mixin.py:190} INFO - [2024-11-19T12:11:07.008+0000] {dag.py:3239} INFO - Sync 1 DAGs
[2024-11-19T12:11:07.023+0000] {logging_mixin.py:190} INFO - [2024-11-19T12:11:07.023+0000] {dag.py:4180} INFO - Setting next_dagrun for example_params_ui_tutorial to None, run_after=None
[2024-11-19T12:11:07.050+0000] {processor.py:208} INFO - Processing /home/airflow/.local/lib/python3.12/site-packages/airflow/example_dags/example_params_ui_tutorial.py took 0.109 seconds
[2024-11-19T12:11:37.361+0000] {processor.py:186} INFO - Started process (PID=1031) to work on /home/airflow/.local/lib/python3.12/site-packages/airflow/example_dags/example_params_ui_tutorial.py
[2024-11-19T12:11:37.362+0000] {processor.py:914} INFO - Processing file /home/airflow/.local/lib/python3.12/site-packages/airflow/example_dags/example_params_ui_tutorial.py for tasks to queue
[2024-11-19T12:11:37.364+0000] {logging_mixin.py:190} INFO - [2024-11-19T12:11:37.363+0000] {dagbag.py:588} INFO - Filling up the DagBag from /home/airflow/.local/lib/python3.12/site-packages/airflow/example_dags/example_params_ui_tutorial.py
[2024-11-19T12:11:37.373+0000] {processor.py:925} INFO - DAG(s) 'example_params_ui_tutorial' retrieved from /home/airflow/.local/lib/python3.12/site-packages/airflow/example_dags/example_params_ui_tutorial.py
[2024-11-19T12:11:37.424+0000] {logging_mixin.py:190} INFO - [2024-11-19T12:11:37.424+0000] {dag.py:3239} INFO - Sync 1 DAGs
[2024-11-19T12:11:37.439+0000] {logging_mixin.py:190} INFO - [2024-11-19T12:11:37.439+0000] {dag.py:4180} INFO - Setting next_dagrun for example_params_ui_tutorial to None, run_after=None
[2024-11-19T12:11:37.464+0000] {processor.py:208} INFO - Processing /home/airflow/.local/lib/python3.12/site-packages/airflow/example_dags/example_params_ui_tutorial.py took 0.109 seconds
[2024-11-19T12:12:07.669+0000] {processor.py:186} INFO - Started process (PID=1095) to work on /home/airflow/.local/lib/python3.12/site-packages/airflow/example_dags/example_params_ui_tutorial.py
[2024-11-19T12:12:07.670+0000] {processor.py:914} INFO - Processing file /home/airflow/.local/lib/python3.12/site-packages/airflow/example_dags/example_params_ui_tutorial.py for tasks to queue
[2024-11-19T12:12:07.671+0000] {logging_mixin.py:190} INFO - [2024-11-19T12:12:07.670+0000] {dagbag.py:588} INFO - Filling up the DagBag from /home/airflow/.local/lib/python3.12/site-packages/airflow/example_dags/example_params_ui_tutorial.py
[2024-11-19T12:12:07.680+0000] {processor.py:925} INFO - DAG(s) 'example_params_ui_tutorial' retrieved from /home/airflow/.local/lib/python3.12/site-packages/airflow/example_dags/example_params_ui_tutorial.py
[2024-11-19T12:12:07.735+0000] {logging_mixin.py:190} INFO - [2024-11-19T12:12:07.734+0000] {dag.py:3239} INFO - Sync 1 DAGs
[2024-11-19T12:12:07.750+0000] {logging_mixin.py:190} INFO - [2024-11-19T12:12:07.750+0000] {dag.py:4180} INFO - Setting next_dagrun for example_params_ui_tutorial to None, run_after=None
[2024-11-19T12:12:07.774+0000] {processor.py:208} INFO - Processing /home/airflow/.local/lib/python3.12/site-packages/airflow/example_dags/example_params_ui_tutorial.py took 0.111 seconds
[2024-11-19T12:12:37.909+0000] {processor.py:186} INFO - Started process (PID=1164) to work on /home/airflow/.local/lib/python3.12/site-packages/airflow/example_dags/example_params_ui_tutorial.py
[2024-11-19T12:12:37.910+0000] {processor.py:914} INFO - Processing file /home/airflow/.local/lib/python3.12/site-packages/airflow/example_dags/example_params_ui_tutorial.py for tasks to queue
[2024-11-19T12:12:37.912+0000] {logging_mixin.py:190} INFO - [2024-11-19T12:12:37.911+0000] {dagbag.py:588} INFO - Filling up the DagBag from /home/airflow/.local/lib/python3.12/site-packages/airflow/example_dags/example_params_ui_tutorial.py
[2024-11-19T12:12:37.921+0000] {processor.py:925} INFO - DAG(s) 'example_params_ui_tutorial' retrieved from /home/airflow/.local/lib/python3.12/site-packages/airflow/example_dags/example_params_ui_tutorial.py
[2024-11-19T12:12:37.970+0000] {logging_mixin.py:190} INFO - [2024-11-19T12:12:37.969+0000] {dag.py:3239} INFO - Sync 1 DAGs
[2024-11-19T12:12:37.985+0000] {logging_mixin.py:190} INFO - [2024-11-19T12:12:37.985+0000] {dag.py:4180} INFO - Setting next_dagrun for example_params_ui_tutorial to None, run_after=None
[2024-11-19T12:12:38.011+0000] {processor.py:208} INFO - Processing /home/airflow/.local/lib/python3.12/site-packages/airflow/example_dags/example_params_ui_tutorial.py took 0.107 seconds
[2024-11-19T12:13:10.213+0000] {processor.py:186} INFO - Started process (PID=1228) to work on /home/airflow/.local/lib/python3.12/site-packages/airflow/example_dags/example_params_ui_tutorial.py
[2024-11-19T12:13:10.219+0000] {processor.py:914} INFO - Processing file /home/airflow/.local/lib/python3.12/site-packages/airflow/example_dags/example_params_ui_tutorial.py for tasks to queue
[2024-11-19T12:13:10.224+0000] {logging_mixin.py:190} INFO - [2024-11-19T12:13:10.222+0000] {dagbag.py:588} INFO - Filling up the DagBag from /home/airflow/.local/lib/python3.12/site-packages/airflow/example_dags/example_params_ui_tutorial.py
[2024-11-19T12:13:10.266+0000] {processor.py:925} INFO - DAG(s) 'example_params_ui_tutorial' retrieved from /home/airflow/.local/lib/python3.12/site-packages/airflow/example_dags/example_params_ui_tutorial.py
[2024-11-19T12:13:10.471+0000] {logging_mixin.py:190} INFO - [2024-11-19T12:13:10.471+0000] {dag.py:3239} INFO - Sync 1 DAGs
[2024-11-19T12:13:10.608+0000] {logging_mixin.py:190} INFO - [2024-11-19T12:13:10.608+0000] {dag.py:4180} INFO - Setting next_dagrun for example_params_ui_tutorial to None, run_after=None
[2024-11-19T12:13:10.814+0000] {processor.py:208} INFO - Processing /home/airflow/.local/lib/python3.12/site-packages/airflow/example_dags/example_params_ui_tutorial.py took 0.616 seconds
[2024-11-19T12:13:41.884+0000] {processor.py:186} INFO - Started process (PID=1291) to work on /home/airflow/.local/lib/python3.12/site-packages/airflow/example_dags/example_params_ui_tutorial.py
[2024-11-19T12:13:41.885+0000] {processor.py:914} INFO - Processing file /home/airflow/.local/lib/python3.12/site-packages/airflow/example_dags/example_params_ui_tutorial.py for tasks to queue
[2024-11-19T12:13:41.887+0000] {logging_mixin.py:190} INFO - [2024-11-19T12:13:41.887+0000] {dagbag.py:588} INFO - Filling up the DagBag from /home/airflow/.local/lib/python3.12/site-packages/airflow/example_dags/example_params_ui_tutorial.py
[2024-11-19T12:13:41.899+0000] {processor.py:925} INFO - DAG(s) 'example_params_ui_tutorial' retrieved from /home/airflow/.local/lib/python3.12/site-packages/airflow/example_dags/example_params_ui_tutorial.py
[2024-11-19T12:13:41.973+0000] {logging_mixin.py:190} INFO - [2024-11-19T12:13:41.972+0000] {dag.py:3239} INFO - Sync 1 DAGs
[2024-11-19T12:13:41.995+0000] {logging_mixin.py:190} INFO - [2024-11-19T12:13:41.995+0000] {dag.py:4180} INFO - Setting next_dagrun for example_params_ui_tutorial to None, run_after=None
[2024-11-19T12:13:42.025+0000] {processor.py:208} INFO - Processing /home/airflow/.local/lib/python3.12/site-packages/airflow/example_dags/example_params_ui_tutorial.py took 0.148 seconds
[2024-11-19T12:14:12.273+0000] {processor.py:186} INFO - Started process (PID=1356) to work on /home/airflow/.local/lib/python3.12/site-packages/airflow/example_dags/example_params_ui_tutorial.py
[2024-11-19T12:14:12.289+0000] {processor.py:914} INFO - Processing file /home/airflow/.local/lib/python3.12/site-packages/airflow/example_dags/example_params_ui_tutorial.py for tasks to queue
[2024-11-19T12:14:12.291+0000] {logging_mixin.py:190} INFO - [2024-11-19T12:14:12.291+0000] {dagbag.py:588} INFO - Filling up the DagBag from /home/airflow/.local/lib/python3.12/site-packages/airflow/example_dags/example_params_ui_tutorial.py
[2024-11-19T12:14:12.308+0000] {processor.py:925} INFO - DAG(s) 'example_params_ui_tutorial' retrieved from /home/airflow/.local/lib/python3.12/site-packages/airflow/example_dags/example_params_ui_tutorial.py
[2024-11-19T12:14:12.376+0000] {logging_mixin.py:190} INFO - [2024-11-19T12:14:12.376+0000] {dag.py:3239} INFO - Sync 1 DAGs
[2024-11-19T12:14:12.399+0000] {logging_mixin.py:190} INFO - [2024-11-19T12:14:12.399+0000] {dag.py:4180} INFO - Setting next_dagrun for example_params_ui_tutorial to None, run_after=None
[2024-11-19T12:14:12.425+0000] {processor.py:208} INFO - Processing /home/airflow/.local/lib/python3.12/site-packages/airflow/example_dags/example_params_ui_tutorial.py took 0.165 seconds
[2024-11-19T12:14:42.740+0000] {processor.py:186} INFO - Started process (PID=1420) to work on /home/airflow/.local/lib/python3.12/site-packages/airflow/example_dags/example_params_ui_tutorial.py
[2024-11-19T12:14:42.741+0000] {processor.py:914} INFO - Processing file /home/airflow/.local/lib/python3.12/site-packages/airflow/example_dags/example_params_ui_tutorial.py for tasks to queue
[2024-11-19T12:14:42.743+0000] {logging_mixin.py:190} INFO - [2024-11-19T12:14:42.742+0000] {dagbag.py:588} INFO - Filling up the DagBag from /home/airflow/.local/lib/python3.12/site-packages/airflow/example_dags/example_params_ui_tutorial.py
[2024-11-19T12:14:42.752+0000] {processor.py:925} INFO - DAG(s) 'example_params_ui_tutorial' retrieved from /home/airflow/.local/lib/python3.12/site-packages/airflow/example_dags/example_params_ui_tutorial.py
[2024-11-19T12:14:42.809+0000] {logging_mixin.py:190} INFO - [2024-11-19T12:14:42.808+0000] {dag.py:3239} INFO - Sync 1 DAGs
[2024-11-19T12:14:42.826+0000] {logging_mixin.py:190} INFO - [2024-11-19T12:14:42.826+0000] {dag.py:4180} INFO - Setting next_dagrun for example_params_ui_tutorial to None, run_after=None
[2024-11-19T12:14:42.851+0000] {processor.py:208} INFO - Processing /home/airflow/.local/lib/python3.12/site-packages/airflow/example_dags/example_params_ui_tutorial.py took 0.117 seconds
[2024-11-19T12:19:44.665+0000] {processor.py:186} INFO - Started process (PID=69) to work on /home/airflow/.local/lib/python3.12/site-packages/airflow/example_dags/example_params_ui_tutorial.py
[2024-11-19T12:19:44.669+0000] {processor.py:914} INFO - Processing file /home/airflow/.local/lib/python3.12/site-packages/airflow/example_dags/example_params_ui_tutorial.py for tasks to queue
[2024-11-19T12:19:44.675+0000] {logging_mixin.py:190} INFO - [2024-11-19T12:19:44.674+0000] {dagbag.py:588} INFO - Filling up the DagBag from /home/airflow/.local/lib/python3.12/site-packages/airflow/example_dags/example_params_ui_tutorial.py
[2024-11-19T12:19:44.708+0000] {processor.py:925} INFO - DAG(s) 'example_params_ui_tutorial' retrieved from /home/airflow/.local/lib/python3.12/site-packages/airflow/example_dags/example_params_ui_tutorial.py
[2024-11-19T12:19:44.939+0000] {logging_mixin.py:190} INFO - [2024-11-19T12:19:44.938+0000] {dag.py:3239} INFO - Sync 1 DAGs
[2024-11-19T12:19:44.986+0000] {logging_mixin.py:190} INFO - [2024-11-19T12:19:44.986+0000] {dag.py:4180} INFO - Setting next_dagrun for example_params_ui_tutorial to None, run_after=None
[2024-11-19T12:19:45.075+0000] {processor.py:208} INFO - Processing /home/airflow/.local/lib/python3.12/site-packages/airflow/example_dags/example_params_ui_tutorial.py took 0.426 seconds
[2024-11-19T12:20:15.480+0000] {processor.py:186} INFO - Started process (PID=133) to work on /home/airflow/.local/lib/python3.12/site-packages/airflow/example_dags/example_params_ui_tutorial.py
[2024-11-19T12:20:15.481+0000] {processor.py:914} INFO - Processing file /home/airflow/.local/lib/python3.12/site-packages/airflow/example_dags/example_params_ui_tutorial.py for tasks to queue
[2024-11-19T12:20:15.483+0000] {logging_mixin.py:190} INFO - [2024-11-19T12:20:15.483+0000] {dagbag.py:588} INFO - Filling up the DagBag from /home/airflow/.local/lib/python3.12/site-packages/airflow/example_dags/example_params_ui_tutorial.py
[2024-11-19T12:20:15.493+0000] {processor.py:925} INFO - DAG(s) 'example_params_ui_tutorial' retrieved from /home/airflow/.local/lib/python3.12/site-packages/airflow/example_dags/example_params_ui_tutorial.py
[2024-11-19T12:20:15.542+0000] {logging_mixin.py:190} INFO - [2024-11-19T12:20:15.542+0000] {dag.py:3239} INFO - Sync 1 DAGs
[2024-11-19T12:20:15.559+0000] {logging_mixin.py:190} INFO - [2024-11-19T12:20:15.559+0000] {dag.py:4180} INFO - Setting next_dagrun for example_params_ui_tutorial to None, run_after=None
[2024-11-19T12:20:15.583+0000] {processor.py:208} INFO - Processing /home/airflow/.local/lib/python3.12/site-packages/airflow/example_dags/example_params_ui_tutorial.py took 0.109 seconds
[2024-11-19T12:20:45.694+0000] {processor.py:186} INFO - Started process (PID=197) to work on /home/airflow/.local/lib/python3.12/site-packages/airflow/example_dags/example_params_ui_tutorial.py
[2024-11-19T12:20:45.695+0000] {processor.py:914} INFO - Processing file /home/airflow/.local/lib/python3.12/site-packages/airflow/example_dags/example_params_ui_tutorial.py for tasks to queue
[2024-11-19T12:20:45.697+0000] {logging_mixin.py:190} INFO - [2024-11-19T12:20:45.697+0000] {dagbag.py:588} INFO - Filling up the DagBag from /home/airflow/.local/lib/python3.12/site-packages/airflow/example_dags/example_params_ui_tutorial.py
[2024-11-19T12:20:45.709+0000] {processor.py:925} INFO - DAG(s) 'example_params_ui_tutorial' retrieved from /home/airflow/.local/lib/python3.12/site-packages/airflow/example_dags/example_params_ui_tutorial.py
[2024-11-19T12:20:45.753+0000] {logging_mixin.py:190} INFO - [2024-11-19T12:20:45.753+0000] {dag.py:3239} INFO - Sync 1 DAGs
[2024-11-19T12:20:45.769+0000] {logging_mixin.py:190} INFO - [2024-11-19T12:20:45.769+0000] {dag.py:4180} INFO - Setting next_dagrun for example_params_ui_tutorial to None, run_after=None
[2024-11-19T12:20:45.812+0000] {processor.py:208} INFO - Processing /home/airflow/.local/lib/python3.12/site-packages/airflow/example_dags/example_params_ui_tutorial.py took 0.124 seconds
[2024-11-19T12:21:16.446+0000] {processor.py:186} INFO - Started process (PID=262) to work on /home/airflow/.local/lib/python3.12/site-packages/airflow/example_dags/example_params_ui_tutorial.py
[2024-11-19T12:21:16.447+0000] {processor.py:914} INFO - Processing file /home/airflow/.local/lib/python3.12/site-packages/airflow/example_dags/example_params_ui_tutorial.py for tasks to queue
[2024-11-19T12:21:16.449+0000] {logging_mixin.py:190} INFO - [2024-11-19T12:21:16.449+0000] {dagbag.py:588} INFO - Filling up the DagBag from /home/airflow/.local/lib/python3.12/site-packages/airflow/example_dags/example_params_ui_tutorial.py
[2024-11-19T12:21:16.459+0000] {processor.py:925} INFO - DAG(s) 'example_params_ui_tutorial' retrieved from /home/airflow/.local/lib/python3.12/site-packages/airflow/example_dags/example_params_ui_tutorial.py
[2024-11-19T12:21:16.508+0000] {logging_mixin.py:190} INFO - [2024-11-19T12:21:16.508+0000] {dag.py:3239} INFO - Sync 1 DAGs
[2024-11-19T12:21:16.524+0000] {logging_mixin.py:190} INFO - [2024-11-19T12:21:16.524+0000] {dag.py:4180} INFO - Setting next_dagrun for example_params_ui_tutorial to None, run_after=None
[2024-11-19T12:21:16.560+0000] {processor.py:208} INFO - Processing /home/airflow/.local/lib/python3.12/site-packages/airflow/example_dags/example_params_ui_tutorial.py took 0.119 seconds
[2024-11-19T12:21:47.068+0000] {processor.py:186} INFO - Started process (PID=327) to work on /home/airflow/.local/lib/python3.12/site-packages/airflow/example_dags/example_params_ui_tutorial.py
[2024-11-19T12:21:47.072+0000] {processor.py:914} INFO - Processing file /home/airflow/.local/lib/python3.12/site-packages/airflow/example_dags/example_params_ui_tutorial.py for tasks to queue
[2024-11-19T12:21:47.081+0000] {logging_mixin.py:190} INFO - [2024-11-19T12:21:47.080+0000] {dagbag.py:588} INFO - Filling up the DagBag from /home/airflow/.local/lib/python3.12/site-packages/airflow/example_dags/example_params_ui_tutorial.py
[2024-11-19T12:21:47.099+0000] {processor.py:925} INFO - DAG(s) 'example_params_ui_tutorial' retrieved from /home/airflow/.local/lib/python3.12/site-packages/airflow/example_dags/example_params_ui_tutorial.py
[2024-11-19T12:21:47.243+0000] {logging_mixin.py:190} INFO - [2024-11-19T12:21:47.242+0000] {dag.py:3239} INFO - Sync 1 DAGs
[2024-11-19T12:21:47.291+0000] {logging_mixin.py:190} INFO - [2024-11-19T12:21:47.291+0000] {dag.py:4180} INFO - Setting next_dagrun for example_params_ui_tutorial to None, run_after=None
[2024-11-19T12:21:47.338+0000] {processor.py:208} INFO - Processing /home/airflow/.local/lib/python3.12/site-packages/airflow/example_dags/example_params_ui_tutorial.py took 0.285 seconds
[2024-11-19T12:22:18.031+0000] {processor.py:186} INFO - Started process (PID=392) to work on /home/airflow/.local/lib/python3.12/site-packages/airflow/example_dags/example_params_ui_tutorial.py
[2024-11-19T12:22:18.032+0000] {processor.py:914} INFO - Processing file /home/airflow/.local/lib/python3.12/site-packages/airflow/example_dags/example_params_ui_tutorial.py for tasks to queue
[2024-11-19T12:22:18.034+0000] {logging_mixin.py:190} INFO - [2024-11-19T12:22:18.034+0000] {dagbag.py:588} INFO - Filling up the DagBag from /home/airflow/.local/lib/python3.12/site-packages/airflow/example_dags/example_params_ui_tutorial.py
[2024-11-19T12:22:18.043+0000] {processor.py:925} INFO - DAG(s) 'example_params_ui_tutorial' retrieved from /home/airflow/.local/lib/python3.12/site-packages/airflow/example_dags/example_params_ui_tutorial.py
[2024-11-19T12:22:18.103+0000] {logging_mixin.py:190} INFO - [2024-11-19T12:22:18.103+0000] {dag.py:3239} INFO - Sync 1 DAGs
[2024-11-19T12:22:18.120+0000] {logging_mixin.py:190} INFO - [2024-11-19T12:22:18.120+0000] {dag.py:4180} INFO - Setting next_dagrun for example_params_ui_tutorial to None, run_after=None
[2024-11-19T12:22:18.150+0000] {processor.py:208} INFO - Processing /home/airflow/.local/lib/python3.12/site-packages/airflow/example_dags/example_params_ui_tutorial.py took 0.124 seconds
[2024-11-19T12:22:48.262+0000] {processor.py:186} INFO - Started process (PID=457) to work on /home/airflow/.local/lib/python3.12/site-packages/airflow/example_dags/example_params_ui_tutorial.py
[2024-11-19T12:22:48.263+0000] {processor.py:914} INFO - Processing file /home/airflow/.local/lib/python3.12/site-packages/airflow/example_dags/example_params_ui_tutorial.py for tasks to queue
[2024-11-19T12:22:48.265+0000] {logging_mixin.py:190} INFO - [2024-11-19T12:22:48.265+0000] {dagbag.py:588} INFO - Filling up the DagBag from /home/airflow/.local/lib/python3.12/site-packages/airflow/example_dags/example_params_ui_tutorial.py
[2024-11-19T12:22:48.275+0000] {processor.py:925} INFO - DAG(s) 'example_params_ui_tutorial' retrieved from /home/airflow/.local/lib/python3.12/site-packages/airflow/example_dags/example_params_ui_tutorial.py
[2024-11-19T12:22:48.330+0000] {logging_mixin.py:190} INFO - [2024-11-19T12:22:48.330+0000] {dag.py:3239} INFO - Sync 1 DAGs
[2024-11-19T12:22:48.344+0000] {logging_mixin.py:190} INFO - [2024-11-19T12:22:48.344+0000] {dag.py:4180} INFO - Setting next_dagrun for example_params_ui_tutorial to None, run_after=None
[2024-11-19T12:22:48.366+0000] {processor.py:208} INFO - Processing /home/airflow/.local/lib/python3.12/site-packages/airflow/example_dags/example_params_ui_tutorial.py took 0.109 seconds
[2024-11-19T12:23:18.957+0000] {processor.py:186} INFO - Started process (PID=520) to work on /home/airflow/.local/lib/python3.12/site-packages/airflow/example_dags/example_params_ui_tutorial.py
[2024-11-19T12:23:18.958+0000] {processor.py:914} INFO - Processing file /home/airflow/.local/lib/python3.12/site-packages/airflow/example_dags/example_params_ui_tutorial.py for tasks to queue
[2024-11-19T12:23:18.960+0000] {logging_mixin.py:190} INFO - [2024-11-19T12:23:18.960+0000] {dagbag.py:588} INFO - Filling up the DagBag from /home/airflow/.local/lib/python3.12/site-packages/airflow/example_dags/example_params_ui_tutorial.py
[2024-11-19T12:23:18.970+0000] {processor.py:925} INFO - DAG(s) 'example_params_ui_tutorial' retrieved from /home/airflow/.local/lib/python3.12/site-packages/airflow/example_dags/example_params_ui_tutorial.py
[2024-11-19T12:23:19.017+0000] {logging_mixin.py:190} INFO - [2024-11-19T12:23:19.016+0000] {dag.py:3239} INFO - Sync 1 DAGs
[2024-11-19T12:23:19.032+0000] {logging_mixin.py:190} INFO - [2024-11-19T12:23:19.031+0000] {dag.py:4180} INFO - Setting next_dagrun for example_params_ui_tutorial to None, run_after=None
[2024-11-19T12:23:19.056+0000] {processor.py:208} INFO - Processing /home/airflow/.local/lib/python3.12/site-packages/airflow/example_dags/example_params_ui_tutorial.py took 0.105 seconds
[2024-11-19T12:23:49.120+0000] {processor.py:186} INFO - Started process (PID=584) to work on /home/airflow/.local/lib/python3.12/site-packages/airflow/example_dags/example_params_ui_tutorial.py
[2024-11-19T12:23:49.121+0000] {processor.py:914} INFO - Processing file /home/airflow/.local/lib/python3.12/site-packages/airflow/example_dags/example_params_ui_tutorial.py for tasks to queue
[2024-11-19T12:23:49.124+0000] {logging_mixin.py:190} INFO - [2024-11-19T12:23:49.124+0000] {dagbag.py:588} INFO - Filling up the DagBag from /home/airflow/.local/lib/python3.12/site-packages/airflow/example_dags/example_params_ui_tutorial.py
[2024-11-19T12:23:49.135+0000] {processor.py:925} INFO - DAG(s) 'example_params_ui_tutorial' retrieved from /home/airflow/.local/lib/python3.12/site-packages/airflow/example_dags/example_params_ui_tutorial.py
[2024-11-19T12:23:49.195+0000] {logging_mixin.py:190} INFO - [2024-11-19T12:23:49.195+0000] {dag.py:3239} INFO - Sync 1 DAGs
[2024-11-19T12:23:49.210+0000] {logging_mixin.py:190} INFO - [2024-11-19T12:23:49.210+0000] {dag.py:4180} INFO - Setting next_dagrun for example_params_ui_tutorial to None, run_after=None
[2024-11-19T12:23:49.234+0000] {processor.py:208} INFO - Processing /home/airflow/.local/lib/python3.12/site-packages/airflow/example_dags/example_params_ui_tutorial.py took 0.119 seconds
[2024-11-19T12:24:19.666+0000] {processor.py:186} INFO - Started process (PID=649) to work on /home/airflow/.local/lib/python3.12/site-packages/airflow/example_dags/example_params_ui_tutorial.py
[2024-11-19T12:24:19.667+0000] {processor.py:914} INFO - Processing file /home/airflow/.local/lib/python3.12/site-packages/airflow/example_dags/example_params_ui_tutorial.py for tasks to queue
[2024-11-19T12:24:19.669+0000] {logging_mixin.py:190} INFO - [2024-11-19T12:24:19.669+0000] {dagbag.py:588} INFO - Filling up the DagBag from /home/airflow/.local/lib/python3.12/site-packages/airflow/example_dags/example_params_ui_tutorial.py
[2024-11-19T12:24:19.679+0000] {processor.py:925} INFO - DAG(s) 'example_params_ui_tutorial' retrieved from /home/airflow/.local/lib/python3.12/site-packages/airflow/example_dags/example_params_ui_tutorial.py
[2024-11-19T12:24:19.733+0000] {logging_mixin.py:190} INFO - [2024-11-19T12:24:19.733+0000] {dag.py:3239} INFO - Sync 1 DAGs
[2024-11-19T12:24:19.750+0000] {logging_mixin.py:190} INFO - [2024-11-19T12:24:19.750+0000] {dag.py:4180} INFO - Setting next_dagrun for example_params_ui_tutorial to None, run_after=None
[2024-11-19T12:24:19.774+0000] {processor.py:208} INFO - Processing /home/airflow/.local/lib/python3.12/site-packages/airflow/example_dags/example_params_ui_tutorial.py took 0.114 seconds
[2024-11-19T12:24:50.170+0000] {processor.py:186} INFO - Started process (PID=713) to work on /home/airflow/.local/lib/python3.12/site-packages/airflow/example_dags/example_params_ui_tutorial.py
[2024-11-19T12:24:50.177+0000] {processor.py:914} INFO - Processing file /home/airflow/.local/lib/python3.12/site-packages/airflow/example_dags/example_params_ui_tutorial.py for tasks to queue
[2024-11-19T12:24:50.179+0000] {logging_mixin.py:190} INFO - [2024-11-19T12:24:50.179+0000] {dagbag.py:588} INFO - Filling up the DagBag from /home/airflow/.local/lib/python3.12/site-packages/airflow/example_dags/example_params_ui_tutorial.py
[2024-11-19T12:24:50.189+0000] {processor.py:925} INFO - DAG(s) 'example_params_ui_tutorial' retrieved from /home/airflow/.local/lib/python3.12/site-packages/airflow/example_dags/example_params_ui_tutorial.py
[2024-11-19T12:24:50.239+0000] {logging_mixin.py:190} INFO - [2024-11-19T12:24:50.238+0000] {dag.py:3239} INFO - Sync 1 DAGs
[2024-11-19T12:24:50.254+0000] {logging_mixin.py:190} INFO - [2024-11-19T12:24:50.254+0000] {dag.py:4180} INFO - Setting next_dagrun for example_params_ui_tutorial to None, run_after=None
[2024-11-19T12:24:50.289+0000] {processor.py:208} INFO - Processing /home/airflow/.local/lib/python3.12/site-packages/airflow/example_dags/example_params_ui_tutorial.py took 0.131 seconds
[2024-11-19T12:25:20.803+0000] {processor.py:186} INFO - Started process (PID=777) to work on /home/airflow/.local/lib/python3.12/site-packages/airflow/example_dags/example_params_ui_tutorial.py
[2024-11-19T12:25:20.810+0000] {processor.py:914} INFO - Processing file /home/airflow/.local/lib/python3.12/site-packages/airflow/example_dags/example_params_ui_tutorial.py for tasks to queue
[2024-11-19T12:25:20.831+0000] {logging_mixin.py:190} INFO - [2024-11-19T12:25:20.830+0000] {dagbag.py:588} INFO - Filling up the DagBag from /home/airflow/.local/lib/python3.12/site-packages/airflow/example_dags/example_params_ui_tutorial.py
[2024-11-19T12:25:20.886+0000] {processor.py:925} INFO - DAG(s) 'example_params_ui_tutorial' retrieved from /home/airflow/.local/lib/python3.12/site-packages/airflow/example_dags/example_params_ui_tutorial.py
[2024-11-19T12:25:21.186+0000] {logging_mixin.py:190} INFO - [2024-11-19T12:25:21.186+0000] {dag.py:3239} INFO - Sync 1 DAGs
[2024-11-19T12:25:21.260+0000] {logging_mixin.py:190} INFO - [2024-11-19T12:25:21.260+0000] {dag.py:4180} INFO - Setting next_dagrun for example_params_ui_tutorial to None, run_after=None
[2024-11-19T12:25:21.334+0000] {processor.py:208} INFO - Processing /home/airflow/.local/lib/python3.12/site-packages/airflow/example_dags/example_params_ui_tutorial.py took 0.561 seconds
[2024-11-19T12:25:51.826+0000] {processor.py:186} INFO - Started process (PID=842) to work on /home/airflow/.local/lib/python3.12/site-packages/airflow/example_dags/example_params_ui_tutorial.py
[2024-11-19T12:25:51.827+0000] {processor.py:914} INFO - Processing file /home/airflow/.local/lib/python3.12/site-packages/airflow/example_dags/example_params_ui_tutorial.py for tasks to queue
[2024-11-19T12:25:51.829+0000] {logging_mixin.py:190} INFO - [2024-11-19T12:25:51.829+0000] {dagbag.py:588} INFO - Filling up the DagBag from /home/airflow/.local/lib/python3.12/site-packages/airflow/example_dags/example_params_ui_tutorial.py
[2024-11-19T12:25:51.839+0000] {processor.py:925} INFO - DAG(s) 'example_params_ui_tutorial' retrieved from /home/airflow/.local/lib/python3.12/site-packages/airflow/example_dags/example_params_ui_tutorial.py
[2024-11-19T12:25:51.946+0000] {logging_mixin.py:190} INFO - [2024-11-19T12:25:51.946+0000] {dag.py:3239} INFO - Sync 1 DAGs
[2024-11-19T12:25:51.975+0000] {logging_mixin.py:190} INFO - [2024-11-19T12:25:51.975+0000] {dag.py:4180} INFO - Setting next_dagrun for example_params_ui_tutorial to None, run_after=None
[2024-11-19T12:25:52.034+0000] {processor.py:208} INFO - Processing /home/airflow/.local/lib/python3.12/site-packages/airflow/example_dags/example_params_ui_tutorial.py took 0.215 seconds
[2024-11-19T12:26:22.850+0000] {processor.py:186} INFO - Started process (PID=906) to work on /home/airflow/.local/lib/python3.12/site-packages/airflow/example_dags/example_params_ui_tutorial.py
[2024-11-19T12:26:22.851+0000] {processor.py:914} INFO - Processing file /home/airflow/.local/lib/python3.12/site-packages/airflow/example_dags/example_params_ui_tutorial.py for tasks to queue
[2024-11-19T12:26:22.853+0000] {logging_mixin.py:190} INFO - [2024-11-19T12:26:22.852+0000] {dagbag.py:588} INFO - Filling up the DagBag from /home/airflow/.local/lib/python3.12/site-packages/airflow/example_dags/example_params_ui_tutorial.py
[2024-11-19T12:26:22.862+0000] {processor.py:925} INFO - DAG(s) 'example_params_ui_tutorial' retrieved from /home/airflow/.local/lib/python3.12/site-packages/airflow/example_dags/example_params_ui_tutorial.py
[2024-11-19T12:26:22.927+0000] {logging_mixin.py:190} INFO - [2024-11-19T12:26:22.926+0000] {dag.py:3239} INFO - Sync 1 DAGs
[2024-11-19T12:26:22.943+0000] {logging_mixin.py:190} INFO - [2024-11-19T12:26:22.943+0000] {dag.py:4180} INFO - Setting next_dagrun for example_params_ui_tutorial to None, run_after=None
[2024-11-19T12:26:22.977+0000] {processor.py:208} INFO - Processing /home/airflow/.local/lib/python3.12/site-packages/airflow/example_dags/example_params_ui_tutorial.py took 0.133 seconds
[2024-11-19T12:26:53.792+0000] {processor.py:186} INFO - Started process (PID=970) to work on /home/airflow/.local/lib/python3.12/site-packages/airflow/example_dags/example_params_ui_tutorial.py
[2024-11-19T12:26:53.793+0000] {processor.py:914} INFO - Processing file /home/airflow/.local/lib/python3.12/site-packages/airflow/example_dags/example_params_ui_tutorial.py for tasks to queue
[2024-11-19T12:26:53.794+0000] {logging_mixin.py:190} INFO - [2024-11-19T12:26:53.793+0000] {dagbag.py:588} INFO - Filling up the DagBag from /home/airflow/.local/lib/python3.12/site-packages/airflow/example_dags/example_params_ui_tutorial.py
[2024-11-19T12:26:53.804+0000] {processor.py:925} INFO - DAG(s) 'example_params_ui_tutorial' retrieved from /home/airflow/.local/lib/python3.12/site-packages/airflow/example_dags/example_params_ui_tutorial.py
[2024-11-19T12:26:53.851+0000] {logging_mixin.py:190} INFO - [2024-11-19T12:26:53.851+0000] {dag.py:3239} INFO - Sync 1 DAGs
[2024-11-19T12:26:53.867+0000] {logging_mixin.py:190} INFO - [2024-11-19T12:26:53.867+0000] {dag.py:4180} INFO - Setting next_dagrun for example_params_ui_tutorial to None, run_after=None
[2024-11-19T12:26:53.892+0000] {processor.py:208} INFO - Processing /home/airflow/.local/lib/python3.12/site-packages/airflow/example_dags/example_params_ui_tutorial.py took 0.106 seconds
[2024-11-19T12:27:24.647+0000] {processor.py:186} INFO - Started process (PID=1034) to work on /home/airflow/.local/lib/python3.12/site-packages/airflow/example_dags/example_params_ui_tutorial.py
[2024-11-19T12:27:24.648+0000] {processor.py:914} INFO - Processing file /home/airflow/.local/lib/python3.12/site-packages/airflow/example_dags/example_params_ui_tutorial.py for tasks to queue
[2024-11-19T12:27:24.649+0000] {logging_mixin.py:190} INFO - [2024-11-19T12:27:24.649+0000] {dagbag.py:588} INFO - Filling up the DagBag from /home/airflow/.local/lib/python3.12/site-packages/airflow/example_dags/example_params_ui_tutorial.py
[2024-11-19T12:27:24.659+0000] {processor.py:925} INFO - DAG(s) 'example_params_ui_tutorial' retrieved from /home/airflow/.local/lib/python3.12/site-packages/airflow/example_dags/example_params_ui_tutorial.py
[2024-11-19T12:27:24.707+0000] {logging_mixin.py:190} INFO - [2024-11-19T12:27:24.707+0000] {dag.py:3239} INFO - Sync 1 DAGs
[2024-11-19T12:27:24.722+0000] {logging_mixin.py:190} INFO - [2024-11-19T12:27:24.722+0000] {dag.py:4180} INFO - Setting next_dagrun for example_params_ui_tutorial to None, run_after=None
[2024-11-19T12:27:24.749+0000] {processor.py:208} INFO - Processing /home/airflow/.local/lib/python3.12/site-packages/airflow/example_dags/example_params_ui_tutorial.py took 0.108 seconds
