[2024-11-19T12:03:50.229+0000] {processor.py:186} INFO - Started process (PID=62) to work on /home/airflow/.local/lib/python3.12/site-packages/airflow/example_dags/example_branch_operator.py
[2024-11-19T12:03:50.245+0000] {processor.py:914} INFO - Processing file /home/airflow/.local/lib/python3.12/site-packages/airflow/example_dags/example_branch_operator.py for tasks to queue
[2024-11-19T12:03:50.252+0000] {logging_mixin.py:190} INFO - [2024-11-19T12:03:50.252+0000] {dagbag.py:588} INFO - Filling up the DagBag from /home/airflow/.local/lib/python3.12/site-packages/airflow/example_dags/example_branch_operator.py
[2024-11-19T12:03:50.760+0000] {processor.py:925} INFO - DAG(s) 'example_branch_operator' retrieved from /home/airflow/.local/lib/python3.12/site-packages/airflow/example_dags/example_branch_operator.py
[2024-11-19T12:03:53.021+0000] {logging_mixin.py:190} INFO - [2024-11-19T12:03:53.020+0000] {dag.py:3239} INFO - Sync 1 DAGs
[2024-11-19T12:03:53.045+0000] {logging_mixin.py:190} INFO - [2024-11-19T12:03:53.045+0000] {dag.py:4180} INFO - Setting next_dagrun for example_branch_operator to 2024-11-18 00:00:00+00:00, run_after=2024-11-19 00:00:00+00:00
[2024-11-19T12:03:53.314+0000] {processor.py:208} INFO - Processing /home/airflow/.local/lib/python3.12/site-packages/airflow/example_dags/example_branch_operator.py took 3.155 seconds
[2024-11-19T12:04:23.993+0000] {processor.py:186} INFO - Started process (PID=127) to work on /home/airflow/.local/lib/python3.12/site-packages/airflow/example_dags/example_branch_operator.py
[2024-11-19T12:04:24.003+0000] {processor.py:914} INFO - Processing file /home/airflow/.local/lib/python3.12/site-packages/airflow/example_dags/example_branch_operator.py for tasks to queue
[2024-11-19T12:04:24.007+0000] {logging_mixin.py:190} INFO - [2024-11-19T12:04:24.007+0000] {dagbag.py:588} INFO - Filling up the DagBag from /home/airflow/.local/lib/python3.12/site-packages/airflow/example_dags/example_branch_operator.py
[2024-11-19T12:04:24.083+0000] {processor.py:925} INFO - DAG(s) 'example_branch_operator' retrieved from /home/airflow/.local/lib/python3.12/site-packages/airflow/example_dags/example_branch_operator.py
[2024-11-19T12:04:24.206+0000] {logging_mixin.py:190} INFO - [2024-11-19T12:04:24.206+0000] {dag.py:3239} INFO - Sync 1 DAGs
[2024-11-19T12:04:24.278+0000] {logging_mixin.py:190} INFO - [2024-11-19T12:04:24.277+0000] {dag.py:4180} INFO - Setting next_dagrun for example_branch_operator to 2024-11-18 00:00:00+00:00, run_after=2024-11-19 00:00:00+00:00
[2024-11-19T12:04:24.360+0000] {processor.py:208} INFO - Processing /home/airflow/.local/lib/python3.12/site-packages/airflow/example_dags/example_branch_operator.py took 0.382 seconds
[2024-11-19T12:04:54.824+0000] {processor.py:186} INFO - Started process (PID=191) to work on /home/airflow/.local/lib/python3.12/site-packages/airflow/example_dags/example_branch_operator.py
[2024-11-19T12:04:54.831+0000] {processor.py:914} INFO - Processing file /home/airflow/.local/lib/python3.12/site-packages/airflow/example_dags/example_branch_operator.py for tasks to queue
[2024-11-19T12:04:54.838+0000] {logging_mixin.py:190} INFO - [2024-11-19T12:04:54.837+0000] {dagbag.py:588} INFO - Filling up the DagBag from /home/airflow/.local/lib/python3.12/site-packages/airflow/example_dags/example_branch_operator.py
[2024-11-19T12:04:54.892+0000] {processor.py:925} INFO - DAG(s) 'example_branch_operator' retrieved from /home/airflow/.local/lib/python3.12/site-packages/airflow/example_dags/example_branch_operator.py
[2024-11-19T12:04:54.951+0000] {logging_mixin.py:190} INFO - [2024-11-19T12:04:54.951+0000] {dag.py:3239} INFO - Sync 1 DAGs
[2024-11-19T12:04:55.002+0000] {logging_mixin.py:190} INFO - [2024-11-19T12:04:55.002+0000] {dag.py:4180} INFO - Setting next_dagrun for example_branch_operator to 2024-11-18 00:00:00+00:00, run_after=2024-11-19 00:00:00+00:00
[2024-11-19T12:04:55.042+0000] {processor.py:208} INFO - Processing /home/airflow/.local/lib/python3.12/site-packages/airflow/example_dags/example_branch_operator.py took 0.242 seconds
[2024-11-19T12:05:25.428+0000] {processor.py:186} INFO - Started process (PID=253) to work on /home/airflow/.local/lib/python3.12/site-packages/airflow/example_dags/example_branch_operator.py
[2024-11-19T12:05:25.429+0000] {processor.py:914} INFO - Processing file /home/airflow/.local/lib/python3.12/site-packages/airflow/example_dags/example_branch_operator.py for tasks to queue
[2024-11-19T12:05:25.431+0000] {logging_mixin.py:190} INFO - [2024-11-19T12:05:25.431+0000] {dagbag.py:588} INFO - Filling up the DagBag from /home/airflow/.local/lib/python3.12/site-packages/airflow/example_dags/example_branch_operator.py
[2024-11-19T12:05:25.451+0000] {processor.py:925} INFO - DAG(s) 'example_branch_operator' retrieved from /home/airflow/.local/lib/python3.12/site-packages/airflow/example_dags/example_branch_operator.py
[2024-11-19T12:05:25.477+0000] {logging_mixin.py:190} INFO - [2024-11-19T12:05:25.476+0000] {dag.py:3239} INFO - Sync 1 DAGs
[2024-11-19T12:05:25.494+0000] {logging_mixin.py:190} INFO - [2024-11-19T12:05:25.494+0000] {dag.py:4180} INFO - Setting next_dagrun for example_branch_operator to 2024-11-18 00:00:00+00:00, run_after=2024-11-19 00:00:00+00:00
[2024-11-19T12:05:25.629+0000] {processor.py:208} INFO - Processing /home/airflow/.local/lib/python3.12/site-packages/airflow/example_dags/example_branch_operator.py took 0.208 seconds
[2024-11-19T12:05:55.713+0000] {processor.py:186} INFO - Started process (PID=318) to work on /home/airflow/.local/lib/python3.12/site-packages/airflow/example_dags/example_branch_operator.py
[2024-11-19T12:05:55.722+0000] {processor.py:914} INFO - Processing file /home/airflow/.local/lib/python3.12/site-packages/airflow/example_dags/example_branch_operator.py for tasks to queue
[2024-11-19T12:05:55.724+0000] {logging_mixin.py:190} INFO - [2024-11-19T12:05:55.724+0000] {dagbag.py:588} INFO - Filling up the DagBag from /home/airflow/.local/lib/python3.12/site-packages/airflow/example_dags/example_branch_operator.py
[2024-11-19T12:05:55.745+0000] {processor.py:925} INFO - DAG(s) 'example_branch_operator' retrieved from /home/airflow/.local/lib/python3.12/site-packages/airflow/example_dags/example_branch_operator.py
[2024-11-19T12:05:55.778+0000] {logging_mixin.py:190} INFO - [2024-11-19T12:05:55.778+0000] {dag.py:3239} INFO - Sync 1 DAGs
[2024-11-19T12:05:55.797+0000] {logging_mixin.py:190} INFO - [2024-11-19T12:05:55.797+0000] {dag.py:4180} INFO - Setting next_dagrun for example_branch_operator to 2024-11-18 00:00:00+00:00, run_after=2024-11-19 00:00:00+00:00
[2024-11-19T12:05:55.833+0000] {processor.py:208} INFO - Processing /home/airflow/.local/lib/python3.12/site-packages/airflow/example_dags/example_branch_operator.py took 0.126 seconds
[2024-11-19T12:06:26.150+0000] {processor.py:186} INFO - Started process (PID=383) to work on /home/airflow/.local/lib/python3.12/site-packages/airflow/example_dags/example_branch_operator.py
[2024-11-19T12:06:26.151+0000] {processor.py:914} INFO - Processing file /home/airflow/.local/lib/python3.12/site-packages/airflow/example_dags/example_branch_operator.py for tasks to queue
[2024-11-19T12:06:26.153+0000] {logging_mixin.py:190} INFO - [2024-11-19T12:06:26.153+0000] {dagbag.py:588} INFO - Filling up the DagBag from /home/airflow/.local/lib/python3.12/site-packages/airflow/example_dags/example_branch_operator.py
[2024-11-19T12:06:26.181+0000] {processor.py:925} INFO - DAG(s) 'example_branch_operator' retrieved from /home/airflow/.local/lib/python3.12/site-packages/airflow/example_dags/example_branch_operator.py
[2024-11-19T12:06:26.212+0000] {logging_mixin.py:190} INFO - [2024-11-19T12:06:26.212+0000] {dag.py:3239} INFO - Sync 1 DAGs
[2024-11-19T12:06:26.234+0000] {logging_mixin.py:190} INFO - [2024-11-19T12:06:26.233+0000] {dag.py:4180} INFO - Setting next_dagrun for example_branch_operator to 2024-11-18 00:00:00+00:00, run_after=2024-11-19 00:00:00+00:00
[2024-11-19T12:06:26.257+0000] {processor.py:208} INFO - Processing /home/airflow/.local/lib/python3.12/site-packages/airflow/example_dags/example_branch_operator.py took 0.113 seconds
[2024-11-19T12:06:56.346+0000] {processor.py:186} INFO - Started process (PID=447) to work on /home/airflow/.local/lib/python3.12/site-packages/airflow/example_dags/example_branch_operator.py
[2024-11-19T12:06:56.347+0000] {processor.py:914} INFO - Processing file /home/airflow/.local/lib/python3.12/site-packages/airflow/example_dags/example_branch_operator.py for tasks to queue
[2024-11-19T12:06:56.349+0000] {logging_mixin.py:190} INFO - [2024-11-19T12:06:56.349+0000] {dagbag.py:588} INFO - Filling up the DagBag from /home/airflow/.local/lib/python3.12/site-packages/airflow/example_dags/example_branch_operator.py
[2024-11-19T12:06:56.370+0000] {processor.py:925} INFO - DAG(s) 'example_branch_operator' retrieved from /home/airflow/.local/lib/python3.12/site-packages/airflow/example_dags/example_branch_operator.py
[2024-11-19T12:06:56.403+0000] {logging_mixin.py:190} INFO - [2024-11-19T12:06:56.403+0000] {dag.py:3239} INFO - Sync 1 DAGs
[2024-11-19T12:06:56.455+0000] {logging_mixin.py:190} INFO - [2024-11-19T12:06:56.455+0000] {dag.py:4180} INFO - Setting next_dagrun for example_branch_operator to 2024-11-18 00:00:00+00:00, run_after=2024-11-19 00:00:00+00:00
[2024-11-19T12:06:56.500+0000] {processor.py:208} INFO - Processing /home/airflow/.local/lib/python3.12/site-packages/airflow/example_dags/example_branch_operator.py took 0.159 seconds
[2024-11-19T12:07:26.812+0000] {processor.py:186} INFO - Started process (PID=506) to work on /home/airflow/.local/lib/python3.12/site-packages/airflow/example_dags/example_branch_operator.py
[2024-11-19T12:07:26.812+0000] {processor.py:914} INFO - Processing file /home/airflow/.local/lib/python3.12/site-packages/airflow/example_dags/example_branch_operator.py for tasks to queue
[2024-11-19T12:07:26.814+0000] {logging_mixin.py:190} INFO - [2024-11-19T12:07:26.814+0000] {dagbag.py:588} INFO - Filling up the DagBag from /home/airflow/.local/lib/python3.12/site-packages/airflow/example_dags/example_branch_operator.py
[2024-11-19T12:07:26.836+0000] {processor.py:925} INFO - DAG(s) 'example_branch_operator' retrieved from /home/airflow/.local/lib/python3.12/site-packages/airflow/example_dags/example_branch_operator.py
[2024-11-19T12:07:26.868+0000] {logging_mixin.py:190} INFO - [2024-11-19T12:07:26.867+0000] {dag.py:3239} INFO - Sync 1 DAGs
[2024-11-19T12:07:26.891+0000] {logging_mixin.py:190} INFO - [2024-11-19T12:07:26.891+0000] {dag.py:4180} INFO - Setting next_dagrun for example_branch_operator to 2024-11-18 00:00:00+00:00, run_after=2024-11-19 00:00:00+00:00
[2024-11-19T12:07:26.919+0000] {processor.py:208} INFO - Processing /home/airflow/.local/lib/python3.12/site-packages/airflow/example_dags/example_branch_operator.py took 0.117 seconds
[2024-11-19T12:07:59.401+0000] {processor.py:186} INFO - Started process (PID=558) to work on /home/airflow/.local/lib/python3.12/site-packages/airflow/example_dags/example_branch_operator.py
[2024-11-19T12:07:59.410+0000] {processor.py:914} INFO - Processing file /home/airflow/.local/lib/python3.12/site-packages/airflow/example_dags/example_branch_operator.py for tasks to queue
[2024-11-19T12:07:59.412+0000] {logging_mixin.py:190} INFO - [2024-11-19T12:07:59.412+0000] {dagbag.py:588} INFO - Filling up the DagBag from /home/airflow/.local/lib/python3.12/site-packages/airflow/example_dags/example_branch_operator.py
[2024-11-19T12:07:59.441+0000] {processor.py:925} INFO - DAG(s) 'example_branch_operator' retrieved from /home/airflow/.local/lib/python3.12/site-packages/airflow/example_dags/example_branch_operator.py
[2024-11-19T12:07:59.512+0000] {logging_mixin.py:190} INFO - [2024-11-19T12:07:59.512+0000] {dag.py:3239} INFO - Sync 1 DAGs
[2024-11-19T12:07:59.551+0000] {logging_mixin.py:190} INFO - [2024-11-19T12:07:59.550+0000] {dag.py:4180} INFO - Setting next_dagrun for example_branch_operator to 2024-11-18 00:00:00+00:00, run_after=2024-11-19 00:00:00+00:00
[2024-11-19T12:07:59.590+0000] {processor.py:208} INFO - Processing /home/airflow/.local/lib/python3.12/site-packages/airflow/example_dags/example_branch_operator.py took 0.201 seconds
[2024-11-19T12:08:31.293+0000] {processor.py:186} INFO - Started process (PID=622) to work on /home/airflow/.local/lib/python3.12/site-packages/airflow/example_dags/example_branch_operator.py
[2024-11-19T12:08:31.306+0000] {processor.py:914} INFO - Processing file /home/airflow/.local/lib/python3.12/site-packages/airflow/example_dags/example_branch_operator.py for tasks to queue
[2024-11-19T12:08:31.308+0000] {logging_mixin.py:190} INFO - [2024-11-19T12:08:31.308+0000] {dagbag.py:588} INFO - Filling up the DagBag from /home/airflow/.local/lib/python3.12/site-packages/airflow/example_dags/example_branch_operator.py
[2024-11-19T12:08:31.384+0000] {processor.py:925} INFO - DAG(s) 'example_branch_operator' retrieved from /home/airflow/.local/lib/python3.12/site-packages/airflow/example_dags/example_branch_operator.py
[2024-11-19T12:08:31.552+0000] {logging_mixin.py:190} INFO - [2024-11-19T12:08:31.552+0000] {dag.py:3239} INFO - Sync 1 DAGs
[2024-11-19T12:08:31.655+0000] {logging_mixin.py:190} INFO - [2024-11-19T12:08:31.654+0000] {dag.py:4180} INFO - Setting next_dagrun for example_branch_operator to 2024-11-18 00:00:00+00:00, run_after=2024-11-19 00:00:00+00:00
[2024-11-19T12:08:31.704+0000] {processor.py:208} INFO - Processing /home/airflow/.local/lib/python3.12/site-packages/airflow/example_dags/example_branch_operator.py took 0.417 seconds
[2024-11-19T12:09:02.088+0000] {processor.py:186} INFO - Started process (PID=686) to work on /home/airflow/.local/lib/python3.12/site-packages/airflow/example_dags/example_branch_operator.py
[2024-11-19T12:09:02.088+0000] {processor.py:914} INFO - Processing file /home/airflow/.local/lib/python3.12/site-packages/airflow/example_dags/example_branch_operator.py for tasks to queue
[2024-11-19T12:09:02.090+0000] {logging_mixin.py:190} INFO - [2024-11-19T12:09:02.090+0000] {dagbag.py:588} INFO - Filling up the DagBag from /home/airflow/.local/lib/python3.12/site-packages/airflow/example_dags/example_branch_operator.py
[2024-11-19T12:09:02.126+0000] {processor.py:925} INFO - DAG(s) 'example_branch_operator' retrieved from /home/airflow/.local/lib/python3.12/site-packages/airflow/example_dags/example_branch_operator.py
[2024-11-19T12:09:02.227+0000] {logging_mixin.py:190} INFO - [2024-11-19T12:09:02.227+0000] {dag.py:3239} INFO - Sync 1 DAGs
[2024-11-19T12:09:02.256+0000] {logging_mixin.py:190} INFO - [2024-11-19T12:09:02.256+0000] {dag.py:4180} INFO - Setting next_dagrun for example_branch_operator to 2024-11-18 00:00:00+00:00, run_after=2024-11-19 00:00:00+00:00
[2024-11-19T12:09:02.285+0000] {processor.py:208} INFO - Processing /home/airflow/.local/lib/python3.12/site-packages/airflow/example_dags/example_branch_operator.py took 0.211 seconds
[2024-11-19T12:09:32.386+0000] {processor.py:186} INFO - Started process (PID=756) to work on /home/airflow/.local/lib/python3.12/site-packages/airflow/example_dags/example_branch_operator.py
[2024-11-19T12:09:32.387+0000] {processor.py:914} INFO - Processing file /home/airflow/.local/lib/python3.12/site-packages/airflow/example_dags/example_branch_operator.py for tasks to queue
[2024-11-19T12:09:32.399+0000] {logging_mixin.py:190} INFO - [2024-11-19T12:09:32.398+0000] {dagbag.py:588} INFO - Filling up the DagBag from /home/airflow/.local/lib/python3.12/site-packages/airflow/example_dags/example_branch_operator.py
[2024-11-19T12:09:32.422+0000] {processor.py:925} INFO - DAG(s) 'example_branch_operator' retrieved from /home/airflow/.local/lib/python3.12/site-packages/airflow/example_dags/example_branch_operator.py
[2024-11-19T12:09:32.455+0000] {logging_mixin.py:190} INFO - [2024-11-19T12:09:32.454+0000] {dag.py:3239} INFO - Sync 1 DAGs
[2024-11-19T12:09:32.481+0000] {logging_mixin.py:190} INFO - [2024-11-19T12:09:32.481+0000] {dag.py:4180} INFO - Setting next_dagrun for example_branch_operator to 2024-11-18 00:00:00+00:00, run_after=2024-11-19 00:00:00+00:00
[2024-11-19T12:09:32.504+0000] {processor.py:208} INFO - Processing /home/airflow/.local/lib/python3.12/site-packages/airflow/example_dags/example_branch_operator.py took 0.131 seconds
[2024-11-19T12:10:02.762+0000] {processor.py:186} INFO - Started process (PID=819) to work on /home/airflow/.local/lib/python3.12/site-packages/airflow/example_dags/example_branch_operator.py
[2024-11-19T12:10:02.763+0000] {processor.py:914} INFO - Processing file /home/airflow/.local/lib/python3.12/site-packages/airflow/example_dags/example_branch_operator.py for tasks to queue
[2024-11-19T12:10:02.765+0000] {logging_mixin.py:190} INFO - [2024-11-19T12:10:02.765+0000] {dagbag.py:588} INFO - Filling up the DagBag from /home/airflow/.local/lib/python3.12/site-packages/airflow/example_dags/example_branch_operator.py
[2024-11-19T12:10:02.785+0000] {processor.py:925} INFO - DAG(s) 'example_branch_operator' retrieved from /home/airflow/.local/lib/python3.12/site-packages/airflow/example_dags/example_branch_operator.py
[2024-11-19T12:10:02.816+0000] {logging_mixin.py:190} INFO - [2024-11-19T12:10:02.816+0000] {dag.py:3239} INFO - Sync 1 DAGs
[2024-11-19T12:10:02.840+0000] {logging_mixin.py:190} INFO - [2024-11-19T12:10:02.840+0000] {dag.py:4180} INFO - Setting next_dagrun for example_branch_operator to 2024-11-18 00:00:00+00:00, run_after=2024-11-19 00:00:00+00:00
[2024-11-19T12:10:02.861+0000] {processor.py:208} INFO - Processing /home/airflow/.local/lib/python3.12/site-packages/airflow/example_dags/example_branch_operator.py took 0.104 seconds
[2024-11-19T12:10:32.933+0000] {processor.py:186} INFO - Started process (PID=880) to work on /home/airflow/.local/lib/python3.12/site-packages/airflow/example_dags/example_branch_operator.py
[2024-11-19T12:10:32.934+0000] {processor.py:914} INFO - Processing file /home/airflow/.local/lib/python3.12/site-packages/airflow/example_dags/example_branch_operator.py for tasks to queue
[2024-11-19T12:10:32.936+0000] {logging_mixin.py:190} INFO - [2024-11-19T12:10:32.935+0000] {dagbag.py:588} INFO - Filling up the DagBag from /home/airflow/.local/lib/python3.12/site-packages/airflow/example_dags/example_branch_operator.py
[2024-11-19T12:10:32.955+0000] {processor.py:925} INFO - DAG(s) 'example_branch_operator' retrieved from /home/airflow/.local/lib/python3.12/site-packages/airflow/example_dags/example_branch_operator.py
[2024-11-19T12:10:32.987+0000] {logging_mixin.py:190} INFO - [2024-11-19T12:10:32.987+0000] {dag.py:3239} INFO - Sync 1 DAGs
[2024-11-19T12:10:33.012+0000] {logging_mixin.py:190} INFO - [2024-11-19T12:10:33.012+0000] {dag.py:4180} INFO - Setting next_dagrun for example_branch_operator to 2024-11-18 00:00:00+00:00, run_after=2024-11-19 00:00:00+00:00
[2024-11-19T12:10:33.065+0000] {processor.py:208} INFO - Processing /home/airflow/.local/lib/python3.12/site-packages/airflow/example_dags/example_branch_operator.py took 0.138 seconds
[2024-11-19T12:11:03.184+0000] {processor.py:186} INFO - Started process (PID=948) to work on /home/airflow/.local/lib/python3.12/site-packages/airflow/example_dags/example_branch_operator.py
[2024-11-19T12:11:03.185+0000] {processor.py:914} INFO - Processing file /home/airflow/.local/lib/python3.12/site-packages/airflow/example_dags/example_branch_operator.py for tasks to queue
[2024-11-19T12:11:03.186+0000] {logging_mixin.py:190} INFO - [2024-11-19T12:11:03.186+0000] {dagbag.py:588} INFO - Filling up the DagBag from /home/airflow/.local/lib/python3.12/site-packages/airflow/example_dags/example_branch_operator.py
[2024-11-19T12:11:03.206+0000] {processor.py:925} INFO - DAG(s) 'example_branch_operator' retrieved from /home/airflow/.local/lib/python3.12/site-packages/airflow/example_dags/example_branch_operator.py
[2024-11-19T12:11:03.255+0000] {logging_mixin.py:190} INFO - [2024-11-19T12:11:03.255+0000] {dag.py:3239} INFO - Sync 1 DAGs
[2024-11-19T12:11:03.281+0000] {logging_mixin.py:190} INFO - [2024-11-19T12:11:03.281+0000] {dag.py:4180} INFO - Setting next_dagrun for example_branch_operator to 2024-11-18 00:00:00+00:00, run_after=2024-11-19 00:00:00+00:00
[2024-11-19T12:11:03.305+0000] {processor.py:208} INFO - Processing /home/airflow/.local/lib/python3.12/site-packages/airflow/example_dags/example_branch_operator.py took 0.126 seconds
[2024-11-19T12:11:33.646+0000] {processor.py:186} INFO - Started process (PID=1019) to work on /home/airflow/.local/lib/python3.12/site-packages/airflow/example_dags/example_branch_operator.py
[2024-11-19T12:11:33.647+0000] {processor.py:914} INFO - Processing file /home/airflow/.local/lib/python3.12/site-packages/airflow/example_dags/example_branch_operator.py for tasks to queue
[2024-11-19T12:11:33.648+0000] {logging_mixin.py:190} INFO - [2024-11-19T12:11:33.648+0000] {dagbag.py:588} INFO - Filling up the DagBag from /home/airflow/.local/lib/python3.12/site-packages/airflow/example_dags/example_branch_operator.py
[2024-11-19T12:11:33.668+0000] {processor.py:925} INFO - DAG(s) 'example_branch_operator' retrieved from /home/airflow/.local/lib/python3.12/site-packages/airflow/example_dags/example_branch_operator.py
[2024-11-19T12:11:33.703+0000] {logging_mixin.py:190} INFO - [2024-11-19T12:11:33.703+0000] {dag.py:3239} INFO - Sync 1 DAGs
[2024-11-19T12:11:33.731+0000] {logging_mixin.py:190} INFO - [2024-11-19T12:11:33.730+0000] {dag.py:4180} INFO - Setting next_dagrun for example_branch_operator to 2024-11-18 00:00:00+00:00, run_after=2024-11-19 00:00:00+00:00
[2024-11-19T12:11:33.765+0000] {processor.py:208} INFO - Processing /home/airflow/.local/lib/python3.12/site-packages/airflow/example_dags/example_branch_operator.py took 0.124 seconds
[2024-11-19T12:12:04.447+0000] {processor.py:186} INFO - Started process (PID=1082) to work on /home/airflow/.local/lib/python3.12/site-packages/airflow/example_dags/example_branch_operator.py
[2024-11-19T12:12:04.448+0000] {processor.py:914} INFO - Processing file /home/airflow/.local/lib/python3.12/site-packages/airflow/example_dags/example_branch_operator.py for tasks to queue
[2024-11-19T12:12:04.449+0000] {logging_mixin.py:190} INFO - [2024-11-19T12:12:04.448+0000] {dagbag.py:588} INFO - Filling up the DagBag from /home/airflow/.local/lib/python3.12/site-packages/airflow/example_dags/example_branch_operator.py
[2024-11-19T12:12:04.468+0000] {processor.py:925} INFO - DAG(s) 'example_branch_operator' retrieved from /home/airflow/.local/lib/python3.12/site-packages/airflow/example_dags/example_branch_operator.py
[2024-11-19T12:12:04.530+0000] {logging_mixin.py:190} INFO - [2024-11-19T12:12:04.530+0000] {dag.py:3239} INFO - Sync 1 DAGs
[2024-11-19T12:12:04.573+0000] {logging_mixin.py:190} INFO - [2024-11-19T12:12:04.573+0000] {dag.py:4180} INFO - Setting next_dagrun for example_branch_operator to 2024-11-18 00:00:00+00:00, run_after=2024-11-19 00:00:00+00:00
[2024-11-19T12:12:04.617+0000] {processor.py:208} INFO - Processing /home/airflow/.local/lib/python3.12/site-packages/airflow/example_dags/example_branch_operator.py took 0.175 seconds
[2024-11-19T12:12:34.857+0000] {processor.py:186} INFO - Started process (PID=1151) to work on /home/airflow/.local/lib/python3.12/site-packages/airflow/example_dags/example_branch_operator.py
[2024-11-19T12:12:34.860+0000] {processor.py:914} INFO - Processing file /home/airflow/.local/lib/python3.12/site-packages/airflow/example_dags/example_branch_operator.py for tasks to queue
[2024-11-19T12:12:34.862+0000] {logging_mixin.py:190} INFO - [2024-11-19T12:12:34.861+0000] {dagbag.py:588} INFO - Filling up the DagBag from /home/airflow/.local/lib/python3.12/site-packages/airflow/example_dags/example_branch_operator.py
[2024-11-19T12:12:34.900+0000] {processor.py:925} INFO - DAG(s) 'example_branch_operator' retrieved from /home/airflow/.local/lib/python3.12/site-packages/airflow/example_dags/example_branch_operator.py
[2024-11-19T12:12:34.971+0000] {logging_mixin.py:190} INFO - [2024-11-19T12:12:34.971+0000] {dag.py:3239} INFO - Sync 1 DAGs
[2024-11-19T12:12:35.009+0000] {logging_mixin.py:190} INFO - [2024-11-19T12:12:35.008+0000] {dag.py:4180} INFO - Setting next_dagrun for example_branch_operator to 2024-11-18 00:00:00+00:00, run_after=2024-11-19 00:00:00+00:00
[2024-11-19T12:12:35.051+0000] {processor.py:208} INFO - Processing /home/airflow/.local/lib/python3.12/site-packages/airflow/example_dags/example_branch_operator.py took 0.202 seconds
[2024-11-19T12:13:05.760+0000] {processor.py:186} INFO - Started process (PID=1215) to work on /home/airflow/.local/lib/python3.12/site-packages/airflow/example_dags/example_branch_operator.py
[2024-11-19T12:13:05.761+0000] {processor.py:914} INFO - Processing file /home/airflow/.local/lib/python3.12/site-packages/airflow/example_dags/example_branch_operator.py for tasks to queue
[2024-11-19T12:13:05.763+0000] {logging_mixin.py:190} INFO - [2024-11-19T12:13:05.763+0000] {dagbag.py:588} INFO - Filling up the DagBag from /home/airflow/.local/lib/python3.12/site-packages/airflow/example_dags/example_branch_operator.py
[2024-11-19T12:13:05.924+0000] {processor.py:925} INFO - DAG(s) 'example_branch_operator' retrieved from /home/airflow/.local/lib/python3.12/site-packages/airflow/example_dags/example_branch_operator.py
[2024-11-19T12:13:06.076+0000] {logging_mixin.py:190} INFO - [2024-11-19T12:13:06.076+0000] {dag.py:3239} INFO - Sync 1 DAGs
[2024-11-19T12:13:06.249+0000] {logging_mixin.py:190} INFO - [2024-11-19T12:13:06.248+0000] {dag.py:4180} INFO - Setting next_dagrun for example_branch_operator to 2024-11-18 00:00:00+00:00, run_after=2024-11-19 00:00:00+00:00
[2024-11-19T12:13:06.353+0000] {processor.py:208} INFO - Processing /home/airflow/.local/lib/python3.12/site-packages/airflow/example_dags/example_branch_operator.py took 0.618 seconds
[2024-11-19T12:13:37.177+0000] {processor.py:186} INFO - Started process (PID=1280) to work on /home/airflow/.local/lib/python3.12/site-packages/airflow/example_dags/example_branch_operator.py
[2024-11-19T12:13:37.178+0000] {processor.py:914} INFO - Processing file /home/airflow/.local/lib/python3.12/site-packages/airflow/example_dags/example_branch_operator.py for tasks to queue
[2024-11-19T12:13:37.179+0000] {logging_mixin.py:190} INFO - [2024-11-19T12:13:37.179+0000] {dagbag.py:588} INFO - Filling up the DagBag from /home/airflow/.local/lib/python3.12/site-packages/airflow/example_dags/example_branch_operator.py
[2024-11-19T12:13:37.199+0000] {processor.py:925} INFO - DAG(s) 'example_branch_operator' retrieved from /home/airflow/.local/lib/python3.12/site-packages/airflow/example_dags/example_branch_operator.py
[2024-11-19T12:13:37.234+0000] {logging_mixin.py:190} INFO - [2024-11-19T12:13:37.233+0000] {dag.py:3239} INFO - Sync 1 DAGs
[2024-11-19T12:13:37.259+0000] {logging_mixin.py:190} INFO - [2024-11-19T12:13:37.259+0000] {dag.py:4180} INFO - Setting next_dagrun for example_branch_operator to 2024-11-18 00:00:00+00:00, run_after=2024-11-19 00:00:00+00:00
[2024-11-19T12:13:37.282+0000] {processor.py:208} INFO - Processing /home/airflow/.local/lib/python3.12/site-packages/airflow/example_dags/example_branch_operator.py took 0.110 seconds
[2024-11-19T12:14:07.574+0000] {processor.py:186} INFO - Started process (PID=1345) to work on /home/airflow/.local/lib/python3.12/site-packages/airflow/example_dags/example_branch_operator.py
[2024-11-19T12:14:07.575+0000] {processor.py:914} INFO - Processing file /home/airflow/.local/lib/python3.12/site-packages/airflow/example_dags/example_branch_operator.py for tasks to queue
[2024-11-19T12:14:07.576+0000] {logging_mixin.py:190} INFO - [2024-11-19T12:14:07.576+0000] {dagbag.py:588} INFO - Filling up the DagBag from /home/airflow/.local/lib/python3.12/site-packages/airflow/example_dags/example_branch_operator.py
[2024-11-19T12:14:07.596+0000] {processor.py:925} INFO - DAG(s) 'example_branch_operator' retrieved from /home/airflow/.local/lib/python3.12/site-packages/airflow/example_dags/example_branch_operator.py
[2024-11-19T12:14:07.628+0000] {logging_mixin.py:190} INFO - [2024-11-19T12:14:07.628+0000] {dag.py:3239} INFO - Sync 1 DAGs
[2024-11-19T12:14:07.656+0000] {logging_mixin.py:190} INFO - [2024-11-19T12:14:07.656+0000] {dag.py:4180} INFO - Setting next_dagrun for example_branch_operator to 2024-11-18 00:00:00+00:00, run_after=2024-11-19 00:00:00+00:00
[2024-11-19T12:14:07.681+0000] {processor.py:208} INFO - Processing /home/airflow/.local/lib/python3.12/site-packages/airflow/example_dags/example_branch_operator.py took 0.112 seconds
[2024-11-19T12:14:38.112+0000] {processor.py:186} INFO - Started process (PID=1409) to work on /home/airflow/.local/lib/python3.12/site-packages/airflow/example_dags/example_branch_operator.py
[2024-11-19T12:14:38.113+0000] {processor.py:914} INFO - Processing file /home/airflow/.local/lib/python3.12/site-packages/airflow/example_dags/example_branch_operator.py for tasks to queue
[2024-11-19T12:14:38.115+0000] {logging_mixin.py:190} INFO - [2024-11-19T12:14:38.114+0000] {dagbag.py:588} INFO - Filling up the DagBag from /home/airflow/.local/lib/python3.12/site-packages/airflow/example_dags/example_branch_operator.py
[2024-11-19T12:14:38.135+0000] {processor.py:925} INFO - DAG(s) 'example_branch_operator' retrieved from /home/airflow/.local/lib/python3.12/site-packages/airflow/example_dags/example_branch_operator.py
[2024-11-19T12:14:38.165+0000] {logging_mixin.py:190} INFO - [2024-11-19T12:14:38.165+0000] {dag.py:3239} INFO - Sync 1 DAGs
[2024-11-19T12:14:38.193+0000] {logging_mixin.py:190} INFO - [2024-11-19T12:14:38.192+0000] {dag.py:4180} INFO - Setting next_dagrun for example_branch_operator to 2024-11-18 00:00:00+00:00, run_after=2024-11-19 00:00:00+00:00
[2024-11-19T12:14:38.219+0000] {processor.py:208} INFO - Processing /home/airflow/.local/lib/python3.12/site-packages/airflow/example_dags/example_branch_operator.py took 0.112 seconds
[2024-11-19T12:19:43.481+0000] {processor.py:186} INFO - Started process (PID=63) to work on /home/airflow/.local/lib/python3.12/site-packages/airflow/example_dags/example_branch_operator.py
[2024-11-19T12:19:43.492+0000] {processor.py:914} INFO - Processing file /home/airflow/.local/lib/python3.12/site-packages/airflow/example_dags/example_branch_operator.py for tasks to queue
[2024-11-19T12:19:43.502+0000] {logging_mixin.py:190} INFO - [2024-11-19T12:19:43.502+0000] {dagbag.py:588} INFO - Filling up the DagBag from /home/airflow/.local/lib/python3.12/site-packages/airflow/example_dags/example_branch_operator.py
[2024-11-19T12:19:43.559+0000] {processor.py:925} INFO - DAG(s) 'example_branch_operator' retrieved from /home/airflow/.local/lib/python3.12/site-packages/airflow/example_dags/example_branch_operator.py
[2024-11-19T12:19:43.940+0000] {logging_mixin.py:190} INFO - [2024-11-19T12:19:43.940+0000] {dag.py:3239} INFO - Sync 1 DAGs
[2024-11-19T12:19:44.004+0000] {logging_mixin.py:190} INFO - [2024-11-19T12:19:44.004+0000] {dag.py:4180} INFO - Setting next_dagrun for example_branch_operator to 2024-11-18 00:00:00+00:00, run_after=2024-11-19 00:00:00+00:00
[2024-11-19T12:19:44.075+0000] {processor.py:208} INFO - Processing /home/airflow/.local/lib/python3.12/site-packages/airflow/example_dags/example_branch_operator.py took 0.603 seconds
[2024-11-19T12:20:14.134+0000] {processor.py:186} INFO - Started process (PID=127) to work on /home/airflow/.local/lib/python3.12/site-packages/airflow/example_dags/example_branch_operator.py
[2024-11-19T12:20:14.134+0000] {processor.py:914} INFO - Processing file /home/airflow/.local/lib/python3.12/site-packages/airflow/example_dags/example_branch_operator.py for tasks to queue
[2024-11-19T12:20:14.136+0000] {logging_mixin.py:190} INFO - [2024-11-19T12:20:14.136+0000] {dagbag.py:588} INFO - Filling up the DagBag from /home/airflow/.local/lib/python3.12/site-packages/airflow/example_dags/example_branch_operator.py
[2024-11-19T12:20:14.150+0000] {processor.py:925} INFO - DAG(s) 'example_branch_operator' retrieved from /home/airflow/.local/lib/python3.12/site-packages/airflow/example_dags/example_branch_operator.py
[2024-11-19T12:20:14.176+0000] {logging_mixin.py:190} INFO - [2024-11-19T12:20:14.175+0000] {dag.py:3239} INFO - Sync 1 DAGs
[2024-11-19T12:20:14.193+0000] {logging_mixin.py:190} INFO - [2024-11-19T12:20:14.193+0000] {dag.py:4180} INFO - Setting next_dagrun for example_branch_operator to 2024-11-18 00:00:00+00:00, run_after=2024-11-19 00:00:00+00:00
[2024-11-19T12:20:14.217+0000] {processor.py:208} INFO - Processing /home/airflow/.local/lib/python3.12/site-packages/airflow/example_dags/example_branch_operator.py took 0.087 seconds
[2024-11-19T12:20:44.290+0000] {processor.py:186} INFO - Started process (PID=191) to work on /home/airflow/.local/lib/python3.12/site-packages/airflow/example_dags/example_branch_operator.py
[2024-11-19T12:20:44.291+0000] {processor.py:914} INFO - Processing file /home/airflow/.local/lib/python3.12/site-packages/airflow/example_dags/example_branch_operator.py for tasks to queue
[2024-11-19T12:20:44.293+0000] {logging_mixin.py:190} INFO - [2024-11-19T12:20:44.293+0000] {dagbag.py:588} INFO - Filling up the DagBag from /home/airflow/.local/lib/python3.12/site-packages/airflow/example_dags/example_branch_operator.py
[2024-11-19T12:20:44.314+0000] {processor.py:925} INFO - DAG(s) 'example_branch_operator' retrieved from /home/airflow/.local/lib/python3.12/site-packages/airflow/example_dags/example_branch_operator.py
[2024-11-19T12:20:44.347+0000] {logging_mixin.py:190} INFO - [2024-11-19T12:20:44.347+0000] {dag.py:3239} INFO - Sync 1 DAGs
[2024-11-19T12:20:44.373+0000] {logging_mixin.py:190} INFO - [2024-11-19T12:20:44.373+0000] {dag.py:4180} INFO - Setting next_dagrun for example_branch_operator to 2024-11-18 00:00:00+00:00, run_after=2024-11-19 00:00:00+00:00
[2024-11-19T12:20:44.398+0000] {processor.py:208} INFO - Processing /home/airflow/.local/lib/python3.12/site-packages/airflow/example_dags/example_branch_operator.py took 0.114 seconds
[2024-11-19T12:21:14.861+0000] {processor.py:186} INFO - Started process (PID=256) to work on /home/airflow/.local/lib/python3.12/site-packages/airflow/example_dags/example_branch_operator.py
[2024-11-19T12:21:14.870+0000] {processor.py:914} INFO - Processing file /home/airflow/.local/lib/python3.12/site-packages/airflow/example_dags/example_branch_operator.py for tasks to queue
[2024-11-19T12:21:14.885+0000] {logging_mixin.py:190} INFO - [2024-11-19T12:21:14.885+0000] {dagbag.py:588} INFO - Filling up the DagBag from /home/airflow/.local/lib/python3.12/site-packages/airflow/example_dags/example_branch_operator.py
[2024-11-19T12:21:14.936+0000] {processor.py:925} INFO - DAG(s) 'example_branch_operator' retrieved from /home/airflow/.local/lib/python3.12/site-packages/airflow/example_dags/example_branch_operator.py
[2024-11-19T12:21:14.992+0000] {logging_mixin.py:190} INFO - [2024-11-19T12:21:14.992+0000] {dag.py:3239} INFO - Sync 1 DAGs
[2024-11-19T12:21:15.043+0000] {logging_mixin.py:190} INFO - [2024-11-19T12:21:15.043+0000] {dag.py:4180} INFO - Setting next_dagrun for example_branch_operator to 2024-11-18 00:00:00+00:00, run_after=2024-11-19 00:00:00+00:00
[2024-11-19T12:21:15.195+0000] {processor.py:208} INFO - Processing /home/airflow/.local/lib/python3.12/site-packages/airflow/example_dags/example_branch_operator.py took 0.374 seconds
[2024-11-19T12:21:45.409+0000] {processor.py:186} INFO - Started process (PID=321) to work on /home/airflow/.local/lib/python3.12/site-packages/airflow/example_dags/example_branch_operator.py
[2024-11-19T12:21:45.409+0000] {processor.py:914} INFO - Processing file /home/airflow/.local/lib/python3.12/site-packages/airflow/example_dags/example_branch_operator.py for tasks to queue
[2024-11-19T12:21:45.412+0000] {logging_mixin.py:190} INFO - [2024-11-19T12:21:45.412+0000] {dagbag.py:588} INFO - Filling up the DagBag from /home/airflow/.local/lib/python3.12/site-packages/airflow/example_dags/example_branch_operator.py
[2024-11-19T12:21:45.433+0000] {processor.py:925} INFO - DAG(s) 'example_branch_operator' retrieved from /home/airflow/.local/lib/python3.12/site-packages/airflow/example_dags/example_branch_operator.py
[2024-11-19T12:21:45.466+0000] {logging_mixin.py:190} INFO - [2024-11-19T12:21:45.466+0000] {dag.py:3239} INFO - Sync 1 DAGs
[2024-11-19T12:21:45.491+0000] {logging_mixin.py:190} INFO - [2024-11-19T12:21:45.491+0000] {dag.py:4180} INFO - Setting next_dagrun for example_branch_operator to 2024-11-18 00:00:00+00:00, run_after=2024-11-19 00:00:00+00:00
[2024-11-19T12:21:45.513+0000] {processor.py:208} INFO - Processing /home/airflow/.local/lib/python3.12/site-packages/airflow/example_dags/example_branch_operator.py took 0.132 seconds
[2024-11-19T12:22:15.611+0000] {processor.py:186} INFO - Started process (PID=386) to work on /home/airflow/.local/lib/python3.12/site-packages/airflow/example_dags/example_branch_operator.py
[2024-11-19T12:22:15.612+0000] {processor.py:914} INFO - Processing file /home/airflow/.local/lib/python3.12/site-packages/airflow/example_dags/example_branch_operator.py for tasks to queue
[2024-11-19T12:22:15.613+0000] {logging_mixin.py:190} INFO - [2024-11-19T12:22:15.613+0000] {dagbag.py:588} INFO - Filling up the DagBag from /home/airflow/.local/lib/python3.12/site-packages/airflow/example_dags/example_branch_operator.py
[2024-11-19T12:22:15.627+0000] {processor.py:925} INFO - DAG(s) 'example_branch_operator' retrieved from /home/airflow/.local/lib/python3.12/site-packages/airflow/example_dags/example_branch_operator.py
[2024-11-19T12:22:15.649+0000] {logging_mixin.py:190} INFO - [2024-11-19T12:22:15.649+0000] {dag.py:3239} INFO - Sync 1 DAGs
[2024-11-19T12:22:15.667+0000] {logging_mixin.py:190} INFO - [2024-11-19T12:22:15.667+0000] {dag.py:4180} INFO - Setting next_dagrun for example_branch_operator to 2024-11-18 00:00:00+00:00, run_after=2024-11-19 00:00:00+00:00
[2024-11-19T12:22:15.688+0000] {processor.py:208} INFO - Processing /home/airflow/.local/lib/python3.12/site-packages/airflow/example_dags/example_branch_operator.py took 0.081 seconds
[2024-11-19T12:22:45.772+0000] {processor.py:186} INFO - Started process (PID=450) to work on /home/airflow/.local/lib/python3.12/site-packages/airflow/example_dags/example_branch_operator.py
[2024-11-19T12:22:45.772+0000] {processor.py:914} INFO - Processing file /home/airflow/.local/lib/python3.12/site-packages/airflow/example_dags/example_branch_operator.py for tasks to queue
[2024-11-19T12:22:45.774+0000] {logging_mixin.py:190} INFO - [2024-11-19T12:22:45.774+0000] {dagbag.py:588} INFO - Filling up the DagBag from /home/airflow/.local/lib/python3.12/site-packages/airflow/example_dags/example_branch_operator.py
[2024-11-19T12:22:45.787+0000] {processor.py:925} INFO - DAG(s) 'example_branch_operator' retrieved from /home/airflow/.local/lib/python3.12/site-packages/airflow/example_dags/example_branch_operator.py
[2024-11-19T12:22:45.808+0000] {logging_mixin.py:190} INFO - [2024-11-19T12:22:45.808+0000] {dag.py:3239} INFO - Sync 1 DAGs
[2024-11-19T12:22:45.826+0000] {logging_mixin.py:190} INFO - [2024-11-19T12:22:45.826+0000] {dag.py:4180} INFO - Setting next_dagrun for example_branch_operator to 2024-11-18 00:00:00+00:00, run_after=2024-11-19 00:00:00+00:00
[2024-11-19T12:22:45.851+0000] {processor.py:208} INFO - Processing /home/airflow/.local/lib/python3.12/site-packages/airflow/example_dags/example_branch_operator.py took 0.084 seconds
[2024-11-19T12:23:16.572+0000] {processor.py:186} INFO - Started process (PID=514) to work on /home/airflow/.local/lib/python3.12/site-packages/airflow/example_dags/example_branch_operator.py
[2024-11-19T12:23:16.573+0000] {processor.py:914} INFO - Processing file /home/airflow/.local/lib/python3.12/site-packages/airflow/example_dags/example_branch_operator.py for tasks to queue
[2024-11-19T12:23:16.575+0000] {logging_mixin.py:190} INFO - [2024-11-19T12:23:16.575+0000] {dagbag.py:588} INFO - Filling up the DagBag from /home/airflow/.local/lib/python3.12/site-packages/airflow/example_dags/example_branch_operator.py
[2024-11-19T12:23:16.600+0000] {processor.py:925} INFO - DAG(s) 'example_branch_operator' retrieved from /home/airflow/.local/lib/python3.12/site-packages/airflow/example_dags/example_branch_operator.py
[2024-11-19T12:23:16.629+0000] {logging_mixin.py:190} INFO - [2024-11-19T12:23:16.629+0000] {dag.py:3239} INFO - Sync 1 DAGs
[2024-11-19T12:23:16.653+0000] {logging_mixin.py:190} INFO - [2024-11-19T12:23:16.653+0000] {dag.py:4180} INFO - Setting next_dagrun for example_branch_operator to 2024-11-18 00:00:00+00:00, run_after=2024-11-19 00:00:00+00:00
[2024-11-19T12:23:16.682+0000] {processor.py:208} INFO - Processing /home/airflow/.local/lib/python3.12/site-packages/airflow/example_dags/example_branch_operator.py took 0.121 seconds
[2024-11-19T12:23:46.765+0000] {processor.py:186} INFO - Started process (PID=578) to work on /home/airflow/.local/lib/python3.12/site-packages/airflow/example_dags/example_branch_operator.py
[2024-11-19T12:23:46.766+0000] {processor.py:914} INFO - Processing file /home/airflow/.local/lib/python3.12/site-packages/airflow/example_dags/example_branch_operator.py for tasks to queue
[2024-11-19T12:23:46.768+0000] {logging_mixin.py:190} INFO - [2024-11-19T12:23:46.767+0000] {dagbag.py:588} INFO - Filling up the DagBag from /home/airflow/.local/lib/python3.12/site-packages/airflow/example_dags/example_branch_operator.py
[2024-11-19T12:23:46.781+0000] {processor.py:925} INFO - DAG(s) 'example_branch_operator' retrieved from /home/airflow/.local/lib/python3.12/site-packages/airflow/example_dags/example_branch_operator.py
[2024-11-19T12:23:46.802+0000] {logging_mixin.py:190} INFO - [2024-11-19T12:23:46.802+0000] {dag.py:3239} INFO - Sync 1 DAGs
[2024-11-19T12:23:46.820+0000] {logging_mixin.py:190} INFO - [2024-11-19T12:23:46.820+0000] {dag.py:4180} INFO - Setting next_dagrun for example_branch_operator to 2024-11-18 00:00:00+00:00, run_after=2024-11-19 00:00:00+00:00
[2024-11-19T12:23:46.840+0000] {processor.py:208} INFO - Processing /home/airflow/.local/lib/python3.12/site-packages/airflow/example_dags/example_branch_operator.py took 0.079 seconds
[2024-11-19T12:24:17.220+0000] {processor.py:186} INFO - Started process (PID=643) to work on /home/airflow/.local/lib/python3.12/site-packages/airflow/example_dags/example_branch_operator.py
[2024-11-19T12:24:17.221+0000] {processor.py:914} INFO - Processing file /home/airflow/.local/lib/python3.12/site-packages/airflow/example_dags/example_branch_operator.py for tasks to queue
[2024-11-19T12:24:17.223+0000] {logging_mixin.py:190} INFO - [2024-11-19T12:24:17.223+0000] {dagbag.py:588} INFO - Filling up the DagBag from /home/airflow/.local/lib/python3.12/site-packages/airflow/example_dags/example_branch_operator.py
[2024-11-19T12:24:17.243+0000] {processor.py:925} INFO - DAG(s) 'example_branch_operator' retrieved from /home/airflow/.local/lib/python3.12/site-packages/airflow/example_dags/example_branch_operator.py
[2024-11-19T12:24:17.276+0000] {logging_mixin.py:190} INFO - [2024-11-19T12:24:17.276+0000] {dag.py:3239} INFO - Sync 1 DAGs
[2024-11-19T12:24:17.301+0000] {logging_mixin.py:190} INFO - [2024-11-19T12:24:17.300+0000] {dag.py:4180} INFO - Setting next_dagrun for example_branch_operator to 2024-11-18 00:00:00+00:00, run_after=2024-11-19 00:00:00+00:00
[2024-11-19T12:24:17.330+0000] {processor.py:208} INFO - Processing /home/airflow/.local/lib/python3.12/site-packages/airflow/example_dags/example_branch_operator.py took 0.118 seconds
[2024-11-19T12:24:47.609+0000] {processor.py:186} INFO - Started process (PID=707) to work on /home/airflow/.local/lib/python3.12/site-packages/airflow/example_dags/example_branch_operator.py
[2024-11-19T12:24:47.609+0000] {processor.py:914} INFO - Processing file /home/airflow/.local/lib/python3.12/site-packages/airflow/example_dags/example_branch_operator.py for tasks to queue
[2024-11-19T12:24:47.612+0000] {logging_mixin.py:190} INFO - [2024-11-19T12:24:47.611+0000] {dagbag.py:588} INFO - Filling up the DagBag from /home/airflow/.local/lib/python3.12/site-packages/airflow/example_dags/example_branch_operator.py
[2024-11-19T12:24:47.634+0000] {processor.py:925} INFO - DAG(s) 'example_branch_operator' retrieved from /home/airflow/.local/lib/python3.12/site-packages/airflow/example_dags/example_branch_operator.py
[2024-11-19T12:24:47.670+0000] {logging_mixin.py:190} INFO - [2024-11-19T12:24:47.670+0000] {dag.py:3239} INFO - Sync 1 DAGs
[2024-11-19T12:24:47.692+0000] {logging_mixin.py:190} INFO - [2024-11-19T12:24:47.692+0000] {dag.py:4180} INFO - Setting next_dagrun for example_branch_operator to 2024-11-18 00:00:00+00:00, run_after=2024-11-19 00:00:00+00:00
[2024-11-19T12:24:47.717+0000] {processor.py:208} INFO - Processing /home/airflow/.local/lib/python3.12/site-packages/airflow/example_dags/example_branch_operator.py took 0.131 seconds
[2024-11-19T12:25:18.571+0000] {processor.py:186} INFO - Started process (PID=771) to work on /home/airflow/.local/lib/python3.12/site-packages/airflow/example_dags/example_branch_operator.py
[2024-11-19T12:25:18.572+0000] {processor.py:914} INFO - Processing file /home/airflow/.local/lib/python3.12/site-packages/airflow/example_dags/example_branch_operator.py for tasks to queue
[2024-11-19T12:25:18.574+0000] {logging_mixin.py:190} INFO - [2024-11-19T12:25:18.574+0000] {dagbag.py:588} INFO - Filling up the DagBag from /home/airflow/.local/lib/python3.12/site-packages/airflow/example_dags/example_branch_operator.py
[2024-11-19T12:25:18.668+0000] {processor.py:925} INFO - DAG(s) 'example_branch_operator' retrieved from /home/airflow/.local/lib/python3.12/site-packages/airflow/example_dags/example_branch_operator.py
[2024-11-19T12:25:18.887+0000] {logging_mixin.py:190} INFO - [2024-11-19T12:25:18.886+0000] {dag.py:3239} INFO - Sync 1 DAGs
[2024-11-19T12:25:19.015+0000] {logging_mixin.py:190} INFO - [2024-11-19T12:25:19.015+0000] {dag.py:4180} INFO - Setting next_dagrun for example_branch_operator to 2024-11-18 00:00:00+00:00, run_after=2024-11-19 00:00:00+00:00
[2024-11-19T12:25:19.161+0000] {processor.py:208} INFO - Processing /home/airflow/.local/lib/python3.12/site-packages/airflow/example_dags/example_branch_operator.py took 0.607 seconds
[2024-11-19T12:25:49.537+0000] {processor.py:186} INFO - Started process (PID=836) to work on /home/airflow/.local/lib/python3.12/site-packages/airflow/example_dags/example_branch_operator.py
[2024-11-19T12:25:49.538+0000] {processor.py:914} INFO - Processing file /home/airflow/.local/lib/python3.12/site-packages/airflow/example_dags/example_branch_operator.py for tasks to queue
[2024-11-19T12:25:49.540+0000] {logging_mixin.py:190} INFO - [2024-11-19T12:25:49.540+0000] {dagbag.py:588} INFO - Filling up the DagBag from /home/airflow/.local/lib/python3.12/site-packages/airflow/example_dags/example_branch_operator.py
[2024-11-19T12:25:49.560+0000] {processor.py:925} INFO - DAG(s) 'example_branch_operator' retrieved from /home/airflow/.local/lib/python3.12/site-packages/airflow/example_dags/example_branch_operator.py
[2024-11-19T12:25:49.598+0000] {logging_mixin.py:190} INFO - [2024-11-19T12:25:49.598+0000] {dag.py:3239} INFO - Sync 1 DAGs
[2024-11-19T12:25:49.629+0000] {logging_mixin.py:190} INFO - [2024-11-19T12:25:49.629+0000] {dag.py:4180} INFO - Setting next_dagrun for example_branch_operator to 2024-11-18 00:00:00+00:00, run_after=2024-11-19 00:00:00+00:00
[2024-11-19T12:25:49.659+0000] {processor.py:208} INFO - Processing /home/airflow/.local/lib/python3.12/site-packages/airflow/example_dags/example_branch_operator.py took 0.126 seconds
[2024-11-19T12:26:20.574+0000] {processor.py:186} INFO - Started process (PID=900) to work on /home/airflow/.local/lib/python3.12/site-packages/airflow/example_dags/example_branch_operator.py
[2024-11-19T12:26:20.575+0000] {processor.py:914} INFO - Processing file /home/airflow/.local/lib/python3.12/site-packages/airflow/example_dags/example_branch_operator.py for tasks to queue
[2024-11-19T12:26:20.577+0000] {logging_mixin.py:190} INFO - [2024-11-19T12:26:20.577+0000] {dagbag.py:588} INFO - Filling up the DagBag from /home/airflow/.local/lib/python3.12/site-packages/airflow/example_dags/example_branch_operator.py
[2024-11-19T12:26:20.597+0000] {processor.py:925} INFO - DAG(s) 'example_branch_operator' retrieved from /home/airflow/.local/lib/python3.12/site-packages/airflow/example_dags/example_branch_operator.py
[2024-11-19T12:26:20.629+0000] {logging_mixin.py:190} INFO - [2024-11-19T12:26:20.628+0000] {dag.py:3239} INFO - Sync 1 DAGs
[2024-11-19T12:26:20.656+0000] {logging_mixin.py:190} INFO - [2024-11-19T12:26:20.655+0000] {dag.py:4180} INFO - Setting next_dagrun for example_branch_operator to 2024-11-18 00:00:00+00:00, run_after=2024-11-19 00:00:00+00:00
[2024-11-19T12:26:20.680+0000] {processor.py:208} INFO - Processing /home/airflow/.local/lib/python3.12/site-packages/airflow/example_dags/example_branch_operator.py took 0.110 seconds
[2024-11-19T12:26:51.392+0000] {processor.py:186} INFO - Started process (PID=964) to work on /home/airflow/.local/lib/python3.12/site-packages/airflow/example_dags/example_branch_operator.py
[2024-11-19T12:26:51.393+0000] {processor.py:914} INFO - Processing file /home/airflow/.local/lib/python3.12/site-packages/airflow/example_dags/example_branch_operator.py for tasks to queue
[2024-11-19T12:26:51.394+0000] {logging_mixin.py:190} INFO - [2024-11-19T12:26:51.393+0000] {dagbag.py:588} INFO - Filling up the DagBag from /home/airflow/.local/lib/python3.12/site-packages/airflow/example_dags/example_branch_operator.py
[2024-11-19T12:26:51.413+0000] {processor.py:925} INFO - DAG(s) 'example_branch_operator' retrieved from /home/airflow/.local/lib/python3.12/site-packages/airflow/example_dags/example_branch_operator.py
[2024-11-19T12:26:51.482+0000] {logging_mixin.py:190} INFO - [2024-11-19T12:26:51.481+0000] {dag.py:3239} INFO - Sync 1 DAGs
[2024-11-19T12:26:51.524+0000] {logging_mixin.py:190} INFO - [2024-11-19T12:26:51.524+0000] {dag.py:4180} INFO - Setting next_dagrun for example_branch_operator to 2024-11-18 00:00:00+00:00, run_after=2024-11-19 00:00:00+00:00
[2024-11-19T12:26:51.581+0000] {processor.py:208} INFO - Processing /home/airflow/.local/lib/python3.12/site-packages/airflow/example_dags/example_branch_operator.py took 0.195 seconds
[2024-11-19T12:27:22.294+0000] {processor.py:186} INFO - Started process (PID=1028) to work on /home/airflow/.local/lib/python3.12/site-packages/airflow/example_dags/example_branch_operator.py
[2024-11-19T12:27:22.295+0000] {processor.py:914} INFO - Processing file /home/airflow/.local/lib/python3.12/site-packages/airflow/example_dags/example_branch_operator.py for tasks to queue
[2024-11-19T12:27:22.299+0000] {logging_mixin.py:190} INFO - [2024-11-19T12:27:22.299+0000] {dagbag.py:588} INFO - Filling up the DagBag from /home/airflow/.local/lib/python3.12/site-packages/airflow/example_dags/example_branch_operator.py
[2024-11-19T12:27:22.332+0000] {processor.py:925} INFO - DAG(s) 'example_branch_operator' retrieved from /home/airflow/.local/lib/python3.12/site-packages/airflow/example_dags/example_branch_operator.py
[2024-11-19T12:27:22.402+0000] {logging_mixin.py:190} INFO - [2024-11-19T12:27:22.402+0000] {dag.py:3239} INFO - Sync 1 DAGs
[2024-11-19T12:27:22.439+0000] {logging_mixin.py:190} INFO - [2024-11-19T12:27:22.439+0000] {dag.py:4180} INFO - Setting next_dagrun for example_branch_operator to 2024-11-18 00:00:00+00:00, run_after=2024-11-19 00:00:00+00:00
[2024-11-19T12:27:22.466+0000] {processor.py:208} INFO - Processing /home/airflow/.local/lib/python3.12/site-packages/airflow/example_dags/example_branch_operator.py took 0.177 seconds
