[2024-11-19T12:04:16.094+0000] {processor.py:186} INFO - Started process (PID=111) to work on /home/airflow/.local/lib/python3.12/site-packages/airflow/example_dags/example_sla_dag.py
[2024-11-19T12:04:16.096+0000] {processor.py:914} INFO - Processing file /home/airflow/.local/lib/python3.12/site-packages/airflow/example_dags/example_sla_dag.py for tasks to queue
[2024-11-19T12:04:16.104+0000] {logging_mixin.py:190} INFO - [2024-11-19T12:04:16.104+0000] {dagbag.py:588} INFO - Filling up the DagBag from /home/airflow/.local/lib/python3.12/site-packages/airflow/example_dags/example_sla_dag.py
[2024-11-19T12:04:16.150+0000] {processor.py:925} INFO - DAG(s) 'example_sla_dag' retrieved from /home/airflow/.local/lib/python3.12/site-packages/airflow/example_dags/example_sla_dag.py
[2024-11-19T12:04:16.216+0000] {logging_mixin.py:190} INFO - [2024-11-19T12:04:16.216+0000] {dag.py:3239} INFO - Sync 1 DAGs
[2024-11-19T12:04:16.311+0000] {logging_mixin.py:190} INFO - [2024-11-19T12:04:16.310+0000] {dag.py:4180} INFO - Setting next_dagrun for example_sla_dag to 2024-11-19 12:02:00+00:00, run_after=2024-11-19 12:04:00+00:00
[2024-11-19T12:04:16.437+0000] {processor.py:208} INFO - Processing /home/airflow/.local/lib/python3.12/site-packages/airflow/example_dags/example_sla_dag.py took 0.374 seconds
[2024-11-19T12:04:47.587+0000] {processor.py:186} INFO - Started process (PID=175) to work on /home/airflow/.local/lib/python3.12/site-packages/airflow/example_dags/example_sla_dag.py
[2024-11-19T12:04:47.589+0000] {processor.py:914} INFO - Processing file /home/airflow/.local/lib/python3.12/site-packages/airflow/example_dags/example_sla_dag.py for tasks to queue
[2024-11-19T12:04:47.603+0000] {logging_mixin.py:190} INFO - [2024-11-19T12:04:47.603+0000] {dagbag.py:588} INFO - Filling up the DagBag from /home/airflow/.local/lib/python3.12/site-packages/airflow/example_dags/example_sla_dag.py
[2024-11-19T12:04:47.656+0000] {processor.py:925} INFO - DAG(s) 'example_sla_dag' retrieved from /home/airflow/.local/lib/python3.12/site-packages/airflow/example_dags/example_sla_dag.py
[2024-11-19T12:04:47.719+0000] {logging_mixin.py:190} INFO - [2024-11-19T12:04:47.719+0000] {dag.py:3239} INFO - Sync 1 DAGs
[2024-11-19T12:04:47.809+0000] {logging_mixin.py:190} INFO - [2024-11-19T12:04:47.808+0000] {dag.py:4180} INFO - Setting next_dagrun for example_sla_dag to 2024-11-19 12:02:00+00:00, run_after=2024-11-19 12:04:00+00:00
[2024-11-19T12:04:48.261+0000] {processor.py:208} INFO - Processing /home/airflow/.local/lib/python3.12/site-packages/airflow/example_dags/example_sla_dag.py took 0.723 seconds
[2024-11-19T12:05:19.261+0000] {processor.py:186} INFO - Started process (PID=239) to work on /home/airflow/.local/lib/python3.12/site-packages/airflow/example_dags/example_sla_dag.py
[2024-11-19T12:05:19.262+0000] {processor.py:914} INFO - Processing file /home/airflow/.local/lib/python3.12/site-packages/airflow/example_dags/example_sla_dag.py for tasks to queue
[2024-11-19T12:05:19.264+0000] {logging_mixin.py:190} INFO - [2024-11-19T12:05:19.264+0000] {dagbag.py:588} INFO - Filling up the DagBag from /home/airflow/.local/lib/python3.12/site-packages/airflow/example_dags/example_sla_dag.py
[2024-11-19T12:05:19.275+0000] {processor.py:925} INFO - DAG(s) 'example_sla_dag' retrieved from /home/airflow/.local/lib/python3.12/site-packages/airflow/example_dags/example_sla_dag.py
[2024-11-19T12:05:19.295+0000] {logging_mixin.py:190} INFO - [2024-11-19T12:05:19.295+0000] {dag.py:3239} INFO - Sync 1 DAGs
[2024-11-19T12:05:19.341+0000] {logging_mixin.py:190} INFO - [2024-11-19T12:05:19.341+0000] {dag.py:4180} INFO - Setting next_dagrun for example_sla_dag to 2024-11-19 12:02:00+00:00, run_after=2024-11-19 12:04:00+00:00
[2024-11-19T12:05:19.368+0000] {processor.py:208} INFO - Processing /home/airflow/.local/lib/python3.12/site-packages/airflow/example_dags/example_sla_dag.py took 0.113 seconds
[2024-11-19T12:05:49.754+0000] {processor.py:186} INFO - Started process (PID=303) to work on /home/airflow/.local/lib/python3.12/site-packages/airflow/example_dags/example_sla_dag.py
[2024-11-19T12:05:49.755+0000] {processor.py:914} INFO - Processing file /home/airflow/.local/lib/python3.12/site-packages/airflow/example_dags/example_sla_dag.py for tasks to queue
[2024-11-19T12:05:49.757+0000] {logging_mixin.py:190} INFO - [2024-11-19T12:05:49.756+0000] {dagbag.py:588} INFO - Filling up the DagBag from /home/airflow/.local/lib/python3.12/site-packages/airflow/example_dags/example_sla_dag.py
[2024-11-19T12:05:49.767+0000] {processor.py:925} INFO - DAG(s) 'example_sla_dag' retrieved from /home/airflow/.local/lib/python3.12/site-packages/airflow/example_dags/example_sla_dag.py
[2024-11-19T12:05:49.790+0000] {logging_mixin.py:190} INFO - [2024-11-19T12:05:49.790+0000] {dag.py:3239} INFO - Sync 1 DAGs
[2024-11-19T12:05:49.819+0000] {logging_mixin.py:190} INFO - [2024-11-19T12:05:49.819+0000] {dag.py:4180} INFO - Setting next_dagrun for example_sla_dag to 2024-11-19 12:02:00+00:00, run_after=2024-11-19 12:04:00+00:00
[2024-11-19T12:05:49.845+0000] {processor.py:208} INFO - Processing /home/airflow/.local/lib/python3.12/site-packages/airflow/example_dags/example_sla_dag.py took 0.095 seconds
[2024-11-19T12:06:21.679+0000] {processor.py:186} INFO - Started process (PID=369) to work on /home/airflow/.local/lib/python3.12/site-packages/airflow/example_dags/example_sla_dag.py
[2024-11-19T12:06:21.680+0000] {processor.py:914} INFO - Processing file /home/airflow/.local/lib/python3.12/site-packages/airflow/example_dags/example_sla_dag.py for tasks to queue
[2024-11-19T12:06:21.682+0000] {logging_mixin.py:190} INFO - [2024-11-19T12:06:21.682+0000] {dagbag.py:588} INFO - Filling up the DagBag from /home/airflow/.local/lib/python3.12/site-packages/airflow/example_dags/example_sla_dag.py
[2024-11-19T12:06:21.692+0000] {processor.py:925} INFO - DAG(s) 'example_sla_dag' retrieved from /home/airflow/.local/lib/python3.12/site-packages/airflow/example_dags/example_sla_dag.py
[2024-11-19T12:06:21.709+0000] {logging_mixin.py:190} INFO - [2024-11-19T12:06:21.709+0000] {dag.py:3239} INFO - Sync 1 DAGs
[2024-11-19T12:06:21.738+0000] {logging_mixin.py:190} INFO - [2024-11-19T12:06:21.738+0000] {dag.py:4180} INFO - Setting next_dagrun for example_sla_dag to 2024-11-19 12:04:00+00:00, run_after=2024-11-19 12:06:00+00:00
[2024-11-19T12:06:21.763+0000] {processor.py:208} INFO - Processing /home/airflow/.local/lib/python3.12/site-packages/airflow/example_dags/example_sla_dag.py took 0.089 seconds
[2024-11-19T12:06:52.726+0000] {processor.py:186} INFO - Started process (PID=433) to work on /home/airflow/.local/lib/python3.12/site-packages/airflow/example_dags/example_sla_dag.py
[2024-11-19T12:06:52.729+0000] {processor.py:914} INFO - Processing file /home/airflow/.local/lib/python3.12/site-packages/airflow/example_dags/example_sla_dag.py for tasks to queue
[2024-11-19T12:06:52.733+0000] {logging_mixin.py:190} INFO - [2024-11-19T12:06:52.732+0000] {dagbag.py:588} INFO - Filling up the DagBag from /home/airflow/.local/lib/python3.12/site-packages/airflow/example_dags/example_sla_dag.py
[2024-11-19T12:06:52.754+0000] {processor.py:925} INFO - DAG(s) 'example_sla_dag' retrieved from /home/airflow/.local/lib/python3.12/site-packages/airflow/example_dags/example_sla_dag.py
[2024-11-19T12:06:52.788+0000] {logging_mixin.py:190} INFO - [2024-11-19T12:06:52.788+0000] {dag.py:3239} INFO - Sync 1 DAGs
[2024-11-19T12:06:52.818+0000] {logging_mixin.py:190} INFO - [2024-11-19T12:06:52.817+0000] {dag.py:4180} INFO - Setting next_dagrun for example_sla_dag to 2024-11-19 12:04:00+00:00, run_after=2024-11-19 12:06:00+00:00
[2024-11-19T12:06:52.838+0000] {processor.py:208} INFO - Processing /home/airflow/.local/lib/python3.12/site-packages/airflow/example_dags/example_sla_dag.py took 0.137 seconds
[2024-11-19T12:07:26.242+0000] {processor.py:186} INFO - Started process (PID=498) to work on /home/airflow/.local/lib/python3.12/site-packages/airflow/example_dags/example_sla_dag.py
[2024-11-19T12:07:26.244+0000] {processor.py:914} INFO - Processing file /home/airflow/.local/lib/python3.12/site-packages/airflow/example_dags/example_sla_dag.py for tasks to queue
[2024-11-19T12:07:26.246+0000] {logging_mixin.py:190} INFO - [2024-11-19T12:07:26.245+0000] {dagbag.py:588} INFO - Filling up the DagBag from /home/airflow/.local/lib/python3.12/site-packages/airflow/example_dags/example_sla_dag.py
[2024-11-19T12:07:26.257+0000] {processor.py:925} INFO - DAG(s) 'example_sla_dag' retrieved from /home/airflow/.local/lib/python3.12/site-packages/airflow/example_dags/example_sla_dag.py
[2024-11-19T12:07:26.276+0000] {logging_mixin.py:190} INFO - [2024-11-19T12:07:26.276+0000] {dag.py:3239} INFO - Sync 1 DAGs
[2024-11-19T12:07:26.309+0000] {logging_mixin.py:190} INFO - [2024-11-19T12:07:26.309+0000] {dag.py:4180} INFO - Setting next_dagrun for example_sla_dag to 2024-11-19 12:04:00+00:00, run_after=2024-11-19 12:06:00+00:00
[2024-11-19T12:07:26.336+0000] {processor.py:208} INFO - Processing /home/airflow/.local/lib/python3.12/site-packages/airflow/example_dags/example_sla_dag.py took 0.099 seconds
[2024-11-19T12:08:00.862+0000] {processor.py:186} INFO - Started process (PID=567) to work on /home/airflow/.local/lib/python3.12/site-packages/airflow/example_dags/example_sla_dag.py
[2024-11-19T12:08:00.867+0000] {processor.py:914} INFO - Processing file /home/airflow/.local/lib/python3.12/site-packages/airflow/example_dags/example_sla_dag.py for tasks to queue
[2024-11-19T12:08:00.869+0000] {logging_mixin.py:190} INFO - [2024-11-19T12:08:00.869+0000] {dagbag.py:588} INFO - Filling up the DagBag from /home/airflow/.local/lib/python3.12/site-packages/airflow/example_dags/example_sla_dag.py
[2024-11-19T12:08:00.902+0000] {processor.py:925} INFO - DAG(s) 'example_sla_dag' retrieved from /home/airflow/.local/lib/python3.12/site-packages/airflow/example_dags/example_sla_dag.py
[2024-11-19T12:08:00.987+0000] {logging_mixin.py:190} INFO - [2024-11-19T12:08:00.987+0000] {dag.py:3239} INFO - Sync 1 DAGs
[2024-11-19T12:08:01.126+0000] {logging_mixin.py:190} INFO - [2024-11-19T12:08:01.098+0000] {dag.py:4180} INFO - Setting next_dagrun for example_sla_dag to 2024-11-19 12:06:00+00:00, run_after=2024-11-19 12:08:00+00:00
[2024-11-19T12:08:01.182+0000] {processor.py:208} INFO - Processing /home/airflow/.local/lib/python3.12/site-packages/airflow/example_dags/example_sla_dag.py took 0.342 seconds
[2024-11-19T12:08:34.345+0000] {processor.py:186} INFO - Started process (PID=643) to work on /home/airflow/.local/lib/python3.12/site-packages/airflow/example_dags/example_sla_dag.py
[2024-11-19T12:08:34.350+0000] {processor.py:914} INFO - Processing file /home/airflow/.local/lib/python3.12/site-packages/airflow/example_dags/example_sla_dag.py for tasks to queue
[2024-11-19T12:08:34.353+0000] {logging_mixin.py:190} INFO - [2024-11-19T12:08:34.352+0000] {dagbag.py:588} INFO - Filling up the DagBag from /home/airflow/.local/lib/python3.12/site-packages/airflow/example_dags/example_sla_dag.py
[2024-11-19T12:08:34.364+0000] {processor.py:925} INFO - DAG(s) 'example_sla_dag' retrieved from /home/airflow/.local/lib/python3.12/site-packages/airflow/example_dags/example_sla_dag.py
[2024-11-19T12:08:34.394+0000] {logging_mixin.py:190} INFO - [2024-11-19T12:08:34.394+0000] {dag.py:3239} INFO - Sync 1 DAGs
[2024-11-19T12:08:34.462+0000] {logging_mixin.py:190} INFO - [2024-11-19T12:08:34.462+0000] {dag.py:4180} INFO - Setting next_dagrun for example_sla_dag to 2024-11-19 12:06:00+00:00, run_after=2024-11-19 12:08:00+00:00
[2024-11-19T12:08:34.507+0000] {processor.py:208} INFO - Processing /home/airflow/.local/lib/python3.12/site-packages/airflow/example_dags/example_sla_dag.py took 0.183 seconds
[2024-11-19T12:09:05.221+0000] {processor.py:186} INFO - Started process (PID=706) to work on /home/airflow/.local/lib/python3.12/site-packages/airflow/example_dags/example_sla_dag.py
[2024-11-19T12:09:05.226+0000] {processor.py:914} INFO - Processing file /home/airflow/.local/lib/python3.12/site-packages/airflow/example_dags/example_sla_dag.py for tasks to queue
[2024-11-19T12:09:05.228+0000] {logging_mixin.py:190} INFO - [2024-11-19T12:09:05.228+0000] {dagbag.py:588} INFO - Filling up the DagBag from /home/airflow/.local/lib/python3.12/site-packages/airflow/example_dags/example_sla_dag.py
[2024-11-19T12:09:05.253+0000] {processor.py:925} INFO - DAG(s) 'example_sla_dag' retrieved from /home/airflow/.local/lib/python3.12/site-packages/airflow/example_dags/example_sla_dag.py
[2024-11-19T12:09:05.313+0000] {logging_mixin.py:190} INFO - [2024-11-19T12:09:05.313+0000] {dag.py:3239} INFO - Sync 1 DAGs
[2024-11-19T12:09:05.370+0000] {logging_mixin.py:190} INFO - [2024-11-19T12:09:05.370+0000] {dag.py:4180} INFO - Setting next_dagrun for example_sla_dag to 2024-11-19 12:06:00+00:00, run_after=2024-11-19 12:08:00+00:00
[2024-11-19T12:09:05.407+0000] {processor.py:208} INFO - Processing /home/airflow/.local/lib/python3.12/site-packages/airflow/example_dags/example_sla_dag.py took 0.213 seconds
[2024-11-19T12:09:35.762+0000] {processor.py:186} INFO - Started process (PID=777) to work on /home/airflow/.local/lib/python3.12/site-packages/airflow/example_dags/example_sla_dag.py
[2024-11-19T12:09:35.763+0000] {processor.py:914} INFO - Processing file /home/airflow/.local/lib/python3.12/site-packages/airflow/example_dags/example_sla_dag.py for tasks to queue
[2024-11-19T12:09:35.766+0000] {logging_mixin.py:190} INFO - [2024-11-19T12:09:35.765+0000] {dagbag.py:588} INFO - Filling up the DagBag from /home/airflow/.local/lib/python3.12/site-packages/airflow/example_dags/example_sla_dag.py
[2024-11-19T12:09:35.776+0000] {processor.py:925} INFO - DAG(s) 'example_sla_dag' retrieved from /home/airflow/.local/lib/python3.12/site-packages/airflow/example_dags/example_sla_dag.py
[2024-11-19T12:09:35.795+0000] {logging_mixin.py:190} INFO - [2024-11-19T12:09:35.794+0000] {dag.py:3239} INFO - Sync 1 DAGs
[2024-11-19T12:09:35.819+0000] {logging_mixin.py:190} INFO - [2024-11-19T12:09:35.819+0000] {dag.py:4180} INFO - Setting next_dagrun for example_sla_dag to 2024-11-19 12:06:00+00:00, run_after=2024-11-19 12:08:00+00:00
[2024-11-19T12:09:35.843+0000] {processor.py:208} INFO - Processing /home/airflow/.local/lib/python3.12/site-packages/airflow/example_dags/example_sla_dag.py took 0.087 seconds
[2024-11-19T12:10:06.533+0000] {processor.py:186} INFO - Started process (PID=842) to work on /home/airflow/.local/lib/python3.12/site-packages/airflow/example_dags/example_sla_dag.py
[2024-11-19T12:10:06.534+0000] {processor.py:914} INFO - Processing file /home/airflow/.local/lib/python3.12/site-packages/airflow/example_dags/example_sla_dag.py for tasks to queue
[2024-11-19T12:10:06.536+0000] {logging_mixin.py:190} INFO - [2024-11-19T12:10:06.536+0000] {dagbag.py:588} INFO - Filling up the DagBag from /home/airflow/.local/lib/python3.12/site-packages/airflow/example_dags/example_sla_dag.py
[2024-11-19T12:10:06.547+0000] {processor.py:925} INFO - DAG(s) 'example_sla_dag' retrieved from /home/airflow/.local/lib/python3.12/site-packages/airflow/example_dags/example_sla_dag.py
[2024-11-19T12:10:06.566+0000] {logging_mixin.py:190} INFO - [2024-11-19T12:10:06.566+0000] {dag.py:3239} INFO - Sync 1 DAGs
[2024-11-19T12:10:06.593+0000] {logging_mixin.py:190} INFO - [2024-11-19T12:10:06.593+0000] {dag.py:4180} INFO - Setting next_dagrun for example_sla_dag to 2024-11-19 12:08:00+00:00, run_after=2024-11-19 12:10:00+00:00
[2024-11-19T12:10:06.618+0000] {processor.py:208} INFO - Processing /home/airflow/.local/lib/python3.12/site-packages/airflow/example_dags/example_sla_dag.py took 0.090 seconds
[2024-11-19T12:10:36.876+0000] {processor.py:186} INFO - Started process (PID=907) to work on /home/airflow/.local/lib/python3.12/site-packages/airflow/example_dags/example_sla_dag.py
[2024-11-19T12:10:36.877+0000] {processor.py:914} INFO - Processing file /home/airflow/.local/lib/python3.12/site-packages/airflow/example_dags/example_sla_dag.py for tasks to queue
[2024-11-19T12:10:36.879+0000] {logging_mixin.py:190} INFO - [2024-11-19T12:10:36.878+0000] {dagbag.py:588} INFO - Filling up the DagBag from /home/airflow/.local/lib/python3.12/site-packages/airflow/example_dags/example_sla_dag.py
[2024-11-19T12:10:36.889+0000] {processor.py:925} INFO - DAG(s) 'example_sla_dag' retrieved from /home/airflow/.local/lib/python3.12/site-packages/airflow/example_dags/example_sla_dag.py
[2024-11-19T12:10:36.907+0000] {logging_mixin.py:190} INFO - [2024-11-19T12:10:36.907+0000] {dag.py:3239} INFO - Sync 1 DAGs
[2024-11-19T12:10:36.934+0000] {logging_mixin.py:190} INFO - [2024-11-19T12:10:36.934+0000] {dag.py:4180} INFO - Setting next_dagrun for example_sla_dag to 2024-11-19 12:08:00+00:00, run_after=2024-11-19 12:10:00+00:00
[2024-11-19T12:10:36.960+0000] {processor.py:208} INFO - Processing /home/airflow/.local/lib/python3.12/site-packages/airflow/example_dags/example_sla_dag.py took 0.090 seconds
[2024-11-19T12:11:07.990+0000] {processor.py:186} INFO - Started process (PID=973) to work on /home/airflow/.local/lib/python3.12/site-packages/airflow/example_dags/example_sla_dag.py
[2024-11-19T12:11:07.991+0000] {processor.py:914} INFO - Processing file /home/airflow/.local/lib/python3.12/site-packages/airflow/example_dags/example_sla_dag.py for tasks to queue
[2024-11-19T12:11:07.992+0000] {logging_mixin.py:190} INFO - [2024-11-19T12:11:07.991+0000] {dagbag.py:588} INFO - Filling up the DagBag from /home/airflow/.local/lib/python3.12/site-packages/airflow/example_dags/example_sla_dag.py
[2024-11-19T12:11:08.001+0000] {processor.py:925} INFO - DAG(s) 'example_sla_dag' retrieved from /home/airflow/.local/lib/python3.12/site-packages/airflow/example_dags/example_sla_dag.py
[2024-11-19T12:11:08.033+0000] {logging_mixin.py:190} INFO - [2024-11-19T12:11:08.033+0000] {dag.py:3239} INFO - Sync 1 DAGs
[2024-11-19T12:11:08.086+0000] {logging_mixin.py:190} INFO - [2024-11-19T12:11:08.085+0000] {dag.py:4180} INFO - Setting next_dagrun for example_sla_dag to 2024-11-19 12:08:00+00:00, run_after=2024-11-19 12:10:00+00:00
[2024-11-19T12:11:08.179+0000] {processor.py:208} INFO - Processing /home/airflow/.local/lib/python3.12/site-packages/airflow/example_dags/example_sla_dag.py took 0.206 seconds
[2024-11-19T12:11:38.868+0000] {processor.py:186} INFO - Started process (PID=1038) to work on /home/airflow/.local/lib/python3.12/site-packages/airflow/example_dags/example_sla_dag.py
[2024-11-19T12:11:38.869+0000] {processor.py:914} INFO - Processing file /home/airflow/.local/lib/python3.12/site-packages/airflow/example_dags/example_sla_dag.py for tasks to queue
[2024-11-19T12:11:38.870+0000] {logging_mixin.py:190} INFO - [2024-11-19T12:11:38.870+0000] {dagbag.py:588} INFO - Filling up the DagBag from /home/airflow/.local/lib/python3.12/site-packages/airflow/example_dags/example_sla_dag.py
[2024-11-19T12:11:38.881+0000] {processor.py:925} INFO - DAG(s) 'example_sla_dag' retrieved from /home/airflow/.local/lib/python3.12/site-packages/airflow/example_dags/example_sla_dag.py
[2024-11-19T12:11:38.901+0000] {logging_mixin.py:190} INFO - [2024-11-19T12:11:38.901+0000] {dag.py:3239} INFO - Sync 1 DAGs
[2024-11-19T12:11:38.929+0000] {logging_mixin.py:190} INFO - [2024-11-19T12:11:38.929+0000] {dag.py:4180} INFO - Setting next_dagrun for example_sla_dag to 2024-11-19 12:08:00+00:00, run_after=2024-11-19 12:10:00+00:00
[2024-11-19T12:11:38.973+0000] {processor.py:208} INFO - Processing /home/airflow/.local/lib/python3.12/site-packages/airflow/example_dags/example_sla_dag.py took 0.112 seconds
[2024-11-19T12:12:09.292+0000] {processor.py:186} INFO - Started process (PID=1101) to work on /home/airflow/.local/lib/python3.12/site-packages/airflow/example_dags/example_sla_dag.py
[2024-11-19T12:12:09.293+0000] {processor.py:914} INFO - Processing file /home/airflow/.local/lib/python3.12/site-packages/airflow/example_dags/example_sla_dag.py for tasks to queue
[2024-11-19T12:12:09.295+0000] {logging_mixin.py:190} INFO - [2024-11-19T12:12:09.294+0000] {dagbag.py:588} INFO - Filling up the DagBag from /home/airflow/.local/lib/python3.12/site-packages/airflow/example_dags/example_sla_dag.py
[2024-11-19T12:12:09.318+0000] {processor.py:925} INFO - DAG(s) 'example_sla_dag' retrieved from /home/airflow/.local/lib/python3.12/site-packages/airflow/example_dags/example_sla_dag.py
[2024-11-19T12:12:09.385+0000] {logging_mixin.py:190} INFO - [2024-11-19T12:12:09.384+0000] {dag.py:3239} INFO - Sync 1 DAGs
[2024-11-19T12:12:09.446+0000] {logging_mixin.py:190} INFO - [2024-11-19T12:12:09.446+0000] {dag.py:4180} INFO - Setting next_dagrun for example_sla_dag to 2024-11-19 12:10:00+00:00, run_after=2024-11-19 12:12:00+00:00
[2024-11-19T12:12:09.482+0000] {processor.py:208} INFO - Processing /home/airflow/.local/lib/python3.12/site-packages/airflow/example_dags/example_sla_dag.py took 0.211 seconds
[2024-11-19T12:12:40.336+0000] {processor.py:186} INFO - Started process (PID=1170) to work on /home/airflow/.local/lib/python3.12/site-packages/airflow/example_dags/example_sla_dag.py
[2024-11-19T12:12:40.337+0000] {processor.py:914} INFO - Processing file /home/airflow/.local/lib/python3.12/site-packages/airflow/example_dags/example_sla_dag.py for tasks to queue
[2024-11-19T12:12:40.338+0000] {logging_mixin.py:190} INFO - [2024-11-19T12:12:40.338+0000] {dagbag.py:588} INFO - Filling up the DagBag from /home/airflow/.local/lib/python3.12/site-packages/airflow/example_dags/example_sla_dag.py
[2024-11-19T12:12:40.348+0000] {processor.py:925} INFO - DAG(s) 'example_sla_dag' retrieved from /home/airflow/.local/lib/python3.12/site-packages/airflow/example_dags/example_sla_dag.py
[2024-11-19T12:12:40.368+0000] {logging_mixin.py:190} INFO - [2024-11-19T12:12:40.368+0000] {dag.py:3239} INFO - Sync 1 DAGs
[2024-11-19T12:12:40.398+0000] {logging_mixin.py:190} INFO - [2024-11-19T12:12:40.397+0000] {dag.py:4180} INFO - Setting next_dagrun for example_sla_dag to 2024-11-19 12:10:00+00:00, run_after=2024-11-19 12:12:00+00:00
[2024-11-19T12:12:40.426+0000] {processor.py:208} INFO - Processing /home/airflow/.local/lib/python3.12/site-packages/airflow/example_dags/example_sla_dag.py took 0.096 seconds
[2024-11-19T12:13:12.999+0000] {processor.py:186} INFO - Started process (PID=1235) to work on /home/airflow/.local/lib/python3.12/site-packages/airflow/example_dags/example_sla_dag.py
[2024-11-19T12:13:13.006+0000] {processor.py:914} INFO - Processing file /home/airflow/.local/lib/python3.12/site-packages/airflow/example_dags/example_sla_dag.py for tasks to queue
[2024-11-19T12:13:13.007+0000] {logging_mixin.py:190} INFO - [2024-11-19T12:13:13.007+0000] {dagbag.py:588} INFO - Filling up the DagBag from /home/airflow/.local/lib/python3.12/site-packages/airflow/example_dags/example_sla_dag.py
[2024-11-19T12:13:13.031+0000] {processor.py:925} INFO - DAG(s) 'example_sla_dag' retrieved from /home/airflow/.local/lib/python3.12/site-packages/airflow/example_dags/example_sla_dag.py
[2024-11-19T12:13:13.058+0000] {logging_mixin.py:190} INFO - [2024-11-19T12:13:13.058+0000] {dag.py:3239} INFO - Sync 1 DAGs
[2024-11-19T12:13:13.108+0000] {logging_mixin.py:190} INFO - [2024-11-19T12:13:13.108+0000] {dag.py:4180} INFO - Setting next_dagrun for example_sla_dag to 2024-11-19 12:10:00+00:00, run_after=2024-11-19 12:12:00+00:00
[2024-11-19T12:13:13.214+0000] {processor.py:208} INFO - Processing /home/airflow/.local/lib/python3.12/site-packages/airflow/example_dags/example_sla_dag.py took 0.229 seconds
[2024-11-19T12:13:43.801+0000] {processor.py:186} INFO - Started process (PID=1298) to work on /home/airflow/.local/lib/python3.12/site-packages/airflow/example_dags/example_sla_dag.py
[2024-11-19T12:13:43.817+0000] {processor.py:914} INFO - Processing file /home/airflow/.local/lib/python3.12/site-packages/airflow/example_dags/example_sla_dag.py for tasks to queue
[2024-11-19T12:13:43.820+0000] {logging_mixin.py:190} INFO - [2024-11-19T12:13:43.819+0000] {dagbag.py:588} INFO - Filling up the DagBag from /home/airflow/.local/lib/python3.12/site-packages/airflow/example_dags/example_sla_dag.py
[2024-11-19T12:13:43.879+0000] {processor.py:925} INFO - DAG(s) 'example_sla_dag' retrieved from /home/airflow/.local/lib/python3.12/site-packages/airflow/example_dags/example_sla_dag.py
[2024-11-19T12:13:43.915+0000] {logging_mixin.py:190} INFO - [2024-11-19T12:13:43.915+0000] {dag.py:3239} INFO - Sync 1 DAGs
[2024-11-19T12:13:43.974+0000] {logging_mixin.py:190} INFO - [2024-11-19T12:13:43.966+0000] {dag.py:4180} INFO - Setting next_dagrun for example_sla_dag to 2024-11-19 12:10:00+00:00, run_after=2024-11-19 12:12:00+00:00
[2024-11-19T12:13:44.010+0000] {processor.py:208} INFO - Processing /home/airflow/.local/lib/python3.12/site-packages/airflow/example_dags/example_sla_dag.py took 0.228 seconds
[2024-11-19T12:14:14.579+0000] {processor.py:186} INFO - Started process (PID=1362) to work on /home/airflow/.local/lib/python3.12/site-packages/airflow/example_dags/example_sla_dag.py
[2024-11-19T12:14:14.586+0000] {processor.py:914} INFO - Processing file /home/airflow/.local/lib/python3.12/site-packages/airflow/example_dags/example_sla_dag.py for tasks to queue
[2024-11-19T12:14:14.587+0000] {logging_mixin.py:190} INFO - [2024-11-19T12:14:14.587+0000] {dagbag.py:588} INFO - Filling up the DagBag from /home/airflow/.local/lib/python3.12/site-packages/airflow/example_dags/example_sla_dag.py
[2024-11-19T12:14:14.608+0000] {processor.py:925} INFO - DAG(s) 'example_sla_dag' retrieved from /home/airflow/.local/lib/python3.12/site-packages/airflow/example_dags/example_sla_dag.py
[2024-11-19T12:14:14.651+0000] {logging_mixin.py:190} INFO - [2024-11-19T12:14:14.650+0000] {dag.py:3239} INFO - Sync 1 DAGs
[2024-11-19T12:14:14.721+0000] {logging_mixin.py:190} INFO - [2024-11-19T12:14:14.721+0000] {dag.py:4180} INFO - Setting next_dagrun for example_sla_dag to 2024-11-19 12:12:00+00:00, run_after=2024-11-19 12:14:00+00:00
[2024-11-19T12:14:14.828+0000] {processor.py:208} INFO - Processing /home/airflow/.local/lib/python3.12/site-packages/airflow/example_dags/example_sla_dag.py took 0.259 seconds
[2024-11-19T12:14:45.030+0000] {processor.py:186} INFO - Started process (PID=1426) to work on /home/airflow/.local/lib/python3.12/site-packages/airflow/example_dags/example_sla_dag.py
[2024-11-19T12:14:45.031+0000] {processor.py:914} INFO - Processing file /home/airflow/.local/lib/python3.12/site-packages/airflow/example_dags/example_sla_dag.py for tasks to queue
[2024-11-19T12:14:45.032+0000] {logging_mixin.py:190} INFO - [2024-11-19T12:14:45.032+0000] {dagbag.py:588} INFO - Filling up the DagBag from /home/airflow/.local/lib/python3.12/site-packages/airflow/example_dags/example_sla_dag.py
[2024-11-19T12:14:45.043+0000] {processor.py:925} INFO - DAG(s) 'example_sla_dag' retrieved from /home/airflow/.local/lib/python3.12/site-packages/airflow/example_dags/example_sla_dag.py
[2024-11-19T12:14:45.061+0000] {logging_mixin.py:190} INFO - [2024-11-19T12:14:45.061+0000] {dag.py:3239} INFO - Sync 1 DAGs
[2024-11-19T12:14:45.092+0000] {logging_mixin.py:190} INFO - [2024-11-19T12:14:45.091+0000] {dag.py:4180} INFO - Setting next_dagrun for example_sla_dag to 2024-11-19 12:12:00+00:00, run_after=2024-11-19 12:14:00+00:00
[2024-11-19T12:14:45.126+0000] {processor.py:208} INFO - Processing /home/airflow/.local/lib/python3.12/site-packages/airflow/example_dags/example_sla_dag.py took 0.101 seconds
[2024-11-19T12:19:53.672+0000] {processor.py:186} INFO - Started process (PID=106) to work on /home/airflow/.local/lib/python3.12/site-packages/airflow/example_dags/example_sla_dag.py
[2024-11-19T12:19:53.675+0000] {processor.py:914} INFO - Processing file /home/airflow/.local/lib/python3.12/site-packages/airflow/example_dags/example_sla_dag.py for tasks to queue
[2024-11-19T12:19:53.679+0000] {logging_mixin.py:190} INFO - [2024-11-19T12:19:53.679+0000] {dagbag.py:588} INFO - Filling up the DagBag from /home/airflow/.local/lib/python3.12/site-packages/airflow/example_dags/example_sla_dag.py
[2024-11-19T12:19:53.689+0000] {processor.py:925} INFO - DAG(s) 'example_sla_dag' retrieved from /home/airflow/.local/lib/python3.12/site-packages/airflow/example_dags/example_sla_dag.py
[2024-11-19T12:19:53.735+0000] {logging_mixin.py:190} INFO - [2024-11-19T12:19:53.734+0000] {dag.py:3239} INFO - Sync 1 DAGs
[2024-11-19T12:19:53.787+0000] {logging_mixin.py:190} INFO - [2024-11-19T12:19:53.787+0000] {dag.py:4180} INFO - Setting next_dagrun for example_sla_dag to 2024-11-19 12:16:00+00:00, run_after=2024-11-19 12:18:00+00:00
[2024-11-19T12:19:53.862+0000] {processor.py:208} INFO - Processing /home/airflow/.local/lib/python3.12/site-packages/airflow/example_dags/example_sla_dag.py took 0.206 seconds
[2024-11-19T12:20:24.569+0000] {processor.py:186} INFO - Started process (PID=170) to work on /home/airflow/.local/lib/python3.12/site-packages/airflow/example_dags/example_sla_dag.py
[2024-11-19T12:20:24.570+0000] {processor.py:914} INFO - Processing file /home/airflow/.local/lib/python3.12/site-packages/airflow/example_dags/example_sla_dag.py for tasks to queue
[2024-11-19T12:20:24.572+0000] {logging_mixin.py:190} INFO - [2024-11-19T12:20:24.571+0000] {dagbag.py:588} INFO - Filling up the DagBag from /home/airflow/.local/lib/python3.12/site-packages/airflow/example_dags/example_sla_dag.py
[2024-11-19T12:20:24.583+0000] {processor.py:925} INFO - DAG(s) 'example_sla_dag' retrieved from /home/airflow/.local/lib/python3.12/site-packages/airflow/example_dags/example_sla_dag.py
[2024-11-19T12:20:24.646+0000] {logging_mixin.py:190} INFO - [2024-11-19T12:20:24.646+0000] {dag.py:3239} INFO - Sync 1 DAGs
[2024-11-19T12:20:24.724+0000] {logging_mixin.py:190} INFO - [2024-11-19T12:20:24.724+0000] {dag.py:4180} INFO - Setting next_dagrun for example_sla_dag to 2024-11-19 12:18:00+00:00, run_after=2024-11-19 12:20:00+00:00
[2024-11-19T12:20:24.749+0000] {processor.py:208} INFO - Processing /home/airflow/.local/lib/python3.12/site-packages/airflow/example_dags/example_sla_dag.py took 0.186 seconds
[2024-11-19T12:20:54.841+0000] {processor.py:186} INFO - Started process (PID=233) to work on /home/airflow/.local/lib/python3.12/site-packages/airflow/example_dags/example_sla_dag.py
[2024-11-19T12:20:54.842+0000] {processor.py:914} INFO - Processing file /home/airflow/.local/lib/python3.12/site-packages/airflow/example_dags/example_sla_dag.py for tasks to queue
[2024-11-19T12:20:54.844+0000] {logging_mixin.py:190} INFO - [2024-11-19T12:20:54.843+0000] {dagbag.py:588} INFO - Filling up the DagBag from /home/airflow/.local/lib/python3.12/site-packages/airflow/example_dags/example_sla_dag.py
[2024-11-19T12:20:54.851+0000] {processor.py:925} INFO - DAG(s) 'example_sla_dag' retrieved from /home/airflow/.local/lib/python3.12/site-packages/airflow/example_dags/example_sla_dag.py
[2024-11-19T12:20:54.865+0000] {logging_mixin.py:190} INFO - [2024-11-19T12:20:54.864+0000] {dag.py:3239} INFO - Sync 1 DAGs
[2024-11-19T12:20:54.883+0000] {logging_mixin.py:190} INFO - [2024-11-19T12:20:54.883+0000] {dag.py:4180} INFO - Setting next_dagrun for example_sla_dag to 2024-11-19 12:18:00+00:00, run_after=2024-11-19 12:20:00+00:00
[2024-11-19T12:20:54.902+0000] {processor.py:208} INFO - Processing /home/airflow/.local/lib/python3.12/site-packages/airflow/example_dags/example_sla_dag.py took 0.065 seconds
[2024-11-19T12:21:25.455+0000] {processor.py:186} INFO - Started process (PID=298) to work on /home/airflow/.local/lib/python3.12/site-packages/airflow/example_dags/example_sla_dag.py
[2024-11-19T12:21:25.456+0000] {processor.py:914} INFO - Processing file /home/airflow/.local/lib/python3.12/site-packages/airflow/example_dags/example_sla_dag.py for tasks to queue
[2024-11-19T12:21:25.458+0000] {logging_mixin.py:190} INFO - [2024-11-19T12:21:25.458+0000] {dagbag.py:588} INFO - Filling up the DagBag from /home/airflow/.local/lib/python3.12/site-packages/airflow/example_dags/example_sla_dag.py
[2024-11-19T12:21:25.468+0000] {processor.py:925} INFO - DAG(s) 'example_sla_dag' retrieved from /home/airflow/.local/lib/python3.12/site-packages/airflow/example_dags/example_sla_dag.py
[2024-11-19T12:21:25.484+0000] {logging_mixin.py:190} INFO - [2024-11-19T12:21:25.484+0000] {dag.py:3239} INFO - Sync 1 DAGs
[2024-11-19T12:21:25.502+0000] {logging_mixin.py:190} INFO - [2024-11-19T12:21:25.502+0000] {dag.py:4180} INFO - Setting next_dagrun for example_sla_dag to 2024-11-19 12:18:00+00:00, run_after=2024-11-19 12:20:00+00:00
[2024-11-19T12:21:25.520+0000] {processor.py:208} INFO - Processing /home/airflow/.local/lib/python3.12/site-packages/airflow/example_dags/example_sla_dag.py took 0.072 seconds
[2024-11-19T12:21:56.201+0000] {processor.py:186} INFO - Started process (PID=363) to work on /home/airflow/.local/lib/python3.12/site-packages/airflow/example_dags/example_sla_dag.py
[2024-11-19T12:21:56.201+0000] {processor.py:914} INFO - Processing file /home/airflow/.local/lib/python3.12/site-packages/airflow/example_dags/example_sla_dag.py for tasks to queue
[2024-11-19T12:21:56.206+0000] {logging_mixin.py:190} INFO - [2024-11-19T12:21:56.205+0000] {dagbag.py:588} INFO - Filling up the DagBag from /home/airflow/.local/lib/python3.12/site-packages/airflow/example_dags/example_sla_dag.py
[2024-11-19T12:21:56.224+0000] {processor.py:925} INFO - DAG(s) 'example_sla_dag' retrieved from /home/airflow/.local/lib/python3.12/site-packages/airflow/example_dags/example_sla_dag.py
[2024-11-19T12:21:56.250+0000] {logging_mixin.py:190} INFO - [2024-11-19T12:21:56.250+0000] {dag.py:3239} INFO - Sync 1 DAGs
[2024-11-19T12:21:56.269+0000] {logging_mixin.py:190} INFO - [2024-11-19T12:21:56.269+0000] {dag.py:4180} INFO - Setting next_dagrun for example_sla_dag to 2024-11-19 12:18:00+00:00, run_after=2024-11-19 12:20:00+00:00
[2024-11-19T12:21:56.287+0000] {processor.py:208} INFO - Processing /home/airflow/.local/lib/python3.12/site-packages/airflow/example_dags/example_sla_dag.py took 0.104 seconds
[2024-11-19T12:22:28.390+0000] {processor.py:186} INFO - Started process (PID=428) to work on /home/airflow/.local/lib/python3.12/site-packages/airflow/example_dags/example_sla_dag.py
[2024-11-19T12:22:28.394+0000] {processor.py:914} INFO - Processing file /home/airflow/.local/lib/python3.12/site-packages/airflow/example_dags/example_sla_dag.py for tasks to queue
[2024-11-19T12:22:28.397+0000] {logging_mixin.py:190} INFO - [2024-11-19T12:22:28.397+0000] {dagbag.py:588} INFO - Filling up the DagBag from /home/airflow/.local/lib/python3.12/site-packages/airflow/example_dags/example_sla_dag.py
[2024-11-19T12:22:28.427+0000] {processor.py:925} INFO - DAG(s) 'example_sla_dag' retrieved from /home/airflow/.local/lib/python3.12/site-packages/airflow/example_dags/example_sla_dag.py
[2024-11-19T12:22:28.450+0000] {logging_mixin.py:190} INFO - [2024-11-19T12:22:28.449+0000] {dag.py:3239} INFO - Sync 1 DAGs
[2024-11-19T12:22:28.478+0000] {logging_mixin.py:190} INFO - [2024-11-19T12:22:28.478+0000] {dag.py:4180} INFO - Setting next_dagrun for example_sla_dag to 2024-11-19 12:20:00+00:00, run_after=2024-11-19 12:22:00+00:00
[2024-11-19T12:22:28.503+0000] {processor.py:208} INFO - Processing /home/airflow/.local/lib/python3.12/site-packages/airflow/example_dags/example_sla_dag.py took 0.122 seconds
[2024-11-19T12:23:01.301+0000] {processor.py:186} INFO - Started process (PID=492) to work on /home/airflow/.local/lib/python3.12/site-packages/airflow/example_dags/example_sla_dag.py
[2024-11-19T12:23:01.318+0000] {processor.py:914} INFO - Processing file /home/airflow/.local/lib/python3.12/site-packages/airflow/example_dags/example_sla_dag.py for tasks to queue
[2024-11-19T12:23:01.320+0000] {logging_mixin.py:190} INFO - [2024-11-19T12:23:01.320+0000] {dagbag.py:588} INFO - Filling up the DagBag from /home/airflow/.local/lib/python3.12/site-packages/airflow/example_dags/example_sla_dag.py
[2024-11-19T12:23:01.349+0000] {processor.py:925} INFO - DAG(s) 'example_sla_dag' retrieved from /home/airflow/.local/lib/python3.12/site-packages/airflow/example_dags/example_sla_dag.py
[2024-11-19T12:23:01.422+0000] {logging_mixin.py:190} INFO - [2024-11-19T12:23:01.422+0000] {dag.py:3239} INFO - Sync 1 DAGs
[2024-11-19T12:23:01.490+0000] {logging_mixin.py:190} INFO - [2024-11-19T12:23:01.490+0000] {dag.py:4180} INFO - Setting next_dagrun for example_sla_dag to 2024-11-19 12:20:00+00:00, run_after=2024-11-19 12:22:00+00:00
[2024-11-19T12:23:01.564+0000] {processor.py:208} INFO - Processing /home/airflow/.local/lib/python3.12/site-packages/airflow/example_dags/example_sla_dag.py took 0.269 seconds
[2024-11-19T12:23:33.471+0000] {processor.py:186} INFO - Started process (PID=562) to work on /home/airflow/.local/lib/python3.12/site-packages/airflow/example_dags/example_sla_dag.py
[2024-11-19T12:23:33.472+0000] {processor.py:914} INFO - Processing file /home/airflow/.local/lib/python3.12/site-packages/airflow/example_dags/example_sla_dag.py for tasks to queue
[2024-11-19T12:23:33.475+0000] {logging_mixin.py:190} INFO - [2024-11-19T12:23:33.474+0000] {dagbag.py:588} INFO - Filling up the DagBag from /home/airflow/.local/lib/python3.12/site-packages/airflow/example_dags/example_sla_dag.py
[2024-11-19T12:23:33.486+0000] {processor.py:925} INFO - DAG(s) 'example_sla_dag' retrieved from /home/airflow/.local/lib/python3.12/site-packages/airflow/example_dags/example_sla_dag.py
[2024-11-19T12:23:33.535+0000] {logging_mixin.py:190} INFO - [2024-11-19T12:23:33.534+0000] {dag.py:3239} INFO - Sync 1 DAGs
[2024-11-19T12:23:33.634+0000] {logging_mixin.py:190} INFO - [2024-11-19T12:23:33.634+0000] {dag.py:4180} INFO - Setting next_dagrun for example_sla_dag to 2024-11-19 12:20:00+00:00, run_after=2024-11-19 12:22:00+00:00
[2024-11-19T12:23:33.731+0000] {processor.py:208} INFO - Processing /home/airflow/.local/lib/python3.12/site-packages/airflow/example_dags/example_sla_dag.py took 0.266 seconds
[2024-11-19T12:24:05.143+0000] {processor.py:186} INFO - Started process (PID=627) to work on /home/airflow/.local/lib/python3.12/site-packages/airflow/example_dags/example_sla_dag.py
[2024-11-19T12:24:05.143+0000] {processor.py:914} INFO - Processing file /home/airflow/.local/lib/python3.12/site-packages/airflow/example_dags/example_sla_dag.py for tasks to queue
[2024-11-19T12:24:05.145+0000] {logging_mixin.py:190} INFO - [2024-11-19T12:24:05.145+0000] {dagbag.py:588} INFO - Filling up the DagBag from /home/airflow/.local/lib/python3.12/site-packages/airflow/example_dags/example_sla_dag.py
[2024-11-19T12:24:05.155+0000] {processor.py:925} INFO - DAG(s) 'example_sla_dag' retrieved from /home/airflow/.local/lib/python3.12/site-packages/airflow/example_dags/example_sla_dag.py
[2024-11-19T12:24:05.174+0000] {logging_mixin.py:190} INFO - [2024-11-19T12:24:05.174+0000] {dag.py:3239} INFO - Sync 1 DAGs
[2024-11-19T12:24:05.208+0000] {logging_mixin.py:190} INFO - [2024-11-19T12:24:05.208+0000] {dag.py:4180} INFO - Setting next_dagrun for example_sla_dag to 2024-11-19 12:22:00+00:00, run_after=2024-11-19 12:24:00+00:00
[2024-11-19T12:24:05.254+0000] {processor.py:208} INFO - Processing /home/airflow/.local/lib/python3.12/site-packages/airflow/example_dags/example_sla_dag.py took 0.117 seconds
[2024-11-19T12:24:36.739+0000] {processor.py:186} INFO - Started process (PID=691) to work on /home/airflow/.local/lib/python3.12/site-packages/airflow/example_dags/example_sla_dag.py
[2024-11-19T12:24:36.739+0000] {processor.py:914} INFO - Processing file /home/airflow/.local/lib/python3.12/site-packages/airflow/example_dags/example_sla_dag.py for tasks to queue
[2024-11-19T12:24:36.747+0000] {logging_mixin.py:190} INFO - [2024-11-19T12:24:36.747+0000] {dagbag.py:588} INFO - Filling up the DagBag from /home/airflow/.local/lib/python3.12/site-packages/airflow/example_dags/example_sla_dag.py
[2024-11-19T12:24:36.762+0000] {processor.py:925} INFO - DAG(s) 'example_sla_dag' retrieved from /home/airflow/.local/lib/python3.12/site-packages/airflow/example_dags/example_sla_dag.py
[2024-11-19T12:24:36.780+0000] {logging_mixin.py:190} INFO - [2024-11-19T12:24:36.779+0000] {dag.py:3239} INFO - Sync 1 DAGs
[2024-11-19T12:24:36.807+0000] {logging_mixin.py:190} INFO - [2024-11-19T12:24:36.807+0000] {dag.py:4180} INFO - Setting next_dagrun for example_sla_dag to 2024-11-19 12:22:00+00:00, run_after=2024-11-19 12:24:00+00:00
[2024-11-19T12:24:36.874+0000] {processor.py:208} INFO - Processing /home/airflow/.local/lib/python3.12/site-packages/airflow/example_dags/example_sla_dag.py took 0.142 seconds
[2024-11-19T12:25:08.324+0000] {processor.py:186} INFO - Started process (PID=755) to work on /home/airflow/.local/lib/python3.12/site-packages/airflow/example_dags/example_sla_dag.py
[2024-11-19T12:25:08.325+0000] {processor.py:914} INFO - Processing file /home/airflow/.local/lib/python3.12/site-packages/airflow/example_dags/example_sla_dag.py for tasks to queue
[2024-11-19T12:25:08.327+0000] {logging_mixin.py:190} INFO - [2024-11-19T12:25:08.327+0000] {dagbag.py:588} INFO - Filling up the DagBag from /home/airflow/.local/lib/python3.12/site-packages/airflow/example_dags/example_sla_dag.py
[2024-11-19T12:25:08.338+0000] {processor.py:925} INFO - DAG(s) 'example_sla_dag' retrieved from /home/airflow/.local/lib/python3.12/site-packages/airflow/example_dags/example_sla_dag.py
[2024-11-19T12:25:08.357+0000] {logging_mixin.py:190} INFO - [2024-11-19T12:25:08.356+0000] {dag.py:3239} INFO - Sync 1 DAGs
[2024-11-19T12:25:08.389+0000] {logging_mixin.py:190} INFO - [2024-11-19T12:25:08.389+0000] {dag.py:4180} INFO - Setting next_dagrun for example_sla_dag to 2024-11-19 12:22:00+00:00, run_after=2024-11-19 12:24:00+00:00
[2024-11-19T12:25:08.419+0000] {processor.py:208} INFO - Processing /home/airflow/.local/lib/python3.12/site-packages/airflow/example_dags/example_sla_dag.py took 0.101 seconds
[2024-11-19T12:25:40.050+0000] {processor.py:186} INFO - Started process (PID=820) to work on /home/airflow/.local/lib/python3.12/site-packages/airflow/example_dags/example_sla_dag.py
[2024-11-19T12:25:40.050+0000] {processor.py:914} INFO - Processing file /home/airflow/.local/lib/python3.12/site-packages/airflow/example_dags/example_sla_dag.py for tasks to queue
[2024-11-19T12:25:40.053+0000] {logging_mixin.py:190} INFO - [2024-11-19T12:25:40.052+0000] {dagbag.py:588} INFO - Filling up the DagBag from /home/airflow/.local/lib/python3.12/site-packages/airflow/example_dags/example_sla_dag.py
[2024-11-19T12:25:40.064+0000] {processor.py:925} INFO - DAG(s) 'example_sla_dag' retrieved from /home/airflow/.local/lib/python3.12/site-packages/airflow/example_dags/example_sla_dag.py
[2024-11-19T12:25:40.081+0000] {logging_mixin.py:190} INFO - [2024-11-19T12:25:40.081+0000] {dag.py:3239} INFO - Sync 1 DAGs
[2024-11-19T12:25:40.112+0000] {logging_mixin.py:190} INFO - [2024-11-19T12:25:40.112+0000] {dag.py:4180} INFO - Setting next_dagrun for example_sla_dag to 2024-11-19 12:22:00+00:00, run_after=2024-11-19 12:24:00+00:00
[2024-11-19T12:25:40.152+0000] {processor.py:208} INFO - Processing /home/airflow/.local/lib/python3.12/site-packages/airflow/example_dags/example_sla_dag.py took 0.109 seconds
[2024-11-19T12:26:11.763+0000] {processor.py:186} INFO - Started process (PID=884) to work on /home/airflow/.local/lib/python3.12/site-packages/airflow/example_dags/example_sla_dag.py
[2024-11-19T12:26:11.764+0000] {processor.py:914} INFO - Processing file /home/airflow/.local/lib/python3.12/site-packages/airflow/example_dags/example_sla_dag.py for tasks to queue
[2024-11-19T12:26:11.766+0000] {logging_mixin.py:190} INFO - [2024-11-19T12:26:11.766+0000] {dagbag.py:588} INFO - Filling up the DagBag from /home/airflow/.local/lib/python3.12/site-packages/airflow/example_dags/example_sla_dag.py
[2024-11-19T12:26:11.776+0000] {processor.py:925} INFO - DAG(s) 'example_sla_dag' retrieved from /home/airflow/.local/lib/python3.12/site-packages/airflow/example_dags/example_sla_dag.py
[2024-11-19T12:26:11.794+0000] {logging_mixin.py:190} INFO - [2024-11-19T12:26:11.794+0000] {dag.py:3239} INFO - Sync 1 DAGs
[2024-11-19T12:26:11.829+0000] {logging_mixin.py:190} INFO - [2024-11-19T12:26:11.829+0000] {dag.py:4180} INFO - Setting next_dagrun for example_sla_dag to 2024-11-19 12:24:00+00:00, run_after=2024-11-19 12:26:00+00:00
[2024-11-19T12:26:11.861+0000] {processor.py:208} INFO - Processing /home/airflow/.local/lib/python3.12/site-packages/airflow/example_dags/example_sla_dag.py took 0.104 seconds
[2024-11-19T12:26:42.905+0000] {processor.py:186} INFO - Started process (PID=948) to work on /home/airflow/.local/lib/python3.12/site-packages/airflow/example_dags/example_sla_dag.py
[2024-11-19T12:26:42.906+0000] {processor.py:914} INFO - Processing file /home/airflow/.local/lib/python3.12/site-packages/airflow/example_dags/example_sla_dag.py for tasks to queue
[2024-11-19T12:26:42.908+0000] {logging_mixin.py:190} INFO - [2024-11-19T12:26:42.908+0000] {dagbag.py:588} INFO - Filling up the DagBag from /home/airflow/.local/lib/python3.12/site-packages/airflow/example_dags/example_sla_dag.py
[2024-11-19T12:26:42.920+0000] {processor.py:925} INFO - DAG(s) 'example_sla_dag' retrieved from /home/airflow/.local/lib/python3.12/site-packages/airflow/example_dags/example_sla_dag.py
[2024-11-19T12:26:42.937+0000] {logging_mixin.py:190} INFO - [2024-11-19T12:26:42.937+0000] {dag.py:3239} INFO - Sync 1 DAGs
[2024-11-19T12:26:42.969+0000] {logging_mixin.py:190} INFO - [2024-11-19T12:26:42.968+0000] {dag.py:4180} INFO - Setting next_dagrun for example_sla_dag to 2024-11-19 12:24:00+00:00, run_after=2024-11-19 12:26:00+00:00
[2024-11-19T12:26:43.003+0000] {processor.py:208} INFO - Processing /home/airflow/.local/lib/python3.12/site-packages/airflow/example_dags/example_sla_dag.py took 0.106 seconds
[2024-11-19T12:27:14.352+0000] {processor.py:186} INFO - Started process (PID=1012) to work on /home/airflow/.local/lib/python3.12/site-packages/airflow/example_dags/example_sla_dag.py
[2024-11-19T12:27:14.353+0000] {processor.py:914} INFO - Processing file /home/airflow/.local/lib/python3.12/site-packages/airflow/example_dags/example_sla_dag.py for tasks to queue
[2024-11-19T12:27:14.354+0000] {logging_mixin.py:190} INFO - [2024-11-19T12:27:14.354+0000] {dagbag.py:588} INFO - Filling up the DagBag from /home/airflow/.local/lib/python3.12/site-packages/airflow/example_dags/example_sla_dag.py
[2024-11-19T12:27:14.365+0000] {processor.py:925} INFO - DAG(s) 'example_sla_dag' retrieved from /home/airflow/.local/lib/python3.12/site-packages/airflow/example_dags/example_sla_dag.py
[2024-11-19T12:27:14.383+0000] {logging_mixin.py:190} INFO - [2024-11-19T12:27:14.383+0000] {dag.py:3239} INFO - Sync 1 DAGs
[2024-11-19T12:27:14.412+0000] {logging_mixin.py:190} INFO - [2024-11-19T12:27:14.412+0000] {dag.py:4180} INFO - Setting next_dagrun for example_sla_dag to 2024-11-19 12:24:00+00:00, run_after=2024-11-19 12:26:00+00:00
[2024-11-19T12:27:14.435+0000] {processor.py:208} INFO - Processing /home/airflow/.local/lib/python3.12/site-packages/airflow/example_dags/example_sla_dag.py took 0.088 seconds
