[2024-11-19T12:03:53.633+0000] {processor.py:186} INFO - Started process (PID=64) to work on /home/airflow/.local/lib/python3.12/site-packages/airflow/example_dags/example_skip_dag.py
[2024-11-19T12:03:53.633+0000] {processor.py:914} INFO - Processing file /home/airflow/.local/lib/python3.12/site-packages/airflow/example_dags/example_skip_dag.py for tasks to queue
[2024-11-19T12:03:53.677+0000] {logging_mixin.py:190} INFO - [2024-11-19T12:03:53.674+0000] {dagbag.py:588} INFO - Filling up the DagBag from /home/airflow/.local/lib/python3.12/site-packages/airflow/example_dags/example_skip_dag.py
[2024-11-19T12:03:53.789+0000] {processor.py:925} INFO - DAG(s) 'example_skip_dag' retrieved from /home/airflow/.local/lib/python3.12/site-packages/airflow/example_dags/example_skip_dag.py
[2024-11-19T12:03:54.082+0000] {logging_mixin.py:190} INFO - [2024-11-19T12:03:54.081+0000] {dag.py:3239} INFO - Sync 1 DAGs
[2024-11-19T12:03:54.387+0000] {logging_mixin.py:190} INFO - [2024-11-19T12:03:54.387+0000] {dag.py:4180} INFO - Setting next_dagrun for example_skip_dag to 2024-11-18 00:00:00+00:00, run_after=2024-11-19 00:00:00+00:00
[2024-11-19T12:03:54.764+0000] {processor.py:208} INFO - Processing /home/airflow/.local/lib/python3.12/site-packages/airflow/example_dags/example_skip_dag.py took 1.181 seconds
[2024-11-19T12:04:25.019+0000] {processor.py:186} INFO - Started process (PID=128) to work on /home/airflow/.local/lib/python3.12/site-packages/airflow/example_dags/example_skip_dag.py
[2024-11-19T12:04:25.026+0000] {processor.py:914} INFO - Processing file /home/airflow/.local/lib/python3.12/site-packages/airflow/example_dags/example_skip_dag.py for tasks to queue
[2024-11-19T12:04:25.028+0000] {logging_mixin.py:190} INFO - [2024-11-19T12:04:25.028+0000] {dagbag.py:588} INFO - Filling up the DagBag from /home/airflow/.local/lib/python3.12/site-packages/airflow/example_dags/example_skip_dag.py
[2024-11-19T12:04:25.091+0000] {processor.py:925} INFO - DAG(s) 'example_skip_dag' retrieved from /home/airflow/.local/lib/python3.12/site-packages/airflow/example_dags/example_skip_dag.py
[2024-11-19T12:04:25.191+0000] {logging_mixin.py:190} INFO - [2024-11-19T12:04:25.191+0000] {dag.py:3239} INFO - Sync 1 DAGs
[2024-11-19T12:04:25.346+0000] {logging_mixin.py:190} INFO - [2024-11-19T12:04:25.345+0000] {dag.py:4180} INFO - Setting next_dagrun for example_skip_dag to 2024-11-18 00:00:00+00:00, run_after=2024-11-19 00:00:00+00:00
[2024-11-19T12:04:25.563+0000] {processor.py:208} INFO - Processing /home/airflow/.local/lib/python3.12/site-packages/airflow/example_dags/example_skip_dag.py took 0.551 seconds
[2024-11-19T12:04:55.978+0000] {processor.py:186} INFO - Started process (PID=192) to work on /home/airflow/.local/lib/python3.12/site-packages/airflow/example_dags/example_skip_dag.py
[2024-11-19T12:04:55.979+0000] {processor.py:914} INFO - Processing file /home/airflow/.local/lib/python3.12/site-packages/airflow/example_dags/example_skip_dag.py for tasks to queue
[2024-11-19T12:04:55.982+0000] {logging_mixin.py:190} INFO - [2024-11-19T12:04:55.981+0000] {dagbag.py:588} INFO - Filling up the DagBag from /home/airflow/.local/lib/python3.12/site-packages/airflow/example_dags/example_skip_dag.py
[2024-11-19T12:04:55.990+0000] {processor.py:925} INFO - DAG(s) 'example_skip_dag' retrieved from /home/airflow/.local/lib/python3.12/site-packages/airflow/example_dags/example_skip_dag.py
[2024-11-19T12:04:56.018+0000] {logging_mixin.py:190} INFO - [2024-11-19T12:04:56.017+0000] {dag.py:3239} INFO - Sync 1 DAGs
[2024-11-19T12:04:56.056+0000] {logging_mixin.py:190} INFO - [2024-11-19T12:04:56.056+0000] {dag.py:4180} INFO - Setting next_dagrun for example_skip_dag to 2024-11-18 00:00:00+00:00, run_after=2024-11-19 00:00:00+00:00
[2024-11-19T12:04:56.091+0000] {processor.py:208} INFO - Processing /home/airflow/.local/lib/python3.12/site-packages/airflow/example_dags/example_skip_dag.py took 0.121 seconds
[2024-11-19T12:05:26.322+0000] {processor.py:186} INFO - Started process (PID=256) to work on /home/airflow/.local/lib/python3.12/site-packages/airflow/example_dags/example_skip_dag.py
[2024-11-19T12:05:26.322+0000] {processor.py:914} INFO - Processing file /home/airflow/.local/lib/python3.12/site-packages/airflow/example_dags/example_skip_dag.py for tasks to queue
[2024-11-19T12:05:26.325+0000] {logging_mixin.py:190} INFO - [2024-11-19T12:05:26.324+0000] {dagbag.py:588} INFO - Filling up the DagBag from /home/airflow/.local/lib/python3.12/site-packages/airflow/example_dags/example_skip_dag.py
[2024-11-19T12:05:26.332+0000] {processor.py:925} INFO - DAG(s) 'example_skip_dag' retrieved from /home/airflow/.local/lib/python3.12/site-packages/airflow/example_dags/example_skip_dag.py
[2024-11-19T12:05:26.349+0000] {logging_mixin.py:190} INFO - [2024-11-19T12:05:26.348+0000] {dag.py:3239} INFO - Sync 1 DAGs
[2024-11-19T12:05:26.366+0000] {logging_mixin.py:190} INFO - [2024-11-19T12:05:26.366+0000] {dag.py:4180} INFO - Setting next_dagrun for example_skip_dag to 2024-11-18 00:00:00+00:00, run_after=2024-11-19 00:00:00+00:00
[2024-11-19T12:05:26.393+0000] {processor.py:208} INFO - Processing /home/airflow/.local/lib/python3.12/site-packages/airflow/example_dags/example_skip_dag.py took 0.078 seconds
[2024-11-19T12:05:56.903+0000] {processor.py:186} INFO - Started process (PID=320) to work on /home/airflow/.local/lib/python3.12/site-packages/airflow/example_dags/example_skip_dag.py
[2024-11-19T12:05:56.906+0000] {processor.py:914} INFO - Processing file /home/airflow/.local/lib/python3.12/site-packages/airflow/example_dags/example_skip_dag.py for tasks to queue
[2024-11-19T12:05:56.911+0000] {logging_mixin.py:190} INFO - [2024-11-19T12:05:56.910+0000] {dagbag.py:588} INFO - Filling up the DagBag from /home/airflow/.local/lib/python3.12/site-packages/airflow/example_dags/example_skip_dag.py
[2024-11-19T12:05:56.923+0000] {processor.py:925} INFO - DAG(s) 'example_skip_dag' retrieved from /home/airflow/.local/lib/python3.12/site-packages/airflow/example_dags/example_skip_dag.py
[2024-11-19T12:05:57.027+0000] {logging_mixin.py:190} INFO - [2024-11-19T12:05:57.027+0000] {dag.py:3239} INFO - Sync 1 DAGs
[2024-11-19T12:05:57.063+0000] {logging_mixin.py:190} INFO - [2024-11-19T12:05:57.063+0000] {dag.py:4180} INFO - Setting next_dagrun for example_skip_dag to 2024-11-18 00:00:00+00:00, run_after=2024-11-19 00:00:00+00:00
[2024-11-19T12:05:57.156+0000] {processor.py:208} INFO - Processing /home/airflow/.local/lib/python3.12/site-packages/airflow/example_dags/example_skip_dag.py took 0.269 seconds
[2024-11-19T12:06:27.296+0000] {processor.py:186} INFO - Started process (PID=385) to work on /home/airflow/.local/lib/python3.12/site-packages/airflow/example_dags/example_skip_dag.py
[2024-11-19T12:06:27.297+0000] {processor.py:914} INFO - Processing file /home/airflow/.local/lib/python3.12/site-packages/airflow/example_dags/example_skip_dag.py for tasks to queue
[2024-11-19T12:06:27.298+0000] {logging_mixin.py:190} INFO - [2024-11-19T12:06:27.298+0000] {dagbag.py:588} INFO - Filling up the DagBag from /home/airflow/.local/lib/python3.12/site-packages/airflow/example_dags/example_skip_dag.py
[2024-11-19T12:06:27.304+0000] {processor.py:925} INFO - DAG(s) 'example_skip_dag' retrieved from /home/airflow/.local/lib/python3.12/site-packages/airflow/example_dags/example_skip_dag.py
[2024-11-19T12:06:27.320+0000] {logging_mixin.py:190} INFO - [2024-11-19T12:06:27.320+0000] {dag.py:3239} INFO - Sync 1 DAGs
[2024-11-19T12:06:27.343+0000] {logging_mixin.py:190} INFO - [2024-11-19T12:06:27.343+0000] {dag.py:4180} INFO - Setting next_dagrun for example_skip_dag to 2024-11-18 00:00:00+00:00, run_after=2024-11-19 00:00:00+00:00
[2024-11-19T12:06:27.375+0000] {processor.py:208} INFO - Processing /home/airflow/.local/lib/python3.12/site-packages/airflow/example_dags/example_skip_dag.py took 0.083 seconds
[2024-11-19T12:06:57.543+0000] {processor.py:186} INFO - Started process (PID=449) to work on /home/airflow/.local/lib/python3.12/site-packages/airflow/example_dags/example_skip_dag.py
[2024-11-19T12:06:57.544+0000] {processor.py:914} INFO - Processing file /home/airflow/.local/lib/python3.12/site-packages/airflow/example_dags/example_skip_dag.py for tasks to queue
[2024-11-19T12:06:57.549+0000] {logging_mixin.py:190} INFO - [2024-11-19T12:06:57.548+0000] {dagbag.py:588} INFO - Filling up the DagBag from /home/airflow/.local/lib/python3.12/site-packages/airflow/example_dags/example_skip_dag.py
[2024-11-19T12:06:57.559+0000] {processor.py:925} INFO - DAG(s) 'example_skip_dag' retrieved from /home/airflow/.local/lib/python3.12/site-packages/airflow/example_dags/example_skip_dag.py
[2024-11-19T12:06:57.578+0000] {logging_mixin.py:190} INFO - [2024-11-19T12:06:57.578+0000] {dag.py:3239} INFO - Sync 1 DAGs
[2024-11-19T12:06:57.597+0000] {logging_mixin.py:190} INFO - [2024-11-19T12:06:57.596+0000] {dag.py:4180} INFO - Setting next_dagrun for example_skip_dag to 2024-11-18 00:00:00+00:00, run_after=2024-11-19 00:00:00+00:00
[2024-11-19T12:06:57.617+0000] {processor.py:208} INFO - Processing /home/airflow/.local/lib/python3.12/site-packages/airflow/example_dags/example_skip_dag.py took 0.080 seconds
[2024-11-19T12:07:27.649+0000] {processor.py:186} INFO - Started process (PID=514) to work on /home/airflow/.local/lib/python3.12/site-packages/airflow/example_dags/example_skip_dag.py
[2024-11-19T12:07:27.650+0000] {processor.py:914} INFO - Processing file /home/airflow/.local/lib/python3.12/site-packages/airflow/example_dags/example_skip_dag.py for tasks to queue
[2024-11-19T12:07:27.651+0000] {logging_mixin.py:190} INFO - [2024-11-19T12:07:27.651+0000] {dagbag.py:588} INFO - Filling up the DagBag from /home/airflow/.local/lib/python3.12/site-packages/airflow/example_dags/example_skip_dag.py
[2024-11-19T12:07:27.657+0000] {processor.py:925} INFO - DAG(s) 'example_skip_dag' retrieved from /home/airflow/.local/lib/python3.12/site-packages/airflow/example_dags/example_skip_dag.py
[2024-11-19T12:07:27.674+0000] {logging_mixin.py:190} INFO - [2024-11-19T12:07:27.674+0000] {dag.py:3239} INFO - Sync 1 DAGs
[2024-11-19T12:07:27.691+0000] {logging_mixin.py:190} INFO - [2024-11-19T12:07:27.691+0000] {dag.py:4180} INFO - Setting next_dagrun for example_skip_dag to 2024-11-18 00:00:00+00:00, run_after=2024-11-19 00:00:00+00:00
[2024-11-19T12:07:27.712+0000] {processor.py:208} INFO - Processing /home/airflow/.local/lib/python3.12/site-packages/airflow/example_dags/example_skip_dag.py took 0.067 seconds
[2024-11-19T12:07:59.665+0000] {processor.py:186} INFO - Started process (PID=560) to work on /home/airflow/.local/lib/python3.12/site-packages/airflow/example_dags/example_skip_dag.py
[2024-11-19T12:07:59.665+0000] {processor.py:914} INFO - Processing file /home/airflow/.local/lib/python3.12/site-packages/airflow/example_dags/example_skip_dag.py for tasks to queue
[2024-11-19T12:07:59.675+0000] {logging_mixin.py:190} INFO - [2024-11-19T12:07:59.674+0000] {dagbag.py:588} INFO - Filling up the DagBag from /home/airflow/.local/lib/python3.12/site-packages/airflow/example_dags/example_skip_dag.py
[2024-11-19T12:07:59.692+0000] {processor.py:925} INFO - DAG(s) 'example_skip_dag' retrieved from /home/airflow/.local/lib/python3.12/site-packages/airflow/example_dags/example_skip_dag.py
[2024-11-19T12:07:59.723+0000] {logging_mixin.py:190} INFO - [2024-11-19T12:07:59.722+0000] {dag.py:3239} INFO - Sync 1 DAGs
[2024-11-19T12:07:59.761+0000] {logging_mixin.py:190} INFO - [2024-11-19T12:07:59.761+0000] {dag.py:4180} INFO - Setting next_dagrun for example_skip_dag to 2024-11-18 00:00:00+00:00, run_after=2024-11-19 00:00:00+00:00
[2024-11-19T12:07:59.806+0000] {processor.py:208} INFO - Processing /home/airflow/.local/lib/python3.12/site-packages/airflow/example_dags/example_skip_dag.py took 0.162 seconds
[2024-11-19T12:08:31.799+0000] {processor.py:186} INFO - Started process (PID=624) to work on /home/airflow/.local/lib/python3.12/site-packages/airflow/example_dags/example_skip_dag.py
[2024-11-19T12:08:31.810+0000] {processor.py:914} INFO - Processing file /home/airflow/.local/lib/python3.12/site-packages/airflow/example_dags/example_skip_dag.py for tasks to queue
[2024-11-19T12:08:31.812+0000] {logging_mixin.py:190} INFO - [2024-11-19T12:08:31.812+0000] {dagbag.py:588} INFO - Filling up the DagBag from /home/airflow/.local/lib/python3.12/site-packages/airflow/example_dags/example_skip_dag.py
[2024-11-19T12:08:31.841+0000] {processor.py:925} INFO - DAG(s) 'example_skip_dag' retrieved from /home/airflow/.local/lib/python3.12/site-packages/airflow/example_dags/example_skip_dag.py
[2024-11-19T12:08:31.877+0000] {logging_mixin.py:190} INFO - [2024-11-19T12:08:31.877+0000] {dag.py:3239} INFO - Sync 1 DAGs
[2024-11-19T12:08:31.926+0000] {logging_mixin.py:190} INFO - [2024-11-19T12:08:31.926+0000] {dag.py:4180} INFO - Setting next_dagrun for example_skip_dag to 2024-11-18 00:00:00+00:00, run_after=2024-11-19 00:00:00+00:00
[2024-11-19T12:08:31.975+0000] {processor.py:208} INFO - Processing /home/airflow/.local/lib/python3.12/site-packages/airflow/example_dags/example_skip_dag.py took 0.206 seconds
[2024-11-19T12:09:02.247+0000] {processor.py:186} INFO - Started process (PID=688) to work on /home/airflow/.local/lib/python3.12/site-packages/airflow/example_dags/example_skip_dag.py
[2024-11-19T12:09:02.247+0000] {processor.py:914} INFO - Processing file /home/airflow/.local/lib/python3.12/site-packages/airflow/example_dags/example_skip_dag.py for tasks to queue
[2024-11-19T12:09:02.250+0000] {logging_mixin.py:190} INFO - [2024-11-19T12:09:02.249+0000] {dagbag.py:588} INFO - Filling up the DagBag from /home/airflow/.local/lib/python3.12/site-packages/airflow/example_dags/example_skip_dag.py
[2024-11-19T12:09:02.258+0000] {processor.py:925} INFO - DAG(s) 'example_skip_dag' retrieved from /home/airflow/.local/lib/python3.12/site-packages/airflow/example_dags/example_skip_dag.py
[2024-11-19T12:09:02.277+0000] {logging_mixin.py:190} INFO - [2024-11-19T12:09:02.277+0000] {dag.py:3239} INFO - Sync 1 DAGs
[2024-11-19T12:09:02.300+0000] {logging_mixin.py:190} INFO - [2024-11-19T12:09:02.300+0000] {dag.py:4180} INFO - Setting next_dagrun for example_skip_dag to 2024-11-18 00:00:00+00:00, run_after=2024-11-19 00:00:00+00:00
[2024-11-19T12:09:02.321+0000] {processor.py:208} INFO - Processing /home/airflow/.local/lib/python3.12/site-packages/airflow/example_dags/example_skip_dag.py took 0.081 seconds
[2024-11-19T12:09:32.669+0000] {processor.py:186} INFO - Started process (PID=758) to work on /home/airflow/.local/lib/python3.12/site-packages/airflow/example_dags/example_skip_dag.py
[2024-11-19T12:09:32.670+0000] {processor.py:914} INFO - Processing file /home/airflow/.local/lib/python3.12/site-packages/airflow/example_dags/example_skip_dag.py for tasks to queue
[2024-11-19T12:09:32.672+0000] {logging_mixin.py:190} INFO - [2024-11-19T12:09:32.672+0000] {dagbag.py:588} INFO - Filling up the DagBag from /home/airflow/.local/lib/python3.12/site-packages/airflow/example_dags/example_skip_dag.py
[2024-11-19T12:09:32.680+0000] {processor.py:925} INFO - DAG(s) 'example_skip_dag' retrieved from /home/airflow/.local/lib/python3.12/site-packages/airflow/example_dags/example_skip_dag.py
[2024-11-19T12:09:32.702+0000] {logging_mixin.py:190} INFO - [2024-11-19T12:09:32.702+0000] {dag.py:3239} INFO - Sync 1 DAGs
[2024-11-19T12:09:32.726+0000] {logging_mixin.py:190} INFO - [2024-11-19T12:09:32.726+0000] {dag.py:4180} INFO - Setting next_dagrun for example_skip_dag to 2024-11-18 00:00:00+00:00, run_after=2024-11-19 00:00:00+00:00
[2024-11-19T12:09:32.751+0000] {processor.py:208} INFO - Processing /home/airflow/.local/lib/python3.12/site-packages/airflow/example_dags/example_skip_dag.py took 0.088 seconds
[2024-11-19T12:10:02.880+0000] {processor.py:186} INFO - Started process (PID=821) to work on /home/airflow/.local/lib/python3.12/site-packages/airflow/example_dags/example_skip_dag.py
[2024-11-19T12:10:02.881+0000] {processor.py:914} INFO - Processing file /home/airflow/.local/lib/python3.12/site-packages/airflow/example_dags/example_skip_dag.py for tasks to queue
[2024-11-19T12:10:02.882+0000] {logging_mixin.py:190} INFO - [2024-11-19T12:10:02.882+0000] {dagbag.py:588} INFO - Filling up the DagBag from /home/airflow/.local/lib/python3.12/site-packages/airflow/example_dags/example_skip_dag.py
[2024-11-19T12:10:02.888+0000] {processor.py:925} INFO - DAG(s) 'example_skip_dag' retrieved from /home/airflow/.local/lib/python3.12/site-packages/airflow/example_dags/example_skip_dag.py
[2024-11-19T12:10:02.903+0000] {logging_mixin.py:190} INFO - [2024-11-19T12:10:02.903+0000] {dag.py:3239} INFO - Sync 1 DAGs
[2024-11-19T12:10:02.920+0000] {logging_mixin.py:190} INFO - [2024-11-19T12:10:02.920+0000] {dag.py:4180} INFO - Setting next_dagrun for example_skip_dag to 2024-11-18 00:00:00+00:00, run_after=2024-11-19 00:00:00+00:00
[2024-11-19T12:10:02.936+0000] {processor.py:208} INFO - Processing /home/airflow/.local/lib/python3.12/site-packages/airflow/example_dags/example_skip_dag.py took 0.062 seconds
[2024-11-19T12:10:33.293+0000] {processor.py:186} INFO - Started process (PID=886) to work on /home/airflow/.local/lib/python3.12/site-packages/airflow/example_dags/example_skip_dag.py
[2024-11-19T12:10:33.294+0000] {processor.py:914} INFO - Processing file /home/airflow/.local/lib/python3.12/site-packages/airflow/example_dags/example_skip_dag.py for tasks to queue
[2024-11-19T12:10:33.296+0000] {logging_mixin.py:190} INFO - [2024-11-19T12:10:33.296+0000] {dagbag.py:588} INFO - Filling up the DagBag from /home/airflow/.local/lib/python3.12/site-packages/airflow/example_dags/example_skip_dag.py
[2024-11-19T12:10:33.305+0000] {processor.py:925} INFO - DAG(s) 'example_skip_dag' retrieved from /home/airflow/.local/lib/python3.12/site-packages/airflow/example_dags/example_skip_dag.py
[2024-11-19T12:10:33.326+0000] {logging_mixin.py:190} INFO - [2024-11-19T12:10:33.325+0000] {dag.py:3239} INFO - Sync 1 DAGs
[2024-11-19T12:10:33.350+0000] {logging_mixin.py:190} INFO - [2024-11-19T12:10:33.350+0000] {dag.py:4180} INFO - Setting next_dagrun for example_skip_dag to 2024-11-18 00:00:00+00:00, run_after=2024-11-19 00:00:00+00:00
[2024-11-19T12:10:33.380+0000] {processor.py:208} INFO - Processing /home/airflow/.local/lib/python3.12/site-packages/airflow/example_dags/example_skip_dag.py took 0.093 seconds
[2024-11-19T12:11:03.577+0000] {processor.py:186} INFO - Started process (PID=959) to work on /home/airflow/.local/lib/python3.12/site-packages/airflow/example_dags/example_skip_dag.py
[2024-11-19T12:11:03.578+0000] {processor.py:914} INFO - Processing file /home/airflow/.local/lib/python3.12/site-packages/airflow/example_dags/example_skip_dag.py for tasks to queue
[2024-11-19T12:11:03.579+0000] {logging_mixin.py:190} INFO - [2024-11-19T12:11:03.579+0000] {dagbag.py:588} INFO - Filling up the DagBag from /home/airflow/.local/lib/python3.12/site-packages/airflow/example_dags/example_skip_dag.py
[2024-11-19T12:11:03.588+0000] {processor.py:925} INFO - DAG(s) 'example_skip_dag' retrieved from /home/airflow/.local/lib/python3.12/site-packages/airflow/example_dags/example_skip_dag.py
[2024-11-19T12:11:03.611+0000] {logging_mixin.py:190} INFO - [2024-11-19T12:11:03.611+0000] {dag.py:3239} INFO - Sync 1 DAGs
[2024-11-19T12:11:03.637+0000] {logging_mixin.py:190} INFO - [2024-11-19T12:11:03.637+0000] {dag.py:4180} INFO - Setting next_dagrun for example_skip_dag to 2024-11-18 00:00:00+00:00, run_after=2024-11-19 00:00:00+00:00
[2024-11-19T12:11:03.660+0000] {processor.py:208} INFO - Processing /home/airflow/.local/lib/python3.12/site-packages/airflow/example_dags/example_skip_dag.py took 0.088 seconds
[2024-11-19T12:11:33.990+0000] {processor.py:186} INFO - Started process (PID=1024) to work on /home/airflow/.local/lib/python3.12/site-packages/airflow/example_dags/example_skip_dag.py
[2024-11-19T12:11:33.990+0000] {processor.py:914} INFO - Processing file /home/airflow/.local/lib/python3.12/site-packages/airflow/example_dags/example_skip_dag.py for tasks to queue
[2024-11-19T12:11:33.991+0000] {logging_mixin.py:190} INFO - [2024-11-19T12:11:33.991+0000] {dagbag.py:588} INFO - Filling up the DagBag from /home/airflow/.local/lib/python3.12/site-packages/airflow/example_dags/example_skip_dag.py
[2024-11-19T12:11:33.998+0000] {processor.py:925} INFO - DAG(s) 'example_skip_dag' retrieved from /home/airflow/.local/lib/python3.12/site-packages/airflow/example_dags/example_skip_dag.py
[2024-11-19T12:11:34.013+0000] {logging_mixin.py:190} INFO - [2024-11-19T12:11:34.013+0000] {dag.py:3239} INFO - Sync 1 DAGs
[2024-11-19T12:11:34.030+0000] {logging_mixin.py:190} INFO - [2024-11-19T12:11:34.030+0000] {dag.py:4180} INFO - Setting next_dagrun for example_skip_dag to 2024-11-18 00:00:00+00:00, run_after=2024-11-19 00:00:00+00:00
[2024-11-19T12:11:34.062+0000] {processor.py:208} INFO - Processing /home/airflow/.local/lib/python3.12/site-packages/airflow/example_dags/example_skip_dag.py took 0.076 seconds
[2024-11-19T12:12:04.600+0000] {processor.py:186} INFO - Started process (PID=1084) to work on /home/airflow/.local/lib/python3.12/site-packages/airflow/example_dags/example_skip_dag.py
[2024-11-19T12:12:04.601+0000] {processor.py:914} INFO - Processing file /home/airflow/.local/lib/python3.12/site-packages/airflow/example_dags/example_skip_dag.py for tasks to queue
[2024-11-19T12:12:04.602+0000] {logging_mixin.py:190} INFO - [2024-11-19T12:12:04.602+0000] {dagbag.py:588} INFO - Filling up the DagBag from /home/airflow/.local/lib/python3.12/site-packages/airflow/example_dags/example_skip_dag.py
[2024-11-19T12:12:04.611+0000] {processor.py:925} INFO - DAG(s) 'example_skip_dag' retrieved from /home/airflow/.local/lib/python3.12/site-packages/airflow/example_dags/example_skip_dag.py
[2024-11-19T12:12:04.642+0000] {logging_mixin.py:190} INFO - [2024-11-19T12:12:04.642+0000] {dag.py:3239} INFO - Sync 1 DAGs
[2024-11-19T12:12:04.681+0000] {logging_mixin.py:190} INFO - [2024-11-19T12:12:04.681+0000] {dag.py:4180} INFO - Setting next_dagrun for example_skip_dag to 2024-11-18 00:00:00+00:00, run_after=2024-11-19 00:00:00+00:00
[2024-11-19T12:12:04.706+0000] {processor.py:208} INFO - Processing /home/airflow/.local/lib/python3.12/site-packages/airflow/example_dags/example_skip_dag.py took 0.113 seconds
[2024-11-19T12:12:35.064+0000] {processor.py:186} INFO - Started process (PID=1153) to work on /home/airflow/.local/lib/python3.12/site-packages/airflow/example_dags/example_skip_dag.py
[2024-11-19T12:12:35.065+0000] {processor.py:914} INFO - Processing file /home/airflow/.local/lib/python3.12/site-packages/airflow/example_dags/example_skip_dag.py for tasks to queue
[2024-11-19T12:12:35.066+0000] {logging_mixin.py:190} INFO - [2024-11-19T12:12:35.066+0000] {dagbag.py:588} INFO - Filling up the DagBag from /home/airflow/.local/lib/python3.12/site-packages/airflow/example_dags/example_skip_dag.py
[2024-11-19T12:12:35.075+0000] {processor.py:925} INFO - DAG(s) 'example_skip_dag' retrieved from /home/airflow/.local/lib/python3.12/site-packages/airflow/example_dags/example_skip_dag.py
[2024-11-19T12:12:35.122+0000] {logging_mixin.py:190} INFO - [2024-11-19T12:12:35.122+0000] {dag.py:3239} INFO - Sync 1 DAGs
[2024-11-19T12:12:35.173+0000] {logging_mixin.py:190} INFO - [2024-11-19T12:12:35.172+0000] {dag.py:4180} INFO - Setting next_dagrun for example_skip_dag to 2024-11-18 00:00:00+00:00, run_after=2024-11-19 00:00:00+00:00
[2024-11-19T12:12:35.224+0000] {processor.py:208} INFO - Processing /home/airflow/.local/lib/python3.12/site-packages/airflow/example_dags/example_skip_dag.py took 0.166 seconds
[2024-11-19T12:13:06.189+0000] {processor.py:186} INFO - Started process (PID=1217) to work on /home/airflow/.local/lib/python3.12/site-packages/airflow/example_dags/example_skip_dag.py
[2024-11-19T12:13:06.191+0000] {processor.py:914} INFO - Processing file /home/airflow/.local/lib/python3.12/site-packages/airflow/example_dags/example_skip_dag.py for tasks to queue
[2024-11-19T12:13:06.203+0000] {logging_mixin.py:190} INFO - [2024-11-19T12:13:06.203+0000] {dagbag.py:588} INFO - Filling up the DagBag from /home/airflow/.local/lib/python3.12/site-packages/airflow/example_dags/example_skip_dag.py
[2024-11-19T12:13:06.261+0000] {processor.py:925} INFO - DAG(s) 'example_skip_dag' retrieved from /home/airflow/.local/lib/python3.12/site-packages/airflow/example_dags/example_skip_dag.py
[2024-11-19T12:13:06.348+0000] {logging_mixin.py:190} INFO - [2024-11-19T12:13:06.348+0000] {dag.py:3239} INFO - Sync 1 DAGs
[2024-11-19T12:13:06.453+0000] {logging_mixin.py:190} INFO - [2024-11-19T12:13:06.453+0000] {dag.py:4180} INFO - Setting next_dagrun for example_skip_dag to 2024-11-18 00:00:00+00:00, run_after=2024-11-19 00:00:00+00:00
[2024-11-19T12:13:06.503+0000] {processor.py:208} INFO - Processing /home/airflow/.local/lib/python3.12/site-packages/airflow/example_dags/example_skip_dag.py took 0.335 seconds
[2024-11-19T12:13:37.189+0000] {processor.py:186} INFO - Started process (PID=1281) to work on /home/airflow/.local/lib/python3.12/site-packages/airflow/example_dags/example_skip_dag.py
[2024-11-19T12:13:37.190+0000] {processor.py:914} INFO - Processing file /home/airflow/.local/lib/python3.12/site-packages/airflow/example_dags/example_skip_dag.py for tasks to queue
[2024-11-19T12:13:37.191+0000] {logging_mixin.py:190} INFO - [2024-11-19T12:13:37.191+0000] {dagbag.py:588} INFO - Filling up the DagBag from /home/airflow/.local/lib/python3.12/site-packages/airflow/example_dags/example_skip_dag.py
[2024-11-19T12:13:37.199+0000] {processor.py:925} INFO - DAG(s) 'example_skip_dag' retrieved from /home/airflow/.local/lib/python3.12/site-packages/airflow/example_dags/example_skip_dag.py
[2024-11-19T12:13:37.220+0000] {logging_mixin.py:190} INFO - [2024-11-19T12:13:37.220+0000] {dag.py:3239} INFO - Sync 1 DAGs
[2024-11-19T12:13:37.246+0000] {logging_mixin.py:190} INFO - [2024-11-19T12:13:37.245+0000] {dag.py:4180} INFO - Setting next_dagrun for example_skip_dag to 2024-11-18 00:00:00+00:00, run_after=2024-11-19 00:00:00+00:00
[2024-11-19T12:13:37.271+0000] {processor.py:208} INFO - Processing /home/airflow/.local/lib/python3.12/site-packages/airflow/example_dags/example_skip_dag.py took 0.088 seconds
[2024-11-19T12:14:07.586+0000] {processor.py:186} INFO - Started process (PID=1346) to work on /home/airflow/.local/lib/python3.12/site-packages/airflow/example_dags/example_skip_dag.py
[2024-11-19T12:14:07.587+0000] {processor.py:914} INFO - Processing file /home/airflow/.local/lib/python3.12/site-packages/airflow/example_dags/example_skip_dag.py for tasks to queue
[2024-11-19T12:14:07.588+0000] {logging_mixin.py:190} INFO - [2024-11-19T12:14:07.588+0000] {dagbag.py:588} INFO - Filling up the DagBag from /home/airflow/.local/lib/python3.12/site-packages/airflow/example_dags/example_skip_dag.py
[2024-11-19T12:14:07.597+0000] {processor.py:925} INFO - DAG(s) 'example_skip_dag' retrieved from /home/airflow/.local/lib/python3.12/site-packages/airflow/example_dags/example_skip_dag.py
[2024-11-19T12:14:07.620+0000] {logging_mixin.py:190} INFO - [2024-11-19T12:14:07.620+0000] {dag.py:3239} INFO - Sync 1 DAGs
[2024-11-19T12:14:07.648+0000] {logging_mixin.py:190} INFO - [2024-11-19T12:14:07.648+0000] {dag.py:4180} INFO - Setting next_dagrun for example_skip_dag to 2024-11-18 00:00:00+00:00, run_after=2024-11-19 00:00:00+00:00
[2024-11-19T12:14:07.673+0000] {processor.py:208} INFO - Processing /home/airflow/.local/lib/python3.12/site-packages/airflow/example_dags/example_skip_dag.py took 0.093 seconds
[2024-11-19T12:14:38.123+0000] {processor.py:186} INFO - Started process (PID=1410) to work on /home/airflow/.local/lib/python3.12/site-packages/airflow/example_dags/example_skip_dag.py
[2024-11-19T12:14:38.124+0000] {processor.py:914} INFO - Processing file /home/airflow/.local/lib/python3.12/site-packages/airflow/example_dags/example_skip_dag.py for tasks to queue
[2024-11-19T12:14:38.125+0000] {logging_mixin.py:190} INFO - [2024-11-19T12:14:38.125+0000] {dagbag.py:588} INFO - Filling up the DagBag from /home/airflow/.local/lib/python3.12/site-packages/airflow/example_dags/example_skip_dag.py
[2024-11-19T12:14:38.134+0000] {processor.py:925} INFO - DAG(s) 'example_skip_dag' retrieved from /home/airflow/.local/lib/python3.12/site-packages/airflow/example_dags/example_skip_dag.py
[2024-11-19T12:14:38.156+0000] {logging_mixin.py:190} INFO - [2024-11-19T12:14:38.155+0000] {dag.py:3239} INFO - Sync 1 DAGs
[2024-11-19T12:14:38.185+0000] {logging_mixin.py:190} INFO - [2024-11-19T12:14:38.185+0000] {dag.py:4180} INFO - Setting next_dagrun for example_skip_dag to 2024-11-18 00:00:00+00:00, run_after=2024-11-19 00:00:00+00:00
[2024-11-19T12:14:38.209+0000] {processor.py:208} INFO - Processing /home/airflow/.local/lib/python3.12/site-packages/airflow/example_dags/example_skip_dag.py took 0.091 seconds
[2024-11-19T12:19:44.134+0000] {processor.py:186} INFO - Started process (PID=65) to work on /home/airflow/.local/lib/python3.12/site-packages/airflow/example_dags/example_skip_dag.py
[2024-11-19T12:19:44.135+0000] {processor.py:914} INFO - Processing file /home/airflow/.local/lib/python3.12/site-packages/airflow/example_dags/example_skip_dag.py for tasks to queue
[2024-11-19T12:19:44.138+0000] {logging_mixin.py:190} INFO - [2024-11-19T12:19:44.137+0000] {dagbag.py:588} INFO - Filling up the DagBag from /home/airflow/.local/lib/python3.12/site-packages/airflow/example_dags/example_skip_dag.py
[2024-11-19T12:19:44.148+0000] {processor.py:925} INFO - DAG(s) 'example_skip_dag' retrieved from /home/airflow/.local/lib/python3.12/site-packages/airflow/example_dags/example_skip_dag.py
[2024-11-19T12:19:44.194+0000] {logging_mixin.py:190} INFO - [2024-11-19T12:19:44.194+0000] {dag.py:3239} INFO - Sync 1 DAGs
[2024-11-19T12:19:44.221+0000] {logging_mixin.py:190} INFO - [2024-11-19T12:19:44.221+0000] {dag.py:4180} INFO - Setting next_dagrun for example_skip_dag to 2024-11-18 00:00:00+00:00, run_after=2024-11-19 00:00:00+00:00
[2024-11-19T12:19:44.257+0000] {processor.py:208} INFO - Processing /home/airflow/.local/lib/python3.12/site-packages/airflow/example_dags/example_skip_dag.py took 0.129 seconds
[2024-11-19T12:20:14.328+0000] {processor.py:186} INFO - Started process (PID=129) to work on /home/airflow/.local/lib/python3.12/site-packages/airflow/example_dags/example_skip_dag.py
[2024-11-19T12:20:14.329+0000] {processor.py:914} INFO - Processing file /home/airflow/.local/lib/python3.12/site-packages/airflow/example_dags/example_skip_dag.py for tasks to queue
[2024-11-19T12:20:14.331+0000] {logging_mixin.py:190} INFO - [2024-11-19T12:20:14.331+0000] {dagbag.py:588} INFO - Filling up the DagBag from /home/airflow/.local/lib/python3.12/site-packages/airflow/example_dags/example_skip_dag.py
[2024-11-19T12:20:14.337+0000] {processor.py:925} INFO - DAG(s) 'example_skip_dag' retrieved from /home/airflow/.local/lib/python3.12/site-packages/airflow/example_dags/example_skip_dag.py
[2024-11-19T12:20:14.354+0000] {logging_mixin.py:190} INFO - [2024-11-19T12:20:14.354+0000] {dag.py:3239} INFO - Sync 1 DAGs
[2024-11-19T12:20:14.371+0000] {logging_mixin.py:190} INFO - [2024-11-19T12:20:14.371+0000] {dag.py:4180} INFO - Setting next_dagrun for example_skip_dag to 2024-11-18 00:00:00+00:00, run_after=2024-11-19 00:00:00+00:00
[2024-11-19T12:20:14.394+0000] {processor.py:208} INFO - Processing /home/airflow/.local/lib/python3.12/site-packages/airflow/example_dags/example_skip_dag.py took 0.070 seconds
[2024-11-19T12:20:44.435+0000] {processor.py:186} INFO - Started process (PID=193) to work on /home/airflow/.local/lib/python3.12/site-packages/airflow/example_dags/example_skip_dag.py
[2024-11-19T12:20:44.436+0000] {processor.py:914} INFO - Processing file /home/airflow/.local/lib/python3.12/site-packages/airflow/example_dags/example_skip_dag.py for tasks to queue
[2024-11-19T12:20:44.439+0000] {logging_mixin.py:190} INFO - [2024-11-19T12:20:44.439+0000] {dagbag.py:588} INFO - Filling up the DagBag from /home/airflow/.local/lib/python3.12/site-packages/airflow/example_dags/example_skip_dag.py
[2024-11-19T12:20:44.448+0000] {processor.py:925} INFO - DAG(s) 'example_skip_dag' retrieved from /home/airflow/.local/lib/python3.12/site-packages/airflow/example_dags/example_skip_dag.py
[2024-11-19T12:20:44.467+0000] {logging_mixin.py:190} INFO - [2024-11-19T12:20:44.467+0000] {dag.py:3239} INFO - Sync 1 DAGs
[2024-11-19T12:20:44.489+0000] {logging_mixin.py:190} INFO - [2024-11-19T12:20:44.489+0000] {dag.py:4180} INFO - Setting next_dagrun for example_skip_dag to 2024-11-18 00:00:00+00:00, run_after=2024-11-19 00:00:00+00:00
[2024-11-19T12:20:44.512+0000] {processor.py:208} INFO - Processing /home/airflow/.local/lib/python3.12/site-packages/airflow/example_dags/example_skip_dag.py took 0.082 seconds
[2024-11-19T12:21:15.283+0000] {processor.py:186} INFO - Started process (PID=258) to work on /home/airflow/.local/lib/python3.12/site-packages/airflow/example_dags/example_skip_dag.py
[2024-11-19T12:21:15.286+0000] {processor.py:914} INFO - Processing file /home/airflow/.local/lib/python3.12/site-packages/airflow/example_dags/example_skip_dag.py for tasks to queue
[2024-11-19T12:21:15.294+0000] {logging_mixin.py:190} INFO - [2024-11-19T12:21:15.294+0000] {dagbag.py:588} INFO - Filling up the DagBag from /home/airflow/.local/lib/python3.12/site-packages/airflow/example_dags/example_skip_dag.py
[2024-11-19T12:21:15.308+0000] {processor.py:925} INFO - DAG(s) 'example_skip_dag' retrieved from /home/airflow/.local/lib/python3.12/site-packages/airflow/example_dags/example_skip_dag.py
[2024-11-19T12:21:15.341+0000] {logging_mixin.py:190} INFO - [2024-11-19T12:21:15.341+0000] {dag.py:3239} INFO - Sync 1 DAGs
[2024-11-19T12:21:15.381+0000] {logging_mixin.py:190} INFO - [2024-11-19T12:21:15.380+0000] {dag.py:4180} INFO - Setting next_dagrun for example_skip_dag to 2024-11-18 00:00:00+00:00, run_after=2024-11-19 00:00:00+00:00
[2024-11-19T12:21:15.443+0000] {processor.py:208} INFO - Processing /home/airflow/.local/lib/python3.12/site-packages/airflow/example_dags/example_skip_dag.py took 0.178 seconds
[2024-11-19T12:21:45.549+0000] {processor.py:186} INFO - Started process (PID=323) to work on /home/airflow/.local/lib/python3.12/site-packages/airflow/example_dags/example_skip_dag.py
[2024-11-19T12:21:45.550+0000] {processor.py:914} INFO - Processing file /home/airflow/.local/lib/python3.12/site-packages/airflow/example_dags/example_skip_dag.py for tasks to queue
[2024-11-19T12:21:45.553+0000] {logging_mixin.py:190} INFO - [2024-11-19T12:21:45.552+0000] {dagbag.py:588} INFO - Filling up the DagBag from /home/airflow/.local/lib/python3.12/site-packages/airflow/example_dags/example_skip_dag.py
[2024-11-19T12:21:45.561+0000] {processor.py:925} INFO - DAG(s) 'example_skip_dag' retrieved from /home/airflow/.local/lib/python3.12/site-packages/airflow/example_dags/example_skip_dag.py
[2024-11-19T12:21:45.584+0000] {logging_mixin.py:190} INFO - [2024-11-19T12:21:45.584+0000] {dag.py:3239} INFO - Sync 1 DAGs
[2024-11-19T12:21:45.611+0000] {logging_mixin.py:190} INFO - [2024-11-19T12:21:45.611+0000] {dag.py:4180} INFO - Setting next_dagrun for example_skip_dag to 2024-11-18 00:00:00+00:00, run_after=2024-11-19 00:00:00+00:00
[2024-11-19T12:21:45.634+0000] {processor.py:208} INFO - Processing /home/airflow/.local/lib/python3.12/site-packages/airflow/example_dags/example_skip_dag.py took 0.091 seconds
[2024-11-19T12:22:15.722+0000] {processor.py:186} INFO - Started process (PID=388) to work on /home/airflow/.local/lib/python3.12/site-packages/airflow/example_dags/example_skip_dag.py
[2024-11-19T12:22:15.723+0000] {processor.py:914} INFO - Processing file /home/airflow/.local/lib/python3.12/site-packages/airflow/example_dags/example_skip_dag.py for tasks to queue
[2024-11-19T12:22:15.725+0000] {logging_mixin.py:190} INFO - [2024-11-19T12:22:15.725+0000] {dagbag.py:588} INFO - Filling up the DagBag from /home/airflow/.local/lib/python3.12/site-packages/airflow/example_dags/example_skip_dag.py
[2024-11-19T12:22:15.733+0000] {processor.py:925} INFO - DAG(s) 'example_skip_dag' retrieved from /home/airflow/.local/lib/python3.12/site-packages/airflow/example_dags/example_skip_dag.py
[2024-11-19T12:22:15.755+0000] {logging_mixin.py:190} INFO - [2024-11-19T12:22:15.754+0000] {dag.py:3239} INFO - Sync 1 DAGs
[2024-11-19T12:22:15.779+0000] {logging_mixin.py:190} INFO - [2024-11-19T12:22:15.779+0000] {dag.py:4180} INFO - Setting next_dagrun for example_skip_dag to 2024-11-18 00:00:00+00:00, run_after=2024-11-19 00:00:00+00:00
[2024-11-19T12:22:15.802+0000] {processor.py:208} INFO - Processing /home/airflow/.local/lib/python3.12/site-packages/airflow/example_dags/example_skip_dag.py took 0.086 seconds
[2024-11-19T12:22:45.886+0000] {processor.py:186} INFO - Started process (PID=452) to work on /home/airflow/.local/lib/python3.12/site-packages/airflow/example_dags/example_skip_dag.py
[2024-11-19T12:22:45.887+0000] {processor.py:914} INFO - Processing file /home/airflow/.local/lib/python3.12/site-packages/airflow/example_dags/example_skip_dag.py for tasks to queue
[2024-11-19T12:22:45.889+0000] {logging_mixin.py:190} INFO - [2024-11-19T12:22:45.889+0000] {dagbag.py:588} INFO - Filling up the DagBag from /home/airflow/.local/lib/python3.12/site-packages/airflow/example_dags/example_skip_dag.py
[2024-11-19T12:22:45.898+0000] {processor.py:925} INFO - DAG(s) 'example_skip_dag' retrieved from /home/airflow/.local/lib/python3.12/site-packages/airflow/example_dags/example_skip_dag.py
[2024-11-19T12:22:45.920+0000] {logging_mixin.py:190} INFO - [2024-11-19T12:22:45.919+0000] {dag.py:3239} INFO - Sync 1 DAGs
[2024-11-19T12:22:45.943+0000] {logging_mixin.py:190} INFO - [2024-11-19T12:22:45.943+0000] {dag.py:4180} INFO - Setting next_dagrun for example_skip_dag to 2024-11-18 00:00:00+00:00, run_after=2024-11-19 00:00:00+00:00
[2024-11-19T12:22:45.969+0000] {processor.py:208} INFO - Processing /home/airflow/.local/lib/python3.12/site-packages/airflow/example_dags/example_skip_dag.py took 0.089 seconds
[2024-11-19T12:23:16.716+0000] {processor.py:186} INFO - Started process (PID=516) to work on /home/airflow/.local/lib/python3.12/site-packages/airflow/example_dags/example_skip_dag.py
[2024-11-19T12:23:16.718+0000] {processor.py:914} INFO - Processing file /home/airflow/.local/lib/python3.12/site-packages/airflow/example_dags/example_skip_dag.py for tasks to queue
[2024-11-19T12:23:16.720+0000] {logging_mixin.py:190} INFO - [2024-11-19T12:23:16.720+0000] {dagbag.py:588} INFO - Filling up the DagBag from /home/airflow/.local/lib/python3.12/site-packages/airflow/example_dags/example_skip_dag.py
[2024-11-19T12:23:16.730+0000] {processor.py:925} INFO - DAG(s) 'example_skip_dag' retrieved from /home/airflow/.local/lib/python3.12/site-packages/airflow/example_dags/example_skip_dag.py
[2024-11-19T12:23:16.752+0000] {logging_mixin.py:190} INFO - [2024-11-19T12:23:16.752+0000] {dag.py:3239} INFO - Sync 1 DAGs
[2024-11-19T12:23:16.772+0000] {logging_mixin.py:190} INFO - [2024-11-19T12:23:16.772+0000] {dag.py:4180} INFO - Setting next_dagrun for example_skip_dag to 2024-11-18 00:00:00+00:00, run_after=2024-11-19 00:00:00+00:00
[2024-11-19T12:23:16.798+0000] {processor.py:208} INFO - Processing /home/airflow/.local/lib/python3.12/site-packages/airflow/example_dags/example_skip_dag.py took 0.088 seconds
[2024-11-19T12:23:46.873+0000] {processor.py:186} INFO - Started process (PID=580) to work on /home/airflow/.local/lib/python3.12/site-packages/airflow/example_dags/example_skip_dag.py
[2024-11-19T12:23:46.874+0000] {processor.py:914} INFO - Processing file /home/airflow/.local/lib/python3.12/site-packages/airflow/example_dags/example_skip_dag.py for tasks to queue
[2024-11-19T12:23:46.876+0000] {logging_mixin.py:190} INFO - [2024-11-19T12:23:46.876+0000] {dagbag.py:588} INFO - Filling up the DagBag from /home/airflow/.local/lib/python3.12/site-packages/airflow/example_dags/example_skip_dag.py
[2024-11-19T12:23:46.884+0000] {processor.py:925} INFO - DAG(s) 'example_skip_dag' retrieved from /home/airflow/.local/lib/python3.12/site-packages/airflow/example_dags/example_skip_dag.py
[2024-11-19T12:23:46.905+0000] {logging_mixin.py:190} INFO - [2024-11-19T12:23:46.905+0000] {dag.py:3239} INFO - Sync 1 DAGs
[2024-11-19T12:23:46.929+0000] {logging_mixin.py:190} INFO - [2024-11-19T12:23:46.929+0000] {dag.py:4180} INFO - Setting next_dagrun for example_skip_dag to 2024-11-18 00:00:00+00:00, run_after=2024-11-19 00:00:00+00:00
[2024-11-19T12:23:46.956+0000] {processor.py:208} INFO - Processing /home/airflow/.local/lib/python3.12/site-packages/airflow/example_dags/example_skip_dag.py took 0.088 seconds
[2024-11-19T12:24:17.367+0000] {processor.py:186} INFO - Started process (PID=645) to work on /home/airflow/.local/lib/python3.12/site-packages/airflow/example_dags/example_skip_dag.py
[2024-11-19T12:24:17.368+0000] {processor.py:914} INFO - Processing file /home/airflow/.local/lib/python3.12/site-packages/airflow/example_dags/example_skip_dag.py for tasks to queue
[2024-11-19T12:24:17.372+0000] {logging_mixin.py:190} INFO - [2024-11-19T12:24:17.371+0000] {dagbag.py:588} INFO - Filling up the DagBag from /home/airflow/.local/lib/python3.12/site-packages/airflow/example_dags/example_skip_dag.py
[2024-11-19T12:24:17.381+0000] {processor.py:925} INFO - DAG(s) 'example_skip_dag' retrieved from /home/airflow/.local/lib/python3.12/site-packages/airflow/example_dags/example_skip_dag.py
[2024-11-19T12:24:17.401+0000] {logging_mixin.py:190} INFO - [2024-11-19T12:24:17.401+0000] {dag.py:3239} INFO - Sync 1 DAGs
[2024-11-19T12:24:17.424+0000] {logging_mixin.py:190} INFO - [2024-11-19T12:24:17.424+0000] {dag.py:4180} INFO - Setting next_dagrun for example_skip_dag to 2024-11-18 00:00:00+00:00, run_after=2024-11-19 00:00:00+00:00
[2024-11-19T12:24:17.445+0000] {processor.py:208} INFO - Processing /home/airflow/.local/lib/python3.12/site-packages/airflow/example_dags/example_skip_dag.py took 0.083 seconds
[2024-11-19T12:24:47.793+0000] {processor.py:186} INFO - Started process (PID=709) to work on /home/airflow/.local/lib/python3.12/site-packages/airflow/example_dags/example_skip_dag.py
[2024-11-19T12:24:47.801+0000] {processor.py:914} INFO - Processing file /home/airflow/.local/lib/python3.12/site-packages/airflow/example_dags/example_skip_dag.py for tasks to queue
[2024-11-19T12:24:47.804+0000] {logging_mixin.py:190} INFO - [2024-11-19T12:24:47.804+0000] {dagbag.py:588} INFO - Filling up the DagBag from /home/airflow/.local/lib/python3.12/site-packages/airflow/example_dags/example_skip_dag.py
[2024-11-19T12:24:47.830+0000] {processor.py:925} INFO - DAG(s) 'example_skip_dag' retrieved from /home/airflow/.local/lib/python3.12/site-packages/airflow/example_dags/example_skip_dag.py
[2024-11-19T12:24:47.882+0000] {logging_mixin.py:190} INFO - [2024-11-19T12:24:47.881+0000] {dag.py:3239} INFO - Sync 1 DAGs
[2024-11-19T12:24:47.946+0000] {logging_mixin.py:190} INFO - [2024-11-19T12:24:47.946+0000] {dag.py:4180} INFO - Setting next_dagrun for example_skip_dag to 2024-11-18 00:00:00+00:00, run_after=2024-11-19 00:00:00+00:00
[2024-11-19T12:24:47.997+0000] {processor.py:208} INFO - Processing /home/airflow/.local/lib/python3.12/site-packages/airflow/example_dags/example_skip_dag.py took 0.220 seconds
[2024-11-19T12:25:19.218+0000] {processor.py:186} INFO - Started process (PID=773) to work on /home/airflow/.local/lib/python3.12/site-packages/airflow/example_dags/example_skip_dag.py
[2024-11-19T12:25:19.245+0000] {processor.py:914} INFO - Processing file /home/airflow/.local/lib/python3.12/site-packages/airflow/example_dags/example_skip_dag.py for tasks to queue
[2024-11-19T12:25:19.249+0000] {logging_mixin.py:190} INFO - [2024-11-19T12:25:19.248+0000] {dagbag.py:588} INFO - Filling up the DagBag from /home/airflow/.local/lib/python3.12/site-packages/airflow/example_dags/example_skip_dag.py
[2024-11-19T12:25:19.316+0000] {processor.py:925} INFO - DAG(s) 'example_skip_dag' retrieved from /home/airflow/.local/lib/python3.12/site-packages/airflow/example_dags/example_skip_dag.py
[2024-11-19T12:25:19.341+0000] {logging_mixin.py:190} INFO - [2024-11-19T12:25:19.340+0000] {dag.py:3239} INFO - Sync 1 DAGs
[2024-11-19T12:25:19.372+0000] {logging_mixin.py:190} INFO - [2024-11-19T12:25:19.371+0000] {dag.py:4180} INFO - Setting next_dagrun for example_skip_dag to 2024-11-18 00:00:00+00:00, run_after=2024-11-19 00:00:00+00:00
[2024-11-19T12:25:19.415+0000] {processor.py:208} INFO - Processing /home/airflow/.local/lib/python3.12/site-packages/airflow/example_dags/example_skip_dag.py took 0.239 seconds
[2024-11-19T12:25:49.693+0000] {processor.py:186} INFO - Started process (PID=838) to work on /home/airflow/.local/lib/python3.12/site-packages/airflow/example_dags/example_skip_dag.py
[2024-11-19T12:25:49.694+0000] {processor.py:914} INFO - Processing file /home/airflow/.local/lib/python3.12/site-packages/airflow/example_dags/example_skip_dag.py for tasks to queue
[2024-11-19T12:25:49.696+0000] {logging_mixin.py:190} INFO - [2024-11-19T12:25:49.696+0000] {dagbag.py:588} INFO - Filling up the DagBag from /home/airflow/.local/lib/python3.12/site-packages/airflow/example_dags/example_skip_dag.py
[2024-11-19T12:25:49.703+0000] {processor.py:925} INFO - DAG(s) 'example_skip_dag' retrieved from /home/airflow/.local/lib/python3.12/site-packages/airflow/example_dags/example_skip_dag.py
[2024-11-19T12:25:49.718+0000] {logging_mixin.py:190} INFO - [2024-11-19T12:25:49.718+0000] {dag.py:3239} INFO - Sync 1 DAGs
[2024-11-19T12:25:49.735+0000] {logging_mixin.py:190} INFO - [2024-11-19T12:25:49.735+0000] {dag.py:4180} INFO - Setting next_dagrun for example_skip_dag to 2024-11-18 00:00:00+00:00, run_after=2024-11-19 00:00:00+00:00
[2024-11-19T12:25:49.754+0000] {processor.py:208} INFO - Processing /home/airflow/.local/lib/python3.12/site-packages/airflow/example_dags/example_skip_dag.py took 0.066 seconds
[2024-11-19T12:26:20.691+0000] {processor.py:186} INFO - Started process (PID=902) to work on /home/airflow/.local/lib/python3.12/site-packages/airflow/example_dags/example_skip_dag.py
[2024-11-19T12:26:20.692+0000] {processor.py:914} INFO - Processing file /home/airflow/.local/lib/python3.12/site-packages/airflow/example_dags/example_skip_dag.py for tasks to queue
[2024-11-19T12:26:20.694+0000] {logging_mixin.py:190} INFO - [2024-11-19T12:26:20.694+0000] {dagbag.py:588} INFO - Filling up the DagBag from /home/airflow/.local/lib/python3.12/site-packages/airflow/example_dags/example_skip_dag.py
[2024-11-19T12:26:20.701+0000] {processor.py:925} INFO - DAG(s) 'example_skip_dag' retrieved from /home/airflow/.local/lib/python3.12/site-packages/airflow/example_dags/example_skip_dag.py
[2024-11-19T12:26:20.717+0000] {logging_mixin.py:190} INFO - [2024-11-19T12:26:20.716+0000] {dag.py:3239} INFO - Sync 1 DAGs
[2024-11-19T12:26:20.734+0000] {logging_mixin.py:190} INFO - [2024-11-19T12:26:20.733+0000] {dag.py:4180} INFO - Setting next_dagrun for example_skip_dag to 2024-11-18 00:00:00+00:00, run_after=2024-11-19 00:00:00+00:00
[2024-11-19T12:26:20.755+0000] {processor.py:208} INFO - Processing /home/airflow/.local/lib/python3.12/site-packages/airflow/example_dags/example_skip_dag.py took 0.069 seconds
[2024-11-19T12:26:51.609+0000] {processor.py:186} INFO - Started process (PID=966) to work on /home/airflow/.local/lib/python3.12/site-packages/airflow/example_dags/example_skip_dag.py
[2024-11-19T12:26:51.619+0000] {processor.py:914} INFO - Processing file /home/airflow/.local/lib/python3.12/site-packages/airflow/example_dags/example_skip_dag.py for tasks to queue
[2024-11-19T12:26:51.620+0000] {logging_mixin.py:190} INFO - [2024-11-19T12:26:51.620+0000] {dagbag.py:588} INFO - Filling up the DagBag from /home/airflow/.local/lib/python3.12/site-packages/airflow/example_dags/example_skip_dag.py
[2024-11-19T12:26:51.640+0000] {processor.py:925} INFO - DAG(s) 'example_skip_dag' retrieved from /home/airflow/.local/lib/python3.12/site-packages/airflow/example_dags/example_skip_dag.py
[2024-11-19T12:26:51.664+0000] {logging_mixin.py:190} INFO - [2024-11-19T12:26:51.664+0000] {dag.py:3239} INFO - Sync 1 DAGs
[2024-11-19T12:26:51.681+0000] {logging_mixin.py:190} INFO - [2024-11-19T12:26:51.681+0000] {dag.py:4180} INFO - Setting next_dagrun for example_skip_dag to 2024-11-18 00:00:00+00:00, run_after=2024-11-19 00:00:00+00:00
[2024-11-19T12:26:51.704+0000] {processor.py:208} INFO - Processing /home/airflow/.local/lib/python3.12/site-packages/airflow/example_dags/example_skip_dag.py took 0.135 seconds
[2024-11-19T12:27:22.463+0000] {processor.py:186} INFO - Started process (PID=1030) to work on /home/airflow/.local/lib/python3.12/site-packages/airflow/example_dags/example_skip_dag.py
[2024-11-19T12:27:22.464+0000] {processor.py:914} INFO - Processing file /home/airflow/.local/lib/python3.12/site-packages/airflow/example_dags/example_skip_dag.py for tasks to queue
[2024-11-19T12:27:22.466+0000] {logging_mixin.py:190} INFO - [2024-11-19T12:27:22.466+0000] {dagbag.py:588} INFO - Filling up the DagBag from /home/airflow/.local/lib/python3.12/site-packages/airflow/example_dags/example_skip_dag.py
[2024-11-19T12:27:22.475+0000] {processor.py:925} INFO - DAG(s) 'example_skip_dag' retrieved from /home/airflow/.local/lib/python3.12/site-packages/airflow/example_dags/example_skip_dag.py
[2024-11-19T12:27:22.494+0000] {logging_mixin.py:190} INFO - [2024-11-19T12:27:22.494+0000] {dag.py:3239} INFO - Sync 1 DAGs
[2024-11-19T12:27:22.511+0000] {logging_mixin.py:190} INFO - [2024-11-19T12:27:22.511+0000] {dag.py:4180} INFO - Setting next_dagrun for example_skip_dag to 2024-11-18 00:00:00+00:00, run_after=2024-11-19 00:00:00+00:00
[2024-11-19T12:27:22.536+0000] {processor.py:208} INFO - Processing /home/airflow/.local/lib/python3.12/site-packages/airflow/example_dags/example_skip_dag.py took 0.080 seconds
