[2024-11-19T12:04:14.057+0000] {processor.py:186} INFO - Started process (PID=109) to work on /home/airflow/.local/lib/python3.12/site-packages/airflow/example_dags/example_sensors.py
[2024-11-19T12:04:14.058+0000] {processor.py:914} INFO - Processing file /home/airflow/.local/lib/python3.12/site-packages/airflow/example_dags/example_sensors.py for tasks to queue
[2024-11-19T12:04:14.061+0000] {logging_mixin.py:190} INFO - [2024-11-19T12:04:14.060+0000] {dagbag.py:588} INFO - Filling up the DagBag from /home/airflow/.local/lib/python3.12/site-packages/airflow/example_dags/example_sensors.py
[2024-11-19T12:04:14.075+0000] {processor.py:925} INFO - DAG(s) 'example_sensors' retrieved from /home/airflow/.local/lib/python3.12/site-packages/airflow/example_dags/example_sensors.py
[2024-11-19T12:04:14.114+0000] {logging_mixin.py:190} INFO - [2024-11-19T12:04:14.114+0000] {dag.py:3239} INFO - Sync 1 DAGs
[2024-11-19T12:04:14.145+0000] {logging_mixin.py:190} INFO - [2024-11-19T12:04:14.145+0000] {dag.py:4180} INFO - Setting next_dagrun for example_sensors to None, run_after=None
[2024-11-19T12:04:14.215+0000] {processor.py:208} INFO - Processing /home/airflow/.local/lib/python3.12/site-packages/airflow/example_dags/example_sensors.py took 0.175 seconds
[2024-11-19T12:04:44.629+0000] {processor.py:186} INFO - Started process (PID=172) to work on /home/airflow/.local/lib/python3.12/site-packages/airflow/example_dags/example_sensors.py
[2024-11-19T12:04:44.630+0000] {processor.py:914} INFO - Processing file /home/airflow/.local/lib/python3.12/site-packages/airflow/example_dags/example_sensors.py for tasks to queue
[2024-11-19T12:04:44.634+0000] {logging_mixin.py:190} INFO - [2024-11-19T12:04:44.633+0000] {dagbag.py:588} INFO - Filling up the DagBag from /home/airflow/.local/lib/python3.12/site-packages/airflow/example_dags/example_sensors.py
[2024-11-19T12:04:44.642+0000] {processor.py:925} INFO - DAG(s) 'example_sensors' retrieved from /home/airflow/.local/lib/python3.12/site-packages/airflow/example_dags/example_sensors.py
[2024-11-19T12:04:44.697+0000] {logging_mixin.py:190} INFO - [2024-11-19T12:04:44.697+0000] {dag.py:3239} INFO - Sync 1 DAGs
[2024-11-19T12:04:44.708+0000] {logging_mixin.py:190} INFO - [2024-11-19T12:04:44.708+0000] {dag.py:4180} INFO - Setting next_dagrun for example_sensors to None, run_after=None
[2024-11-19T12:04:44.738+0000] {processor.py:208} INFO - Processing /home/airflow/.local/lib/python3.12/site-packages/airflow/example_dags/example_sensors.py took 0.123 seconds
[2024-11-19T12:05:19.046+0000] {processor.py:186} INFO - Started process (PID=236) to work on /home/airflow/.local/lib/python3.12/site-packages/airflow/example_dags/example_sensors.py
[2024-11-19T12:05:19.047+0000] {processor.py:914} INFO - Processing file /home/airflow/.local/lib/python3.12/site-packages/airflow/example_dags/example_sensors.py for tasks to queue
[2024-11-19T12:05:19.049+0000] {logging_mixin.py:190} INFO - [2024-11-19T12:05:19.049+0000] {dagbag.py:588} INFO - Filling up the DagBag from /home/airflow/.local/lib/python3.12/site-packages/airflow/example_dags/example_sensors.py
[2024-11-19T12:05:19.060+0000] {processor.py:925} INFO - DAG(s) 'example_sensors' retrieved from /home/airflow/.local/lib/python3.12/site-packages/airflow/example_dags/example_sensors.py
[2024-11-19T12:05:19.088+0000] {logging_mixin.py:190} INFO - [2024-11-19T12:05:19.088+0000] {dag.py:3239} INFO - Sync 1 DAGs
[2024-11-19T12:05:19.106+0000] {logging_mixin.py:190} INFO - [2024-11-19T12:05:19.106+0000] {dag.py:4180} INFO - Setting next_dagrun for example_sensors to None, run_after=None
[2024-11-19T12:05:19.139+0000] {processor.py:208} INFO - Processing /home/airflow/.local/lib/python3.12/site-packages/airflow/example_dags/example_sensors.py took 0.099 seconds
[2024-11-19T12:05:49.640+0000] {processor.py:186} INFO - Started process (PID=301) to work on /home/airflow/.local/lib/python3.12/site-packages/airflow/example_dags/example_sensors.py
[2024-11-19T12:05:49.641+0000] {processor.py:914} INFO - Processing file /home/airflow/.local/lib/python3.12/site-packages/airflow/example_dags/example_sensors.py for tasks to queue
[2024-11-19T12:05:49.643+0000] {logging_mixin.py:190} INFO - [2024-11-19T12:05:49.642+0000] {dagbag.py:588} INFO - Filling up the DagBag from /home/airflow/.local/lib/python3.12/site-packages/airflow/example_dags/example_sensors.py
[2024-11-19T12:05:49.654+0000] {processor.py:925} INFO - DAG(s) 'example_sensors' retrieved from /home/airflow/.local/lib/python3.12/site-packages/airflow/example_dags/example_sensors.py
[2024-11-19T12:05:49.680+0000] {logging_mixin.py:190} INFO - [2024-11-19T12:05:49.680+0000] {dag.py:3239} INFO - Sync 1 DAGs
[2024-11-19T12:05:49.695+0000] {logging_mixin.py:190} INFO - [2024-11-19T12:05:49.695+0000] {dag.py:4180} INFO - Setting next_dagrun for example_sensors to None, run_after=None
[2024-11-19T12:05:49.723+0000] {processor.py:208} INFO - Processing /home/airflow/.local/lib/python3.12/site-packages/airflow/example_dags/example_sensors.py took 0.090 seconds
[2024-11-19T12:06:21.434+0000] {processor.py:186} INFO - Started process (PID=367) to work on /home/airflow/.local/lib/python3.12/site-packages/airflow/example_dags/example_sensors.py
[2024-11-19T12:06:21.435+0000] {processor.py:914} INFO - Processing file /home/airflow/.local/lib/python3.12/site-packages/airflow/example_dags/example_sensors.py for tasks to queue
[2024-11-19T12:06:21.437+0000] {logging_mixin.py:190} INFO - [2024-11-19T12:06:21.437+0000] {dagbag.py:588} INFO - Filling up the DagBag from /home/airflow/.local/lib/python3.12/site-packages/airflow/example_dags/example_sensors.py
[2024-11-19T12:06:21.449+0000] {processor.py:925} INFO - DAG(s) 'example_sensors' retrieved from /home/airflow/.local/lib/python3.12/site-packages/airflow/example_dags/example_sensors.py
[2024-11-19T12:06:21.481+0000] {logging_mixin.py:190} INFO - [2024-11-19T12:06:21.480+0000] {dag.py:3239} INFO - Sync 1 DAGs
[2024-11-19T12:06:21.496+0000] {logging_mixin.py:190} INFO - [2024-11-19T12:06:21.496+0000] {dag.py:4180} INFO - Setting next_dagrun for example_sensors to None, run_after=None
[2024-11-19T12:06:21.520+0000] {processor.py:208} INFO - Processing /home/airflow/.local/lib/python3.12/site-packages/airflow/example_dags/example_sensors.py took 0.092 seconds
[2024-11-19T12:06:52.395+0000] {processor.py:186} INFO - Started process (PID=430) to work on /home/airflow/.local/lib/python3.12/site-packages/airflow/example_dags/example_sensors.py
[2024-11-19T12:06:52.396+0000] {processor.py:914} INFO - Processing file /home/airflow/.local/lib/python3.12/site-packages/airflow/example_dags/example_sensors.py for tasks to queue
[2024-11-19T12:06:52.398+0000] {logging_mixin.py:190} INFO - [2024-11-19T12:06:52.398+0000] {dagbag.py:588} INFO - Filling up the DagBag from /home/airflow/.local/lib/python3.12/site-packages/airflow/example_dags/example_sensors.py
[2024-11-19T12:06:52.410+0000] {processor.py:925} INFO - DAG(s) 'example_sensors' retrieved from /home/airflow/.local/lib/python3.12/site-packages/airflow/example_dags/example_sensors.py
[2024-11-19T12:06:52.436+0000] {logging_mixin.py:190} INFO - [2024-11-19T12:06:52.435+0000] {dag.py:3239} INFO - Sync 1 DAGs
[2024-11-19T12:06:52.449+0000] {logging_mixin.py:190} INFO - [2024-11-19T12:06:52.449+0000] {dag.py:4180} INFO - Setting next_dagrun for example_sensors to None, run_after=None
[2024-11-19T12:06:52.488+0000] {processor.py:208} INFO - Processing /home/airflow/.local/lib/python3.12/site-packages/airflow/example_dags/example_sensors.py took 0.099 seconds
[2024-11-19T12:07:26.100+0000] {processor.py:186} INFO - Started process (PID=496) to work on /home/airflow/.local/lib/python3.12/site-packages/airflow/example_dags/example_sensors.py
[2024-11-19T12:07:26.101+0000] {processor.py:914} INFO - Processing file /home/airflow/.local/lib/python3.12/site-packages/airflow/example_dags/example_sensors.py for tasks to queue
[2024-11-19T12:07:26.103+0000] {logging_mixin.py:190} INFO - [2024-11-19T12:07:26.102+0000] {dagbag.py:588} INFO - Filling up the DagBag from /home/airflow/.local/lib/python3.12/site-packages/airflow/example_dags/example_sensors.py
[2024-11-19T12:07:26.119+0000] {processor.py:925} INFO - DAG(s) 'example_sensors' retrieved from /home/airflow/.local/lib/python3.12/site-packages/airflow/example_dags/example_sensors.py
[2024-11-19T12:07:26.149+0000] {logging_mixin.py:190} INFO - [2024-11-19T12:07:26.148+0000] {dag.py:3239} INFO - Sync 1 DAGs
[2024-11-19T12:07:26.168+0000] {logging_mixin.py:190} INFO - [2024-11-19T12:07:26.167+0000] {dag.py:4180} INFO - Setting next_dagrun for example_sensors to None, run_after=None
[2024-11-19T12:07:26.206+0000] {processor.py:208} INFO - Processing /home/airflow/.local/lib/python3.12/site-packages/airflow/example_dags/example_sensors.py took 0.112 seconds
[2024-11-19T12:08:00.411+0000] {processor.py:186} INFO - Started process (PID=565) to work on /home/airflow/.local/lib/python3.12/site-packages/airflow/example_dags/example_sensors.py
[2024-11-19T12:08:00.418+0000] {processor.py:914} INFO - Processing file /home/airflow/.local/lib/python3.12/site-packages/airflow/example_dags/example_sensors.py for tasks to queue
[2024-11-19T12:08:00.421+0000] {logging_mixin.py:190} INFO - [2024-11-19T12:08:00.421+0000] {dagbag.py:588} INFO - Filling up the DagBag from /home/airflow/.local/lib/python3.12/site-packages/airflow/example_dags/example_sensors.py
[2024-11-19T12:08:00.453+0000] {processor.py:925} INFO - DAG(s) 'example_sensors' retrieved from /home/airflow/.local/lib/python3.12/site-packages/airflow/example_dags/example_sensors.py
[2024-11-19T12:08:00.521+0000] {logging_mixin.py:190} INFO - [2024-11-19T12:08:00.521+0000] {dag.py:3239} INFO - Sync 1 DAGs
[2024-11-19T12:08:00.550+0000] {logging_mixin.py:190} INFO - [2024-11-19T12:08:00.550+0000] {dag.py:4180} INFO - Setting next_dagrun for example_sensors to None, run_after=None
[2024-11-19T12:08:00.594+0000] {processor.py:208} INFO - Processing /home/airflow/.local/lib/python3.12/site-packages/airflow/example_dags/example_sensors.py took 0.210 seconds
[2024-11-19T12:08:32.686+0000] {processor.py:186} INFO - Started process (PID=628) to work on /home/airflow/.local/lib/python3.12/site-packages/airflow/example_dags/example_sensors.py
[2024-11-19T12:08:32.694+0000] {processor.py:914} INFO - Processing file /home/airflow/.local/lib/python3.12/site-packages/airflow/example_dags/example_sensors.py for tasks to queue
[2024-11-19T12:08:32.696+0000] {logging_mixin.py:190} INFO - [2024-11-19T12:08:32.695+0000] {dagbag.py:588} INFO - Filling up the DagBag from /home/airflow/.local/lib/python3.12/site-packages/airflow/example_dags/example_sensors.py
[2024-11-19T12:08:32.765+0000] {processor.py:925} INFO - DAG(s) 'example_sensors' retrieved from /home/airflow/.local/lib/python3.12/site-packages/airflow/example_dags/example_sensors.py
[2024-11-19T12:08:32.891+0000] {logging_mixin.py:190} INFO - [2024-11-19T12:08:32.891+0000] {dag.py:3239} INFO - Sync 1 DAGs
[2024-11-19T12:08:32.972+0000] {logging_mixin.py:190} INFO - [2024-11-19T12:08:32.972+0000] {dag.py:4180} INFO - Setting next_dagrun for example_sensors to None, run_after=None
[2024-11-19T12:08:33.051+0000] {processor.py:208} INFO - Processing /home/airflow/.local/lib/python3.12/site-packages/airflow/example_dags/example_sensors.py took 0.390 seconds
[2024-11-19T12:09:03.672+0000] {processor.py:186} INFO - Started process (PID=699) to work on /home/airflow/.local/lib/python3.12/site-packages/airflow/example_dags/example_sensors.py
[2024-11-19T12:09:03.673+0000] {processor.py:914} INFO - Processing file /home/airflow/.local/lib/python3.12/site-packages/airflow/example_dags/example_sensors.py for tasks to queue
[2024-11-19T12:09:03.675+0000] {logging_mixin.py:190} INFO - [2024-11-19T12:09:03.675+0000] {dagbag.py:588} INFO - Filling up the DagBag from /home/airflow/.local/lib/python3.12/site-packages/airflow/example_dags/example_sensors.py
[2024-11-19T12:09:03.683+0000] {processor.py:925} INFO - DAG(s) 'example_sensors' retrieved from /home/airflow/.local/lib/python3.12/site-packages/airflow/example_dags/example_sensors.py
[2024-11-19T12:09:03.703+0000] {logging_mixin.py:190} INFO - [2024-11-19T12:09:03.703+0000] {dag.py:3239} INFO - Sync 1 DAGs
[2024-11-19T12:09:03.713+0000] {logging_mixin.py:190} INFO - [2024-11-19T12:09:03.713+0000] {dag.py:4180} INFO - Setting next_dagrun for example_sensors to None, run_after=None
[2024-11-19T12:09:03.733+0000] {processor.py:208} INFO - Processing /home/airflow/.local/lib/python3.12/site-packages/airflow/example_dags/example_sensors.py took 0.065 seconds
[2024-11-19T12:09:34.342+0000] {processor.py:186} INFO - Started process (PID=772) to work on /home/airflow/.local/lib/python3.12/site-packages/airflow/example_dags/example_sensors.py
[2024-11-19T12:09:34.343+0000] {processor.py:914} INFO - Processing file /home/airflow/.local/lib/python3.12/site-packages/airflow/example_dags/example_sensors.py for tasks to queue
[2024-11-19T12:09:34.345+0000] {logging_mixin.py:190} INFO - [2024-11-19T12:09:34.345+0000] {dagbag.py:588} INFO - Filling up the DagBag from /home/airflow/.local/lib/python3.12/site-packages/airflow/example_dags/example_sensors.py
[2024-11-19T12:09:34.367+0000] {processor.py:925} INFO - DAG(s) 'example_sensors' retrieved from /home/airflow/.local/lib/python3.12/site-packages/airflow/example_dags/example_sensors.py
[2024-11-19T12:09:34.413+0000] {logging_mixin.py:190} INFO - [2024-11-19T12:09:34.412+0000] {dag.py:3239} INFO - Sync 1 DAGs
[2024-11-19T12:09:34.432+0000] {logging_mixin.py:190} INFO - [2024-11-19T12:09:34.432+0000] {dag.py:4180} INFO - Setting next_dagrun for example_sensors to None, run_after=None
[2024-11-19T12:09:34.476+0000] {processor.py:208} INFO - Processing /home/airflow/.local/lib/python3.12/site-packages/airflow/example_dags/example_sensors.py took 0.140 seconds
[2024-11-19T12:10:05.369+0000] {processor.py:186} INFO - Started process (PID=839) to work on /home/airflow/.local/lib/python3.12/site-packages/airflow/example_dags/example_sensors.py
[2024-11-19T12:10:05.371+0000] {processor.py:914} INFO - Processing file /home/airflow/.local/lib/python3.12/site-packages/airflow/example_dags/example_sensors.py for tasks to queue
[2024-11-19T12:10:05.376+0000] {logging_mixin.py:190} INFO - [2024-11-19T12:10:05.375+0000] {dagbag.py:588} INFO - Filling up the DagBag from /home/airflow/.local/lib/python3.12/site-packages/airflow/example_dags/example_sensors.py
[2024-11-19T12:10:05.388+0000] {processor.py:925} INFO - DAG(s) 'example_sensors' retrieved from /home/airflow/.local/lib/python3.12/site-packages/airflow/example_dags/example_sensors.py
[2024-11-19T12:10:05.425+0000] {logging_mixin.py:190} INFO - [2024-11-19T12:10:05.425+0000] {dag.py:3239} INFO - Sync 1 DAGs
[2024-11-19T12:10:05.443+0000] {logging_mixin.py:190} INFO - [2024-11-19T12:10:05.443+0000] {dag.py:4180} INFO - Setting next_dagrun for example_sensors to None, run_after=None
[2024-11-19T12:10:05.475+0000] {processor.py:208} INFO - Processing /home/airflow/.local/lib/python3.12/site-packages/airflow/example_dags/example_sensors.py took 0.112 seconds
[2024-11-19T12:10:36.225+0000] {processor.py:186} INFO - Started process (PID=904) to work on /home/airflow/.local/lib/python3.12/site-packages/airflow/example_dags/example_sensors.py
[2024-11-19T12:10:36.226+0000] {processor.py:914} INFO - Processing file /home/airflow/.local/lib/python3.12/site-packages/airflow/example_dags/example_sensors.py for tasks to queue
[2024-11-19T12:10:36.229+0000] {logging_mixin.py:190} INFO - [2024-11-19T12:10:36.228+0000] {dagbag.py:588} INFO - Filling up the DagBag from /home/airflow/.local/lib/python3.12/site-packages/airflow/example_dags/example_sensors.py
[2024-11-19T12:10:36.261+0000] {processor.py:925} INFO - DAG(s) 'example_sensors' retrieved from /home/airflow/.local/lib/python3.12/site-packages/airflow/example_dags/example_sensors.py
[2024-11-19T12:10:36.325+0000] {logging_mixin.py:190} INFO - [2024-11-19T12:10:36.324+0000] {dag.py:3239} INFO - Sync 1 DAGs
[2024-11-19T12:10:36.356+0000] {logging_mixin.py:190} INFO - [2024-11-19T12:10:36.356+0000] {dag.py:4180} INFO - Setting next_dagrun for example_sensors to None, run_after=None
[2024-11-19T12:10:36.415+0000] {processor.py:208} INFO - Processing /home/airflow/.local/lib/python3.12/site-packages/airflow/example_dags/example_sensors.py took 0.197 seconds
[2024-11-19T12:11:07.321+0000] {processor.py:186} INFO - Started process (PID=970) to work on /home/airflow/.local/lib/python3.12/site-packages/airflow/example_dags/example_sensors.py
[2024-11-19T12:11:07.327+0000] {processor.py:914} INFO - Processing file /home/airflow/.local/lib/python3.12/site-packages/airflow/example_dags/example_sensors.py for tasks to queue
[2024-11-19T12:11:07.329+0000] {logging_mixin.py:190} INFO - [2024-11-19T12:11:07.328+0000] {dagbag.py:588} INFO - Filling up the DagBag from /home/airflow/.local/lib/python3.12/site-packages/airflow/example_dags/example_sensors.py
[2024-11-19T12:11:07.347+0000] {processor.py:925} INFO - DAG(s) 'example_sensors' retrieved from /home/airflow/.local/lib/python3.12/site-packages/airflow/example_dags/example_sensors.py
[2024-11-19T12:11:07.393+0000] {logging_mixin.py:190} INFO - [2024-11-19T12:11:07.393+0000] {dag.py:3239} INFO - Sync 1 DAGs
[2024-11-19T12:11:07.411+0000] {logging_mixin.py:190} INFO - [2024-11-19T12:11:07.410+0000] {dag.py:4180} INFO - Setting next_dagrun for example_sensors to None, run_after=None
[2024-11-19T12:11:07.453+0000] {processor.py:208} INFO - Processing /home/airflow/.local/lib/python3.12/site-packages/airflow/example_dags/example_sensors.py took 0.144 seconds
[2024-11-19T12:11:37.567+0000] {processor.py:186} INFO - Started process (PID=1034) to work on /home/airflow/.local/lib/python3.12/site-packages/airflow/example_dags/example_sensors.py
[2024-11-19T12:11:37.568+0000] {processor.py:914} INFO - Processing file /home/airflow/.local/lib/python3.12/site-packages/airflow/example_dags/example_sensors.py for tasks to queue
[2024-11-19T12:11:37.570+0000] {logging_mixin.py:190} INFO - [2024-11-19T12:11:37.569+0000] {dagbag.py:588} INFO - Filling up the DagBag from /home/airflow/.local/lib/python3.12/site-packages/airflow/example_dags/example_sensors.py
[2024-11-19T12:11:37.580+0000] {processor.py:925} INFO - DAG(s) 'example_sensors' retrieved from /home/airflow/.local/lib/python3.12/site-packages/airflow/example_dags/example_sensors.py
[2024-11-19T12:11:37.608+0000] {logging_mixin.py:190} INFO - [2024-11-19T12:11:37.608+0000] {dag.py:3239} INFO - Sync 1 DAGs
[2024-11-19T12:11:37.620+0000] {logging_mixin.py:190} INFO - [2024-11-19T12:11:37.620+0000] {dag.py:4180} INFO - Setting next_dagrun for example_sensors to None, run_after=None
[2024-11-19T12:11:37.648+0000] {processor.py:208} INFO - Processing /home/airflow/.local/lib/python3.12/site-packages/airflow/example_dags/example_sensors.py took 0.086 seconds
[2024-11-19T12:12:07.871+0000] {processor.py:186} INFO - Started process (PID=1098) to work on /home/airflow/.local/lib/python3.12/site-packages/airflow/example_dags/example_sensors.py
[2024-11-19T12:12:07.871+0000] {processor.py:914} INFO - Processing file /home/airflow/.local/lib/python3.12/site-packages/airflow/example_dags/example_sensors.py for tasks to queue
[2024-11-19T12:12:07.872+0000] {logging_mixin.py:190} INFO - [2024-11-19T12:12:07.872+0000] {dagbag.py:588} INFO - Filling up the DagBag from /home/airflow/.local/lib/python3.12/site-packages/airflow/example_dags/example_sensors.py
[2024-11-19T12:12:07.882+0000] {processor.py:925} INFO - DAG(s) 'example_sensors' retrieved from /home/airflow/.local/lib/python3.12/site-packages/airflow/example_dags/example_sensors.py
[2024-11-19T12:12:07.909+0000] {logging_mixin.py:190} INFO - [2024-11-19T12:12:07.909+0000] {dag.py:3239} INFO - Sync 1 DAGs
[2024-11-19T12:12:07.919+0000] {logging_mixin.py:190} INFO - [2024-11-19T12:12:07.919+0000] {dag.py:4180} INFO - Setting next_dagrun for example_sensors to None, run_after=None
[2024-11-19T12:12:07.941+0000] {processor.py:208} INFO - Processing /home/airflow/.local/lib/python3.12/site-packages/airflow/example_dags/example_sensors.py took 0.076 seconds
[2024-11-19T12:12:38.118+0000] {processor.py:186} INFO - Started process (PID=1167) to work on /home/airflow/.local/lib/python3.12/site-packages/airflow/example_dags/example_sensors.py
[2024-11-19T12:12:38.119+0000] {processor.py:914} INFO - Processing file /home/airflow/.local/lib/python3.12/site-packages/airflow/example_dags/example_sensors.py for tasks to queue
[2024-11-19T12:12:38.119+0000] {logging_mixin.py:190} INFO - [2024-11-19T12:12:38.119+0000] {dagbag.py:588} INFO - Filling up the DagBag from /home/airflow/.local/lib/python3.12/site-packages/airflow/example_dags/example_sensors.py
[2024-11-19T12:12:38.130+0000] {processor.py:925} INFO - DAG(s) 'example_sensors' retrieved from /home/airflow/.local/lib/python3.12/site-packages/airflow/example_dags/example_sensors.py
[2024-11-19T12:12:38.157+0000] {logging_mixin.py:190} INFO - [2024-11-19T12:12:38.157+0000] {dag.py:3239} INFO - Sync 1 DAGs
[2024-11-19T12:12:38.167+0000] {logging_mixin.py:190} INFO - [2024-11-19T12:12:38.167+0000] {dag.py:4180} INFO - Setting next_dagrun for example_sensors to None, run_after=None
[2024-11-19T12:12:38.204+0000] {processor.py:208} INFO - Processing /home/airflow/.local/lib/python3.12/site-packages/airflow/example_dags/example_sensors.py took 0.092 seconds
[2024-11-19T12:13:12.053+0000] {processor.py:186} INFO - Started process (PID=1231) to work on /home/airflow/.local/lib/python3.12/site-packages/airflow/example_dags/example_sensors.py
[2024-11-19T12:13:12.068+0000] {processor.py:914} INFO - Processing file /home/airflow/.local/lib/python3.12/site-packages/airflow/example_dags/example_sensors.py for tasks to queue
[2024-11-19T12:13:12.070+0000] {logging_mixin.py:190} INFO - [2024-11-19T12:13:12.070+0000] {dagbag.py:588} INFO - Filling up the DagBag from /home/airflow/.local/lib/python3.12/site-packages/airflow/example_dags/example_sensors.py
[2024-11-19T12:13:12.103+0000] {processor.py:925} INFO - DAG(s) 'example_sensors' retrieved from /home/airflow/.local/lib/python3.12/site-packages/airflow/example_dags/example_sensors.py
[2024-11-19T12:13:12.244+0000] {logging_mixin.py:190} INFO - [2024-11-19T12:13:12.243+0000] {dag.py:3239} INFO - Sync 1 DAGs
[2024-11-19T12:13:12.312+0000] {logging_mixin.py:190} INFO - [2024-11-19T12:13:12.312+0000] {dag.py:4180} INFO - Setting next_dagrun for example_sensors to None, run_after=None
[2024-11-19T12:13:12.403+0000] {processor.py:208} INFO - Processing /home/airflow/.local/lib/python3.12/site-packages/airflow/example_dags/example_sensors.py took 0.411 seconds
[2024-11-19T12:13:43.238+0000] {processor.py:186} INFO - Started process (PID=1296) to work on /home/airflow/.local/lib/python3.12/site-packages/airflow/example_dags/example_sensors.py
[2024-11-19T12:13:43.242+0000] {processor.py:914} INFO - Processing file /home/airflow/.local/lib/python3.12/site-packages/airflow/example_dags/example_sensors.py for tasks to queue
[2024-11-19T12:13:43.244+0000] {logging_mixin.py:190} INFO - [2024-11-19T12:13:43.243+0000] {dagbag.py:588} INFO - Filling up the DagBag from /home/airflow/.local/lib/python3.12/site-packages/airflow/example_dags/example_sensors.py
[2024-11-19T12:13:43.268+0000] {processor.py:925} INFO - DAG(s) 'example_sensors' retrieved from /home/airflow/.local/lib/python3.12/site-packages/airflow/example_dags/example_sensors.py
[2024-11-19T12:13:43.335+0000] {logging_mixin.py:190} INFO - [2024-11-19T12:13:43.334+0000] {dag.py:3239} INFO - Sync 1 DAGs
[2024-11-19T12:13:43.376+0000] {logging_mixin.py:190} INFO - [2024-11-19T12:13:43.376+0000] {dag.py:4180} INFO - Setting next_dagrun for example_sensors to None, run_after=None
[2024-11-19T12:13:43.426+0000] {processor.py:208} INFO - Processing /home/airflow/.local/lib/python3.12/site-packages/airflow/example_dags/example_sensors.py took 0.210 seconds
[2024-11-19T12:14:13.540+0000] {processor.py:186} INFO - Started process (PID=1360) to work on /home/airflow/.local/lib/python3.12/site-packages/airflow/example_dags/example_sensors.py
[2024-11-19T12:14:13.542+0000] {processor.py:914} INFO - Processing file /home/airflow/.local/lib/python3.12/site-packages/airflow/example_dags/example_sensors.py for tasks to queue
[2024-11-19T12:14:13.543+0000] {logging_mixin.py:190} INFO - [2024-11-19T12:14:13.543+0000] {dagbag.py:588} INFO - Filling up the DagBag from /home/airflow/.local/lib/python3.12/site-packages/airflow/example_dags/example_sensors.py
[2024-11-19T12:14:13.571+0000] {processor.py:925} INFO - DAG(s) 'example_sensors' retrieved from /home/airflow/.local/lib/python3.12/site-packages/airflow/example_dags/example_sensors.py
[2024-11-19T12:14:13.599+0000] {logging_mixin.py:190} INFO - [2024-11-19T12:14:13.599+0000] {dag.py:3239} INFO - Sync 1 DAGs
[2024-11-19T12:14:13.616+0000] {logging_mixin.py:190} INFO - [2024-11-19T12:14:13.616+0000] {dag.py:4180} INFO - Setting next_dagrun for example_sensors to None, run_after=None
[2024-11-19T12:14:13.645+0000] {processor.py:208} INFO - Processing /home/airflow/.local/lib/python3.12/site-packages/airflow/example_dags/example_sensors.py took 0.139 seconds
[2024-11-19T12:14:43.901+0000] {processor.py:186} INFO - Started process (PID=1424) to work on /home/airflow/.local/lib/python3.12/site-packages/airflow/example_dags/example_sensors.py
[2024-11-19T12:14:43.902+0000] {processor.py:914} INFO - Processing file /home/airflow/.local/lib/python3.12/site-packages/airflow/example_dags/example_sensors.py for tasks to queue
[2024-11-19T12:14:43.903+0000] {logging_mixin.py:190} INFO - [2024-11-19T12:14:43.903+0000] {dagbag.py:588} INFO - Filling up the DagBag from /home/airflow/.local/lib/python3.12/site-packages/airflow/example_dags/example_sensors.py
[2024-11-19T12:14:43.916+0000] {processor.py:925} INFO - DAG(s) 'example_sensors' retrieved from /home/airflow/.local/lib/python3.12/site-packages/airflow/example_dags/example_sensors.py
[2024-11-19T12:14:43.944+0000] {logging_mixin.py:190} INFO - [2024-11-19T12:14:43.944+0000] {dag.py:3239} INFO - Sync 1 DAGs
[2024-11-19T12:14:43.955+0000] {logging_mixin.py:190} INFO - [2024-11-19T12:14:43.955+0000] {dag.py:4180} INFO - Setting next_dagrun for example_sensors to None, run_after=None
[2024-11-19T12:14:43.989+0000] {processor.py:208} INFO - Processing /home/airflow/.local/lib/python3.12/site-packages/airflow/example_dags/example_sensors.py took 0.094 seconds
[2024-11-19T12:19:53.195+0000] {processor.py:186} INFO - Started process (PID=104) to work on /home/airflow/.local/lib/python3.12/site-packages/airflow/example_dags/example_sensors.py
[2024-11-19T12:19:53.198+0000] {processor.py:914} INFO - Processing file /home/airflow/.local/lib/python3.12/site-packages/airflow/example_dags/example_sensors.py for tasks to queue
[2024-11-19T12:19:53.207+0000] {logging_mixin.py:190} INFO - [2024-11-19T12:19:53.206+0000] {dagbag.py:588} INFO - Filling up the DagBag from /home/airflow/.local/lib/python3.12/site-packages/airflow/example_dags/example_sensors.py
[2024-11-19T12:19:53.226+0000] {processor.py:925} INFO - DAG(s) 'example_sensors' retrieved from /home/airflow/.local/lib/python3.12/site-packages/airflow/example_dags/example_sensors.py
[2024-11-19T12:19:53.310+0000] {logging_mixin.py:190} INFO - [2024-11-19T12:19:53.310+0000] {dag.py:3239} INFO - Sync 1 DAGs
[2024-11-19T12:19:53.325+0000] {logging_mixin.py:190} INFO - [2024-11-19T12:19:53.325+0000] {dag.py:4180} INFO - Setting next_dagrun for example_sensors to None, run_after=None
[2024-11-19T12:19:53.359+0000] {processor.py:208} INFO - Processing /home/airflow/.local/lib/python3.12/site-packages/airflow/example_dags/example_sensors.py took 0.178 seconds
[2024-11-19T12:20:24.329+0000] {processor.py:186} INFO - Started process (PID=168) to work on /home/airflow/.local/lib/python3.12/site-packages/airflow/example_dags/example_sensors.py
[2024-11-19T12:20:24.330+0000] {processor.py:914} INFO - Processing file /home/airflow/.local/lib/python3.12/site-packages/airflow/example_dags/example_sensors.py for tasks to queue
[2024-11-19T12:20:24.332+0000] {logging_mixin.py:190} INFO - [2024-11-19T12:20:24.332+0000] {dagbag.py:588} INFO - Filling up the DagBag from /home/airflow/.local/lib/python3.12/site-packages/airflow/example_dags/example_sensors.py
[2024-11-19T12:20:24.343+0000] {processor.py:925} INFO - DAG(s) 'example_sensors' retrieved from /home/airflow/.local/lib/python3.12/site-packages/airflow/example_dags/example_sensors.py
[2024-11-19T12:20:24.376+0000] {logging_mixin.py:190} INFO - [2024-11-19T12:20:24.376+0000] {dag.py:3239} INFO - Sync 1 DAGs
[2024-11-19T12:20:24.392+0000] {logging_mixin.py:190} INFO - [2024-11-19T12:20:24.391+0000] {dag.py:4180} INFO - Setting next_dagrun for example_sensors to None, run_after=None
[2024-11-19T12:20:24.419+0000] {processor.py:208} INFO - Processing /home/airflow/.local/lib/python3.12/site-packages/airflow/example_dags/example_sensors.py took 0.096 seconds
[2024-11-19T12:20:54.709+0000] {processor.py:186} INFO - Started process (PID=231) to work on /home/airflow/.local/lib/python3.12/site-packages/airflow/example_dags/example_sensors.py
[2024-11-19T12:20:54.711+0000] {processor.py:914} INFO - Processing file /home/airflow/.local/lib/python3.12/site-packages/airflow/example_dags/example_sensors.py for tasks to queue
[2024-11-19T12:20:54.713+0000] {logging_mixin.py:190} INFO - [2024-11-19T12:20:54.712+0000] {dagbag.py:588} INFO - Filling up the DagBag from /home/airflow/.local/lib/python3.12/site-packages/airflow/example_dags/example_sensors.py
[2024-11-19T12:20:54.724+0000] {processor.py:925} INFO - DAG(s) 'example_sensors' retrieved from /home/airflow/.local/lib/python3.12/site-packages/airflow/example_dags/example_sensors.py
[2024-11-19T12:20:54.753+0000] {logging_mixin.py:190} INFO - [2024-11-19T12:20:54.753+0000] {dag.py:3239} INFO - Sync 1 DAGs
[2024-11-19T12:20:54.769+0000] {logging_mixin.py:190} INFO - [2024-11-19T12:20:54.769+0000] {dag.py:4180} INFO - Setting next_dagrun for example_sensors to None, run_after=None
[2024-11-19T12:20:54.811+0000] {processor.py:208} INFO - Processing /home/airflow/.local/lib/python3.12/site-packages/airflow/example_dags/example_sensors.py took 0.107 seconds
[2024-11-19T12:21:25.140+0000] {processor.py:186} INFO - Started process (PID=296) to work on /home/airflow/.local/lib/python3.12/site-packages/airflow/example_dags/example_sensors.py
[2024-11-19T12:21:25.140+0000] {processor.py:914} INFO - Processing file /home/airflow/.local/lib/python3.12/site-packages/airflow/example_dags/example_sensors.py for tasks to queue
[2024-11-19T12:21:25.142+0000] {logging_mixin.py:190} INFO - [2024-11-19T12:21:25.142+0000] {dagbag.py:588} INFO - Filling up the DagBag from /home/airflow/.local/lib/python3.12/site-packages/airflow/example_dags/example_sensors.py
[2024-11-19T12:21:25.154+0000] {processor.py:925} INFO - DAG(s) 'example_sensors' retrieved from /home/airflow/.local/lib/python3.12/site-packages/airflow/example_dags/example_sensors.py
[2024-11-19T12:21:25.189+0000] {logging_mixin.py:190} INFO - [2024-11-19T12:21:25.188+0000] {dag.py:3239} INFO - Sync 1 DAGs
[2024-11-19T12:21:25.205+0000] {logging_mixin.py:190} INFO - [2024-11-19T12:21:25.205+0000] {dag.py:4180} INFO - Setting next_dagrun for example_sensors to None, run_after=None
[2024-11-19T12:21:25.429+0000] {processor.py:208} INFO - Processing /home/airflow/.local/lib/python3.12/site-packages/airflow/example_dags/example_sensors.py took 0.295 seconds
[2024-11-19T12:21:56.031+0000] {processor.py:186} INFO - Started process (PID=361) to work on /home/airflow/.local/lib/python3.12/site-packages/airflow/example_dags/example_sensors.py
[2024-11-19T12:21:56.031+0000] {processor.py:914} INFO - Processing file /home/airflow/.local/lib/python3.12/site-packages/airflow/example_dags/example_sensors.py for tasks to queue
[2024-11-19T12:21:56.033+0000] {logging_mixin.py:190} INFO - [2024-11-19T12:21:56.033+0000] {dagbag.py:588} INFO - Filling up the DagBag from /home/airflow/.local/lib/python3.12/site-packages/airflow/example_dags/example_sensors.py
[2024-11-19T12:21:56.046+0000] {processor.py:925} INFO - DAG(s) 'example_sensors' retrieved from /home/airflow/.local/lib/python3.12/site-packages/airflow/example_dags/example_sensors.py
[2024-11-19T12:21:56.094+0000] {logging_mixin.py:190} INFO - [2024-11-19T12:21:56.093+0000] {dag.py:3239} INFO - Sync 1 DAGs
[2024-11-19T12:21:56.112+0000] {logging_mixin.py:190} INFO - [2024-11-19T12:21:56.112+0000] {dag.py:4180} INFO - Setting next_dagrun for example_sensors to None, run_after=None
[2024-11-19T12:21:56.146+0000] {processor.py:208} INFO - Processing /home/airflow/.local/lib/python3.12/site-packages/airflow/example_dags/example_sensors.py took 0.122 seconds
[2024-11-19T12:22:27.930+0000] {processor.py:186} INFO - Started process (PID=426) to work on /home/airflow/.local/lib/python3.12/site-packages/airflow/example_dags/example_sensors.py
[2024-11-19T12:22:27.931+0000] {processor.py:914} INFO - Processing file /home/airflow/.local/lib/python3.12/site-packages/airflow/example_dags/example_sensors.py for tasks to queue
[2024-11-19T12:22:27.933+0000] {logging_mixin.py:190} INFO - [2024-11-19T12:22:27.933+0000] {dagbag.py:588} INFO - Filling up the DagBag from /home/airflow/.local/lib/python3.12/site-packages/airflow/example_dags/example_sensors.py
[2024-11-19T12:22:27.944+0000] {processor.py:925} INFO - DAG(s) 'example_sensors' retrieved from /home/airflow/.local/lib/python3.12/site-packages/airflow/example_dags/example_sensors.py
[2024-11-19T12:22:27.995+0000] {logging_mixin.py:190} INFO - [2024-11-19T12:22:27.994+0000] {dag.py:3239} INFO - Sync 1 DAGs
[2024-11-19T12:22:28.025+0000] {logging_mixin.py:190} INFO - [2024-11-19T12:22:28.024+0000] {dag.py:4180} INFO - Setting next_dagrun for example_sensors to None, run_after=None
[2024-11-19T12:22:28.092+0000] {processor.py:208} INFO - Processing /home/airflow/.local/lib/python3.12/site-packages/airflow/example_dags/example_sensors.py took 0.167 seconds
[2024-11-19T12:22:58.344+0000] {processor.py:186} INFO - Started process (PID=489) to work on /home/airflow/.local/lib/python3.12/site-packages/airflow/example_dags/example_sensors.py
[2024-11-19T12:22:58.350+0000] {processor.py:914} INFO - Processing file /home/airflow/.local/lib/python3.12/site-packages/airflow/example_dags/example_sensors.py for tasks to queue
[2024-11-19T12:22:58.352+0000] {logging_mixin.py:190} INFO - [2024-11-19T12:22:58.352+0000] {dagbag.py:588} INFO - Filling up the DagBag from /home/airflow/.local/lib/python3.12/site-packages/airflow/example_dags/example_sensors.py
[2024-11-19T12:22:58.378+0000] {processor.py:925} INFO - DAG(s) 'example_sensors' retrieved from /home/airflow/.local/lib/python3.12/site-packages/airflow/example_dags/example_sensors.py
[2024-11-19T12:22:58.425+0000] {logging_mixin.py:190} INFO - [2024-11-19T12:22:58.424+0000] {dag.py:3239} INFO - Sync 1 DAGs
[2024-11-19T12:22:58.455+0000] {logging_mixin.py:190} INFO - [2024-11-19T12:22:58.455+0000] {dag.py:4180} INFO - Setting next_dagrun for example_sensors to None, run_after=None
[2024-11-19T12:22:58.572+0000] {processor.py:208} INFO - Processing /home/airflow/.local/lib/python3.12/site-packages/airflow/example_dags/example_sensors.py took 0.237 seconds
[2024-11-19T12:23:28.906+0000] {processor.py:186} INFO - Started process (PID=552) to work on /home/airflow/.local/lib/python3.12/site-packages/airflow/example_dags/example_sensors.py
[2024-11-19T12:23:28.906+0000] {processor.py:914} INFO - Processing file /home/airflow/.local/lib/python3.12/site-packages/airflow/example_dags/example_sensors.py for tasks to queue
[2024-11-19T12:23:28.908+0000] {logging_mixin.py:190} INFO - [2024-11-19T12:23:28.908+0000] {dagbag.py:588} INFO - Filling up the DagBag from /home/airflow/.local/lib/python3.12/site-packages/airflow/example_dags/example_sensors.py
[2024-11-19T12:23:28.928+0000] {processor.py:925} INFO - DAG(s) 'example_sensors' retrieved from /home/airflow/.local/lib/python3.12/site-packages/airflow/example_dags/example_sensors.py
[2024-11-19T12:23:28.957+0000] {logging_mixin.py:190} INFO - [2024-11-19T12:23:28.957+0000] {dag.py:3239} INFO - Sync 1 DAGs
[2024-11-19T12:23:28.971+0000] {logging_mixin.py:190} INFO - [2024-11-19T12:23:28.971+0000] {dag.py:4180} INFO - Setting next_dagrun for example_sensors to None, run_after=None
[2024-11-19T12:23:28.995+0000] {processor.py:208} INFO - Processing /home/airflow/.local/lib/python3.12/site-packages/airflow/example_dags/example_sensors.py took 0.098 seconds
[2024-11-19T12:23:59.080+0000] {processor.py:186} INFO - Started process (PID=616) to work on /home/airflow/.local/lib/python3.12/site-packages/airflow/example_dags/example_sensors.py
[2024-11-19T12:23:59.081+0000] {processor.py:914} INFO - Processing file /home/airflow/.local/lib/python3.12/site-packages/airflow/example_dags/example_sensors.py for tasks to queue
[2024-11-19T12:23:59.084+0000] {logging_mixin.py:190} INFO - [2024-11-19T12:23:59.083+0000] {dagbag.py:588} INFO - Filling up the DagBag from /home/airflow/.local/lib/python3.12/site-packages/airflow/example_dags/example_sensors.py
[2024-11-19T12:23:59.095+0000] {processor.py:925} INFO - DAG(s) 'example_sensors' retrieved from /home/airflow/.local/lib/python3.12/site-packages/airflow/example_dags/example_sensors.py
[2024-11-19T12:23:59.129+0000] {logging_mixin.py:190} INFO - [2024-11-19T12:23:59.129+0000] {dag.py:3239} INFO - Sync 1 DAGs
[2024-11-19T12:23:59.144+0000] {logging_mixin.py:190} INFO - [2024-11-19T12:23:59.144+0000] {dag.py:4180} INFO - Setting next_dagrun for example_sensors to None, run_after=None
[2024-11-19T12:23:59.171+0000] {processor.py:208} INFO - Processing /home/airflow/.local/lib/python3.12/site-packages/airflow/example_dags/example_sensors.py took 0.096 seconds
[2024-11-19T12:24:29.547+0000] {processor.py:186} INFO - Started process (PID=681) to work on /home/airflow/.local/lib/python3.12/site-packages/airflow/example_dags/example_sensors.py
[2024-11-19T12:24:29.548+0000] {processor.py:914} INFO - Processing file /home/airflow/.local/lib/python3.12/site-packages/airflow/example_dags/example_sensors.py for tasks to queue
[2024-11-19T12:24:29.550+0000] {logging_mixin.py:190} INFO - [2024-11-19T12:24:29.549+0000] {dagbag.py:588} INFO - Filling up the DagBag from /home/airflow/.local/lib/python3.12/site-packages/airflow/example_dags/example_sensors.py
[2024-11-19T12:24:29.561+0000] {processor.py:925} INFO - DAG(s) 'example_sensors' retrieved from /home/airflow/.local/lib/python3.12/site-packages/airflow/example_dags/example_sensors.py
[2024-11-19T12:24:29.590+0000] {logging_mixin.py:190} INFO - [2024-11-19T12:24:29.590+0000] {dag.py:3239} INFO - Sync 1 DAGs
[2024-11-19T12:24:29.615+0000] {logging_mixin.py:190} INFO - [2024-11-19T12:24:29.614+0000] {dag.py:4180} INFO - Setting next_dagrun for example_sensors to None, run_after=None
[2024-11-19T12:24:29.687+0000] {processor.py:208} INFO - Processing /home/airflow/.local/lib/python3.12/site-packages/airflow/example_dags/example_sensors.py took 0.145 seconds
[2024-11-19T12:25:00.171+0000] {processor.py:186} INFO - Started process (PID=745) to work on /home/airflow/.local/lib/python3.12/site-packages/airflow/example_dags/example_sensors.py
[2024-11-19T12:25:00.172+0000] {processor.py:914} INFO - Processing file /home/airflow/.local/lib/python3.12/site-packages/airflow/example_dags/example_sensors.py for tasks to queue
[2024-11-19T12:25:00.174+0000] {logging_mixin.py:190} INFO - [2024-11-19T12:25:00.174+0000] {dagbag.py:588} INFO - Filling up the DagBag from /home/airflow/.local/lib/python3.12/site-packages/airflow/example_dags/example_sensors.py
[2024-11-19T12:25:00.187+0000] {processor.py:925} INFO - DAG(s) 'example_sensors' retrieved from /home/airflow/.local/lib/python3.12/site-packages/airflow/example_dags/example_sensors.py
[2024-11-19T12:25:00.221+0000] {logging_mixin.py:190} INFO - [2024-11-19T12:25:00.221+0000] {dag.py:3239} INFO - Sync 1 DAGs
[2024-11-19T12:25:00.236+0000] {logging_mixin.py:190} INFO - [2024-11-19T12:25:00.236+0000] {dag.py:4180} INFO - Setting next_dagrun for example_sensors to None, run_after=None
[2024-11-19T12:25:00.307+0000] {processor.py:208} INFO - Processing /home/airflow/.local/lib/python3.12/site-packages/airflow/example_dags/example_sensors.py took 0.141 seconds
[2024-11-19T12:25:30.915+0000] {processor.py:186} INFO - Started process (PID=809) to work on /home/airflow/.local/lib/python3.12/site-packages/airflow/example_dags/example_sensors.py
[2024-11-19T12:25:30.916+0000] {processor.py:914} INFO - Processing file /home/airflow/.local/lib/python3.12/site-packages/airflow/example_dags/example_sensors.py for tasks to queue
[2024-11-19T12:25:30.918+0000] {logging_mixin.py:190} INFO - [2024-11-19T12:25:30.918+0000] {dagbag.py:588} INFO - Filling up the DagBag from /home/airflow/.local/lib/python3.12/site-packages/airflow/example_dags/example_sensors.py
[2024-11-19T12:25:30.930+0000] {processor.py:925} INFO - DAG(s) 'example_sensors' retrieved from /home/airflow/.local/lib/python3.12/site-packages/airflow/example_dags/example_sensors.py
[2024-11-19T12:25:30.958+0000] {logging_mixin.py:190} INFO - [2024-11-19T12:25:30.958+0000] {dag.py:3239} INFO - Sync 1 DAGs
[2024-11-19T12:25:30.973+0000] {logging_mixin.py:190} INFO - [2024-11-19T12:25:30.973+0000] {dag.py:4180} INFO - Setting next_dagrun for example_sensors to None, run_after=None
[2024-11-19T12:25:31.016+0000] {processor.py:208} INFO - Processing /home/airflow/.local/lib/python3.12/site-packages/airflow/example_dags/example_sensors.py took 0.106 seconds
[2024-11-19T12:26:01.501+0000] {processor.py:186} INFO - Started process (PID=874) to work on /home/airflow/.local/lib/python3.12/site-packages/airflow/example_dags/example_sensors.py
[2024-11-19T12:26:01.501+0000] {processor.py:914} INFO - Processing file /home/airflow/.local/lib/python3.12/site-packages/airflow/example_dags/example_sensors.py for tasks to queue
[2024-11-19T12:26:01.504+0000] {logging_mixin.py:190} INFO - [2024-11-19T12:26:01.503+0000] {dagbag.py:588} INFO - Filling up the DagBag from /home/airflow/.local/lib/python3.12/site-packages/airflow/example_dags/example_sensors.py
[2024-11-19T12:26:01.517+0000] {processor.py:925} INFO - DAG(s) 'example_sensors' retrieved from /home/airflow/.local/lib/python3.12/site-packages/airflow/example_dags/example_sensors.py
[2024-11-19T12:26:01.548+0000] {logging_mixin.py:190} INFO - [2024-11-19T12:26:01.548+0000] {dag.py:3239} INFO - Sync 1 DAGs
[2024-11-19T12:26:01.565+0000] {logging_mixin.py:190} INFO - [2024-11-19T12:26:01.565+0000] {dag.py:4180} INFO - Setting next_dagrun for example_sensors to None, run_after=None
[2024-11-19T12:26:01.591+0000] {processor.py:208} INFO - Processing /home/airflow/.local/lib/python3.12/site-packages/airflow/example_dags/example_sensors.py took 0.096 seconds
[2024-11-19T12:26:31.744+0000] {processor.py:186} INFO - Started process (PID=938) to work on /home/airflow/.local/lib/python3.12/site-packages/airflow/example_dags/example_sensors.py
[2024-11-19T12:26:31.748+0000] {processor.py:914} INFO - Processing file /home/airflow/.local/lib/python3.12/site-packages/airflow/example_dags/example_sensors.py for tasks to queue
[2024-11-19T12:26:31.755+0000] {logging_mixin.py:190} INFO - [2024-11-19T12:26:31.754+0000] {dagbag.py:588} INFO - Filling up the DagBag from /home/airflow/.local/lib/python3.12/site-packages/airflow/example_dags/example_sensors.py
[2024-11-19T12:26:31.801+0000] {processor.py:925} INFO - DAG(s) 'example_sensors' retrieved from /home/airflow/.local/lib/python3.12/site-packages/airflow/example_dags/example_sensors.py
[2024-11-19T12:26:31.852+0000] {logging_mixin.py:190} INFO - [2024-11-19T12:26:31.852+0000] {dag.py:3239} INFO - Sync 1 DAGs
[2024-11-19T12:26:31.869+0000] {logging_mixin.py:190} INFO - [2024-11-19T12:26:31.869+0000] {dag.py:4180} INFO - Setting next_dagrun for example_sensors to None, run_after=None
[2024-11-19T12:26:31.926+0000] {processor.py:208} INFO - Processing /home/airflow/.local/lib/python3.12/site-packages/airflow/example_dags/example_sensors.py took 0.211 seconds
[2024-11-19T12:27:02.184+0000] {processor.py:186} INFO - Started process (PID=1002) to work on /home/airflow/.local/lib/python3.12/site-packages/airflow/example_dags/example_sensors.py
[2024-11-19T12:27:02.184+0000] {processor.py:914} INFO - Processing file /home/airflow/.local/lib/python3.12/site-packages/airflow/example_dags/example_sensors.py for tasks to queue
[2024-11-19T12:27:02.185+0000] {logging_mixin.py:190} INFO - [2024-11-19T12:27:02.185+0000] {dagbag.py:588} INFO - Filling up the DagBag from /home/airflow/.local/lib/python3.12/site-packages/airflow/example_dags/example_sensors.py
[2024-11-19T12:27:02.198+0000] {processor.py:925} INFO - DAG(s) 'example_sensors' retrieved from /home/airflow/.local/lib/python3.12/site-packages/airflow/example_dags/example_sensors.py
[2024-11-19T12:27:02.227+0000] {logging_mixin.py:190} INFO - [2024-11-19T12:27:02.227+0000] {dag.py:3239} INFO - Sync 1 DAGs
[2024-11-19T12:27:02.243+0000] {logging_mixin.py:190} INFO - [2024-11-19T12:27:02.242+0000] {dag.py:4180} INFO - Setting next_dagrun for example_sensors to None, run_after=None
[2024-11-19T12:27:02.267+0000] {processor.py:208} INFO - Processing /home/airflow/.local/lib/python3.12/site-packages/airflow/example_dags/example_sensors.py took 0.090 seconds
[2024-11-19T12:27:32.902+0000] {processor.py:186} INFO - Started process (PID=1066) to work on /home/airflow/.local/lib/python3.12/site-packages/airflow/example_dags/example_sensors.py
[2024-11-19T12:27:32.903+0000] {processor.py:914} INFO - Processing file /home/airflow/.local/lib/python3.12/site-packages/airflow/example_dags/example_sensors.py for tasks to queue
[2024-11-19T12:27:32.904+0000] {logging_mixin.py:190} INFO - [2024-11-19T12:27:32.904+0000] {dagbag.py:588} INFO - Filling up the DagBag from /home/airflow/.local/lib/python3.12/site-packages/airflow/example_dags/example_sensors.py
[2024-11-19T12:27:32.917+0000] {processor.py:925} INFO - DAG(s) 'example_sensors' retrieved from /home/airflow/.local/lib/python3.12/site-packages/airflow/example_dags/example_sensors.py
[2024-11-19T12:27:32.947+0000] {logging_mixin.py:190} INFO - [2024-11-19T12:27:32.947+0000] {dag.py:3239} INFO - Sync 1 DAGs
[2024-11-19T12:27:32.976+0000] {logging_mixin.py:190} INFO - [2024-11-19T12:27:32.976+0000] {dag.py:4180} INFO - Setting next_dagrun for example_sensors to None, run_after=None
[2024-11-19T12:27:33.001+0000] {processor.py:208} INFO - Processing /home/airflow/.local/lib/python3.12/site-packages/airflow/example_dags/example_sensors.py took 0.105 seconds
