[2024-11-19T12:04:21.842+0000] {processor.py:186} INFO - Started process (PID=119) to work on /home/airflow/.local/lib/python3.12/site-packages/airflow/example_dags/example_branch_python_dop_operator_3.py
[2024-11-19T12:04:21.843+0000] {processor.py:914} INFO - Processing file /home/airflow/.local/lib/python3.12/site-packages/airflow/example_dags/example_branch_python_dop_operator_3.py for tasks to queue
[2024-11-19T12:04:21.846+0000] {logging_mixin.py:190} INFO - [2024-11-19T12:04:21.845+0000] {dagbag.py:588} INFO - Filling up the DagBag from /home/airflow/.local/lib/python3.12/site-packages/airflow/example_dags/example_branch_python_dop_operator_3.py
[2024-11-19T12:04:21.947+0000] {processor.py:925} INFO - DAG(s) 'example_branch_dop_operator_v3' retrieved from /home/airflow/.local/lib/python3.12/site-packages/airflow/example_dags/example_branch_python_dop_operator_3.py
[2024-11-19T12:04:22.088+0000] {logging_mixin.py:190} INFO - [2024-11-19T12:04:22.088+0000] {dag.py:3239} INFO - Sync 1 DAGs
[2024-11-19T12:04:22.232+0000] {logging_mixin.py:190} INFO - [2024-11-19T12:04:22.232+0000] {dag.py:4180} INFO - Setting next_dagrun for example_branch_dop_operator_v3 to 2024-11-19 12:03:00+00:00, run_after=2024-11-19 12:04:00+00:00
[2024-11-19T12:04:22.382+0000] {processor.py:208} INFO - Processing /home/airflow/.local/lib/python3.12/site-packages/airflow/example_dags/example_branch_python_dop_operator_3.py took 0.599 seconds
[2024-11-19T12:04:52.787+0000] {processor.py:186} INFO - Started process (PID=182) to work on /home/airflow/.local/lib/python3.12/site-packages/airflow/example_dags/example_branch_python_dop_operator_3.py
[2024-11-19T12:04:52.794+0000] {processor.py:914} INFO - Processing file /home/airflow/.local/lib/python3.12/site-packages/airflow/example_dags/example_branch_python_dop_operator_3.py for tasks to queue
[2024-11-19T12:04:52.797+0000] {logging_mixin.py:190} INFO - [2024-11-19T12:04:52.797+0000] {dagbag.py:588} INFO - Filling up the DagBag from /home/airflow/.local/lib/python3.12/site-packages/airflow/example_dags/example_branch_python_dop_operator_3.py
[2024-11-19T12:04:52.819+0000] {processor.py:925} INFO - DAG(s) 'example_branch_dop_operator_v3' retrieved from /home/airflow/.local/lib/python3.12/site-packages/airflow/example_dags/example_branch_python_dop_operator_3.py
[2024-11-19T12:04:52.848+0000] {logging_mixin.py:190} INFO - [2024-11-19T12:04:52.847+0000] {dag.py:3239} INFO - Sync 1 DAGs
[2024-11-19T12:04:52.901+0000] {logging_mixin.py:190} INFO - [2024-11-19T12:04:52.897+0000] {dag.py:4180} INFO - Setting next_dagrun for example_branch_dop_operator_v3 to 2024-11-19 12:03:00+00:00, run_after=2024-11-19 12:04:00+00:00
[2024-11-19T12:04:52.998+0000] {processor.py:208} INFO - Processing /home/airflow/.local/lib/python3.12/site-packages/airflow/example_dags/example_branch_python_dop_operator_3.py took 0.223 seconds
[2024-11-19T12:05:23.204+0000] {processor.py:186} INFO - Started process (PID=246) to work on /home/airflow/.local/lib/python3.12/site-packages/airflow/example_dags/example_branch_python_dop_operator_3.py
[2024-11-19T12:05:23.205+0000] {processor.py:914} INFO - Processing file /home/airflow/.local/lib/python3.12/site-packages/airflow/example_dags/example_branch_python_dop_operator_3.py for tasks to queue
[2024-11-19T12:05:23.207+0000] {logging_mixin.py:190} INFO - [2024-11-19T12:05:23.207+0000] {dagbag.py:588} INFO - Filling up the DagBag from /home/airflow/.local/lib/python3.12/site-packages/airflow/example_dags/example_branch_python_dop_operator_3.py
[2024-11-19T12:05:23.220+0000] {processor.py:925} INFO - DAG(s) 'example_branch_dop_operator_v3' retrieved from /home/airflow/.local/lib/python3.12/site-packages/airflow/example_dags/example_branch_python_dop_operator_3.py
[2024-11-19T12:05:23.239+0000] {logging_mixin.py:190} INFO - [2024-11-19T12:05:23.239+0000] {dag.py:3239} INFO - Sync 1 DAGs
[2024-11-19T12:05:23.267+0000] {logging_mixin.py:190} INFO - [2024-11-19T12:05:23.267+0000] {dag.py:4180} INFO - Setting next_dagrun for example_branch_dop_operator_v3 to 2024-11-19 12:04:00+00:00, run_after=2024-11-19 12:05:00+00:00
[2024-11-19T12:05:23.302+0000] {processor.py:208} INFO - Processing /home/airflow/.local/lib/python3.12/site-packages/airflow/example_dags/example_branch_python_dop_operator_3.py took 0.104 seconds
[2024-11-19T12:05:53.354+0000] {processor.py:186} INFO - Started process (PID=312) to work on /home/airflow/.local/lib/python3.12/site-packages/airflow/example_dags/example_branch_python_dop_operator_3.py
[2024-11-19T12:05:53.355+0000] {processor.py:914} INFO - Processing file /home/airflow/.local/lib/python3.12/site-packages/airflow/example_dags/example_branch_python_dop_operator_3.py for tasks to queue
[2024-11-19T12:05:53.358+0000] {logging_mixin.py:190} INFO - [2024-11-19T12:05:53.357+0000] {dagbag.py:588} INFO - Filling up the DagBag from /home/airflow/.local/lib/python3.12/site-packages/airflow/example_dags/example_branch_python_dop_operator_3.py
[2024-11-19T12:05:53.370+0000] {processor.py:925} INFO - DAG(s) 'example_branch_dop_operator_v3' retrieved from /home/airflow/.local/lib/python3.12/site-packages/airflow/example_dags/example_branch_python_dop_operator_3.py
[2024-11-19T12:05:53.392+0000] {logging_mixin.py:190} INFO - [2024-11-19T12:05:53.391+0000] {dag.py:3239} INFO - Sync 1 DAGs
[2024-11-19T12:05:53.421+0000] {logging_mixin.py:190} INFO - [2024-11-19T12:05:53.421+0000] {dag.py:4180} INFO - Setting next_dagrun for example_branch_dop_operator_v3 to 2024-11-19 12:04:00+00:00, run_after=2024-11-19 12:05:00+00:00
[2024-11-19T12:05:53.447+0000] {processor.py:208} INFO - Processing /home/airflow/.local/lib/python3.12/site-packages/airflow/example_dags/example_branch_python_dop_operator_3.py took 0.099 seconds
[2024-11-19T12:06:24.429+0000] {processor.py:186} INFO - Started process (PID=377) to work on /home/airflow/.local/lib/python3.12/site-packages/airflow/example_dags/example_branch_python_dop_operator_3.py
[2024-11-19T12:06:24.429+0000] {processor.py:914} INFO - Processing file /home/airflow/.local/lib/python3.12/site-packages/airflow/example_dags/example_branch_python_dop_operator_3.py for tasks to queue
[2024-11-19T12:06:24.432+0000] {logging_mixin.py:190} INFO - [2024-11-19T12:06:24.431+0000] {dagbag.py:588} INFO - Filling up the DagBag from /home/airflow/.local/lib/python3.12/site-packages/airflow/example_dags/example_branch_python_dop_operator_3.py
[2024-11-19T12:06:24.442+0000] {processor.py:925} INFO - DAG(s) 'example_branch_dop_operator_v3' retrieved from /home/airflow/.local/lib/python3.12/site-packages/airflow/example_dags/example_branch_python_dop_operator_3.py
[2024-11-19T12:06:24.464+0000] {logging_mixin.py:190} INFO - [2024-11-19T12:06:24.463+0000] {dag.py:3239} INFO - Sync 1 DAGs
[2024-11-19T12:06:24.492+0000] {logging_mixin.py:190} INFO - [2024-11-19T12:06:24.492+0000] {dag.py:4180} INFO - Setting next_dagrun for example_branch_dop_operator_v3 to 2024-11-19 12:05:00+00:00, run_after=2024-11-19 12:06:00+00:00
[2024-11-19T12:06:24.520+0000] {processor.py:208} INFO - Processing /home/airflow/.local/lib/python3.12/site-packages/airflow/example_dags/example_branch_python_dop_operator_3.py took 0.097 seconds
[2024-11-19T12:06:55.543+0000] {processor.py:186} INFO - Started process (PID=441) to work on /home/airflow/.local/lib/python3.12/site-packages/airflow/example_dags/example_branch_python_dop_operator_3.py
[2024-11-19T12:06:55.544+0000] {processor.py:914} INFO - Processing file /home/airflow/.local/lib/python3.12/site-packages/airflow/example_dags/example_branch_python_dop_operator_3.py for tasks to queue
[2024-11-19T12:06:55.546+0000] {logging_mixin.py:190} INFO - [2024-11-19T12:06:55.546+0000] {dagbag.py:588} INFO - Filling up the DagBag from /home/airflow/.local/lib/python3.12/site-packages/airflow/example_dags/example_branch_python_dop_operator_3.py
[2024-11-19T12:06:55.557+0000] {processor.py:925} INFO - DAG(s) 'example_branch_dop_operator_v3' retrieved from /home/airflow/.local/lib/python3.12/site-packages/airflow/example_dags/example_branch_python_dop_operator_3.py
[2024-11-19T12:06:55.578+0000] {logging_mixin.py:190} INFO - [2024-11-19T12:06:55.578+0000] {dag.py:3239} INFO - Sync 1 DAGs
[2024-11-19T12:06:55.612+0000] {logging_mixin.py:190} INFO - [2024-11-19T12:06:55.612+0000] {dag.py:4180} INFO - Setting next_dagrun for example_branch_dop_operator_v3 to 2024-11-19 12:05:00+00:00, run_after=2024-11-19 12:06:00+00:00
[2024-11-19T12:06:55.638+0000] {processor.py:208} INFO - Processing /home/airflow/.local/lib/python3.12/site-packages/airflow/example_dags/example_branch_python_dop_operator_3.py took 0.108 seconds
[2024-11-19T12:07:26.957+0000] {processor.py:186} INFO - Started process (PID=509) to work on /home/airflow/.local/lib/python3.12/site-packages/airflow/example_dags/example_branch_python_dop_operator_3.py
[2024-11-19T12:07:26.958+0000] {processor.py:914} INFO - Processing file /home/airflow/.local/lib/python3.12/site-packages/airflow/example_dags/example_branch_python_dop_operator_3.py for tasks to queue
[2024-11-19T12:07:26.960+0000] {logging_mixin.py:190} INFO - [2024-11-19T12:07:26.960+0000] {dagbag.py:588} INFO - Filling up the DagBag from /home/airflow/.local/lib/python3.12/site-packages/airflow/example_dags/example_branch_python_dop_operator_3.py
[2024-11-19T12:07:26.971+0000] {processor.py:925} INFO - DAG(s) 'example_branch_dop_operator_v3' retrieved from /home/airflow/.local/lib/python3.12/site-packages/airflow/example_dags/example_branch_python_dop_operator_3.py
[2024-11-19T12:07:26.991+0000] {logging_mixin.py:190} INFO - [2024-11-19T12:07:26.991+0000] {dag.py:3239} INFO - Sync 1 DAGs
[2024-11-19T12:07:27.021+0000] {logging_mixin.py:190} INFO - [2024-11-19T12:07:27.020+0000] {dag.py:4180} INFO - Setting next_dagrun for example_branch_dop_operator_v3 to 2024-11-19 12:06:00+00:00, run_after=2024-11-19 12:07:00+00:00
[2024-11-19T12:07:27.042+0000] {processor.py:208} INFO - Processing /home/airflow/.local/lib/python3.12/site-packages/airflow/example_dags/example_branch_python_dop_operator_3.py took 0.091 seconds
[2024-11-19T12:08:02.132+0000] {processor.py:186} INFO - Started process (PID=574) to work on /home/airflow/.local/lib/python3.12/site-packages/airflow/example_dags/example_branch_python_dop_operator_3.py
[2024-11-19T12:08:02.133+0000] {processor.py:914} INFO - Processing file /home/airflow/.local/lib/python3.12/site-packages/airflow/example_dags/example_branch_python_dop_operator_3.py for tasks to queue
[2024-11-19T12:08:02.135+0000] {logging_mixin.py:190} INFO - [2024-11-19T12:08:02.135+0000] {dagbag.py:588} INFO - Filling up the DagBag from /home/airflow/.local/lib/python3.12/site-packages/airflow/example_dags/example_branch_python_dop_operator_3.py
[2024-11-19T12:08:02.146+0000] {processor.py:925} INFO - DAG(s) 'example_branch_dop_operator_v3' retrieved from /home/airflow/.local/lib/python3.12/site-packages/airflow/example_dags/example_branch_python_dop_operator_3.py
[2024-11-19T12:08:02.164+0000] {logging_mixin.py:190} INFO - [2024-11-19T12:08:02.163+0000] {dag.py:3239} INFO - Sync 1 DAGs
[2024-11-19T12:08:02.191+0000] {logging_mixin.py:190} INFO - [2024-11-19T12:08:02.191+0000] {dag.py:4180} INFO - Setting next_dagrun for example_branch_dop_operator_v3 to 2024-11-19 12:07:00+00:00, run_after=2024-11-19 12:08:00+00:00
[2024-11-19T12:08:02.215+0000] {processor.py:208} INFO - Processing /home/airflow/.local/lib/python3.12/site-packages/airflow/example_dags/example_branch_python_dop_operator_3.py took 0.089 seconds
[2024-11-19T12:08:36.816+0000] {processor.py:186} INFO - Started process (PID=650) to work on /home/airflow/.local/lib/python3.12/site-packages/airflow/example_dags/example_branch_python_dop_operator_3.py
[2024-11-19T12:08:36.817+0000] {processor.py:914} INFO - Processing file /home/airflow/.local/lib/python3.12/site-packages/airflow/example_dags/example_branch_python_dop_operator_3.py for tasks to queue
[2024-11-19T12:08:36.819+0000] {logging_mixin.py:190} INFO - [2024-11-19T12:08:36.818+0000] {dagbag.py:588} INFO - Filling up the DagBag from /home/airflow/.local/lib/python3.12/site-packages/airflow/example_dags/example_branch_python_dop_operator_3.py
[2024-11-19T12:08:36.827+0000] {processor.py:925} INFO - DAG(s) 'example_branch_dop_operator_v3' retrieved from /home/airflow/.local/lib/python3.12/site-packages/airflow/example_dags/example_branch_python_dop_operator_3.py
[2024-11-19T12:08:36.845+0000] {logging_mixin.py:190} INFO - [2024-11-19T12:08:36.845+0000] {dag.py:3239} INFO - Sync 1 DAGs
[2024-11-19T12:08:36.879+0000] {logging_mixin.py:190} INFO - [2024-11-19T12:08:36.879+0000] {dag.py:4180} INFO - Setting next_dagrun for example_branch_dop_operator_v3 to 2024-11-19 12:07:00+00:00, run_after=2024-11-19 12:08:00+00:00
[2024-11-19T12:08:36.915+0000] {processor.py:208} INFO - Processing /home/airflow/.local/lib/python3.12/site-packages/airflow/example_dags/example_branch_python_dop_operator_3.py took 0.103 seconds
[2024-11-19T12:09:12.381+0000] {processor.py:186} INFO - Started process (PID=714) to work on /home/airflow/.local/lib/python3.12/site-packages/airflow/example_dags/example_branch_python_dop_operator_3.py
[2024-11-19T12:09:12.383+0000] {processor.py:914} INFO - Processing file /home/airflow/.local/lib/python3.12/site-packages/airflow/example_dags/example_branch_python_dop_operator_3.py for tasks to queue
[2024-11-19T12:09:12.386+0000] {logging_mixin.py:190} INFO - [2024-11-19T12:09:12.385+0000] {dagbag.py:588} INFO - Filling up the DagBag from /home/airflow/.local/lib/python3.12/site-packages/airflow/example_dags/example_branch_python_dop_operator_3.py
[2024-11-19T12:09:12.398+0000] {processor.py:925} INFO - DAG(s) 'example_branch_dop_operator_v3' retrieved from /home/airflow/.local/lib/python3.12/site-packages/airflow/example_dags/example_branch_python_dop_operator_3.py
[2024-11-19T12:09:12.418+0000] {logging_mixin.py:190} INFO - [2024-11-19T12:09:12.418+0000] {dag.py:3239} INFO - Sync 1 DAGs
[2024-11-19T12:09:12.449+0000] {logging_mixin.py:190} INFO - [2024-11-19T12:09:12.449+0000] {dag.py:4180} INFO - Setting next_dagrun for example_branch_dop_operator_v3 to 2024-11-19 12:08:00+00:00, run_after=2024-11-19 12:09:00+00:00
[2024-11-19T12:09:12.479+0000] {processor.py:208} INFO - Processing /home/airflow/.local/lib/python3.12/site-packages/airflow/example_dags/example_branch_python_dop_operator_3.py took 0.105 seconds
[2024-11-19T12:09:43.714+0000] {processor.py:186} INFO - Started process (PID=785) to work on /home/airflow/.local/lib/python3.12/site-packages/airflow/example_dags/example_branch_python_dop_operator_3.py
[2024-11-19T12:09:43.718+0000] {processor.py:914} INFO - Processing file /home/airflow/.local/lib/python3.12/site-packages/airflow/example_dags/example_branch_python_dop_operator_3.py for tasks to queue
[2024-11-19T12:09:43.721+0000] {logging_mixin.py:190} INFO - [2024-11-19T12:09:43.720+0000] {dagbag.py:588} INFO - Filling up the DagBag from /home/airflow/.local/lib/python3.12/site-packages/airflow/example_dags/example_branch_python_dop_operator_3.py
[2024-11-19T12:09:43.745+0000] {processor.py:925} INFO - DAG(s) 'example_branch_dop_operator_v3' retrieved from /home/airflow/.local/lib/python3.12/site-packages/airflow/example_dags/example_branch_python_dop_operator_3.py
[2024-11-19T12:09:43.774+0000] {logging_mixin.py:190} INFO - [2024-11-19T12:09:43.774+0000] {dag.py:3239} INFO - Sync 1 DAGs
[2024-11-19T12:09:43.802+0000] {logging_mixin.py:190} INFO - [2024-11-19T12:09:43.801+0000] {dag.py:4180} INFO - Setting next_dagrun for example_branch_dop_operator_v3 to 2024-11-19 12:08:00+00:00, run_after=2024-11-19 12:09:00+00:00
[2024-11-19T12:09:43.842+0000] {processor.py:208} INFO - Processing /home/airflow/.local/lib/python3.12/site-packages/airflow/example_dags/example_branch_python_dop_operator_3.py took 0.144 seconds
[2024-11-19T12:10:14.052+0000] {processor.py:186} INFO - Started process (PID=849) to work on /home/airflow/.local/lib/python3.12/site-packages/airflow/example_dags/example_branch_python_dop_operator_3.py
[2024-11-19T12:10:14.054+0000] {processor.py:914} INFO - Processing file /home/airflow/.local/lib/python3.12/site-packages/airflow/example_dags/example_branch_python_dop_operator_3.py for tasks to queue
[2024-11-19T12:10:14.059+0000] {logging_mixin.py:190} INFO - [2024-11-19T12:10:14.059+0000] {dagbag.py:588} INFO - Filling up the DagBag from /home/airflow/.local/lib/python3.12/site-packages/airflow/example_dags/example_branch_python_dop_operator_3.py
[2024-11-19T12:10:14.075+0000] {processor.py:925} INFO - DAG(s) 'example_branch_dop_operator_v3' retrieved from /home/airflow/.local/lib/python3.12/site-packages/airflow/example_dags/example_branch_python_dop_operator_3.py
[2024-11-19T12:10:14.096+0000] {logging_mixin.py:190} INFO - [2024-11-19T12:10:14.095+0000] {dag.py:3239} INFO - Sync 1 DAGs
[2024-11-19T12:10:14.145+0000] {logging_mixin.py:190} INFO - [2024-11-19T12:10:14.145+0000] {dag.py:4180} INFO - Setting next_dagrun for example_branch_dop_operator_v3 to 2024-11-19 12:09:00+00:00, run_after=2024-11-19 12:10:00+00:00
[2024-11-19T12:10:14.207+0000] {processor.py:208} INFO - Processing /home/airflow/.local/lib/python3.12/site-packages/airflow/example_dags/example_branch_python_dop_operator_3.py took 0.166 seconds
[2024-11-19T12:10:45.365+0000] {processor.py:186} INFO - Started process (PID=915) to work on /home/airflow/.local/lib/python3.12/site-packages/airflow/example_dags/example_branch_python_dop_operator_3.py
[2024-11-19T12:10:45.366+0000] {processor.py:914} INFO - Processing file /home/airflow/.local/lib/python3.12/site-packages/airflow/example_dags/example_branch_python_dop_operator_3.py for tasks to queue
[2024-11-19T12:10:45.368+0000] {logging_mixin.py:190} INFO - [2024-11-19T12:10:45.368+0000] {dagbag.py:588} INFO - Filling up the DagBag from /home/airflow/.local/lib/python3.12/site-packages/airflow/example_dags/example_branch_python_dop_operator_3.py
[2024-11-19T12:10:45.378+0000] {processor.py:925} INFO - DAG(s) 'example_branch_dop_operator_v3' retrieved from /home/airflow/.local/lib/python3.12/site-packages/airflow/example_dags/example_branch_python_dop_operator_3.py
[2024-11-19T12:10:45.400+0000] {logging_mixin.py:190} INFO - [2024-11-19T12:10:45.400+0000] {dag.py:3239} INFO - Sync 1 DAGs
[2024-11-19T12:10:45.434+0000] {logging_mixin.py:190} INFO - [2024-11-19T12:10:45.434+0000] {dag.py:4180} INFO - Setting next_dagrun for example_branch_dop_operator_v3 to 2024-11-19 12:09:00+00:00, run_after=2024-11-19 12:10:00+00:00
[2024-11-19T12:10:45.467+0000] {processor.py:208} INFO - Processing /home/airflow/.local/lib/python3.12/site-packages/airflow/example_dags/example_branch_python_dop_operator_3.py took 0.108 seconds
[2024-11-19T12:11:16.138+0000] {processor.py:186} INFO - Started process (PID=984) to work on /home/airflow/.local/lib/python3.12/site-packages/airflow/example_dags/example_branch_python_dop_operator_3.py
[2024-11-19T12:11:16.139+0000] {processor.py:914} INFO - Processing file /home/airflow/.local/lib/python3.12/site-packages/airflow/example_dags/example_branch_python_dop_operator_3.py for tasks to queue
[2024-11-19T12:11:16.140+0000] {logging_mixin.py:190} INFO - [2024-11-19T12:11:16.140+0000] {dagbag.py:588} INFO - Filling up the DagBag from /home/airflow/.local/lib/python3.12/site-packages/airflow/example_dags/example_branch_python_dop_operator_3.py
[2024-11-19T12:11:16.151+0000] {processor.py:925} INFO - DAG(s) 'example_branch_dop_operator_v3' retrieved from /home/airflow/.local/lib/python3.12/site-packages/airflow/example_dags/example_branch_python_dop_operator_3.py
[2024-11-19T12:11:16.171+0000] {logging_mixin.py:190} INFO - [2024-11-19T12:11:16.171+0000] {dag.py:3239} INFO - Sync 1 DAGs
[2024-11-19T12:11:16.199+0000] {logging_mixin.py:190} INFO - [2024-11-19T12:11:16.198+0000] {dag.py:4180} INFO - Setting next_dagrun for example_branch_dop_operator_v3 to 2024-11-19 12:10:00+00:00, run_after=2024-11-19 12:11:00+00:00
[2024-11-19T12:11:16.219+0000] {processor.py:208} INFO - Processing /home/airflow/.local/lib/python3.12/site-packages/airflow/example_dags/example_branch_python_dop_operator_3.py took 0.087 seconds
[2024-11-19T12:11:46.775+0000] {processor.py:186} INFO - Started process (PID=1048) to work on /home/airflow/.local/lib/python3.12/site-packages/airflow/example_dags/example_branch_python_dop_operator_3.py
[2024-11-19T12:11:46.776+0000] {processor.py:914} INFO - Processing file /home/airflow/.local/lib/python3.12/site-packages/airflow/example_dags/example_branch_python_dop_operator_3.py for tasks to queue
[2024-11-19T12:11:46.777+0000] {logging_mixin.py:190} INFO - [2024-11-19T12:11:46.776+0000] {dagbag.py:588} INFO - Filling up the DagBag from /home/airflow/.local/lib/python3.12/site-packages/airflow/example_dags/example_branch_python_dop_operator_3.py
[2024-11-19T12:11:46.788+0000] {processor.py:925} INFO - DAG(s) 'example_branch_dop_operator_v3' retrieved from /home/airflow/.local/lib/python3.12/site-packages/airflow/example_dags/example_branch_python_dop_operator_3.py
[2024-11-19T12:11:46.822+0000] {logging_mixin.py:190} INFO - [2024-11-19T12:11:46.822+0000] {dag.py:3239} INFO - Sync 1 DAGs
[2024-11-19T12:11:46.871+0000] {logging_mixin.py:190} INFO - [2024-11-19T12:11:46.870+0000] {dag.py:4180} INFO - Setting next_dagrun for example_branch_dop_operator_v3 to 2024-11-19 12:10:00+00:00, run_after=2024-11-19 12:11:00+00:00
[2024-11-19T12:11:46.915+0000] {processor.py:208} INFO - Processing /home/airflow/.local/lib/python3.12/site-packages/airflow/example_dags/example_branch_python_dop_operator_3.py took 0.145 seconds
[2024-11-19T12:12:17.407+0000] {processor.py:186} INFO - Started process (PID=1114) to work on /home/airflow/.local/lib/python3.12/site-packages/airflow/example_dags/example_branch_python_dop_operator_3.py
[2024-11-19T12:12:17.410+0000] {processor.py:914} INFO - Processing file /home/airflow/.local/lib/python3.12/site-packages/airflow/example_dags/example_branch_python_dop_operator_3.py for tasks to queue
[2024-11-19T12:12:17.412+0000] {logging_mixin.py:190} INFO - [2024-11-19T12:12:17.411+0000] {dagbag.py:588} INFO - Filling up the DagBag from /home/airflow/.local/lib/python3.12/site-packages/airflow/example_dags/example_branch_python_dop_operator_3.py
[2024-11-19T12:12:17.429+0000] {processor.py:925} INFO - DAG(s) 'example_branch_dop_operator_v3' retrieved from /home/airflow/.local/lib/python3.12/site-packages/airflow/example_dags/example_branch_python_dop_operator_3.py
[2024-11-19T12:12:17.452+0000] {logging_mixin.py:190} INFO - [2024-11-19T12:12:17.452+0000] {dag.py:3239} INFO - Sync 1 DAGs
[2024-11-19T12:12:17.487+0000] {logging_mixin.py:190} INFO - [2024-11-19T12:12:17.486+0000] {dag.py:4180} INFO - Setting next_dagrun for example_branch_dop_operator_v3 to 2024-11-19 12:11:00+00:00, run_after=2024-11-19 12:12:00+00:00
[2024-11-19T12:12:17.515+0000] {processor.py:208} INFO - Processing /home/airflow/.local/lib/python3.12/site-packages/airflow/example_dags/example_branch_python_dop_operator_3.py took 0.114 seconds
[2024-11-19T12:12:47.566+0000] {processor.py:186} INFO - Started process (PID=1180) to work on /home/airflow/.local/lib/python3.12/site-packages/airflow/example_dags/example_branch_python_dop_operator_3.py
[2024-11-19T12:12:47.567+0000] {processor.py:914} INFO - Processing file /home/airflow/.local/lib/python3.12/site-packages/airflow/example_dags/example_branch_python_dop_operator_3.py for tasks to queue
[2024-11-19T12:12:47.568+0000] {logging_mixin.py:190} INFO - [2024-11-19T12:12:47.567+0000] {dagbag.py:588} INFO - Filling up the DagBag from /home/airflow/.local/lib/python3.12/site-packages/airflow/example_dags/example_branch_python_dop_operator_3.py
[2024-11-19T12:12:47.578+0000] {processor.py:925} INFO - DAG(s) 'example_branch_dop_operator_v3' retrieved from /home/airflow/.local/lib/python3.12/site-packages/airflow/example_dags/example_branch_python_dop_operator_3.py
[2024-11-19T12:12:47.599+0000] {logging_mixin.py:190} INFO - [2024-11-19T12:12:47.599+0000] {dag.py:3239} INFO - Sync 1 DAGs
[2024-11-19T12:12:47.627+0000] {logging_mixin.py:190} INFO - [2024-11-19T12:12:47.627+0000] {dag.py:4180} INFO - Setting next_dagrun for example_branch_dop_operator_v3 to 2024-11-19 12:11:00+00:00, run_after=2024-11-19 12:12:00+00:00
[2024-11-19T12:12:47.650+0000] {processor.py:208} INFO - Processing /home/airflow/.local/lib/python3.12/site-packages/airflow/example_dags/example_branch_python_dop_operator_3.py took 0.090 seconds
[2024-11-19T12:13:17.708+0000] {processor.py:186} INFO - Started process (PID=1244) to work on /home/airflow/.local/lib/python3.12/site-packages/airflow/example_dags/example_branch_python_dop_operator_3.py
[2024-11-19T12:13:17.708+0000] {processor.py:914} INFO - Processing file /home/airflow/.local/lib/python3.12/site-packages/airflow/example_dags/example_branch_python_dop_operator_3.py for tasks to queue
[2024-11-19T12:13:17.709+0000] {logging_mixin.py:190} INFO - [2024-11-19T12:13:17.709+0000] {dagbag.py:588} INFO - Filling up the DagBag from /home/airflow/.local/lib/python3.12/site-packages/airflow/example_dags/example_branch_python_dop_operator_3.py
[2024-11-19T12:13:17.720+0000] {processor.py:925} INFO - DAG(s) 'example_branch_dop_operator_v3' retrieved from /home/airflow/.local/lib/python3.12/site-packages/airflow/example_dags/example_branch_python_dop_operator_3.py
[2024-11-19T12:13:17.739+0000] {logging_mixin.py:190} INFO - [2024-11-19T12:13:17.739+0000] {dag.py:3239} INFO - Sync 1 DAGs
[2024-11-19T12:13:17.777+0000] {logging_mixin.py:190} INFO - [2024-11-19T12:13:17.776+0000] {dag.py:4180} INFO - Setting next_dagrun for example_branch_dop_operator_v3 to 2024-11-19 12:12:00+00:00, run_after=2024-11-19 12:13:00+00:00
[2024-11-19T12:13:17.807+0000] {processor.py:208} INFO - Processing /home/airflow/.local/lib/python3.12/site-packages/airflow/example_dags/example_branch_python_dop_operator_3.py took 0.105 seconds
[2024-11-19T12:13:48.571+0000] {processor.py:186} INFO - Started process (PID=1308) to work on /home/airflow/.local/lib/python3.12/site-packages/airflow/example_dags/example_branch_python_dop_operator_3.py
[2024-11-19T12:13:48.572+0000] {processor.py:914} INFO - Processing file /home/airflow/.local/lib/python3.12/site-packages/airflow/example_dags/example_branch_python_dop_operator_3.py for tasks to queue
[2024-11-19T12:13:48.573+0000] {logging_mixin.py:190} INFO - [2024-11-19T12:13:48.572+0000] {dagbag.py:588} INFO - Filling up the DagBag from /home/airflow/.local/lib/python3.12/site-packages/airflow/example_dags/example_branch_python_dop_operator_3.py
[2024-11-19T12:13:48.620+0000] {processor.py:925} INFO - DAG(s) 'example_branch_dop_operator_v3' retrieved from /home/airflow/.local/lib/python3.12/site-packages/airflow/example_dags/example_branch_python_dop_operator_3.py
[2024-11-19T12:13:48.671+0000] {logging_mixin.py:190} INFO - [2024-11-19T12:13:48.671+0000] {dag.py:3239} INFO - Sync 1 DAGs
[2024-11-19T12:13:48.701+0000] {logging_mixin.py:190} INFO - [2024-11-19T12:13:48.701+0000] {dag.py:4180} INFO - Setting next_dagrun for example_branch_dop_operator_v3 to 2024-11-19 12:12:00+00:00, run_after=2024-11-19 12:13:00+00:00
[2024-11-19T12:13:48.725+0000] {processor.py:208} INFO - Processing /home/airflow/.local/lib/python3.12/site-packages/airflow/example_dags/example_branch_python_dop_operator_3.py took 0.176 seconds
[2024-11-19T12:14:19.795+0000] {processor.py:186} INFO - Started process (PID=1373) to work on /home/airflow/.local/lib/python3.12/site-packages/airflow/example_dags/example_branch_python_dop_operator_3.py
[2024-11-19T12:14:19.796+0000] {processor.py:914} INFO - Processing file /home/airflow/.local/lib/python3.12/site-packages/airflow/example_dags/example_branch_python_dop_operator_3.py for tasks to queue
[2024-11-19T12:14:19.797+0000] {logging_mixin.py:190} INFO - [2024-11-19T12:14:19.797+0000] {dagbag.py:588} INFO - Filling up the DagBag from /home/airflow/.local/lib/python3.12/site-packages/airflow/example_dags/example_branch_python_dop_operator_3.py
[2024-11-19T12:14:19.841+0000] {processor.py:925} INFO - DAG(s) 'example_branch_dop_operator_v3' retrieved from /home/airflow/.local/lib/python3.12/site-packages/airflow/example_dags/example_branch_python_dop_operator_3.py
[2024-11-19T12:14:19.911+0000] {logging_mixin.py:190} INFO - [2024-11-19T12:14:19.910+0000] {dag.py:3239} INFO - Sync 1 DAGs
[2024-11-19T12:14:19.974+0000] {logging_mixin.py:190} INFO - [2024-11-19T12:14:19.974+0000] {dag.py:4180} INFO - Setting next_dagrun for example_branch_dop_operator_v3 to 2024-11-19 12:13:00+00:00, run_after=2024-11-19 12:14:00+00:00
[2024-11-19T12:14:20.010+0000] {processor.py:208} INFO - Processing /home/airflow/.local/lib/python3.12/site-packages/airflow/example_dags/example_branch_python_dop_operator_3.py took 0.246 seconds
[2024-11-19T12:14:50.358+0000] {processor.py:186} INFO - Started process (PID=1437) to work on /home/airflow/.local/lib/python3.12/site-packages/airflow/example_dags/example_branch_python_dop_operator_3.py
[2024-11-19T12:14:50.359+0000] {processor.py:914} INFO - Processing file /home/airflow/.local/lib/python3.12/site-packages/airflow/example_dags/example_branch_python_dop_operator_3.py for tasks to queue
[2024-11-19T12:14:50.360+0000] {logging_mixin.py:190} INFO - [2024-11-19T12:14:50.360+0000] {dagbag.py:588} INFO - Filling up the DagBag from /home/airflow/.local/lib/python3.12/site-packages/airflow/example_dags/example_branch_python_dop_operator_3.py
[2024-11-19T12:14:50.371+0000] {processor.py:925} INFO - DAG(s) 'example_branch_dop_operator_v3' retrieved from /home/airflow/.local/lib/python3.12/site-packages/airflow/example_dags/example_branch_python_dop_operator_3.py
[2024-11-19T12:14:50.409+0000] {logging_mixin.py:190} INFO - [2024-11-19T12:14:50.408+0000] {dag.py:3239} INFO - Sync 1 DAGs
[2024-11-19T12:14:50.437+0000] {logging_mixin.py:190} INFO - [2024-11-19T12:14:50.437+0000] {dag.py:4180} INFO - Setting next_dagrun for example_branch_dop_operator_v3 to 2024-11-19 12:13:00+00:00, run_after=2024-11-19 12:14:00+00:00
[2024-11-19T12:14:50.461+0000] {processor.py:208} INFO - Processing /home/airflow/.local/lib/python3.12/site-packages/airflow/example_dags/example_branch_python_dop_operator_3.py took 0.109 seconds
[2024-11-19T12:19:56.195+0000] {processor.py:186} INFO - Started process (PID=114) to work on /home/airflow/.local/lib/python3.12/site-packages/airflow/example_dags/example_branch_python_dop_operator_3.py
[2024-11-19T12:19:56.203+0000] {processor.py:914} INFO - Processing file /home/airflow/.local/lib/python3.12/site-packages/airflow/example_dags/example_branch_python_dop_operator_3.py for tasks to queue
[2024-11-19T12:19:56.208+0000] {logging_mixin.py:190} INFO - [2024-11-19T12:19:56.208+0000] {dagbag.py:588} INFO - Filling up the DagBag from /home/airflow/.local/lib/python3.12/site-packages/airflow/example_dags/example_branch_python_dop_operator_3.py
[2024-11-19T12:19:56.262+0000] {processor.py:925} INFO - DAG(s) 'example_branch_dop_operator_v3' retrieved from /home/airflow/.local/lib/python3.12/site-packages/airflow/example_dags/example_branch_python_dop_operator_3.py
[2024-11-19T12:19:56.379+0000] {logging_mixin.py:190} INFO - [2024-11-19T12:19:56.379+0000] {dag.py:3239} INFO - Sync 1 DAGs
[2024-11-19T12:19:56.547+0000] {logging_mixin.py:190} INFO - [2024-11-19T12:19:56.547+0000] {dag.py:4180} INFO - Setting next_dagrun for example_branch_dop_operator_v3 to 2024-11-19 12:18:00+00:00, run_after=2024-11-19 12:19:00+00:00
[2024-11-19T12:19:56.597+0000] {processor.py:208} INFO - Processing /home/airflow/.local/lib/python3.12/site-packages/airflow/example_dags/example_branch_python_dop_operator_3.py took 0.433 seconds
[2024-11-19T12:20:26.991+0000] {processor.py:186} INFO - Started process (PID=177) to work on /home/airflow/.local/lib/python3.12/site-packages/airflow/example_dags/example_branch_python_dop_operator_3.py
[2024-11-19T12:20:26.991+0000] {processor.py:914} INFO - Processing file /home/airflow/.local/lib/python3.12/site-packages/airflow/example_dags/example_branch_python_dop_operator_3.py for tasks to queue
[2024-11-19T12:20:26.993+0000] {logging_mixin.py:190} INFO - [2024-11-19T12:20:26.993+0000] {dagbag.py:588} INFO - Filling up the DagBag from /home/airflow/.local/lib/python3.12/site-packages/airflow/example_dags/example_branch_python_dop_operator_3.py
[2024-11-19T12:20:27.004+0000] {processor.py:925} INFO - DAG(s) 'example_branch_dop_operator_v3' retrieved from /home/airflow/.local/lib/python3.12/site-packages/airflow/example_dags/example_branch_python_dop_operator_3.py
[2024-11-19T12:20:27.024+0000] {logging_mixin.py:190} INFO - [2024-11-19T12:20:27.024+0000] {dag.py:3239} INFO - Sync 1 DAGs
[2024-11-19T12:20:27.053+0000] {logging_mixin.py:190} INFO - [2024-11-19T12:20:27.053+0000] {dag.py:4180} INFO - Setting next_dagrun for example_branch_dop_operator_v3 to 2024-11-19 12:19:00+00:00, run_after=2024-11-19 12:20:00+00:00
[2024-11-19T12:20:27.087+0000] {processor.py:208} INFO - Processing /home/airflow/.local/lib/python3.12/site-packages/airflow/example_dags/example_branch_python_dop_operator_3.py took 0.102 seconds
[2024-11-19T12:20:57.630+0000] {processor.py:186} INFO - Started process (PID=241) to work on /home/airflow/.local/lib/python3.12/site-packages/airflow/example_dags/example_branch_python_dop_operator_3.py
[2024-11-19T12:20:57.631+0000] {processor.py:914} INFO - Processing file /home/airflow/.local/lib/python3.12/site-packages/airflow/example_dags/example_branch_python_dop_operator_3.py for tasks to queue
[2024-11-19T12:20:57.633+0000] {logging_mixin.py:190} INFO - [2024-11-19T12:20:57.633+0000] {dagbag.py:588} INFO - Filling up the DagBag from /home/airflow/.local/lib/python3.12/site-packages/airflow/example_dags/example_branch_python_dop_operator_3.py
[2024-11-19T12:20:57.644+0000] {processor.py:925} INFO - DAG(s) 'example_branch_dop_operator_v3' retrieved from /home/airflow/.local/lib/python3.12/site-packages/airflow/example_dags/example_branch_python_dop_operator_3.py
[2024-11-19T12:20:57.664+0000] {logging_mixin.py:190} INFO - [2024-11-19T12:20:57.664+0000] {dag.py:3239} INFO - Sync 1 DAGs
[2024-11-19T12:20:57.694+0000] {logging_mixin.py:190} INFO - [2024-11-19T12:20:57.694+0000] {dag.py:4180} INFO - Setting next_dagrun for example_branch_dop_operator_v3 to 2024-11-19 12:19:00+00:00, run_after=2024-11-19 12:20:00+00:00
[2024-11-19T12:20:57.721+0000] {processor.py:208} INFO - Processing /home/airflow/.local/lib/python3.12/site-packages/airflow/example_dags/example_branch_python_dop_operator_3.py took 0.097 seconds
[2024-11-19T12:21:28.048+0000] {processor.py:186} INFO - Started process (PID=305) to work on /home/airflow/.local/lib/python3.12/site-packages/airflow/example_dags/example_branch_python_dop_operator_3.py
[2024-11-19T12:21:28.049+0000] {processor.py:914} INFO - Processing file /home/airflow/.local/lib/python3.12/site-packages/airflow/example_dags/example_branch_python_dop_operator_3.py for tasks to queue
[2024-11-19T12:21:28.051+0000] {logging_mixin.py:190} INFO - [2024-11-19T12:21:28.050+0000] {dagbag.py:588} INFO - Filling up the DagBag from /home/airflow/.local/lib/python3.12/site-packages/airflow/example_dags/example_branch_python_dop_operator_3.py
[2024-11-19T12:21:28.061+0000] {processor.py:925} INFO - DAG(s) 'example_branch_dop_operator_v3' retrieved from /home/airflow/.local/lib/python3.12/site-packages/airflow/example_dags/example_branch_python_dop_operator_3.py
[2024-11-19T12:21:28.082+0000] {logging_mixin.py:190} INFO - [2024-11-19T12:21:28.082+0000] {dag.py:3239} INFO - Sync 1 DAGs
[2024-11-19T12:21:28.111+0000] {logging_mixin.py:190} INFO - [2024-11-19T12:21:28.110+0000] {dag.py:4180} INFO - Setting next_dagrun for example_branch_dop_operator_v3 to 2024-11-19 12:20:00+00:00, run_after=2024-11-19 12:21:00+00:00
[2024-11-19T12:21:28.149+0000] {processor.py:208} INFO - Processing /home/airflow/.local/lib/python3.12/site-packages/airflow/example_dags/example_branch_python_dop_operator_3.py took 0.106 seconds
[2024-11-19T12:21:58.306+0000] {processor.py:186} INFO - Started process (PID=370) to work on /home/airflow/.local/lib/python3.12/site-packages/airflow/example_dags/example_branch_python_dop_operator_3.py
[2024-11-19T12:21:58.307+0000] {processor.py:914} INFO - Processing file /home/airflow/.local/lib/python3.12/site-packages/airflow/example_dags/example_branch_python_dop_operator_3.py for tasks to queue
[2024-11-19T12:21:58.309+0000] {logging_mixin.py:190} INFO - [2024-11-19T12:21:58.309+0000] {dagbag.py:588} INFO - Filling up the DagBag from /home/airflow/.local/lib/python3.12/site-packages/airflow/example_dags/example_branch_python_dop_operator_3.py
[2024-11-19T12:21:58.320+0000] {processor.py:925} INFO - DAG(s) 'example_branch_dop_operator_v3' retrieved from /home/airflow/.local/lib/python3.12/site-packages/airflow/example_dags/example_branch_python_dop_operator_3.py
[2024-11-19T12:21:58.340+0000] {logging_mixin.py:190} INFO - [2024-11-19T12:21:58.340+0000] {dag.py:3239} INFO - Sync 1 DAGs
[2024-11-19T12:21:58.368+0000] {logging_mixin.py:190} INFO - [2024-11-19T12:21:58.368+0000] {dag.py:4180} INFO - Setting next_dagrun for example_branch_dop_operator_v3 to 2024-11-19 12:20:00+00:00, run_after=2024-11-19 12:21:00+00:00
[2024-11-19T12:21:58.401+0000] {processor.py:208} INFO - Processing /home/airflow/.local/lib/python3.12/site-packages/airflow/example_dags/example_branch_python_dop_operator_3.py took 0.100 seconds
[2024-11-19T12:22:29.416+0000] {processor.py:186} INFO - Started process (PID=435) to work on /home/airflow/.local/lib/python3.12/site-packages/airflow/example_dags/example_branch_python_dop_operator_3.py
[2024-11-19T12:22:29.416+0000] {processor.py:914} INFO - Processing file /home/airflow/.local/lib/python3.12/site-packages/airflow/example_dags/example_branch_python_dop_operator_3.py for tasks to queue
[2024-11-19T12:22:29.418+0000] {logging_mixin.py:190} INFO - [2024-11-19T12:22:29.418+0000] {dagbag.py:588} INFO - Filling up the DagBag from /home/airflow/.local/lib/python3.12/site-packages/airflow/example_dags/example_branch_python_dop_operator_3.py
[2024-11-19T12:22:29.430+0000] {processor.py:925} INFO - DAG(s) 'example_branch_dop_operator_v3' retrieved from /home/airflow/.local/lib/python3.12/site-packages/airflow/example_dags/example_branch_python_dop_operator_3.py
[2024-11-19T12:22:29.448+0000] {logging_mixin.py:190} INFO - [2024-11-19T12:22:29.448+0000] {dag.py:3239} INFO - Sync 1 DAGs
[2024-11-19T12:22:29.477+0000] {logging_mixin.py:190} INFO - [2024-11-19T12:22:29.477+0000] {dag.py:4180} INFO - Setting next_dagrun for example_branch_dop_operator_v3 to 2024-11-19 12:21:00+00:00, run_after=2024-11-19 12:22:00+00:00
[2024-11-19T12:22:29.500+0000] {processor.py:208} INFO - Processing /home/airflow/.local/lib/python3.12/site-packages/airflow/example_dags/example_branch_python_dop_operator_3.py took 0.090 seconds
[2024-11-19T12:23:03.087+0000] {processor.py:186} INFO - Started process (PID=505) to work on /home/airflow/.local/lib/python3.12/site-packages/airflow/example_dags/example_branch_python_dop_operator_3.py
[2024-11-19T12:23:03.094+0000] {processor.py:914} INFO - Processing file /home/airflow/.local/lib/python3.12/site-packages/airflow/example_dags/example_branch_python_dop_operator_3.py for tasks to queue
[2024-11-19T12:23:03.096+0000] {logging_mixin.py:190} INFO - [2024-11-19T12:23:03.096+0000] {dagbag.py:588} INFO - Filling up the DagBag from /home/airflow/.local/lib/python3.12/site-packages/airflow/example_dags/example_branch_python_dop_operator_3.py
[2024-11-19T12:23:03.133+0000] {processor.py:925} INFO - DAG(s) 'example_branch_dop_operator_v3' retrieved from /home/airflow/.local/lib/python3.12/site-packages/airflow/example_dags/example_branch_python_dop_operator_3.py
[2024-11-19T12:23:03.191+0000] {logging_mixin.py:190} INFO - [2024-11-19T12:23:03.190+0000] {dag.py:3239} INFO - Sync 1 DAGs
[2024-11-19T12:23:03.249+0000] {logging_mixin.py:190} INFO - [2024-11-19T12:23:03.249+0000] {dag.py:4180} INFO - Setting next_dagrun for example_branch_dop_operator_v3 to 2024-11-19 12:22:00+00:00, run_after=2024-11-19 12:23:00+00:00
[2024-11-19T12:23:03.312+0000] {processor.py:208} INFO - Processing /home/airflow/.local/lib/python3.12/site-packages/airflow/example_dags/example_branch_python_dop_operator_3.py took 0.244 seconds
[2024-11-19T12:23:34.386+0000] {processor.py:186} INFO - Started process (PID=568) to work on /home/airflow/.local/lib/python3.12/site-packages/airflow/example_dags/example_branch_python_dop_operator_3.py
[2024-11-19T12:23:34.390+0000] {processor.py:914} INFO - Processing file /home/airflow/.local/lib/python3.12/site-packages/airflow/example_dags/example_branch_python_dop_operator_3.py for tasks to queue
[2024-11-19T12:23:34.392+0000] {logging_mixin.py:190} INFO - [2024-11-19T12:23:34.392+0000] {dagbag.py:588} INFO - Filling up the DagBag from /home/airflow/.local/lib/python3.12/site-packages/airflow/example_dags/example_branch_python_dop_operator_3.py
[2024-11-19T12:23:34.414+0000] {processor.py:925} INFO - DAG(s) 'example_branch_dop_operator_v3' retrieved from /home/airflow/.local/lib/python3.12/site-packages/airflow/example_dags/example_branch_python_dop_operator_3.py
[2024-11-19T12:23:34.468+0000] {logging_mixin.py:190} INFO - [2024-11-19T12:23:34.457+0000] {dag.py:3239} INFO - Sync 1 DAGs
[2024-11-19T12:23:34.499+0000] {logging_mixin.py:190} INFO - [2024-11-19T12:23:34.498+0000] {dag.py:4180} INFO - Setting next_dagrun for example_branch_dop_operator_v3 to 2024-11-19 12:22:00+00:00, run_after=2024-11-19 12:23:00+00:00
[2024-11-19T12:23:34.556+0000] {processor.py:208} INFO - Processing /home/airflow/.local/lib/python3.12/site-packages/airflow/example_dags/example_branch_python_dop_operator_3.py took 0.183 seconds
[2024-11-19T12:24:05.664+0000] {processor.py:186} INFO - Started process (PID=633) to work on /home/airflow/.local/lib/python3.12/site-packages/airflow/example_dags/example_branch_python_dop_operator_3.py
[2024-11-19T12:24:05.665+0000] {processor.py:914} INFO - Processing file /home/airflow/.local/lib/python3.12/site-packages/airflow/example_dags/example_branch_python_dop_operator_3.py for tasks to queue
[2024-11-19T12:24:05.667+0000] {logging_mixin.py:190} INFO - [2024-11-19T12:24:05.666+0000] {dagbag.py:588} INFO - Filling up the DagBag from /home/airflow/.local/lib/python3.12/site-packages/airflow/example_dags/example_branch_python_dop_operator_3.py
[2024-11-19T12:24:05.677+0000] {processor.py:925} INFO - DAG(s) 'example_branch_dop_operator_v3' retrieved from /home/airflow/.local/lib/python3.12/site-packages/airflow/example_dags/example_branch_python_dop_operator_3.py
[2024-11-19T12:24:05.696+0000] {logging_mixin.py:190} INFO - [2024-11-19T12:24:05.696+0000] {dag.py:3239} INFO - Sync 1 DAGs
[2024-11-19T12:24:05.727+0000] {logging_mixin.py:190} INFO - [2024-11-19T12:24:05.727+0000] {dag.py:4180} INFO - Setting next_dagrun for example_branch_dop_operator_v3 to 2024-11-19 12:23:00+00:00, run_after=2024-11-19 12:24:00+00:00
[2024-11-19T12:24:05.751+0000] {processor.py:208} INFO - Processing /home/airflow/.local/lib/python3.12/site-packages/airflow/example_dags/example_branch_python_dop_operator_3.py took 0.091 seconds
[2024-11-19T12:24:37.369+0000] {processor.py:186} INFO - Started process (PID=697) to work on /home/airflow/.local/lib/python3.12/site-packages/airflow/example_dags/example_branch_python_dop_operator_3.py
[2024-11-19T12:24:37.369+0000] {processor.py:914} INFO - Processing file /home/airflow/.local/lib/python3.12/site-packages/airflow/example_dags/example_branch_python_dop_operator_3.py for tasks to queue
[2024-11-19T12:24:37.372+0000] {logging_mixin.py:190} INFO - [2024-11-19T12:24:37.371+0000] {dagbag.py:588} INFO - Filling up the DagBag from /home/airflow/.local/lib/python3.12/site-packages/airflow/example_dags/example_branch_python_dop_operator_3.py
[2024-11-19T12:24:37.383+0000] {processor.py:925} INFO - DAG(s) 'example_branch_dop_operator_v3' retrieved from /home/airflow/.local/lib/python3.12/site-packages/airflow/example_dags/example_branch_python_dop_operator_3.py
[2024-11-19T12:24:37.397+0000] {logging_mixin.py:190} INFO - [2024-11-19T12:24:37.397+0000] {dag.py:3239} INFO - Sync 1 DAGs
[2024-11-19T12:24:37.425+0000] {logging_mixin.py:190} INFO - [2024-11-19T12:24:37.425+0000] {dag.py:4180} INFO - Setting next_dagrun for example_branch_dop_operator_v3 to 2024-11-19 12:23:00+00:00, run_after=2024-11-19 12:24:00+00:00
[2024-11-19T12:24:37.450+0000] {processor.py:208} INFO - Processing /home/airflow/.local/lib/python3.12/site-packages/airflow/example_dags/example_branch_python_dop_operator_3.py took 0.087 seconds
[2024-11-19T12:25:09.152+0000] {processor.py:186} INFO - Started process (PID=762) to work on /home/airflow/.local/lib/python3.12/site-packages/airflow/example_dags/example_branch_python_dop_operator_3.py
[2024-11-19T12:25:09.152+0000] {processor.py:914} INFO - Processing file /home/airflow/.local/lib/python3.12/site-packages/airflow/example_dags/example_branch_python_dop_operator_3.py for tasks to queue
[2024-11-19T12:25:09.154+0000] {logging_mixin.py:190} INFO - [2024-11-19T12:25:09.154+0000] {dagbag.py:588} INFO - Filling up the DagBag from /home/airflow/.local/lib/python3.12/site-packages/airflow/example_dags/example_branch_python_dop_operator_3.py
[2024-11-19T12:25:09.164+0000] {processor.py:925} INFO - DAG(s) 'example_branch_dop_operator_v3' retrieved from /home/airflow/.local/lib/python3.12/site-packages/airflow/example_dags/example_branch_python_dop_operator_3.py
[2024-11-19T12:25:09.184+0000] {logging_mixin.py:190} INFO - [2024-11-19T12:25:09.184+0000] {dag.py:3239} INFO - Sync 1 DAGs
[2024-11-19T12:25:09.210+0000] {logging_mixin.py:190} INFO - [2024-11-19T12:25:09.210+0000] {dag.py:4180} INFO - Setting next_dagrun for example_branch_dop_operator_v3 to 2024-11-19 12:24:00+00:00, run_after=2024-11-19 12:25:00+00:00
[2024-11-19T12:25:09.231+0000] {processor.py:208} INFO - Processing /home/airflow/.local/lib/python3.12/site-packages/airflow/example_dags/example_branch_python_dop_operator_3.py took 0.085 seconds
[2024-11-19T12:25:40.715+0000] {processor.py:186} INFO - Started process (PID=827) to work on /home/airflow/.local/lib/python3.12/site-packages/airflow/example_dags/example_branch_python_dop_operator_3.py
[2024-11-19T12:25:40.717+0000] {processor.py:914} INFO - Processing file /home/airflow/.local/lib/python3.12/site-packages/airflow/example_dags/example_branch_python_dop_operator_3.py for tasks to queue
[2024-11-19T12:25:40.719+0000] {logging_mixin.py:190} INFO - [2024-11-19T12:25:40.719+0000] {dagbag.py:588} INFO - Filling up the DagBag from /home/airflow/.local/lib/python3.12/site-packages/airflow/example_dags/example_branch_python_dop_operator_3.py
[2024-11-19T12:25:40.730+0000] {processor.py:925} INFO - DAG(s) 'example_branch_dop_operator_v3' retrieved from /home/airflow/.local/lib/python3.12/site-packages/airflow/example_dags/example_branch_python_dop_operator_3.py
[2024-11-19T12:25:40.751+0000] {logging_mixin.py:190} INFO - [2024-11-19T12:25:40.750+0000] {dag.py:3239} INFO - Sync 1 DAGs
[2024-11-19T12:25:40.779+0000] {logging_mixin.py:190} INFO - [2024-11-19T12:25:40.779+0000] {dag.py:4180} INFO - Setting next_dagrun for example_branch_dop_operator_v3 to 2024-11-19 12:24:00+00:00, run_after=2024-11-19 12:25:00+00:00
[2024-11-19T12:25:40.827+0000] {processor.py:208} INFO - Processing /home/airflow/.local/lib/python3.12/site-packages/airflow/example_dags/example_branch_python_dop_operator_3.py took 0.119 seconds
[2024-11-19T12:26:12.265+0000] {processor.py:186} INFO - Started process (PID=891) to work on /home/airflow/.local/lib/python3.12/site-packages/airflow/example_dags/example_branch_python_dop_operator_3.py
[2024-11-19T12:26:12.265+0000] {processor.py:914} INFO - Processing file /home/airflow/.local/lib/python3.12/site-packages/airflow/example_dags/example_branch_python_dop_operator_3.py for tasks to queue
[2024-11-19T12:26:12.267+0000] {logging_mixin.py:190} INFO - [2024-11-19T12:26:12.267+0000] {dagbag.py:588} INFO - Filling up the DagBag from /home/airflow/.local/lib/python3.12/site-packages/airflow/example_dags/example_branch_python_dop_operator_3.py
[2024-11-19T12:26:12.278+0000] {processor.py:925} INFO - DAG(s) 'example_branch_dop_operator_v3' retrieved from /home/airflow/.local/lib/python3.12/site-packages/airflow/example_dags/example_branch_python_dop_operator_3.py
[2024-11-19T12:26:12.298+0000] {logging_mixin.py:190} INFO - [2024-11-19T12:26:12.298+0000] {dag.py:3239} INFO - Sync 1 DAGs
[2024-11-19T12:26:12.328+0000] {logging_mixin.py:190} INFO - [2024-11-19T12:26:12.328+0000] {dag.py:4180} INFO - Setting next_dagrun for example_branch_dop_operator_v3 to 2024-11-19 12:25:00+00:00, run_after=2024-11-19 12:26:00+00:00
[2024-11-19T12:26:12.353+0000] {processor.py:208} INFO - Processing /home/airflow/.local/lib/python3.12/site-packages/airflow/example_dags/example_branch_python_dop_operator_3.py took 0.095 seconds
[2024-11-19T12:26:43.802+0000] {processor.py:186} INFO - Started process (PID=955) to work on /home/airflow/.local/lib/python3.12/site-packages/airflow/example_dags/example_branch_python_dop_operator_3.py
[2024-11-19T12:26:43.803+0000] {processor.py:914} INFO - Processing file /home/airflow/.local/lib/python3.12/site-packages/airflow/example_dags/example_branch_python_dop_operator_3.py for tasks to queue
[2024-11-19T12:26:43.805+0000] {logging_mixin.py:190} INFO - [2024-11-19T12:26:43.805+0000] {dagbag.py:588} INFO - Filling up the DagBag from /home/airflow/.local/lib/python3.12/site-packages/airflow/example_dags/example_branch_python_dop_operator_3.py
[2024-11-19T12:26:43.835+0000] {processor.py:925} INFO - DAG(s) 'example_branch_dop_operator_v3' retrieved from /home/airflow/.local/lib/python3.12/site-packages/airflow/example_dags/example_branch_python_dop_operator_3.py
[2024-11-19T12:26:43.862+0000] {logging_mixin.py:190} INFO - [2024-11-19T12:26:43.862+0000] {dag.py:3239} INFO - Sync 1 DAGs
[2024-11-19T12:26:43.888+0000] {logging_mixin.py:190} INFO - [2024-11-19T12:26:43.888+0000] {dag.py:4180} INFO - Setting next_dagrun for example_branch_dop_operator_v3 to 2024-11-19 12:25:00+00:00, run_after=2024-11-19 12:26:00+00:00
[2024-11-19T12:26:43.910+0000] {processor.py:208} INFO - Processing /home/airflow/.local/lib/python3.12/site-packages/airflow/example_dags/example_branch_python_dop_operator_3.py took 0.128 seconds
[2024-11-19T12:27:14.974+0000] {processor.py:186} INFO - Started process (PID=1019) to work on /home/airflow/.local/lib/python3.12/site-packages/airflow/example_dags/example_branch_python_dop_operator_3.py
[2024-11-19T12:27:14.975+0000] {processor.py:914} INFO - Processing file /home/airflow/.local/lib/python3.12/site-packages/airflow/example_dags/example_branch_python_dop_operator_3.py for tasks to queue
[2024-11-19T12:27:14.977+0000] {logging_mixin.py:190} INFO - [2024-11-19T12:27:14.976+0000] {dagbag.py:588} INFO - Filling up the DagBag from /home/airflow/.local/lib/python3.12/site-packages/airflow/example_dags/example_branch_python_dop_operator_3.py
[2024-11-19T12:27:14.988+0000] {processor.py:925} INFO - DAG(s) 'example_branch_dop_operator_v3' retrieved from /home/airflow/.local/lib/python3.12/site-packages/airflow/example_dags/example_branch_python_dop_operator_3.py
[2024-11-19T12:27:15.007+0000] {logging_mixin.py:190} INFO - [2024-11-19T12:27:15.006+0000] {dag.py:3239} INFO - Sync 1 DAGs
[2024-11-19T12:27:15.038+0000] {logging_mixin.py:190} INFO - [2024-11-19T12:27:15.038+0000] {dag.py:4180} INFO - Setting next_dagrun for example_branch_dop_operator_v3 to 2024-11-19 12:26:00+00:00, run_after=2024-11-19 12:27:00+00:00
[2024-11-19T12:27:15.060+0000] {processor.py:208} INFO - Processing /home/airflow/.local/lib/python3.12/site-packages/airflow/example_dags/example_branch_python_dop_operator_3.py took 0.091 seconds
