[2024-11-19T12:04:10.349+0000] {processor.py:186} INFO - Started process (PID=95) to work on /home/airflow/.local/lib/python3.12/site-packages/airflow/example_dags/example_subdag_operator.py
[2024-11-19T12:04:10.349+0000] {processor.py:914} INFO - Processing file /home/airflow/.local/lib/python3.12/site-packages/airflow/example_dags/example_subdag_operator.py for tasks to queue
[2024-11-19T12:04:10.353+0000] {logging_mixin.py:190} INFO - [2024-11-19T12:04:10.352+0000] {dagbag.py:588} INFO - Filling up the DagBag from /home/airflow/.local/lib/python3.12/site-packages/airflow/example_dags/example_subdag_operator.py
[2024-11-19T12:04:10.504+0000] {processor.py:925} INFO - DAG(s) 'example_subdag_operator.section-1', 'example_subdag_operator.section-2', 'example_subdag_operator' retrieved from /home/airflow/.local/lib/python3.12/site-packages/airflow/example_dags/example_subdag_operator.py
[2024-11-19T12:04:10.606+0000] {logging_mixin.py:190} INFO - [2024-11-19T12:04:10.605+0000] {dag.py:3239} INFO - Sync 3 DAGs
[2024-11-19T12:04:10.693+0000] {logging_mixin.py:190} INFO - [2024-11-19T12:04:10.693+0000] {dag.py:4180} INFO - Setting next_dagrun for example_subdag_operator to 2022-01-01 00:00:00+00:00, run_after=2022-01-01 00:00:00+00:00
[2024-11-19T12:04:10.707+0000] {logging_mixin.py:190} INFO - [2024-11-19T12:04:10.707+0000] {dag.py:4180} INFO - Setting next_dagrun for example_subdag_operator.section-1 to None, run_after=None
[2024-11-19T12:04:10.715+0000] {logging_mixin.py:190} INFO - [2024-11-19T12:04:10.715+0000] {dag.py:4180} INFO - Setting next_dagrun for example_subdag_operator.section-2 to None, run_after=None
[2024-11-19T12:04:10.741+0000] {logging_mixin.py:190} INFO - [2024-11-19T12:04:10.741+0000] {dag.py:3239} INFO - Sync 2 DAGs
[2024-11-19T12:04:10.757+0000] {logging_mixin.py:190} INFO - [2024-11-19T12:04:10.757+0000] {dag.py:4180} INFO - Setting next_dagrun for example_subdag_operator.section-1 to None, run_after=None
[2024-11-19T12:04:10.759+0000] {logging_mixin.py:190} INFO - [2024-11-19T12:04:10.759+0000] {dag.py:4180} INFO - Setting next_dagrun for example_subdag_operator.section-2 to None, run_after=None
[2024-11-19T12:04:10.788+0000] {processor.py:208} INFO - Processing /home/airflow/.local/lib/python3.12/site-packages/airflow/example_dags/example_subdag_operator.py took 0.456 seconds
[2024-11-19T12:04:43.025+0000] {processor.py:186} INFO - Started process (PID=159) to work on /home/airflow/.local/lib/python3.12/site-packages/airflow/example_dags/example_subdag_operator.py
[2024-11-19T12:04:43.026+0000] {processor.py:914} INFO - Processing file /home/airflow/.local/lib/python3.12/site-packages/airflow/example_dags/example_subdag_operator.py for tasks to queue
[2024-11-19T12:04:43.028+0000] {logging_mixin.py:190} INFO - [2024-11-19T12:04:43.028+0000] {dagbag.py:588} INFO - Filling up the DagBag from /home/airflow/.local/lib/python3.12/site-packages/airflow/example_dags/example_subdag_operator.py
[2024-11-19T12:04:43.061+0000] {processor.py:925} INFO - DAG(s) 'example_subdag_operator.section-1', 'example_subdag_operator.section-2', 'example_subdag_operator' retrieved from /home/airflow/.local/lib/python3.12/site-packages/airflow/example_dags/example_subdag_operator.py
[2024-11-19T12:04:43.108+0000] {logging_mixin.py:190} INFO - [2024-11-19T12:04:43.107+0000] {dag.py:3239} INFO - Sync 3 DAGs
[2024-11-19T12:04:43.163+0000] {logging_mixin.py:190} INFO - [2024-11-19T12:04:43.160+0000] {dag.py:4180} INFO - Setting next_dagrun for example_subdag_operator to 2022-01-01 00:00:00+00:00, run_after=2022-01-01 00:00:00+00:00
[2024-11-19T12:04:43.171+0000] {logging_mixin.py:190} INFO - [2024-11-19T12:04:43.171+0000] {dag.py:4180} INFO - Setting next_dagrun for example_subdag_operator.section-1 to None, run_after=None
[2024-11-19T12:04:43.172+0000] {logging_mixin.py:190} INFO - [2024-11-19T12:04:43.172+0000] {dag.py:4180} INFO - Setting next_dagrun for example_subdag_operator.section-2 to None, run_after=None
[2024-11-19T12:04:43.184+0000] {logging_mixin.py:190} INFO - [2024-11-19T12:04:43.184+0000] {dag.py:3239} INFO - Sync 2 DAGs
[2024-11-19T12:04:43.198+0000] {logging_mixin.py:190} INFO - [2024-11-19T12:04:43.198+0000] {dag.py:4180} INFO - Setting next_dagrun for example_subdag_operator.section-1 to None, run_after=None
[2024-11-19T12:04:43.199+0000] {logging_mixin.py:190} INFO - [2024-11-19T12:04:43.199+0000] {dag.py:4180} INFO - Setting next_dagrun for example_subdag_operator.section-2 to None, run_after=None
[2024-11-19T12:04:43.228+0000] {processor.py:208} INFO - Processing /home/airflow/.local/lib/python3.12/site-packages/airflow/example_dags/example_subdag_operator.py took 0.210 seconds
[2024-11-19T12:05:17.323+0000] {processor.py:186} INFO - Started process (PID=223) to work on /home/airflow/.local/lib/python3.12/site-packages/airflow/example_dags/example_subdag_operator.py
[2024-11-19T12:05:17.324+0000] {processor.py:914} INFO - Processing file /home/airflow/.local/lib/python3.12/site-packages/airflow/example_dags/example_subdag_operator.py for tasks to queue
[2024-11-19T12:05:17.326+0000] {logging_mixin.py:190} INFO - [2024-11-19T12:05:17.326+0000] {dagbag.py:588} INFO - Filling up the DagBag from /home/airflow/.local/lib/python3.12/site-packages/airflow/example_dags/example_subdag_operator.py
[2024-11-19T12:05:17.361+0000] {processor.py:925} INFO - DAG(s) 'example_subdag_operator.section-1', 'example_subdag_operator.section-2', 'example_subdag_operator' retrieved from /home/airflow/.local/lib/python3.12/site-packages/airflow/example_dags/example_subdag_operator.py
[2024-11-19T12:05:17.396+0000] {logging_mixin.py:190} INFO - [2024-11-19T12:05:17.396+0000] {dag.py:3239} INFO - Sync 3 DAGs
[2024-11-19T12:05:17.424+0000] {logging_mixin.py:190} INFO - [2024-11-19T12:05:17.424+0000] {dag.py:4180} INFO - Setting next_dagrun for example_subdag_operator to 2022-01-01 00:00:00+00:00, run_after=2022-01-01 00:00:00+00:00
[2024-11-19T12:05:17.428+0000] {logging_mixin.py:190} INFO - [2024-11-19T12:05:17.428+0000] {dag.py:4180} INFO - Setting next_dagrun for example_subdag_operator.section-1 to None, run_after=None
[2024-11-19T12:05:17.430+0000] {logging_mixin.py:190} INFO - [2024-11-19T12:05:17.430+0000] {dag.py:4180} INFO - Setting next_dagrun for example_subdag_operator.section-2 to None, run_after=None
[2024-11-19T12:05:17.438+0000] {logging_mixin.py:190} INFO - [2024-11-19T12:05:17.437+0000] {dag.py:3239} INFO - Sync 2 DAGs
[2024-11-19T12:05:17.445+0000] {logging_mixin.py:190} INFO - [2024-11-19T12:05:17.445+0000] {dag.py:4180} INFO - Setting next_dagrun for example_subdag_operator.section-1 to None, run_after=None
[2024-11-19T12:05:17.445+0000] {logging_mixin.py:190} INFO - [2024-11-19T12:05:17.445+0000] {dag.py:4180} INFO - Setting next_dagrun for example_subdag_operator.section-2 to None, run_after=None
[2024-11-19T12:05:17.472+0000] {processor.py:208} INFO - Processing /home/airflow/.local/lib/python3.12/site-packages/airflow/example_dags/example_subdag_operator.py took 0.155 seconds
[2024-11-19T12:05:48.805+0000] {processor.py:186} INFO - Started process (PID=288) to work on /home/airflow/.local/lib/python3.12/site-packages/airflow/example_dags/example_subdag_operator.py
[2024-11-19T12:05:48.806+0000] {processor.py:914} INFO - Processing file /home/airflow/.local/lib/python3.12/site-packages/airflow/example_dags/example_subdag_operator.py for tasks to queue
[2024-11-19T12:05:48.808+0000] {logging_mixin.py:190} INFO - [2024-11-19T12:05:48.808+0000] {dagbag.py:588} INFO - Filling up the DagBag from /home/airflow/.local/lib/python3.12/site-packages/airflow/example_dags/example_subdag_operator.py
[2024-11-19T12:05:48.835+0000] {processor.py:925} INFO - DAG(s) 'example_subdag_operator.section-1', 'example_subdag_operator.section-2', 'example_subdag_operator' retrieved from /home/airflow/.local/lib/python3.12/site-packages/airflow/example_dags/example_subdag_operator.py
[2024-11-19T12:05:48.852+0000] {logging_mixin.py:190} INFO - [2024-11-19T12:05:48.852+0000] {dag.py:3239} INFO - Sync 3 DAGs
[2024-11-19T12:05:48.876+0000] {logging_mixin.py:190} INFO - [2024-11-19T12:05:48.876+0000] {dag.py:4180} INFO - Setting next_dagrun for example_subdag_operator to 2022-01-01 00:00:00+00:00, run_after=2022-01-01 00:00:00+00:00
[2024-11-19T12:05:48.880+0000] {logging_mixin.py:190} INFO - [2024-11-19T12:05:48.880+0000] {dag.py:4180} INFO - Setting next_dagrun for example_subdag_operator.section-1 to None, run_after=None
[2024-11-19T12:05:48.882+0000] {logging_mixin.py:190} INFO - [2024-11-19T12:05:48.881+0000] {dag.py:4180} INFO - Setting next_dagrun for example_subdag_operator.section-2 to None, run_after=None
[2024-11-19T12:05:48.888+0000] {logging_mixin.py:190} INFO - [2024-11-19T12:05:48.888+0000] {dag.py:3239} INFO - Sync 2 DAGs
[2024-11-19T12:05:48.893+0000] {logging_mixin.py:190} INFO - [2024-11-19T12:05:48.893+0000] {dag.py:4180} INFO - Setting next_dagrun for example_subdag_operator.section-1 to None, run_after=None
[2024-11-19T12:05:48.894+0000] {logging_mixin.py:190} INFO - [2024-11-19T12:05:48.894+0000] {dag.py:4180} INFO - Setting next_dagrun for example_subdag_operator.section-2 to None, run_after=None
[2024-11-19T12:05:48.910+0000] {processor.py:208} INFO - Processing /home/airflow/.local/lib/python3.12/site-packages/airflow/example_dags/example_subdag_operator.py took 0.112 seconds
[2024-11-19T12:06:20.362+0000] {processor.py:186} INFO - Started process (PID=353) to work on /home/airflow/.local/lib/python3.12/site-packages/airflow/example_dags/example_subdag_operator.py
[2024-11-19T12:06:20.363+0000] {processor.py:914} INFO - Processing file /home/airflow/.local/lib/python3.12/site-packages/airflow/example_dags/example_subdag_operator.py for tasks to queue
[2024-11-19T12:06:20.365+0000] {logging_mixin.py:190} INFO - [2024-11-19T12:06:20.365+0000] {dagbag.py:588} INFO - Filling up the DagBag from /home/airflow/.local/lib/python3.12/site-packages/airflow/example_dags/example_subdag_operator.py
[2024-11-19T12:06:20.388+0000] {processor.py:925} INFO - DAG(s) 'example_subdag_operator.section-1', 'example_subdag_operator.section-2', 'example_subdag_operator' retrieved from /home/airflow/.local/lib/python3.12/site-packages/airflow/example_dags/example_subdag_operator.py
[2024-11-19T12:06:20.405+0000] {logging_mixin.py:190} INFO - [2024-11-19T12:06:20.405+0000] {dag.py:3239} INFO - Sync 3 DAGs
[2024-11-19T12:06:20.431+0000] {logging_mixin.py:190} INFO - [2024-11-19T12:06:20.431+0000] {dag.py:4180} INFO - Setting next_dagrun for example_subdag_operator to 2022-01-01 00:00:00+00:00, run_after=2022-01-01 00:00:00+00:00
[2024-11-19T12:06:20.435+0000] {logging_mixin.py:190} INFO - [2024-11-19T12:06:20.435+0000] {dag.py:4180} INFO - Setting next_dagrun for example_subdag_operator.section-1 to None, run_after=None
[2024-11-19T12:06:20.436+0000] {logging_mixin.py:190} INFO - [2024-11-19T12:06:20.436+0000] {dag.py:4180} INFO - Setting next_dagrun for example_subdag_operator.section-2 to None, run_after=None
[2024-11-19T12:06:20.442+0000] {logging_mixin.py:190} INFO - [2024-11-19T12:06:20.442+0000] {dag.py:3239} INFO - Sync 2 DAGs
[2024-11-19T12:06:20.450+0000] {logging_mixin.py:190} INFO - [2024-11-19T12:06:20.449+0000] {dag.py:4180} INFO - Setting next_dagrun for example_subdag_operator.section-1 to None, run_after=None
[2024-11-19T12:06:20.450+0000] {logging_mixin.py:190} INFO - [2024-11-19T12:06:20.450+0000] {dag.py:4180} INFO - Setting next_dagrun for example_subdag_operator.section-2 to None, run_after=None
[2024-11-19T12:06:20.473+0000] {processor.py:208} INFO - Processing /home/airflow/.local/lib/python3.12/site-packages/airflow/example_dags/example_subdag_operator.py took 0.113 seconds
[2024-11-19T12:06:51.489+0000] {processor.py:186} INFO - Started process (PID=417) to work on /home/airflow/.local/lib/python3.12/site-packages/airflow/example_dags/example_subdag_operator.py
[2024-11-19T12:06:51.489+0000] {processor.py:914} INFO - Processing file /home/airflow/.local/lib/python3.12/site-packages/airflow/example_dags/example_subdag_operator.py for tasks to queue
[2024-11-19T12:06:51.491+0000] {logging_mixin.py:190} INFO - [2024-11-19T12:06:51.491+0000] {dagbag.py:588} INFO - Filling up the DagBag from /home/airflow/.local/lib/python3.12/site-packages/airflow/example_dags/example_subdag_operator.py
[2024-11-19T12:06:51.519+0000] {processor.py:925} INFO - DAG(s) 'example_subdag_operator.section-1', 'example_subdag_operator.section-2', 'example_subdag_operator' retrieved from /home/airflow/.local/lib/python3.12/site-packages/airflow/example_dags/example_subdag_operator.py
[2024-11-19T12:06:51.536+0000] {logging_mixin.py:190} INFO - [2024-11-19T12:06:51.536+0000] {dag.py:3239} INFO - Sync 3 DAGs
[2024-11-19T12:06:51.562+0000] {logging_mixin.py:190} INFO - [2024-11-19T12:06:51.562+0000] {dag.py:4180} INFO - Setting next_dagrun for example_subdag_operator to 2022-01-01 00:00:00+00:00, run_after=2022-01-01 00:00:00+00:00
[2024-11-19T12:06:51.566+0000] {logging_mixin.py:190} INFO - [2024-11-19T12:06:51.566+0000] {dag.py:4180} INFO - Setting next_dagrun for example_subdag_operator.section-1 to None, run_after=None
[2024-11-19T12:06:51.567+0000] {logging_mixin.py:190} INFO - [2024-11-19T12:06:51.567+0000] {dag.py:4180} INFO - Setting next_dagrun for example_subdag_operator.section-2 to None, run_after=None
[2024-11-19T12:06:51.574+0000] {logging_mixin.py:190} INFO - [2024-11-19T12:06:51.574+0000] {dag.py:3239} INFO - Sync 2 DAGs
[2024-11-19T12:06:51.580+0000] {logging_mixin.py:190} INFO - [2024-11-19T12:06:51.580+0000] {dag.py:4180} INFO - Setting next_dagrun for example_subdag_operator.section-1 to None, run_after=None
[2024-11-19T12:06:51.581+0000] {logging_mixin.py:190} INFO - [2024-11-19T12:06:51.581+0000] {dag.py:4180} INFO - Setting next_dagrun for example_subdag_operator.section-2 to None, run_after=None
[2024-11-19T12:06:51.599+0000] {processor.py:208} INFO - Processing /home/airflow/.local/lib/python3.12/site-packages/airflow/example_dags/example_subdag_operator.py took 0.119 seconds
[2024-11-19T12:07:24.147+0000] {processor.py:186} INFO - Started process (PID=482) to work on /home/airflow/.local/lib/python3.12/site-packages/airflow/example_dags/example_subdag_operator.py
[2024-11-19T12:07:24.149+0000] {processor.py:914} INFO - Processing file /home/airflow/.local/lib/python3.12/site-packages/airflow/example_dags/example_subdag_operator.py for tasks to queue
[2024-11-19T12:07:24.154+0000] {logging_mixin.py:190} INFO - [2024-11-19T12:07:24.154+0000] {dagbag.py:588} INFO - Filling up the DagBag from /home/airflow/.local/lib/python3.12/site-packages/airflow/example_dags/example_subdag_operator.py
[2024-11-19T12:07:24.207+0000] {processor.py:925} INFO - DAG(s) 'example_subdag_operator.section-1', 'example_subdag_operator.section-2', 'example_subdag_operator' retrieved from /home/airflow/.local/lib/python3.12/site-packages/airflow/example_dags/example_subdag_operator.py
[2024-11-19T12:07:24.241+0000] {logging_mixin.py:190} INFO - [2024-11-19T12:07:24.240+0000] {dag.py:3239} INFO - Sync 3 DAGs
[2024-11-19T12:07:24.267+0000] {logging_mixin.py:190} INFO - [2024-11-19T12:07:24.267+0000] {dag.py:4180} INFO - Setting next_dagrun for example_subdag_operator to 2022-01-01 00:00:00+00:00, run_after=2022-01-01 00:00:00+00:00
[2024-11-19T12:07:24.272+0000] {logging_mixin.py:190} INFO - [2024-11-19T12:07:24.271+0000] {dag.py:4180} INFO - Setting next_dagrun for example_subdag_operator.section-1 to None, run_after=None
[2024-11-19T12:07:24.274+0000] {logging_mixin.py:190} INFO - [2024-11-19T12:07:24.274+0000] {dag.py:4180} INFO - Setting next_dagrun for example_subdag_operator.section-2 to None, run_after=None
[2024-11-19T12:07:24.281+0000] {logging_mixin.py:190} INFO - [2024-11-19T12:07:24.281+0000] {dag.py:3239} INFO - Sync 2 DAGs
[2024-11-19T12:07:24.286+0000] {logging_mixin.py:190} INFO - [2024-11-19T12:07:24.286+0000] {dag.py:4180} INFO - Setting next_dagrun for example_subdag_operator.section-1 to None, run_after=None
[2024-11-19T12:07:24.286+0000] {logging_mixin.py:190} INFO - [2024-11-19T12:07:24.286+0000] {dag.py:4180} INFO - Setting next_dagrun for example_subdag_operator.section-2 to None, run_after=None
[2024-11-19T12:07:24.521+0000] {processor.py:208} INFO - Processing /home/airflow/.local/lib/python3.12/site-packages/airflow/example_dags/example_subdag_operator.py took 0.399 seconds
[2024-11-19T12:07:56.081+0000] {processor.py:186} INFO - Started process (PID=547) to work on /home/airflow/.local/lib/python3.12/site-packages/airflow/example_dags/example_subdag_operator.py
[2024-11-19T12:07:56.094+0000] {processor.py:914} INFO - Processing file /home/airflow/.local/lib/python3.12/site-packages/airflow/example_dags/example_subdag_operator.py for tasks to queue
[2024-11-19T12:07:56.103+0000] {logging_mixin.py:190} INFO - [2024-11-19T12:07:56.103+0000] {dagbag.py:588} INFO - Filling up the DagBag from /home/airflow/.local/lib/python3.12/site-packages/airflow/example_dags/example_subdag_operator.py
[2024-11-19T12:07:56.181+0000] {processor.py:925} INFO - DAG(s) 'example_subdag_operator.section-1', 'example_subdag_operator.section-2', 'example_subdag_operator' retrieved from /home/airflow/.local/lib/python3.12/site-packages/airflow/example_dags/example_subdag_operator.py
[2024-11-19T12:07:56.248+0000] {logging_mixin.py:190} INFO - [2024-11-19T12:07:56.246+0000] {dag.py:3239} INFO - Sync 3 DAGs
[2024-11-19T12:07:56.334+0000] {logging_mixin.py:190} INFO - [2024-11-19T12:07:56.334+0000] {dag.py:4180} INFO - Setting next_dagrun for example_subdag_operator to 2022-01-01 00:00:00+00:00, run_after=2022-01-01 00:00:00+00:00
[2024-11-19T12:07:56.353+0000] {logging_mixin.py:190} INFO - [2024-11-19T12:07:56.353+0000] {dag.py:4180} INFO - Setting next_dagrun for example_subdag_operator.section-1 to None, run_after=None
[2024-11-19T12:07:56.377+0000] {logging_mixin.py:190} INFO - [2024-11-19T12:07:56.377+0000] {dag.py:4180} INFO - Setting next_dagrun for example_subdag_operator.section-2 to None, run_after=None
[2024-11-19T12:07:56.412+0000] {logging_mixin.py:190} INFO - [2024-11-19T12:07:56.412+0000] {dag.py:3239} INFO - Sync 2 DAGs
[2024-11-19T12:07:56.468+0000] {logging_mixin.py:190} INFO - [2024-11-19T12:07:56.468+0000] {dag.py:4180} INFO - Setting next_dagrun for example_subdag_operator.section-1 to None, run_after=None
[2024-11-19T12:07:56.470+0000] {logging_mixin.py:190} INFO - [2024-11-19T12:07:56.470+0000] {dag.py:4180} INFO - Setting next_dagrun for example_subdag_operator.section-2 to None, run_after=None
[2024-11-19T12:07:56.527+0000] {processor.py:208} INFO - Processing /home/airflow/.local/lib/python3.12/site-packages/airflow/example_dags/example_subdag_operator.py took 0.452 seconds
[2024-11-19T12:08:26.741+0000] {processor.py:186} INFO - Started process (PID=610) to work on /home/airflow/.local/lib/python3.12/site-packages/airflow/example_dags/example_subdag_operator.py
[2024-11-19T12:08:26.742+0000] {processor.py:914} INFO - Processing file /home/airflow/.local/lib/python3.12/site-packages/airflow/example_dags/example_subdag_operator.py for tasks to queue
[2024-11-19T12:08:26.744+0000] {logging_mixin.py:190} INFO - [2024-11-19T12:08:26.743+0000] {dagbag.py:588} INFO - Filling up the DagBag from /home/airflow/.local/lib/python3.12/site-packages/airflow/example_dags/example_subdag_operator.py
[2024-11-19T12:08:26.769+0000] {processor.py:925} INFO - DAG(s) 'example_subdag_operator.section-1', 'example_subdag_operator.section-2', 'example_subdag_operator' retrieved from /home/airflow/.local/lib/python3.12/site-packages/airflow/example_dags/example_subdag_operator.py
[2024-11-19T12:08:26.786+0000] {logging_mixin.py:190} INFO - [2024-11-19T12:08:26.786+0000] {dag.py:3239} INFO - Sync 3 DAGs
[2024-11-19T12:08:26.812+0000] {logging_mixin.py:190} INFO - [2024-11-19T12:08:26.812+0000] {dag.py:4180} INFO - Setting next_dagrun for example_subdag_operator to 2022-01-01 00:00:00+00:00, run_after=2022-01-01 00:00:00+00:00
[2024-11-19T12:08:26.816+0000] {logging_mixin.py:190} INFO - [2024-11-19T12:08:26.816+0000] {dag.py:4180} INFO - Setting next_dagrun for example_subdag_operator.section-1 to None, run_after=None
[2024-11-19T12:08:26.818+0000] {logging_mixin.py:190} INFO - [2024-11-19T12:08:26.818+0000] {dag.py:4180} INFO - Setting next_dagrun for example_subdag_operator.section-2 to None, run_after=None
[2024-11-19T12:08:26.825+0000] {logging_mixin.py:190} INFO - [2024-11-19T12:08:26.824+0000] {dag.py:3239} INFO - Sync 2 DAGs
[2024-11-19T12:08:26.830+0000] {logging_mixin.py:190} INFO - [2024-11-19T12:08:26.830+0000] {dag.py:4180} INFO - Setting next_dagrun for example_subdag_operator.section-1 to None, run_after=None
[2024-11-19T12:08:26.831+0000] {logging_mixin.py:190} INFO - [2024-11-19T12:08:26.831+0000] {dag.py:4180} INFO - Setting next_dagrun for example_subdag_operator.section-2 to None, run_after=None
[2024-11-19T12:08:26.848+0000] {processor.py:208} INFO - Processing /home/airflow/.local/lib/python3.12/site-packages/airflow/example_dags/example_subdag_operator.py took 0.113 seconds
[2024-11-19T12:08:57.423+0000] {processor.py:186} INFO - Started process (PID=674) to work on /home/airflow/.local/lib/python3.12/site-packages/airflow/example_dags/example_subdag_operator.py
[2024-11-19T12:08:57.424+0000] {processor.py:914} INFO - Processing file /home/airflow/.local/lib/python3.12/site-packages/airflow/example_dags/example_subdag_operator.py for tasks to queue
[2024-11-19T12:08:57.426+0000] {logging_mixin.py:190} INFO - [2024-11-19T12:08:57.425+0000] {dagbag.py:588} INFO - Filling up the DagBag from /home/airflow/.local/lib/python3.12/site-packages/airflow/example_dags/example_subdag_operator.py
[2024-11-19T12:08:57.452+0000] {processor.py:925} INFO - DAG(s) 'example_subdag_operator.section-1', 'example_subdag_operator.section-2', 'example_subdag_operator' retrieved from /home/airflow/.local/lib/python3.12/site-packages/airflow/example_dags/example_subdag_operator.py
[2024-11-19T12:08:57.471+0000] {logging_mixin.py:190} INFO - [2024-11-19T12:08:57.471+0000] {dag.py:3239} INFO - Sync 3 DAGs
[2024-11-19T12:08:57.497+0000] {logging_mixin.py:190} INFO - [2024-11-19T12:08:57.496+0000] {dag.py:4180} INFO - Setting next_dagrun for example_subdag_operator to 2022-01-01 00:00:00+00:00, run_after=2022-01-01 00:00:00+00:00
[2024-11-19T12:08:57.500+0000] {logging_mixin.py:190} INFO - [2024-11-19T12:08:57.500+0000] {dag.py:4180} INFO - Setting next_dagrun for example_subdag_operator.section-1 to None, run_after=None
[2024-11-19T12:08:57.504+0000] {logging_mixin.py:190} INFO - [2024-11-19T12:08:57.503+0000] {dag.py:4180} INFO - Setting next_dagrun for example_subdag_operator.section-2 to None, run_after=None
[2024-11-19T12:08:57.510+0000] {logging_mixin.py:190} INFO - [2024-11-19T12:08:57.510+0000] {dag.py:3239} INFO - Sync 2 DAGs
[2024-11-19T12:08:57.516+0000] {logging_mixin.py:190} INFO - [2024-11-19T12:08:57.515+0000] {dag.py:4180} INFO - Setting next_dagrun for example_subdag_operator.section-1 to None, run_after=None
[2024-11-19T12:08:57.516+0000] {logging_mixin.py:190} INFO - [2024-11-19T12:08:57.516+0000] {dag.py:4180} INFO - Setting next_dagrun for example_subdag_operator.section-2 to None, run_after=None
[2024-11-19T12:08:57.533+0000] {processor.py:208} INFO - Processing /home/airflow/.local/lib/python3.12/site-packages/airflow/example_dags/example_subdag_operator.py took 0.115 seconds
[2024-11-19T12:09:27.668+0000] {processor.py:186} INFO - Started process (PID=743) to work on /home/airflow/.local/lib/python3.12/site-packages/airflow/example_dags/example_subdag_operator.py
[2024-11-19T12:09:27.669+0000] {processor.py:914} INFO - Processing file /home/airflow/.local/lib/python3.12/site-packages/airflow/example_dags/example_subdag_operator.py for tasks to queue
[2024-11-19T12:09:27.671+0000] {logging_mixin.py:190} INFO - [2024-11-19T12:09:27.671+0000] {dagbag.py:588} INFO - Filling up the DagBag from /home/airflow/.local/lib/python3.12/site-packages/airflow/example_dags/example_subdag_operator.py
[2024-11-19T12:09:27.701+0000] {processor.py:925} INFO - DAG(s) 'example_subdag_operator.section-1', 'example_subdag_operator.section-2', 'example_subdag_operator' retrieved from /home/airflow/.local/lib/python3.12/site-packages/airflow/example_dags/example_subdag_operator.py
[2024-11-19T12:09:27.718+0000] {logging_mixin.py:190} INFO - [2024-11-19T12:09:27.718+0000] {dag.py:3239} INFO - Sync 3 DAGs
[2024-11-19T12:09:27.766+0000] {logging_mixin.py:190} INFO - [2024-11-19T12:09:27.766+0000] {dag.py:4180} INFO - Setting next_dagrun for example_subdag_operator to 2022-01-01 00:00:00+00:00, run_after=2022-01-01 00:00:00+00:00
[2024-11-19T12:09:27.778+0000] {logging_mixin.py:190} INFO - [2024-11-19T12:09:27.778+0000] {dag.py:4180} INFO - Setting next_dagrun for example_subdag_operator.section-1 to None, run_after=None
[2024-11-19T12:09:27.782+0000] {logging_mixin.py:190} INFO - [2024-11-19T12:09:27.782+0000] {dag.py:4180} INFO - Setting next_dagrun for example_subdag_operator.section-2 to None, run_after=None
[2024-11-19T12:09:27.800+0000] {logging_mixin.py:190} INFO - [2024-11-19T12:09:27.800+0000] {dag.py:3239} INFO - Sync 2 DAGs
[2024-11-19T12:09:27.812+0000] {logging_mixin.py:190} INFO - [2024-11-19T12:09:27.811+0000] {dag.py:4180} INFO - Setting next_dagrun for example_subdag_operator.section-1 to None, run_after=None
[2024-11-19T12:09:27.812+0000] {logging_mixin.py:190} INFO - [2024-11-19T12:09:27.812+0000] {dag.py:4180} INFO - Setting next_dagrun for example_subdag_operator.section-2 to None, run_after=None
[2024-11-19T12:09:27.845+0000] {processor.py:208} INFO - Processing /home/airflow/.local/lib/python3.12/site-packages/airflow/example_dags/example_subdag_operator.py took 0.183 seconds
[2024-11-19T12:09:58.329+0000] {processor.py:186} INFO - Started process (PID=808) to work on /home/airflow/.local/lib/python3.12/site-packages/airflow/example_dags/example_subdag_operator.py
[2024-11-19T12:09:58.330+0000] {processor.py:914} INFO - Processing file /home/airflow/.local/lib/python3.12/site-packages/airflow/example_dags/example_subdag_operator.py for tasks to queue
[2024-11-19T12:09:58.332+0000] {logging_mixin.py:190} INFO - [2024-11-19T12:09:58.332+0000] {dagbag.py:588} INFO - Filling up the DagBag from /home/airflow/.local/lib/python3.12/site-packages/airflow/example_dags/example_subdag_operator.py
[2024-11-19T12:09:58.364+0000] {processor.py:925} INFO - DAG(s) 'example_subdag_operator.section-1', 'example_subdag_operator.section-2', 'example_subdag_operator' retrieved from /home/airflow/.local/lib/python3.12/site-packages/airflow/example_dags/example_subdag_operator.py
[2024-11-19T12:09:58.382+0000] {logging_mixin.py:190} INFO - [2024-11-19T12:09:58.382+0000] {dag.py:3239} INFO - Sync 3 DAGs
[2024-11-19T12:09:58.409+0000] {logging_mixin.py:190} INFO - [2024-11-19T12:09:58.409+0000] {dag.py:4180} INFO - Setting next_dagrun for example_subdag_operator to 2022-01-01 00:00:00+00:00, run_after=2022-01-01 00:00:00+00:00
[2024-11-19T12:09:58.413+0000] {logging_mixin.py:190} INFO - [2024-11-19T12:09:58.413+0000] {dag.py:4180} INFO - Setting next_dagrun for example_subdag_operator.section-1 to None, run_after=None
[2024-11-19T12:09:58.414+0000] {logging_mixin.py:190} INFO - [2024-11-19T12:09:58.414+0000] {dag.py:4180} INFO - Setting next_dagrun for example_subdag_operator.section-2 to None, run_after=None
[2024-11-19T12:09:58.421+0000] {logging_mixin.py:190} INFO - [2024-11-19T12:09:58.421+0000] {dag.py:3239} INFO - Sync 2 DAGs
[2024-11-19T12:09:58.426+0000] {logging_mixin.py:190} INFO - [2024-11-19T12:09:58.425+0000] {dag.py:4180} INFO - Setting next_dagrun for example_subdag_operator.section-1 to None, run_after=None
[2024-11-19T12:09:58.426+0000] {logging_mixin.py:190} INFO - [2024-11-19T12:09:58.426+0000] {dag.py:4180} INFO - Setting next_dagrun for example_subdag_operator.section-2 to None, run_after=None
[2024-11-19T12:09:58.451+0000] {processor.py:208} INFO - Processing /home/airflow/.local/lib/python3.12/site-packages/airflow/example_dags/example_subdag_operator.py took 0.127 seconds
[2024-11-19T12:10:29.014+0000] {processor.py:186} INFO - Started process (PID=873) to work on /home/airflow/.local/lib/python3.12/site-packages/airflow/example_dags/example_subdag_operator.py
[2024-11-19T12:10:29.015+0000] {processor.py:914} INFO - Processing file /home/airflow/.local/lib/python3.12/site-packages/airflow/example_dags/example_subdag_operator.py for tasks to queue
[2024-11-19T12:10:29.017+0000] {logging_mixin.py:190} INFO - [2024-11-19T12:10:29.017+0000] {dagbag.py:588} INFO - Filling up the DagBag from /home/airflow/.local/lib/python3.12/site-packages/airflow/example_dags/example_subdag_operator.py
[2024-11-19T12:10:29.044+0000] {processor.py:925} INFO - DAG(s) 'example_subdag_operator.section-1', 'example_subdag_operator.section-2', 'example_subdag_operator' retrieved from /home/airflow/.local/lib/python3.12/site-packages/airflow/example_dags/example_subdag_operator.py
[2024-11-19T12:10:29.061+0000] {logging_mixin.py:190} INFO - [2024-11-19T12:10:29.061+0000] {dag.py:3239} INFO - Sync 3 DAGs
[2024-11-19T12:10:29.092+0000] {logging_mixin.py:190} INFO - [2024-11-19T12:10:29.090+0000] {dag.py:4180} INFO - Setting next_dagrun for example_subdag_operator to 2022-01-01 00:00:00+00:00, run_after=2022-01-01 00:00:00+00:00
[2024-11-19T12:10:29.101+0000] {logging_mixin.py:190} INFO - [2024-11-19T12:10:29.100+0000] {dag.py:4180} INFO - Setting next_dagrun for example_subdag_operator.section-1 to None, run_after=None
[2024-11-19T12:10:29.102+0000] {logging_mixin.py:190} INFO - [2024-11-19T12:10:29.102+0000] {dag.py:4180} INFO - Setting next_dagrun for example_subdag_operator.section-2 to None, run_after=None
[2024-11-19T12:10:29.115+0000] {logging_mixin.py:190} INFO - [2024-11-19T12:10:29.115+0000] {dag.py:3239} INFO - Sync 2 DAGs
[2024-11-19T12:10:29.121+0000] {logging_mixin.py:190} INFO - [2024-11-19T12:10:29.121+0000] {dag.py:4180} INFO - Setting next_dagrun for example_subdag_operator.section-1 to None, run_after=None
[2024-11-19T12:10:29.122+0000] {logging_mixin.py:190} INFO - [2024-11-19T12:10:29.122+0000] {dag.py:4180} INFO - Setting next_dagrun for example_subdag_operator.section-2 to None, run_after=None
[2024-11-19T12:10:29.151+0000] {processor.py:208} INFO - Processing /home/airflow/.local/lib/python3.12/site-packages/airflow/example_dags/example_subdag_operator.py took 0.142 seconds
[2024-11-19T12:10:59.782+0000] {processor.py:186} INFO - Started process (PID=941) to work on /home/airflow/.local/lib/python3.12/site-packages/airflow/example_dags/example_subdag_operator.py
[2024-11-19T12:10:59.786+0000] {processor.py:914} INFO - Processing file /home/airflow/.local/lib/python3.12/site-packages/airflow/example_dags/example_subdag_operator.py for tasks to queue
[2024-11-19T12:10:59.787+0000] {logging_mixin.py:190} INFO - [2024-11-19T12:10:59.787+0000] {dagbag.py:588} INFO - Filling up the DagBag from /home/airflow/.local/lib/python3.12/site-packages/airflow/example_dags/example_subdag_operator.py
[2024-11-19T12:10:59.853+0000] {processor.py:925} INFO - DAG(s) 'example_subdag_operator.section-1', 'example_subdag_operator.section-2', 'example_subdag_operator' retrieved from /home/airflow/.local/lib/python3.12/site-packages/airflow/example_dags/example_subdag_operator.py
[2024-11-19T12:10:59.882+0000] {logging_mixin.py:190} INFO - [2024-11-19T12:10:59.882+0000] {dag.py:3239} INFO - Sync 3 DAGs
[2024-11-19T12:10:59.908+0000] {logging_mixin.py:190} INFO - [2024-11-19T12:10:59.907+0000] {dag.py:4180} INFO - Setting next_dagrun for example_subdag_operator to 2022-01-01 00:00:00+00:00, run_after=2022-01-01 00:00:00+00:00
[2024-11-19T12:10:59.911+0000] {logging_mixin.py:190} INFO - [2024-11-19T12:10:59.911+0000] {dag.py:4180} INFO - Setting next_dagrun for example_subdag_operator.section-1 to None, run_after=None
[2024-11-19T12:10:59.912+0000] {logging_mixin.py:190} INFO - [2024-11-19T12:10:59.912+0000] {dag.py:4180} INFO - Setting next_dagrun for example_subdag_operator.section-2 to None, run_after=None
[2024-11-19T12:10:59.919+0000] {logging_mixin.py:190} INFO - [2024-11-19T12:10:59.919+0000] {dag.py:3239} INFO - Sync 2 DAGs
[2024-11-19T12:10:59.924+0000] {logging_mixin.py:190} INFO - [2024-11-19T12:10:59.924+0000] {dag.py:4180} INFO - Setting next_dagrun for example_subdag_operator.section-1 to None, run_after=None
[2024-11-19T12:10:59.925+0000] {logging_mixin.py:190} INFO - [2024-11-19T12:10:59.925+0000] {dag.py:4180} INFO - Setting next_dagrun for example_subdag_operator.section-2 to None, run_after=None
[2024-11-19T12:10:59.947+0000] {processor.py:208} INFO - Processing /home/airflow/.local/lib/python3.12/site-packages/airflow/example_dags/example_subdag_operator.py took 0.171 seconds
[2024-11-19T12:11:30.544+0000] {processor.py:186} INFO - Started process (PID=1006) to work on /home/airflow/.local/lib/python3.12/site-packages/airflow/example_dags/example_subdag_operator.py
[2024-11-19T12:11:30.545+0000] {processor.py:914} INFO - Processing file /home/airflow/.local/lib/python3.12/site-packages/airflow/example_dags/example_subdag_operator.py for tasks to queue
[2024-11-19T12:11:30.547+0000] {logging_mixin.py:190} INFO - [2024-11-19T12:11:30.546+0000] {dagbag.py:588} INFO - Filling up the DagBag from /home/airflow/.local/lib/python3.12/site-packages/airflow/example_dags/example_subdag_operator.py
[2024-11-19T12:11:30.573+0000] {processor.py:925} INFO - DAG(s) 'example_subdag_operator.section-1', 'example_subdag_operator.section-2', 'example_subdag_operator' retrieved from /home/airflow/.local/lib/python3.12/site-packages/airflow/example_dags/example_subdag_operator.py
[2024-11-19T12:11:30.598+0000] {logging_mixin.py:190} INFO - [2024-11-19T12:11:30.598+0000] {dag.py:3239} INFO - Sync 3 DAGs
[2024-11-19T12:11:30.624+0000] {logging_mixin.py:190} INFO - [2024-11-19T12:11:30.624+0000] {dag.py:4180} INFO - Setting next_dagrun for example_subdag_operator to 2022-01-01 00:00:00+00:00, run_after=2022-01-01 00:00:00+00:00
[2024-11-19T12:11:30.628+0000] {logging_mixin.py:190} INFO - [2024-11-19T12:11:30.628+0000] {dag.py:4180} INFO - Setting next_dagrun for example_subdag_operator.section-1 to None, run_after=None
[2024-11-19T12:11:30.629+0000] {logging_mixin.py:190} INFO - [2024-11-19T12:11:30.629+0000] {dag.py:4180} INFO - Setting next_dagrun for example_subdag_operator.section-2 to None, run_after=None
[2024-11-19T12:11:30.634+0000] {logging_mixin.py:190} INFO - [2024-11-19T12:11:30.634+0000] {dag.py:3239} INFO - Sync 2 DAGs
[2024-11-19T12:11:30.639+0000] {logging_mixin.py:190} INFO - [2024-11-19T12:11:30.638+0000] {dag.py:4180} INFO - Setting next_dagrun for example_subdag_operator.section-1 to None, run_after=None
[2024-11-19T12:11:30.639+0000] {logging_mixin.py:190} INFO - [2024-11-19T12:11:30.639+0000] {dag.py:4180} INFO - Setting next_dagrun for example_subdag_operator.section-2 to None, run_after=None
[2024-11-19T12:11:30.669+0000] {processor.py:208} INFO - Processing /home/airflow/.local/lib/python3.12/site-packages/airflow/example_dags/example_subdag_operator.py took 0.130 seconds
[2024-11-19T12:12:00.833+0000] {processor.py:186} INFO - Started process (PID=1070) to work on /home/airflow/.local/lib/python3.12/site-packages/airflow/example_dags/example_subdag_operator.py
[2024-11-19T12:12:00.842+0000] {processor.py:914} INFO - Processing file /home/airflow/.local/lib/python3.12/site-packages/airflow/example_dags/example_subdag_operator.py for tasks to queue
[2024-11-19T12:12:00.844+0000] {logging_mixin.py:190} INFO - [2024-11-19T12:12:00.844+0000] {dagbag.py:588} INFO - Filling up the DagBag from /home/airflow/.local/lib/python3.12/site-packages/airflow/example_dags/example_subdag_operator.py
[2024-11-19T12:12:00.921+0000] {processor.py:925} INFO - DAG(s) 'example_subdag_operator.section-1', 'example_subdag_operator.section-2', 'example_subdag_operator' retrieved from /home/airflow/.local/lib/python3.12/site-packages/airflow/example_dags/example_subdag_operator.py
[2024-11-19T12:12:00.947+0000] {logging_mixin.py:190} INFO - [2024-11-19T12:12:00.947+0000] {dag.py:3239} INFO - Sync 3 DAGs
[2024-11-19T12:12:00.995+0000] {logging_mixin.py:190} INFO - [2024-11-19T12:12:00.995+0000] {dag.py:4180} INFO - Setting next_dagrun for example_subdag_operator to 2022-01-01 00:00:00+00:00, run_after=2022-01-01 00:00:00+00:00
[2024-11-19T12:12:00.999+0000] {logging_mixin.py:190} INFO - [2024-11-19T12:12:00.999+0000] {dag.py:4180} INFO - Setting next_dagrun for example_subdag_operator.section-1 to None, run_after=None
[2024-11-19T12:12:01.001+0000] {logging_mixin.py:190} INFO - [2024-11-19T12:12:01.000+0000] {dag.py:4180} INFO - Setting next_dagrun for example_subdag_operator.section-2 to None, run_after=None
[2024-11-19T12:12:01.008+0000] {logging_mixin.py:190} INFO - [2024-11-19T12:12:01.008+0000] {dag.py:3239} INFO - Sync 2 DAGs
[2024-11-19T12:12:01.013+0000] {logging_mixin.py:190} INFO - [2024-11-19T12:12:01.013+0000] {dag.py:4180} INFO - Setting next_dagrun for example_subdag_operator.section-1 to None, run_after=None
[2024-11-19T12:12:01.014+0000] {logging_mixin.py:190} INFO - [2024-11-19T12:12:01.014+0000] {dag.py:4180} INFO - Setting next_dagrun for example_subdag_operator.section-2 to None, run_after=None
[2024-11-19T12:12:01.062+0000] {processor.py:208} INFO - Processing /home/airflow/.local/lib/python3.12/site-packages/airflow/example_dags/example_subdag_operator.py took 0.241 seconds
[2024-11-19T12:12:31.564+0000] {processor.py:186} INFO - Started process (PID=1140) to work on /home/airflow/.local/lib/python3.12/site-packages/airflow/example_dags/example_subdag_operator.py
[2024-11-19T12:12:31.566+0000] {processor.py:914} INFO - Processing file /home/airflow/.local/lib/python3.12/site-packages/airflow/example_dags/example_subdag_operator.py for tasks to queue
[2024-11-19T12:12:31.567+0000] {logging_mixin.py:190} INFO - [2024-11-19T12:12:31.567+0000] {dagbag.py:588} INFO - Filling up the DagBag from /home/airflow/.local/lib/python3.12/site-packages/airflow/example_dags/example_subdag_operator.py
[2024-11-19T12:12:31.653+0000] {processor.py:925} INFO - DAG(s) 'example_subdag_operator.section-1', 'example_subdag_operator.section-2', 'example_subdag_operator' retrieved from /home/airflow/.local/lib/python3.12/site-packages/airflow/example_dags/example_subdag_operator.py
[2024-11-19T12:12:31.687+0000] {logging_mixin.py:190} INFO - [2024-11-19T12:12:31.687+0000] {dag.py:3239} INFO - Sync 3 DAGs
[2024-11-19T12:12:31.714+0000] {logging_mixin.py:190} INFO - [2024-11-19T12:12:31.713+0000] {dag.py:4180} INFO - Setting next_dagrun for example_subdag_operator to 2022-01-01 00:00:00+00:00, run_after=2022-01-01 00:00:00+00:00
[2024-11-19T12:12:31.718+0000] {logging_mixin.py:190} INFO - [2024-11-19T12:12:31.717+0000] {dag.py:4180} INFO - Setting next_dagrun for example_subdag_operator.section-1 to None, run_after=None
[2024-11-19T12:12:31.719+0000] {logging_mixin.py:190} INFO - [2024-11-19T12:12:31.719+0000] {dag.py:4180} INFO - Setting next_dagrun for example_subdag_operator.section-2 to None, run_after=None
[2024-11-19T12:12:31.726+0000] {logging_mixin.py:190} INFO - [2024-11-19T12:12:31.726+0000] {dag.py:3239} INFO - Sync 2 DAGs
[2024-11-19T12:12:31.732+0000] {logging_mixin.py:190} INFO - [2024-11-19T12:12:31.732+0000] {dag.py:4180} INFO - Setting next_dagrun for example_subdag_operator.section-1 to None, run_after=None
[2024-11-19T12:12:31.733+0000] {logging_mixin.py:190} INFO - [2024-11-19T12:12:31.732+0000] {dag.py:4180} INFO - Setting next_dagrun for example_subdag_operator.section-2 to None, run_after=None
[2024-11-19T12:12:31.757+0000] {processor.py:208} INFO - Processing /home/airflow/.local/lib/python3.12/site-packages/airflow/example_dags/example_subdag_operator.py took 0.201 seconds
[2024-11-19T12:13:02.302+0000] {processor.py:186} INFO - Started process (PID=1203) to work on /home/airflow/.local/lib/python3.12/site-packages/airflow/example_dags/example_subdag_operator.py
[2024-11-19T12:13:02.303+0000] {processor.py:914} INFO - Processing file /home/airflow/.local/lib/python3.12/site-packages/airflow/example_dags/example_subdag_operator.py for tasks to queue
[2024-11-19T12:13:02.304+0000] {logging_mixin.py:190} INFO - [2024-11-19T12:13:02.304+0000] {dagbag.py:588} INFO - Filling up the DagBag from /home/airflow/.local/lib/python3.12/site-packages/airflow/example_dags/example_subdag_operator.py
[2024-11-19T12:13:02.356+0000] {processor.py:925} INFO - DAG(s) 'example_subdag_operator.section-1', 'example_subdag_operator.section-2', 'example_subdag_operator' retrieved from /home/airflow/.local/lib/python3.12/site-packages/airflow/example_dags/example_subdag_operator.py
[2024-11-19T12:13:02.400+0000] {logging_mixin.py:190} INFO - [2024-11-19T12:13:02.400+0000] {dag.py:3239} INFO - Sync 3 DAGs
[2024-11-19T12:13:02.428+0000] {logging_mixin.py:190} INFO - [2024-11-19T12:13:02.428+0000] {dag.py:4180} INFO - Setting next_dagrun for example_subdag_operator to 2022-01-01 00:00:00+00:00, run_after=2022-01-01 00:00:00+00:00
[2024-11-19T12:13:02.431+0000] {logging_mixin.py:190} INFO - [2024-11-19T12:13:02.431+0000] {dag.py:4180} INFO - Setting next_dagrun for example_subdag_operator.section-1 to None, run_after=None
[2024-11-19T12:13:02.432+0000] {logging_mixin.py:190} INFO - [2024-11-19T12:13:02.432+0000] {dag.py:4180} INFO - Setting next_dagrun for example_subdag_operator.section-2 to None, run_after=None
[2024-11-19T12:13:02.437+0000] {logging_mixin.py:190} INFO - [2024-11-19T12:13:02.437+0000] {dag.py:3239} INFO - Sync 2 DAGs
[2024-11-19T12:13:02.441+0000] {logging_mixin.py:190} INFO - [2024-11-19T12:13:02.441+0000] {dag.py:4180} INFO - Setting next_dagrun for example_subdag_operator.section-1 to None, run_after=None
[2024-11-19T12:13:02.442+0000] {logging_mixin.py:190} INFO - [2024-11-19T12:13:02.441+0000] {dag.py:4180} INFO - Setting next_dagrun for example_subdag_operator.section-2 to None, run_after=None
[2024-11-19T12:13:02.460+0000] {processor.py:208} INFO - Processing /home/airflow/.local/lib/python3.12/site-packages/airflow/example_dags/example_subdag_operator.py took 0.162 seconds
[2024-11-19T12:13:32.633+0000] {processor.py:186} INFO - Started process (PID=1267) to work on /home/airflow/.local/lib/python3.12/site-packages/airflow/example_dags/example_subdag_operator.py
[2024-11-19T12:13:32.633+0000] {processor.py:914} INFO - Processing file /home/airflow/.local/lib/python3.12/site-packages/airflow/example_dags/example_subdag_operator.py for tasks to queue
[2024-11-19T12:13:32.634+0000] {logging_mixin.py:190} INFO - [2024-11-19T12:13:32.634+0000] {dagbag.py:588} INFO - Filling up the DagBag from /home/airflow/.local/lib/python3.12/site-packages/airflow/example_dags/example_subdag_operator.py
[2024-11-19T12:13:32.666+0000] {processor.py:925} INFO - DAG(s) 'example_subdag_operator.section-1', 'example_subdag_operator.section-2', 'example_subdag_operator' retrieved from /home/airflow/.local/lib/python3.12/site-packages/airflow/example_dags/example_subdag_operator.py
[2024-11-19T12:13:32.689+0000] {logging_mixin.py:190} INFO - [2024-11-19T12:13:32.688+0000] {dag.py:3239} INFO - Sync 3 DAGs
[2024-11-19T12:13:32.737+0000] {logging_mixin.py:190} INFO - [2024-11-19T12:13:32.737+0000] {dag.py:4180} INFO - Setting next_dagrun for example_subdag_operator to 2022-01-01 00:00:00+00:00, run_after=2022-01-01 00:00:00+00:00
[2024-11-19T12:13:32.741+0000] {logging_mixin.py:190} INFO - [2024-11-19T12:13:32.741+0000] {dag.py:4180} INFO - Setting next_dagrun for example_subdag_operator.section-1 to None, run_after=None
[2024-11-19T12:13:32.743+0000] {logging_mixin.py:190} INFO - [2024-11-19T12:13:32.743+0000] {dag.py:4180} INFO - Setting next_dagrun for example_subdag_operator.section-2 to None, run_after=None
[2024-11-19T12:13:32.750+0000] {logging_mixin.py:190} INFO - [2024-11-19T12:13:32.749+0000] {dag.py:3239} INFO - Sync 2 DAGs
[2024-11-19T12:13:32.758+0000] {logging_mixin.py:190} INFO - [2024-11-19T12:13:32.758+0000] {dag.py:4180} INFO - Setting next_dagrun for example_subdag_operator.section-1 to None, run_after=None
[2024-11-19T12:13:32.759+0000] {logging_mixin.py:190} INFO - [2024-11-19T12:13:32.758+0000] {dag.py:4180} INFO - Setting next_dagrun for example_subdag_operator.section-2 to None, run_after=None
[2024-11-19T12:13:32.785+0000] {processor.py:208} INFO - Processing /home/airflow/.local/lib/python3.12/site-packages/airflow/example_dags/example_subdag_operator.py took 0.158 seconds
[2024-11-19T12:14:03.171+0000] {processor.py:186} INFO - Started process (PID=1331) to work on /home/airflow/.local/lib/python3.12/site-packages/airflow/example_dags/example_subdag_operator.py
[2024-11-19T12:14:03.171+0000] {processor.py:914} INFO - Processing file /home/airflow/.local/lib/python3.12/site-packages/airflow/example_dags/example_subdag_operator.py for tasks to queue
[2024-11-19T12:14:03.173+0000] {logging_mixin.py:190} INFO - [2024-11-19T12:14:03.172+0000] {dagbag.py:588} INFO - Filling up the DagBag from /home/airflow/.local/lib/python3.12/site-packages/airflow/example_dags/example_subdag_operator.py
[2024-11-19T12:14:03.199+0000] {processor.py:925} INFO - DAG(s) 'example_subdag_operator.section-1', 'example_subdag_operator.section-2', 'example_subdag_operator' retrieved from /home/airflow/.local/lib/python3.12/site-packages/airflow/example_dags/example_subdag_operator.py
[2024-11-19T12:14:03.220+0000] {logging_mixin.py:190} INFO - [2024-11-19T12:14:03.220+0000] {dag.py:3239} INFO - Sync 3 DAGs
[2024-11-19T12:14:03.291+0000] {logging_mixin.py:190} INFO - [2024-11-19T12:14:03.290+0000] {dag.py:4180} INFO - Setting next_dagrun for example_subdag_operator to 2022-01-01 00:00:00+00:00, run_after=2022-01-01 00:00:00+00:00
[2024-11-19T12:14:03.294+0000] {logging_mixin.py:190} INFO - [2024-11-19T12:14:03.294+0000] {dag.py:4180} INFO - Setting next_dagrun for example_subdag_operator.section-1 to None, run_after=None
[2024-11-19T12:14:03.296+0000] {logging_mixin.py:190} INFO - [2024-11-19T12:14:03.295+0000] {dag.py:4180} INFO - Setting next_dagrun for example_subdag_operator.section-2 to None, run_after=None
[2024-11-19T12:14:03.307+0000] {logging_mixin.py:190} INFO - [2024-11-19T12:14:03.307+0000] {dag.py:3239} INFO - Sync 2 DAGs
[2024-11-19T12:14:03.319+0000] {logging_mixin.py:190} INFO - [2024-11-19T12:14:03.318+0000] {dag.py:4180} INFO - Setting next_dagrun for example_subdag_operator.section-1 to None, run_after=None
[2024-11-19T12:14:03.319+0000] {logging_mixin.py:190} INFO - [2024-11-19T12:14:03.319+0000] {dag.py:4180} INFO - Setting next_dagrun for example_subdag_operator.section-2 to None, run_after=None
[2024-11-19T12:14:03.346+0000] {processor.py:208} INFO - Processing /home/airflow/.local/lib/python3.12/site-packages/airflow/example_dags/example_subdag_operator.py took 0.181 seconds
[2024-11-19T12:14:33.740+0000] {processor.py:186} INFO - Started process (PID=1396) to work on /home/airflow/.local/lib/python3.12/site-packages/airflow/example_dags/example_subdag_operator.py
[2024-11-19T12:14:33.740+0000] {processor.py:914} INFO - Processing file /home/airflow/.local/lib/python3.12/site-packages/airflow/example_dags/example_subdag_operator.py for tasks to queue
[2024-11-19T12:14:33.741+0000] {logging_mixin.py:190} INFO - [2024-11-19T12:14:33.741+0000] {dagbag.py:588} INFO - Filling up the DagBag from /home/airflow/.local/lib/python3.12/site-packages/airflow/example_dags/example_subdag_operator.py
[2024-11-19T12:14:33.767+0000] {processor.py:925} INFO - DAG(s) 'example_subdag_operator.section-1', 'example_subdag_operator.section-2', 'example_subdag_operator' retrieved from /home/airflow/.local/lib/python3.12/site-packages/airflow/example_dags/example_subdag_operator.py
[2024-11-19T12:14:33.784+0000] {logging_mixin.py:190} INFO - [2024-11-19T12:14:33.784+0000] {dag.py:3239} INFO - Sync 3 DAGs
[2024-11-19T12:14:33.815+0000] {logging_mixin.py:190} INFO - [2024-11-19T12:14:33.815+0000] {dag.py:4180} INFO - Setting next_dagrun for example_subdag_operator to 2022-01-01 00:00:00+00:00, run_after=2022-01-01 00:00:00+00:00
[2024-11-19T12:14:33.820+0000] {logging_mixin.py:190} INFO - [2024-11-19T12:14:33.819+0000] {dag.py:4180} INFO - Setting next_dagrun for example_subdag_operator.section-1 to None, run_after=None
[2024-11-19T12:14:33.820+0000] {logging_mixin.py:190} INFO - [2024-11-19T12:14:33.820+0000] {dag.py:4180} INFO - Setting next_dagrun for example_subdag_operator.section-2 to None, run_after=None
[2024-11-19T12:14:33.825+0000] {logging_mixin.py:190} INFO - [2024-11-19T12:14:33.825+0000] {dag.py:3239} INFO - Sync 2 DAGs
[2024-11-19T12:14:33.831+0000] {logging_mixin.py:190} INFO - [2024-11-19T12:14:33.830+0000] {dag.py:4180} INFO - Setting next_dagrun for example_subdag_operator.section-1 to None, run_after=None
[2024-11-19T12:14:33.831+0000] {logging_mixin.py:190} INFO - [2024-11-19T12:14:33.831+0000] {dag.py:4180} INFO - Setting next_dagrun for example_subdag_operator.section-2 to None, run_after=None
[2024-11-19T12:14:33.852+0000] {processor.py:208} INFO - Processing /home/airflow/.local/lib/python3.12/site-packages/airflow/example_dags/example_subdag_operator.py took 0.118 seconds
[2024-11-19T12:19:50.327+0000] {processor.py:186} INFO - Started process (PID=90) to work on /home/airflow/.local/lib/python3.12/site-packages/airflow/example_dags/example_subdag_operator.py
[2024-11-19T12:19:50.332+0000] {processor.py:914} INFO - Processing file /home/airflow/.local/lib/python3.12/site-packages/airflow/example_dags/example_subdag_operator.py for tasks to queue
[2024-11-19T12:19:50.340+0000] {logging_mixin.py:190} INFO - [2024-11-19T12:19:50.339+0000] {dagbag.py:588} INFO - Filling up the DagBag from /home/airflow/.local/lib/python3.12/site-packages/airflow/example_dags/example_subdag_operator.py
[2024-11-19T12:19:50.421+0000] {processor.py:925} INFO - DAG(s) 'example_subdag_operator.section-1', 'example_subdag_operator.section-2', 'example_subdag_operator' retrieved from /home/airflow/.local/lib/python3.12/site-packages/airflow/example_dags/example_subdag_operator.py
[2024-11-19T12:19:50.460+0000] {logging_mixin.py:190} INFO - [2024-11-19T12:19:50.460+0000] {dag.py:3239} INFO - Sync 3 DAGs
[2024-11-19T12:19:50.523+0000] {logging_mixin.py:190} INFO - [2024-11-19T12:19:50.522+0000] {dag.py:4180} INFO - Setting next_dagrun for example_subdag_operator to 2022-01-01 00:00:00+00:00, run_after=2022-01-01 00:00:00+00:00
[2024-11-19T12:19:50.527+0000] {logging_mixin.py:190} INFO - [2024-11-19T12:19:50.527+0000] {dag.py:4180} INFO - Setting next_dagrun for example_subdag_operator.section-1 to None, run_after=None
[2024-11-19T12:19:50.530+0000] {logging_mixin.py:190} INFO - [2024-11-19T12:19:50.530+0000] {dag.py:4180} INFO - Setting next_dagrun for example_subdag_operator.section-2 to None, run_after=None
[2024-11-19T12:19:50.551+0000] {logging_mixin.py:190} INFO - [2024-11-19T12:19:50.551+0000] {dag.py:3239} INFO - Sync 2 DAGs
[2024-11-19T12:19:50.567+0000] {logging_mixin.py:190} INFO - [2024-11-19T12:19:50.567+0000] {dag.py:4180} INFO - Setting next_dagrun for example_subdag_operator.section-1 to None, run_after=None
[2024-11-19T12:19:50.568+0000] {logging_mixin.py:190} INFO - [2024-11-19T12:19:50.567+0000] {dag.py:4180} INFO - Setting next_dagrun for example_subdag_operator.section-2 to None, run_after=None
[2024-11-19T12:19:50.634+0000] {processor.py:208} INFO - Processing /home/airflow/.local/lib/python3.12/site-packages/airflow/example_dags/example_subdag_operator.py took 0.315 seconds
[2024-11-19T12:20:21.070+0000] {processor.py:186} INFO - Started process (PID=153) to work on /home/airflow/.local/lib/python3.12/site-packages/airflow/example_dags/example_subdag_operator.py
[2024-11-19T12:20:21.070+0000] {processor.py:914} INFO - Processing file /home/airflow/.local/lib/python3.12/site-packages/airflow/example_dags/example_subdag_operator.py for tasks to queue
[2024-11-19T12:20:21.072+0000] {logging_mixin.py:190} INFO - [2024-11-19T12:20:21.072+0000] {dagbag.py:588} INFO - Filling up the DagBag from /home/airflow/.local/lib/python3.12/site-packages/airflow/example_dags/example_subdag_operator.py
[2024-11-19T12:20:21.091+0000] {processor.py:925} INFO - DAG(s) 'example_subdag_operator.section-1', 'example_subdag_operator.section-2', 'example_subdag_operator' retrieved from /home/airflow/.local/lib/python3.12/site-packages/airflow/example_dags/example_subdag_operator.py
[2024-11-19T12:20:21.102+0000] {logging_mixin.py:190} INFO - [2024-11-19T12:20:21.102+0000] {dag.py:3239} INFO - Sync 3 DAGs
[2024-11-19T12:20:21.119+0000] {logging_mixin.py:190} INFO - [2024-11-19T12:20:21.119+0000] {dag.py:4180} INFO - Setting next_dagrun for example_subdag_operator to 2022-01-01 00:00:00+00:00, run_after=2022-01-01 00:00:00+00:00
[2024-11-19T12:20:21.122+0000] {logging_mixin.py:190} INFO - [2024-11-19T12:20:21.122+0000] {dag.py:4180} INFO - Setting next_dagrun for example_subdag_operator.section-1 to None, run_after=None
[2024-11-19T12:20:21.123+0000] {logging_mixin.py:190} INFO - [2024-11-19T12:20:21.123+0000] {dag.py:4180} INFO - Setting next_dagrun for example_subdag_operator.section-2 to None, run_after=None
[2024-11-19T12:20:21.128+0000] {logging_mixin.py:190} INFO - [2024-11-19T12:20:21.127+0000] {dag.py:3239} INFO - Sync 2 DAGs
[2024-11-19T12:20:21.132+0000] {logging_mixin.py:190} INFO - [2024-11-19T12:20:21.132+0000] {dag.py:4180} INFO - Setting next_dagrun for example_subdag_operator.section-1 to None, run_after=None
[2024-11-19T12:20:21.132+0000] {logging_mixin.py:190} INFO - [2024-11-19T12:20:21.132+0000] {dag.py:4180} INFO - Setting next_dagrun for example_subdag_operator.section-2 to None, run_after=None
[2024-11-19T12:20:21.146+0000] {processor.py:208} INFO - Processing /home/airflow/.local/lib/python3.12/site-packages/airflow/example_dags/example_subdag_operator.py took 0.081 seconds
[2024-11-19T12:20:51.251+0000] {processor.py:186} INFO - Started process (PID=217) to work on /home/airflow/.local/lib/python3.12/site-packages/airflow/example_dags/example_subdag_operator.py
[2024-11-19T12:20:51.253+0000] {processor.py:914} INFO - Processing file /home/airflow/.local/lib/python3.12/site-packages/airflow/example_dags/example_subdag_operator.py for tasks to queue
[2024-11-19T12:20:51.255+0000] {logging_mixin.py:190} INFO - [2024-11-19T12:20:51.255+0000] {dagbag.py:588} INFO - Filling up the DagBag from /home/airflow/.local/lib/python3.12/site-packages/airflow/example_dags/example_subdag_operator.py
[2024-11-19T12:20:51.307+0000] {processor.py:925} INFO - DAG(s) 'example_subdag_operator.section-1', 'example_subdag_operator.section-2', 'example_subdag_operator' retrieved from /home/airflow/.local/lib/python3.12/site-packages/airflow/example_dags/example_subdag_operator.py
[2024-11-19T12:20:51.328+0000] {logging_mixin.py:190} INFO - [2024-11-19T12:20:51.328+0000] {dag.py:3239} INFO - Sync 3 DAGs
[2024-11-19T12:20:51.363+0000] {logging_mixin.py:190} INFO - [2024-11-19T12:20:51.362+0000] {dag.py:4180} INFO - Setting next_dagrun for example_subdag_operator to 2022-01-01 00:00:00+00:00, run_after=2022-01-01 00:00:00+00:00
[2024-11-19T12:20:51.366+0000] {logging_mixin.py:190} INFO - [2024-11-19T12:20:51.366+0000] {dag.py:4180} INFO - Setting next_dagrun for example_subdag_operator.section-1 to None, run_after=None
[2024-11-19T12:20:51.367+0000] {logging_mixin.py:190} INFO - [2024-11-19T12:20:51.367+0000] {dag.py:4180} INFO - Setting next_dagrun for example_subdag_operator.section-2 to None, run_after=None
[2024-11-19T12:20:51.374+0000] {logging_mixin.py:190} INFO - [2024-11-19T12:20:51.373+0000] {dag.py:3239} INFO - Sync 2 DAGs
[2024-11-19T12:20:51.379+0000] {logging_mixin.py:190} INFO - [2024-11-19T12:20:51.379+0000] {dag.py:4180} INFO - Setting next_dagrun for example_subdag_operator.section-1 to None, run_after=None
[2024-11-19T12:20:51.380+0000] {logging_mixin.py:190} INFO - [2024-11-19T12:20:51.380+0000] {dag.py:4180} INFO - Setting next_dagrun for example_subdag_operator.section-2 to None, run_after=None
[2024-11-19T12:20:51.407+0000] {processor.py:208} INFO - Processing /home/airflow/.local/lib/python3.12/site-packages/airflow/example_dags/example_subdag_operator.py took 0.184 seconds
[2024-11-19T12:21:21.750+0000] {processor.py:186} INFO - Started process (PID=281) to work on /home/airflow/.local/lib/python3.12/site-packages/airflow/example_dags/example_subdag_operator.py
[2024-11-19T12:21:21.751+0000] {processor.py:914} INFO - Processing file /home/airflow/.local/lib/python3.12/site-packages/airflow/example_dags/example_subdag_operator.py for tasks to queue
[2024-11-19T12:21:21.753+0000] {logging_mixin.py:190} INFO - [2024-11-19T12:21:21.753+0000] {dagbag.py:588} INFO - Filling up the DagBag from /home/airflow/.local/lib/python3.12/site-packages/airflow/example_dags/example_subdag_operator.py
[2024-11-19T12:21:21.777+0000] {processor.py:925} INFO - DAG(s) 'example_subdag_operator.section-1', 'example_subdag_operator.section-2', 'example_subdag_operator' retrieved from /home/airflow/.local/lib/python3.12/site-packages/airflow/example_dags/example_subdag_operator.py
[2024-11-19T12:21:21.793+0000] {logging_mixin.py:190} INFO - [2024-11-19T12:21:21.793+0000] {dag.py:3239} INFO - Sync 3 DAGs
[2024-11-19T12:21:21.819+0000] {logging_mixin.py:190} INFO - [2024-11-19T12:21:21.819+0000] {dag.py:4180} INFO - Setting next_dagrun for example_subdag_operator to 2022-01-01 00:00:00+00:00, run_after=2022-01-01 00:00:00+00:00
[2024-11-19T12:21:21.823+0000] {logging_mixin.py:190} INFO - [2024-11-19T12:21:21.823+0000] {dag.py:4180} INFO - Setting next_dagrun for example_subdag_operator.section-1 to None, run_after=None
[2024-11-19T12:21:21.824+0000] {logging_mixin.py:190} INFO - [2024-11-19T12:21:21.824+0000] {dag.py:4180} INFO - Setting next_dagrun for example_subdag_operator.section-2 to None, run_after=None
[2024-11-19T12:21:21.831+0000] {logging_mixin.py:190} INFO - [2024-11-19T12:21:21.831+0000] {dag.py:3239} INFO - Sync 2 DAGs
[2024-11-19T12:21:21.836+0000] {logging_mixin.py:190} INFO - [2024-11-19T12:21:21.836+0000] {dag.py:4180} INFO - Setting next_dagrun for example_subdag_operator.section-1 to None, run_after=None
[2024-11-19T12:21:21.837+0000] {logging_mixin.py:190} INFO - [2024-11-19T12:21:21.836+0000] {dag.py:4180} INFO - Setting next_dagrun for example_subdag_operator.section-2 to None, run_after=None
[2024-11-19T12:21:21.854+0000] {processor.py:208} INFO - Processing /home/airflow/.local/lib/python3.12/site-packages/airflow/example_dags/example_subdag_operator.py took 0.110 seconds
[2024-11-19T12:21:52.104+0000] {processor.py:186} INFO - Started process (PID=346) to work on /home/airflow/.local/lib/python3.12/site-packages/airflow/example_dags/example_subdag_operator.py
[2024-11-19T12:21:52.104+0000] {processor.py:914} INFO - Processing file /home/airflow/.local/lib/python3.12/site-packages/airflow/example_dags/example_subdag_operator.py for tasks to queue
[2024-11-19T12:21:52.106+0000] {logging_mixin.py:190} INFO - [2024-11-19T12:21:52.106+0000] {dagbag.py:588} INFO - Filling up the DagBag from /home/airflow/.local/lib/python3.12/site-packages/airflow/example_dags/example_subdag_operator.py
[2024-11-19T12:21:52.125+0000] {processor.py:925} INFO - DAG(s) 'example_subdag_operator.section-1', 'example_subdag_operator.section-2', 'example_subdag_operator' retrieved from /home/airflow/.local/lib/python3.12/site-packages/airflow/example_dags/example_subdag_operator.py
[2024-11-19T12:21:52.136+0000] {logging_mixin.py:190} INFO - [2024-11-19T12:21:52.136+0000] {dag.py:3239} INFO - Sync 3 DAGs
[2024-11-19T12:21:52.154+0000] {logging_mixin.py:190} INFO - [2024-11-19T12:21:52.154+0000] {dag.py:4180} INFO - Setting next_dagrun for example_subdag_operator to 2022-01-01 00:00:00+00:00, run_after=2022-01-01 00:00:00+00:00
[2024-11-19T12:21:52.156+0000] {logging_mixin.py:190} INFO - [2024-11-19T12:21:52.156+0000] {dag.py:4180} INFO - Setting next_dagrun for example_subdag_operator.section-1 to None, run_after=None
[2024-11-19T12:21:52.157+0000] {logging_mixin.py:190} INFO - [2024-11-19T12:21:52.157+0000] {dag.py:4180} INFO - Setting next_dagrun for example_subdag_operator.section-2 to None, run_after=None
[2024-11-19T12:21:52.162+0000] {logging_mixin.py:190} INFO - [2024-11-19T12:21:52.162+0000] {dag.py:3239} INFO - Sync 2 DAGs
[2024-11-19T12:21:52.166+0000] {logging_mixin.py:190} INFO - [2024-11-19T12:21:52.166+0000] {dag.py:4180} INFO - Setting next_dagrun for example_subdag_operator.section-1 to None, run_after=None
[2024-11-19T12:21:52.166+0000] {logging_mixin.py:190} INFO - [2024-11-19T12:21:52.166+0000] {dag.py:4180} INFO - Setting next_dagrun for example_subdag_operator.section-2 to None, run_after=None
[2024-11-19T12:21:52.181+0000] {processor.py:208} INFO - Processing /home/airflow/.local/lib/python3.12/site-packages/airflow/example_dags/example_subdag_operator.py took 0.081 seconds
[2024-11-19T12:22:22.899+0000] {processor.py:186} INFO - Started process (PID=411) to work on /home/airflow/.local/lib/python3.12/site-packages/airflow/example_dags/example_subdag_operator.py
[2024-11-19T12:22:22.900+0000] {processor.py:914} INFO - Processing file /home/airflow/.local/lib/python3.12/site-packages/airflow/example_dags/example_subdag_operator.py for tasks to queue
[2024-11-19T12:22:22.910+0000] {logging_mixin.py:190} INFO - [2024-11-19T12:22:22.910+0000] {dagbag.py:588} INFO - Filling up the DagBag from /home/airflow/.local/lib/python3.12/site-packages/airflow/example_dags/example_subdag_operator.py
[2024-11-19T12:22:22.973+0000] {processor.py:925} INFO - DAG(s) 'example_subdag_operator.section-1', 'example_subdag_operator.section-2', 'example_subdag_operator' retrieved from /home/airflow/.local/lib/python3.12/site-packages/airflow/example_dags/example_subdag_operator.py
[2024-11-19T12:22:23.034+0000] {logging_mixin.py:190} INFO - [2024-11-19T12:22:23.034+0000] {dag.py:3239} INFO - Sync 3 DAGs
[2024-11-19T12:22:23.126+0000] {logging_mixin.py:190} INFO - [2024-11-19T12:22:23.126+0000] {dag.py:4180} INFO - Setting next_dagrun for example_subdag_operator to 2022-01-01 00:00:00+00:00, run_after=2022-01-01 00:00:00+00:00
[2024-11-19T12:22:23.133+0000] {logging_mixin.py:190} INFO - [2024-11-19T12:22:23.133+0000] {dag.py:4180} INFO - Setting next_dagrun for example_subdag_operator.section-1 to None, run_after=None
[2024-11-19T12:22:23.144+0000] {logging_mixin.py:190} INFO - [2024-11-19T12:22:23.144+0000] {dag.py:4180} INFO - Setting next_dagrun for example_subdag_operator.section-2 to None, run_after=None
[2024-11-19T12:22:23.167+0000] {logging_mixin.py:190} INFO - [2024-11-19T12:22:23.167+0000] {dag.py:3239} INFO - Sync 2 DAGs
[2024-11-19T12:22:23.187+0000] {logging_mixin.py:190} INFO - [2024-11-19T12:22:23.187+0000] {dag.py:4180} INFO - Setting next_dagrun for example_subdag_operator.section-1 to None, run_after=None
[2024-11-19T12:22:23.189+0000] {logging_mixin.py:190} INFO - [2024-11-19T12:22:23.189+0000] {dag.py:4180} INFO - Setting next_dagrun for example_subdag_operator.section-2 to None, run_after=None
[2024-11-19T12:22:23.227+0000] {processor.py:208} INFO - Processing /home/airflow/.local/lib/python3.12/site-packages/airflow/example_dags/example_subdag_operator.py took 0.348 seconds
[2024-11-19T12:22:53.472+0000] {processor.py:186} INFO - Started process (PID=475) to work on /home/airflow/.local/lib/python3.12/site-packages/airflow/example_dags/example_subdag_operator.py
[2024-11-19T12:22:53.473+0000] {processor.py:914} INFO - Processing file /home/airflow/.local/lib/python3.12/site-packages/airflow/example_dags/example_subdag_operator.py for tasks to queue
[2024-11-19T12:22:53.475+0000] {logging_mixin.py:190} INFO - [2024-11-19T12:22:53.475+0000] {dagbag.py:588} INFO - Filling up the DagBag from /home/airflow/.local/lib/python3.12/site-packages/airflow/example_dags/example_subdag_operator.py
[2024-11-19T12:22:53.506+0000] {processor.py:925} INFO - DAG(s) 'example_subdag_operator.section-1', 'example_subdag_operator.section-2', 'example_subdag_operator' retrieved from /home/airflow/.local/lib/python3.12/site-packages/airflow/example_dags/example_subdag_operator.py
[2024-11-19T12:22:53.523+0000] {logging_mixin.py:190} INFO - [2024-11-19T12:22:53.522+0000] {dag.py:3239} INFO - Sync 3 DAGs
[2024-11-19T12:22:53.548+0000] {logging_mixin.py:190} INFO - [2024-11-19T12:22:53.548+0000] {dag.py:4180} INFO - Setting next_dagrun for example_subdag_operator to 2022-01-01 00:00:00+00:00, run_after=2022-01-01 00:00:00+00:00
[2024-11-19T12:22:53.552+0000] {logging_mixin.py:190} INFO - [2024-11-19T12:22:53.552+0000] {dag.py:4180} INFO - Setting next_dagrun for example_subdag_operator.section-1 to None, run_after=None
[2024-11-19T12:22:53.553+0000] {logging_mixin.py:190} INFO - [2024-11-19T12:22:53.553+0000] {dag.py:4180} INFO - Setting next_dagrun for example_subdag_operator.section-2 to None, run_after=None
[2024-11-19T12:22:53.560+0000] {logging_mixin.py:190} INFO - [2024-11-19T12:22:53.559+0000] {dag.py:3239} INFO - Sync 2 DAGs
[2024-11-19T12:22:53.564+0000] {logging_mixin.py:190} INFO - [2024-11-19T12:22:53.564+0000] {dag.py:4180} INFO - Setting next_dagrun for example_subdag_operator.section-1 to None, run_after=None
[2024-11-19T12:22:53.564+0000] {logging_mixin.py:190} INFO - [2024-11-19T12:22:53.564+0000] {dag.py:4180} INFO - Setting next_dagrun for example_subdag_operator.section-2 to None, run_after=None
[2024-11-19T12:22:53.586+0000] {processor.py:208} INFO - Processing /home/airflow/.local/lib/python3.12/site-packages/airflow/example_dags/example_subdag_operator.py took 0.120 seconds
[2024-11-19T12:23:24.090+0000] {processor.py:186} INFO - Started process (PID=539) to work on /home/airflow/.local/lib/python3.12/site-packages/airflow/example_dags/example_subdag_operator.py
[2024-11-19T12:23:24.090+0000] {processor.py:914} INFO - Processing file /home/airflow/.local/lib/python3.12/site-packages/airflow/example_dags/example_subdag_operator.py for tasks to queue
[2024-11-19T12:23:24.092+0000] {logging_mixin.py:190} INFO - [2024-11-19T12:23:24.092+0000] {dagbag.py:588} INFO - Filling up the DagBag from /home/airflow/.local/lib/python3.12/site-packages/airflow/example_dags/example_subdag_operator.py
[2024-11-19T12:23:24.118+0000] {processor.py:925} INFO - DAG(s) 'example_subdag_operator.section-1', 'example_subdag_operator.section-2', 'example_subdag_operator' retrieved from /home/airflow/.local/lib/python3.12/site-packages/airflow/example_dags/example_subdag_operator.py
[2024-11-19T12:23:24.135+0000] {logging_mixin.py:190} INFO - [2024-11-19T12:23:24.135+0000] {dag.py:3239} INFO - Sync 3 DAGs
[2024-11-19T12:23:24.161+0000] {logging_mixin.py:190} INFO - [2024-11-19T12:23:24.161+0000] {dag.py:4180} INFO - Setting next_dagrun for example_subdag_operator to 2022-01-01 00:00:00+00:00, run_after=2022-01-01 00:00:00+00:00
[2024-11-19T12:23:24.165+0000] {logging_mixin.py:190} INFO - [2024-11-19T12:23:24.165+0000] {dag.py:4180} INFO - Setting next_dagrun for example_subdag_operator.section-1 to None, run_after=None
[2024-11-19T12:23:24.167+0000] {logging_mixin.py:190} INFO - [2024-11-19T12:23:24.166+0000] {dag.py:4180} INFO - Setting next_dagrun for example_subdag_operator.section-2 to None, run_after=None
[2024-11-19T12:23:24.173+0000] {logging_mixin.py:190} INFO - [2024-11-19T12:23:24.173+0000] {dag.py:3239} INFO - Sync 2 DAGs
[2024-11-19T12:23:24.179+0000] {logging_mixin.py:190} INFO - [2024-11-19T12:23:24.179+0000] {dag.py:4180} INFO - Setting next_dagrun for example_subdag_operator.section-1 to None, run_after=None
[2024-11-19T12:23:24.180+0000] {logging_mixin.py:190} INFO - [2024-11-19T12:23:24.179+0000] {dag.py:4180} INFO - Setting next_dagrun for example_subdag_operator.section-2 to None, run_after=None
[2024-11-19T12:23:24.196+0000] {processor.py:208} INFO - Processing /home/airflow/.local/lib/python3.12/site-packages/airflow/example_dags/example_subdag_operator.py took 0.112 seconds
[2024-11-19T12:23:54.255+0000] {processor.py:186} INFO - Started process (PID=603) to work on /home/airflow/.local/lib/python3.12/site-packages/airflow/example_dags/example_subdag_operator.py
[2024-11-19T12:23:54.256+0000] {processor.py:914} INFO - Processing file /home/airflow/.local/lib/python3.12/site-packages/airflow/example_dags/example_subdag_operator.py for tasks to queue
[2024-11-19T12:23:54.259+0000] {logging_mixin.py:190} INFO - [2024-11-19T12:23:54.258+0000] {dagbag.py:588} INFO - Filling up the DagBag from /home/airflow/.local/lib/python3.12/site-packages/airflow/example_dags/example_subdag_operator.py
[2024-11-19T12:23:54.284+0000] {processor.py:925} INFO - DAG(s) 'example_subdag_operator.section-1', 'example_subdag_operator.section-2', 'example_subdag_operator' retrieved from /home/airflow/.local/lib/python3.12/site-packages/airflow/example_dags/example_subdag_operator.py
[2024-11-19T12:23:54.301+0000] {logging_mixin.py:190} INFO - [2024-11-19T12:23:54.301+0000] {dag.py:3239} INFO - Sync 3 DAGs
[2024-11-19T12:23:54.330+0000] {logging_mixin.py:190} INFO - [2024-11-19T12:23:54.330+0000] {dag.py:4180} INFO - Setting next_dagrun for example_subdag_operator to 2022-01-01 00:00:00+00:00, run_after=2022-01-01 00:00:00+00:00
[2024-11-19T12:23:54.334+0000] {logging_mixin.py:190} INFO - [2024-11-19T12:23:54.334+0000] {dag.py:4180} INFO - Setting next_dagrun for example_subdag_operator.section-1 to None, run_after=None
[2024-11-19T12:23:54.336+0000] {logging_mixin.py:190} INFO - [2024-11-19T12:23:54.335+0000] {dag.py:4180} INFO - Setting next_dagrun for example_subdag_operator.section-2 to None, run_after=None
[2024-11-19T12:23:54.342+0000] {logging_mixin.py:190} INFO - [2024-11-19T12:23:54.342+0000] {dag.py:3239} INFO - Sync 2 DAGs
[2024-11-19T12:23:54.348+0000] {logging_mixin.py:190} INFO - [2024-11-19T12:23:54.348+0000] {dag.py:4180} INFO - Setting next_dagrun for example_subdag_operator.section-1 to None, run_after=None
[2024-11-19T12:23:54.349+0000] {logging_mixin.py:190} INFO - [2024-11-19T12:23:54.348+0000] {dag.py:4180} INFO - Setting next_dagrun for example_subdag_operator.section-2 to None, run_after=None
[2024-11-19T12:23:54.363+0000] {processor.py:208} INFO - Processing /home/airflow/.local/lib/python3.12/site-packages/airflow/example_dags/example_subdag_operator.py took 0.113 seconds
[2024-11-19T12:24:24.789+0000] {processor.py:186} INFO - Started process (PID=668) to work on /home/airflow/.local/lib/python3.12/site-packages/airflow/example_dags/example_subdag_operator.py
[2024-11-19T12:24:24.790+0000] {processor.py:914} INFO - Processing file /home/airflow/.local/lib/python3.12/site-packages/airflow/example_dags/example_subdag_operator.py for tasks to queue
[2024-11-19T12:24:24.792+0000] {logging_mixin.py:190} INFO - [2024-11-19T12:24:24.792+0000] {dagbag.py:588} INFO - Filling up the DagBag from /home/airflow/.local/lib/python3.12/site-packages/airflow/example_dags/example_subdag_operator.py
[2024-11-19T12:24:24.818+0000] {processor.py:925} INFO - DAG(s) 'example_subdag_operator.section-1', 'example_subdag_operator.section-2', 'example_subdag_operator' retrieved from /home/airflow/.local/lib/python3.12/site-packages/airflow/example_dags/example_subdag_operator.py
[2024-11-19T12:24:24.835+0000] {logging_mixin.py:190} INFO - [2024-11-19T12:24:24.835+0000] {dag.py:3239} INFO - Sync 3 DAGs
[2024-11-19T12:24:24.862+0000] {logging_mixin.py:190} INFO - [2024-11-19T12:24:24.862+0000] {dag.py:4180} INFO - Setting next_dagrun for example_subdag_operator to 2022-01-01 00:00:00+00:00, run_after=2022-01-01 00:00:00+00:00
[2024-11-19T12:24:24.866+0000] {logging_mixin.py:190} INFO - [2024-11-19T12:24:24.866+0000] {dag.py:4180} INFO - Setting next_dagrun for example_subdag_operator.section-1 to None, run_after=None
[2024-11-19T12:24:24.868+0000] {logging_mixin.py:190} INFO - [2024-11-19T12:24:24.867+0000] {dag.py:4180} INFO - Setting next_dagrun for example_subdag_operator.section-2 to None, run_after=None
[2024-11-19T12:24:24.874+0000] {logging_mixin.py:190} INFO - [2024-11-19T12:24:24.874+0000] {dag.py:3239} INFO - Sync 2 DAGs
[2024-11-19T12:24:24.880+0000] {logging_mixin.py:190} INFO - [2024-11-19T12:24:24.880+0000] {dag.py:4180} INFO - Setting next_dagrun for example_subdag_operator.section-1 to None, run_after=None
[2024-11-19T12:24:24.881+0000] {logging_mixin.py:190} INFO - [2024-11-19T12:24:24.881+0000] {dag.py:4180} INFO - Setting next_dagrun for example_subdag_operator.section-2 to None, run_after=None
[2024-11-19T12:24:24.897+0000] {processor.py:208} INFO - Processing /home/airflow/.local/lib/python3.12/site-packages/airflow/example_dags/example_subdag_operator.py took 0.113 seconds
[2024-11-19T12:24:55.311+0000] {processor.py:186} INFO - Started process (PID=732) to work on /home/airflow/.local/lib/python3.12/site-packages/airflow/example_dags/example_subdag_operator.py
[2024-11-19T12:24:55.312+0000] {processor.py:914} INFO - Processing file /home/airflow/.local/lib/python3.12/site-packages/airflow/example_dags/example_subdag_operator.py for tasks to queue
[2024-11-19T12:24:55.313+0000] {logging_mixin.py:190} INFO - [2024-11-19T12:24:55.313+0000] {dagbag.py:588} INFO - Filling up the DagBag from /home/airflow/.local/lib/python3.12/site-packages/airflow/example_dags/example_subdag_operator.py
[2024-11-19T12:24:55.341+0000] {processor.py:925} INFO - DAG(s) 'example_subdag_operator.section-1', 'example_subdag_operator.section-2', 'example_subdag_operator' retrieved from /home/airflow/.local/lib/python3.12/site-packages/airflow/example_dags/example_subdag_operator.py
[2024-11-19T12:24:55.357+0000] {logging_mixin.py:190} INFO - [2024-11-19T12:24:55.357+0000] {dag.py:3239} INFO - Sync 3 DAGs
[2024-11-19T12:24:55.381+0000] {logging_mixin.py:190} INFO - [2024-11-19T12:24:55.380+0000] {dag.py:4180} INFO - Setting next_dagrun for example_subdag_operator to 2022-01-01 00:00:00+00:00, run_after=2022-01-01 00:00:00+00:00
[2024-11-19T12:24:55.383+0000] {logging_mixin.py:190} INFO - [2024-11-19T12:24:55.383+0000] {dag.py:4180} INFO - Setting next_dagrun for example_subdag_operator.section-1 to None, run_after=None
[2024-11-19T12:24:55.384+0000] {logging_mixin.py:190} INFO - [2024-11-19T12:24:55.384+0000] {dag.py:4180} INFO - Setting next_dagrun for example_subdag_operator.section-2 to None, run_after=None
[2024-11-19T12:24:55.390+0000] {logging_mixin.py:190} INFO - [2024-11-19T12:24:55.390+0000] {dag.py:3239} INFO - Sync 2 DAGs
[2024-11-19T12:24:55.394+0000] {logging_mixin.py:190} INFO - [2024-11-19T12:24:55.394+0000] {dag.py:4180} INFO - Setting next_dagrun for example_subdag_operator.section-1 to None, run_after=None
[2024-11-19T12:24:55.394+0000] {logging_mixin.py:190} INFO - [2024-11-19T12:24:55.394+0000] {dag.py:4180} INFO - Setting next_dagrun for example_subdag_operator.section-2 to None, run_after=None
[2024-11-19T12:24:55.409+0000] {processor.py:208} INFO - Processing /home/airflow/.local/lib/python3.12/site-packages/airflow/example_dags/example_subdag_operator.py took 0.102 seconds
[2024-11-19T12:25:26.058+0000] {processor.py:186} INFO - Started process (PID=796) to work on /home/airflow/.local/lib/python3.12/site-packages/airflow/example_dags/example_subdag_operator.py
[2024-11-19T12:25:26.058+0000] {processor.py:914} INFO - Processing file /home/airflow/.local/lib/python3.12/site-packages/airflow/example_dags/example_subdag_operator.py for tasks to queue
[2024-11-19T12:25:26.060+0000] {logging_mixin.py:190} INFO - [2024-11-19T12:25:26.060+0000] {dagbag.py:588} INFO - Filling up the DagBag from /home/airflow/.local/lib/python3.12/site-packages/airflow/example_dags/example_subdag_operator.py
[2024-11-19T12:25:26.085+0000] {processor.py:925} INFO - DAG(s) 'example_subdag_operator.section-1', 'example_subdag_operator.section-2', 'example_subdag_operator' retrieved from /home/airflow/.local/lib/python3.12/site-packages/airflow/example_dags/example_subdag_operator.py
[2024-11-19T12:25:26.102+0000] {logging_mixin.py:190} INFO - [2024-11-19T12:25:26.101+0000] {dag.py:3239} INFO - Sync 3 DAGs
[2024-11-19T12:25:26.126+0000] {logging_mixin.py:190} INFO - [2024-11-19T12:25:26.126+0000] {dag.py:4180} INFO - Setting next_dagrun for example_subdag_operator to 2022-01-01 00:00:00+00:00, run_after=2022-01-01 00:00:00+00:00
[2024-11-19T12:25:26.130+0000] {logging_mixin.py:190} INFO - [2024-11-19T12:25:26.130+0000] {dag.py:4180} INFO - Setting next_dagrun for example_subdag_operator.section-1 to None, run_after=None
[2024-11-19T12:25:26.131+0000] {logging_mixin.py:190} INFO - [2024-11-19T12:25:26.131+0000] {dag.py:4180} INFO - Setting next_dagrun for example_subdag_operator.section-2 to None, run_after=None
[2024-11-19T12:25:26.137+0000] {logging_mixin.py:190} INFO - [2024-11-19T12:25:26.137+0000] {dag.py:3239} INFO - Sync 2 DAGs
[2024-11-19T12:25:26.142+0000] {logging_mixin.py:190} INFO - [2024-11-19T12:25:26.142+0000] {dag.py:4180} INFO - Setting next_dagrun for example_subdag_operator.section-1 to None, run_after=None
[2024-11-19T12:25:26.143+0000] {logging_mixin.py:190} INFO - [2024-11-19T12:25:26.142+0000] {dag.py:4180} INFO - Setting next_dagrun for example_subdag_operator.section-2 to None, run_after=None
[2024-11-19T12:25:26.171+0000] {processor.py:208} INFO - Processing /home/airflow/.local/lib/python3.12/site-packages/airflow/example_dags/example_subdag_operator.py took 0.119 seconds
[2024-11-19T12:25:57.371+0000] {processor.py:186} INFO - Started process (PID=861) to work on /home/airflow/.local/lib/python3.12/site-packages/airflow/example_dags/example_subdag_operator.py
[2024-11-19T12:25:57.372+0000] {processor.py:914} INFO - Processing file /home/airflow/.local/lib/python3.12/site-packages/airflow/example_dags/example_subdag_operator.py for tasks to queue
[2024-11-19T12:25:57.378+0000] {logging_mixin.py:190} INFO - [2024-11-19T12:25:57.377+0000] {dagbag.py:588} INFO - Filling up the DagBag from /home/airflow/.local/lib/python3.12/site-packages/airflow/example_dags/example_subdag_operator.py
[2024-11-19T12:25:57.483+0000] {processor.py:925} INFO - DAG(s) 'example_subdag_operator.section-1', 'example_subdag_operator.section-2', 'example_subdag_operator' retrieved from /home/airflow/.local/lib/python3.12/site-packages/airflow/example_dags/example_subdag_operator.py
[2024-11-19T12:25:57.590+0000] {logging_mixin.py:190} INFO - [2024-11-19T12:25:57.590+0000] {dag.py:3239} INFO - Sync 3 DAGs
[2024-11-19T12:25:57.633+0000] {logging_mixin.py:190} INFO - [2024-11-19T12:25:57.633+0000] {dag.py:4180} INFO - Setting next_dagrun for example_subdag_operator to 2022-01-01 00:00:00+00:00, run_after=2022-01-01 00:00:00+00:00
[2024-11-19T12:25:57.640+0000] {logging_mixin.py:190} INFO - [2024-11-19T12:25:57.640+0000] {dag.py:4180} INFO - Setting next_dagrun for example_subdag_operator.section-1 to None, run_after=None
[2024-11-19T12:25:57.643+0000] {logging_mixin.py:190} INFO - [2024-11-19T12:25:57.643+0000] {dag.py:4180} INFO - Setting next_dagrun for example_subdag_operator.section-2 to None, run_after=None
[2024-11-19T12:25:57.667+0000] {logging_mixin.py:190} INFO - [2024-11-19T12:25:57.667+0000] {dag.py:3239} INFO - Sync 2 DAGs
[2024-11-19T12:25:57.681+0000] {logging_mixin.py:190} INFO - [2024-11-19T12:25:57.681+0000] {dag.py:4180} INFO - Setting next_dagrun for example_subdag_operator.section-1 to None, run_after=None
[2024-11-19T12:25:57.682+0000] {logging_mixin.py:190} INFO - [2024-11-19T12:25:57.682+0000] {dag.py:4180} INFO - Setting next_dagrun for example_subdag_operator.section-2 to None, run_after=None
[2024-11-19T12:25:57.705+0000] {processor.py:208} INFO - Processing /home/airflow/.local/lib/python3.12/site-packages/airflow/example_dags/example_subdag_operator.py took 0.352 seconds
[2024-11-19T12:26:28.278+0000] {processor.py:186} INFO - Started process (PID=925) to work on /home/airflow/.local/lib/python3.12/site-packages/airflow/example_dags/example_subdag_operator.py
[2024-11-19T12:26:28.282+0000] {processor.py:914} INFO - Processing file /home/airflow/.local/lib/python3.12/site-packages/airflow/example_dags/example_subdag_operator.py for tasks to queue
[2024-11-19T12:26:28.287+0000] {logging_mixin.py:190} INFO - [2024-11-19T12:26:28.287+0000] {dagbag.py:588} INFO - Filling up the DagBag from /home/airflow/.local/lib/python3.12/site-packages/airflow/example_dags/example_subdag_operator.py
[2024-11-19T12:26:28.325+0000] {processor.py:925} INFO - DAG(s) 'example_subdag_operator.section-1', 'example_subdag_operator.section-2', 'example_subdag_operator' retrieved from /home/airflow/.local/lib/python3.12/site-packages/airflow/example_dags/example_subdag_operator.py
[2024-11-19T12:26:28.364+0000] {logging_mixin.py:190} INFO - [2024-11-19T12:26:28.364+0000] {dag.py:3239} INFO - Sync 3 DAGs
[2024-11-19T12:26:28.414+0000] {logging_mixin.py:190} INFO - [2024-11-19T12:26:28.414+0000] {dag.py:4180} INFO - Setting next_dagrun for example_subdag_operator to 2022-01-01 00:00:00+00:00, run_after=2022-01-01 00:00:00+00:00
[2024-11-19T12:26:28.425+0000] {logging_mixin.py:190} INFO - [2024-11-19T12:26:28.425+0000] {dag.py:4180} INFO - Setting next_dagrun for example_subdag_operator.section-1 to None, run_after=None
[2024-11-19T12:26:28.428+0000] {logging_mixin.py:190} INFO - [2024-11-19T12:26:28.428+0000] {dag.py:4180} INFO - Setting next_dagrun for example_subdag_operator.section-2 to None, run_after=None
[2024-11-19T12:26:28.442+0000] {logging_mixin.py:190} INFO - [2024-11-19T12:26:28.442+0000] {dag.py:3239} INFO - Sync 2 DAGs
[2024-11-19T12:26:28.452+0000] {logging_mixin.py:190} INFO - [2024-11-19T12:26:28.452+0000] {dag.py:4180} INFO - Setting next_dagrun for example_subdag_operator.section-1 to None, run_after=None
[2024-11-19T12:26:28.452+0000] {logging_mixin.py:190} INFO - [2024-11-19T12:26:28.452+0000] {dag.py:4180} INFO - Setting next_dagrun for example_subdag_operator.section-2 to None, run_after=None
[2024-11-19T12:26:28.474+0000] {processor.py:208} INFO - Processing /home/airflow/.local/lib/python3.12/site-packages/airflow/example_dags/example_subdag_operator.py took 0.209 seconds
[2024-11-19T12:26:59.086+0000] {processor.py:186} INFO - Started process (PID=989) to work on /home/airflow/.local/lib/python3.12/site-packages/airflow/example_dags/example_subdag_operator.py
[2024-11-19T12:26:59.086+0000] {processor.py:914} INFO - Processing file /home/airflow/.local/lib/python3.12/site-packages/airflow/example_dags/example_subdag_operator.py for tasks to queue
[2024-11-19T12:26:59.087+0000] {logging_mixin.py:190} INFO - [2024-11-19T12:26:59.087+0000] {dagbag.py:588} INFO - Filling up the DagBag from /home/airflow/.local/lib/python3.12/site-packages/airflow/example_dags/example_subdag_operator.py
[2024-11-19T12:26:59.114+0000] {processor.py:925} INFO - DAG(s) 'example_subdag_operator.section-1', 'example_subdag_operator.section-2', 'example_subdag_operator' retrieved from /home/airflow/.local/lib/python3.12/site-packages/airflow/example_dags/example_subdag_operator.py
[2024-11-19T12:26:59.132+0000] {logging_mixin.py:190} INFO - [2024-11-19T12:26:59.131+0000] {dag.py:3239} INFO - Sync 3 DAGs
[2024-11-19T12:26:59.155+0000] {logging_mixin.py:190} INFO - [2024-11-19T12:26:59.155+0000] {dag.py:4180} INFO - Setting next_dagrun for example_subdag_operator to 2022-01-01 00:00:00+00:00, run_after=2022-01-01 00:00:00+00:00
[2024-11-19T12:26:59.159+0000] {logging_mixin.py:190} INFO - [2024-11-19T12:26:59.158+0000] {dag.py:4180} INFO - Setting next_dagrun for example_subdag_operator.section-1 to None, run_after=None
[2024-11-19T12:26:59.160+0000] {logging_mixin.py:190} INFO - [2024-11-19T12:26:59.159+0000] {dag.py:4180} INFO - Setting next_dagrun for example_subdag_operator.section-2 to None, run_after=None
[2024-11-19T12:26:59.166+0000] {logging_mixin.py:190} INFO - [2024-11-19T12:26:59.165+0000] {dag.py:3239} INFO - Sync 2 DAGs
[2024-11-19T12:26:59.171+0000] {logging_mixin.py:190} INFO - [2024-11-19T12:26:59.171+0000] {dag.py:4180} INFO - Setting next_dagrun for example_subdag_operator.section-1 to None, run_after=None
[2024-11-19T12:26:59.171+0000] {logging_mixin.py:190} INFO - [2024-11-19T12:26:59.171+0000] {dag.py:4180} INFO - Setting next_dagrun for example_subdag_operator.section-2 to None, run_after=None
[2024-11-19T12:26:59.189+0000] {processor.py:208} INFO - Processing /home/airflow/.local/lib/python3.12/site-packages/airflow/example_dags/example_subdag_operator.py took 0.109 seconds
[2024-11-19T12:27:29.864+0000] {processor.py:186} INFO - Started process (PID=1053) to work on /home/airflow/.local/lib/python3.12/site-packages/airflow/example_dags/example_subdag_operator.py
[2024-11-19T12:27:29.864+0000] {processor.py:914} INFO - Processing file /home/airflow/.local/lib/python3.12/site-packages/airflow/example_dags/example_subdag_operator.py for tasks to queue
[2024-11-19T12:27:29.865+0000] {logging_mixin.py:190} INFO - [2024-11-19T12:27:29.865+0000] {dagbag.py:588} INFO - Filling up the DagBag from /home/airflow/.local/lib/python3.12/site-packages/airflow/example_dags/example_subdag_operator.py
[2024-11-19T12:27:29.885+0000] {processor.py:925} INFO - DAG(s) 'example_subdag_operator.section-1', 'example_subdag_operator.section-2', 'example_subdag_operator' retrieved from /home/airflow/.local/lib/python3.12/site-packages/airflow/example_dags/example_subdag_operator.py
[2024-11-19T12:27:29.901+0000] {logging_mixin.py:190} INFO - [2024-11-19T12:27:29.901+0000] {dag.py:3239} INFO - Sync 3 DAGs
[2024-11-19T12:27:29.932+0000] {logging_mixin.py:190} INFO - [2024-11-19T12:27:29.932+0000] {dag.py:4180} INFO - Setting next_dagrun for example_subdag_operator to 2022-01-01 00:00:00+00:00, run_after=2022-01-01 00:00:00+00:00
[2024-11-19T12:27:29.936+0000] {logging_mixin.py:190} INFO - [2024-11-19T12:27:29.936+0000] {dag.py:4180} INFO - Setting next_dagrun for example_subdag_operator.section-1 to None, run_after=None
[2024-11-19T12:27:29.937+0000] {logging_mixin.py:190} INFO - [2024-11-19T12:27:29.937+0000] {dag.py:4180} INFO - Setting next_dagrun for example_subdag_operator.section-2 to None, run_after=None
[2024-11-19T12:27:29.944+0000] {logging_mixin.py:190} INFO - [2024-11-19T12:27:29.944+0000] {dag.py:3239} INFO - Sync 2 DAGs
[2024-11-19T12:27:29.950+0000] {logging_mixin.py:190} INFO - [2024-11-19T12:27:29.949+0000] {dag.py:4180} INFO - Setting next_dagrun for example_subdag_operator.section-1 to None, run_after=None
[2024-11-19T12:27:29.950+0000] {logging_mixin.py:190} INFO - [2024-11-19T12:27:29.950+0000] {dag.py:4180} INFO - Setting next_dagrun for example_subdag_operator.section-2 to None, run_after=None
[2024-11-19T12:27:29.966+0000] {processor.py:208} INFO - Processing /home/airflow/.local/lib/python3.12/site-packages/airflow/example_dags/example_subdag_operator.py took 0.107 seconds
