[2024-11-19T12:04:20.379+0000] {processor.py:186} INFO - Started process (PID=117) to work on /home/airflow/.local/lib/python3.12/site-packages/airflow/example_dags/example_sensor_decorator.py
[2024-11-19T12:04:20.403+0000] {processor.py:914} INFO - Processing file /home/airflow/.local/lib/python3.12/site-packages/airflow/example_dags/example_sensor_decorator.py for tasks to queue
[2024-11-19T12:04:20.418+0000] {logging_mixin.py:190} INFO - [2024-11-19T12:04:20.410+0000] {dagbag.py:588} INFO - Filling up the DagBag from /home/airflow/.local/lib/python3.12/site-packages/airflow/example_dags/example_sensor_decorator.py
[2024-11-19T12:04:20.456+0000] {processor.py:925} INFO - DAG(s) 'example_sensor_decorator' retrieved from /home/airflow/.local/lib/python3.12/site-packages/airflow/example_dags/example_sensor_decorator.py
[2024-11-19T12:04:20.581+0000] {logging_mixin.py:190} INFO - [2024-11-19T12:04:20.581+0000] {dag.py:3239} INFO - Sync 1 DAGs
[2024-11-19T12:04:20.643+0000] {logging_mixin.py:190} INFO - [2024-11-19T12:04:20.640+0000] {dag.py:4180} INFO - Setting next_dagrun for example_sensor_decorator to None, run_after=None
[2024-11-19T12:04:21.530+0000] {processor.py:208} INFO - Processing /home/airflow/.local/lib/python3.12/site-packages/airflow/example_dags/example_sensor_decorator.py took 1.167 seconds
[2024-11-19T12:04:51.721+0000] {processor.py:186} INFO - Started process (PID=181) to work on /home/airflow/.local/lib/python3.12/site-packages/airflow/example_dags/example_sensor_decorator.py
[2024-11-19T12:04:51.722+0000] {processor.py:914} INFO - Processing file /home/airflow/.local/lib/python3.12/site-packages/airflow/example_dags/example_sensor_decorator.py for tasks to queue
[2024-11-19T12:04:51.725+0000] {logging_mixin.py:190} INFO - [2024-11-19T12:04:51.725+0000] {dagbag.py:588} INFO - Filling up the DagBag from /home/airflow/.local/lib/python3.12/site-packages/airflow/example_dags/example_sensor_decorator.py
[2024-11-19T12:04:51.733+0000] {processor.py:925} INFO - DAG(s) 'example_sensor_decorator' retrieved from /home/airflow/.local/lib/python3.12/site-packages/airflow/example_dags/example_sensor_decorator.py
[2024-11-19T12:04:51.768+0000] {logging_mixin.py:190} INFO - [2024-11-19T12:04:51.768+0000] {dag.py:3239} INFO - Sync 1 DAGs
[2024-11-19T12:04:51.782+0000] {logging_mixin.py:190} INFO - [2024-11-19T12:04:51.781+0000] {dag.py:4180} INFO - Setting next_dagrun for example_sensor_decorator to None, run_after=None
[2024-11-19T12:04:51.834+0000] {processor.py:208} INFO - Processing /home/airflow/.local/lib/python3.12/site-packages/airflow/example_dags/example_sensor_decorator.py took 0.129 seconds
[2024-11-19T12:05:22.087+0000] {processor.py:186} INFO - Started process (PID=245) to work on /home/airflow/.local/lib/python3.12/site-packages/airflow/example_dags/example_sensor_decorator.py
[2024-11-19T12:05:22.089+0000] {processor.py:914} INFO - Processing file /home/airflow/.local/lib/python3.12/site-packages/airflow/example_dags/example_sensor_decorator.py for tasks to queue
[2024-11-19T12:05:22.091+0000] {logging_mixin.py:190} INFO - [2024-11-19T12:05:22.090+0000] {dagbag.py:588} INFO - Filling up the DagBag from /home/airflow/.local/lib/python3.12/site-packages/airflow/example_dags/example_sensor_decorator.py
[2024-11-19T12:05:22.100+0000] {processor.py:925} INFO - DAG(s) 'example_sensor_decorator' retrieved from /home/airflow/.local/lib/python3.12/site-packages/airflow/example_dags/example_sensor_decorator.py
[2024-11-19T12:05:22.120+0000] {logging_mixin.py:190} INFO - [2024-11-19T12:05:22.119+0000] {dag.py:3239} INFO - Sync 1 DAGs
[2024-11-19T12:05:22.135+0000] {logging_mixin.py:190} INFO - [2024-11-19T12:05:22.135+0000] {dag.py:4180} INFO - Setting next_dagrun for example_sensor_decorator to None, run_after=None
[2024-11-19T12:05:22.169+0000] {processor.py:208} INFO - Processing /home/airflow/.local/lib/python3.12/site-packages/airflow/example_dags/example_sensor_decorator.py took 0.092 seconds
[2024-11-19T12:05:52.278+0000] {processor.py:186} INFO - Started process (PID=309) to work on /home/airflow/.local/lib/python3.12/site-packages/airflow/example_dags/example_sensor_decorator.py
[2024-11-19T12:05:52.278+0000] {processor.py:914} INFO - Processing file /home/airflow/.local/lib/python3.12/site-packages/airflow/example_dags/example_sensor_decorator.py for tasks to queue
[2024-11-19T12:05:52.280+0000] {logging_mixin.py:190} INFO - [2024-11-19T12:05:52.280+0000] {dagbag.py:588} INFO - Filling up the DagBag from /home/airflow/.local/lib/python3.12/site-packages/airflow/example_dags/example_sensor_decorator.py
[2024-11-19T12:05:52.286+0000] {processor.py:925} INFO - DAG(s) 'example_sensor_decorator' retrieved from /home/airflow/.local/lib/python3.12/site-packages/airflow/example_dags/example_sensor_decorator.py
[2024-11-19T12:05:52.300+0000] {logging_mixin.py:190} INFO - [2024-11-19T12:05:52.300+0000] {dag.py:3239} INFO - Sync 1 DAGs
[2024-11-19T12:05:52.310+0000] {logging_mixin.py:190} INFO - [2024-11-19T12:05:52.310+0000] {dag.py:4180} INFO - Setting next_dagrun for example_sensor_decorator to None, run_after=None
[2024-11-19T12:05:52.328+0000] {processor.py:208} INFO - Processing /home/airflow/.local/lib/python3.12/site-packages/airflow/example_dags/example_sensor_decorator.py took 0.055 seconds
[2024-11-19T12:06:22.386+0000] {processor.py:186} INFO - Started process (PID=374) to work on /home/airflow/.local/lib/python3.12/site-packages/airflow/example_dags/example_sensor_decorator.py
[2024-11-19T12:06:22.387+0000] {processor.py:914} INFO - Processing file /home/airflow/.local/lib/python3.12/site-packages/airflow/example_dags/example_sensor_decorator.py for tasks to queue
[2024-11-19T12:06:22.389+0000] {logging_mixin.py:190} INFO - [2024-11-19T12:06:22.388+0000] {dagbag.py:588} INFO - Filling up the DagBag from /home/airflow/.local/lib/python3.12/site-packages/airflow/example_dags/example_sensor_decorator.py
[2024-11-19T12:06:22.394+0000] {processor.py:925} INFO - DAG(s) 'example_sensor_decorator' retrieved from /home/airflow/.local/lib/python3.12/site-packages/airflow/example_dags/example_sensor_decorator.py
[2024-11-19T12:06:22.408+0000] {logging_mixin.py:190} INFO - [2024-11-19T12:06:22.408+0000] {dag.py:3239} INFO - Sync 1 DAGs
[2024-11-19T12:06:22.419+0000] {logging_mixin.py:190} INFO - [2024-11-19T12:06:22.419+0000] {dag.py:4180} INFO - Setting next_dagrun for example_sensor_decorator to None, run_after=None
[2024-11-19T12:06:22.438+0000] {processor.py:208} INFO - Processing /home/airflow/.local/lib/python3.12/site-packages/airflow/example_dags/example_sensor_decorator.py took 0.056 seconds
[2024-11-19T12:06:53.399+0000] {processor.py:186} INFO - Started process (PID=438) to work on /home/airflow/.local/lib/python3.12/site-packages/airflow/example_dags/example_sensor_decorator.py
[2024-11-19T12:06:53.404+0000] {processor.py:914} INFO - Processing file /home/airflow/.local/lib/python3.12/site-packages/airflow/example_dags/example_sensor_decorator.py for tasks to queue
[2024-11-19T12:06:53.407+0000] {logging_mixin.py:190} INFO - [2024-11-19T12:06:53.406+0000] {dagbag.py:588} INFO - Filling up the DagBag from /home/airflow/.local/lib/python3.12/site-packages/airflow/example_dags/example_sensor_decorator.py
[2024-11-19T12:06:53.418+0000] {processor.py:925} INFO - DAG(s) 'example_sensor_decorator' retrieved from /home/airflow/.local/lib/python3.12/site-packages/airflow/example_dags/example_sensor_decorator.py
[2024-11-19T12:06:53.436+0000] {logging_mixin.py:190} INFO - [2024-11-19T12:06:53.435+0000] {dag.py:3239} INFO - Sync 1 DAGs
[2024-11-19T12:06:53.450+0000] {logging_mixin.py:190} INFO - [2024-11-19T12:06:53.450+0000] {dag.py:4180} INFO - Setting next_dagrun for example_sensor_decorator to None, run_after=None
[2024-11-19T12:06:53.480+0000] {processor.py:208} INFO - Processing /home/airflow/.local/lib/python3.12/site-packages/airflow/example_dags/example_sensor_decorator.py took 0.087 seconds
[2024-11-19T12:07:26.619+0000] {processor.py:186} INFO - Started process (PID=503) to work on /home/airflow/.local/lib/python3.12/site-packages/airflow/example_dags/example_sensor_decorator.py
[2024-11-19T12:07:26.620+0000] {processor.py:914} INFO - Processing file /home/airflow/.local/lib/python3.12/site-packages/airflow/example_dags/example_sensor_decorator.py for tasks to queue
[2024-11-19T12:07:26.622+0000] {logging_mixin.py:190} INFO - [2024-11-19T12:07:26.621+0000] {dagbag.py:588} INFO - Filling up the DagBag from /home/airflow/.local/lib/python3.12/site-packages/airflow/example_dags/example_sensor_decorator.py
[2024-11-19T12:07:26.629+0000] {processor.py:925} INFO - DAG(s) 'example_sensor_decorator' retrieved from /home/airflow/.local/lib/python3.12/site-packages/airflow/example_dags/example_sensor_decorator.py
[2024-11-19T12:07:26.649+0000] {logging_mixin.py:190} INFO - [2024-11-19T12:07:26.649+0000] {dag.py:3239} INFO - Sync 1 DAGs
[2024-11-19T12:07:26.664+0000] {logging_mixin.py:190} INFO - [2024-11-19T12:07:26.664+0000] {dag.py:4180} INFO - Setting next_dagrun for example_sensor_decorator to None, run_after=None
[2024-11-19T12:07:26.693+0000] {processor.py:208} INFO - Processing /home/airflow/.local/lib/python3.12/site-packages/airflow/example_dags/example_sensor_decorator.py took 0.080 seconds
[2024-11-19T12:08:02.011+0000] {processor.py:186} INFO - Started process (PID=573) to work on /home/airflow/.local/lib/python3.12/site-packages/airflow/example_dags/example_sensor_decorator.py
[2024-11-19T12:08:02.012+0000] {processor.py:914} INFO - Processing file /home/airflow/.local/lib/python3.12/site-packages/airflow/example_dags/example_sensor_decorator.py for tasks to queue
[2024-11-19T12:08:02.014+0000] {logging_mixin.py:190} INFO - [2024-11-19T12:08:02.014+0000] {dagbag.py:588} INFO - Filling up the DagBag from /home/airflow/.local/lib/python3.12/site-packages/airflow/example_dags/example_sensor_decorator.py
[2024-11-19T12:08:02.024+0000] {processor.py:925} INFO - DAG(s) 'example_sensor_decorator' retrieved from /home/airflow/.local/lib/python3.12/site-packages/airflow/example_dags/example_sensor_decorator.py
[2024-11-19T12:08:02.057+0000] {logging_mixin.py:190} INFO - [2024-11-19T12:08:02.057+0000] {dag.py:3239} INFO - Sync 1 DAGs
[2024-11-19T12:08:02.073+0000] {logging_mixin.py:190} INFO - [2024-11-19T12:08:02.072+0000] {dag.py:4180} INFO - Setting next_dagrun for example_sensor_decorator to None, run_after=None
[2024-11-19T12:08:02.098+0000] {processor.py:208} INFO - Processing /home/airflow/.local/lib/python3.12/site-packages/airflow/example_dags/example_sensor_decorator.py took 0.092 seconds
[2024-11-19T12:08:36.621+0000] {processor.py:186} INFO - Started process (PID=649) to work on /home/airflow/.local/lib/python3.12/site-packages/airflow/example_dags/example_sensor_decorator.py
[2024-11-19T12:08:36.624+0000] {processor.py:914} INFO - Processing file /home/airflow/.local/lib/python3.12/site-packages/airflow/example_dags/example_sensor_decorator.py for tasks to queue
[2024-11-19T12:08:36.654+0000] {logging_mixin.py:190} INFO - [2024-11-19T12:08:36.654+0000] {dagbag.py:588} INFO - Filling up the DagBag from /home/airflow/.local/lib/python3.12/site-packages/airflow/example_dags/example_sensor_decorator.py
[2024-11-19T12:08:36.688+0000] {processor.py:925} INFO - DAG(s) 'example_sensor_decorator' retrieved from /home/airflow/.local/lib/python3.12/site-packages/airflow/example_dags/example_sensor_decorator.py
[2024-11-19T12:08:36.751+0000] {logging_mixin.py:190} INFO - [2024-11-19T12:08:36.750+0000] {dag.py:3239} INFO - Sync 1 DAGs
[2024-11-19T12:08:36.771+0000] {logging_mixin.py:190} INFO - [2024-11-19T12:08:36.771+0000] {dag.py:4180} INFO - Setting next_dagrun for example_sensor_decorator to None, run_after=None
[2024-11-19T12:08:36.795+0000] {processor.py:208} INFO - Processing /home/airflow/.local/lib/python3.12/site-packages/airflow/example_dags/example_sensor_decorator.py took 0.194 seconds
[2024-11-19T12:09:12.323+0000] {processor.py:186} INFO - Started process (PID=713) to work on /home/airflow/.local/lib/python3.12/site-packages/airflow/example_dags/example_sensor_decorator.py
[2024-11-19T12:09:12.334+0000] {processor.py:914} INFO - Processing file /home/airflow/.local/lib/python3.12/site-packages/airflow/example_dags/example_sensor_decorator.py for tasks to queue
[2024-11-19T12:09:12.337+0000] {logging_mixin.py:190} INFO - [2024-11-19T12:09:12.337+0000] {dagbag.py:588} INFO - Filling up the DagBag from /home/airflow/.local/lib/python3.12/site-packages/airflow/example_dags/example_sensor_decorator.py
[2024-11-19T12:09:12.345+0000] {processor.py:925} INFO - DAG(s) 'example_sensor_decorator' retrieved from /home/airflow/.local/lib/python3.12/site-packages/airflow/example_dags/example_sensor_decorator.py
[2024-11-19T12:09:12.410+0000] {logging_mixin.py:190} INFO - [2024-11-19T12:09:12.410+0000] {dag.py:3239} INFO - Sync 1 DAGs
[2024-11-19T12:09:12.448+0000] {logging_mixin.py:190} INFO - [2024-11-19T12:09:12.448+0000] {dag.py:4180} INFO - Setting next_dagrun for example_sensor_decorator to None, run_after=None
[2024-11-19T12:09:12.514+0000] {processor.py:208} INFO - Processing /home/airflow/.local/lib/python3.12/site-packages/airflow/example_dags/example_sensor_decorator.py took 0.220 seconds
[2024-11-19T12:09:43.467+0000] {processor.py:186} INFO - Started process (PID=784) to work on /home/airflow/.local/lib/python3.12/site-packages/airflow/example_dags/example_sensor_decorator.py
[2024-11-19T12:09:43.468+0000] {processor.py:914} INFO - Processing file /home/airflow/.local/lib/python3.12/site-packages/airflow/example_dags/example_sensor_decorator.py for tasks to queue
[2024-11-19T12:09:43.471+0000] {logging_mixin.py:190} INFO - [2024-11-19T12:09:43.471+0000] {dagbag.py:588} INFO - Filling up the DagBag from /home/airflow/.local/lib/python3.12/site-packages/airflow/example_dags/example_sensor_decorator.py
[2024-11-19T12:09:43.490+0000] {processor.py:925} INFO - DAG(s) 'example_sensor_decorator' retrieved from /home/airflow/.local/lib/python3.12/site-packages/airflow/example_dags/example_sensor_decorator.py
[2024-11-19T12:09:43.563+0000] {logging_mixin.py:190} INFO - [2024-11-19T12:09:43.562+0000] {dag.py:3239} INFO - Sync 1 DAGs
[2024-11-19T12:09:43.600+0000] {logging_mixin.py:190} INFO - [2024-11-19T12:09:43.600+0000] {dag.py:4180} INFO - Setting next_dagrun for example_sensor_decorator to None, run_after=None
[2024-11-19T12:09:43.651+0000] {processor.py:208} INFO - Processing /home/airflow/.local/lib/python3.12/site-packages/airflow/example_dags/example_sensor_decorator.py took 0.201 seconds
[2024-11-19T12:10:13.942+0000] {processor.py:186} INFO - Started process (PID=848) to work on /home/airflow/.local/lib/python3.12/site-packages/airflow/example_dags/example_sensor_decorator.py
[2024-11-19T12:10:13.943+0000] {processor.py:914} INFO - Processing file /home/airflow/.local/lib/python3.12/site-packages/airflow/example_dags/example_sensor_decorator.py for tasks to queue
[2024-11-19T12:10:13.946+0000] {logging_mixin.py:190} INFO - [2024-11-19T12:10:13.945+0000] {dagbag.py:588} INFO - Filling up the DagBag from /home/airflow/.local/lib/python3.12/site-packages/airflow/example_dags/example_sensor_decorator.py
[2024-11-19T12:10:13.954+0000] {processor.py:925} INFO - DAG(s) 'example_sensor_decorator' retrieved from /home/airflow/.local/lib/python3.12/site-packages/airflow/example_dags/example_sensor_decorator.py
[2024-11-19T12:10:13.973+0000] {logging_mixin.py:190} INFO - [2024-11-19T12:10:13.973+0000] {dag.py:3239} INFO - Sync 1 DAGs
[2024-11-19T12:10:13.989+0000] {logging_mixin.py:190} INFO - [2024-11-19T12:10:13.989+0000] {dag.py:4180} INFO - Setting next_dagrun for example_sensor_decorator to None, run_after=None
[2024-11-19T12:10:14.012+0000] {processor.py:208} INFO - Processing /home/airflow/.local/lib/python3.12/site-packages/airflow/example_dags/example_sensor_decorator.py took 0.075 seconds
[2024-11-19T12:10:44.137+0000] {processor.py:186} INFO - Started process (PID=912) to work on /home/airflow/.local/lib/python3.12/site-packages/airflow/example_dags/example_sensor_decorator.py
[2024-11-19T12:10:44.138+0000] {processor.py:914} INFO - Processing file /home/airflow/.local/lib/python3.12/site-packages/airflow/example_dags/example_sensor_decorator.py for tasks to queue
[2024-11-19T12:10:44.140+0000] {logging_mixin.py:190} INFO - [2024-11-19T12:10:44.140+0000] {dagbag.py:588} INFO - Filling up the DagBag from /home/airflow/.local/lib/python3.12/site-packages/airflow/example_dags/example_sensor_decorator.py
[2024-11-19T12:10:44.148+0000] {processor.py:925} INFO - DAG(s) 'example_sensor_decorator' retrieved from /home/airflow/.local/lib/python3.12/site-packages/airflow/example_dags/example_sensor_decorator.py
[2024-11-19T12:10:44.168+0000] {logging_mixin.py:190} INFO - [2024-11-19T12:10:44.168+0000] {dag.py:3239} INFO - Sync 1 DAGs
[2024-11-19T12:10:44.184+0000] {logging_mixin.py:190} INFO - [2024-11-19T12:10:44.184+0000] {dag.py:4180} INFO - Setting next_dagrun for example_sensor_decorator to None, run_after=None
[2024-11-19T12:10:44.209+0000] {processor.py:208} INFO - Processing /home/airflow/.local/lib/python3.12/site-packages/airflow/example_dags/example_sensor_decorator.py took 0.082 seconds
[2024-11-19T12:11:14.713+0000] {processor.py:186} INFO - Started process (PID=979) to work on /home/airflow/.local/lib/python3.12/site-packages/airflow/example_dags/example_sensor_decorator.py
[2024-11-19T12:11:14.714+0000] {processor.py:914} INFO - Processing file /home/airflow/.local/lib/python3.12/site-packages/airflow/example_dags/example_sensor_decorator.py for tasks to queue
[2024-11-19T12:11:14.715+0000] {logging_mixin.py:190} INFO - [2024-11-19T12:11:14.715+0000] {dagbag.py:588} INFO - Filling up the DagBag from /home/airflow/.local/lib/python3.12/site-packages/airflow/example_dags/example_sensor_decorator.py
[2024-11-19T12:11:14.724+0000] {processor.py:925} INFO - DAG(s) 'example_sensor_decorator' retrieved from /home/airflow/.local/lib/python3.12/site-packages/airflow/example_dags/example_sensor_decorator.py
[2024-11-19T12:11:14.743+0000] {logging_mixin.py:190} INFO - [2024-11-19T12:11:14.743+0000] {dag.py:3239} INFO - Sync 1 DAGs
[2024-11-19T12:11:14.760+0000] {logging_mixin.py:190} INFO - [2024-11-19T12:11:14.760+0000] {dag.py:4180} INFO - Setting next_dagrun for example_sensor_decorator to None, run_after=None
[2024-11-19T12:11:14.782+0000] {processor.py:208} INFO - Processing /home/airflow/.local/lib/python3.12/site-packages/airflow/example_dags/example_sensor_decorator.py took 0.075 seconds
[2024-11-19T12:11:45.375+0000] {processor.py:186} INFO - Started process (PID=1043) to work on /home/airflow/.local/lib/python3.12/site-packages/airflow/example_dags/example_sensor_decorator.py
[2024-11-19T12:11:45.376+0000] {processor.py:914} INFO - Processing file /home/airflow/.local/lib/python3.12/site-packages/airflow/example_dags/example_sensor_decorator.py for tasks to queue
[2024-11-19T12:11:45.377+0000] {logging_mixin.py:190} INFO - [2024-11-19T12:11:45.377+0000] {dagbag.py:588} INFO - Filling up the DagBag from /home/airflow/.local/lib/python3.12/site-packages/airflow/example_dags/example_sensor_decorator.py
[2024-11-19T12:11:45.386+0000] {processor.py:925} INFO - DAG(s) 'example_sensor_decorator' retrieved from /home/airflow/.local/lib/python3.12/site-packages/airflow/example_dags/example_sensor_decorator.py
[2024-11-19T12:11:45.404+0000] {logging_mixin.py:190} INFO - [2024-11-19T12:11:45.404+0000] {dag.py:3239} INFO - Sync 1 DAGs
[2024-11-19T12:11:45.420+0000] {logging_mixin.py:190} INFO - [2024-11-19T12:11:45.420+0000] {dag.py:4180} INFO - Setting next_dagrun for example_sensor_decorator to None, run_after=None
[2024-11-19T12:11:45.456+0000] {processor.py:208} INFO - Processing /home/airflow/.local/lib/python3.12/site-packages/airflow/example_dags/example_sensor_decorator.py took 0.087 seconds
[2024-11-19T12:12:15.765+0000] {processor.py:186} INFO - Started process (PID=1109) to work on /home/airflow/.local/lib/python3.12/site-packages/airflow/example_dags/example_sensor_decorator.py
[2024-11-19T12:12:15.770+0000] {processor.py:914} INFO - Processing file /home/airflow/.local/lib/python3.12/site-packages/airflow/example_dags/example_sensor_decorator.py for tasks to queue
[2024-11-19T12:12:15.772+0000] {logging_mixin.py:190} INFO - [2024-11-19T12:12:15.772+0000] {dagbag.py:588} INFO - Filling up the DagBag from /home/airflow/.local/lib/python3.12/site-packages/airflow/example_dags/example_sensor_decorator.py
[2024-11-19T12:12:15.787+0000] {processor.py:925} INFO - DAG(s) 'example_sensor_decorator' retrieved from /home/airflow/.local/lib/python3.12/site-packages/airflow/example_dags/example_sensor_decorator.py
[2024-11-19T12:12:15.847+0000] {logging_mixin.py:190} INFO - [2024-11-19T12:12:15.846+0000] {dag.py:3239} INFO - Sync 1 DAGs
[2024-11-19T12:12:15.896+0000] {logging_mixin.py:190} INFO - [2024-11-19T12:12:15.896+0000] {dag.py:4180} INFO - Setting next_dagrun for example_sensor_decorator to None, run_after=None
[2024-11-19T12:12:15.942+0000] {processor.py:208} INFO - Processing /home/airflow/.local/lib/python3.12/site-packages/airflow/example_dags/example_sensor_decorator.py took 0.196 seconds
[2024-11-19T12:12:46.244+0000] {processor.py:186} INFO - Started process (PID=1176) to work on /home/airflow/.local/lib/python3.12/site-packages/airflow/example_dags/example_sensor_decorator.py
[2024-11-19T12:12:46.245+0000] {processor.py:914} INFO - Processing file /home/airflow/.local/lib/python3.12/site-packages/airflow/example_dags/example_sensor_decorator.py for tasks to queue
[2024-11-19T12:12:46.247+0000] {logging_mixin.py:190} INFO - [2024-11-19T12:12:46.246+0000] {dagbag.py:588} INFO - Filling up the DagBag from /home/airflow/.local/lib/python3.12/site-packages/airflow/example_dags/example_sensor_decorator.py
[2024-11-19T12:12:46.256+0000] {processor.py:925} INFO - DAG(s) 'example_sensor_decorator' retrieved from /home/airflow/.local/lib/python3.12/site-packages/airflow/example_dags/example_sensor_decorator.py
[2024-11-19T12:12:46.275+0000] {logging_mixin.py:190} INFO - [2024-11-19T12:12:46.275+0000] {dag.py:3239} INFO - Sync 1 DAGs
[2024-11-19T12:12:46.291+0000] {logging_mixin.py:190} INFO - [2024-11-19T12:12:46.291+0000] {dag.py:4180} INFO - Setting next_dagrun for example_sensor_decorator to None, run_after=None
[2024-11-19T12:12:46.343+0000] {processor.py:208} INFO - Processing /home/airflow/.local/lib/python3.12/site-packages/airflow/example_dags/example_sensor_decorator.py took 0.104 seconds
[2024-11-19T12:13:16.378+0000] {processor.py:186} INFO - Started process (PID=1240) to work on /home/airflow/.local/lib/python3.12/site-packages/airflow/example_dags/example_sensor_decorator.py
[2024-11-19T12:13:16.379+0000] {processor.py:914} INFO - Processing file /home/airflow/.local/lib/python3.12/site-packages/airflow/example_dags/example_sensor_decorator.py for tasks to queue
[2024-11-19T12:13:16.380+0000] {logging_mixin.py:190} INFO - [2024-11-19T12:13:16.380+0000] {dagbag.py:588} INFO - Filling up the DagBag from /home/airflow/.local/lib/python3.12/site-packages/airflow/example_dags/example_sensor_decorator.py
[2024-11-19T12:13:16.389+0000] {processor.py:925} INFO - DAG(s) 'example_sensor_decorator' retrieved from /home/airflow/.local/lib/python3.12/site-packages/airflow/example_dags/example_sensor_decorator.py
[2024-11-19T12:13:16.412+0000] {logging_mixin.py:190} INFO - [2024-11-19T12:13:16.412+0000] {dag.py:3239} INFO - Sync 1 DAGs
[2024-11-19T12:13:16.434+0000] {logging_mixin.py:190} INFO - [2024-11-19T12:13:16.434+0000] {dag.py:4180} INFO - Setting next_dagrun for example_sensor_decorator to None, run_after=None
[2024-11-19T12:13:16.473+0000] {processor.py:208} INFO - Processing /home/airflow/.local/lib/python3.12/site-packages/airflow/example_dags/example_sensor_decorator.py took 0.101 seconds
[2024-11-19T12:13:46.582+0000] {processor.py:186} INFO - Started process (PID=1304) to work on /home/airflow/.local/lib/python3.12/site-packages/airflow/example_dags/example_sensor_decorator.py
[2024-11-19T12:13:46.591+0000] {processor.py:914} INFO - Processing file /home/airflow/.local/lib/python3.12/site-packages/airflow/example_dags/example_sensor_decorator.py for tasks to queue
[2024-11-19T12:13:46.592+0000] {logging_mixin.py:190} INFO - [2024-11-19T12:13:46.592+0000] {dagbag.py:588} INFO - Filling up the DagBag from /home/airflow/.local/lib/python3.12/site-packages/airflow/example_dags/example_sensor_decorator.py
[2024-11-19T12:13:46.616+0000] {processor.py:925} INFO - DAG(s) 'example_sensor_decorator' retrieved from /home/airflow/.local/lib/python3.12/site-packages/airflow/example_dags/example_sensor_decorator.py
[2024-11-19T12:13:46.671+0000] {logging_mixin.py:190} INFO - [2024-11-19T12:13:46.670+0000] {dag.py:3239} INFO - Sync 1 DAGs
[2024-11-19T12:13:46.723+0000] {logging_mixin.py:190} INFO - [2024-11-19T12:13:46.723+0000] {dag.py:4180} INFO - Setting next_dagrun for example_sensor_decorator to None, run_after=None
[2024-11-19T12:13:46.780+0000] {processor.py:208} INFO - Processing /home/airflow/.local/lib/python3.12/site-packages/airflow/example_dags/example_sensor_decorator.py took 0.229 seconds
[2024-11-19T12:14:17.453+0000] {processor.py:186} INFO - Started process (PID=1369) to work on /home/airflow/.local/lib/python3.12/site-packages/airflow/example_dags/example_sensor_decorator.py
[2024-11-19T12:14:17.462+0000] {processor.py:914} INFO - Processing file /home/airflow/.local/lib/python3.12/site-packages/airflow/example_dags/example_sensor_decorator.py for tasks to queue
[2024-11-19T12:14:17.464+0000] {logging_mixin.py:190} INFO - [2024-11-19T12:14:17.463+0000] {dagbag.py:588} INFO - Filling up the DagBag from /home/airflow/.local/lib/python3.12/site-packages/airflow/example_dags/example_sensor_decorator.py
[2024-11-19T12:14:17.541+0000] {processor.py:925} INFO - DAG(s) 'example_sensor_decorator' retrieved from /home/airflow/.local/lib/python3.12/site-packages/airflow/example_dags/example_sensor_decorator.py
[2024-11-19T12:14:17.647+0000] {logging_mixin.py:190} INFO - [2024-11-19T12:14:17.646+0000] {dag.py:3239} INFO - Sync 1 DAGs
[2024-11-19T12:14:17.704+0000] {logging_mixin.py:190} INFO - [2024-11-19T12:14:17.704+0000] {dag.py:4180} INFO - Setting next_dagrun for example_sensor_decorator to None, run_after=None
[2024-11-19T12:14:17.784+0000] {processor.py:208} INFO - Processing /home/airflow/.local/lib/python3.12/site-packages/airflow/example_dags/example_sensor_decorator.py took 0.341 seconds
[2024-11-19T12:14:48.560+0000] {processor.py:186} INFO - Started process (PID=1432) to work on /home/airflow/.local/lib/python3.12/site-packages/airflow/example_dags/example_sensor_decorator.py
[2024-11-19T12:14:48.560+0000] {processor.py:914} INFO - Processing file /home/airflow/.local/lib/python3.12/site-packages/airflow/example_dags/example_sensor_decorator.py for tasks to queue
[2024-11-19T12:14:48.561+0000] {logging_mixin.py:190} INFO - [2024-11-19T12:14:48.561+0000] {dagbag.py:588} INFO - Filling up the DagBag from /home/airflow/.local/lib/python3.12/site-packages/airflow/example_dags/example_sensor_decorator.py
[2024-11-19T12:14:48.567+0000] {processor.py:925} INFO - DAG(s) 'example_sensor_decorator' retrieved from /home/airflow/.local/lib/python3.12/site-packages/airflow/example_dags/example_sensor_decorator.py
[2024-11-19T12:14:48.581+0000] {logging_mixin.py:190} INFO - [2024-11-19T12:14:48.581+0000] {dag.py:3239} INFO - Sync 1 DAGs
[2024-11-19T12:14:48.592+0000] {logging_mixin.py:190} INFO - [2024-11-19T12:14:48.592+0000] {dag.py:4180} INFO - Setting next_dagrun for example_sensor_decorator to None, run_after=None
[2024-11-19T12:14:48.608+0000] {processor.py:208} INFO - Processing /home/airflow/.local/lib/python3.12/site-packages/airflow/example_dags/example_sensor_decorator.py took 0.053 seconds
[2024-11-19T12:19:55.198+0000] {processor.py:186} INFO - Started process (PID=112) to work on /home/airflow/.local/lib/python3.12/site-packages/airflow/example_dags/example_sensor_decorator.py
[2024-11-19T12:19:55.199+0000] {processor.py:914} INFO - Processing file /home/airflow/.local/lib/python3.12/site-packages/airflow/example_dags/example_sensor_decorator.py for tasks to queue
[2024-11-19T12:19:55.202+0000] {logging_mixin.py:190} INFO - [2024-11-19T12:19:55.201+0000] {dagbag.py:588} INFO - Filling up the DagBag from /home/airflow/.local/lib/python3.12/site-packages/airflow/example_dags/example_sensor_decorator.py
[2024-11-19T12:19:55.224+0000] {processor.py:925} INFO - DAG(s) 'example_sensor_decorator' retrieved from /home/airflow/.local/lib/python3.12/site-packages/airflow/example_dags/example_sensor_decorator.py
[2024-11-19T12:19:55.271+0000] {logging_mixin.py:190} INFO - [2024-11-19T12:19:55.270+0000] {dag.py:3239} INFO - Sync 1 DAGs
[2024-11-19T12:19:55.295+0000] {logging_mixin.py:190} INFO - [2024-11-19T12:19:55.295+0000] {dag.py:4180} INFO - Setting next_dagrun for example_sensor_decorator to None, run_after=None
[2024-11-19T12:19:55.382+0000] {processor.py:208} INFO - Processing /home/airflow/.local/lib/python3.12/site-packages/airflow/example_dags/example_sensor_decorator.py took 0.202 seconds
[2024-11-19T12:20:26.288+0000] {processor.py:186} INFO - Started process (PID=176) to work on /home/airflow/.local/lib/python3.12/site-packages/airflow/example_dags/example_sensor_decorator.py
[2024-11-19T12:20:26.289+0000] {processor.py:914} INFO - Processing file /home/airflow/.local/lib/python3.12/site-packages/airflow/example_dags/example_sensor_decorator.py for tasks to queue
[2024-11-19T12:20:26.291+0000] {logging_mixin.py:190} INFO - [2024-11-19T12:20:26.291+0000] {dagbag.py:588} INFO - Filling up the DagBag from /home/airflow/.local/lib/python3.12/site-packages/airflow/example_dags/example_sensor_decorator.py
[2024-11-19T12:20:26.299+0000] {processor.py:925} INFO - DAG(s) 'example_sensor_decorator' retrieved from /home/airflow/.local/lib/python3.12/site-packages/airflow/example_dags/example_sensor_decorator.py
[2024-11-19T12:20:26.319+0000] {logging_mixin.py:190} INFO - [2024-11-19T12:20:26.318+0000] {dag.py:3239} INFO - Sync 1 DAGs
[2024-11-19T12:20:26.334+0000] {logging_mixin.py:190} INFO - [2024-11-19T12:20:26.334+0000] {dag.py:4180} INFO - Setting next_dagrun for example_sensor_decorator to None, run_after=None
[2024-11-19T12:20:26.362+0000] {processor.py:208} INFO - Processing /home/airflow/.local/lib/python3.12/site-packages/airflow/example_dags/example_sensor_decorator.py took 0.079 seconds
[2024-11-19T12:20:56.607+0000] {processor.py:186} INFO - Started process (PID=239) to work on /home/airflow/.local/lib/python3.12/site-packages/airflow/example_dags/example_sensor_decorator.py
[2024-11-19T12:20:56.608+0000] {processor.py:914} INFO - Processing file /home/airflow/.local/lib/python3.12/site-packages/airflow/example_dags/example_sensor_decorator.py for tasks to queue
[2024-11-19T12:20:56.609+0000] {logging_mixin.py:190} INFO - [2024-11-19T12:20:56.609+0000] {dagbag.py:588} INFO - Filling up the DagBag from /home/airflow/.local/lib/python3.12/site-packages/airflow/example_dags/example_sensor_decorator.py
[2024-11-19T12:20:56.615+0000] {processor.py:925} INFO - DAG(s) 'example_sensor_decorator' retrieved from /home/airflow/.local/lib/python3.12/site-packages/airflow/example_dags/example_sensor_decorator.py
[2024-11-19T12:20:56.630+0000] {logging_mixin.py:190} INFO - [2024-11-19T12:20:56.629+0000] {dag.py:3239} INFO - Sync 1 DAGs
[2024-11-19T12:20:56.640+0000] {logging_mixin.py:190} INFO - [2024-11-19T12:20:56.640+0000] {dag.py:4180} INFO - Setting next_dagrun for example_sensor_decorator to None, run_after=None
[2024-11-19T12:20:56.660+0000] {processor.py:208} INFO - Processing /home/airflow/.local/lib/python3.12/site-packages/airflow/example_dags/example_sensor_decorator.py took 0.058 seconds
[2024-11-19T12:21:26.820+0000] {processor.py:186} INFO - Started process (PID=304) to work on /home/airflow/.local/lib/python3.12/site-packages/airflow/example_dags/example_sensor_decorator.py
[2024-11-19T12:21:26.821+0000] {processor.py:914} INFO - Processing file /home/airflow/.local/lib/python3.12/site-packages/airflow/example_dags/example_sensor_decorator.py for tasks to queue
[2024-11-19T12:21:26.823+0000] {logging_mixin.py:190} INFO - [2024-11-19T12:21:26.823+0000] {dagbag.py:588} INFO - Filling up the DagBag from /home/airflow/.local/lib/python3.12/site-packages/airflow/example_dags/example_sensor_decorator.py
[2024-11-19T12:21:26.838+0000] {processor.py:925} INFO - DAG(s) 'example_sensor_decorator' retrieved from /home/airflow/.local/lib/python3.12/site-packages/airflow/example_dags/example_sensor_decorator.py
[2024-11-19T12:21:26.900+0000] {logging_mixin.py:190} INFO - [2024-11-19T12:21:26.900+0000] {dag.py:3239} INFO - Sync 1 DAGs
[2024-11-19T12:21:26.933+0000] {logging_mixin.py:190} INFO - [2024-11-19T12:21:26.933+0000] {dag.py:4180} INFO - Setting next_dagrun for example_sensor_decorator to None, run_after=None
[2024-11-19T12:21:26.987+0000] {processor.py:208} INFO - Processing /home/airflow/.local/lib/python3.12/site-packages/airflow/example_dags/example_sensor_decorator.py took 0.172 seconds
[2024-11-19T12:21:57.556+0000] {processor.py:186} INFO - Started process (PID=368) to work on /home/airflow/.local/lib/python3.12/site-packages/airflow/example_dags/example_sensor_decorator.py
[2024-11-19T12:21:57.557+0000] {processor.py:914} INFO - Processing file /home/airflow/.local/lib/python3.12/site-packages/airflow/example_dags/example_sensor_decorator.py for tasks to queue
[2024-11-19T12:21:57.559+0000] {logging_mixin.py:190} INFO - [2024-11-19T12:21:57.559+0000] {dagbag.py:588} INFO - Filling up the DagBag from /home/airflow/.local/lib/python3.12/site-packages/airflow/example_dags/example_sensor_decorator.py
[2024-11-19T12:21:57.568+0000] {processor.py:925} INFO - DAG(s) 'example_sensor_decorator' retrieved from /home/airflow/.local/lib/python3.12/site-packages/airflow/example_dags/example_sensor_decorator.py
[2024-11-19T12:21:57.583+0000] {logging_mixin.py:190} INFO - [2024-11-19T12:21:57.583+0000] {dag.py:3239} INFO - Sync 1 DAGs
[2024-11-19T12:21:57.595+0000] {logging_mixin.py:190} INFO - [2024-11-19T12:21:57.594+0000] {dag.py:4180} INFO - Setting next_dagrun for example_sensor_decorator to None, run_after=None
[2024-11-19T12:21:57.636+0000] {processor.py:208} INFO - Processing /home/airflow/.local/lib/python3.12/site-packages/airflow/example_dags/example_sensor_decorator.py took 0.086 seconds
[2024-11-19T12:22:29.311+0000] {processor.py:186} INFO - Started process (PID=434) to work on /home/airflow/.local/lib/python3.12/site-packages/airflow/example_dags/example_sensor_decorator.py
[2024-11-19T12:22:29.311+0000] {processor.py:914} INFO - Processing file /home/airflow/.local/lib/python3.12/site-packages/airflow/example_dags/example_sensor_decorator.py for tasks to queue
[2024-11-19T12:22:29.313+0000] {logging_mixin.py:190} INFO - [2024-11-19T12:22:29.313+0000] {dagbag.py:588} INFO - Filling up the DagBag from /home/airflow/.local/lib/python3.12/site-packages/airflow/example_dags/example_sensor_decorator.py
[2024-11-19T12:22:29.322+0000] {processor.py:925} INFO - DAG(s) 'example_sensor_decorator' retrieved from /home/airflow/.local/lib/python3.12/site-packages/airflow/example_dags/example_sensor_decorator.py
[2024-11-19T12:22:29.341+0000] {logging_mixin.py:190} INFO - [2024-11-19T12:22:29.341+0000] {dag.py:3239} INFO - Sync 1 DAGs
[2024-11-19T12:22:29.357+0000] {logging_mixin.py:190} INFO - [2024-11-19T12:22:29.357+0000] {dag.py:4180} INFO - Setting next_dagrun for example_sensor_decorator to None, run_after=None
[2024-11-19T12:22:29.383+0000] {processor.py:208} INFO - Processing /home/airflow/.local/lib/python3.12/site-packages/airflow/example_dags/example_sensor_decorator.py took 0.079 seconds
[2024-11-19T12:23:02.927+0000] {processor.py:186} INFO - Started process (PID=504) to work on /home/airflow/.local/lib/python3.12/site-packages/airflow/example_dags/example_sensor_decorator.py
[2024-11-19T12:23:02.927+0000] {processor.py:914} INFO - Processing file /home/airflow/.local/lib/python3.12/site-packages/airflow/example_dags/example_sensor_decorator.py for tasks to queue
[2024-11-19T12:23:02.930+0000] {logging_mixin.py:190} INFO - [2024-11-19T12:23:02.929+0000] {dagbag.py:588} INFO - Filling up the DagBag from /home/airflow/.local/lib/python3.12/site-packages/airflow/example_dags/example_sensor_decorator.py
[2024-11-19T12:23:02.937+0000] {processor.py:925} INFO - DAG(s) 'example_sensor_decorator' retrieved from /home/airflow/.local/lib/python3.12/site-packages/airflow/example_dags/example_sensor_decorator.py
[2024-11-19T12:23:02.957+0000] {logging_mixin.py:190} INFO - [2024-11-19T12:23:02.957+0000] {dag.py:3239} INFO - Sync 1 DAGs
[2024-11-19T12:23:02.973+0000] {logging_mixin.py:190} INFO - [2024-11-19T12:23:02.973+0000] {dag.py:4180} INFO - Setting next_dagrun for example_sensor_decorator to None, run_after=None
[2024-11-19T12:23:02.997+0000] {processor.py:208} INFO - Processing /home/airflow/.local/lib/python3.12/site-packages/airflow/example_dags/example_sensor_decorator.py took 0.077 seconds
[2024-11-19T12:23:34.286+0000] {processor.py:186} INFO - Started process (PID=567) to work on /home/airflow/.local/lib/python3.12/site-packages/airflow/example_dags/example_sensor_decorator.py
[2024-11-19T12:23:34.290+0000] {processor.py:914} INFO - Processing file /home/airflow/.local/lib/python3.12/site-packages/airflow/example_dags/example_sensor_decorator.py for tasks to queue
[2024-11-19T12:23:34.295+0000] {logging_mixin.py:190} INFO - [2024-11-19T12:23:34.294+0000] {dagbag.py:588} INFO - Filling up the DagBag from /home/airflow/.local/lib/python3.12/site-packages/airflow/example_dags/example_sensor_decorator.py
[2024-11-19T12:23:34.307+0000] {processor.py:925} INFO - DAG(s) 'example_sensor_decorator' retrieved from /home/airflow/.local/lib/python3.12/site-packages/airflow/example_dags/example_sensor_decorator.py
[2024-11-19T12:23:34.360+0000] {logging_mixin.py:190} INFO - [2024-11-19T12:23:34.360+0000] {dag.py:3239} INFO - Sync 1 DAGs
[2024-11-19T12:23:34.384+0000] {logging_mixin.py:190} INFO - [2024-11-19T12:23:34.384+0000] {dag.py:4180} INFO - Setting next_dagrun for example_sensor_decorator to None, run_after=None
[2024-11-19T12:23:34.431+0000] {processor.py:208} INFO - Processing /home/airflow/.local/lib/python3.12/site-packages/airflow/example_dags/example_sensor_decorator.py took 0.167 seconds
[2024-11-19T12:24:05.584+0000] {processor.py:186} INFO - Started process (PID=632) to work on /home/airflow/.local/lib/python3.12/site-packages/airflow/example_dags/example_sensor_decorator.py
[2024-11-19T12:24:05.585+0000] {processor.py:914} INFO - Processing file /home/airflow/.local/lib/python3.12/site-packages/airflow/example_dags/example_sensor_decorator.py for tasks to queue
[2024-11-19T12:24:05.588+0000] {logging_mixin.py:190} INFO - [2024-11-19T12:24:05.588+0000] {dagbag.py:588} INFO - Filling up the DagBag from /home/airflow/.local/lib/python3.12/site-packages/airflow/example_dags/example_sensor_decorator.py
[2024-11-19T12:24:05.597+0000] {processor.py:925} INFO - DAG(s) 'example_sensor_decorator' retrieved from /home/airflow/.local/lib/python3.12/site-packages/airflow/example_dags/example_sensor_decorator.py
[2024-11-19T12:24:05.634+0000] {logging_mixin.py:190} INFO - [2024-11-19T12:24:05.634+0000] {dag.py:3239} INFO - Sync 1 DAGs
[2024-11-19T12:24:05.650+0000] {logging_mixin.py:190} INFO - [2024-11-19T12:24:05.650+0000] {dag.py:4180} INFO - Setting next_dagrun for example_sensor_decorator to None, run_after=None
[2024-11-19T12:24:05.675+0000] {processor.py:208} INFO - Processing /home/airflow/.local/lib/python3.12/site-packages/airflow/example_dags/example_sensor_decorator.py took 0.097 seconds
[2024-11-19T12:24:37.329+0000] {processor.py:186} INFO - Started process (PID=696) to work on /home/airflow/.local/lib/python3.12/site-packages/airflow/example_dags/example_sensor_decorator.py
[2024-11-19T12:24:37.330+0000] {processor.py:914} INFO - Processing file /home/airflow/.local/lib/python3.12/site-packages/airflow/example_dags/example_sensor_decorator.py for tasks to queue
[2024-11-19T12:24:37.332+0000] {logging_mixin.py:190} INFO - [2024-11-19T12:24:37.331+0000] {dagbag.py:588} INFO - Filling up the DagBag from /home/airflow/.local/lib/python3.12/site-packages/airflow/example_dags/example_sensor_decorator.py
[2024-11-19T12:24:37.339+0000] {processor.py:925} INFO - DAG(s) 'example_sensor_decorator' retrieved from /home/airflow/.local/lib/python3.12/site-packages/airflow/example_dags/example_sensor_decorator.py
[2024-11-19T12:24:37.357+0000] {logging_mixin.py:190} INFO - [2024-11-19T12:24:37.357+0000] {dag.py:3239} INFO - Sync 1 DAGs
[2024-11-19T12:24:37.374+0000] {logging_mixin.py:190} INFO - [2024-11-19T12:24:37.373+0000] {dag.py:4180} INFO - Setting next_dagrun for example_sensor_decorator to None, run_after=None
[2024-11-19T12:24:37.406+0000] {processor.py:208} INFO - Processing /home/airflow/.local/lib/python3.12/site-packages/airflow/example_dags/example_sensor_decorator.py took 0.082 seconds
[2024-11-19T12:25:09.025+0000] {processor.py:186} INFO - Started process (PID=761) to work on /home/airflow/.local/lib/python3.12/site-packages/airflow/example_dags/example_sensor_decorator.py
[2024-11-19T12:25:09.026+0000] {processor.py:914} INFO - Processing file /home/airflow/.local/lib/python3.12/site-packages/airflow/example_dags/example_sensor_decorator.py for tasks to queue
[2024-11-19T12:25:09.029+0000] {logging_mixin.py:190} INFO - [2024-11-19T12:25:09.028+0000] {dagbag.py:588} INFO - Filling up the DagBag from /home/airflow/.local/lib/python3.12/site-packages/airflow/example_dags/example_sensor_decorator.py
[2024-11-19T12:25:09.037+0000] {processor.py:925} INFO - DAG(s) 'example_sensor_decorator' retrieved from /home/airflow/.local/lib/python3.12/site-packages/airflow/example_dags/example_sensor_decorator.py
[2024-11-19T12:25:09.060+0000] {logging_mixin.py:190} INFO - [2024-11-19T12:25:09.060+0000] {dag.py:3239} INFO - Sync 1 DAGs
[2024-11-19T12:25:09.076+0000] {logging_mixin.py:190} INFO - [2024-11-19T12:25:09.075+0000] {dag.py:4180} INFO - Setting next_dagrun for example_sensor_decorator to None, run_after=None
[2024-11-19T12:25:09.104+0000] {processor.py:208} INFO - Processing /home/airflow/.local/lib/python3.12/site-packages/airflow/example_dags/example_sensor_decorator.py took 0.090 seconds
[2024-11-19T12:25:40.564+0000] {processor.py:186} INFO - Started process (PID=826) to work on /home/airflow/.local/lib/python3.12/site-packages/airflow/example_dags/example_sensor_decorator.py
[2024-11-19T12:25:40.572+0000] {processor.py:914} INFO - Processing file /home/airflow/.local/lib/python3.12/site-packages/airflow/example_dags/example_sensor_decorator.py for tasks to queue
[2024-11-19T12:25:40.576+0000] {logging_mixin.py:190} INFO - [2024-11-19T12:25:40.576+0000] {dagbag.py:588} INFO - Filling up the DagBag from /home/airflow/.local/lib/python3.12/site-packages/airflow/example_dags/example_sensor_decorator.py
[2024-11-19T12:25:40.596+0000] {processor.py:925} INFO - DAG(s) 'example_sensor_decorator' retrieved from /home/airflow/.local/lib/python3.12/site-packages/airflow/example_dags/example_sensor_decorator.py
[2024-11-19T12:25:40.636+0000] {logging_mixin.py:190} INFO - [2024-11-19T12:25:40.636+0000] {dag.py:3239} INFO - Sync 1 DAGs
[2024-11-19T12:25:40.654+0000] {logging_mixin.py:190} INFO - [2024-11-19T12:25:40.654+0000] {dag.py:4180} INFO - Setting next_dagrun for example_sensor_decorator to None, run_after=None
[2024-11-19T12:25:40.680+0000] {processor.py:208} INFO - Processing /home/airflow/.local/lib/python3.12/site-packages/airflow/example_dags/example_sensor_decorator.py took 0.122 seconds
[2024-11-19T12:26:12.152+0000] {processor.py:186} INFO - Started process (PID=890) to work on /home/airflow/.local/lib/python3.12/site-packages/airflow/example_dags/example_sensor_decorator.py
[2024-11-19T12:26:12.153+0000] {processor.py:914} INFO - Processing file /home/airflow/.local/lib/python3.12/site-packages/airflow/example_dags/example_sensor_decorator.py for tasks to queue
[2024-11-19T12:26:12.155+0000] {logging_mixin.py:190} INFO - [2024-11-19T12:26:12.155+0000] {dagbag.py:588} INFO - Filling up the DagBag from /home/airflow/.local/lib/python3.12/site-packages/airflow/example_dags/example_sensor_decorator.py
[2024-11-19T12:26:12.163+0000] {processor.py:925} INFO - DAG(s) 'example_sensor_decorator' retrieved from /home/airflow/.local/lib/python3.12/site-packages/airflow/example_dags/example_sensor_decorator.py
[2024-11-19T12:26:12.182+0000] {logging_mixin.py:190} INFO - [2024-11-19T12:26:12.182+0000] {dag.py:3239} INFO - Sync 1 DAGs
[2024-11-19T12:26:12.198+0000] {logging_mixin.py:190} INFO - [2024-11-19T12:26:12.198+0000] {dag.py:4180} INFO - Setting next_dagrun for example_sensor_decorator to None, run_after=None
[2024-11-19T12:26:12.229+0000] {processor.py:208} INFO - Processing /home/airflow/.local/lib/python3.12/site-packages/airflow/example_dags/example_sensor_decorator.py took 0.083 seconds
[2024-11-19T12:26:43.597+0000] {processor.py:186} INFO - Started process (PID=954) to work on /home/airflow/.local/lib/python3.12/site-packages/airflow/example_dags/example_sensor_decorator.py
[2024-11-19T12:26:43.598+0000] {processor.py:914} INFO - Processing file /home/airflow/.local/lib/python3.12/site-packages/airflow/example_dags/example_sensor_decorator.py for tasks to queue
[2024-11-19T12:26:43.600+0000] {logging_mixin.py:190} INFO - [2024-11-19T12:26:43.600+0000] {dagbag.py:588} INFO - Filling up the DagBag from /home/airflow/.local/lib/python3.12/site-packages/airflow/example_dags/example_sensor_decorator.py
[2024-11-19T12:26:43.608+0000] {processor.py:925} INFO - DAG(s) 'example_sensor_decorator' retrieved from /home/airflow/.local/lib/python3.12/site-packages/airflow/example_dags/example_sensor_decorator.py
[2024-11-19T12:26:43.629+0000] {logging_mixin.py:190} INFO - [2024-11-19T12:26:43.629+0000] {dag.py:3239} INFO - Sync 1 DAGs
[2024-11-19T12:26:43.653+0000] {logging_mixin.py:190} INFO - [2024-11-19T12:26:43.653+0000] {dag.py:4180} INFO - Setting next_dagrun for example_sensor_decorator to None, run_after=None
[2024-11-19T12:26:43.705+0000] {processor.py:208} INFO - Processing /home/airflow/.local/lib/python3.12/site-packages/airflow/example_dags/example_sensor_decorator.py took 0.114 seconds
[2024-11-19T12:27:14.869+0000] {processor.py:186} INFO - Started process (PID=1018) to work on /home/airflow/.local/lib/python3.12/site-packages/airflow/example_dags/example_sensor_decorator.py
[2024-11-19T12:27:14.870+0000] {processor.py:914} INFO - Processing file /home/airflow/.local/lib/python3.12/site-packages/airflow/example_dags/example_sensor_decorator.py for tasks to queue
[2024-11-19T12:27:14.871+0000] {logging_mixin.py:190} INFO - [2024-11-19T12:27:14.870+0000] {dagbag.py:588} INFO - Filling up the DagBag from /home/airflow/.local/lib/python3.12/site-packages/airflow/example_dags/example_sensor_decorator.py
[2024-11-19T12:27:14.878+0000] {processor.py:925} INFO - DAG(s) 'example_sensor_decorator' retrieved from /home/airflow/.local/lib/python3.12/site-packages/airflow/example_dags/example_sensor_decorator.py
[2024-11-19T12:27:14.897+0000] {logging_mixin.py:190} INFO - [2024-11-19T12:27:14.897+0000] {dag.py:3239} INFO - Sync 1 DAGs
[2024-11-19T12:27:14.912+0000] {logging_mixin.py:190} INFO - [2024-11-19T12:27:14.912+0000] {dag.py:4180} INFO - Setting next_dagrun for example_sensor_decorator to None, run_after=None
[2024-11-19T12:27:14.939+0000] {processor.py:208} INFO - Processing /home/airflow/.local/lib/python3.12/site-packages/airflow/example_dags/example_sensor_decorator.py took 0.076 seconds
