[2024-11-19T12:04:13.528+0000] {processor.py:186} INFO - Started process (PID=108) to work on /home/airflow/.local/lib/python3.12/site-packages/airflow/example_dags/example_bash_decorator.py
[2024-11-19T12:04:13.528+0000] {processor.py:914} INFO - Processing file /home/airflow/.local/lib/python3.12/site-packages/airflow/example_dags/example_bash_decorator.py for tasks to queue
[2024-11-19T12:04:13.539+0000] {logging_mixin.py:190} INFO - [2024-11-19T12:04:13.539+0000] {dagbag.py:588} INFO - Filling up the DagBag from /home/airflow/.local/lib/python3.12/site-packages/airflow/example_dags/example_bash_decorator.py
[2024-11-19T12:04:13.571+0000] {processor.py:925} INFO - DAG(s) 'example_bash_decorator' retrieved from /home/airflow/.local/lib/python3.12/site-packages/airflow/example_dags/example_bash_decorator.py
[2024-11-19T12:04:13.759+0000] {logging_mixin.py:190} INFO - [2024-11-19T12:04:13.757+0000] {dag.py:3239} INFO - Sync 1 DAGs
[2024-11-19T12:04:13.794+0000] {logging_mixin.py:190} INFO - [2024-11-19T12:04:13.793+0000] {dag.py:4180} INFO - Setting next_dagrun for example_bash_decorator to None, run_after=None
[2024-11-19T12:04:13.836+0000] {processor.py:208} INFO - Processing /home/airflow/.local/lib/python3.12/site-packages/airflow/example_dags/example_bash_decorator.py took 0.318 seconds
[2024-11-19T12:04:44.530+0000] {processor.py:186} INFO - Started process (PID=171) to work on /home/airflow/.local/lib/python3.12/site-packages/airflow/example_dags/example_bash_decorator.py
[2024-11-19T12:04:44.531+0000] {processor.py:914} INFO - Processing file /home/airflow/.local/lib/python3.12/site-packages/airflow/example_dags/example_bash_decorator.py for tasks to queue
[2024-11-19T12:04:44.533+0000] {logging_mixin.py:190} INFO - [2024-11-19T12:04:44.533+0000] {dagbag.py:588} INFO - Filling up the DagBag from /home/airflow/.local/lib/python3.12/site-packages/airflow/example_dags/example_bash_decorator.py
[2024-11-19T12:04:44.559+0000] {processor.py:925} INFO - DAG(s) 'example_bash_decorator' retrieved from /home/airflow/.local/lib/python3.12/site-packages/airflow/example_dags/example_bash_decorator.py
[2024-11-19T12:04:44.592+0000] {logging_mixin.py:190} INFO - [2024-11-19T12:04:44.592+0000] {dag.py:3239} INFO - Sync 1 DAGs
[2024-11-19T12:04:44.612+0000] {logging_mixin.py:190} INFO - [2024-11-19T12:04:44.611+0000] {dag.py:4180} INFO - Setting next_dagrun for example_bash_decorator to None, run_after=None
[2024-11-19T12:04:44.664+0000] {processor.py:208} INFO - Processing /home/airflow/.local/lib/python3.12/site-packages/airflow/example_dags/example_bash_decorator.py took 0.140 seconds
[2024-11-19T12:05:19.037+0000] {processor.py:186} INFO - Started process (PID=235) to work on /home/airflow/.local/lib/python3.12/site-packages/airflow/example_dags/example_bash_decorator.py
[2024-11-19T12:05:19.038+0000] {processor.py:914} INFO - Processing file /home/airflow/.local/lib/python3.12/site-packages/airflow/example_dags/example_bash_decorator.py for tasks to queue
[2024-11-19T12:05:19.040+0000] {logging_mixin.py:190} INFO - [2024-11-19T12:05:19.040+0000] {dagbag.py:588} INFO - Filling up the DagBag from /home/airflow/.local/lib/python3.12/site-packages/airflow/example_dags/example_bash_decorator.py
[2024-11-19T12:05:19.056+0000] {processor.py:925} INFO - DAG(s) 'example_bash_decorator' retrieved from /home/airflow/.local/lib/python3.12/site-packages/airflow/example_dags/example_bash_decorator.py
[2024-11-19T12:05:19.082+0000] {logging_mixin.py:190} INFO - [2024-11-19T12:05:19.081+0000] {dag.py:3239} INFO - Sync 1 DAGs
[2024-11-19T12:05:19.098+0000] {logging_mixin.py:190} INFO - [2024-11-19T12:05:19.098+0000] {dag.py:4180} INFO - Setting next_dagrun for example_bash_decorator to None, run_after=None
[2024-11-19T12:05:19.131+0000] {processor.py:208} INFO - Processing /home/airflow/.local/lib/python3.12/site-packages/airflow/example_dags/example_bash_decorator.py took 0.100 seconds
[2024-11-19T12:05:49.567+0000] {processor.py:186} INFO - Started process (PID=300) to work on /home/airflow/.local/lib/python3.12/site-packages/airflow/example_dags/example_bash_decorator.py
[2024-11-19T12:05:49.568+0000] {processor.py:914} INFO - Processing file /home/airflow/.local/lib/python3.12/site-packages/airflow/example_dags/example_bash_decorator.py for tasks to queue
[2024-11-19T12:05:49.570+0000] {logging_mixin.py:190} INFO - [2024-11-19T12:05:49.570+0000] {dagbag.py:588} INFO - Filling up the DagBag from /home/airflow/.local/lib/python3.12/site-packages/airflow/example_dags/example_bash_decorator.py
[2024-11-19T12:05:49.587+0000] {processor.py:925} INFO - DAG(s) 'example_bash_decorator' retrieved from /home/airflow/.local/lib/python3.12/site-packages/airflow/example_dags/example_bash_decorator.py
[2024-11-19T12:05:49.611+0000] {logging_mixin.py:190} INFO - [2024-11-19T12:05:49.610+0000] {dag.py:3239} INFO - Sync 1 DAGs
[2024-11-19T12:05:49.626+0000] {logging_mixin.py:190} INFO - [2024-11-19T12:05:49.626+0000] {dag.py:4180} INFO - Setting next_dagrun for example_bash_decorator to None, run_after=None
[2024-11-19T12:05:49.651+0000] {processor.py:208} INFO - Processing /home/airflow/.local/lib/python3.12/site-packages/airflow/example_dags/example_bash_decorator.py took 0.089 seconds
[2024-11-19T12:06:21.269+0000] {processor.py:186} INFO - Started process (PID=366) to work on /home/airflow/.local/lib/python3.12/site-packages/airflow/example_dags/example_bash_decorator.py
[2024-11-19T12:06:21.270+0000] {processor.py:914} INFO - Processing file /home/airflow/.local/lib/python3.12/site-packages/airflow/example_dags/example_bash_decorator.py for tasks to queue
[2024-11-19T12:06:21.274+0000] {logging_mixin.py:190} INFO - [2024-11-19T12:06:21.274+0000] {dagbag.py:588} INFO - Filling up the DagBag from /home/airflow/.local/lib/python3.12/site-packages/airflow/example_dags/example_bash_decorator.py
[2024-11-19T12:06:21.289+0000] {processor.py:925} INFO - DAG(s) 'example_bash_decorator' retrieved from /home/airflow/.local/lib/python3.12/site-packages/airflow/example_dags/example_bash_decorator.py
[2024-11-19T12:06:21.339+0000] {logging_mixin.py:190} INFO - [2024-11-19T12:06:21.339+0000] {dag.py:3239} INFO - Sync 1 DAGs
[2024-11-19T12:06:21.357+0000] {logging_mixin.py:190} INFO - [2024-11-19T12:06:21.357+0000] {dag.py:4180} INFO - Setting next_dagrun for example_bash_decorator to None, run_after=None
[2024-11-19T12:06:21.399+0000] {processor.py:208} INFO - Processing /home/airflow/.local/lib/python3.12/site-packages/airflow/example_dags/example_bash_decorator.py took 0.138 seconds
[2024-11-19T12:06:52.348+0000] {processor.py:186} INFO - Started process (PID=429) to work on /home/airflow/.local/lib/python3.12/site-packages/airflow/example_dags/example_bash_decorator.py
[2024-11-19T12:06:52.349+0000] {processor.py:914} INFO - Processing file /home/airflow/.local/lib/python3.12/site-packages/airflow/example_dags/example_bash_decorator.py for tasks to queue
[2024-11-19T12:06:52.352+0000] {logging_mixin.py:190} INFO - [2024-11-19T12:06:52.351+0000] {dagbag.py:588} INFO - Filling up the DagBag from /home/airflow/.local/lib/python3.12/site-packages/airflow/example_dags/example_bash_decorator.py
[2024-11-19T12:06:52.368+0000] {processor.py:925} INFO - DAG(s) 'example_bash_decorator' retrieved from /home/airflow/.local/lib/python3.12/site-packages/airflow/example_dags/example_bash_decorator.py
[2024-11-19T12:06:52.392+0000] {logging_mixin.py:190} INFO - [2024-11-19T12:06:52.391+0000] {dag.py:3239} INFO - Sync 1 DAGs
[2024-11-19T12:06:52.408+0000] {logging_mixin.py:190} INFO - [2024-11-19T12:06:52.408+0000] {dag.py:4180} INFO - Setting next_dagrun for example_bash_decorator to None, run_after=None
[2024-11-19T12:06:52.434+0000] {processor.py:208} INFO - Processing /home/airflow/.local/lib/python3.12/site-packages/airflow/example_dags/example_bash_decorator.py took 0.090 seconds
[2024-11-19T12:07:26.088+0000] {processor.py:186} INFO - Started process (PID=495) to work on /home/airflow/.local/lib/python3.12/site-packages/airflow/example_dags/example_bash_decorator.py
[2024-11-19T12:07:26.089+0000] {processor.py:914} INFO - Processing file /home/airflow/.local/lib/python3.12/site-packages/airflow/example_dags/example_bash_decorator.py for tasks to queue
[2024-11-19T12:07:26.091+0000] {logging_mixin.py:190} INFO - [2024-11-19T12:07:26.091+0000] {dagbag.py:588} INFO - Filling up the DagBag from /home/airflow/.local/lib/python3.12/site-packages/airflow/example_dags/example_bash_decorator.py
[2024-11-19T12:07:26.107+0000] {processor.py:925} INFO - DAG(s) 'example_bash_decorator' retrieved from /home/airflow/.local/lib/python3.12/site-packages/airflow/example_dags/example_bash_decorator.py
[2024-11-19T12:07:26.137+0000] {logging_mixin.py:190} INFO - [2024-11-19T12:07:26.137+0000] {dag.py:3239} INFO - Sync 1 DAGs
[2024-11-19T12:07:26.154+0000] {logging_mixin.py:190} INFO - [2024-11-19T12:07:26.154+0000] {dag.py:4180} INFO - Setting next_dagrun for example_bash_decorator to None, run_after=None
[2024-11-19T12:07:26.181+0000] {processor.py:208} INFO - Processing /home/airflow/.local/lib/python3.12/site-packages/airflow/example_dags/example_bash_decorator.py took 0.098 seconds
[2024-11-19T12:08:00.172+0000] {processor.py:186} INFO - Started process (PID=564) to work on /home/airflow/.local/lib/python3.12/site-packages/airflow/example_dags/example_bash_decorator.py
[2024-11-19T12:08:00.176+0000] {processor.py:914} INFO - Processing file /home/airflow/.local/lib/python3.12/site-packages/airflow/example_dags/example_bash_decorator.py for tasks to queue
[2024-11-19T12:08:00.178+0000] {logging_mixin.py:190} INFO - [2024-11-19T12:08:00.178+0000] {dagbag.py:588} INFO - Filling up the DagBag from /home/airflow/.local/lib/python3.12/site-packages/airflow/example_dags/example_bash_decorator.py
[2024-11-19T12:08:00.216+0000] {processor.py:925} INFO - DAG(s) 'example_bash_decorator' retrieved from /home/airflow/.local/lib/python3.12/site-packages/airflow/example_dags/example_bash_decorator.py
[2024-11-19T12:08:00.270+0000] {logging_mixin.py:190} INFO - [2024-11-19T12:08:00.270+0000] {dag.py:3239} INFO - Sync 1 DAGs
[2024-11-19T12:08:00.293+0000] {logging_mixin.py:190} INFO - [2024-11-19T12:08:00.292+0000] {dag.py:4180} INFO - Setting next_dagrun for example_bash_decorator to None, run_after=None
[2024-11-19T12:08:00.344+0000] {processor.py:208} INFO - Processing /home/airflow/.local/lib/python3.12/site-packages/airflow/example_dags/example_bash_decorator.py took 0.189 seconds
[2024-11-19T12:08:32.354+0000] {processor.py:186} INFO - Started process (PID=627) to work on /home/airflow/.local/lib/python3.12/site-packages/airflow/example_dags/example_bash_decorator.py
[2024-11-19T12:08:32.362+0000] {processor.py:914} INFO - Processing file /home/airflow/.local/lib/python3.12/site-packages/airflow/example_dags/example_bash_decorator.py for tasks to queue
[2024-11-19T12:08:32.364+0000] {logging_mixin.py:190} INFO - [2024-11-19T12:08:32.364+0000] {dagbag.py:588} INFO - Filling up the DagBag from /home/airflow/.local/lib/python3.12/site-packages/airflow/example_dags/example_bash_decorator.py
[2024-11-19T12:08:32.400+0000] {processor.py:925} INFO - DAG(s) 'example_bash_decorator' retrieved from /home/airflow/.local/lib/python3.12/site-packages/airflow/example_dags/example_bash_decorator.py
[2024-11-19T12:08:32.491+0000] {logging_mixin.py:190} INFO - [2024-11-19T12:08:32.491+0000] {dag.py:3239} INFO - Sync 1 DAGs
[2024-11-19T12:08:32.536+0000] {logging_mixin.py:190} INFO - [2024-11-19T12:08:32.536+0000] {dag.py:4180} INFO - Setting next_dagrun for example_bash_decorator to None, run_after=None
[2024-11-19T12:08:32.600+0000] {processor.py:208} INFO - Processing /home/airflow/.local/lib/python3.12/site-packages/airflow/example_dags/example_bash_decorator.py took 0.256 seconds
[2024-11-19T12:09:03.487+0000] {processor.py:186} INFO - Started process (PID=698) to work on /home/airflow/.local/lib/python3.12/site-packages/airflow/example_dags/example_bash_decorator.py
[2024-11-19T12:09:03.487+0000] {processor.py:914} INFO - Processing file /home/airflow/.local/lib/python3.12/site-packages/airflow/example_dags/example_bash_decorator.py for tasks to queue
[2024-11-19T12:09:03.490+0000] {logging_mixin.py:190} INFO - [2024-11-19T12:09:03.489+0000] {dagbag.py:588} INFO - Filling up the DagBag from /home/airflow/.local/lib/python3.12/site-packages/airflow/example_dags/example_bash_decorator.py
[2024-11-19T12:09:03.516+0000] {processor.py:925} INFO - DAG(s) 'example_bash_decorator' retrieved from /home/airflow/.local/lib/python3.12/site-packages/airflow/example_dags/example_bash_decorator.py
[2024-11-19T12:09:03.550+0000] {logging_mixin.py:190} INFO - [2024-11-19T12:09:03.550+0000] {dag.py:3239} INFO - Sync 1 DAGs
[2024-11-19T12:09:03.589+0000] {logging_mixin.py:190} INFO - [2024-11-19T12:09:03.588+0000] {dag.py:4180} INFO - Setting next_dagrun for example_bash_decorator to None, run_after=None
[2024-11-19T12:09:03.619+0000] {processor.py:208} INFO - Processing /home/airflow/.local/lib/python3.12/site-packages/airflow/example_dags/example_bash_decorator.py took 0.144 seconds
[2024-11-19T12:09:34.332+0000] {processor.py:186} INFO - Started process (PID=771) to work on /home/airflow/.local/lib/python3.12/site-packages/airflow/example_dags/example_bash_decorator.py
[2024-11-19T12:09:34.333+0000] {processor.py:914} INFO - Processing file /home/airflow/.local/lib/python3.12/site-packages/airflow/example_dags/example_bash_decorator.py for tasks to queue
[2024-11-19T12:09:34.335+0000] {logging_mixin.py:190} INFO - [2024-11-19T12:09:34.335+0000] {dagbag.py:588} INFO - Filling up the DagBag from /home/airflow/.local/lib/python3.12/site-packages/airflow/example_dags/example_bash_decorator.py
[2024-11-19T12:09:34.353+0000] {processor.py:925} INFO - DAG(s) 'example_bash_decorator' retrieved from /home/airflow/.local/lib/python3.12/site-packages/airflow/example_dags/example_bash_decorator.py
[2024-11-19T12:09:34.402+0000] {logging_mixin.py:190} INFO - [2024-11-19T12:09:34.402+0000] {dag.py:3239} INFO - Sync 1 DAGs
[2024-11-19T12:09:34.424+0000] {logging_mixin.py:190} INFO - [2024-11-19T12:09:34.424+0000] {dag.py:4180} INFO - Setting next_dagrun for example_bash_decorator to None, run_after=None
[2024-11-19T12:09:34.461+0000] {processor.py:208} INFO - Processing /home/airflow/.local/lib/python3.12/site-packages/airflow/example_dags/example_bash_decorator.py took 0.134 seconds
[2024-11-19T12:10:05.169+0000] {processor.py:186} INFO - Started process (PID=838) to work on /home/airflow/.local/lib/python3.12/site-packages/airflow/example_dags/example_bash_decorator.py
[2024-11-19T12:10:05.170+0000] {processor.py:914} INFO - Processing file /home/airflow/.local/lib/python3.12/site-packages/airflow/example_dags/example_bash_decorator.py for tasks to queue
[2024-11-19T12:10:05.172+0000] {logging_mixin.py:190} INFO - [2024-11-19T12:10:05.172+0000] {dagbag.py:588} INFO - Filling up the DagBag from /home/airflow/.local/lib/python3.12/site-packages/airflow/example_dags/example_bash_decorator.py
[2024-11-19T12:10:05.203+0000] {processor.py:925} INFO - DAG(s) 'example_bash_decorator' retrieved from /home/airflow/.local/lib/python3.12/site-packages/airflow/example_dags/example_bash_decorator.py
[2024-11-19T12:10:05.277+0000] {logging_mixin.py:190} INFO - [2024-11-19T12:10:05.276+0000] {dag.py:3239} INFO - Sync 1 DAGs
[2024-11-19T12:10:05.294+0000] {logging_mixin.py:190} INFO - [2024-11-19T12:10:05.294+0000] {dag.py:4180} INFO - Setting next_dagrun for example_bash_decorator to None, run_after=None
[2024-11-19T12:10:05.340+0000] {processor.py:208} INFO - Processing /home/airflow/.local/lib/python3.12/site-packages/airflow/example_dags/example_bash_decorator.py took 0.180 seconds
[2024-11-19T12:10:36.052+0000] {processor.py:186} INFO - Started process (PID=903) to work on /home/airflow/.local/lib/python3.12/site-packages/airflow/example_dags/example_bash_decorator.py
[2024-11-19T12:10:36.053+0000] {processor.py:914} INFO - Processing file /home/airflow/.local/lib/python3.12/site-packages/airflow/example_dags/example_bash_decorator.py for tasks to queue
[2024-11-19T12:10:36.055+0000] {logging_mixin.py:190} INFO - [2024-11-19T12:10:36.055+0000] {dagbag.py:588} INFO - Filling up the DagBag from /home/airflow/.local/lib/python3.12/site-packages/airflow/example_dags/example_bash_decorator.py
[2024-11-19T12:10:36.071+0000] {processor.py:925} INFO - DAG(s) 'example_bash_decorator' retrieved from /home/airflow/.local/lib/python3.12/site-packages/airflow/example_dags/example_bash_decorator.py
[2024-11-19T12:10:36.097+0000] {logging_mixin.py:190} INFO - [2024-11-19T12:10:36.097+0000] {dag.py:3239} INFO - Sync 1 DAGs
[2024-11-19T12:10:36.113+0000] {logging_mixin.py:190} INFO - [2024-11-19T12:10:36.113+0000] {dag.py:4180} INFO - Setting next_dagrun for example_bash_decorator to None, run_after=None
[2024-11-19T12:10:36.167+0000] {processor.py:208} INFO - Processing /home/airflow/.local/lib/python3.12/site-packages/airflow/example_dags/example_bash_decorator.py took 0.121 seconds
[2024-11-19T12:11:07.149+0000] {processor.py:186} INFO - Started process (PID=969) to work on /home/airflow/.local/lib/python3.12/site-packages/airflow/example_dags/example_bash_decorator.py
[2024-11-19T12:11:07.150+0000] {processor.py:914} INFO - Processing file /home/airflow/.local/lib/python3.12/site-packages/airflow/example_dags/example_bash_decorator.py for tasks to queue
[2024-11-19T12:11:07.152+0000] {logging_mixin.py:190} INFO - [2024-11-19T12:11:07.151+0000] {dagbag.py:588} INFO - Filling up the DagBag from /home/airflow/.local/lib/python3.12/site-packages/airflow/example_dags/example_bash_decorator.py
[2024-11-19T12:11:07.169+0000] {processor.py:925} INFO - DAG(s) 'example_bash_decorator' retrieved from /home/airflow/.local/lib/python3.12/site-packages/airflow/example_dags/example_bash_decorator.py
[2024-11-19T12:11:07.194+0000] {logging_mixin.py:190} INFO - [2024-11-19T12:11:07.193+0000] {dag.py:3239} INFO - Sync 1 DAGs
[2024-11-19T12:11:07.221+0000] {logging_mixin.py:190} INFO - [2024-11-19T12:11:07.221+0000] {dag.py:4180} INFO - Setting next_dagrun for example_bash_decorator to None, run_after=None
[2024-11-19T12:11:07.253+0000] {processor.py:208} INFO - Processing /home/airflow/.local/lib/python3.12/site-packages/airflow/example_dags/example_bash_decorator.py took 0.109 seconds
[2024-11-19T12:11:37.504+0000] {processor.py:186} INFO - Started process (PID=1033) to work on /home/airflow/.local/lib/python3.12/site-packages/airflow/example_dags/example_bash_decorator.py
[2024-11-19T12:11:37.505+0000] {processor.py:914} INFO - Processing file /home/airflow/.local/lib/python3.12/site-packages/airflow/example_dags/example_bash_decorator.py for tasks to queue
[2024-11-19T12:11:37.506+0000] {logging_mixin.py:190} INFO - [2024-11-19T12:11:37.506+0000] {dagbag.py:588} INFO - Filling up the DagBag from /home/airflow/.local/lib/python3.12/site-packages/airflow/example_dags/example_bash_decorator.py
[2024-11-19T12:11:37.521+0000] {processor.py:925} INFO - DAG(s) 'example_bash_decorator' retrieved from /home/airflow/.local/lib/python3.12/site-packages/airflow/example_dags/example_bash_decorator.py
[2024-11-19T12:11:37.546+0000] {logging_mixin.py:190} INFO - [2024-11-19T12:11:37.545+0000] {dag.py:3239} INFO - Sync 1 DAGs
[2024-11-19T12:11:37.561+0000] {logging_mixin.py:190} INFO - [2024-11-19T12:11:37.561+0000] {dag.py:4180} INFO - Setting next_dagrun for example_bash_decorator to None, run_after=None
[2024-11-19T12:11:37.584+0000] {processor.py:208} INFO - Processing /home/airflow/.local/lib/python3.12/site-packages/airflow/example_dags/example_bash_decorator.py took 0.086 seconds
[2024-11-19T12:12:07.809+0000] {processor.py:186} INFO - Started process (PID=1097) to work on /home/airflow/.local/lib/python3.12/site-packages/airflow/example_dags/example_bash_decorator.py
[2024-11-19T12:12:07.810+0000] {processor.py:914} INFO - Processing file /home/airflow/.local/lib/python3.12/site-packages/airflow/example_dags/example_bash_decorator.py for tasks to queue
[2024-11-19T12:12:07.811+0000] {logging_mixin.py:190} INFO - [2024-11-19T12:12:07.811+0000] {dagbag.py:588} INFO - Filling up the DagBag from /home/airflow/.local/lib/python3.12/site-packages/airflow/example_dags/example_bash_decorator.py
[2024-11-19T12:12:07.823+0000] {processor.py:925} INFO - DAG(s) 'example_bash_decorator' retrieved from /home/airflow/.local/lib/python3.12/site-packages/airflow/example_dags/example_bash_decorator.py
[2024-11-19T12:12:07.845+0000] {logging_mixin.py:190} INFO - [2024-11-19T12:12:07.845+0000] {dag.py:3239} INFO - Sync 1 DAGs
[2024-11-19T12:12:07.861+0000] {logging_mixin.py:190} INFO - [2024-11-19T12:12:07.860+0000] {dag.py:4180} INFO - Setting next_dagrun for example_bash_decorator to None, run_after=None
[2024-11-19T12:12:07.885+0000] {processor.py:208} INFO - Processing /home/airflow/.local/lib/python3.12/site-packages/airflow/example_dags/example_bash_decorator.py took 0.082 seconds
[2024-11-19T12:12:38.049+0000] {processor.py:186} INFO - Started process (PID=1166) to work on /home/airflow/.local/lib/python3.12/site-packages/airflow/example_dags/example_bash_decorator.py
[2024-11-19T12:12:38.049+0000] {processor.py:914} INFO - Processing file /home/airflow/.local/lib/python3.12/site-packages/airflow/example_dags/example_bash_decorator.py for tasks to queue
[2024-11-19T12:12:38.050+0000] {logging_mixin.py:190} INFO - [2024-11-19T12:12:38.050+0000] {dagbag.py:588} INFO - Filling up the DagBag from /home/airflow/.local/lib/python3.12/site-packages/airflow/example_dags/example_bash_decorator.py
[2024-11-19T12:12:38.061+0000] {processor.py:925} INFO - DAG(s) 'example_bash_decorator' retrieved from /home/airflow/.local/lib/python3.12/site-packages/airflow/example_dags/example_bash_decorator.py
[2024-11-19T12:12:38.090+0000] {logging_mixin.py:190} INFO - [2024-11-19T12:12:38.090+0000] {dag.py:3239} INFO - Sync 1 DAGs
[2024-11-19T12:12:38.106+0000] {logging_mixin.py:190} INFO - [2024-11-19T12:12:38.106+0000] {dag.py:4180} INFO - Setting next_dagrun for example_bash_decorator to None, run_after=None
[2024-11-19T12:12:38.134+0000] {processor.py:208} INFO - Processing /home/airflow/.local/lib/python3.12/site-packages/airflow/example_dags/example_bash_decorator.py took 0.091 seconds
[2024-11-19T12:13:11.521+0000] {processor.py:186} INFO - Started process (PID=1230) to work on /home/airflow/.local/lib/python3.12/site-packages/airflow/example_dags/example_bash_decorator.py
[2024-11-19T12:13:11.526+0000] {processor.py:914} INFO - Processing file /home/airflow/.local/lib/python3.12/site-packages/airflow/example_dags/example_bash_decorator.py for tasks to queue
[2024-11-19T12:13:11.527+0000] {logging_mixin.py:190} INFO - [2024-11-19T12:13:11.527+0000] {dagbag.py:588} INFO - Filling up the DagBag from /home/airflow/.local/lib/python3.12/site-packages/airflow/example_dags/example_bash_decorator.py
[2024-11-19T12:13:11.605+0000] {processor.py:925} INFO - DAG(s) 'example_bash_decorator' retrieved from /home/airflow/.local/lib/python3.12/site-packages/airflow/example_dags/example_bash_decorator.py
[2024-11-19T12:13:11.696+0000] {logging_mixin.py:190} INFO - [2024-11-19T12:13:11.696+0000] {dag.py:3239} INFO - Sync 1 DAGs
[2024-11-19T12:13:11.770+0000] {logging_mixin.py:190} INFO - [2024-11-19T12:13:11.770+0000] {dag.py:4180} INFO - Setting next_dagrun for example_bash_decorator to None, run_after=None
[2024-11-19T12:13:11.867+0000] {processor.py:208} INFO - Processing /home/airflow/.local/lib/python3.12/site-packages/airflow/example_dags/example_bash_decorator.py took 0.385 seconds
[2024-11-19T12:13:42.047+0000] {processor.py:186} INFO - Started process (PID=1293) to work on /home/airflow/.local/lib/python3.12/site-packages/airflow/example_dags/example_bash_decorator.py
[2024-11-19T12:13:42.047+0000] {processor.py:914} INFO - Processing file /home/airflow/.local/lib/python3.12/site-packages/airflow/example_dags/example_bash_decorator.py for tasks to queue
[2024-11-19T12:13:42.048+0000] {logging_mixin.py:190} INFO - [2024-11-19T12:13:42.048+0000] {dagbag.py:588} INFO - Filling up the DagBag from /home/airflow/.local/lib/python3.12/site-packages/airflow/example_dags/example_bash_decorator.py
[2024-11-19T12:13:42.059+0000] {processor.py:925} INFO - DAG(s) 'example_bash_decorator' retrieved from /home/airflow/.local/lib/python3.12/site-packages/airflow/example_dags/example_bash_decorator.py
[2024-11-19T12:13:42.077+0000] {logging_mixin.py:190} INFO - [2024-11-19T12:13:42.076+0000] {dag.py:3239} INFO - Sync 1 DAGs
[2024-11-19T12:13:42.088+0000] {logging_mixin.py:190} INFO - [2024-11-19T12:13:42.088+0000] {dag.py:4180} INFO - Setting next_dagrun for example_bash_decorator to None, run_after=None
[2024-11-19T12:13:42.114+0000] {processor.py:208} INFO - Processing /home/airflow/.local/lib/python3.12/site-packages/airflow/example_dags/example_bash_decorator.py took 0.072 seconds
[2024-11-19T12:14:12.431+0000] {processor.py:186} INFO - Started process (PID=1358) to work on /home/airflow/.local/lib/python3.12/site-packages/airflow/example_dags/example_bash_decorator.py
[2024-11-19T12:14:12.432+0000] {processor.py:914} INFO - Processing file /home/airflow/.local/lib/python3.12/site-packages/airflow/example_dags/example_bash_decorator.py for tasks to queue
[2024-11-19T12:14:12.433+0000] {logging_mixin.py:190} INFO - [2024-11-19T12:14:12.433+0000] {dagbag.py:588} INFO - Filling up the DagBag from /home/airflow/.local/lib/python3.12/site-packages/airflow/example_dags/example_bash_decorator.py
[2024-11-19T12:14:12.449+0000] {processor.py:925} INFO - DAG(s) 'example_bash_decorator' retrieved from /home/airflow/.local/lib/python3.12/site-packages/airflow/example_dags/example_bash_decorator.py
[2024-11-19T12:14:12.466+0000] {logging_mixin.py:190} INFO - [2024-11-19T12:14:12.466+0000] {dag.py:3239} INFO - Sync 1 DAGs
[2024-11-19T12:14:12.478+0000] {logging_mixin.py:190} INFO - [2024-11-19T12:14:12.478+0000] {dag.py:4180} INFO - Setting next_dagrun for example_bash_decorator to None, run_after=None
[2024-11-19T12:14:12.498+0000] {processor.py:208} INFO - Processing /home/airflow/.local/lib/python3.12/site-packages/airflow/example_dags/example_bash_decorator.py took 0.075 seconds
[2024-11-19T12:14:42.857+0000] {processor.py:186} INFO - Started process (PID=1422) to work on /home/airflow/.local/lib/python3.12/site-packages/airflow/example_dags/example_bash_decorator.py
[2024-11-19T12:14:42.858+0000] {processor.py:914} INFO - Processing file /home/airflow/.local/lib/python3.12/site-packages/airflow/example_dags/example_bash_decorator.py for tasks to queue
[2024-11-19T12:14:42.859+0000] {logging_mixin.py:190} INFO - [2024-11-19T12:14:42.859+0000] {dagbag.py:588} INFO - Filling up the DagBag from /home/airflow/.local/lib/python3.12/site-packages/airflow/example_dags/example_bash_decorator.py
[2024-11-19T12:14:42.873+0000] {processor.py:925} INFO - DAG(s) 'example_bash_decorator' retrieved from /home/airflow/.local/lib/python3.12/site-packages/airflow/example_dags/example_bash_decorator.py
[2024-11-19T12:14:42.890+0000] {logging_mixin.py:190} INFO - [2024-11-19T12:14:42.890+0000] {dag.py:3239} INFO - Sync 1 DAGs
[2024-11-19T12:14:42.901+0000] {logging_mixin.py:190} INFO - [2024-11-19T12:14:42.901+0000] {dag.py:4180} INFO - Setting next_dagrun for example_bash_decorator to None, run_after=None
[2024-11-19T12:14:42.926+0000] {processor.py:208} INFO - Processing /home/airflow/.local/lib/python3.12/site-packages/airflow/example_dags/example_bash_decorator.py took 0.075 seconds
[2024-11-19T12:19:52.696+0000] {processor.py:186} INFO - Started process (PID=103) to work on /home/airflow/.local/lib/python3.12/site-packages/airflow/example_dags/example_bash_decorator.py
[2024-11-19T12:19:52.697+0000] {processor.py:914} INFO - Processing file /home/airflow/.local/lib/python3.12/site-packages/airflow/example_dags/example_bash_decorator.py for tasks to queue
[2024-11-19T12:19:52.700+0000] {logging_mixin.py:190} INFO - [2024-11-19T12:19:52.699+0000] {dagbag.py:588} INFO - Filling up the DagBag from /home/airflow/.local/lib/python3.12/site-packages/airflow/example_dags/example_bash_decorator.py
[2024-11-19T12:19:52.728+0000] {processor.py:925} INFO - DAG(s) 'example_bash_decorator' retrieved from /home/airflow/.local/lib/python3.12/site-packages/airflow/example_dags/example_bash_decorator.py
[2024-11-19T12:19:53.024+0000] {logging_mixin.py:190} INFO - [2024-11-19T12:19:53.024+0000] {dag.py:3239} INFO - Sync 1 DAGs
[2024-11-19T12:19:53.052+0000] {logging_mixin.py:190} INFO - [2024-11-19T12:19:53.052+0000] {dag.py:4180} INFO - Setting next_dagrun for example_bash_decorator to None, run_after=None
[2024-11-19T12:19:53.109+0000] {processor.py:208} INFO - Processing /home/airflow/.local/lib/python3.12/site-packages/airflow/example_dags/example_bash_decorator.py took 0.427 seconds
[2024-11-19T12:20:23.277+0000] {processor.py:186} INFO - Started process (PID=166) to work on /home/airflow/.local/lib/python3.12/site-packages/airflow/example_dags/example_bash_decorator.py
[2024-11-19T12:20:23.278+0000] {processor.py:914} INFO - Processing file /home/airflow/.local/lib/python3.12/site-packages/airflow/example_dags/example_bash_decorator.py for tasks to queue
[2024-11-19T12:20:23.280+0000] {logging_mixin.py:190} INFO - [2024-11-19T12:20:23.280+0000] {dagbag.py:588} INFO - Filling up the DagBag from /home/airflow/.local/lib/python3.12/site-packages/airflow/example_dags/example_bash_decorator.py
[2024-11-19T12:20:23.296+0000] {processor.py:925} INFO - DAG(s) 'example_bash_decorator' retrieved from /home/airflow/.local/lib/python3.12/site-packages/airflow/example_dags/example_bash_decorator.py
[2024-11-19T12:20:23.314+0000] {logging_mixin.py:190} INFO - [2024-11-19T12:20:23.314+0000] {dag.py:3239} INFO - Sync 1 DAGs
[2024-11-19T12:20:23.324+0000] {logging_mixin.py:190} INFO - [2024-11-19T12:20:23.324+0000] {dag.py:4180} INFO - Setting next_dagrun for example_bash_decorator to None, run_after=None
[2024-11-19T12:20:23.346+0000] {processor.py:208} INFO - Processing /home/airflow/.local/lib/python3.12/site-packages/airflow/example_dags/example_bash_decorator.py took 0.075 seconds
[2024-11-19T12:20:53.579+0000] {processor.py:186} INFO - Started process (PID=230) to work on /home/airflow/.local/lib/python3.12/site-packages/airflow/example_dags/example_bash_decorator.py
[2024-11-19T12:20:53.580+0000] {processor.py:914} INFO - Processing file /home/airflow/.local/lib/python3.12/site-packages/airflow/example_dags/example_bash_decorator.py for tasks to queue
[2024-11-19T12:20:53.582+0000] {logging_mixin.py:190} INFO - [2024-11-19T12:20:53.582+0000] {dagbag.py:588} INFO - Filling up the DagBag from /home/airflow/.local/lib/python3.12/site-packages/airflow/example_dags/example_bash_decorator.py
[2024-11-19T12:20:53.598+0000] {processor.py:925} INFO - DAG(s) 'example_bash_decorator' retrieved from /home/airflow/.local/lib/python3.12/site-packages/airflow/example_dags/example_bash_decorator.py
[2024-11-19T12:20:53.624+0000] {logging_mixin.py:190} INFO - [2024-11-19T12:20:53.624+0000] {dag.py:3239} INFO - Sync 1 DAGs
[2024-11-19T12:20:53.640+0000] {logging_mixin.py:190} INFO - [2024-11-19T12:20:53.639+0000] {dag.py:4180} INFO - Setting next_dagrun for example_bash_decorator to None, run_after=None
[2024-11-19T12:20:53.673+0000] {processor.py:208} INFO - Processing /home/airflow/.local/lib/python3.12/site-packages/airflow/example_dags/example_bash_decorator.py took 0.100 seconds
[2024-11-19T12:21:23.993+0000] {processor.py:186} INFO - Started process (PID=294) to work on /home/airflow/.local/lib/python3.12/site-packages/airflow/example_dags/example_bash_decorator.py
[2024-11-19T12:21:23.994+0000] {processor.py:914} INFO - Processing file /home/airflow/.local/lib/python3.12/site-packages/airflow/example_dags/example_bash_decorator.py for tasks to queue
[2024-11-19T12:21:23.996+0000] {logging_mixin.py:190} INFO - [2024-11-19T12:21:23.996+0000] {dagbag.py:588} INFO - Filling up the DagBag from /home/airflow/.local/lib/python3.12/site-packages/airflow/example_dags/example_bash_decorator.py
[2024-11-19T12:21:24.011+0000] {processor.py:925} INFO - DAG(s) 'example_bash_decorator' retrieved from /home/airflow/.local/lib/python3.12/site-packages/airflow/example_dags/example_bash_decorator.py
[2024-11-19T12:21:24.036+0000] {logging_mixin.py:190} INFO - [2024-11-19T12:21:24.036+0000] {dag.py:3239} INFO - Sync 1 DAGs
[2024-11-19T12:21:24.052+0000] {logging_mixin.py:190} INFO - [2024-11-19T12:21:24.052+0000] {dag.py:4180} INFO - Setting next_dagrun for example_bash_decorator to None, run_after=None
[2024-11-19T12:21:24.091+0000] {processor.py:208} INFO - Processing /home/airflow/.local/lib/python3.12/site-packages/airflow/example_dags/example_bash_decorator.py took 0.104 seconds
[2024-11-19T12:21:55.233+0000] {processor.py:186} INFO - Started process (PID=359) to work on /home/airflow/.local/lib/python3.12/site-packages/airflow/example_dags/example_bash_decorator.py
[2024-11-19T12:21:55.234+0000] {processor.py:914} INFO - Processing file /home/airflow/.local/lib/python3.12/site-packages/airflow/example_dags/example_bash_decorator.py for tasks to queue
[2024-11-19T12:21:55.236+0000] {logging_mixin.py:190} INFO - [2024-11-19T12:21:55.236+0000] {dagbag.py:588} INFO - Filling up the DagBag from /home/airflow/.local/lib/python3.12/site-packages/airflow/example_dags/example_bash_decorator.py
[2024-11-19T12:21:55.253+0000] {processor.py:925} INFO - DAG(s) 'example_bash_decorator' retrieved from /home/airflow/.local/lib/python3.12/site-packages/airflow/example_dags/example_bash_decorator.py
[2024-11-19T12:21:55.278+0000] {logging_mixin.py:190} INFO - [2024-11-19T12:21:55.278+0000] {dag.py:3239} INFO - Sync 1 DAGs
[2024-11-19T12:21:55.294+0000] {logging_mixin.py:190} INFO - [2024-11-19T12:21:55.294+0000] {dag.py:4180} INFO - Setting next_dagrun for example_bash_decorator to None, run_after=None
[2024-11-19T12:21:55.319+0000] {processor.py:208} INFO - Processing /home/airflow/.local/lib/python3.12/site-packages/airflow/example_dags/example_bash_decorator.py took 0.092 seconds
[2024-11-19T12:22:26.833+0000] {processor.py:186} INFO - Started process (PID=424) to work on /home/airflow/.local/lib/python3.12/site-packages/airflow/example_dags/example_bash_decorator.py
[2024-11-19T12:22:26.840+0000] {processor.py:914} INFO - Processing file /home/airflow/.local/lib/python3.12/site-packages/airflow/example_dags/example_bash_decorator.py for tasks to queue
[2024-11-19T12:22:26.842+0000] {logging_mixin.py:190} INFO - [2024-11-19T12:22:26.842+0000] {dagbag.py:588} INFO - Filling up the DagBag from /home/airflow/.local/lib/python3.12/site-packages/airflow/example_dags/example_bash_decorator.py
[2024-11-19T12:22:26.869+0000] {processor.py:925} INFO - DAG(s) 'example_bash_decorator' retrieved from /home/airflow/.local/lib/python3.12/site-packages/airflow/example_dags/example_bash_decorator.py
[2024-11-19T12:22:26.896+0000] {logging_mixin.py:190} INFO - [2024-11-19T12:22:26.895+0000] {dag.py:3239} INFO - Sync 1 DAGs
[2024-11-19T12:22:26.912+0000] {logging_mixin.py:190} INFO - [2024-11-19T12:22:26.912+0000] {dag.py:4180} INFO - Setting next_dagrun for example_bash_decorator to None, run_after=None
[2024-11-19T12:22:26.958+0000] {processor.py:208} INFO - Processing /home/airflow/.local/lib/python3.12/site-packages/airflow/example_dags/example_bash_decorator.py took 0.147 seconds
[2024-11-19T12:22:57.313+0000] {processor.py:186} INFO - Started process (PID=487) to work on /home/airflow/.local/lib/python3.12/site-packages/airflow/example_dags/example_bash_decorator.py
[2024-11-19T12:22:57.314+0000] {processor.py:914} INFO - Processing file /home/airflow/.local/lib/python3.12/site-packages/airflow/example_dags/example_bash_decorator.py for tasks to queue
[2024-11-19T12:22:57.316+0000] {logging_mixin.py:190} INFO - [2024-11-19T12:22:57.316+0000] {dagbag.py:588} INFO - Filling up the DagBag from /home/airflow/.local/lib/python3.12/site-packages/airflow/example_dags/example_bash_decorator.py
[2024-11-19T12:22:57.333+0000] {processor.py:925} INFO - DAG(s) 'example_bash_decorator' retrieved from /home/airflow/.local/lib/python3.12/site-packages/airflow/example_dags/example_bash_decorator.py
[2024-11-19T12:22:57.419+0000] {logging_mixin.py:190} INFO - [2024-11-19T12:22:57.418+0000] {dag.py:3239} INFO - Sync 1 DAGs
[2024-11-19T12:22:57.441+0000] {logging_mixin.py:190} INFO - [2024-11-19T12:22:57.440+0000] {dag.py:4180} INFO - Setting next_dagrun for example_bash_decorator to None, run_after=None
[2024-11-19T12:22:57.473+0000] {processor.py:208} INFO - Processing /home/airflow/.local/lib/python3.12/site-packages/airflow/example_dags/example_bash_decorator.py took 0.167 seconds
[2024-11-19T12:23:27.811+0000] {processor.py:186} INFO - Started process (PID=551) to work on /home/airflow/.local/lib/python3.12/site-packages/airflow/example_dags/example_bash_decorator.py
[2024-11-19T12:23:27.812+0000] {processor.py:914} INFO - Processing file /home/airflow/.local/lib/python3.12/site-packages/airflow/example_dags/example_bash_decorator.py for tasks to queue
[2024-11-19T12:23:27.814+0000] {logging_mixin.py:190} INFO - [2024-11-19T12:23:27.814+0000] {dagbag.py:588} INFO - Filling up the DagBag from /home/airflow/.local/lib/python3.12/site-packages/airflow/example_dags/example_bash_decorator.py
[2024-11-19T12:23:27.831+0000] {processor.py:925} INFO - DAG(s) 'example_bash_decorator' retrieved from /home/airflow/.local/lib/python3.12/site-packages/airflow/example_dags/example_bash_decorator.py
[2024-11-19T12:23:27.853+0000] {logging_mixin.py:190} INFO - [2024-11-19T12:23:27.853+0000] {dag.py:3239} INFO - Sync 1 DAGs
[2024-11-19T12:23:27.873+0000] {logging_mixin.py:190} INFO - [2024-11-19T12:23:27.872+0000] {dag.py:4180} INFO - Setting next_dagrun for example_bash_decorator to None, run_after=None
[2024-11-19T12:23:27.895+0000] {processor.py:208} INFO - Processing /home/airflow/.local/lib/python3.12/site-packages/airflow/example_dags/example_bash_decorator.py took 0.090 seconds
[2024-11-19T12:23:57.981+0000] {processor.py:186} INFO - Started process (PID=615) to work on /home/airflow/.local/lib/python3.12/site-packages/airflow/example_dags/example_bash_decorator.py
[2024-11-19T12:23:57.982+0000] {processor.py:914} INFO - Processing file /home/airflow/.local/lib/python3.12/site-packages/airflow/example_dags/example_bash_decorator.py for tasks to queue
[2024-11-19T12:23:57.984+0000] {logging_mixin.py:190} INFO - [2024-11-19T12:23:57.984+0000] {dagbag.py:588} INFO - Filling up the DagBag from /home/airflow/.local/lib/python3.12/site-packages/airflow/example_dags/example_bash_decorator.py
[2024-11-19T12:23:58.018+0000] {processor.py:925} INFO - DAG(s) 'example_bash_decorator' retrieved from /home/airflow/.local/lib/python3.12/site-packages/airflow/example_dags/example_bash_decorator.py
[2024-11-19T12:23:58.040+0000] {logging_mixin.py:190} INFO - [2024-11-19T12:23:58.039+0000] {dag.py:3239} INFO - Sync 1 DAGs
[2024-11-19T12:23:58.054+0000] {logging_mixin.py:190} INFO - [2024-11-19T12:23:58.054+0000] {dag.py:4180} INFO - Setting next_dagrun for example_bash_decorator to None, run_after=None
[2024-11-19T12:23:58.085+0000] {processor.py:208} INFO - Processing /home/airflow/.local/lib/python3.12/site-packages/airflow/example_dags/example_bash_decorator.py took 0.114 seconds
[2024-11-19T12:24:28.461+0000] {processor.py:186} INFO - Started process (PID=680) to work on /home/airflow/.local/lib/python3.12/site-packages/airflow/example_dags/example_bash_decorator.py
[2024-11-19T12:24:28.462+0000] {processor.py:914} INFO - Processing file /home/airflow/.local/lib/python3.12/site-packages/airflow/example_dags/example_bash_decorator.py for tasks to queue
[2024-11-19T12:24:28.464+0000] {logging_mixin.py:190} INFO - [2024-11-19T12:24:28.464+0000] {dagbag.py:588} INFO - Filling up the DagBag from /home/airflow/.local/lib/python3.12/site-packages/airflow/example_dags/example_bash_decorator.py
[2024-11-19T12:24:28.482+0000] {processor.py:925} INFO - DAG(s) 'example_bash_decorator' retrieved from /home/airflow/.local/lib/python3.12/site-packages/airflow/example_dags/example_bash_decorator.py
[2024-11-19T12:24:28.503+0000] {logging_mixin.py:190} INFO - [2024-11-19T12:24:28.503+0000] {dag.py:3239} INFO - Sync 1 DAGs
[2024-11-19T12:24:28.518+0000] {logging_mixin.py:190} INFO - [2024-11-19T12:24:28.518+0000] {dag.py:4180} INFO - Setting next_dagrun for example_bash_decorator to None, run_after=None
[2024-11-19T12:24:28.542+0000] {processor.py:208} INFO - Processing /home/airflow/.local/lib/python3.12/site-packages/airflow/example_dags/example_bash_decorator.py took 0.087 seconds
[2024-11-19T12:24:59.127+0000] {processor.py:186} INFO - Started process (PID=744) to work on /home/airflow/.local/lib/python3.12/site-packages/airflow/example_dags/example_bash_decorator.py
[2024-11-19T12:24:59.127+0000] {processor.py:914} INFO - Processing file /home/airflow/.local/lib/python3.12/site-packages/airflow/example_dags/example_bash_decorator.py for tasks to queue
[2024-11-19T12:24:59.130+0000] {logging_mixin.py:190} INFO - [2024-11-19T12:24:59.129+0000] {dagbag.py:588} INFO - Filling up the DagBag from /home/airflow/.local/lib/python3.12/site-packages/airflow/example_dags/example_bash_decorator.py
[2024-11-19T12:24:59.144+0000] {processor.py:925} INFO - DAG(s) 'example_bash_decorator' retrieved from /home/airflow/.local/lib/python3.12/site-packages/airflow/example_dags/example_bash_decorator.py
[2024-11-19T12:24:59.163+0000] {logging_mixin.py:190} INFO - [2024-11-19T12:24:59.163+0000] {dag.py:3239} INFO - Sync 1 DAGs
[2024-11-19T12:24:59.173+0000] {logging_mixin.py:190} INFO - [2024-11-19T12:24:59.173+0000] {dag.py:4180} INFO - Setting next_dagrun for example_bash_decorator to None, run_after=None
[2024-11-19T12:24:59.195+0000] {processor.py:208} INFO - Processing /home/airflow/.local/lib/python3.12/site-packages/airflow/example_dags/example_bash_decorator.py took 0.074 seconds
[2024-11-19T12:25:29.902+0000] {processor.py:186} INFO - Started process (PID=808) to work on /home/airflow/.local/lib/python3.12/site-packages/airflow/example_dags/example_bash_decorator.py
[2024-11-19T12:25:29.903+0000] {processor.py:914} INFO - Processing file /home/airflow/.local/lib/python3.12/site-packages/airflow/example_dags/example_bash_decorator.py for tasks to queue
[2024-11-19T12:25:29.905+0000] {logging_mixin.py:190} INFO - [2024-11-19T12:25:29.905+0000] {dagbag.py:588} INFO - Filling up the DagBag from /home/airflow/.local/lib/python3.12/site-packages/airflow/example_dags/example_bash_decorator.py
[2024-11-19T12:25:29.916+0000] {processor.py:925} INFO - DAG(s) 'example_bash_decorator' retrieved from /home/airflow/.local/lib/python3.12/site-packages/airflow/example_dags/example_bash_decorator.py
[2024-11-19T12:25:29.933+0000] {logging_mixin.py:190} INFO - [2024-11-19T12:25:29.933+0000] {dag.py:3239} INFO - Sync 1 DAGs
[2024-11-19T12:25:29.943+0000] {logging_mixin.py:190} INFO - [2024-11-19T12:25:29.943+0000] {dag.py:4180} INFO - Setting next_dagrun for example_bash_decorator to None, run_after=None
[2024-11-19T12:25:29.962+0000] {processor.py:208} INFO - Processing /home/airflow/.local/lib/python3.12/site-packages/airflow/example_dags/example_bash_decorator.py took 0.064 seconds
[2024-11-19T12:26:00.405+0000] {processor.py:186} INFO - Started process (PID=873) to work on /home/airflow/.local/lib/python3.12/site-packages/airflow/example_dags/example_bash_decorator.py
[2024-11-19T12:26:00.406+0000] {processor.py:914} INFO - Processing file /home/airflow/.local/lib/python3.12/site-packages/airflow/example_dags/example_bash_decorator.py for tasks to queue
[2024-11-19T12:26:00.408+0000] {logging_mixin.py:190} INFO - [2024-11-19T12:26:00.408+0000] {dagbag.py:588} INFO - Filling up the DagBag from /home/airflow/.local/lib/python3.12/site-packages/airflow/example_dags/example_bash_decorator.py
[2024-11-19T12:26:00.426+0000] {processor.py:925} INFO - DAG(s) 'example_bash_decorator' retrieved from /home/airflow/.local/lib/python3.12/site-packages/airflow/example_dags/example_bash_decorator.py
[2024-11-19T12:26:00.450+0000] {logging_mixin.py:190} INFO - [2024-11-19T12:26:00.450+0000] {dag.py:3239} INFO - Sync 1 DAGs
[2024-11-19T12:26:00.462+0000] {logging_mixin.py:190} INFO - [2024-11-19T12:26:00.461+0000] {dag.py:4180} INFO - Setting next_dagrun for example_bash_decorator to None, run_after=None
[2024-11-19T12:26:00.487+0000] {processor.py:208} INFO - Processing /home/airflow/.local/lib/python3.12/site-packages/airflow/example_dags/example_bash_decorator.py took 0.088 seconds
[2024-11-19T12:26:31.542+0000] {processor.py:186} INFO - Started process (PID=937) to work on /home/airflow/.local/lib/python3.12/site-packages/airflow/example_dags/example_bash_decorator.py
[2024-11-19T12:26:31.543+0000] {processor.py:914} INFO - Processing file /home/airflow/.local/lib/python3.12/site-packages/airflow/example_dags/example_bash_decorator.py for tasks to queue
[2024-11-19T12:26:31.545+0000] {logging_mixin.py:190} INFO - [2024-11-19T12:26:31.545+0000] {dagbag.py:588} INFO - Filling up the DagBag from /home/airflow/.local/lib/python3.12/site-packages/airflow/example_dags/example_bash_decorator.py
[2024-11-19T12:26:31.562+0000] {processor.py:925} INFO - DAG(s) 'example_bash_decorator' retrieved from /home/airflow/.local/lib/python3.12/site-packages/airflow/example_dags/example_bash_decorator.py
[2024-11-19T12:26:31.611+0000] {logging_mixin.py:190} INFO - [2024-11-19T12:26:31.611+0000] {dag.py:3239} INFO - Sync 1 DAGs
[2024-11-19T12:26:31.685+0000] {logging_mixin.py:190} INFO - [2024-11-19T12:26:31.684+0000] {dag.py:4180} INFO - Setting next_dagrun for example_bash_decorator to None, run_after=None
[2024-11-19T12:26:31.731+0000] {processor.py:208} INFO - Processing /home/airflow/.local/lib/python3.12/site-packages/airflow/example_dags/example_bash_decorator.py took 0.196 seconds
[2024-11-19T12:27:01.966+0000] {processor.py:186} INFO - Started process (PID=1001) to work on /home/airflow/.local/lib/python3.12/site-packages/airflow/example_dags/example_bash_decorator.py
[2024-11-19T12:27:01.967+0000] {processor.py:914} INFO - Processing file /home/airflow/.local/lib/python3.12/site-packages/airflow/example_dags/example_bash_decorator.py for tasks to queue
[2024-11-19T12:27:01.968+0000] {logging_mixin.py:190} INFO - [2024-11-19T12:27:01.967+0000] {dagbag.py:588} INFO - Filling up the DagBag from /home/airflow/.local/lib/python3.12/site-packages/airflow/example_dags/example_bash_decorator.py
[2024-11-19T12:27:02.002+0000] {processor.py:925} INFO - DAG(s) 'example_bash_decorator' retrieved from /home/airflow/.local/lib/python3.12/site-packages/airflow/example_dags/example_bash_decorator.py
[2024-11-19T12:27:02.064+0000] {logging_mixin.py:190} INFO - [2024-11-19T12:27:02.064+0000] {dag.py:3239} INFO - Sync 1 DAGs
[2024-11-19T12:27:02.115+0000] {logging_mixin.py:190} INFO - [2024-11-19T12:27:02.115+0000] {dag.py:4180} INFO - Setting next_dagrun for example_bash_decorator to None, run_after=None
[2024-11-19T12:27:02.150+0000] {processor.py:208} INFO - Processing /home/airflow/.local/lib/python3.12/site-packages/airflow/example_dags/example_bash_decorator.py took 0.190 seconds
[2024-11-19T12:27:32.717+0000] {processor.py:186} INFO - Started process (PID=1065) to work on /home/airflow/.local/lib/python3.12/site-packages/airflow/example_dags/example_bash_decorator.py
[2024-11-19T12:27:32.717+0000] {processor.py:914} INFO - Processing file /home/airflow/.local/lib/python3.12/site-packages/airflow/example_dags/example_bash_decorator.py for tasks to queue
[2024-11-19T12:27:32.723+0000] {logging_mixin.py:190} INFO - [2024-11-19T12:27:32.723+0000] {dagbag.py:588} INFO - Filling up the DagBag from /home/airflow/.local/lib/python3.12/site-packages/airflow/example_dags/example_bash_decorator.py
[2024-11-19T12:27:32.780+0000] {processor.py:925} INFO - DAG(s) 'example_bash_decorator' retrieved from /home/airflow/.local/lib/python3.12/site-packages/airflow/example_dags/example_bash_decorator.py
[2024-11-19T12:27:32.833+0000] {logging_mixin.py:190} INFO - [2024-11-19T12:27:32.833+0000] {dag.py:3239} INFO - Sync 1 DAGs
[2024-11-19T12:27:32.854+0000] {logging_mixin.py:190} INFO - [2024-11-19T12:27:32.854+0000] {dag.py:4180} INFO - Setting next_dagrun for example_bash_decorator to None, run_after=None
[2024-11-19T12:27:32.880+0000] {processor.py:208} INFO - Processing /home/airflow/.local/lib/python3.12/site-packages/airflow/example_dags/example_bash_decorator.py took 0.170 seconds
