[2024-11-19T12:04:13.329+0000] {processor.py:186} INFO - Started process (PID=106) to work on /home/airflow/.local/lib/python3.12/site-packages/airflow/example_dags/example_external_task_marker_dag.py
[2024-11-19T12:04:13.330+0000] {processor.py:914} INFO - Processing file /home/airflow/.local/lib/python3.12/site-packages/airflow/example_dags/example_external_task_marker_dag.py for tasks to queue
[2024-11-19T12:04:13.344+0000] {logging_mixin.py:190} INFO - [2024-11-19T12:04:13.344+0000] {dagbag.py:588} INFO - Filling up the DagBag from /home/airflow/.local/lib/python3.12/site-packages/airflow/example_dags/example_external_task_marker_dag.py
[2024-11-19T12:04:13.355+0000] {processor.py:925} INFO - DAG(s) 'example_external_task_marker_parent', 'example_external_task_marker_child' retrieved from /home/airflow/.local/lib/python3.12/site-packages/airflow/example_dags/example_external_task_marker_dag.py
[2024-11-19T12:04:13.403+0000] {logging_mixin.py:190} INFO - [2024-11-19T12:04:13.402+0000] {dag.py:3239} INFO - Sync 2 DAGs
[2024-11-19T12:04:13.425+0000] {logging_mixin.py:190} INFO - [2024-11-19T12:04:13.424+0000] {dag.py:4180} INFO - Setting next_dagrun for example_external_task_marker_child to None, run_after=None
[2024-11-19T12:04:13.429+0000] {logging_mixin.py:190} INFO - [2024-11-19T12:04:13.429+0000] {dag.py:4180} INFO - Setting next_dagrun for example_external_task_marker_parent to None, run_after=None
[2024-11-19T12:04:13.475+0000] {processor.py:208} INFO - Processing /home/airflow/.local/lib/python3.12/site-packages/airflow/example_dags/example_external_task_marker_dag.py took 0.160 seconds
[2024-11-19T12:04:44.489+0000] {processor.py:186} INFO - Started process (PID=170) to work on /home/airflow/.local/lib/python3.12/site-packages/airflow/example_dags/example_external_task_marker_dag.py
[2024-11-19T12:04:44.490+0000] {processor.py:914} INFO - Processing file /home/airflow/.local/lib/python3.12/site-packages/airflow/example_dags/example_external_task_marker_dag.py for tasks to queue
[2024-11-19T12:04:44.491+0000] {logging_mixin.py:190} INFO - [2024-11-19T12:04:44.491+0000] {dagbag.py:588} INFO - Filling up the DagBag from /home/airflow/.local/lib/python3.12/site-packages/airflow/example_dags/example_external_task_marker_dag.py
[2024-11-19T12:04:44.503+0000] {processor.py:925} INFO - DAG(s) 'example_external_task_marker_parent', 'example_external_task_marker_child' retrieved from /home/airflow/.local/lib/python3.12/site-packages/airflow/example_dags/example_external_task_marker_dag.py
[2024-11-19T12:04:44.527+0000] {logging_mixin.py:190} INFO - [2024-11-19T12:04:44.527+0000] {dag.py:3239} INFO - Sync 2 DAGs
[2024-11-19T12:04:44.544+0000] {logging_mixin.py:190} INFO - [2024-11-19T12:04:44.544+0000] {dag.py:4180} INFO - Setting next_dagrun for example_external_task_marker_child to None, run_after=None
[2024-11-19T12:04:44.548+0000] {logging_mixin.py:190} INFO - [2024-11-19T12:04:44.548+0000] {dag.py:4180} INFO - Setting next_dagrun for example_external_task_marker_parent to None, run_after=None
[2024-11-19T12:04:44.575+0000] {processor.py:208} INFO - Processing /home/airflow/.local/lib/python3.12/site-packages/airflow/example_dags/example_external_task_marker_dag.py took 0.095 seconds
[2024-11-19T12:05:18.948+0000] {processor.py:186} INFO - Started process (PID=234) to work on /home/airflow/.local/lib/python3.12/site-packages/airflow/example_dags/example_external_task_marker_dag.py
[2024-11-19T12:05:18.949+0000] {processor.py:914} INFO - Processing file /home/airflow/.local/lib/python3.12/site-packages/airflow/example_dags/example_external_task_marker_dag.py for tasks to queue
[2024-11-19T12:05:18.951+0000] {logging_mixin.py:190} INFO - [2024-11-19T12:05:18.951+0000] {dagbag.py:588} INFO - Filling up the DagBag from /home/airflow/.local/lib/python3.12/site-packages/airflow/example_dags/example_external_task_marker_dag.py
[2024-11-19T12:05:18.957+0000] {processor.py:925} INFO - DAG(s) 'example_external_task_marker_parent', 'example_external_task_marker_child' retrieved from /home/airflow/.local/lib/python3.12/site-packages/airflow/example_dags/example_external_task_marker_dag.py
[2024-11-19T12:05:18.974+0000] {logging_mixin.py:190} INFO - [2024-11-19T12:05:18.974+0000] {dag.py:3239} INFO - Sync 2 DAGs
[2024-11-19T12:05:18.985+0000] {logging_mixin.py:190} INFO - [2024-11-19T12:05:18.985+0000] {dag.py:4180} INFO - Setting next_dagrun for example_external_task_marker_child to None, run_after=None
[2024-11-19T12:05:18.988+0000] {logging_mixin.py:190} INFO - [2024-11-19T12:05:18.987+0000] {dag.py:4180} INFO - Setting next_dagrun for example_external_task_marker_parent to None, run_after=None
[2024-11-19T12:05:19.012+0000] {processor.py:208} INFO - Processing /home/airflow/.local/lib/python3.12/site-packages/airflow/example_dags/example_external_task_marker_dag.py took 0.067 seconds
[2024-11-19T12:05:49.530+0000] {processor.py:186} INFO - Started process (PID=299) to work on /home/airflow/.local/lib/python3.12/site-packages/airflow/example_dags/example_external_task_marker_dag.py
[2024-11-19T12:05:49.531+0000] {processor.py:914} INFO - Processing file /home/airflow/.local/lib/python3.12/site-packages/airflow/example_dags/example_external_task_marker_dag.py for tasks to queue
[2024-11-19T12:05:49.533+0000] {logging_mixin.py:190} INFO - [2024-11-19T12:05:49.532+0000] {dagbag.py:588} INFO - Filling up the DagBag from /home/airflow/.local/lib/python3.12/site-packages/airflow/example_dags/example_external_task_marker_dag.py
[2024-11-19T12:05:49.540+0000] {processor.py:925} INFO - DAG(s) 'example_external_task_marker_parent', 'example_external_task_marker_child' retrieved from /home/airflow/.local/lib/python3.12/site-packages/airflow/example_dags/example_external_task_marker_dag.py
[2024-11-19T12:05:49.562+0000] {logging_mixin.py:190} INFO - [2024-11-19T12:05:49.562+0000] {dag.py:3239} INFO - Sync 2 DAGs
[2024-11-19T12:05:49.579+0000] {logging_mixin.py:190} INFO - [2024-11-19T12:05:49.579+0000] {dag.py:4180} INFO - Setting next_dagrun for example_external_task_marker_child to None, run_after=None
[2024-11-19T12:05:49.583+0000] {logging_mixin.py:190} INFO - [2024-11-19T12:05:49.583+0000] {dag.py:4180} INFO - Setting next_dagrun for example_external_task_marker_parent to None, run_after=None
[2024-11-19T12:05:49.603+0000] {processor.py:208} INFO - Processing /home/airflow/.local/lib/python3.12/site-packages/airflow/example_dags/example_external_task_marker_dag.py took 0.079 seconds
[2024-11-19T12:06:21.142+0000] {processor.py:186} INFO - Started process (PID=364) to work on /home/airflow/.local/lib/python3.12/site-packages/airflow/example_dags/example_external_task_marker_dag.py
[2024-11-19T12:06:21.142+0000] {processor.py:914} INFO - Processing file /home/airflow/.local/lib/python3.12/site-packages/airflow/example_dags/example_external_task_marker_dag.py for tasks to queue
[2024-11-19T12:06:21.144+0000] {logging_mixin.py:190} INFO - [2024-11-19T12:06:21.144+0000] {dagbag.py:588} INFO - Filling up the DagBag from /home/airflow/.local/lib/python3.12/site-packages/airflow/example_dags/example_external_task_marker_dag.py
[2024-11-19T12:06:21.152+0000] {processor.py:925} INFO - DAG(s) 'example_external_task_marker_parent', 'example_external_task_marker_child' retrieved from /home/airflow/.local/lib/python3.12/site-packages/airflow/example_dags/example_external_task_marker_dag.py
[2024-11-19T12:06:21.174+0000] {logging_mixin.py:190} INFO - [2024-11-19T12:06:21.174+0000] {dag.py:3239} INFO - Sync 2 DAGs
[2024-11-19T12:06:21.190+0000] {logging_mixin.py:190} INFO - [2024-11-19T12:06:21.190+0000] {dag.py:4180} INFO - Setting next_dagrun for example_external_task_marker_child to None, run_after=None
[2024-11-19T12:06:21.194+0000] {logging_mixin.py:190} INFO - [2024-11-19T12:06:21.194+0000] {dag.py:4180} INFO - Setting next_dagrun for example_external_task_marker_parent to None, run_after=None
[2024-11-19T12:06:21.219+0000] {processor.py:208} INFO - Processing /home/airflow/.local/lib/python3.12/site-packages/airflow/example_dags/example_external_task_marker_dag.py took 0.083 seconds
[2024-11-19T12:06:52.263+0000] {processor.py:186} INFO - Started process (PID=428) to work on /home/airflow/.local/lib/python3.12/site-packages/airflow/example_dags/example_external_task_marker_dag.py
[2024-11-19T12:06:52.264+0000] {processor.py:914} INFO - Processing file /home/airflow/.local/lib/python3.12/site-packages/airflow/example_dags/example_external_task_marker_dag.py for tasks to queue
[2024-11-19T12:06:52.266+0000] {logging_mixin.py:190} INFO - [2024-11-19T12:06:52.266+0000] {dagbag.py:588} INFO - Filling up the DagBag from /home/airflow/.local/lib/python3.12/site-packages/airflow/example_dags/example_external_task_marker_dag.py
[2024-11-19T12:06:52.274+0000] {processor.py:925} INFO - DAG(s) 'example_external_task_marker_parent', 'example_external_task_marker_child' retrieved from /home/airflow/.local/lib/python3.12/site-packages/airflow/example_dags/example_external_task_marker_dag.py
[2024-11-19T12:06:52.296+0000] {logging_mixin.py:190} INFO - [2024-11-19T12:06:52.296+0000] {dag.py:3239} INFO - Sync 2 DAGs
[2024-11-19T12:06:52.315+0000] {logging_mixin.py:190} INFO - [2024-11-19T12:06:52.314+0000] {dag.py:4180} INFO - Setting next_dagrun for example_external_task_marker_child to None, run_after=None
[2024-11-19T12:06:52.319+0000] {logging_mixin.py:190} INFO - [2024-11-19T12:06:52.319+0000] {dag.py:4180} INFO - Setting next_dagrun for example_external_task_marker_parent to None, run_after=None
[2024-11-19T12:06:52.357+0000] {processor.py:208} INFO - Processing /home/airflow/.local/lib/python3.12/site-packages/airflow/example_dags/example_external_task_marker_dag.py took 0.100 seconds
[2024-11-19T12:07:25.384+0000] {processor.py:186} INFO - Started process (PID=493) to work on /home/airflow/.local/lib/python3.12/site-packages/airflow/example_dags/example_external_task_marker_dag.py
[2024-11-19T12:07:25.385+0000] {processor.py:914} INFO - Processing file /home/airflow/.local/lib/python3.12/site-packages/airflow/example_dags/example_external_task_marker_dag.py for tasks to queue
[2024-11-19T12:07:25.388+0000] {logging_mixin.py:190} INFO - [2024-11-19T12:07:25.387+0000] {dagbag.py:588} INFO - Filling up the DagBag from /home/airflow/.local/lib/python3.12/site-packages/airflow/example_dags/example_external_task_marker_dag.py
[2024-11-19T12:07:25.395+0000] {processor.py:925} INFO - DAG(s) 'example_external_task_marker_child', 'example_external_task_marker_parent' retrieved from /home/airflow/.local/lib/python3.12/site-packages/airflow/example_dags/example_external_task_marker_dag.py
[2024-11-19T12:07:25.419+0000] {logging_mixin.py:190} INFO - [2024-11-19T12:07:25.418+0000] {dag.py:3239} INFO - Sync 2 DAGs
[2024-11-19T12:07:25.436+0000] {logging_mixin.py:190} INFO - [2024-11-19T12:07:25.435+0000] {dag.py:4180} INFO - Setting next_dagrun for example_external_task_marker_child to None, run_after=None
[2024-11-19T12:07:25.438+0000] {logging_mixin.py:190} INFO - [2024-11-19T12:07:25.438+0000] {dag.py:4180} INFO - Setting next_dagrun for example_external_task_marker_parent to None, run_after=None
[2024-11-19T12:07:25.458+0000] {processor.py:208} INFO - Processing /home/airflow/.local/lib/python3.12/site-packages/airflow/example_dags/example_external_task_marker_dag.py took 0.081 seconds
[2024-11-19T12:07:59.900+0000] {processor.py:186} INFO - Started process (PID=562) to work on /home/airflow/.local/lib/python3.12/site-packages/airflow/example_dags/example_external_task_marker_dag.py
[2024-11-19T12:07:59.910+0000] {processor.py:914} INFO - Processing file /home/airflow/.local/lib/python3.12/site-packages/airflow/example_dags/example_external_task_marker_dag.py for tasks to queue
[2024-11-19T12:07:59.918+0000] {logging_mixin.py:190} INFO - [2024-11-19T12:07:59.917+0000] {dagbag.py:588} INFO - Filling up the DagBag from /home/airflow/.local/lib/python3.12/site-packages/airflow/example_dags/example_external_task_marker_dag.py
[2024-11-19T12:07:59.936+0000] {processor.py:925} INFO - DAG(s) 'example_external_task_marker_parent', 'example_external_task_marker_child' retrieved from /home/airflow/.local/lib/python3.12/site-packages/airflow/example_dags/example_external_task_marker_dag.py
[2024-11-19T12:08:00.010+0000] {logging_mixin.py:190} INFO - [2024-11-19T12:08:00.010+0000] {dag.py:3239} INFO - Sync 2 DAGs
[2024-11-19T12:08:00.052+0000] {logging_mixin.py:190} INFO - [2024-11-19T12:08:00.052+0000] {dag.py:4180} INFO - Setting next_dagrun for example_external_task_marker_child to None, run_after=None
[2024-11-19T12:08:00.062+0000] {logging_mixin.py:190} INFO - [2024-11-19T12:08:00.062+0000] {dag.py:4180} INFO - Setting next_dagrun for example_external_task_marker_parent to None, run_after=None
[2024-11-19T12:08:00.101+0000] {processor.py:208} INFO - Processing /home/airflow/.local/lib/python3.12/site-packages/airflow/example_dags/example_external_task_marker_dag.py took 0.207 seconds
[2024-11-19T12:08:32.079+0000] {processor.py:186} INFO - Started process (PID=626) to work on /home/airflow/.local/lib/python3.12/site-packages/airflow/example_dags/example_external_task_marker_dag.py
[2024-11-19T12:08:32.086+0000] {processor.py:914} INFO - Processing file /home/airflow/.local/lib/python3.12/site-packages/airflow/example_dags/example_external_task_marker_dag.py for tasks to queue
[2024-11-19T12:08:32.090+0000] {logging_mixin.py:190} INFO - [2024-11-19T12:08:32.090+0000] {dagbag.py:588} INFO - Filling up the DagBag from /home/airflow/.local/lib/python3.12/site-packages/airflow/example_dags/example_external_task_marker_dag.py
[2024-11-19T12:08:32.126+0000] {processor.py:925} INFO - DAG(s) 'example_external_task_marker_child', 'example_external_task_marker_parent' retrieved from /home/airflow/.local/lib/python3.12/site-packages/airflow/example_dags/example_external_task_marker_dag.py
[2024-11-19T12:08:32.190+0000] {logging_mixin.py:190} INFO - [2024-11-19T12:08:32.190+0000] {dag.py:3239} INFO - Sync 2 DAGs
[2024-11-19T12:08:32.228+0000] {logging_mixin.py:190} INFO - [2024-11-19T12:08:32.228+0000] {dag.py:4180} INFO - Setting next_dagrun for example_external_task_marker_child to None, run_after=None
[2024-11-19T12:08:32.242+0000] {logging_mixin.py:190} INFO - [2024-11-19T12:08:32.242+0000] {dag.py:4180} INFO - Setting next_dagrun for example_external_task_marker_parent to None, run_after=None
[2024-11-19T12:08:32.295+0000] {processor.py:208} INFO - Processing /home/airflow/.local/lib/python3.12/site-packages/airflow/example_dags/example_external_task_marker_dag.py took 0.237 seconds
[2024-11-19T12:09:02.349+0000] {processor.py:186} INFO - Started process (PID=689) to work on /home/airflow/.local/lib/python3.12/site-packages/airflow/example_dags/example_external_task_marker_dag.py
[2024-11-19T12:09:02.350+0000] {processor.py:914} INFO - Processing file /home/airflow/.local/lib/python3.12/site-packages/airflow/example_dags/example_external_task_marker_dag.py for tasks to queue
[2024-11-19T12:09:02.352+0000] {logging_mixin.py:190} INFO - [2024-11-19T12:09:02.352+0000] {dagbag.py:588} INFO - Filling up the DagBag from /home/airflow/.local/lib/python3.12/site-packages/airflow/example_dags/example_external_task_marker_dag.py
[2024-11-19T12:09:02.360+0000] {processor.py:925} INFO - DAG(s) 'example_external_task_marker_child', 'example_external_task_marker_parent' retrieved from /home/airflow/.local/lib/python3.12/site-packages/airflow/example_dags/example_external_task_marker_dag.py
[2024-11-19T12:09:02.382+0000] {logging_mixin.py:190} INFO - [2024-11-19T12:09:02.381+0000] {dag.py:3239} INFO - Sync 2 DAGs
[2024-11-19T12:09:02.393+0000] {logging_mixin.py:190} INFO - [2024-11-19T12:09:02.393+0000] {dag.py:4180} INFO - Setting next_dagrun for example_external_task_marker_child to None, run_after=None
[2024-11-19T12:09:02.396+0000] {logging_mixin.py:190} INFO - [2024-11-19T12:09:02.396+0000] {dag.py:4180} INFO - Setting next_dagrun for example_external_task_marker_parent to None, run_after=None
[2024-11-19T12:09:02.415+0000] {processor.py:208} INFO - Processing /home/airflow/.local/lib/python3.12/site-packages/airflow/example_dags/example_external_task_marker_dag.py took 0.072 seconds
[2024-11-19T12:09:32.920+0000] {processor.py:186} INFO - Started process (PID=760) to work on /home/airflow/.local/lib/python3.12/site-packages/airflow/example_dags/example_external_task_marker_dag.py
[2024-11-19T12:09:32.921+0000] {processor.py:914} INFO - Processing file /home/airflow/.local/lib/python3.12/site-packages/airflow/example_dags/example_external_task_marker_dag.py for tasks to queue
[2024-11-19T12:09:32.923+0000] {logging_mixin.py:190} INFO - [2024-11-19T12:09:32.923+0000] {dagbag.py:588} INFO - Filling up the DagBag from /home/airflow/.local/lib/python3.12/site-packages/airflow/example_dags/example_external_task_marker_dag.py
[2024-11-19T12:09:32.931+0000] {processor.py:925} INFO - DAG(s) 'example_external_task_marker_child', 'example_external_task_marker_parent' retrieved from /home/airflow/.local/lib/python3.12/site-packages/airflow/example_dags/example_external_task_marker_dag.py
[2024-11-19T12:09:32.956+0000] {logging_mixin.py:190} INFO - [2024-11-19T12:09:32.956+0000] {dag.py:3239} INFO - Sync 2 DAGs
[2024-11-19T12:09:32.972+0000] {logging_mixin.py:190} INFO - [2024-11-19T12:09:32.972+0000] {dag.py:4180} INFO - Setting next_dagrun for example_external_task_marker_child to None, run_after=None
[2024-11-19T12:09:32.976+0000] {logging_mixin.py:190} INFO - [2024-11-19T12:09:32.976+0000] {dag.py:4180} INFO - Setting next_dagrun for example_external_task_marker_parent to None, run_after=None
[2024-11-19T12:09:32.998+0000] {processor.py:208} INFO - Processing /home/airflow/.local/lib/python3.12/site-packages/airflow/example_dags/example_external_task_marker_dag.py took 0.084 seconds
[2024-11-19T12:10:03.049+0000] {processor.py:186} INFO - Started process (PID=823) to work on /home/airflow/.local/lib/python3.12/site-packages/airflow/example_dags/example_external_task_marker_dag.py
[2024-11-19T12:10:03.050+0000] {processor.py:914} INFO - Processing file /home/airflow/.local/lib/python3.12/site-packages/airflow/example_dags/example_external_task_marker_dag.py for tasks to queue
[2024-11-19T12:10:03.051+0000] {logging_mixin.py:190} INFO - [2024-11-19T12:10:03.051+0000] {dagbag.py:588} INFO - Filling up the DagBag from /home/airflow/.local/lib/python3.12/site-packages/airflow/example_dags/example_external_task_marker_dag.py
[2024-11-19T12:10:03.057+0000] {processor.py:925} INFO - DAG(s) 'example_external_task_marker_child', 'example_external_task_marker_parent' retrieved from /home/airflow/.local/lib/python3.12/site-packages/airflow/example_dags/example_external_task_marker_dag.py
[2024-11-19T12:10:03.073+0000] {logging_mixin.py:190} INFO - [2024-11-19T12:10:03.073+0000] {dag.py:3239} INFO - Sync 2 DAGs
[2024-11-19T12:10:03.085+0000] {logging_mixin.py:190} INFO - [2024-11-19T12:10:03.085+0000] {dag.py:4180} INFO - Setting next_dagrun for example_external_task_marker_child to None, run_after=None
[2024-11-19T12:10:03.088+0000] {logging_mixin.py:190} INFO - [2024-11-19T12:10:03.087+0000] {dag.py:4180} INFO - Setting next_dagrun for example_external_task_marker_parent to None, run_after=None
[2024-11-19T12:10:03.105+0000] {processor.py:208} INFO - Processing /home/airflow/.local/lib/python3.12/site-packages/airflow/example_dags/example_external_task_marker_dag.py took 0.061 seconds
[2024-11-19T12:10:33.446+0000] {processor.py:186} INFO - Started process (PID=895) to work on /home/airflow/.local/lib/python3.12/site-packages/airflow/example_dags/example_external_task_marker_dag.py
[2024-11-19T12:10:33.451+0000] {processor.py:914} INFO - Processing file /home/airflow/.local/lib/python3.12/site-packages/airflow/example_dags/example_external_task_marker_dag.py for tasks to queue
[2024-11-19T12:10:33.454+0000] {logging_mixin.py:190} INFO - [2024-11-19T12:10:33.453+0000] {dagbag.py:588} INFO - Filling up the DagBag from /home/airflow/.local/lib/python3.12/site-packages/airflow/example_dags/example_external_task_marker_dag.py
[2024-11-19T12:10:33.462+0000] {processor.py:925} INFO - DAG(s) 'example_external_task_marker_parent', 'example_external_task_marker_child' retrieved from /home/airflow/.local/lib/python3.12/site-packages/airflow/example_dags/example_external_task_marker_dag.py
[2024-11-19T12:10:33.482+0000] {logging_mixin.py:190} INFO - [2024-11-19T12:10:33.481+0000] {dag.py:3239} INFO - Sync 2 DAGs
[2024-11-19T12:10:33.492+0000] {logging_mixin.py:190} INFO - [2024-11-19T12:10:33.492+0000] {dag.py:4180} INFO - Setting next_dagrun for example_external_task_marker_child to None, run_after=None
[2024-11-19T12:10:33.495+0000] {logging_mixin.py:190} INFO - [2024-11-19T12:10:33.495+0000] {dag.py:4180} INFO - Setting next_dagrun for example_external_task_marker_parent to None, run_after=None
[2024-11-19T12:10:33.515+0000] {processor.py:208} INFO - Processing /home/airflow/.local/lib/python3.12/site-packages/airflow/example_dags/example_external_task_marker_dag.py took 0.075 seconds
[2024-11-19T12:11:03.702+0000] {processor.py:186} INFO - Started process (PID=962) to work on /home/airflow/.local/lib/python3.12/site-packages/airflow/example_dags/example_external_task_marker_dag.py
[2024-11-19T12:11:03.702+0000] {processor.py:914} INFO - Processing file /home/airflow/.local/lib/python3.12/site-packages/airflow/example_dags/example_external_task_marker_dag.py for tasks to queue
[2024-11-19T12:11:03.704+0000] {logging_mixin.py:190} INFO - [2024-11-19T12:11:03.704+0000] {dagbag.py:588} INFO - Filling up the DagBag from /home/airflow/.local/lib/python3.12/site-packages/airflow/example_dags/example_external_task_marker_dag.py
[2024-11-19T12:11:03.713+0000] {processor.py:925} INFO - DAG(s) 'example_external_task_marker_parent', 'example_external_task_marker_child' retrieved from /home/airflow/.local/lib/python3.12/site-packages/airflow/example_dags/example_external_task_marker_dag.py
[2024-11-19T12:11:03.734+0000] {logging_mixin.py:190} INFO - [2024-11-19T12:11:03.734+0000] {dag.py:3239} INFO - Sync 2 DAGs
[2024-11-19T12:11:03.751+0000] {logging_mixin.py:190} INFO - [2024-11-19T12:11:03.751+0000] {dag.py:4180} INFO - Setting next_dagrun for example_external_task_marker_child to None, run_after=None
[2024-11-19T12:11:03.755+0000] {logging_mixin.py:190} INFO - [2024-11-19T12:11:03.754+0000] {dag.py:4180} INFO - Setting next_dagrun for example_external_task_marker_parent to None, run_after=None
[2024-11-19T12:11:03.775+0000] {processor.py:208} INFO - Processing /home/airflow/.local/lib/python3.12/site-packages/airflow/example_dags/example_external_task_marker_dag.py took 0.079 seconds
[2024-11-19T12:11:34.198+0000] {processor.py:186} INFO - Started process (PID=1027) to work on /home/airflow/.local/lib/python3.12/site-packages/airflow/example_dags/example_external_task_marker_dag.py
[2024-11-19T12:11:34.199+0000] {processor.py:914} INFO - Processing file /home/airflow/.local/lib/python3.12/site-packages/airflow/example_dags/example_external_task_marker_dag.py for tasks to queue
[2024-11-19T12:11:34.200+0000] {logging_mixin.py:190} INFO - [2024-11-19T12:11:34.200+0000] {dagbag.py:588} INFO - Filling up the DagBag from /home/airflow/.local/lib/python3.12/site-packages/airflow/example_dags/example_external_task_marker_dag.py
[2024-11-19T12:11:34.206+0000] {processor.py:925} INFO - DAG(s) 'example_external_task_marker_parent', 'example_external_task_marker_child' retrieved from /home/airflow/.local/lib/python3.12/site-packages/airflow/example_dags/example_external_task_marker_dag.py
[2024-11-19T12:11:34.223+0000] {logging_mixin.py:190} INFO - [2024-11-19T12:11:34.223+0000] {dag.py:3239} INFO - Sync 2 DAGs
[2024-11-19T12:11:34.235+0000] {logging_mixin.py:190} INFO - [2024-11-19T12:11:34.234+0000] {dag.py:4180} INFO - Setting next_dagrun for example_external_task_marker_child to None, run_after=None
[2024-11-19T12:11:34.237+0000] {logging_mixin.py:190} INFO - [2024-11-19T12:11:34.237+0000] {dag.py:4180} INFO - Setting next_dagrun for example_external_task_marker_parent to None, run_after=None
[2024-11-19T12:11:34.256+0000] {processor.py:208} INFO - Processing /home/airflow/.local/lib/python3.12/site-packages/airflow/example_dags/example_external_task_marker_dag.py took 0.065 seconds
[2024-11-19T12:12:05.364+0000] {processor.py:186} INFO - Started process (PID=1091) to work on /home/airflow/.local/lib/python3.12/site-packages/airflow/example_dags/example_external_task_marker_dag.py
[2024-11-19T12:12:05.365+0000] {processor.py:914} INFO - Processing file /home/airflow/.local/lib/python3.12/site-packages/airflow/example_dags/example_external_task_marker_dag.py for tasks to queue
[2024-11-19T12:12:05.366+0000] {logging_mixin.py:190} INFO - [2024-11-19T12:12:05.366+0000] {dagbag.py:588} INFO - Filling up the DagBag from /home/airflow/.local/lib/python3.12/site-packages/airflow/example_dags/example_external_task_marker_dag.py
[2024-11-19T12:12:05.375+0000] {processor.py:925} INFO - DAG(s) 'example_external_task_marker_parent', 'example_external_task_marker_child' retrieved from /home/airflow/.local/lib/python3.12/site-packages/airflow/example_dags/example_external_task_marker_dag.py
[2024-11-19T12:12:05.399+0000] {logging_mixin.py:190} INFO - [2024-11-19T12:12:05.399+0000] {dag.py:3239} INFO - Sync 2 DAGs
[2024-11-19T12:12:05.438+0000] {logging_mixin.py:190} INFO - [2024-11-19T12:12:05.437+0000] {dag.py:4180} INFO - Setting next_dagrun for example_external_task_marker_child to None, run_after=None
[2024-11-19T12:12:05.447+0000] {logging_mixin.py:190} INFO - [2024-11-19T12:12:05.447+0000] {dag.py:4180} INFO - Setting next_dagrun for example_external_task_marker_parent to None, run_after=None
[2024-11-19T12:12:05.476+0000] {processor.py:208} INFO - Processing /home/airflow/.local/lib/python3.12/site-packages/airflow/example_dags/example_external_task_marker_dag.py took 0.118 seconds
[2024-11-19T12:12:35.714+0000] {processor.py:186} INFO - Started process (PID=1159) to work on /home/airflow/.local/lib/python3.12/site-packages/airflow/example_dags/example_external_task_marker_dag.py
[2024-11-19T12:12:35.716+0000] {processor.py:914} INFO - Processing file /home/airflow/.local/lib/python3.12/site-packages/airflow/example_dags/example_external_task_marker_dag.py for tasks to queue
[2024-11-19T12:12:35.718+0000] {logging_mixin.py:190} INFO - [2024-11-19T12:12:35.718+0000] {dagbag.py:588} INFO - Filling up the DagBag from /home/airflow/.local/lib/python3.12/site-packages/airflow/example_dags/example_external_task_marker_dag.py
[2024-11-19T12:12:35.770+0000] {processor.py:925} INFO - DAG(s) 'example_external_task_marker_child', 'example_external_task_marker_parent' retrieved from /home/airflow/.local/lib/python3.12/site-packages/airflow/example_dags/example_external_task_marker_dag.py
[2024-11-19T12:12:35.810+0000] {logging_mixin.py:190} INFO - [2024-11-19T12:12:35.809+0000] {dag.py:3239} INFO - Sync 2 DAGs
[2024-11-19T12:12:35.838+0000] {logging_mixin.py:190} INFO - [2024-11-19T12:12:35.838+0000] {dag.py:4180} INFO - Setting next_dagrun for example_external_task_marker_child to None, run_after=None
[2024-11-19T12:12:35.843+0000] {logging_mixin.py:190} INFO - [2024-11-19T12:12:35.843+0000] {dag.py:4180} INFO - Setting next_dagrun for example_external_task_marker_parent to None, run_after=None
[2024-11-19T12:12:35.882+0000] {processor.py:208} INFO - Processing /home/airflow/.local/lib/python3.12/site-packages/airflow/example_dags/example_external_task_marker_dag.py took 0.180 seconds
[2024-11-19T12:13:09.357+0000] {processor.py:186} INFO - Started process (PID=1226) to work on /home/airflow/.local/lib/python3.12/site-packages/airflow/example_dags/example_external_task_marker_dag.py
[2024-11-19T12:13:09.370+0000] {processor.py:914} INFO - Processing file /home/airflow/.local/lib/python3.12/site-packages/airflow/example_dags/example_external_task_marker_dag.py for tasks to queue
[2024-11-19T12:13:09.371+0000] {logging_mixin.py:190} INFO - [2024-11-19T12:13:09.371+0000] {dagbag.py:588} INFO - Filling up the DagBag from /home/airflow/.local/lib/python3.12/site-packages/airflow/example_dags/example_external_task_marker_dag.py
[2024-11-19T12:13:09.384+0000] {processor.py:925} INFO - DAG(s) 'example_external_task_marker_child', 'example_external_task_marker_parent' retrieved from /home/airflow/.local/lib/python3.12/site-packages/airflow/example_dags/example_external_task_marker_dag.py
[2024-11-19T12:13:09.437+0000] {logging_mixin.py:190} INFO - [2024-11-19T12:13:09.437+0000] {dag.py:3239} INFO - Sync 2 DAGs
[2024-11-19T12:13:09.490+0000] {logging_mixin.py:190} INFO - [2024-11-19T12:13:09.489+0000] {dag.py:4180} INFO - Setting next_dagrun for example_external_task_marker_child to None, run_after=None
[2024-11-19T12:13:09.513+0000] {logging_mixin.py:190} INFO - [2024-11-19T12:13:09.508+0000] {dag.py:4180} INFO - Setting next_dagrun for example_external_task_marker_parent to None, run_after=None
[2024-11-19T12:13:09.596+0000] {processor.py:208} INFO - Processing /home/airflow/.local/lib/python3.12/site-packages/airflow/example_dags/example_external_task_marker_dag.py took 0.303 seconds
[2024-11-19T12:13:39.760+0000] {processor.py:186} INFO - Started process (PID=1289) to work on /home/airflow/.local/lib/python3.12/site-packages/airflow/example_dags/example_external_task_marker_dag.py
[2024-11-19T12:13:39.761+0000] {processor.py:914} INFO - Processing file /home/airflow/.local/lib/python3.12/site-packages/airflow/example_dags/example_external_task_marker_dag.py for tasks to queue
[2024-11-19T12:13:39.763+0000] {logging_mixin.py:190} INFO - [2024-11-19T12:13:39.762+0000] {dagbag.py:588} INFO - Filling up the DagBag from /home/airflow/.local/lib/python3.12/site-packages/airflow/example_dags/example_external_task_marker_dag.py
[2024-11-19T12:13:39.770+0000] {processor.py:925} INFO - DAG(s) 'example_external_task_marker_parent', 'example_external_task_marker_child' retrieved from /home/airflow/.local/lib/python3.12/site-packages/airflow/example_dags/example_external_task_marker_dag.py
[2024-11-19T12:13:39.794+0000] {logging_mixin.py:190} INFO - [2024-11-19T12:13:39.794+0000] {dag.py:3239} INFO - Sync 2 DAGs
[2024-11-19T12:13:39.811+0000] {logging_mixin.py:190} INFO - [2024-11-19T12:13:39.811+0000] {dag.py:4180} INFO - Setting next_dagrun for example_external_task_marker_child to None, run_after=None
[2024-11-19T12:13:39.814+0000] {logging_mixin.py:190} INFO - [2024-11-19T12:13:39.814+0000] {dag.py:4180} INFO - Setting next_dagrun for example_external_task_marker_parent to None, run_after=None
[2024-11-19T12:13:39.839+0000] {processor.py:208} INFO - Processing /home/airflow/.local/lib/python3.12/site-packages/airflow/example_dags/example_external_task_marker_dag.py took 0.085 seconds
[2024-11-19T12:14:10.124+0000] {processor.py:186} INFO - Started process (PID=1354) to work on /home/airflow/.local/lib/python3.12/site-packages/airflow/example_dags/example_external_task_marker_dag.py
[2024-11-19T12:14:10.125+0000] {processor.py:914} INFO - Processing file /home/airflow/.local/lib/python3.12/site-packages/airflow/example_dags/example_external_task_marker_dag.py for tasks to queue
[2024-11-19T12:14:10.126+0000] {logging_mixin.py:190} INFO - [2024-11-19T12:14:10.126+0000] {dagbag.py:588} INFO - Filling up the DagBag from /home/airflow/.local/lib/python3.12/site-packages/airflow/example_dags/example_external_task_marker_dag.py
[2024-11-19T12:14:10.151+0000] {processor.py:925} INFO - DAG(s) 'example_external_task_marker_child', 'example_external_task_marker_parent' retrieved from /home/airflow/.local/lib/python3.12/site-packages/airflow/example_dags/example_external_task_marker_dag.py
[2024-11-19T12:14:10.175+0000] {logging_mixin.py:190} INFO - [2024-11-19T12:14:10.175+0000] {dag.py:3239} INFO - Sync 2 DAGs
[2024-11-19T12:14:10.189+0000] {logging_mixin.py:190} INFO - [2024-11-19T12:14:10.189+0000] {dag.py:4180} INFO - Setting next_dagrun for example_external_task_marker_child to None, run_after=None
[2024-11-19T12:14:10.193+0000] {logging_mixin.py:190} INFO - [2024-11-19T12:14:10.192+0000] {dag.py:4180} INFO - Setting next_dagrun for example_external_task_marker_parent to None, run_after=None
[2024-11-19T12:14:10.214+0000] {processor.py:208} INFO - Processing /home/airflow/.local/lib/python3.12/site-packages/airflow/example_dags/example_external_task_marker_dag.py took 0.097 seconds
[2024-11-19T12:14:40.617+0000] {processor.py:186} INFO - Started process (PID=1418) to work on /home/airflow/.local/lib/python3.12/site-packages/airflow/example_dags/example_external_task_marker_dag.py
[2024-11-19T12:14:40.619+0000] {processor.py:914} INFO - Processing file /home/airflow/.local/lib/python3.12/site-packages/airflow/example_dags/example_external_task_marker_dag.py for tasks to queue
[2024-11-19T12:14:40.620+0000] {logging_mixin.py:190} INFO - [2024-11-19T12:14:40.620+0000] {dagbag.py:588} INFO - Filling up the DagBag from /home/airflow/.local/lib/python3.12/site-packages/airflow/example_dags/example_external_task_marker_dag.py
[2024-11-19T12:14:40.629+0000] {processor.py:925} INFO - DAG(s) 'example_external_task_marker_child', 'example_external_task_marker_parent' retrieved from /home/airflow/.local/lib/python3.12/site-packages/airflow/example_dags/example_external_task_marker_dag.py
[2024-11-19T12:14:40.650+0000] {logging_mixin.py:190} INFO - [2024-11-19T12:14:40.649+0000] {dag.py:3239} INFO - Sync 2 DAGs
[2024-11-19T12:14:40.666+0000] {logging_mixin.py:190} INFO - [2024-11-19T12:14:40.666+0000] {dag.py:4180} INFO - Setting next_dagrun for example_external_task_marker_child to None, run_after=None
[2024-11-19T12:14:40.669+0000] {logging_mixin.py:190} INFO - [2024-11-19T12:14:40.669+0000] {dag.py:4180} INFO - Setting next_dagrun for example_external_task_marker_parent to None, run_after=None
[2024-11-19T12:14:40.697+0000] {processor.py:208} INFO - Processing /home/airflow/.local/lib/python3.12/site-packages/airflow/example_dags/example_external_task_marker_dag.py took 0.085 seconds
[2024-11-19T12:19:52.388+0000] {processor.py:186} INFO - Started process (PID=101) to work on /home/airflow/.local/lib/python3.12/site-packages/airflow/example_dags/example_external_task_marker_dag.py
[2024-11-19T12:19:52.399+0000] {processor.py:914} INFO - Processing file /home/airflow/.local/lib/python3.12/site-packages/airflow/example_dags/example_external_task_marker_dag.py for tasks to queue
[2024-11-19T12:19:52.401+0000] {logging_mixin.py:190} INFO - [2024-11-19T12:19:52.401+0000] {dagbag.py:588} INFO - Filling up the DagBag from /home/airflow/.local/lib/python3.12/site-packages/airflow/example_dags/example_external_task_marker_dag.py
[2024-11-19T12:19:52.409+0000] {processor.py:925} INFO - DAG(s) 'example_external_task_marker_child', 'example_external_task_marker_parent' retrieved from /home/airflow/.local/lib/python3.12/site-packages/airflow/example_dags/example_external_task_marker_dag.py
[2024-11-19T12:19:52.443+0000] {logging_mixin.py:190} INFO - [2024-11-19T12:19:52.443+0000] {dag.py:3239} INFO - Sync 2 DAGs
[2024-11-19T12:19:52.489+0000] {logging_mixin.py:190} INFO - [2024-11-19T12:19:52.488+0000] {dag.py:4180} INFO - Setting next_dagrun for example_external_task_marker_child to None, run_after=None
[2024-11-19T12:19:52.503+0000] {logging_mixin.py:190} INFO - [2024-11-19T12:19:52.502+0000] {dag.py:4180} INFO - Setting next_dagrun for example_external_task_marker_parent to None, run_after=None
[2024-11-19T12:19:52.574+0000] {processor.py:208} INFO - Processing /home/airflow/.local/lib/python3.12/site-packages/airflow/example_dags/example_external_task_marker_dag.py took 0.197 seconds
[2024-11-19T12:20:23.206+0000] {processor.py:186} INFO - Started process (PID=165) to work on /home/airflow/.local/lib/python3.12/site-packages/airflow/example_dags/example_external_task_marker_dag.py
[2024-11-19T12:20:23.207+0000] {processor.py:914} INFO - Processing file /home/airflow/.local/lib/python3.12/site-packages/airflow/example_dags/example_external_task_marker_dag.py for tasks to queue
[2024-11-19T12:20:23.209+0000] {logging_mixin.py:190} INFO - [2024-11-19T12:20:23.209+0000] {dagbag.py:588} INFO - Filling up the DagBag from /home/airflow/.local/lib/python3.12/site-packages/airflow/example_dags/example_external_task_marker_dag.py
[2024-11-19T12:20:23.218+0000] {processor.py:925} INFO - DAG(s) 'example_external_task_marker_parent', 'example_external_task_marker_child' retrieved from /home/airflow/.local/lib/python3.12/site-packages/airflow/example_dags/example_external_task_marker_dag.py
[2024-11-19T12:20:23.239+0000] {logging_mixin.py:190} INFO - [2024-11-19T12:20:23.239+0000] {dag.py:3239} INFO - Sync 2 DAGs
[2024-11-19T12:20:23.254+0000] {logging_mixin.py:190} INFO - [2024-11-19T12:20:23.254+0000] {dag.py:4180} INFO - Setting next_dagrun for example_external_task_marker_child to None, run_after=None
[2024-11-19T12:20:23.257+0000] {logging_mixin.py:190} INFO - [2024-11-19T12:20:23.257+0000] {dag.py:4180} INFO - Setting next_dagrun for example_external_task_marker_parent to None, run_after=None
[2024-11-19T12:20:23.279+0000] {processor.py:208} INFO - Processing /home/airflow/.local/lib/python3.12/site-packages/airflow/example_dags/example_external_task_marker_dag.py took 0.079 seconds
[2024-11-19T12:20:53.449+0000] {processor.py:186} INFO - Started process (PID=229) to work on /home/airflow/.local/lib/python3.12/site-packages/airflow/example_dags/example_external_task_marker_dag.py
[2024-11-19T12:20:53.449+0000] {processor.py:914} INFO - Processing file /home/airflow/.local/lib/python3.12/site-packages/airflow/example_dags/example_external_task_marker_dag.py for tasks to queue
[2024-11-19T12:20:53.451+0000] {logging_mixin.py:190} INFO - [2024-11-19T12:20:53.451+0000] {dagbag.py:588} INFO - Filling up the DagBag from /home/airflow/.local/lib/python3.12/site-packages/airflow/example_dags/example_external_task_marker_dag.py
[2024-11-19T12:20:53.459+0000] {processor.py:925} INFO - DAG(s) 'example_external_task_marker_child', 'example_external_task_marker_parent' retrieved from /home/airflow/.local/lib/python3.12/site-packages/airflow/example_dags/example_external_task_marker_dag.py
[2024-11-19T12:20:53.498+0000] {logging_mixin.py:190} INFO - [2024-11-19T12:20:53.498+0000] {dag.py:3239} INFO - Sync 2 DAGs
[2024-11-19T12:20:53.516+0000] {logging_mixin.py:190} INFO - [2024-11-19T12:20:53.516+0000] {dag.py:4180} INFO - Setting next_dagrun for example_external_task_marker_child to None, run_after=None
[2024-11-19T12:20:53.521+0000] {logging_mixin.py:190} INFO - [2024-11-19T12:20:53.520+0000] {dag.py:4180} INFO - Setting next_dagrun for example_external_task_marker_parent to None, run_after=None
[2024-11-19T12:20:53.542+0000] {processor.py:208} INFO - Processing /home/airflow/.local/lib/python3.12/site-packages/airflow/example_dags/example_external_task_marker_dag.py took 0.099 seconds
[2024-11-19T12:21:23.896+0000] {processor.py:186} INFO - Started process (PID=293) to work on /home/airflow/.local/lib/python3.12/site-packages/airflow/example_dags/example_external_task_marker_dag.py
[2024-11-19T12:21:23.896+0000] {processor.py:914} INFO - Processing file /home/airflow/.local/lib/python3.12/site-packages/airflow/example_dags/example_external_task_marker_dag.py for tasks to queue
[2024-11-19T12:21:23.898+0000] {logging_mixin.py:190} INFO - [2024-11-19T12:21:23.898+0000] {dagbag.py:588} INFO - Filling up the DagBag from /home/airflow/.local/lib/python3.12/site-packages/airflow/example_dags/example_external_task_marker_dag.py
[2024-11-19T12:21:23.907+0000] {processor.py:925} INFO - DAG(s) 'example_external_task_marker_parent', 'example_external_task_marker_child' retrieved from /home/airflow/.local/lib/python3.12/site-packages/airflow/example_dags/example_external_task_marker_dag.py
[2024-11-19T12:21:23.930+0000] {logging_mixin.py:190} INFO - [2024-11-19T12:21:23.930+0000] {dag.py:3239} INFO - Sync 2 DAGs
[2024-11-19T12:21:23.943+0000] {logging_mixin.py:190} INFO - [2024-11-19T12:21:23.943+0000] {dag.py:4180} INFO - Setting next_dagrun for example_external_task_marker_child to None, run_after=None
[2024-11-19T12:21:23.946+0000] {logging_mixin.py:190} INFO - [2024-11-19T12:21:23.945+0000] {dag.py:4180} INFO - Setting next_dagrun for example_external_task_marker_parent to None, run_after=None
[2024-11-19T12:21:23.976+0000] {processor.py:208} INFO - Processing /home/airflow/.local/lib/python3.12/site-packages/airflow/example_dags/example_external_task_marker_dag.py took 0.085 seconds
[2024-11-19T12:21:55.121+0000] {processor.py:186} INFO - Started process (PID=358) to work on /home/airflow/.local/lib/python3.12/site-packages/airflow/example_dags/example_external_task_marker_dag.py
[2024-11-19T12:21:55.122+0000] {processor.py:914} INFO - Processing file /home/airflow/.local/lib/python3.12/site-packages/airflow/example_dags/example_external_task_marker_dag.py for tasks to queue
[2024-11-19T12:21:55.124+0000] {logging_mixin.py:190} INFO - [2024-11-19T12:21:55.124+0000] {dagbag.py:588} INFO - Filling up the DagBag from /home/airflow/.local/lib/python3.12/site-packages/airflow/example_dags/example_external_task_marker_dag.py
[2024-11-19T12:21:55.133+0000] {processor.py:925} INFO - DAG(s) 'example_external_task_marker_parent', 'example_external_task_marker_child' retrieved from /home/airflow/.local/lib/python3.12/site-packages/airflow/example_dags/example_external_task_marker_dag.py
[2024-11-19T12:21:55.156+0000] {logging_mixin.py:190} INFO - [2024-11-19T12:21:55.156+0000] {dag.py:3239} INFO - Sync 2 DAGs
[2024-11-19T12:21:55.173+0000] {logging_mixin.py:190} INFO - [2024-11-19T12:21:55.173+0000] {dag.py:4180} INFO - Setting next_dagrun for example_external_task_marker_child to None, run_after=None
[2024-11-19T12:21:55.177+0000] {logging_mixin.py:190} INFO - [2024-11-19T12:21:55.177+0000] {dag.py:4180} INFO - Setting next_dagrun for example_external_task_marker_parent to None, run_after=None
[2024-11-19T12:21:55.198+0000] {processor.py:208} INFO - Processing /home/airflow/.local/lib/python3.12/site-packages/airflow/example_dags/example_external_task_marker_dag.py took 0.082 seconds
[2024-11-19T12:22:26.471+0000] {processor.py:186} INFO - Started process (PID=423) to work on /home/airflow/.local/lib/python3.12/site-packages/airflow/example_dags/example_external_task_marker_dag.py
[2024-11-19T12:22:26.471+0000] {processor.py:914} INFO - Processing file /home/airflow/.local/lib/python3.12/site-packages/airflow/example_dags/example_external_task_marker_dag.py for tasks to queue
[2024-11-19T12:22:26.473+0000] {logging_mixin.py:190} INFO - [2024-11-19T12:22:26.473+0000] {dagbag.py:588} INFO - Filling up the DagBag from /home/airflow/.local/lib/python3.12/site-packages/airflow/example_dags/example_external_task_marker_dag.py
[2024-11-19T12:22:26.515+0000] {processor.py:925} INFO - DAG(s) 'example_external_task_marker_parent', 'example_external_task_marker_child' retrieved from /home/airflow/.local/lib/python3.12/site-packages/airflow/example_dags/example_external_task_marker_dag.py
[2024-11-19T12:22:26.595+0000] {logging_mixin.py:190} INFO - [2024-11-19T12:22:26.594+0000] {dag.py:3239} INFO - Sync 2 DAGs
[2024-11-19T12:22:26.632+0000] {logging_mixin.py:190} INFO - [2024-11-19T12:22:26.632+0000] {dag.py:4180} INFO - Setting next_dagrun for example_external_task_marker_child to None, run_after=None
[2024-11-19T12:22:26.651+0000] {logging_mixin.py:190} INFO - [2024-11-19T12:22:26.650+0000] {dag.py:4180} INFO - Setting next_dagrun for example_external_task_marker_parent to None, run_after=None
[2024-11-19T12:22:26.718+0000] {processor.py:208} INFO - Processing /home/airflow/.local/lib/python3.12/site-packages/airflow/example_dags/example_external_task_marker_dag.py took 0.270 seconds
[2024-11-19T12:22:57.159+0000] {processor.py:186} INFO - Started process (PID=486) to work on /home/airflow/.local/lib/python3.12/site-packages/airflow/example_dags/example_external_task_marker_dag.py
[2024-11-19T12:22:57.160+0000] {processor.py:914} INFO - Processing file /home/airflow/.local/lib/python3.12/site-packages/airflow/example_dags/example_external_task_marker_dag.py for tasks to queue
[2024-11-19T12:22:57.162+0000] {logging_mixin.py:190} INFO - [2024-11-19T12:22:57.162+0000] {dagbag.py:588} INFO - Filling up the DagBag from /home/airflow/.local/lib/python3.12/site-packages/airflow/example_dags/example_external_task_marker_dag.py
[2024-11-19T12:22:57.170+0000] {processor.py:925} INFO - DAG(s) 'example_external_task_marker_child', 'example_external_task_marker_parent' retrieved from /home/airflow/.local/lib/python3.12/site-packages/airflow/example_dags/example_external_task_marker_dag.py
[2024-11-19T12:22:57.194+0000] {logging_mixin.py:190} INFO - [2024-11-19T12:22:57.194+0000] {dag.py:3239} INFO - Sync 2 DAGs
[2024-11-19T12:22:57.211+0000] {logging_mixin.py:190} INFO - [2024-11-19T12:22:57.211+0000] {dag.py:4180} INFO - Setting next_dagrun for example_external_task_marker_child to None, run_after=None
[2024-11-19T12:22:57.215+0000] {logging_mixin.py:190} INFO - [2024-11-19T12:22:57.215+0000] {dag.py:4180} INFO - Setting next_dagrun for example_external_task_marker_parent to None, run_after=None
[2024-11-19T12:22:57.239+0000] {processor.py:208} INFO - Processing /home/airflow/.local/lib/python3.12/site-packages/airflow/example_dags/example_external_task_marker_dag.py took 0.086 seconds
[2024-11-19T12:23:27.777+0000] {processor.py:186} INFO - Started process (PID=550) to work on /home/airflow/.local/lib/python3.12/site-packages/airflow/example_dags/example_external_task_marker_dag.py
[2024-11-19T12:23:27.777+0000] {processor.py:914} INFO - Processing file /home/airflow/.local/lib/python3.12/site-packages/airflow/example_dags/example_external_task_marker_dag.py for tasks to queue
[2024-11-19T12:23:27.779+0000] {logging_mixin.py:190} INFO - [2024-11-19T12:23:27.779+0000] {dagbag.py:588} INFO - Filling up the DagBag from /home/airflow/.local/lib/python3.12/site-packages/airflow/example_dags/example_external_task_marker_dag.py
[2024-11-19T12:23:27.787+0000] {processor.py:925} INFO - DAG(s) 'example_external_task_marker_child', 'example_external_task_marker_parent' retrieved from /home/airflow/.local/lib/python3.12/site-packages/airflow/example_dags/example_external_task_marker_dag.py
[2024-11-19T12:23:27.808+0000] {logging_mixin.py:190} INFO - [2024-11-19T12:23:27.808+0000] {dag.py:3239} INFO - Sync 2 DAGs
[2024-11-19T12:23:27.826+0000] {logging_mixin.py:190} INFO - [2024-11-19T12:23:27.825+0000] {dag.py:4180} INFO - Setting next_dagrun for example_external_task_marker_child to None, run_after=None
[2024-11-19T12:23:27.829+0000] {logging_mixin.py:190} INFO - [2024-11-19T12:23:27.829+0000] {dag.py:4180} INFO - Setting next_dagrun for example_external_task_marker_parent to None, run_after=None
[2024-11-19T12:23:27.865+0000] {processor.py:208} INFO - Processing /home/airflow/.local/lib/python3.12/site-packages/airflow/example_dags/example_external_task_marker_dag.py took 0.094 seconds
[2024-11-19T12:23:57.950+0000] {processor.py:186} INFO - Started process (PID=614) to work on /home/airflow/.local/lib/python3.12/site-packages/airflow/example_dags/example_external_task_marker_dag.py
[2024-11-19T12:23:57.951+0000] {processor.py:914} INFO - Processing file /home/airflow/.local/lib/python3.12/site-packages/airflow/example_dags/example_external_task_marker_dag.py for tasks to queue
[2024-11-19T12:23:57.954+0000] {logging_mixin.py:190} INFO - [2024-11-19T12:23:57.954+0000] {dagbag.py:588} INFO - Filling up the DagBag from /home/airflow/.local/lib/python3.12/site-packages/airflow/example_dags/example_external_task_marker_dag.py
[2024-11-19T12:23:57.976+0000] {processor.py:925} INFO - DAG(s) 'example_external_task_marker_parent', 'example_external_task_marker_child' retrieved from /home/airflow/.local/lib/python3.12/site-packages/airflow/example_dags/example_external_task_marker_dag.py
[2024-11-19T12:23:57.999+0000] {logging_mixin.py:190} INFO - [2024-11-19T12:23:57.999+0000] {dag.py:3239} INFO - Sync 2 DAGs
[2024-11-19T12:23:58.015+0000] {logging_mixin.py:190} INFO - [2024-11-19T12:23:58.015+0000] {dag.py:4180} INFO - Setting next_dagrun for example_external_task_marker_child to None, run_after=None
[2024-11-19T12:23:58.019+0000] {logging_mixin.py:190} INFO - [2024-11-19T12:23:58.019+0000] {dag.py:4180} INFO - Setting next_dagrun for example_external_task_marker_parent to None, run_after=None
[2024-11-19T12:23:58.041+0000] {processor.py:208} INFO - Processing /home/airflow/.local/lib/python3.12/site-packages/airflow/example_dags/example_external_task_marker_dag.py took 0.100 seconds
[2024-11-19T12:24:28.433+0000] {processor.py:186} INFO - Started process (PID=679) to work on /home/airflow/.local/lib/python3.12/site-packages/airflow/example_dags/example_external_task_marker_dag.py
[2024-11-19T12:24:28.433+0000] {processor.py:914} INFO - Processing file /home/airflow/.local/lib/python3.12/site-packages/airflow/example_dags/example_external_task_marker_dag.py for tasks to queue
[2024-11-19T12:24:28.436+0000] {logging_mixin.py:190} INFO - [2024-11-19T12:24:28.436+0000] {dagbag.py:588} INFO - Filling up the DagBag from /home/airflow/.local/lib/python3.12/site-packages/airflow/example_dags/example_external_task_marker_dag.py
[2024-11-19T12:24:28.444+0000] {processor.py:925} INFO - DAG(s) 'example_external_task_marker_parent', 'example_external_task_marker_child' retrieved from /home/airflow/.local/lib/python3.12/site-packages/airflow/example_dags/example_external_task_marker_dag.py
[2024-11-19T12:24:28.466+0000] {logging_mixin.py:190} INFO - [2024-11-19T12:24:28.465+0000] {dag.py:3239} INFO - Sync 2 DAGs
[2024-11-19T12:24:28.483+0000] {logging_mixin.py:190} INFO - [2024-11-19T12:24:28.482+0000] {dag.py:4180} INFO - Setting next_dagrun for example_external_task_marker_child to None, run_after=None
[2024-11-19T12:24:28.487+0000] {logging_mixin.py:190} INFO - [2024-11-19T12:24:28.487+0000] {dag.py:4180} INFO - Setting next_dagrun for example_external_task_marker_parent to None, run_after=None
[2024-11-19T12:24:28.510+0000] {processor.py:208} INFO - Processing /home/airflow/.local/lib/python3.12/site-packages/airflow/example_dags/example_external_task_marker_dag.py took 0.083 seconds
[2024-11-19T12:24:59.051+0000] {processor.py:186} INFO - Started process (PID=743) to work on /home/airflow/.local/lib/python3.12/site-packages/airflow/example_dags/example_external_task_marker_dag.py
[2024-11-19T12:24:59.054+0000] {processor.py:914} INFO - Processing file /home/airflow/.local/lib/python3.12/site-packages/airflow/example_dags/example_external_task_marker_dag.py for tasks to queue
[2024-11-19T12:24:59.056+0000] {logging_mixin.py:190} INFO - [2024-11-19T12:24:59.055+0000] {dagbag.py:588} INFO - Filling up the DagBag from /home/airflow/.local/lib/python3.12/site-packages/airflow/example_dags/example_external_task_marker_dag.py
[2024-11-19T12:24:59.064+0000] {processor.py:925} INFO - DAG(s) 'example_external_task_marker_parent', 'example_external_task_marker_child' retrieved from /home/airflow/.local/lib/python3.12/site-packages/airflow/example_dags/example_external_task_marker_dag.py
[2024-11-19T12:24:59.088+0000] {logging_mixin.py:190} INFO - [2024-11-19T12:24:59.087+0000] {dag.py:3239} INFO - Sync 2 DAGs
[2024-11-19T12:24:59.103+0000] {logging_mixin.py:190} INFO - [2024-11-19T12:24:59.103+0000] {dag.py:4180} INFO - Setting next_dagrun for example_external_task_marker_child to None, run_after=None
[2024-11-19T12:24:59.107+0000] {logging_mixin.py:190} INFO - [2024-11-19T12:24:59.107+0000] {dag.py:4180} INFO - Setting next_dagrun for example_external_task_marker_parent to None, run_after=None
[2024-11-19T12:24:59.132+0000] {processor.py:208} INFO - Processing /home/airflow/.local/lib/python3.12/site-packages/airflow/example_dags/example_external_task_marker_dag.py took 0.089 seconds
[2024-11-19T12:25:29.821+0000] {processor.py:186} INFO - Started process (PID=807) to work on /home/airflow/.local/lib/python3.12/site-packages/airflow/example_dags/example_external_task_marker_dag.py
[2024-11-19T12:25:29.822+0000] {processor.py:914} INFO - Processing file /home/airflow/.local/lib/python3.12/site-packages/airflow/example_dags/example_external_task_marker_dag.py for tasks to queue
[2024-11-19T12:25:29.823+0000] {logging_mixin.py:190} INFO - [2024-11-19T12:25:29.823+0000] {dagbag.py:588} INFO - Filling up the DagBag from /home/airflow/.local/lib/python3.12/site-packages/airflow/example_dags/example_external_task_marker_dag.py
[2024-11-19T12:25:29.829+0000] {processor.py:925} INFO - DAG(s) 'example_external_task_marker_child', 'example_external_task_marker_parent' retrieved from /home/airflow/.local/lib/python3.12/site-packages/airflow/example_dags/example_external_task_marker_dag.py
[2024-11-19T12:25:29.847+0000] {logging_mixin.py:190} INFO - [2024-11-19T12:25:29.847+0000] {dag.py:3239} INFO - Sync 2 DAGs
[2024-11-19T12:25:29.858+0000] {logging_mixin.py:190} INFO - [2024-11-19T12:25:29.858+0000] {dag.py:4180} INFO - Setting next_dagrun for example_external_task_marker_child to None, run_after=None
[2024-11-19T12:25:29.861+0000] {logging_mixin.py:190} INFO - [2024-11-19T12:25:29.861+0000] {dag.py:4180} INFO - Setting next_dagrun for example_external_task_marker_parent to None, run_after=None
[2024-11-19T12:25:29.879+0000] {processor.py:208} INFO - Processing /home/airflow/.local/lib/python3.12/site-packages/airflow/example_dags/example_external_task_marker_dag.py took 0.062 seconds
[2024-11-19T12:26:00.385+0000] {processor.py:186} INFO - Started process (PID=872) to work on /home/airflow/.local/lib/python3.12/site-packages/airflow/example_dags/example_external_task_marker_dag.py
[2024-11-19T12:26:00.386+0000] {processor.py:914} INFO - Processing file /home/airflow/.local/lib/python3.12/site-packages/airflow/example_dags/example_external_task_marker_dag.py for tasks to queue
[2024-11-19T12:26:00.388+0000] {logging_mixin.py:190} INFO - [2024-11-19T12:26:00.388+0000] {dagbag.py:588} INFO - Filling up the DagBag from /home/airflow/.local/lib/python3.12/site-packages/airflow/example_dags/example_external_task_marker_dag.py
[2024-11-19T12:26:00.396+0000] {processor.py:925} INFO - DAG(s) 'example_external_task_marker_child', 'example_external_task_marker_parent' retrieved from /home/airflow/.local/lib/python3.12/site-packages/airflow/example_dags/example_external_task_marker_dag.py
[2024-11-19T12:26:00.418+0000] {logging_mixin.py:190} INFO - [2024-11-19T12:26:00.418+0000] {dag.py:3239} INFO - Sync 2 DAGs
[2024-11-19T12:26:00.435+0000] {logging_mixin.py:190} INFO - [2024-11-19T12:26:00.435+0000] {dag.py:4180} INFO - Setting next_dagrun for example_external_task_marker_child to None, run_after=None
[2024-11-19T12:26:00.439+0000] {logging_mixin.py:190} INFO - [2024-11-19T12:26:00.439+0000] {dag.py:4180} INFO - Setting next_dagrun for example_external_task_marker_parent to None, run_after=None
[2024-11-19T12:26:00.466+0000] {processor.py:208} INFO - Processing /home/airflow/.local/lib/python3.12/site-packages/airflow/example_dags/example_external_task_marker_dag.py took 0.087 seconds
[2024-11-19T12:26:31.403+0000] {processor.py:186} INFO - Started process (PID=936) to work on /home/airflow/.local/lib/python3.12/site-packages/airflow/example_dags/example_external_task_marker_dag.py
[2024-11-19T12:26:31.412+0000] {processor.py:914} INFO - Processing file /home/airflow/.local/lib/python3.12/site-packages/airflow/example_dags/example_external_task_marker_dag.py for tasks to queue
[2024-11-19T12:26:31.430+0000] {logging_mixin.py:190} INFO - [2024-11-19T12:26:31.430+0000] {dagbag.py:588} INFO - Filling up the DagBag from /home/airflow/.local/lib/python3.12/site-packages/airflow/example_dags/example_external_task_marker_dag.py
[2024-11-19T12:26:31.440+0000] {processor.py:925} INFO - DAG(s) 'example_external_task_marker_child', 'example_external_task_marker_parent' retrieved from /home/airflow/.local/lib/python3.12/site-packages/airflow/example_dags/example_external_task_marker_dag.py
[2024-11-19T12:26:31.545+0000] {logging_mixin.py:190} INFO - [2024-11-19T12:26:31.545+0000] {dag.py:3239} INFO - Sync 2 DAGs
[2024-11-19T12:26:31.577+0000] {logging_mixin.py:190} INFO - [2024-11-19T12:26:31.577+0000] {dag.py:4180} INFO - Setting next_dagrun for example_external_task_marker_child to None, run_after=None
[2024-11-19T12:26:31.585+0000] {logging_mixin.py:190} INFO - [2024-11-19T12:26:31.585+0000] {dag.py:4180} INFO - Setting next_dagrun for example_external_task_marker_parent to None, run_after=None
[2024-11-19T12:26:31.630+0000] {processor.py:208} INFO - Processing /home/airflow/.local/lib/python3.12/site-packages/airflow/example_dags/example_external_task_marker_dag.py took 0.248 seconds
[2024-11-19T12:27:01.905+0000] {processor.py:186} INFO - Started process (PID=1000) to work on /home/airflow/.local/lib/python3.12/site-packages/airflow/example_dags/example_external_task_marker_dag.py
[2024-11-19T12:27:01.906+0000] {processor.py:914} INFO - Processing file /home/airflow/.local/lib/python3.12/site-packages/airflow/example_dags/example_external_task_marker_dag.py for tasks to queue
[2024-11-19T12:27:01.907+0000] {logging_mixin.py:190} INFO - [2024-11-19T12:27:01.906+0000] {dagbag.py:588} INFO - Filling up the DagBag from /home/airflow/.local/lib/python3.12/site-packages/airflow/example_dags/example_external_task_marker_dag.py
[2024-11-19T12:27:01.916+0000] {processor.py:925} INFO - DAG(s) 'example_external_task_marker_parent', 'example_external_task_marker_child' retrieved from /home/airflow/.local/lib/python3.12/site-packages/airflow/example_dags/example_external_task_marker_dag.py
[2024-11-19T12:27:01.979+0000] {logging_mixin.py:190} INFO - [2024-11-19T12:27:01.978+0000] {dag.py:3239} INFO - Sync 2 DAGs
[2024-11-19T12:27:02.049+0000] {logging_mixin.py:190} INFO - [2024-11-19T12:27:02.049+0000] {dag.py:4180} INFO - Setting next_dagrun for example_external_task_marker_child to None, run_after=None
[2024-11-19T12:27:02.053+0000] {logging_mixin.py:190} INFO - [2024-11-19T12:27:02.053+0000] {dag.py:4180} INFO - Setting next_dagrun for example_external_task_marker_parent to None, run_after=None
[2024-11-19T12:27:02.106+0000] {processor.py:208} INFO - Processing /home/airflow/.local/lib/python3.12/site-packages/airflow/example_dags/example_external_task_marker_dag.py took 0.216 seconds
[2024-11-19T12:27:32.663+0000] {processor.py:186} INFO - Started process (PID=1064) to work on /home/airflow/.local/lib/python3.12/site-packages/airflow/example_dags/example_external_task_marker_dag.py
[2024-11-19T12:27:32.668+0000] {processor.py:914} INFO - Processing file /home/airflow/.local/lib/python3.12/site-packages/airflow/example_dags/example_external_task_marker_dag.py for tasks to queue
[2024-11-19T12:27:32.669+0000] {logging_mixin.py:190} INFO - [2024-11-19T12:27:32.669+0000] {dagbag.py:588} INFO - Filling up the DagBag from /home/airflow/.local/lib/python3.12/site-packages/airflow/example_dags/example_external_task_marker_dag.py
[2024-11-19T12:27:32.687+0000] {processor.py:925} INFO - DAG(s) 'example_external_task_marker_child', 'example_external_task_marker_parent' retrieved from /home/airflow/.local/lib/python3.12/site-packages/airflow/example_dags/example_external_task_marker_dag.py
[2024-11-19T12:27:32.726+0000] {logging_mixin.py:190} INFO - [2024-11-19T12:27:32.726+0000] {dag.py:3239} INFO - Sync 2 DAGs
[2024-11-19T12:27:32.773+0000] {logging_mixin.py:190} INFO - [2024-11-19T12:27:32.772+0000] {dag.py:4180} INFO - Setting next_dagrun for example_external_task_marker_child to None, run_after=None
[2024-11-19T12:27:32.800+0000] {logging_mixin.py:190} INFO - [2024-11-19T12:27:32.800+0000] {dag.py:4180} INFO - Setting next_dagrun for example_external_task_marker_parent to None, run_after=None
[2024-11-19T12:27:32.869+0000] {processor.py:208} INFO - Processing /home/airflow/.local/lib/python3.12/site-packages/airflow/example_dags/example_external_task_marker_dag.py took 0.212 seconds
