[2024-11-19T12:04:19.227+0000] {processor.py:186} INFO - Started process (PID=116) to work on /home/airflow/.local/lib/python3.12/site-packages/airflow/example_dags/example_branch_labels.py
[2024-11-19T12:04:19.230+0000] {processor.py:914} INFO - Processing file /home/airflow/.local/lib/python3.12/site-packages/airflow/example_dags/example_branch_labels.py for tasks to queue
[2024-11-19T12:04:19.236+0000] {logging_mixin.py:190} INFO - [2024-11-19T12:04:19.236+0000] {dagbag.py:588} INFO - Filling up the DagBag from /home/airflow/.local/lib/python3.12/site-packages/airflow/example_dags/example_branch_labels.py
[2024-11-19T12:04:19.278+0000] {processor.py:925} INFO - DAG(s) 'example_branch_labels' retrieved from /home/airflow/.local/lib/python3.12/site-packages/airflow/example_dags/example_branch_labels.py
[2024-11-19T12:04:19.379+0000] {logging_mixin.py:190} INFO - [2024-11-19T12:04:19.379+0000] {dag.py:3239} INFO - Sync 1 DAGs
[2024-11-19T12:04:19.599+0000] {logging_mixin.py:190} INFO - [2024-11-19T12:04:19.599+0000] {dag.py:4180} INFO - Setting next_dagrun for example_branch_labels to 2024-11-18 00:00:00+00:00, run_after=2024-11-19 00:00:00+00:00
[2024-11-19T12:04:20.283+0000] {processor.py:208} INFO - Processing /home/airflow/.local/lib/python3.12/site-packages/airflow/example_dags/example_branch_labels.py took 1.078 seconds
[2024-11-19T12:04:50.563+0000] {processor.py:186} INFO - Started process (PID=179) to work on /home/airflow/.local/lib/python3.12/site-packages/airflow/example_dags/example_branch_labels.py
[2024-11-19T12:04:50.568+0000] {processor.py:914} INFO - Processing file /home/airflow/.local/lib/python3.12/site-packages/airflow/example_dags/example_branch_labels.py for tasks to queue
[2024-11-19T12:04:50.571+0000] {logging_mixin.py:190} INFO - [2024-11-19T12:04:50.571+0000] {dagbag.py:588} INFO - Filling up the DagBag from /home/airflow/.local/lib/python3.12/site-packages/airflow/example_dags/example_branch_labels.py
[2024-11-19T12:04:50.581+0000] {processor.py:925} INFO - DAG(s) 'example_branch_labels' retrieved from /home/airflow/.local/lib/python3.12/site-packages/airflow/example_dags/example_branch_labels.py
[2024-11-19T12:04:50.604+0000] {logging_mixin.py:190} INFO - [2024-11-19T12:04:50.603+0000] {dag.py:3239} INFO - Sync 1 DAGs
[2024-11-19T12:04:50.633+0000] {logging_mixin.py:190} INFO - [2024-11-19T12:04:50.632+0000] {dag.py:4180} INFO - Setting next_dagrun for example_branch_labels to 2024-11-18 00:00:00+00:00, run_after=2024-11-19 00:00:00+00:00
[2024-11-19T12:04:50.676+0000] {processor.py:208} INFO - Processing /home/airflow/.local/lib/python3.12/site-packages/airflow/example_dags/example_branch_labels.py took 0.119 seconds
[2024-11-19T12:05:20.907+0000] {processor.py:186} INFO - Started process (PID=243) to work on /home/airflow/.local/lib/python3.12/site-packages/airflow/example_dags/example_branch_labels.py
[2024-11-19T12:05:20.908+0000] {processor.py:914} INFO - Processing file /home/airflow/.local/lib/python3.12/site-packages/airflow/example_dags/example_branch_labels.py for tasks to queue
[2024-11-19T12:05:20.910+0000] {logging_mixin.py:190} INFO - [2024-11-19T12:05:20.910+0000] {dagbag.py:588} INFO - Filling up the DagBag from /home/airflow/.local/lib/python3.12/site-packages/airflow/example_dags/example_branch_labels.py
[2024-11-19T12:05:20.918+0000] {processor.py:925} INFO - DAG(s) 'example_branch_labels' retrieved from /home/airflow/.local/lib/python3.12/site-packages/airflow/example_dags/example_branch_labels.py
[2024-11-19T12:05:20.934+0000] {logging_mixin.py:190} INFO - [2024-11-19T12:05:20.934+0000] {dag.py:3239} INFO - Sync 1 DAGs
[2024-11-19T12:05:20.951+0000] {logging_mixin.py:190} INFO - [2024-11-19T12:05:20.951+0000] {dag.py:4180} INFO - Setting next_dagrun for example_branch_labels to 2024-11-18 00:00:00+00:00, run_after=2024-11-19 00:00:00+00:00
[2024-11-19T12:05:21.066+0000] {processor.py:208} INFO - Processing /home/airflow/.local/lib/python3.12/site-packages/airflow/example_dags/example_branch_labels.py took 0.164 seconds
[2024-11-19T12:05:51.150+0000] {processor.py:186} INFO - Started process (PID=308) to work on /home/airflow/.local/lib/python3.12/site-packages/airflow/example_dags/example_branch_labels.py
[2024-11-19T12:05:51.151+0000] {processor.py:914} INFO - Processing file /home/airflow/.local/lib/python3.12/site-packages/airflow/example_dags/example_branch_labels.py for tasks to queue
[2024-11-19T12:05:51.155+0000] {logging_mixin.py:190} INFO - [2024-11-19T12:05:51.153+0000] {dagbag.py:588} INFO - Filling up the DagBag from /home/airflow/.local/lib/python3.12/site-packages/airflow/example_dags/example_branch_labels.py
[2024-11-19T12:05:51.164+0000] {processor.py:925} INFO - DAG(s) 'example_branch_labels' retrieved from /home/airflow/.local/lib/python3.12/site-packages/airflow/example_dags/example_branch_labels.py
[2024-11-19T12:05:51.187+0000] {logging_mixin.py:190} INFO - [2024-11-19T12:05:51.187+0000] {dag.py:3239} INFO - Sync 1 DAGs
[2024-11-19T12:05:51.215+0000] {logging_mixin.py:190} INFO - [2024-11-19T12:05:51.215+0000] {dag.py:4180} INFO - Setting next_dagrun for example_branch_labels to 2024-11-18 00:00:00+00:00, run_after=2024-11-19 00:00:00+00:00
[2024-11-19T12:05:51.241+0000] {processor.py:208} INFO - Processing /home/airflow/.local/lib/python3.12/site-packages/airflow/example_dags/example_branch_labels.py took 0.096 seconds
[2024-11-19T12:06:22.196+0000] {processor.py:186} INFO - Started process (PID=373) to work on /home/airflow/.local/lib/python3.12/site-packages/airflow/example_dags/example_branch_labels.py
[2024-11-19T12:06:22.197+0000] {processor.py:914} INFO - Processing file /home/airflow/.local/lib/python3.12/site-packages/airflow/example_dags/example_branch_labels.py for tasks to queue
[2024-11-19T12:06:22.200+0000] {logging_mixin.py:190} INFO - [2024-11-19T12:06:22.199+0000] {dagbag.py:588} INFO - Filling up the DagBag from /home/airflow/.local/lib/python3.12/site-packages/airflow/example_dags/example_branch_labels.py
[2024-11-19T12:06:22.253+0000] {processor.py:925} INFO - DAG(s) 'example_branch_labels' retrieved from /home/airflow/.local/lib/python3.12/site-packages/airflow/example_dags/example_branch_labels.py
[2024-11-19T12:06:22.315+0000] {logging_mixin.py:190} INFO - [2024-11-19T12:06:22.315+0000] {dag.py:3239} INFO - Sync 1 DAGs
[2024-11-19T12:06:22.341+0000] {logging_mixin.py:190} INFO - [2024-11-19T12:06:22.341+0000] {dag.py:4180} INFO - Setting next_dagrun for example_branch_labels to 2024-11-18 00:00:00+00:00, run_after=2024-11-19 00:00:00+00:00
[2024-11-19T12:06:22.363+0000] {processor.py:208} INFO - Processing /home/airflow/.local/lib/python3.12/site-packages/airflow/example_dags/example_branch_labels.py took 0.176 seconds
[2024-11-19T12:06:53.345+0000] {processor.py:186} INFO - Started process (PID=437) to work on /home/airflow/.local/lib/python3.12/site-packages/airflow/example_dags/example_branch_labels.py
[2024-11-19T12:06:53.346+0000] {processor.py:914} INFO - Processing file /home/airflow/.local/lib/python3.12/site-packages/airflow/example_dags/example_branch_labels.py for tasks to queue
[2024-11-19T12:06:53.348+0000] {logging_mixin.py:190} INFO - [2024-11-19T12:06:53.348+0000] {dagbag.py:588} INFO - Filling up the DagBag from /home/airflow/.local/lib/python3.12/site-packages/airflow/example_dags/example_branch_labels.py
[2024-11-19T12:06:53.365+0000] {processor.py:925} INFO - DAG(s) 'example_branch_labels' retrieved from /home/airflow/.local/lib/python3.12/site-packages/airflow/example_dags/example_branch_labels.py
[2024-11-19T12:06:53.390+0000] {logging_mixin.py:190} INFO - [2024-11-19T12:06:53.390+0000] {dag.py:3239} INFO - Sync 1 DAGs
[2024-11-19T12:06:53.417+0000] {logging_mixin.py:190} INFO - [2024-11-19T12:06:53.417+0000] {dag.py:4180} INFO - Setting next_dagrun for example_branch_labels to 2024-11-18 00:00:00+00:00, run_after=2024-11-19 00:00:00+00:00
[2024-11-19T12:06:53.441+0000] {processor.py:208} INFO - Processing /home/airflow/.local/lib/python3.12/site-packages/airflow/example_dags/example_branch_labels.py took 0.102 seconds
[2024-11-19T12:07:26.549+0000] {processor.py:186} INFO - Started process (PID=502) to work on /home/airflow/.local/lib/python3.12/site-packages/airflow/example_dags/example_branch_labels.py
[2024-11-19T12:07:26.551+0000] {processor.py:914} INFO - Processing file /home/airflow/.local/lib/python3.12/site-packages/airflow/example_dags/example_branch_labels.py for tasks to queue
[2024-11-19T12:07:26.553+0000] {logging_mixin.py:190} INFO - [2024-11-19T12:07:26.553+0000] {dagbag.py:588} INFO - Filling up the DagBag from /home/airflow/.local/lib/python3.12/site-packages/airflow/example_dags/example_branch_labels.py
[2024-11-19T12:07:26.563+0000] {processor.py:925} INFO - DAG(s) 'example_branch_labels' retrieved from /home/airflow/.local/lib/python3.12/site-packages/airflow/example_dags/example_branch_labels.py
[2024-11-19T12:07:26.581+0000] {logging_mixin.py:190} INFO - [2024-11-19T12:07:26.581+0000] {dag.py:3239} INFO - Sync 1 DAGs
[2024-11-19T12:07:26.607+0000] {logging_mixin.py:190} INFO - [2024-11-19T12:07:26.607+0000] {dag.py:4180} INFO - Setting next_dagrun for example_branch_labels to 2024-11-18 00:00:00+00:00, run_after=2024-11-19 00:00:00+00:00
[2024-11-19T12:07:26.634+0000] {processor.py:208} INFO - Processing /home/airflow/.local/lib/python3.12/site-packages/airflow/example_dags/example_branch_labels.py took 0.092 seconds
[2024-11-19T12:08:01.778+0000] {processor.py:186} INFO - Started process (PID=572) to work on /home/airflow/.local/lib/python3.12/site-packages/airflow/example_dags/example_branch_labels.py
[2024-11-19T12:08:01.779+0000] {processor.py:914} INFO - Processing file /home/airflow/.local/lib/python3.12/site-packages/airflow/example_dags/example_branch_labels.py for tasks to queue
[2024-11-19T12:08:01.781+0000] {logging_mixin.py:190} INFO - [2024-11-19T12:08:01.780+0000] {dagbag.py:588} INFO - Filling up the DagBag from /home/airflow/.local/lib/python3.12/site-packages/airflow/example_dags/example_branch_labels.py
[2024-11-19T12:08:01.801+0000] {processor.py:925} INFO - DAG(s) 'example_branch_labels' retrieved from /home/airflow/.local/lib/python3.12/site-packages/airflow/example_dags/example_branch_labels.py
[2024-11-19T12:08:01.849+0000] {logging_mixin.py:190} INFO - [2024-11-19T12:08:01.849+0000] {dag.py:3239} INFO - Sync 1 DAGs
[2024-11-19T12:08:01.890+0000] {logging_mixin.py:190} INFO - [2024-11-19T12:08:01.890+0000] {dag.py:4180} INFO - Setting next_dagrun for example_branch_labels to 2024-11-18 00:00:00+00:00, run_after=2024-11-19 00:00:00+00:00
[2024-11-19T12:08:01.943+0000] {processor.py:208} INFO - Processing /home/airflow/.local/lib/python3.12/site-packages/airflow/example_dags/example_branch_labels.py took 0.177 seconds
[2024-11-19T12:08:36.360+0000] {processor.py:186} INFO - Started process (PID=648) to work on /home/airflow/.local/lib/python3.12/site-packages/airflow/example_dags/example_branch_labels.py
[2024-11-19T12:08:36.361+0000] {processor.py:914} INFO - Processing file /home/airflow/.local/lib/python3.12/site-packages/airflow/example_dags/example_branch_labels.py for tasks to queue
[2024-11-19T12:08:36.364+0000] {logging_mixin.py:190} INFO - [2024-11-19T12:08:36.363+0000] {dagbag.py:588} INFO - Filling up the DagBag from /home/airflow/.local/lib/python3.12/site-packages/airflow/example_dags/example_branch_labels.py
[2024-11-19T12:08:36.382+0000] {processor.py:925} INFO - DAG(s) 'example_branch_labels' retrieved from /home/airflow/.local/lib/python3.12/site-packages/airflow/example_dags/example_branch_labels.py
[2024-11-19T12:08:36.430+0000] {logging_mixin.py:190} INFO - [2024-11-19T12:08:36.430+0000] {dag.py:3239} INFO - Sync 1 DAGs
[2024-11-19T12:08:36.487+0000] {logging_mixin.py:190} INFO - [2024-11-19T12:08:36.487+0000] {dag.py:4180} INFO - Setting next_dagrun for example_branch_labels to 2024-11-18 00:00:00+00:00, run_after=2024-11-19 00:00:00+00:00
[2024-11-19T12:08:36.527+0000] {processor.py:208} INFO - Processing /home/airflow/.local/lib/python3.12/site-packages/airflow/example_dags/example_branch_labels.py took 0.172 seconds
[2024-11-19T12:09:11.908+0000] {processor.py:186} INFO - Started process (PID=712) to work on /home/airflow/.local/lib/python3.12/site-packages/airflow/example_dags/example_branch_labels.py
[2024-11-19T12:09:11.919+0000] {processor.py:914} INFO - Processing file /home/airflow/.local/lib/python3.12/site-packages/airflow/example_dags/example_branch_labels.py for tasks to queue
[2024-11-19T12:09:11.921+0000] {logging_mixin.py:190} INFO - [2024-11-19T12:09:11.921+0000] {dagbag.py:588} INFO - Filling up the DagBag from /home/airflow/.local/lib/python3.12/site-packages/airflow/example_dags/example_branch_labels.py
[2024-11-19T12:09:11.949+0000] {processor.py:925} INFO - DAG(s) 'example_branch_labels' retrieved from /home/airflow/.local/lib/python3.12/site-packages/airflow/example_dags/example_branch_labels.py
[2024-11-19T12:09:12.008+0000] {logging_mixin.py:190} INFO - [2024-11-19T12:09:12.008+0000] {dag.py:3239} INFO - Sync 1 DAGs
[2024-11-19T12:09:12.093+0000] {logging_mixin.py:190} INFO - [2024-11-19T12:09:12.093+0000] {dag.py:4180} INFO - Setting next_dagrun for example_branch_labels to 2024-11-18 00:00:00+00:00, run_after=2024-11-19 00:00:00+00:00
[2024-11-19T12:09:12.193+0000] {processor.py:208} INFO - Processing /home/airflow/.local/lib/python3.12/site-packages/airflow/example_dags/example_branch_labels.py took 0.303 seconds
[2024-11-19T12:09:43.173+0000] {processor.py:186} INFO - Started process (PID=783) to work on /home/airflow/.local/lib/python3.12/site-packages/airflow/example_dags/example_branch_labels.py
[2024-11-19T12:09:43.178+0000] {processor.py:914} INFO - Processing file /home/airflow/.local/lib/python3.12/site-packages/airflow/example_dags/example_branch_labels.py for tasks to queue
[2024-11-19T12:09:43.181+0000] {logging_mixin.py:190} INFO - [2024-11-19T12:09:43.181+0000] {dagbag.py:588} INFO - Filling up the DagBag from /home/airflow/.local/lib/python3.12/site-packages/airflow/example_dags/example_branch_labels.py
[2024-11-19T12:09:43.198+0000] {processor.py:925} INFO - DAG(s) 'example_branch_labels' retrieved from /home/airflow/.local/lib/python3.12/site-packages/airflow/example_dags/example_branch_labels.py
[2024-11-19T12:09:43.303+0000] {logging_mixin.py:190} INFO - [2024-11-19T12:09:43.302+0000] {dag.py:3239} INFO - Sync 1 DAGs
[2024-11-19T12:09:43.342+0000] {logging_mixin.py:190} INFO - [2024-11-19T12:09:43.341+0000] {dag.py:4180} INFO - Setting next_dagrun for example_branch_labels to 2024-11-18 00:00:00+00:00, run_after=2024-11-19 00:00:00+00:00
[2024-11-19T12:09:43.387+0000] {processor.py:208} INFO - Processing /home/airflow/.local/lib/python3.12/site-packages/airflow/example_dags/example_branch_labels.py took 0.244 seconds
[2024-11-19T12:10:13.777+0000] {processor.py:186} INFO - Started process (PID=847) to work on /home/airflow/.local/lib/python3.12/site-packages/airflow/example_dags/example_branch_labels.py
[2024-11-19T12:10:13.790+0000] {processor.py:914} INFO - Processing file /home/airflow/.local/lib/python3.12/site-packages/airflow/example_dags/example_branch_labels.py for tasks to queue
[2024-11-19T12:10:13.793+0000] {logging_mixin.py:190} INFO - [2024-11-19T12:10:13.793+0000] {dagbag.py:588} INFO - Filling up the DagBag from /home/airflow/.local/lib/python3.12/site-packages/airflow/example_dags/example_branch_labels.py
[2024-11-19T12:10:13.812+0000] {processor.py:925} INFO - DAG(s) 'example_branch_labels' retrieved from /home/airflow/.local/lib/python3.12/site-packages/airflow/example_dags/example_branch_labels.py
[2024-11-19T12:10:13.845+0000] {logging_mixin.py:190} INFO - [2024-11-19T12:10:13.845+0000] {dag.py:3239} INFO - Sync 1 DAGs
[2024-11-19T12:10:13.871+0000] {logging_mixin.py:190} INFO - [2024-11-19T12:10:13.871+0000] {dag.py:4180} INFO - Setting next_dagrun for example_branch_labels to 2024-11-18 00:00:00+00:00, run_after=2024-11-19 00:00:00+00:00
[2024-11-19T12:10:13.901+0000] {processor.py:208} INFO - Processing /home/airflow/.local/lib/python3.12/site-packages/airflow/example_dags/example_branch_labels.py took 0.133 seconds
[2024-11-19T12:10:44.116+0000] {processor.py:186} INFO - Started process (PID=911) to work on /home/airflow/.local/lib/python3.12/site-packages/airflow/example_dags/example_branch_labels.py
[2024-11-19T12:10:44.117+0000] {processor.py:914} INFO - Processing file /home/airflow/.local/lib/python3.12/site-packages/airflow/example_dags/example_branch_labels.py for tasks to queue
[2024-11-19T12:10:44.122+0000] {logging_mixin.py:190} INFO - [2024-11-19T12:10:44.122+0000] {dagbag.py:588} INFO - Filling up the DagBag from /home/airflow/.local/lib/python3.12/site-packages/airflow/example_dags/example_branch_labels.py
[2024-11-19T12:10:44.134+0000] {processor.py:925} INFO - DAG(s) 'example_branch_labels' retrieved from /home/airflow/.local/lib/python3.12/site-packages/airflow/example_dags/example_branch_labels.py
[2024-11-19T12:10:44.167+0000] {logging_mixin.py:190} INFO - [2024-11-19T12:10:44.167+0000] {dag.py:3239} INFO - Sync 1 DAGs
[2024-11-19T12:10:44.201+0000] {logging_mixin.py:190} INFO - [2024-11-19T12:10:44.200+0000] {dag.py:4180} INFO - Setting next_dagrun for example_branch_labels to 2024-11-18 00:00:00+00:00, run_after=2024-11-19 00:00:00+00:00
[2024-11-19T12:10:44.224+0000] {processor.py:208} INFO - Processing /home/airflow/.local/lib/python3.12/site-packages/airflow/example_dags/example_branch_labels.py took 0.113 seconds
[2024-11-19T12:11:14.704+0000] {processor.py:186} INFO - Started process (PID=978) to work on /home/airflow/.local/lib/python3.12/site-packages/airflow/example_dags/example_branch_labels.py
[2024-11-19T12:11:14.706+0000] {processor.py:914} INFO - Processing file /home/airflow/.local/lib/python3.12/site-packages/airflow/example_dags/example_branch_labels.py for tasks to queue
[2024-11-19T12:11:14.707+0000] {logging_mixin.py:190} INFO - [2024-11-19T12:11:14.707+0000] {dagbag.py:588} INFO - Filling up the DagBag from /home/airflow/.local/lib/python3.12/site-packages/airflow/example_dags/example_branch_labels.py
[2024-11-19T12:11:14.726+0000] {processor.py:925} INFO - DAG(s) 'example_branch_labels' retrieved from /home/airflow/.local/lib/python3.12/site-packages/airflow/example_dags/example_branch_labels.py
[2024-11-19T12:11:14.745+0000] {logging_mixin.py:190} INFO - [2024-11-19T12:11:14.745+0000] {dag.py:3239} INFO - Sync 1 DAGs
[2024-11-19T12:11:14.770+0000] {logging_mixin.py:190} INFO - [2024-11-19T12:11:14.770+0000] {dag.py:4180} INFO - Setting next_dagrun for example_branch_labels to 2024-11-18 00:00:00+00:00, run_after=2024-11-19 00:00:00+00:00
[2024-11-19T12:11:14.792+0000] {processor.py:208} INFO - Processing /home/airflow/.local/lib/python3.12/site-packages/airflow/example_dags/example_branch_labels.py took 0.093 seconds
[2024-11-19T12:11:45.364+0000] {processor.py:186} INFO - Started process (PID=1042) to work on /home/airflow/.local/lib/python3.12/site-packages/airflow/example_dags/example_branch_labels.py
[2024-11-19T12:11:45.365+0000] {processor.py:914} INFO - Processing file /home/airflow/.local/lib/python3.12/site-packages/airflow/example_dags/example_branch_labels.py for tasks to queue
[2024-11-19T12:11:45.366+0000] {logging_mixin.py:190} INFO - [2024-11-19T12:11:45.365+0000] {dagbag.py:588} INFO - Filling up the DagBag from /home/airflow/.local/lib/python3.12/site-packages/airflow/example_dags/example_branch_labels.py
[2024-11-19T12:11:45.376+0000] {processor.py:925} INFO - DAG(s) 'example_branch_labels' retrieved from /home/airflow/.local/lib/python3.12/site-packages/airflow/example_dags/example_branch_labels.py
[2024-11-19T12:11:45.397+0000] {logging_mixin.py:190} INFO - [2024-11-19T12:11:45.397+0000] {dag.py:3239} INFO - Sync 1 DAGs
[2024-11-19T12:11:45.424+0000] {logging_mixin.py:190} INFO - [2024-11-19T12:11:45.424+0000] {dag.py:4180} INFO - Setting next_dagrun for example_branch_labels to 2024-11-18 00:00:00+00:00, run_after=2024-11-19 00:00:00+00:00
[2024-11-19T12:11:45.463+0000] {processor.py:208} INFO - Processing /home/airflow/.local/lib/python3.12/site-packages/airflow/example_dags/example_branch_labels.py took 0.105 seconds
[2024-11-19T12:12:15.731+0000] {processor.py:186} INFO - Started process (PID=1108) to work on /home/airflow/.local/lib/python3.12/site-packages/airflow/example_dags/example_branch_labels.py
[2024-11-19T12:12:15.737+0000] {processor.py:914} INFO - Processing file /home/airflow/.local/lib/python3.12/site-packages/airflow/example_dags/example_branch_labels.py for tasks to queue
[2024-11-19T12:12:15.738+0000] {logging_mixin.py:190} INFO - [2024-11-19T12:12:15.737+0000] {dagbag.py:588} INFO - Filling up the DagBag from /home/airflow/.local/lib/python3.12/site-packages/airflow/example_dags/example_branch_labels.py
[2024-11-19T12:12:15.760+0000] {processor.py:925} INFO - DAG(s) 'example_branch_labels' retrieved from /home/airflow/.local/lib/python3.12/site-packages/airflow/example_dags/example_branch_labels.py
[2024-11-19T12:12:15.849+0000] {logging_mixin.py:190} INFO - [2024-11-19T12:12:15.849+0000] {dag.py:3239} INFO - Sync 1 DAGs
[2024-11-19T12:12:15.914+0000] {logging_mixin.py:190} INFO - [2024-11-19T12:12:15.914+0000] {dag.py:4180} INFO - Setting next_dagrun for example_branch_labels to 2024-11-18 00:00:00+00:00, run_after=2024-11-19 00:00:00+00:00
[2024-11-19T12:12:15.966+0000] {processor.py:208} INFO - Processing /home/airflow/.local/lib/python3.12/site-packages/airflow/example_dags/example_branch_labels.py took 0.246 seconds
[2024-11-19T12:12:46.233+0000] {processor.py:186} INFO - Started process (PID=1175) to work on /home/airflow/.local/lib/python3.12/site-packages/airflow/example_dags/example_branch_labels.py
[2024-11-19T12:12:46.234+0000] {processor.py:914} INFO - Processing file /home/airflow/.local/lib/python3.12/site-packages/airflow/example_dags/example_branch_labels.py for tasks to queue
[2024-11-19T12:12:46.235+0000] {logging_mixin.py:190} INFO - [2024-11-19T12:12:46.235+0000] {dagbag.py:588} INFO - Filling up the DagBag from /home/airflow/.local/lib/python3.12/site-packages/airflow/example_dags/example_branch_labels.py
[2024-11-19T12:12:46.245+0000] {processor.py:925} INFO - DAG(s) 'example_branch_labels' retrieved from /home/airflow/.local/lib/python3.12/site-packages/airflow/example_dags/example_branch_labels.py
[2024-11-19T12:12:46.267+0000] {logging_mixin.py:190} INFO - [2024-11-19T12:12:46.267+0000] {dag.py:3239} INFO - Sync 1 DAGs
[2024-11-19T12:12:46.294+0000] {logging_mixin.py:190} INFO - [2024-11-19T12:12:46.294+0000] {dag.py:4180} INFO - Setting next_dagrun for example_branch_labels to 2024-11-18 00:00:00+00:00, run_after=2024-11-19 00:00:00+00:00
[2024-11-19T12:12:46.320+0000] {processor.py:208} INFO - Processing /home/airflow/.local/lib/python3.12/site-packages/airflow/example_dags/example_branch_labels.py took 0.092 seconds
[2024-11-19T12:13:16.366+0000] {processor.py:186} INFO - Started process (PID=1239) to work on /home/airflow/.local/lib/python3.12/site-packages/airflow/example_dags/example_branch_labels.py
[2024-11-19T12:13:16.367+0000] {processor.py:914} INFO - Processing file /home/airflow/.local/lib/python3.12/site-packages/airflow/example_dags/example_branch_labels.py for tasks to queue
[2024-11-19T12:13:16.368+0000] {logging_mixin.py:190} INFO - [2024-11-19T12:13:16.368+0000] {dagbag.py:588} INFO - Filling up the DagBag from /home/airflow/.local/lib/python3.12/site-packages/airflow/example_dags/example_branch_labels.py
[2024-11-19T12:13:16.379+0000] {processor.py:925} INFO - DAG(s) 'example_branch_labels' retrieved from /home/airflow/.local/lib/python3.12/site-packages/airflow/example_dags/example_branch_labels.py
[2024-11-19T12:13:16.402+0000] {logging_mixin.py:190} INFO - [2024-11-19T12:13:16.402+0000] {dag.py:3239} INFO - Sync 1 DAGs
[2024-11-19T12:13:16.431+0000] {logging_mixin.py:190} INFO - [2024-11-19T12:13:16.431+0000] {dag.py:4180} INFO - Setting next_dagrun for example_branch_labels to 2024-11-18 00:00:00+00:00, run_after=2024-11-19 00:00:00+00:00
[2024-11-19T12:13:16.457+0000] {processor.py:208} INFO - Processing /home/airflow/.local/lib/python3.12/site-packages/airflow/example_dags/example_branch_labels.py took 0.097 seconds
[2024-11-19T12:13:46.525+0000] {processor.py:186} INFO - Started process (PID=1303) to work on /home/airflow/.local/lib/python3.12/site-packages/airflow/example_dags/example_branch_labels.py
[2024-11-19T12:13:46.526+0000] {processor.py:914} INFO - Processing file /home/airflow/.local/lib/python3.12/site-packages/airflow/example_dags/example_branch_labels.py for tasks to queue
[2024-11-19T12:13:46.527+0000] {logging_mixin.py:190} INFO - [2024-11-19T12:13:46.527+0000] {dagbag.py:588} INFO - Filling up the DagBag from /home/airflow/.local/lib/python3.12/site-packages/airflow/example_dags/example_branch_labels.py
[2024-11-19T12:13:46.561+0000] {processor.py:925} INFO - DAG(s) 'example_branch_labels' retrieved from /home/airflow/.local/lib/python3.12/site-packages/airflow/example_dags/example_branch_labels.py
[2024-11-19T12:13:46.631+0000] {logging_mixin.py:190} INFO - [2024-11-19T12:13:46.621+0000] {dag.py:3239} INFO - Sync 1 DAGs
[2024-11-19T12:13:46.708+0000] {logging_mixin.py:190} INFO - [2024-11-19T12:13:46.708+0000] {dag.py:4180} INFO - Setting next_dagrun for example_branch_labels to 2024-11-18 00:00:00+00:00, run_after=2024-11-19 00:00:00+00:00
[2024-11-19T12:13:46.765+0000] {processor.py:208} INFO - Processing /home/airflow/.local/lib/python3.12/site-packages/airflow/example_dags/example_branch_labels.py took 0.253 seconds
[2024-11-19T12:14:17.232+0000] {processor.py:186} INFO - Started process (PID=1368) to work on /home/airflow/.local/lib/python3.12/site-packages/airflow/example_dags/example_branch_labels.py
[2024-11-19T12:14:17.233+0000] {processor.py:914} INFO - Processing file /home/airflow/.local/lib/python3.12/site-packages/airflow/example_dags/example_branch_labels.py for tasks to queue
[2024-11-19T12:14:17.234+0000] {logging_mixin.py:190} INFO - [2024-11-19T12:14:17.234+0000] {dagbag.py:588} INFO - Filling up the DagBag from /home/airflow/.local/lib/python3.12/site-packages/airflow/example_dags/example_branch_labels.py
[2024-11-19T12:14:17.253+0000] {processor.py:925} INFO - DAG(s) 'example_branch_labels' retrieved from /home/airflow/.local/lib/python3.12/site-packages/airflow/example_dags/example_branch_labels.py
[2024-11-19T12:14:17.302+0000] {logging_mixin.py:190} INFO - [2024-11-19T12:14:17.302+0000] {dag.py:3239} INFO - Sync 1 DAGs
[2024-11-19T12:14:17.345+0000] {logging_mixin.py:190} INFO - [2024-11-19T12:14:17.345+0000] {dag.py:4180} INFO - Setting next_dagrun for example_branch_labels to 2024-11-18 00:00:00+00:00, run_after=2024-11-19 00:00:00+00:00
[2024-11-19T12:14:17.385+0000] {processor.py:208} INFO - Processing /home/airflow/.local/lib/python3.12/site-packages/airflow/example_dags/example_branch_labels.py took 0.167 seconds
[2024-11-19T12:14:47.549+0000] {processor.py:186} INFO - Started process (PID=1431) to work on /home/airflow/.local/lib/python3.12/site-packages/airflow/example_dags/example_branch_labels.py
[2024-11-19T12:14:47.550+0000] {processor.py:914} INFO - Processing file /home/airflow/.local/lib/python3.12/site-packages/airflow/example_dags/example_branch_labels.py for tasks to queue
[2024-11-19T12:14:47.551+0000] {logging_mixin.py:190} INFO - [2024-11-19T12:14:47.550+0000] {dagbag.py:588} INFO - Filling up the DagBag from /home/airflow/.local/lib/python3.12/site-packages/airflow/example_dags/example_branch_labels.py
[2024-11-19T12:14:47.558+0000] {processor.py:925} INFO - DAG(s) 'example_branch_labels' retrieved from /home/airflow/.local/lib/python3.12/site-packages/airflow/example_dags/example_branch_labels.py
[2024-11-19T12:14:47.573+0000] {logging_mixin.py:190} INFO - [2024-11-19T12:14:47.573+0000] {dag.py:3239} INFO - Sync 1 DAGs
[2024-11-19T12:14:47.591+0000] {logging_mixin.py:190} INFO - [2024-11-19T12:14:47.591+0000] {dag.py:4180} INFO - Setting next_dagrun for example_branch_labels to 2024-11-18 00:00:00+00:00, run_after=2024-11-19 00:00:00+00:00
[2024-11-19T12:14:47.621+0000] {processor.py:208} INFO - Processing /home/airflow/.local/lib/python3.12/site-packages/airflow/example_dags/example_branch_labels.py took 0.076 seconds
[2024-11-19T12:19:54.923+0000] {processor.py:186} INFO - Started process (PID=111) to work on /home/airflow/.local/lib/python3.12/site-packages/airflow/example_dags/example_branch_labels.py
[2024-11-19T12:19:54.930+0000] {processor.py:914} INFO - Processing file /home/airflow/.local/lib/python3.12/site-packages/airflow/example_dags/example_branch_labels.py for tasks to queue
[2024-11-19T12:19:54.932+0000] {logging_mixin.py:190} INFO - [2024-11-19T12:19:54.932+0000] {dagbag.py:588} INFO - Filling up the DagBag from /home/airflow/.local/lib/python3.12/site-packages/airflow/example_dags/example_branch_labels.py
[2024-11-19T12:19:54.953+0000] {processor.py:925} INFO - DAG(s) 'example_branch_labels' retrieved from /home/airflow/.local/lib/python3.12/site-packages/airflow/example_dags/example_branch_labels.py
[2024-11-19T12:19:54.995+0000] {logging_mixin.py:190} INFO - [2024-11-19T12:19:54.994+0000] {dag.py:3239} INFO - Sync 1 DAGs
[2024-11-19T12:19:55.035+0000] {logging_mixin.py:190} INFO - [2024-11-19T12:19:55.034+0000] {dag.py:4180} INFO - Setting next_dagrun for example_branch_labels to 2024-11-18 00:00:00+00:00, run_after=2024-11-19 00:00:00+00:00
[2024-11-19T12:19:55.117+0000] {processor.py:208} INFO - Processing /home/airflow/.local/lib/python3.12/site-packages/airflow/example_dags/example_branch_labels.py took 0.211 seconds
[2024-11-19T12:20:25.239+0000] {processor.py:186} INFO - Started process (PID=174) to work on /home/airflow/.local/lib/python3.12/site-packages/airflow/example_dags/example_branch_labels.py
[2024-11-19T12:20:25.239+0000] {processor.py:914} INFO - Processing file /home/airflow/.local/lib/python3.12/site-packages/airflow/example_dags/example_branch_labels.py for tasks to queue
[2024-11-19T12:20:25.242+0000] {logging_mixin.py:190} INFO - [2024-11-19T12:20:25.241+0000] {dagbag.py:588} INFO - Filling up the DagBag from /home/airflow/.local/lib/python3.12/site-packages/airflow/example_dags/example_branch_labels.py
[2024-11-19T12:20:25.255+0000] {processor.py:925} INFO - DAG(s) 'example_branch_labels' retrieved from /home/airflow/.local/lib/python3.12/site-packages/airflow/example_dags/example_branch_labels.py
[2024-11-19T12:20:25.271+0000] {logging_mixin.py:190} INFO - [2024-11-19T12:20:25.271+0000] {dag.py:3239} INFO - Sync 1 DAGs
[2024-11-19T12:20:25.289+0000] {logging_mixin.py:190} INFO - [2024-11-19T12:20:25.289+0000] {dag.py:4180} INFO - Setting next_dagrun for example_branch_labels to 2024-11-18 00:00:00+00:00, run_after=2024-11-19 00:00:00+00:00
[2024-11-19T12:20:25.325+0000] {processor.py:208} INFO - Processing /home/airflow/.local/lib/python3.12/site-packages/airflow/example_dags/example_branch_labels.py took 0.092 seconds
[2024-11-19T12:20:56.271+0000] {processor.py:186} INFO - Started process (PID=238) to work on /home/airflow/.local/lib/python3.12/site-packages/airflow/example_dags/example_branch_labels.py
[2024-11-19T12:20:56.272+0000] {processor.py:914} INFO - Processing file /home/airflow/.local/lib/python3.12/site-packages/airflow/example_dags/example_branch_labels.py for tasks to queue
[2024-11-19T12:20:56.274+0000] {logging_mixin.py:190} INFO - [2024-11-19T12:20:56.274+0000] {dagbag.py:588} INFO - Filling up the DagBag from /home/airflow/.local/lib/python3.12/site-packages/airflow/example_dags/example_branch_labels.py
[2024-11-19T12:20:56.284+0000] {processor.py:925} INFO - DAG(s) 'example_branch_labels' retrieved from /home/airflow/.local/lib/python3.12/site-packages/airflow/example_dags/example_branch_labels.py
[2024-11-19T12:20:56.305+0000] {logging_mixin.py:190} INFO - [2024-11-19T12:20:56.304+0000] {dag.py:3239} INFO - Sync 1 DAGs
[2024-11-19T12:20:56.330+0000] {logging_mixin.py:190} INFO - [2024-11-19T12:20:56.329+0000] {dag.py:4180} INFO - Setting next_dagrun for example_branch_labels to 2024-11-18 00:00:00+00:00, run_after=2024-11-19 00:00:00+00:00
[2024-11-19T12:20:56.353+0000] {processor.py:208} INFO - Processing /home/airflow/.local/lib/python3.12/site-packages/airflow/example_dags/example_branch_labels.py took 0.087 seconds
[2024-11-19T12:21:26.725+0000] {processor.py:186} INFO - Started process (PID=302) to work on /home/airflow/.local/lib/python3.12/site-packages/airflow/example_dags/example_branch_labels.py
[2024-11-19T12:21:26.725+0000] {processor.py:914} INFO - Processing file /home/airflow/.local/lib/python3.12/site-packages/airflow/example_dags/example_branch_labels.py for tasks to queue
[2024-11-19T12:21:26.727+0000] {logging_mixin.py:190} INFO - [2024-11-19T12:21:26.727+0000] {dagbag.py:588} INFO - Filling up the DagBag from /home/airflow/.local/lib/python3.12/site-packages/airflow/example_dags/example_branch_labels.py
[2024-11-19T12:21:26.734+0000] {processor.py:925} INFO - DAG(s) 'example_branch_labels' retrieved from /home/airflow/.local/lib/python3.12/site-packages/airflow/example_dags/example_branch_labels.py
[2024-11-19T12:21:26.749+0000] {logging_mixin.py:190} INFO - [2024-11-19T12:21:26.749+0000] {dag.py:3239} INFO - Sync 1 DAGs
[2024-11-19T12:21:26.767+0000] {logging_mixin.py:190} INFO - [2024-11-19T12:21:26.767+0000] {dag.py:4180} INFO - Setting next_dagrun for example_branch_labels to 2024-11-18 00:00:00+00:00, run_after=2024-11-19 00:00:00+00:00
[2024-11-19T12:21:26.787+0000] {processor.py:208} INFO - Processing /home/airflow/.local/lib/python3.12/site-packages/airflow/example_dags/example_branch_labels.py took 0.066 seconds
[2024-11-19T12:21:57.428+0000] {processor.py:186} INFO - Started process (PID=367) to work on /home/airflow/.local/lib/python3.12/site-packages/airflow/example_dags/example_branch_labels.py
[2024-11-19T12:21:57.429+0000] {processor.py:914} INFO - Processing file /home/airflow/.local/lib/python3.12/site-packages/airflow/example_dags/example_branch_labels.py for tasks to queue
[2024-11-19T12:21:57.431+0000] {logging_mixin.py:190} INFO - [2024-11-19T12:21:57.431+0000] {dagbag.py:588} INFO - Filling up the DagBag from /home/airflow/.local/lib/python3.12/site-packages/airflow/example_dags/example_branch_labels.py
[2024-11-19T12:21:57.442+0000] {processor.py:925} INFO - DAG(s) 'example_branch_labels' retrieved from /home/airflow/.local/lib/python3.12/site-packages/airflow/example_dags/example_branch_labels.py
[2024-11-19T12:21:57.467+0000] {logging_mixin.py:190} INFO - [2024-11-19T12:21:57.467+0000] {dag.py:3239} INFO - Sync 1 DAGs
[2024-11-19T12:21:57.490+0000] {logging_mixin.py:190} INFO - [2024-11-19T12:21:57.490+0000] {dag.py:4180} INFO - Setting next_dagrun for example_branch_labels to 2024-11-18 00:00:00+00:00, run_after=2024-11-19 00:00:00+00:00
[2024-11-19T12:21:57.518+0000] {processor.py:208} INFO - Processing /home/airflow/.local/lib/python3.12/site-packages/airflow/example_dags/example_branch_labels.py took 0.096 seconds
[2024-11-19T12:22:29.180+0000] {processor.py:186} INFO - Started process (PID=433) to work on /home/airflow/.local/lib/python3.12/site-packages/airflow/example_dags/example_branch_labels.py
[2024-11-19T12:22:29.181+0000] {processor.py:914} INFO - Processing file /home/airflow/.local/lib/python3.12/site-packages/airflow/example_dags/example_branch_labels.py for tasks to queue
[2024-11-19T12:22:29.184+0000] {logging_mixin.py:190} INFO - [2024-11-19T12:22:29.183+0000] {dagbag.py:588} INFO - Filling up the DagBag from /home/airflow/.local/lib/python3.12/site-packages/airflow/example_dags/example_branch_labels.py
[2024-11-19T12:22:29.194+0000] {processor.py:925} INFO - DAG(s) 'example_branch_labels' retrieved from /home/airflow/.local/lib/python3.12/site-packages/airflow/example_dags/example_branch_labels.py
[2024-11-19T12:22:29.216+0000] {logging_mixin.py:190} INFO - [2024-11-19T12:22:29.216+0000] {dag.py:3239} INFO - Sync 1 DAGs
[2024-11-19T12:22:29.242+0000] {logging_mixin.py:190} INFO - [2024-11-19T12:22:29.242+0000] {dag.py:4180} INFO - Setting next_dagrun for example_branch_labels to 2024-11-18 00:00:00+00:00, run_after=2024-11-19 00:00:00+00:00
[2024-11-19T12:22:29.274+0000] {processor.py:208} INFO - Processing /home/airflow/.local/lib/python3.12/site-packages/airflow/example_dags/example_branch_labels.py took 0.098 seconds
[2024-11-19T12:23:02.757+0000] {processor.py:186} INFO - Started process (PID=503) to work on /home/airflow/.local/lib/python3.12/site-packages/airflow/example_dags/example_branch_labels.py
[2024-11-19T12:23:02.758+0000] {processor.py:914} INFO - Processing file /home/airflow/.local/lib/python3.12/site-packages/airflow/example_dags/example_branch_labels.py for tasks to queue
[2024-11-19T12:23:02.760+0000] {logging_mixin.py:190} INFO - [2024-11-19T12:23:02.760+0000] {dagbag.py:588} INFO - Filling up the DagBag from /home/airflow/.local/lib/python3.12/site-packages/airflow/example_dags/example_branch_labels.py
[2024-11-19T12:23:02.782+0000] {processor.py:925} INFO - DAG(s) 'example_branch_labels' retrieved from /home/airflow/.local/lib/python3.12/site-packages/airflow/example_dags/example_branch_labels.py
[2024-11-19T12:23:02.830+0000] {logging_mixin.py:190} INFO - [2024-11-19T12:23:02.829+0000] {dag.py:3239} INFO - Sync 1 DAGs
[2024-11-19T12:23:02.860+0000] {logging_mixin.py:190} INFO - [2024-11-19T12:23:02.860+0000] {dag.py:4180} INFO - Setting next_dagrun for example_branch_labels to 2024-11-18 00:00:00+00:00, run_after=2024-11-19 00:00:00+00:00
[2024-11-19T12:23:02.893+0000] {processor.py:208} INFO - Processing /home/airflow/.local/lib/python3.12/site-packages/airflow/example_dags/example_branch_labels.py took 0.143 seconds
[2024-11-19T12:23:34.148+0000] {processor.py:186} INFO - Started process (PID=566) to work on /home/airflow/.local/lib/python3.12/site-packages/airflow/example_dags/example_branch_labels.py
[2024-11-19T12:23:34.149+0000] {processor.py:914} INFO - Processing file /home/airflow/.local/lib/python3.12/site-packages/airflow/example_dags/example_branch_labels.py for tasks to queue
[2024-11-19T12:23:34.151+0000] {logging_mixin.py:190} INFO - [2024-11-19T12:23:34.151+0000] {dagbag.py:588} INFO - Filling up the DagBag from /home/airflow/.local/lib/python3.12/site-packages/airflow/example_dags/example_branch_labels.py
[2024-11-19T12:23:34.170+0000] {processor.py:925} INFO - DAG(s) 'example_branch_labels' retrieved from /home/airflow/.local/lib/python3.12/site-packages/airflow/example_dags/example_branch_labels.py
[2024-11-19T12:23:34.217+0000] {logging_mixin.py:190} INFO - [2024-11-19T12:23:34.217+0000] {dag.py:3239} INFO - Sync 1 DAGs
[2024-11-19T12:23:34.278+0000] {logging_mixin.py:190} INFO - [2024-11-19T12:23:34.278+0000] {dag.py:4180} INFO - Setting next_dagrun for example_branch_labels to 2024-11-18 00:00:00+00:00, run_after=2024-11-19 00:00:00+00:00
[2024-11-19T12:23:34.315+0000] {processor.py:208} INFO - Processing /home/airflow/.local/lib/python3.12/site-packages/airflow/example_dags/example_branch_labels.py took 0.185 seconds
[2024-11-19T12:24:05.522+0000] {processor.py:186} INFO - Started process (PID=631) to work on /home/airflow/.local/lib/python3.12/site-packages/airflow/example_dags/example_branch_labels.py
[2024-11-19T12:24:05.523+0000] {processor.py:914} INFO - Processing file /home/airflow/.local/lib/python3.12/site-packages/airflow/example_dags/example_branch_labels.py for tasks to queue
[2024-11-19T12:24:05.525+0000] {logging_mixin.py:190} INFO - [2024-11-19T12:24:05.525+0000] {dagbag.py:588} INFO - Filling up the DagBag from /home/airflow/.local/lib/python3.12/site-packages/airflow/example_dags/example_branch_labels.py
[2024-11-19T12:24:05.536+0000] {processor.py:925} INFO - DAG(s) 'example_branch_labels' retrieved from /home/airflow/.local/lib/python3.12/site-packages/airflow/example_dags/example_branch_labels.py
[2024-11-19T12:24:05.556+0000] {logging_mixin.py:190} INFO - [2024-11-19T12:24:05.555+0000] {dag.py:3239} INFO - Sync 1 DAGs
[2024-11-19T12:24:05.581+0000] {logging_mixin.py:190} INFO - [2024-11-19T12:24:05.581+0000] {dag.py:4180} INFO - Setting next_dagrun for example_branch_labels to 2024-11-18 00:00:00+00:00, run_after=2024-11-19 00:00:00+00:00
[2024-11-19T12:24:05.621+0000] {processor.py:208} INFO - Processing /home/airflow/.local/lib/python3.12/site-packages/airflow/example_dags/example_branch_labels.py took 0.106 seconds
[2024-11-19T12:24:37.254+0000] {processor.py:186} INFO - Started process (PID=695) to work on /home/airflow/.local/lib/python3.12/site-packages/airflow/example_dags/example_branch_labels.py
[2024-11-19T12:24:37.255+0000] {processor.py:914} INFO - Processing file /home/airflow/.local/lib/python3.12/site-packages/airflow/example_dags/example_branch_labels.py for tasks to queue
[2024-11-19T12:24:37.257+0000] {logging_mixin.py:190} INFO - [2024-11-19T12:24:37.257+0000] {dagbag.py:588} INFO - Filling up the DagBag from /home/airflow/.local/lib/python3.12/site-packages/airflow/example_dags/example_branch_labels.py
[2024-11-19T12:24:37.267+0000] {processor.py:925} INFO - DAG(s) 'example_branch_labels' retrieved from /home/airflow/.local/lib/python3.12/site-packages/airflow/example_dags/example_branch_labels.py
[2024-11-19T12:24:37.285+0000] {logging_mixin.py:190} INFO - [2024-11-19T12:24:37.284+0000] {dag.py:3239} INFO - Sync 1 DAGs
[2024-11-19T12:24:37.307+0000] {logging_mixin.py:190} INFO - [2024-11-19T12:24:37.307+0000] {dag.py:4180} INFO - Setting next_dagrun for example_branch_labels to 2024-11-18 00:00:00+00:00, run_after=2024-11-19 00:00:00+00:00
[2024-11-19T12:24:37.332+0000] {processor.py:208} INFO - Processing /home/airflow/.local/lib/python3.12/site-packages/airflow/example_dags/example_branch_labels.py took 0.084 seconds
[2024-11-19T12:25:08.740+0000] {processor.py:186} INFO - Started process (PID=760) to work on /home/airflow/.local/lib/python3.12/site-packages/airflow/example_dags/example_branch_labels.py
[2024-11-19T12:25:08.741+0000] {processor.py:914} INFO - Processing file /home/airflow/.local/lib/python3.12/site-packages/airflow/example_dags/example_branch_labels.py for tasks to queue
[2024-11-19T12:25:08.743+0000] {logging_mixin.py:190} INFO - [2024-11-19T12:25:08.743+0000] {dagbag.py:588} INFO - Filling up the DagBag from /home/airflow/.local/lib/python3.12/site-packages/airflow/example_dags/example_branch_labels.py
[2024-11-19T12:25:08.754+0000] {processor.py:925} INFO - DAG(s) 'example_branch_labels' retrieved from /home/airflow/.local/lib/python3.12/site-packages/airflow/example_dags/example_branch_labels.py
[2024-11-19T12:25:08.777+0000] {logging_mixin.py:190} INFO - [2024-11-19T12:25:08.777+0000] {dag.py:3239} INFO - Sync 1 DAGs
[2024-11-19T12:25:08.813+0000] {logging_mixin.py:190} INFO - [2024-11-19T12:25:08.812+0000] {dag.py:4180} INFO - Setting next_dagrun for example_branch_labels to 2024-11-18 00:00:00+00:00, run_after=2024-11-19 00:00:00+00:00
[2024-11-19T12:25:08.976+0000] {processor.py:208} INFO - Processing /home/airflow/.local/lib/python3.12/site-packages/airflow/example_dags/example_branch_labels.py took 0.243 seconds
[2024-11-19T12:25:40.429+0000] {processor.py:186} INFO - Started process (PID=824) to work on /home/airflow/.local/lib/python3.12/site-packages/airflow/example_dags/example_branch_labels.py
[2024-11-19T12:25:40.438+0000] {processor.py:914} INFO - Processing file /home/airflow/.local/lib/python3.12/site-packages/airflow/example_dags/example_branch_labels.py for tasks to queue
[2024-11-19T12:25:40.440+0000] {logging_mixin.py:190} INFO - [2024-11-19T12:25:40.440+0000] {dagbag.py:588} INFO - Filling up the DagBag from /home/airflow/.local/lib/python3.12/site-packages/airflow/example_dags/example_branch_labels.py
[2024-11-19T12:25:40.451+0000] {processor.py:925} INFO - DAG(s) 'example_branch_labels' retrieved from /home/airflow/.local/lib/python3.12/site-packages/airflow/example_dags/example_branch_labels.py
[2024-11-19T12:25:40.469+0000] {logging_mixin.py:190} INFO - [2024-11-19T12:25:40.469+0000] {dag.py:3239} INFO - Sync 1 DAGs
[2024-11-19T12:25:40.496+0000] {logging_mixin.py:190} INFO - [2024-11-19T12:25:40.495+0000] {dag.py:4180} INFO - Setting next_dagrun for example_branch_labels to 2024-11-18 00:00:00+00:00, run_after=2024-11-19 00:00:00+00:00
[2024-11-19T12:25:40.526+0000] {processor.py:208} INFO - Processing /home/airflow/.local/lib/python3.12/site-packages/airflow/example_dags/example_branch_labels.py took 0.105 seconds
[2024-11-19T12:26:12.009+0000] {processor.py:186} INFO - Started process (PID=888) to work on /home/airflow/.local/lib/python3.12/site-packages/airflow/example_dags/example_branch_labels.py
[2024-11-19T12:26:12.010+0000] {processor.py:914} INFO - Processing file /home/airflow/.local/lib/python3.12/site-packages/airflow/example_dags/example_branch_labels.py for tasks to queue
[2024-11-19T12:26:12.012+0000] {logging_mixin.py:190} INFO - [2024-11-19T12:26:12.012+0000] {dagbag.py:588} INFO - Filling up the DagBag from /home/airflow/.local/lib/python3.12/site-packages/airflow/example_dags/example_branch_labels.py
[2024-11-19T12:26:12.021+0000] {processor.py:925} INFO - DAG(s) 'example_branch_labels' retrieved from /home/airflow/.local/lib/python3.12/site-packages/airflow/example_dags/example_branch_labels.py
[2024-11-19T12:26:12.041+0000] {logging_mixin.py:190} INFO - [2024-11-19T12:26:12.041+0000] {dag.py:3239} INFO - Sync 1 DAGs
[2024-11-19T12:26:12.068+0000] {logging_mixin.py:190} INFO - [2024-11-19T12:26:12.068+0000] {dag.py:4180} INFO - Setting next_dagrun for example_branch_labels to 2024-11-18 00:00:00+00:00, run_after=2024-11-19 00:00:00+00:00
[2024-11-19T12:26:12.113+0000] {processor.py:208} INFO - Processing /home/airflow/.local/lib/python3.12/site-packages/airflow/example_dags/example_branch_labels.py took 0.110 seconds
[2024-11-19T12:26:43.418+0000] {processor.py:186} INFO - Started process (PID=953) to work on /home/airflow/.local/lib/python3.12/site-packages/airflow/example_dags/example_branch_labels.py
[2024-11-19T12:26:43.419+0000] {processor.py:914} INFO - Processing file /home/airflow/.local/lib/python3.12/site-packages/airflow/example_dags/example_branch_labels.py for tasks to queue
[2024-11-19T12:26:43.421+0000] {logging_mixin.py:190} INFO - [2024-11-19T12:26:43.421+0000] {dagbag.py:588} INFO - Filling up the DagBag from /home/airflow/.local/lib/python3.12/site-packages/airflow/example_dags/example_branch_labels.py
[2024-11-19T12:26:43.431+0000] {processor.py:925} INFO - DAG(s) 'example_branch_labels' retrieved from /home/airflow/.local/lib/python3.12/site-packages/airflow/example_dags/example_branch_labels.py
[2024-11-19T12:26:43.478+0000] {logging_mixin.py:190} INFO - [2024-11-19T12:26:43.478+0000] {dag.py:3239} INFO - Sync 1 DAGs
[2024-11-19T12:26:43.524+0000] {logging_mixin.py:190} INFO - [2024-11-19T12:26:43.523+0000] {dag.py:4180} INFO - Setting next_dagrun for example_branch_labels to 2024-11-18 00:00:00+00:00, run_after=2024-11-19 00:00:00+00:00
[2024-11-19T12:26:43.563+0000] {processor.py:208} INFO - Processing /home/airflow/.local/lib/python3.12/site-packages/airflow/example_dags/example_branch_labels.py took 0.151 seconds
[2024-11-19T12:27:14.748+0000] {processor.py:186} INFO - Started process (PID=1017) to work on /home/airflow/.local/lib/python3.12/site-packages/airflow/example_dags/example_branch_labels.py
[2024-11-19T12:27:14.749+0000] {processor.py:914} INFO - Processing file /home/airflow/.local/lib/python3.12/site-packages/airflow/example_dags/example_branch_labels.py for tasks to queue
[2024-11-19T12:27:14.750+0000] {logging_mixin.py:190} INFO - [2024-11-19T12:27:14.750+0000] {dagbag.py:588} INFO - Filling up the DagBag from /home/airflow/.local/lib/python3.12/site-packages/airflow/example_dags/example_branch_labels.py
[2024-11-19T12:27:14.760+0000] {processor.py:925} INFO - DAG(s) 'example_branch_labels' retrieved from /home/airflow/.local/lib/python3.12/site-packages/airflow/example_dags/example_branch_labels.py
[2024-11-19T12:27:14.783+0000] {logging_mixin.py:190} INFO - [2024-11-19T12:27:14.782+0000] {dag.py:3239} INFO - Sync 1 DAGs
[2024-11-19T12:27:14.811+0000] {logging_mixin.py:190} INFO - [2024-11-19T12:27:14.810+0000] {dag.py:4180} INFO - Setting next_dagrun for example_branch_labels to 2024-11-18 00:00:00+00:00, run_after=2024-11-19 00:00:00+00:00
[2024-11-19T12:27:14.834+0000] {processor.py:208} INFO - Processing /home/airflow/.local/lib/python3.12/site-packages/airflow/example_dags/example_branch_labels.py took 0.092 seconds
