[2024-11-19T12:03:58.343+0000] {processor.py:186} INFO - Started process (PID=72) to work on /home/airflow/.local/lib/python3.12/site-packages/airflow/example_dags/tutorial.py
[2024-11-19T12:03:58.350+0000] {processor.py:914} INFO - Processing file /home/airflow/.local/lib/python3.12/site-packages/airflow/example_dags/tutorial.py for tasks to queue
[2024-11-19T12:03:58.364+0000] {logging_mixin.py:190} INFO - [2024-11-19T12:03:58.364+0000] {dagbag.py:588} INFO - Filling up the DagBag from /home/airflow/.local/lib/python3.12/site-packages/airflow/example_dags/tutorial.py
[2024-11-19T12:03:58.503+0000] {processor.py:925} INFO - DAG(s) 'tutorial' retrieved from /home/airflow/.local/lib/python3.12/site-packages/airflow/example_dags/tutorial.py
[2024-11-19T12:03:58.791+0000] {logging_mixin.py:190} INFO - [2024-11-19T12:03:58.791+0000] {dag.py:3239} INFO - Sync 1 DAGs
[2024-11-19T12:03:58.979+0000] {logging_mixin.py:190} INFO - [2024-11-19T12:03:58.979+0000] {dag.py:4180} INFO - Setting next_dagrun for tutorial to 2024-11-18 00:00:00+00:00, run_after=2024-11-19 00:00:00+00:00
[2024-11-19T12:03:59.116+0000] {processor.py:208} INFO - Processing /home/airflow/.local/lib/python3.12/site-packages/airflow/example_dags/tutorial.py took 0.799 seconds
[2024-11-19T12:04:29.516+0000] {processor.py:186} INFO - Started process (PID=136) to work on /home/airflow/.local/lib/python3.12/site-packages/airflow/example_dags/tutorial.py
[2024-11-19T12:04:29.521+0000] {processor.py:914} INFO - Processing file /home/airflow/.local/lib/python3.12/site-packages/airflow/example_dags/tutorial.py for tasks to queue
[2024-11-19T12:04:29.530+0000] {logging_mixin.py:190} INFO - [2024-11-19T12:04:29.525+0000] {dagbag.py:588} INFO - Filling up the DagBag from /home/airflow/.local/lib/python3.12/site-packages/airflow/example_dags/tutorial.py
[2024-11-19T12:04:29.545+0000] {processor.py:925} INFO - DAG(s) 'tutorial' retrieved from /home/airflow/.local/lib/python3.12/site-packages/airflow/example_dags/tutorial.py
[2024-11-19T12:04:29.578+0000] {logging_mixin.py:190} INFO - [2024-11-19T12:04:29.578+0000] {dag.py:3239} INFO - Sync 1 DAGs
[2024-11-19T12:04:29.644+0000] {logging_mixin.py:190} INFO - [2024-11-19T12:04:29.644+0000] {dag.py:4180} INFO - Setting next_dagrun for tutorial to 2024-11-18 00:00:00+00:00, run_after=2024-11-19 00:00:00+00:00
[2024-11-19T12:04:29.707+0000] {processor.py:208} INFO - Processing /home/airflow/.local/lib/python3.12/site-packages/airflow/example_dags/tutorial.py took 0.205 seconds
[2024-11-19T12:05:00.497+0000] {processor.py:186} INFO - Started process (PID=200) to work on /home/airflow/.local/lib/python3.12/site-packages/airflow/example_dags/tutorial.py
[2024-11-19T12:05:00.510+0000] {processor.py:914} INFO - Processing file /home/airflow/.local/lib/python3.12/site-packages/airflow/example_dags/tutorial.py for tasks to queue
[2024-11-19T12:05:00.512+0000] {logging_mixin.py:190} INFO - [2024-11-19T12:05:00.512+0000] {dagbag.py:588} INFO - Filling up the DagBag from /home/airflow/.local/lib/python3.12/site-packages/airflow/example_dags/tutorial.py
[2024-11-19T12:05:00.568+0000] {processor.py:925} INFO - DAG(s) 'tutorial' retrieved from /home/airflow/.local/lib/python3.12/site-packages/airflow/example_dags/tutorial.py
[2024-11-19T12:05:00.683+0000] {logging_mixin.py:190} INFO - [2024-11-19T12:05:00.683+0000] {dag.py:3239} INFO - Sync 1 DAGs
[2024-11-19T12:05:00.774+0000] {logging_mixin.py:190} INFO - [2024-11-19T12:05:00.774+0000] {dag.py:4180} INFO - Setting next_dagrun for tutorial to 2024-11-18 00:00:00+00:00, run_after=2024-11-19 00:00:00+00:00
[2024-11-19T12:05:00.843+0000] {processor.py:208} INFO - Processing /home/airflow/.local/lib/python3.12/site-packages/airflow/example_dags/tutorial.py took 0.369 seconds
[2024-11-19T12:05:31.686+0000] {processor.py:186} INFO - Started process (PID=264) to work on /home/airflow/.local/lib/python3.12/site-packages/airflow/example_dags/tutorial.py
[2024-11-19T12:05:31.687+0000] {processor.py:914} INFO - Processing file /home/airflow/.local/lib/python3.12/site-packages/airflow/example_dags/tutorial.py for tasks to queue
[2024-11-19T12:05:31.689+0000] {logging_mixin.py:190} INFO - [2024-11-19T12:05:31.689+0000] {dagbag.py:588} INFO - Filling up the DagBag from /home/airflow/.local/lib/python3.12/site-packages/airflow/example_dags/tutorial.py
[2024-11-19T12:05:31.698+0000] {processor.py:925} INFO - DAG(s) 'tutorial' retrieved from /home/airflow/.local/lib/python3.12/site-packages/airflow/example_dags/tutorial.py
[2024-11-19T12:05:31.717+0000] {logging_mixin.py:190} INFO - [2024-11-19T12:05:31.716+0000] {dag.py:3239} INFO - Sync 1 DAGs
[2024-11-19T12:05:31.742+0000] {logging_mixin.py:190} INFO - [2024-11-19T12:05:31.742+0000] {dag.py:4180} INFO - Setting next_dagrun for tutorial to 2024-11-18 00:00:00+00:00, run_after=2024-11-19 00:00:00+00:00
[2024-11-19T12:05:31.776+0000] {processor.py:208} INFO - Processing /home/airflow/.local/lib/python3.12/site-packages/airflow/example_dags/tutorial.py took 0.095 seconds
[2024-11-19T12:06:02.217+0000] {processor.py:186} INFO - Started process (PID=329) to work on /home/airflow/.local/lib/python3.12/site-packages/airflow/example_dags/tutorial.py
[2024-11-19T12:06:02.218+0000] {processor.py:914} INFO - Processing file /home/airflow/.local/lib/python3.12/site-packages/airflow/example_dags/tutorial.py for tasks to queue
[2024-11-19T12:06:02.220+0000] {logging_mixin.py:190} INFO - [2024-11-19T12:06:02.220+0000] {dagbag.py:588} INFO - Filling up the DagBag from /home/airflow/.local/lib/python3.12/site-packages/airflow/example_dags/tutorial.py
[2024-11-19T12:06:02.229+0000] {processor.py:925} INFO - DAG(s) 'tutorial' retrieved from /home/airflow/.local/lib/python3.12/site-packages/airflow/example_dags/tutorial.py
[2024-11-19T12:06:02.250+0000] {logging_mixin.py:190} INFO - [2024-11-19T12:06:02.250+0000] {dag.py:3239} INFO - Sync 1 DAGs
[2024-11-19T12:06:02.276+0000] {logging_mixin.py:190} INFO - [2024-11-19T12:06:02.276+0000] {dag.py:4180} INFO - Setting next_dagrun for tutorial to 2024-11-18 00:00:00+00:00, run_after=2024-11-19 00:00:00+00:00
[2024-11-19T12:06:02.302+0000] {processor.py:208} INFO - Processing /home/airflow/.local/lib/python3.12/site-packages/airflow/example_dags/tutorial.py took 0.091 seconds
[2024-11-19T12:06:32.359+0000] {processor.py:186} INFO - Started process (PID=394) to work on /home/airflow/.local/lib/python3.12/site-packages/airflow/example_dags/tutorial.py
[2024-11-19T12:06:32.360+0000] {processor.py:914} INFO - Processing file /home/airflow/.local/lib/python3.12/site-packages/airflow/example_dags/tutorial.py for tasks to queue
[2024-11-19T12:06:32.362+0000] {logging_mixin.py:190} INFO - [2024-11-19T12:06:32.362+0000] {dagbag.py:588} INFO - Filling up the DagBag from /home/airflow/.local/lib/python3.12/site-packages/airflow/example_dags/tutorial.py
[2024-11-19T12:06:32.370+0000] {processor.py:925} INFO - DAG(s) 'tutorial' retrieved from /home/airflow/.local/lib/python3.12/site-packages/airflow/example_dags/tutorial.py
[2024-11-19T12:06:32.388+0000] {logging_mixin.py:190} INFO - [2024-11-19T12:06:32.388+0000] {dag.py:3239} INFO - Sync 1 DAGs
[2024-11-19T12:06:32.428+0000] {logging_mixin.py:190} INFO - [2024-11-19T12:06:32.428+0000] {dag.py:4180} INFO - Setting next_dagrun for tutorial to 2024-11-18 00:00:00+00:00, run_after=2024-11-19 00:00:00+00:00
[2024-11-19T12:06:32.479+0000] {processor.py:208} INFO - Processing /home/airflow/.local/lib/python3.12/site-packages/airflow/example_dags/tutorial.py took 0.127 seconds
[2024-11-19T12:07:02.667+0000] {processor.py:186} INFO - Started process (PID=465) to work on /home/airflow/.local/lib/python3.12/site-packages/airflow/example_dags/tutorial.py
[2024-11-19T12:07:02.670+0000] {processor.py:914} INFO - Processing file /home/airflow/.local/lib/python3.12/site-packages/airflow/example_dags/tutorial.py for tasks to queue
[2024-11-19T12:07:02.672+0000] {logging_mixin.py:190} INFO - [2024-11-19T12:07:02.672+0000] {dagbag.py:588} INFO - Filling up the DagBag from /home/airflow/.local/lib/python3.12/site-packages/airflow/example_dags/tutorial.py
[2024-11-19T12:07:02.690+0000] {processor.py:925} INFO - DAG(s) 'tutorial' retrieved from /home/airflow/.local/lib/python3.12/site-packages/airflow/example_dags/tutorial.py
[2024-11-19T12:07:02.726+0000] {logging_mixin.py:190} INFO - [2024-11-19T12:07:02.725+0000] {dag.py:3239} INFO - Sync 1 DAGs
[2024-11-19T12:07:02.764+0000] {logging_mixin.py:190} INFO - [2024-11-19T12:07:02.764+0000] {dag.py:4180} INFO - Setting next_dagrun for tutorial to 2024-11-18 00:00:00+00:00, run_after=2024-11-19 00:00:00+00:00
[2024-11-19T12:07:02.801+0000] {processor.py:208} INFO - Processing /home/airflow/.local/lib/python3.12/site-packages/airflow/example_dags/tutorial.py took 0.141 seconds
[2024-11-19T12:07:33.213+0000] {processor.py:186} INFO - Started process (PID=530) to work on /home/airflow/.local/lib/python3.12/site-packages/airflow/example_dags/tutorial.py
[2024-11-19T12:07:33.214+0000] {processor.py:914} INFO - Processing file /home/airflow/.local/lib/python3.12/site-packages/airflow/example_dags/tutorial.py for tasks to queue
[2024-11-19T12:07:33.217+0000] {logging_mixin.py:190} INFO - [2024-11-19T12:07:33.217+0000] {dagbag.py:588} INFO - Filling up the DagBag from /home/airflow/.local/lib/python3.12/site-packages/airflow/example_dags/tutorial.py
[2024-11-19T12:07:33.225+0000] {processor.py:925} INFO - DAG(s) 'tutorial' retrieved from /home/airflow/.local/lib/python3.12/site-packages/airflow/example_dags/tutorial.py
[2024-11-19T12:07:33.245+0000] {logging_mixin.py:190} INFO - [2024-11-19T12:07:33.245+0000] {dag.py:3239} INFO - Sync 1 DAGs
[2024-11-19T12:07:33.275+0000] {logging_mixin.py:190} INFO - [2024-11-19T12:07:33.274+0000] {dag.py:4180} INFO - Setting next_dagrun for tutorial to 2024-11-18 00:00:00+00:00, run_after=2024-11-19 00:00:00+00:00
[2024-11-19T12:07:33.300+0000] {processor.py:208} INFO - Processing /home/airflow/.local/lib/python3.12/site-packages/airflow/example_dags/tutorial.py took 0.093 seconds
[2024-11-19T12:08:03.768+0000] {processor.py:186} INFO - Started process (PID=594) to work on /home/airflow/.local/lib/python3.12/site-packages/airflow/example_dags/tutorial.py
[2024-11-19T12:08:03.768+0000] {processor.py:914} INFO - Processing file /home/airflow/.local/lib/python3.12/site-packages/airflow/example_dags/tutorial.py for tasks to queue
[2024-11-19T12:08:03.771+0000] {logging_mixin.py:190} INFO - [2024-11-19T12:08:03.770+0000] {dagbag.py:588} INFO - Filling up the DagBag from /home/airflow/.local/lib/python3.12/site-packages/airflow/example_dags/tutorial.py
[2024-11-19T12:08:03.779+0000] {processor.py:925} INFO - DAG(s) 'tutorial' retrieved from /home/airflow/.local/lib/python3.12/site-packages/airflow/example_dags/tutorial.py
[2024-11-19T12:08:03.800+0000] {logging_mixin.py:190} INFO - [2024-11-19T12:08:03.800+0000] {dag.py:3239} INFO - Sync 1 DAGs
[2024-11-19T12:08:03.830+0000] {logging_mixin.py:190} INFO - [2024-11-19T12:08:03.830+0000] {dag.py:4180} INFO - Setting next_dagrun for tutorial to 2024-11-18 00:00:00+00:00, run_after=2024-11-19 00:00:00+00:00
[2024-11-19T12:08:03.865+0000] {processor.py:208} INFO - Processing /home/airflow/.local/lib/python3.12/site-packages/airflow/example_dags/tutorial.py took 0.104 seconds
[2024-11-19T12:08:37.163+0000] {processor.py:186} INFO - Started process (PID=657) to work on /home/airflow/.local/lib/python3.12/site-packages/airflow/example_dags/tutorial.py
[2024-11-19T12:08:37.164+0000] {processor.py:914} INFO - Processing file /home/airflow/.local/lib/python3.12/site-packages/airflow/example_dags/tutorial.py for tasks to queue
[2024-11-19T12:08:37.166+0000] {logging_mixin.py:190} INFO - [2024-11-19T12:08:37.166+0000] {dagbag.py:588} INFO - Filling up the DagBag from /home/airflow/.local/lib/python3.12/site-packages/airflow/example_dags/tutorial.py
[2024-11-19T12:08:37.175+0000] {processor.py:925} INFO - DAG(s) 'tutorial' retrieved from /home/airflow/.local/lib/python3.12/site-packages/airflow/example_dags/tutorial.py
[2024-11-19T12:08:37.196+0000] {logging_mixin.py:190} INFO - [2024-11-19T12:08:37.195+0000] {dag.py:3239} INFO - Sync 1 DAGs
[2024-11-19T12:08:37.221+0000] {logging_mixin.py:190} INFO - [2024-11-19T12:08:37.220+0000] {dag.py:4180} INFO - Setting next_dagrun for tutorial to 2024-11-18 00:00:00+00:00, run_after=2024-11-19 00:00:00+00:00
[2024-11-19T12:08:37.244+0000] {processor.py:208} INFO - Processing /home/airflow/.local/lib/python3.12/site-packages/airflow/example_dags/tutorial.py took 0.089 seconds
[2024-11-19T12:09:13.084+0000] {processor.py:186} INFO - Started process (PID=718) to work on /home/airflow/.local/lib/python3.12/site-packages/airflow/example_dags/tutorial.py
[2024-11-19T12:09:13.096+0000] {processor.py:914} INFO - Processing file /home/airflow/.local/lib/python3.12/site-packages/airflow/example_dags/tutorial.py for tasks to queue
[2024-11-19T12:09:13.098+0000] {logging_mixin.py:190} INFO - [2024-11-19T12:09:13.098+0000] {dagbag.py:588} INFO - Filling up the DagBag from /home/airflow/.local/lib/python3.12/site-packages/airflow/example_dags/tutorial.py
[2024-11-19T12:09:13.143+0000] {processor.py:925} INFO - DAG(s) 'tutorial' retrieved from /home/airflow/.local/lib/python3.12/site-packages/airflow/example_dags/tutorial.py
[2024-11-19T12:09:13.199+0000] {logging_mixin.py:190} INFO - [2024-11-19T12:09:13.198+0000] {dag.py:3239} INFO - Sync 1 DAGs
[2024-11-19T12:09:13.253+0000] {logging_mixin.py:190} INFO - [2024-11-19T12:09:13.252+0000] {dag.py:4180} INFO - Setting next_dagrun for tutorial to 2024-11-18 00:00:00+00:00, run_after=2024-11-19 00:00:00+00:00
[2024-11-19T12:09:13.358+0000] {processor.py:208} INFO - Processing /home/airflow/.local/lib/python3.12/site-packages/airflow/example_dags/tutorial.py took 0.299 seconds
[2024-11-19T12:09:44.220+0000] {processor.py:186} INFO - Started process (PID=788) to work on /home/airflow/.local/lib/python3.12/site-packages/airflow/example_dags/tutorial.py
[2024-11-19T12:09:44.221+0000] {processor.py:914} INFO - Processing file /home/airflow/.local/lib/python3.12/site-packages/airflow/example_dags/tutorial.py for tasks to queue
[2024-11-19T12:09:44.224+0000] {logging_mixin.py:190} INFO - [2024-11-19T12:09:44.224+0000] {dagbag.py:588} INFO - Filling up the DagBag from /home/airflow/.local/lib/python3.12/site-packages/airflow/example_dags/tutorial.py
[2024-11-19T12:09:44.232+0000] {processor.py:925} INFO - DAG(s) 'tutorial' retrieved from /home/airflow/.local/lib/python3.12/site-packages/airflow/example_dags/tutorial.py
[2024-11-19T12:09:44.255+0000] {logging_mixin.py:190} INFO - [2024-11-19T12:09:44.255+0000] {dag.py:3239} INFO - Sync 1 DAGs
[2024-11-19T12:09:44.278+0000] {logging_mixin.py:190} INFO - [2024-11-19T12:09:44.278+0000] {dag.py:4180} INFO - Setting next_dagrun for tutorial to 2024-11-18 00:00:00+00:00, run_after=2024-11-19 00:00:00+00:00
[2024-11-19T12:09:44.301+0000] {processor.py:208} INFO - Processing /home/airflow/.local/lib/python3.12/site-packages/airflow/example_dags/tutorial.py took 0.087 seconds
[2024-11-19T12:10:14.843+0000] {processor.py:186} INFO - Started process (PID=852) to work on /home/airflow/.local/lib/python3.12/site-packages/airflow/example_dags/tutorial.py
[2024-11-19T12:10:14.846+0000] {processor.py:914} INFO - Processing file /home/airflow/.local/lib/python3.12/site-packages/airflow/example_dags/tutorial.py for tasks to queue
[2024-11-19T12:10:14.851+0000] {logging_mixin.py:190} INFO - [2024-11-19T12:10:14.850+0000] {dagbag.py:588} INFO - Filling up the DagBag from /home/airflow/.local/lib/python3.12/site-packages/airflow/example_dags/tutorial.py
[2024-11-19T12:10:14.874+0000] {processor.py:925} INFO - DAG(s) 'tutorial' retrieved from /home/airflow/.local/lib/python3.12/site-packages/airflow/example_dags/tutorial.py
[2024-11-19T12:10:14.902+0000] {logging_mixin.py:190} INFO - [2024-11-19T12:10:14.902+0000] {dag.py:3239} INFO - Sync 1 DAGs
[2024-11-19T12:10:14.962+0000] {logging_mixin.py:190} INFO - [2024-11-19T12:10:14.962+0000] {dag.py:4180} INFO - Setting next_dagrun for tutorial to 2024-11-18 00:00:00+00:00, run_after=2024-11-19 00:00:00+00:00
[2024-11-19T12:10:15.002+0000] {processor.py:208} INFO - Processing /home/airflow/.local/lib/python3.12/site-packages/airflow/example_dags/tutorial.py took 0.176 seconds
[2024-11-19T12:10:45.256+0000] {processor.py:186} INFO - Started process (PID=914) to work on /home/airflow/.local/lib/python3.12/site-packages/airflow/example_dags/tutorial.py
[2024-11-19T12:10:45.257+0000] {processor.py:914} INFO - Processing file /home/airflow/.local/lib/python3.12/site-packages/airflow/example_dags/tutorial.py for tasks to queue
[2024-11-19T12:10:45.259+0000] {logging_mixin.py:190} INFO - [2024-11-19T12:10:45.259+0000] {dagbag.py:588} INFO - Filling up the DagBag from /home/airflow/.local/lib/python3.12/site-packages/airflow/example_dags/tutorial.py
[2024-11-19T12:10:45.268+0000] {processor.py:925} INFO - DAG(s) 'tutorial' retrieved from /home/airflow/.local/lib/python3.12/site-packages/airflow/example_dags/tutorial.py
[2024-11-19T12:10:45.286+0000] {logging_mixin.py:190} INFO - [2024-11-19T12:10:45.286+0000] {dag.py:3239} INFO - Sync 1 DAGs
[2024-11-19T12:10:45.311+0000] {logging_mixin.py:190} INFO - [2024-11-19T12:10:45.311+0000] {dag.py:4180} INFO - Setting next_dagrun for tutorial to 2024-11-18 00:00:00+00:00, run_after=2024-11-19 00:00:00+00:00
[2024-11-19T12:10:45.335+0000] {processor.py:208} INFO - Processing /home/airflow/.local/lib/python3.12/site-packages/airflow/example_dags/tutorial.py took 0.085 seconds
[2024-11-19T12:11:15.996+0000] {processor.py:186} INFO - Started process (PID=982) to work on /home/airflow/.local/lib/python3.12/site-packages/airflow/example_dags/tutorial.py
[2024-11-19T12:11:15.997+0000] {processor.py:914} INFO - Processing file /home/airflow/.local/lib/python3.12/site-packages/airflow/example_dags/tutorial.py for tasks to queue
[2024-11-19T12:11:15.999+0000] {logging_mixin.py:190} INFO - [2024-11-19T12:11:15.998+0000] {dagbag.py:588} INFO - Filling up the DagBag from /home/airflow/.local/lib/python3.12/site-packages/airflow/example_dags/tutorial.py
[2024-11-19T12:11:16.007+0000] {processor.py:925} INFO - DAG(s) 'tutorial' retrieved from /home/airflow/.local/lib/python3.12/site-packages/airflow/example_dags/tutorial.py
[2024-11-19T12:11:16.024+0000] {logging_mixin.py:190} INFO - [2024-11-19T12:11:16.024+0000] {dag.py:3239} INFO - Sync 1 DAGs
[2024-11-19T12:11:16.067+0000] {logging_mixin.py:190} INFO - [2024-11-19T12:11:16.066+0000] {dag.py:4180} INFO - Setting next_dagrun for tutorial to 2024-11-18 00:00:00+00:00, run_after=2024-11-19 00:00:00+00:00
[2024-11-19T12:11:16.095+0000] {processor.py:208} INFO - Processing /home/airflow/.local/lib/python3.12/site-packages/airflow/example_dags/tutorial.py took 0.105 seconds
[2024-11-19T12:11:46.658+0000] {processor.py:186} INFO - Started process (PID=1046) to work on /home/airflow/.local/lib/python3.12/site-packages/airflow/example_dags/tutorial.py
[2024-11-19T12:11:46.659+0000] {processor.py:914} INFO - Processing file /home/airflow/.local/lib/python3.12/site-packages/airflow/example_dags/tutorial.py for tasks to queue
[2024-11-19T12:11:46.661+0000] {logging_mixin.py:190} INFO - [2024-11-19T12:11:46.660+0000] {dagbag.py:588} INFO - Filling up the DagBag from /home/airflow/.local/lib/python3.12/site-packages/airflow/example_dags/tutorial.py
[2024-11-19T12:11:46.671+0000] {processor.py:925} INFO - DAG(s) 'tutorial' retrieved from /home/airflow/.local/lib/python3.12/site-packages/airflow/example_dags/tutorial.py
[2024-11-19T12:11:46.690+0000] {logging_mixin.py:190} INFO - [2024-11-19T12:11:46.690+0000] {dag.py:3239} INFO - Sync 1 DAGs
[2024-11-19T12:11:46.714+0000] {logging_mixin.py:190} INFO - [2024-11-19T12:11:46.714+0000] {dag.py:4180} INFO - Setting next_dagrun for tutorial to 2024-11-18 00:00:00+00:00, run_after=2024-11-19 00:00:00+00:00
[2024-11-19T12:11:46.740+0000] {processor.py:208} INFO - Processing /home/airflow/.local/lib/python3.12/site-packages/airflow/example_dags/tutorial.py took 0.089 seconds
[2024-11-19T12:12:17.102+0000] {processor.py:186} INFO - Started process (PID=1112) to work on /home/airflow/.local/lib/python3.12/site-packages/airflow/example_dags/tutorial.py
[2024-11-19T12:12:17.103+0000] {processor.py:914} INFO - Processing file /home/airflow/.local/lib/python3.12/site-packages/airflow/example_dags/tutorial.py for tasks to queue
[2024-11-19T12:12:17.105+0000] {logging_mixin.py:190} INFO - [2024-11-19T12:12:17.104+0000] {dagbag.py:588} INFO - Filling up the DagBag from /home/airflow/.local/lib/python3.12/site-packages/airflow/example_dags/tutorial.py
[2024-11-19T12:12:17.130+0000] {processor.py:925} INFO - DAG(s) 'tutorial' retrieved from /home/airflow/.local/lib/python3.12/site-packages/airflow/example_dags/tutorial.py
[2024-11-19T12:12:17.164+0000] {logging_mixin.py:190} INFO - [2024-11-19T12:12:17.164+0000] {dag.py:3239} INFO - Sync 1 DAGs
[2024-11-19T12:12:17.196+0000] {logging_mixin.py:190} INFO - [2024-11-19T12:12:17.195+0000] {dag.py:4180} INFO - Setting next_dagrun for tutorial to 2024-11-18 00:00:00+00:00, run_after=2024-11-19 00:00:00+00:00
[2024-11-19T12:12:17.222+0000] {processor.py:208} INFO - Processing /home/airflow/.local/lib/python3.12/site-packages/airflow/example_dags/tutorial.py took 0.141 seconds
[2024-11-19T12:12:47.367+0000] {processor.py:186} INFO - Started process (PID=1178) to work on /home/airflow/.local/lib/python3.12/site-packages/airflow/example_dags/tutorial.py
[2024-11-19T12:12:47.368+0000] {processor.py:914} INFO - Processing file /home/airflow/.local/lib/python3.12/site-packages/airflow/example_dags/tutorial.py for tasks to queue
[2024-11-19T12:12:47.369+0000] {logging_mixin.py:190} INFO - [2024-11-19T12:12:47.369+0000] {dagbag.py:588} INFO - Filling up the DagBag from /home/airflow/.local/lib/python3.12/site-packages/airflow/example_dags/tutorial.py
[2024-11-19T12:12:47.378+0000] {processor.py:925} INFO - DAG(s) 'tutorial' retrieved from /home/airflow/.local/lib/python3.12/site-packages/airflow/example_dags/tutorial.py
[2024-11-19T12:12:47.396+0000] {logging_mixin.py:190} INFO - [2024-11-19T12:12:47.396+0000] {dag.py:3239} INFO - Sync 1 DAGs
[2024-11-19T12:12:47.421+0000] {logging_mixin.py:190} INFO - [2024-11-19T12:12:47.421+0000] {dag.py:4180} INFO - Setting next_dagrun for tutorial to 2024-11-18 00:00:00+00:00, run_after=2024-11-19 00:00:00+00:00
[2024-11-19T12:12:47.450+0000] {processor.py:208} INFO - Processing /home/airflow/.local/lib/python3.12/site-packages/airflow/example_dags/tutorial.py took 0.088 seconds
[2024-11-19T12:13:17.522+0000] {processor.py:186} INFO - Started process (PID=1241) to work on /home/airflow/.local/lib/python3.12/site-packages/airflow/example_dags/tutorial.py
[2024-11-19T12:13:17.527+0000] {processor.py:914} INFO - Processing file /home/airflow/.local/lib/python3.12/site-packages/airflow/example_dags/tutorial.py for tasks to queue
[2024-11-19T12:13:17.528+0000] {logging_mixin.py:190} INFO - [2024-11-19T12:13:17.527+0000] {dagbag.py:588} INFO - Filling up the DagBag from /home/airflow/.local/lib/python3.12/site-packages/airflow/example_dags/tutorial.py
[2024-11-19T12:13:17.540+0000] {processor.py:925} INFO - DAG(s) 'tutorial' retrieved from /home/airflow/.local/lib/python3.12/site-packages/airflow/example_dags/tutorial.py
[2024-11-19T12:13:17.577+0000] {logging_mixin.py:190} INFO - [2024-11-19T12:13:17.576+0000] {dag.py:3239} INFO - Sync 1 DAGs
[2024-11-19T12:13:17.619+0000] {logging_mixin.py:190} INFO - [2024-11-19T12:13:17.618+0000] {dag.py:4180} INFO - Setting next_dagrun for tutorial to 2024-11-18 00:00:00+00:00, run_after=2024-11-19 00:00:00+00:00
[2024-11-19T12:13:17.651+0000] {processor.py:208} INFO - Processing /home/airflow/.local/lib/python3.12/site-packages/airflow/example_dags/tutorial.py took 0.143 seconds
[2024-11-19T12:13:47.877+0000] {processor.py:186} INFO - Started process (PID=1306) to work on /home/airflow/.local/lib/python3.12/site-packages/airflow/example_dags/tutorial.py
[2024-11-19T12:13:47.890+0000] {processor.py:914} INFO - Processing file /home/airflow/.local/lib/python3.12/site-packages/airflow/example_dags/tutorial.py for tasks to queue
[2024-11-19T12:13:47.891+0000] {logging_mixin.py:190} INFO - [2024-11-19T12:13:47.890+0000] {dagbag.py:588} INFO - Filling up the DagBag from /home/airflow/.local/lib/python3.12/site-packages/airflow/example_dags/tutorial.py
[2024-11-19T12:13:47.923+0000] {processor.py:925} INFO - DAG(s) 'tutorial' retrieved from /home/airflow/.local/lib/python3.12/site-packages/airflow/example_dags/tutorial.py
[2024-11-19T12:13:47.975+0000] {logging_mixin.py:190} INFO - [2024-11-19T12:13:47.974+0000] {dag.py:3239} INFO - Sync 1 DAGs
[2024-11-19T12:13:48.071+0000] {logging_mixin.py:190} INFO - [2024-11-19T12:13:48.071+0000] {dag.py:4180} INFO - Setting next_dagrun for tutorial to 2024-11-18 00:00:00+00:00, run_after=2024-11-19 00:00:00+00:00
[2024-11-19T12:13:48.181+0000] {processor.py:208} INFO - Processing /home/airflow/.local/lib/python3.12/site-packages/airflow/example_dags/tutorial.py took 0.322 seconds
[2024-11-19T12:14:19.109+0000] {processor.py:186} INFO - Started process (PID=1371) to work on /home/airflow/.local/lib/python3.12/site-packages/airflow/example_dags/tutorial.py
[2024-11-19T12:14:19.139+0000] {processor.py:914} INFO - Processing file /home/airflow/.local/lib/python3.12/site-packages/airflow/example_dags/tutorial.py for tasks to queue
[2024-11-19T12:14:19.141+0000] {logging_mixin.py:190} INFO - [2024-11-19T12:14:19.140+0000] {dagbag.py:588} INFO - Filling up the DagBag from /home/airflow/.local/lib/python3.12/site-packages/airflow/example_dags/tutorial.py
[2024-11-19T12:14:19.191+0000] {processor.py:925} INFO - DAG(s) 'tutorial' retrieved from /home/airflow/.local/lib/python3.12/site-packages/airflow/example_dags/tutorial.py
[2024-11-19T12:14:19.269+0000] {logging_mixin.py:190} INFO - [2024-11-19T12:14:19.269+0000] {dag.py:3239} INFO - Sync 1 DAGs
[2024-11-19T12:14:19.348+0000] {logging_mixin.py:190} INFO - [2024-11-19T12:14:19.348+0000] {dag.py:4180} INFO - Setting next_dagrun for tutorial to 2024-11-18 00:00:00+00:00, run_after=2024-11-19 00:00:00+00:00
[2024-11-19T12:14:19.430+0000] {processor.py:208} INFO - Processing /home/airflow/.local/lib/python3.12/site-packages/airflow/example_dags/tutorial.py took 0.347 seconds
[2024-11-19T12:14:49.588+0000] {processor.py:186} INFO - Started process (PID=1434) to work on /home/airflow/.local/lib/python3.12/site-packages/airflow/example_dags/tutorial.py
[2024-11-19T12:14:49.589+0000] {processor.py:914} INFO - Processing file /home/airflow/.local/lib/python3.12/site-packages/airflow/example_dags/tutorial.py for tasks to queue
[2024-11-19T12:14:49.590+0000] {logging_mixin.py:190} INFO - [2024-11-19T12:14:49.590+0000] {dagbag.py:588} INFO - Filling up the DagBag from /home/airflow/.local/lib/python3.12/site-packages/airflow/example_dags/tutorial.py
[2024-11-19T12:14:49.602+0000] {processor.py:925} INFO - DAG(s) 'tutorial' retrieved from /home/airflow/.local/lib/python3.12/site-packages/airflow/example_dags/tutorial.py
[2024-11-19T12:14:49.629+0000] {logging_mixin.py:190} INFO - [2024-11-19T12:14:49.629+0000] {dag.py:3239} INFO - Sync 1 DAGs
[2024-11-19T12:14:49.655+0000] {logging_mixin.py:190} INFO - [2024-11-19T12:14:49.655+0000] {dag.py:4180} INFO - Setting next_dagrun for tutorial to 2024-11-18 00:00:00+00:00, run_after=2024-11-19 00:00:00+00:00
[2024-11-19T12:14:49.680+0000] {processor.py:208} INFO - Processing /home/airflow/.local/lib/python3.12/site-packages/airflow/example_dags/tutorial.py took 0.099 seconds
[2024-11-19T12:19:45.564+0000] {processor.py:186} INFO - Started process (PID=73) to work on /home/airflow/.local/lib/python3.12/site-packages/airflow/example_dags/tutorial.py
[2024-11-19T12:19:45.572+0000] {processor.py:914} INFO - Processing file /home/airflow/.local/lib/python3.12/site-packages/airflow/example_dags/tutorial.py for tasks to queue
[2024-11-19T12:19:45.579+0000] {logging_mixin.py:190} INFO - [2024-11-19T12:19:45.579+0000] {dagbag.py:588} INFO - Filling up the DagBag from /home/airflow/.local/lib/python3.12/site-packages/airflow/example_dags/tutorial.py
[2024-11-19T12:19:45.617+0000] {processor.py:925} INFO - DAG(s) 'tutorial' retrieved from /home/airflow/.local/lib/python3.12/site-packages/airflow/example_dags/tutorial.py
[2024-11-19T12:19:45.678+0000] {logging_mixin.py:190} INFO - [2024-11-19T12:19:45.678+0000] {dag.py:3239} INFO - Sync 1 DAGs
[2024-11-19T12:19:45.750+0000] {logging_mixin.py:190} INFO - [2024-11-19T12:19:45.750+0000] {dag.py:4180} INFO - Setting next_dagrun for tutorial to 2024-11-18 00:00:00+00:00, run_after=2024-11-19 00:00:00+00:00
[2024-11-19T12:19:45.809+0000] {processor.py:208} INFO - Processing /home/airflow/.local/lib/python3.12/site-packages/airflow/example_dags/tutorial.py took 0.268 seconds
[2024-11-19T12:20:16.753+0000] {processor.py:186} INFO - Started process (PID=137) to work on /home/airflow/.local/lib/python3.12/site-packages/airflow/example_dags/tutorial.py
[2024-11-19T12:20:16.755+0000] {processor.py:914} INFO - Processing file /home/airflow/.local/lib/python3.12/site-packages/airflow/example_dags/tutorial.py for tasks to queue
[2024-11-19T12:20:16.757+0000] {logging_mixin.py:190} INFO - [2024-11-19T12:20:16.757+0000] {dagbag.py:588} INFO - Filling up the DagBag from /home/airflow/.local/lib/python3.12/site-packages/airflow/example_dags/tutorial.py
[2024-11-19T12:20:16.778+0000] {processor.py:925} INFO - DAG(s) 'tutorial' retrieved from /home/airflow/.local/lib/python3.12/site-packages/airflow/example_dags/tutorial.py
[2024-11-19T12:20:16.842+0000] {logging_mixin.py:190} INFO - [2024-11-19T12:20:16.842+0000] {dag.py:3239} INFO - Sync 1 DAGs
[2024-11-19T12:20:16.894+0000] {logging_mixin.py:190} INFO - [2024-11-19T12:20:16.893+0000] {dag.py:4180} INFO - Setting next_dagrun for tutorial to 2024-11-18 00:00:00+00:00, run_after=2024-11-19 00:00:00+00:00
[2024-11-19T12:20:16.945+0000] {processor.py:208} INFO - Processing /home/airflow/.local/lib/python3.12/site-packages/airflow/example_dags/tutorial.py took 0.210 seconds
[2024-11-19T12:20:47.055+0000] {processor.py:186} INFO - Started process (PID=201) to work on /home/airflow/.local/lib/python3.12/site-packages/airflow/example_dags/tutorial.py
[2024-11-19T12:20:47.056+0000] {processor.py:914} INFO - Processing file /home/airflow/.local/lib/python3.12/site-packages/airflow/example_dags/tutorial.py for tasks to queue
[2024-11-19T12:20:47.060+0000] {logging_mixin.py:190} INFO - [2024-11-19T12:20:47.058+0000] {dagbag.py:588} INFO - Filling up the DagBag from /home/airflow/.local/lib/python3.12/site-packages/airflow/example_dags/tutorial.py
[2024-11-19T12:20:47.069+0000] {processor.py:925} INFO - DAG(s) 'tutorial' retrieved from /home/airflow/.local/lib/python3.12/site-packages/airflow/example_dags/tutorial.py
[2024-11-19T12:20:47.085+0000] {logging_mixin.py:190} INFO - [2024-11-19T12:20:47.085+0000] {dag.py:3239} INFO - Sync 1 DAGs
[2024-11-19T12:20:47.102+0000] {logging_mixin.py:190} INFO - [2024-11-19T12:20:47.102+0000] {dag.py:4180} INFO - Setting next_dagrun for tutorial to 2024-11-18 00:00:00+00:00, run_after=2024-11-19 00:00:00+00:00
[2024-11-19T12:20:47.121+0000] {processor.py:208} INFO - Processing /home/airflow/.local/lib/python3.12/site-packages/airflow/example_dags/tutorial.py took 0.071 seconds
[2024-11-19T12:21:17.661+0000] {processor.py:186} INFO - Started process (PID=266) to work on /home/airflow/.local/lib/python3.12/site-packages/airflow/example_dags/tutorial.py
[2024-11-19T12:21:17.662+0000] {processor.py:914} INFO - Processing file /home/airflow/.local/lib/python3.12/site-packages/airflow/example_dags/tutorial.py for tasks to queue
[2024-11-19T12:21:17.664+0000] {logging_mixin.py:190} INFO - [2024-11-19T12:21:17.664+0000] {dagbag.py:588} INFO - Filling up the DagBag from /home/airflow/.local/lib/python3.12/site-packages/airflow/example_dags/tutorial.py
[2024-11-19T12:21:17.673+0000] {processor.py:925} INFO - DAG(s) 'tutorial' retrieved from /home/airflow/.local/lib/python3.12/site-packages/airflow/example_dags/tutorial.py
[2024-11-19T12:21:17.697+0000] {logging_mixin.py:190} INFO - [2024-11-19T12:21:17.697+0000] {dag.py:3239} INFO - Sync 1 DAGs
[2024-11-19T12:21:17.721+0000] {logging_mixin.py:190} INFO - [2024-11-19T12:21:17.721+0000] {dag.py:4180} INFO - Setting next_dagrun for tutorial to 2024-11-18 00:00:00+00:00, run_after=2024-11-19 00:00:00+00:00
[2024-11-19T12:21:17.745+0000] {processor.py:208} INFO - Processing /home/airflow/.local/lib/python3.12/site-packages/airflow/example_dags/tutorial.py took 0.090 seconds
[2024-11-19T12:21:48.634+0000] {processor.py:186} INFO - Started process (PID=331) to work on /home/airflow/.local/lib/python3.12/site-packages/airflow/example_dags/tutorial.py
[2024-11-19T12:21:48.636+0000] {processor.py:914} INFO - Processing file /home/airflow/.local/lib/python3.12/site-packages/airflow/example_dags/tutorial.py for tasks to queue
[2024-11-19T12:21:48.639+0000] {logging_mixin.py:190} INFO - [2024-11-19T12:21:48.639+0000] {dagbag.py:588} INFO - Filling up the DagBag from /home/airflow/.local/lib/python3.12/site-packages/airflow/example_dags/tutorial.py
[2024-11-19T12:21:48.665+0000] {processor.py:925} INFO - DAG(s) 'tutorial' retrieved from /home/airflow/.local/lib/python3.12/site-packages/airflow/example_dags/tutorial.py
[2024-11-19T12:21:48.759+0000] {logging_mixin.py:190} INFO - [2024-11-19T12:21:48.758+0000] {dag.py:3239} INFO - Sync 1 DAGs
[2024-11-19T12:21:48.846+0000] {logging_mixin.py:190} INFO - [2024-11-19T12:21:48.845+0000] {dag.py:4180} INFO - Setting next_dagrun for tutorial to 2024-11-18 00:00:00+00:00, run_after=2024-11-19 00:00:00+00:00
[2024-11-19T12:21:48.909+0000] {processor.py:208} INFO - Processing /home/airflow/.local/lib/python3.12/site-packages/airflow/example_dags/tutorial.py took 0.320 seconds
[2024-11-19T12:22:19.212+0000] {processor.py:186} INFO - Started process (PID=396) to work on /home/airflow/.local/lib/python3.12/site-packages/airflow/example_dags/tutorial.py
[2024-11-19T12:22:19.213+0000] {processor.py:914} INFO - Processing file /home/airflow/.local/lib/python3.12/site-packages/airflow/example_dags/tutorial.py for tasks to queue
[2024-11-19T12:22:19.215+0000] {logging_mixin.py:190} INFO - [2024-11-19T12:22:19.215+0000] {dagbag.py:588} INFO - Filling up the DagBag from /home/airflow/.local/lib/python3.12/site-packages/airflow/example_dags/tutorial.py
[2024-11-19T12:22:19.227+0000] {processor.py:925} INFO - DAG(s) 'tutorial' retrieved from /home/airflow/.local/lib/python3.12/site-packages/airflow/example_dags/tutorial.py
[2024-11-19T12:22:19.261+0000] {logging_mixin.py:190} INFO - [2024-11-19T12:22:19.261+0000] {dag.py:3239} INFO - Sync 1 DAGs
[2024-11-19T12:22:19.295+0000] {logging_mixin.py:190} INFO - [2024-11-19T12:22:19.295+0000] {dag.py:4180} INFO - Setting next_dagrun for tutorial to 2024-11-18 00:00:00+00:00, run_after=2024-11-19 00:00:00+00:00
[2024-11-19T12:22:19.319+0000] {processor.py:208} INFO - Processing /home/airflow/.local/lib/python3.12/site-packages/airflow/example_dags/tutorial.py took 0.117 seconds
[2024-11-19T12:22:49.393+0000] {processor.py:186} INFO - Started process (PID=460) to work on /home/airflow/.local/lib/python3.12/site-packages/airflow/example_dags/tutorial.py
[2024-11-19T12:22:49.394+0000] {processor.py:914} INFO - Processing file /home/airflow/.local/lib/python3.12/site-packages/airflow/example_dags/tutorial.py for tasks to queue
[2024-11-19T12:22:49.396+0000] {logging_mixin.py:190} INFO - [2024-11-19T12:22:49.396+0000] {dagbag.py:588} INFO - Filling up the DagBag from /home/airflow/.local/lib/python3.12/site-packages/airflow/example_dags/tutorial.py
[2024-11-19T12:22:49.405+0000] {processor.py:925} INFO - DAG(s) 'tutorial' retrieved from /home/airflow/.local/lib/python3.12/site-packages/airflow/example_dags/tutorial.py
[2024-11-19T12:22:49.423+0000] {logging_mixin.py:190} INFO - [2024-11-19T12:22:49.423+0000] {dag.py:3239} INFO - Sync 1 DAGs
[2024-11-19T12:22:49.460+0000] {logging_mixin.py:190} INFO - [2024-11-19T12:22:49.460+0000] {dag.py:4180} INFO - Setting next_dagrun for tutorial to 2024-11-18 00:00:00+00:00, run_after=2024-11-19 00:00:00+00:00
[2024-11-19T12:22:49.490+0000] {processor.py:208} INFO - Processing /home/airflow/.local/lib/python3.12/site-packages/airflow/example_dags/tutorial.py took 0.104 seconds
[2024-11-19T12:23:20.189+0000] {processor.py:186} INFO - Started process (PID=524) to work on /home/airflow/.local/lib/python3.12/site-packages/airflow/example_dags/tutorial.py
[2024-11-19T12:23:20.192+0000] {processor.py:914} INFO - Processing file /home/airflow/.local/lib/python3.12/site-packages/airflow/example_dags/tutorial.py for tasks to queue
[2024-11-19T12:23:20.194+0000] {logging_mixin.py:190} INFO - [2024-11-19T12:23:20.193+0000] {dagbag.py:588} INFO - Filling up the DagBag from /home/airflow/.local/lib/python3.12/site-packages/airflow/example_dags/tutorial.py
[2024-11-19T12:23:20.202+0000] {processor.py:925} INFO - DAG(s) 'tutorial' retrieved from /home/airflow/.local/lib/python3.12/site-packages/airflow/example_dags/tutorial.py
[2024-11-19T12:23:20.220+0000] {logging_mixin.py:190} INFO - [2024-11-19T12:23:20.220+0000] {dag.py:3239} INFO - Sync 1 DAGs
[2024-11-19T12:23:20.245+0000] {logging_mixin.py:190} INFO - [2024-11-19T12:23:20.245+0000] {dag.py:4180} INFO - Setting next_dagrun for tutorial to 2024-11-18 00:00:00+00:00, run_after=2024-11-19 00:00:00+00:00
[2024-11-19T12:23:20.282+0000] {processor.py:208} INFO - Processing /home/airflow/.local/lib/python3.12/site-packages/airflow/example_dags/tutorial.py took 0.098 seconds
[2024-11-19T12:23:50.342+0000] {processor.py:186} INFO - Started process (PID=588) to work on /home/airflow/.local/lib/python3.12/site-packages/airflow/example_dags/tutorial.py
[2024-11-19T12:23:50.343+0000] {processor.py:914} INFO - Processing file /home/airflow/.local/lib/python3.12/site-packages/airflow/example_dags/tutorial.py for tasks to queue
[2024-11-19T12:23:50.345+0000] {logging_mixin.py:190} INFO - [2024-11-19T12:23:50.345+0000] {dagbag.py:588} INFO - Filling up the DagBag from /home/airflow/.local/lib/python3.12/site-packages/airflow/example_dags/tutorial.py
[2024-11-19T12:23:50.353+0000] {processor.py:925} INFO - DAG(s) 'tutorial' retrieved from /home/airflow/.local/lib/python3.12/site-packages/airflow/example_dags/tutorial.py
[2024-11-19T12:23:50.372+0000] {logging_mixin.py:190} INFO - [2024-11-19T12:23:50.372+0000] {dag.py:3239} INFO - Sync 1 DAGs
[2024-11-19T12:23:50.397+0000] {logging_mixin.py:190} INFO - [2024-11-19T12:23:50.397+0000] {dag.py:4180} INFO - Setting next_dagrun for tutorial to 2024-11-18 00:00:00+00:00, run_after=2024-11-19 00:00:00+00:00
[2024-11-19T12:23:50.428+0000] {processor.py:208} INFO - Processing /home/airflow/.local/lib/python3.12/site-packages/airflow/example_dags/tutorial.py took 0.092 seconds
[2024-11-19T12:24:20.833+0000] {processor.py:186} INFO - Started process (PID=653) to work on /home/airflow/.local/lib/python3.12/site-packages/airflow/example_dags/tutorial.py
[2024-11-19T12:24:20.834+0000] {processor.py:914} INFO - Processing file /home/airflow/.local/lib/python3.12/site-packages/airflow/example_dags/tutorial.py for tasks to queue
[2024-11-19T12:24:20.836+0000] {logging_mixin.py:190} INFO - [2024-11-19T12:24:20.835+0000] {dagbag.py:588} INFO - Filling up the DagBag from /home/airflow/.local/lib/python3.12/site-packages/airflow/example_dags/tutorial.py
[2024-11-19T12:24:20.844+0000] {processor.py:925} INFO - DAG(s) 'tutorial' retrieved from /home/airflow/.local/lib/python3.12/site-packages/airflow/example_dags/tutorial.py
[2024-11-19T12:24:20.867+0000] {logging_mixin.py:190} INFO - [2024-11-19T12:24:20.867+0000] {dag.py:3239} INFO - Sync 1 DAGs
[2024-11-19T12:24:20.892+0000] {logging_mixin.py:190} INFO - [2024-11-19T12:24:20.892+0000] {dag.py:4180} INFO - Setting next_dagrun for tutorial to 2024-11-18 00:00:00+00:00, run_after=2024-11-19 00:00:00+00:00
[2024-11-19T12:24:20.921+0000] {processor.py:208} INFO - Processing /home/airflow/.local/lib/python3.12/site-packages/airflow/example_dags/tutorial.py took 0.093 seconds
[2024-11-19T12:24:51.347+0000] {processor.py:186} INFO - Started process (PID=717) to work on /home/airflow/.local/lib/python3.12/site-packages/airflow/example_dags/tutorial.py
[2024-11-19T12:24:51.348+0000] {processor.py:914} INFO - Processing file /home/airflow/.local/lib/python3.12/site-packages/airflow/example_dags/tutorial.py for tasks to queue
[2024-11-19T12:24:51.350+0000] {logging_mixin.py:190} INFO - [2024-11-19T12:24:51.350+0000] {dagbag.py:588} INFO - Filling up the DagBag from /home/airflow/.local/lib/python3.12/site-packages/airflow/example_dags/tutorial.py
[2024-11-19T12:24:51.358+0000] {processor.py:925} INFO - DAG(s) 'tutorial' retrieved from /home/airflow/.local/lib/python3.12/site-packages/airflow/example_dags/tutorial.py
[2024-11-19T12:24:51.378+0000] {logging_mixin.py:190} INFO - [2024-11-19T12:24:51.377+0000] {dag.py:3239} INFO - Sync 1 DAGs
[2024-11-19T12:24:51.404+0000] {logging_mixin.py:190} INFO - [2024-11-19T12:24:51.404+0000] {dag.py:4180} INFO - Setting next_dagrun for tutorial to 2024-11-18 00:00:00+00:00, run_after=2024-11-19 00:00:00+00:00
[2024-11-19T12:24:51.434+0000] {processor.py:208} INFO - Processing /home/airflow/.local/lib/python3.12/site-packages/airflow/example_dags/tutorial.py took 0.093 seconds
[2024-11-19T12:25:21.587+0000] {processor.py:186} INFO - Started process (PID=781) to work on /home/airflow/.local/lib/python3.12/site-packages/airflow/example_dags/tutorial.py
[2024-11-19T12:25:21.588+0000] {processor.py:914} INFO - Processing file /home/airflow/.local/lib/python3.12/site-packages/airflow/example_dags/tutorial.py for tasks to queue
[2024-11-19T12:25:21.590+0000] {logging_mixin.py:190} INFO - [2024-11-19T12:25:21.590+0000] {dagbag.py:588} INFO - Filling up the DagBag from /home/airflow/.local/lib/python3.12/site-packages/airflow/example_dags/tutorial.py
[2024-11-19T12:25:21.605+0000] {processor.py:925} INFO - DAG(s) 'tutorial' retrieved from /home/airflow/.local/lib/python3.12/site-packages/airflow/example_dags/tutorial.py
[2024-11-19T12:25:21.649+0000] {logging_mixin.py:190} INFO - [2024-11-19T12:25:21.649+0000] {dag.py:3239} INFO - Sync 1 DAGs
[2024-11-19T12:25:21.726+0000] {logging_mixin.py:190} INFO - [2024-11-19T12:25:21.726+0000] {dag.py:4180} INFO - Setting next_dagrun for tutorial to 2024-11-18 00:00:00+00:00, run_after=2024-11-19 00:00:00+00:00
[2024-11-19T12:25:21.804+0000] {processor.py:208} INFO - Processing /home/airflow/.local/lib/python3.12/site-packages/airflow/example_dags/tutorial.py took 0.236 seconds
[2024-11-19T12:25:52.309+0000] {processor.py:186} INFO - Started process (PID=846) to work on /home/airflow/.local/lib/python3.12/site-packages/airflow/example_dags/tutorial.py
[2024-11-19T12:25:52.310+0000] {processor.py:914} INFO - Processing file /home/airflow/.local/lib/python3.12/site-packages/airflow/example_dags/tutorial.py for tasks to queue
[2024-11-19T12:25:52.312+0000] {logging_mixin.py:190} INFO - [2024-11-19T12:25:52.312+0000] {dagbag.py:588} INFO - Filling up the DagBag from /home/airflow/.local/lib/python3.12/site-packages/airflow/example_dags/tutorial.py
[2024-11-19T12:25:52.321+0000] {processor.py:925} INFO - DAG(s) 'tutorial' retrieved from /home/airflow/.local/lib/python3.12/site-packages/airflow/example_dags/tutorial.py
[2024-11-19T12:25:52.353+0000] {logging_mixin.py:190} INFO - [2024-11-19T12:25:52.353+0000] {dag.py:3239} INFO - Sync 1 DAGs
[2024-11-19T12:25:52.382+0000] {logging_mixin.py:190} INFO - [2024-11-19T12:25:52.382+0000] {dag.py:4180} INFO - Setting next_dagrun for tutorial to 2024-11-18 00:00:00+00:00, run_after=2024-11-19 00:00:00+00:00
[2024-11-19T12:25:52.414+0000] {processor.py:208} INFO - Processing /home/airflow/.local/lib/python3.12/site-packages/airflow/example_dags/tutorial.py took 0.114 seconds
[2024-11-19T12:26:23.126+0000] {processor.py:186} INFO - Started process (PID=910) to work on /home/airflow/.local/lib/python3.12/site-packages/airflow/example_dags/tutorial.py
[2024-11-19T12:26:23.127+0000] {processor.py:914} INFO - Processing file /home/airflow/.local/lib/python3.12/site-packages/airflow/example_dags/tutorial.py for tasks to queue
[2024-11-19T12:26:23.129+0000] {logging_mixin.py:190} INFO - [2024-11-19T12:26:23.129+0000] {dagbag.py:588} INFO - Filling up the DagBag from /home/airflow/.local/lib/python3.12/site-packages/airflow/example_dags/tutorial.py
[2024-11-19T12:26:23.137+0000] {processor.py:925} INFO - DAG(s) 'tutorial' retrieved from /home/airflow/.local/lib/python3.12/site-packages/airflow/example_dags/tutorial.py
[2024-11-19T12:26:23.157+0000] {logging_mixin.py:190} INFO - [2024-11-19T12:26:23.157+0000] {dag.py:3239} INFO - Sync 1 DAGs
[2024-11-19T12:26:23.183+0000] {logging_mixin.py:190} INFO - [2024-11-19T12:26:23.183+0000] {dag.py:4180} INFO - Setting next_dagrun for tutorial to 2024-11-18 00:00:00+00:00, run_after=2024-11-19 00:00:00+00:00
[2024-11-19T12:26:23.209+0000] {processor.py:208} INFO - Processing /home/airflow/.local/lib/python3.12/site-packages/airflow/example_dags/tutorial.py took 0.087 seconds
[2024-11-19T12:26:54.062+0000] {processor.py:186} INFO - Started process (PID=974) to work on /home/airflow/.local/lib/python3.12/site-packages/airflow/example_dags/tutorial.py
[2024-11-19T12:26:54.065+0000] {processor.py:914} INFO - Processing file /home/airflow/.local/lib/python3.12/site-packages/airflow/example_dags/tutorial.py for tasks to queue
[2024-11-19T12:26:54.066+0000] {logging_mixin.py:190} INFO - [2024-11-19T12:26:54.066+0000] {dagbag.py:588} INFO - Filling up the DagBag from /home/airflow/.local/lib/python3.12/site-packages/airflow/example_dags/tutorial.py
[2024-11-19T12:26:54.078+0000] {processor.py:925} INFO - DAG(s) 'tutorial' retrieved from /home/airflow/.local/lib/python3.12/site-packages/airflow/example_dags/tutorial.py
[2024-11-19T12:26:54.103+0000] {logging_mixin.py:190} INFO - [2024-11-19T12:26:54.103+0000] {dag.py:3239} INFO - Sync 1 DAGs
[2024-11-19T12:26:54.129+0000] {logging_mixin.py:190} INFO - [2024-11-19T12:26:54.128+0000] {dag.py:4180} INFO - Setting next_dagrun for tutorial to 2024-11-18 00:00:00+00:00, run_after=2024-11-19 00:00:00+00:00
[2024-11-19T12:26:54.151+0000] {processor.py:208} INFO - Processing /home/airflow/.local/lib/python3.12/site-packages/airflow/example_dags/tutorial.py took 0.105 seconds
[2024-11-19T12:27:24.903+0000] {processor.py:186} INFO - Started process (PID=1038) to work on /home/airflow/.local/lib/python3.12/site-packages/airflow/example_dags/tutorial.py
[2024-11-19T12:27:24.904+0000] {processor.py:914} INFO - Processing file /home/airflow/.local/lib/python3.12/site-packages/airflow/example_dags/tutorial.py for tasks to queue
[2024-11-19T12:27:24.905+0000] {logging_mixin.py:190} INFO - [2024-11-19T12:27:24.904+0000] {dagbag.py:588} INFO - Filling up the DagBag from /home/airflow/.local/lib/python3.12/site-packages/airflow/example_dags/tutorial.py
[2024-11-19T12:27:24.914+0000] {processor.py:925} INFO - DAG(s) 'tutorial' retrieved from /home/airflow/.local/lib/python3.12/site-packages/airflow/example_dags/tutorial.py
[2024-11-19T12:27:24.933+0000] {logging_mixin.py:190} INFO - [2024-11-19T12:27:24.933+0000] {dag.py:3239} INFO - Sync 1 DAGs
[2024-11-19T12:27:24.955+0000] {logging_mixin.py:190} INFO - [2024-11-19T12:27:24.955+0000] {dag.py:4180} INFO - Setting next_dagrun for tutorial to 2024-11-18 00:00:00+00:00, run_after=2024-11-19 00:00:00+00:00
[2024-11-19T12:27:24.981+0000] {processor.py:208} INFO - Processing /home/airflow/.local/lib/python3.12/site-packages/airflow/example_dags/tutorial.py took 0.084 seconds
