[2024-11-14T15:22:37.569+0000] {local_task_job_runner.py:123} INFO - ::group::Pre task execution logs
[2024-11-14T15:22:38.079+0000] {taskinstance.py:2613} INFO - Dependencies all met for dep_context=non-requeueable deps ti=<TaskInstance: hello_world_dag.accurate scheduled__2024-11-13T00:00:00+00:00 [queued]>
[2024-11-14T15:22:38.163+0000] {taskinstance.py:2613} INFO - Dependencies all met for dep_context=requeueable deps ti=<TaskInstance: hello_world_dag.accurate scheduled__2024-11-13T00:00:00+00:00 [queued]>
[2024-11-14T15:22:38.163+0000] {taskinstance.py:2866} INFO - Starting attempt 1 of 1
[2024-11-14T15:22:38.717+0000] {taskinstance.py:2889} INFO - Executing <Task(BashOperator): accurate> on 2024-11-13 00:00:00+00:00
[2024-11-14T15:22:38.943+0000] {warnings.py:112} WARNING - /home/***/.local/lib/python3.12/site-packages/***/task/task_runner/standard_task_runner.py:70: DeprecationWarning: This process (pid=127) is multi-threaded, use of fork() may lead to deadlocks in the child.
  pid = os.fork()

[2024-11-14T15:22:39.034+0000] {standard_task_runner.py:72} INFO - Started process 181 to run task
[2024-11-14T15:22:39.045+0000] {standard_task_runner.py:104} INFO - Running: ['***', 'tasks', 'run', 'hello_world_dag', 'accurate', 'scheduled__2024-11-13T00:00:00+00:00', '--job-id', '20', '--raw', '--subdir', 'DAGS_FOLDER/hello_world_dag.py', '--cfg-path', '/tmp/tmp2mvfhxfh']
[2024-11-14T15:22:39.149+0000] {standard_task_runner.py:105} INFO - Job 20: Subtask accurate
[2024-11-14T15:22:40.418+0000] {task_command.py:467} INFO - Running <TaskInstance: hello_world_dag.accurate scheduled__2024-11-13T00:00:00+00:00 [running]> on host e14bbb8637e8
[2024-11-14T15:22:42.848+0000] {taskinstance.py:3132} INFO - Exporting env vars: AIRFLOW_CTX_DAG_OWNER='***' AIRFLOW_CTX_DAG_ID='hello_world_dag' AIRFLOW_CTX_TASK_ID='accurate' AIRFLOW_CTX_EXECUTION_DATE='2024-11-13T00:00:00+00:00' AIRFLOW_CTX_TRY_NUMBER='1' AIRFLOW_CTX_DAG_RUN_ID='scheduled__2024-11-13T00:00:00+00:00'
[2024-11-14T15:22:42.850+0000] {logging_mixin.py:190} INFO - Task instance is in running state
[2024-11-14T15:22:42.897+0000] {logging_mixin.py:190} INFO -  Previous state of the Task instance: queued
[2024-11-14T15:22:42.905+0000] {logging_mixin.py:190} INFO - Current task name:accurate state:running start_date:2024-11-14 15:22:38.080168+00:00
[2024-11-14T15:22:42.907+0000] {logging_mixin.py:190} INFO - Dag name:hello_world_dag and current dag run status:running
[2024-11-14T15:22:42.908+0000] {taskinstance.py:731} INFO - ::endgroup::
[2024-11-14T15:22:42.922+0000] {subprocess.py:78} INFO - Tmp dir root location: /tmp
[2024-11-14T15:22:42.944+0000] {subprocess.py:88} INFO - Running command: ['/usr/bin/bash', '-c', "echo 'accurate'"]
[2024-11-14T15:22:43.499+0000] {subprocess.py:99} INFO - Output:
[2024-11-14T15:22:43.533+0000] {subprocess.py:106} INFO - accurate
[2024-11-14T15:22:43.535+0000] {subprocess.py:110} INFO - Command exited with return code 0
[2024-11-14T15:22:43.863+0000] {taskinstance.py:340} INFO - ::group::Post task execution logs
[2024-11-14T15:22:43.894+0000] {taskinstance.py:352} INFO - Marking task as SUCCESS. dag_id=hello_world_dag, task_id=accurate, run_id=scheduled__2024-11-13T00:00:00+00:00, execution_date=20241113T000000, start_date=20241114T152238, end_date=20241114T152243
[2024-11-14T15:22:44.165+0000] {logging_mixin.py:190} INFO - Task instance in success state
[2024-11-14T15:22:44.197+0000] {logging_mixin.py:190} INFO -  Previous state of the Task instance: running
[2024-11-14T15:22:44.201+0000] {logging_mixin.py:190} INFO - Dag name:hello_world_dag queued_at:2024-11-14 15:21:24.230457+00:00
[2024-11-14T15:22:44.216+0000] {logging_mixin.py:190} INFO - Task hostname:e14bbb8637e8 operator:BashOperator
[2024-11-14T15:22:44.700+0000] {local_task_job_runner.py:266} INFO - Task exited with return code 0
[2024-11-14T15:22:45.002+0000] {taskinstance.py:3895} INFO - 0 downstream tasks scheduled from follow-on schedule check
[2024-11-14T15:22:45.049+0000] {local_task_job_runner.py:245} INFO - ::endgroup::
