[2024-11-18T19:03:28.546+0000] {local_task_job_runner.py:123} INFO - ::group::Pre task execution logs
[2024-11-18T19:03:29.164+0000] {taskinstance.py:2613} INFO - Dependencies all met for dep_context=non-requeueable deps ti=<TaskInstance: hello_world_dag.training_model_C scheduled__2024-11-14T00:00:00+00:00 [queued]>
[2024-11-18T19:03:29.706+0000] {taskinstance.py:2613} INFO - Dependencies all met for dep_context=requeueable deps ti=<TaskInstance: hello_world_dag.training_model_C scheduled__2024-11-14T00:00:00+00:00 [queued]>
[2024-11-18T19:03:29.727+0000] {taskinstance.py:2866} INFO - Starting attempt 1 of 1
[2024-11-18T19:03:30.701+0000] {taskinstance.py:2889} INFO - Executing <Task(PythonOperator): training_model_C> on 2024-11-14 00:00:00+00:00
[2024-11-18T19:03:31.526+0000] {warnings.py:112} WARNING - /home/***/.local/lib/python3.12/site-packages/***/task/task_runner/standard_task_runner.py:70: DeprecationWarning: This process (pid=83) is multi-threaded, use of fork() may lead to deadlocks in the child.
  pid = os.fork()

[2024-11-18T19:03:32.071+0000] {standard_task_runner.py:72} INFO - Started process 118 to run task
[2024-11-18T19:03:31.759+0000] {standard_task_runner.py:104} INFO - Running: ['***', 'tasks', 'run', 'hello_world_dag', 'training_model_C', 'scheduled__2024-11-14T00:00:00+00:00', '--job-id', '29', '--raw', '--subdir', 'DAGS_FOLDER/hello_world_dag.py', '--cfg-path', '/tmp/tmp3al7rkd8']
[2024-11-18T19:04:13.740+0000] {standard_task_runner.py:105} INFO - Job 29: Subtask training_model_C
[2024-11-18T19:04:15.443+0000] {task_command.py:467} INFO - Running <TaskInstance: hello_world_dag.training_model_C scheduled__2024-11-14T00:00:00+00:00 [running]> on host e14bbb8637e8
[2024-11-18T19:04:20.401+0000] {taskinstance.py:3132} INFO - Exporting env vars: AIRFLOW_CTX_DAG_OWNER='***' AIRFLOW_CTX_DAG_ID='hello_world_dag' AIRFLOW_CTX_TASK_ID='training_model_C' AIRFLOW_CTX_EXECUTION_DATE='2024-11-14T00:00:00+00:00' AIRFLOW_CTX_TRY_NUMBER='1' AIRFLOW_CTX_DAG_RUN_ID='scheduled__2024-11-14T00:00:00+00:00'
[2024-11-18T19:04:20.521+0000] {logging_mixin.py:190} INFO - Task instance is in running state
[2024-11-18T19:04:20.521+0000] {logging_mixin.py:190} INFO -  Previous state of the Task instance: queued
[2024-11-18T19:04:20.521+0000] {logging_mixin.py:190} INFO - Current task name:training_model_C state:running start_date:2024-11-18 19:03:29.164432+00:00
[2024-11-18T19:04:20.522+0000] {logging_mixin.py:190} INFO - Dag name:hello_world_dag and current dag run status:running
[2024-11-18T19:04:20.522+0000] {taskinstance.py:731} INFO - ::endgroup::
[2024-11-18T19:04:20.816+0000] {python.py:240} INFO - Done. Returned value was: 3
[2024-11-18T19:04:20.938+0000] {job.py:229} INFO - Heartbeat recovered after 54.82 seconds
[2024-11-18T19:04:21.520+0000] {taskinstance.py:340} INFO - ::group::Post task execution logs
[2024-11-18T19:04:21.575+0000] {taskinstance.py:352} INFO - Marking task as SUCCESS. dag_id=hello_world_dag, task_id=training_model_C, run_id=scheduled__2024-11-14T00:00:00+00:00, execution_date=20241114T000000, start_date=20241118T190329, end_date=20241118T190421
[2024-11-18T19:04:21.753+0000] {logging_mixin.py:190} INFO - Task instance in success state
[2024-11-18T19:04:21.791+0000] {logging_mixin.py:190} INFO -  Previous state of the Task instance: running
[2024-11-18T19:04:21.794+0000] {logging_mixin.py:190} INFO - Dag name:hello_world_dag queued_at:2024-11-18 19:02:05.015845+00:00
[2024-11-18T19:04:21.806+0000] {logging_mixin.py:190} INFO - Task hostname:e14bbb8637e8 operator:PythonOperator
[2024-11-18T19:04:22.655+0000] {local_task_job_runner.py:266} INFO - Task exited with return code 0
[2024-11-18T19:04:22.725+0000] {local_task_job_runner.py:245} INFO - ::endgroup::
