[2024-11-21T12:10:44.442+0000] {local_task_job_runner.py:123} INFO - ::group::Pre task execution logs
[2024-11-21T12:10:44.681+0000] {taskinstance.py:2613} INFO - Dependencies all met for dep_context=non-requeueable deps ti=<TaskInstance: hello_world_dag.training_model_B scheduled__2024-11-19T00:00:00+00:00 [queued]>
[2024-11-21T12:10:44.822+0000] {taskinstance.py:2613} INFO - Dependencies all met for dep_context=requeueable deps ti=<TaskInstance: hello_world_dag.training_model_B scheduled__2024-11-19T00:00:00+00:00 [queued]>
[2024-11-21T12:10:44.822+0000] {taskinstance.py:2866} INFO - Starting attempt 1 of 1
[2024-11-21T12:10:45.441+0000] {taskinstance.py:2889} INFO - Executing <Task(PythonOperator): training_model_B> on 2024-11-19 00:00:00+00:00
[2024-11-21T12:10:45.553+0000] {warnings.py:112} WARNING - /home/***/.local/lib/python3.12/site-packages/***/task/task_runner/standard_task_runner.py:70: DeprecationWarning: This process (pid=73) is multi-threaded, use of fork() may lead to deadlocks in the child.
  pid = os.fork()

[2024-11-21T12:10:45.592+0000] {standard_task_runner.py:72} INFO - Started process 86 to run task
[2024-11-21T12:10:45.579+0000] {standard_task_runner.py:104} INFO - Running: ['***', 'tasks', 'run', 'hello_world_dag', 'training_model_B', 'scheduled__2024-11-19T00:00:00+00:00', '--job-id', '51', '--raw', '--subdir', 'DAGS_FOLDER/hello_world_dag.py', '--cfg-path', '/tmp/tmpmz5zicg4']
[2024-11-21T12:10:45.633+0000] {standard_task_runner.py:105} INFO - Job 51: Subtask training_model_B
[2024-11-21T12:10:49.479+0000] {task_command.py:467} INFO - Running <TaskInstance: hello_world_dag.training_model_B scheduled__2024-11-19T00:00:00+00:00 [running]> on host e14bbb8637e8
[2024-11-21T12:10:50.966+0000] {taskinstance.py:3132} INFO - Exporting env vars: AIRFLOW_CTX_DAG_OWNER='***' AIRFLOW_CTX_DAG_ID='hello_world_dag' AIRFLOW_CTX_TASK_ID='training_model_B' AIRFLOW_CTX_EXECUTION_DATE='2024-11-19T00:00:00+00:00' AIRFLOW_CTX_TRY_NUMBER='1' AIRFLOW_CTX_DAG_RUN_ID='scheduled__2024-11-19T00:00:00+00:00'
[2024-11-21T12:10:50.978+0000] {logging_mixin.py:190} INFO - Task instance is in running state
[2024-11-21T12:10:50.992+0000] {logging_mixin.py:190} INFO -  Previous state of the Task instance: queued
[2024-11-21T12:10:50.993+0000] {logging_mixin.py:190} INFO - Current task name:training_model_B state:running start_date:2024-11-21 12:10:44.681615+00:00
[2024-11-21T12:10:50.997+0000] {logging_mixin.py:190} INFO - Dag name:hello_world_dag and current dag run status:running
[2024-11-21T12:10:50.999+0000] {taskinstance.py:731} INFO - ::endgroup::
[2024-11-21T12:10:51.004+0000] {python.py:240} INFO - Done. Returned value was: 9
[2024-11-21T12:10:51.444+0000] {taskinstance.py:340} INFO - ::group::Post task execution logs
[2024-11-21T12:10:51.445+0000] {taskinstance.py:352} INFO - Marking task as SUCCESS. dag_id=hello_world_dag, task_id=training_model_B, run_id=scheduled__2024-11-19T00:00:00+00:00, execution_date=20241119T000000, start_date=20241121T121044, end_date=20241121T121051
[2024-11-21T12:10:51.652+0000] {logging_mixin.py:190} INFO - Task instance in success state
[2024-11-21T12:10:51.652+0000] {logging_mixin.py:190} INFO -  Previous state of the Task instance: running
[2024-11-21T12:10:51.653+0000] {logging_mixin.py:190} INFO - Dag name:hello_world_dag queued_at:2024-11-21 12:09:45.689051+00:00
[2024-11-21T12:10:51.653+0000] {logging_mixin.py:190} INFO - Task hostname:e14bbb8637e8 operator:PythonOperator
[2024-11-21T12:10:53.513+0000] {local_task_job_runner.py:266} INFO - Task exited with return code 0
[2024-11-21T12:10:53.682+0000] {local_task_job_runner.py:245} INFO - ::endgroup::
