[2024-11-18T19:03:28.530+0000] {local_task_job_runner.py:123} INFO - ::group::Pre task execution logs
[2024-11-18T19:03:29.179+0000] {taskinstance.py:2613} INFO - Dependencies all met for dep_context=non-requeueable deps ti=<TaskInstance: hello_world_dag.choose_best_model scheduled__2024-11-14T00:00:00+00:00 [queued]>
[2024-11-18T19:03:29.512+0000] {taskinstance.py:2613} INFO - Dependencies all met for dep_context=requeueable deps ti=<TaskInstance: hello_world_dag.choose_best_model scheduled__2024-11-14T00:00:00+00:00 [queued]>
[2024-11-18T19:03:29.516+0000] {taskinstance.py:2866} INFO - Starting attempt 1 of 1
[2024-11-18T19:03:30.212+0000] {taskinstance.py:2889} INFO - Executing <Task(BranchPythonOperator): choose_best_model> on 2024-11-14 00:00:00+00:00
[2024-11-18T19:03:30.706+0000] {warnings.py:112} WARNING - /home/***/.local/lib/python3.12/site-packages/***/task/task_runner/standard_task_runner.py:70: DeprecationWarning: This process (pid=79) is multi-threaded, use of fork() may lead to deadlocks in the child.
  pid = os.fork()

[2024-11-18T19:03:30.708+0000] {standard_task_runner.py:72} INFO - Started process 113 to run task
[2024-11-18T19:03:30.614+0000] {standard_task_runner.py:104} INFO - Running: ['***', 'tasks', 'run', 'hello_world_dag', 'choose_best_model', 'scheduled__2024-11-14T00:00:00+00:00', '--job-id', '33', '--raw', '--subdir', 'DAGS_FOLDER/hello_world_dag.py', '--cfg-path', '/tmp/tmpq_r1hhyi']
[2024-11-18T19:03:31.030+0000] {standard_task_runner.py:105} INFO - Job 33: Subtask choose_best_model
[2024-11-18T19:04:14.983+0000] {task_command.py:467} INFO - Running <TaskInstance: hello_world_dag.choose_best_model scheduled__2024-11-14T00:00:00+00:00 [running]> on host e14bbb8637e8
[2024-11-18T19:04:19.091+0000] {taskinstance.py:3132} INFO - Exporting env vars: AIRFLOW_CTX_DAG_OWNER='***' AIRFLOW_CTX_DAG_ID='hello_world_dag' AIRFLOW_CTX_TASK_ID='choose_best_model' AIRFLOW_CTX_EXECUTION_DATE='2024-11-14T00:00:00+00:00' AIRFLOW_CTX_TRY_NUMBER='1' AIRFLOW_CTX_DAG_RUN_ID='scheduled__2024-11-14T00:00:00+00:00'
[2024-11-18T19:04:19.184+0000] {logging_mixin.py:190} INFO - Task instance is in running state
[2024-11-18T19:04:19.232+0000] {logging_mixin.py:190} INFO -  Previous state of the Task instance: queued
[2024-11-18T19:04:19.244+0000] {logging_mixin.py:190} INFO - Current task name:choose_best_model state:running start_date:2024-11-18 19:03:29.243913+00:00
[2024-11-18T19:04:19.272+0000] {logging_mixin.py:190} INFO - Dag name:hello_world_dag and current dag run status:running
[2024-11-18T19:04:19.317+0000] {taskinstance.py:731} INFO - ::endgroup::
[2024-11-18T19:04:19.323+0000] {baseoperator.py:416} WARNING - BranchPythonOperator.execute cannot be called outside TaskInstance!
[2024-11-18T19:04:19.710+0000] {python.py:240} INFO - Done. Returned value was: inaccurate
[2024-11-18T19:04:19.802+0000] {branch.py:38} INFO - Branch into inaccurate
[2024-11-18T19:04:19.879+0000] {skipmixin.py:230} INFO - Following branch ('inaccurate',)
[2024-11-18T19:04:21.213+0000] {taskinstance.py:340} INFO - ::group::Post task execution logs
[2024-11-18T19:04:21.248+0000] {taskinstance.py:352} INFO - Marking task as SUCCESS. dag_id=hello_world_dag, task_id=choose_best_model, run_id=scheduled__2024-11-14T00:00:00+00:00, execution_date=20241114T000000, start_date=20241118T190329, end_date=20241118T190421
[2024-11-18T19:04:21.530+0000] {logging_mixin.py:190} INFO - Task instance in success state
[2024-11-18T19:04:21.556+0000] {logging_mixin.py:190} INFO -  Previous state of the Task instance: running
[2024-11-18T19:04:21.587+0000] {logging_mixin.py:190} INFO - Dag name:hello_world_dag queued_at:2024-11-18 19:02:05.015845+00:00
[2024-11-18T19:04:21.603+0000] {logging_mixin.py:190} INFO - Task hostname:e14bbb8637e8 operator:BranchPythonOperator
[2024-11-18T19:04:21.706+0000] {job.py:229} INFO - Heartbeat recovered after 55.16 seconds
[2024-11-18T19:04:22.190+0000] {local_task_job_runner.py:266} INFO - Task exited with return code 0
[2024-11-18T19:04:22.307+0000] {local_task_job_runner.py:245} INFO - ::endgroup::
