[2024-11-19T12:49:37.876+0000] {local_task_job_runner.py:123} INFO - ::group::Pre task execution logs
[2024-11-19T12:49:37.903+0000] {taskinstance.py:2613} INFO - Dependencies all met for dep_context=non-requeueable deps ti=<TaskInstance: hello_world_dag.choose_best_model manual__2024-11-19T12:49:21.011619+00:00 [queued]>
[2024-11-19T12:49:37.912+0000] {taskinstance.py:2613} INFO - Dependencies all met for dep_context=requeueable deps ti=<TaskInstance: hello_world_dag.choose_best_model manual__2024-11-19T12:49:21.011619+00:00 [queued]>
[2024-11-19T12:49:37.912+0000] {taskinstance.py:2866} INFO - Starting attempt 1 of 1
[2024-11-19T12:49:37.937+0000] {taskinstance.py:2889} INFO - Executing <Task(BranchPythonOperator): choose_best_model> on 2024-11-19 12:49:21.011619+00:00
[2024-11-19T12:49:37.956+0000] {warnings.py:112} WARNING - /home/***/.local/lib/python3.12/site-packages/***/task/task_runner/standard_task_runner.py:70: DeprecationWarning: This process (pid=462) is multi-threaded, use of fork() may lead to deadlocks in the child.
  pid = os.fork()

[2024-11-19T12:49:37.958+0000] {standard_task_runner.py:72} INFO - Started process 464 to run task
[2024-11-19T12:49:37.960+0000] {standard_task_runner.py:104} INFO - Running: ['***', 'tasks', 'run', 'hello_world_dag', 'choose_best_model', 'manual__2024-11-19T12:49:21.011619+00:00', '--job-id', '45', '--raw', '--subdir', 'DAGS_FOLDER/hello_world_dag.py', '--cfg-path', '/tmp/tmpk2md4wma']
[2024-11-19T12:49:37.962+0000] {standard_task_runner.py:105} INFO - Job 45: Subtask choose_best_model
[2024-11-19T12:49:38.370+0000] {task_command.py:467} INFO - Running <TaskInstance: hello_world_dag.choose_best_model manual__2024-11-19T12:49:21.011619+00:00 [running]> on host e14bbb8637e8
[2024-11-19T12:49:38.515+0000] {taskinstance.py:3132} INFO - Exporting env vars: AIRFLOW_CTX_DAG_OWNER='***' AIRFLOW_CTX_DAG_ID='hello_world_dag' AIRFLOW_CTX_TASK_ID='choose_best_model' AIRFLOW_CTX_EXECUTION_DATE='2024-11-19T12:49:21.011619+00:00' AIRFLOW_CTX_TRY_NUMBER='1' AIRFLOW_CTX_DAG_RUN_ID='manual__2024-11-19T12:49:21.011619+00:00'
[2024-11-19T12:49:38.519+0000] {logging_mixin.py:190} INFO - Task instance is in running state
[2024-11-19T12:49:38.519+0000] {logging_mixin.py:190} INFO -  Previous state of the Task instance: queued
[2024-11-19T12:49:38.520+0000] {logging_mixin.py:190} INFO - Current task name:choose_best_model state:running start_date:2024-11-19 12:49:37.903849+00:00
[2024-11-19T12:49:38.521+0000] {logging_mixin.py:190} INFO - Dag name:hello_world_dag and current dag run status:running
[2024-11-19T12:49:38.521+0000] {taskinstance.py:731} INFO - ::endgroup::
[2024-11-19T12:49:38.522+0000] {baseoperator.py:416} WARNING - BranchPythonOperator.execute cannot be called outside TaskInstance!
[2024-11-19T12:49:38.538+0000] {python.py:240} INFO - Done. Returned value was: accurate
[2024-11-19T12:49:38.539+0000] {branch.py:38} INFO - Branch into accurate
[2024-11-19T12:49:38.540+0000] {skipmixin.py:230} INFO - Following branch ('accurate',)
[2024-11-19T12:49:38.547+0000] {skipmixin.py:278} INFO - Skipping tasks [('inaccurate', -1)]
[2024-11-19T12:49:38.601+0000] {taskinstance.py:340} INFO - ::group::Post task execution logs
[2024-11-19T12:49:38.602+0000] {taskinstance.py:352} INFO - Marking task as SUCCESS. dag_id=hello_world_dag, task_id=choose_best_model, run_id=manual__2024-11-19T12:49:21.011619+00:00, execution_date=20241119T124921, start_date=20241119T124937, end_date=20241119T124938
[2024-11-19T12:49:38.630+0000] {logging_mixin.py:190} INFO - Task instance in success state
[2024-11-19T12:49:38.631+0000] {logging_mixin.py:190} INFO -  Previous state of the Task instance: running
[2024-11-19T12:49:38.631+0000] {logging_mixin.py:190} INFO - Dag name:hello_world_dag queued_at:2024-11-19 12:49:22.240381+00:00
[2024-11-19T12:49:38.632+0000] {logging_mixin.py:190} INFO - Task hostname:e14bbb8637e8 operator:BranchPythonOperator
[2024-11-19T12:49:38.656+0000] {local_task_job_runner.py:266} INFO - Task exited with return code 0
[2024-11-19T12:49:38.893+0000] {taskinstance.py:3895} INFO - 1 downstream tasks scheduled from follow-on schedule check
[2024-11-19T12:49:38.903+0000] {local_task_job_runner.py:245} INFO - ::endgroup::
