[2024-11-19T12:49:29.937+0000] {local_task_job_runner.py:123} INFO - ::group::Pre task execution logs
[2024-11-19T12:49:29.990+0000] {taskinstance.py:2613} INFO - Dependencies all met for dep_context=non-requeueable deps ti=<TaskInstance: hello_world_dag.training_model_A manual__2024-11-19T12:49:21.011619+00:00 [queued]>
[2024-11-19T12:49:30.017+0000] {taskinstance.py:2613} INFO - Dependencies all met for dep_context=requeueable deps ti=<TaskInstance: hello_world_dag.training_model_A manual__2024-11-19T12:49:21.011619+00:00 [queued]>
[2024-11-19T12:49:30.019+0000] {taskinstance.py:2866} INFO - Starting attempt 1 of 1
[2024-11-19T12:49:30.135+0000] {taskinstance.py:2889} INFO - Executing <Task(PythonOperator): training_model_A> on 2024-11-19 12:49:21.011619+00:00
[2024-11-19T12:49:30.183+0000] {warnings.py:112} WARNING - /home/***/.local/lib/python3.12/site-packages/***/task/task_runner/standard_task_runner.py:70: DeprecationWarning: This process (pid=450) is multi-threaded, use of fork() may lead to deadlocks in the child.
  pid = os.fork()

[2024-11-19T12:49:30.191+0000] {standard_task_runner.py:72} INFO - Started process 456 to run task
[2024-11-19T12:49:30.184+0000] {standard_task_runner.py:104} INFO - Running: ['***', 'tasks', 'run', 'hello_world_dag', 'training_model_A', 'manual__2024-11-19T12:49:21.011619+00:00', '--job-id', '42', '--raw', '--subdir', 'DAGS_FOLDER/hello_world_dag.py', '--cfg-path', '/tmp/tmp46wiqdk6']
[2024-11-19T12:49:30.198+0000] {standard_task_runner.py:105} INFO - Job 42: Subtask training_model_A
[2024-11-19T12:49:31.244+0000] {task_command.py:467} INFO - Running <TaskInstance: hello_world_dag.training_model_A manual__2024-11-19T12:49:21.011619+00:00 [running]> on host e14bbb8637e8
[2024-11-19T12:49:31.883+0000] {taskinstance.py:3132} INFO - Exporting env vars: AIRFLOW_CTX_DAG_OWNER='***' AIRFLOW_CTX_DAG_ID='hello_world_dag' AIRFLOW_CTX_TASK_ID='training_model_A' AIRFLOW_CTX_EXECUTION_DATE='2024-11-19T12:49:21.011619+00:00' AIRFLOW_CTX_TRY_NUMBER='1' AIRFLOW_CTX_DAG_RUN_ID='manual__2024-11-19T12:49:21.011619+00:00'
[2024-11-19T12:49:31.884+0000] {logging_mixin.py:190} INFO - Task instance is in running state
[2024-11-19T12:49:31.885+0000] {logging_mixin.py:190} INFO -  Previous state of the Task instance: queued
[2024-11-19T12:49:31.885+0000] {logging_mixin.py:190} INFO - Current task name:training_model_A state:running start_date:2024-11-19 12:49:29.991123+00:00
[2024-11-19T12:49:31.885+0000] {logging_mixin.py:190} INFO - Dag name:hello_world_dag and current dag run status:running
[2024-11-19T12:49:31.885+0000] {taskinstance.py:731} INFO - ::endgroup::
[2024-11-19T12:49:31.886+0000] {python.py:240} INFO - Done. Returned value was: 1
[2024-11-19T12:49:32.068+0000] {taskinstance.py:340} INFO - ::group::Post task execution logs
[2024-11-19T12:49:32.068+0000] {taskinstance.py:352} INFO - Marking task as SUCCESS. dag_id=hello_world_dag, task_id=training_model_A, run_id=manual__2024-11-19T12:49:21.011619+00:00, execution_date=20241119T124921, start_date=20241119T124929, end_date=20241119T124932
[2024-11-19T12:49:32.135+0000] {logging_mixin.py:190} INFO - Task instance in success state
[2024-11-19T12:49:32.136+0000] {logging_mixin.py:190} INFO -  Previous state of the Task instance: running
[2024-11-19T12:49:32.141+0000] {logging_mixin.py:190} INFO - Dag name:hello_world_dag queued_at:2024-11-19 12:49:22.240381+00:00
[2024-11-19T12:49:32.148+0000] {logging_mixin.py:190} INFO - Task hostname:e14bbb8637e8 operator:PythonOperator
[2024-11-19T12:49:32.325+0000] {local_task_job_runner.py:266} INFO - Task exited with return code 0
[2024-11-19T12:49:33.038+0000] {local_task_job_runner.py:245} INFO - ::endgroup::
