[2024-11-21T12:10:44.323+0000] {local_task_job_runner.py:123} INFO - ::group::Pre task execution logs
[2024-11-21T12:10:44.396+0000] {taskinstance.py:2613} INFO - Dependencies all met for dep_context=non-requeueable deps ti=<TaskInstance: hello_world_dag.training_model_B scheduled__2024-11-20T00:00:00+00:00 [queued]>
[2024-11-21T12:10:44.600+0000] {taskinstance.py:2613} INFO - Dependencies all met for dep_context=requeueable deps ti=<TaskInstance: hello_world_dag.training_model_B scheduled__2024-11-20T00:00:00+00:00 [queued]>
[2024-11-21T12:10:44.601+0000] {taskinstance.py:2866} INFO - Starting attempt 1 of 1
[2024-11-21T12:10:45.367+0000] {taskinstance.py:2889} INFO - Executing <Task(PythonOperator): training_model_B> on 2024-11-20 00:00:00+00:00
[2024-11-21T12:10:45.625+0000] {warnings.py:112} WARNING - /home/***/.local/lib/python3.12/site-packages/***/task/task_runner/standard_task_runner.py:70: DeprecationWarning: This process (pid=77) is multi-threaded, use of fork() may lead to deadlocks in the child.
  pid = os.fork()

[2024-11-21T12:10:45.638+0000] {standard_task_runner.py:72} INFO - Started process 90 to run task
[2024-11-21T12:10:45.682+0000] {standard_task_runner.py:104} INFO - Running: ['***', 'tasks', 'run', 'hello_world_dag', 'training_model_B', 'scheduled__2024-11-20T00:00:00+00:00', '--job-id', '50', '--raw', '--subdir', 'DAGS_FOLDER/hello_world_dag.py', '--cfg-path', '/tmp/tmpsu3l63qw']
[2024-11-21T12:10:45.736+0000] {standard_task_runner.py:105} INFO - Job 50: Subtask training_model_B
[2024-11-21T12:10:49.613+0000] {task_command.py:467} INFO - Running <TaskInstance: hello_world_dag.training_model_B scheduled__2024-11-20T00:00:00+00:00 [running]> on host e14bbb8637e8
[2024-11-21T12:10:50.761+0000] {taskinstance.py:3132} INFO - Exporting env vars: AIRFLOW_CTX_DAG_OWNER='***' AIRFLOW_CTX_DAG_ID='hello_world_dag' AIRFLOW_CTX_TASK_ID='training_model_B' AIRFLOW_CTX_EXECUTION_DATE='2024-11-20T00:00:00+00:00' AIRFLOW_CTX_TRY_NUMBER='1' AIRFLOW_CTX_DAG_RUN_ID='scheduled__2024-11-20T00:00:00+00:00'
[2024-11-21T12:10:50.764+0000] {logging_mixin.py:190} INFO - Task instance is in running state
[2024-11-21T12:10:50.768+0000] {logging_mixin.py:190} INFO -  Previous state of the Task instance: queued
[2024-11-21T12:10:50.768+0000] {logging_mixin.py:190} INFO - Current task name:training_model_B state:running start_date:2024-11-21 12:10:44.419850+00:00
[2024-11-21T12:10:50.769+0000] {logging_mixin.py:190} INFO - Dag name:hello_world_dag and current dag run status:running
[2024-11-21T12:10:50.769+0000] {taskinstance.py:731} INFO - ::endgroup::
[2024-11-21T12:10:50.770+0000] {python.py:240} INFO - Done. Returned value was: 2
[2024-11-21T12:10:51.081+0000] {taskinstance.py:340} INFO - ::group::Post task execution logs
[2024-11-21T12:10:51.083+0000] {taskinstance.py:352} INFO - Marking task as SUCCESS. dag_id=hello_world_dag, task_id=training_model_B, run_id=scheduled__2024-11-20T00:00:00+00:00, execution_date=20241120T000000, start_date=20241121T121044, end_date=20241121T121051
[2024-11-21T12:10:51.130+0000] {logging_mixin.py:190} INFO - Task instance in success state
[2024-11-21T12:10:51.131+0000] {logging_mixin.py:190} INFO -  Previous state of the Task instance: running
[2024-11-21T12:10:51.132+0000] {logging_mixin.py:190} INFO - Dag name:hello_world_dag queued_at:2024-11-21 12:09:50.298752+00:00
[2024-11-21T12:10:51.147+0000] {logging_mixin.py:190} INFO - Task hostname:e14bbb8637e8 operator:PythonOperator
[2024-11-21T12:10:54.220+0000] {job.py:229} INFO - Heartbeat recovered after 10.88 seconds
[2024-11-21T12:10:54.291+0000] {local_task_job_runner.py:266} INFO - Task exited with return code 0
[2024-11-21T12:10:54.382+0000] {taskinstance.py:3895} INFO - 0 downstream tasks scheduled from follow-on schedule check
[2024-11-21T12:10:54.433+0000] {local_task_job_runner.py:245} INFO - ::endgroup::
