[2024-11-18T19:03:27.318+0000] {local_task_job_runner.py:123} INFO - ::group::Pre task execution logs
[2024-11-18T19:03:28.446+0000] {taskinstance.py:2613} INFO - Dependencies all met for dep_context=non-requeueable deps ti=<TaskInstance: hello_world_dag.training_model_C scheduled__2024-11-17T00:00:00+00:00 [queued]>
[2024-11-18T19:03:29.027+0000] {taskinstance.py:2613} INFO - Dependencies all met for dep_context=requeueable deps ti=<TaskInstance: hello_world_dag.training_model_C scheduled__2024-11-17T00:00:00+00:00 [queued]>
[2024-11-18T19:03:29.056+0000] {taskinstance.py:2866} INFO - Starting attempt 1 of 1
[2024-11-18T19:03:29.628+0000] {taskinstance.py:2889} INFO - Executing <Task(PythonOperator): training_model_C> on 2024-11-17 00:00:00+00:00
[2024-11-18T19:03:30.072+0000] {warnings.py:112} WARNING - /home/***/.local/lib/python3.12/site-packages/***/task/task_runner/standard_task_runner.py:70: DeprecationWarning: This process (pid=74) is multi-threaded, use of fork() may lead to deadlocks in the child.
  pid = os.fork()

[2024-11-18T19:03:30.108+0000] {standard_task_runner.py:72} INFO - Started process 108 to run task
[2024-11-18T19:03:30.097+0000] {standard_task_runner.py:104} INFO - Running: ['***', 'tasks', 'run', 'hello_world_dag', 'training_model_C', 'scheduled__2024-11-17T00:00:00+00:00', '--job-id', '26', '--raw', '--subdir', 'DAGS_FOLDER/hello_world_dag.py', '--cfg-path', '/tmp/tmpe4pe1hls']
[2024-11-18T19:03:30.112+0000] {standard_task_runner.py:105} INFO - Job 26: Subtask training_model_C
[2024-11-18T19:04:13.605+0000] {task_command.py:467} INFO - Running <TaskInstance: hello_world_dag.training_model_C scheduled__2024-11-17T00:00:00+00:00 [running]> on host e14bbb8637e8
[2024-11-18T19:04:17.871+0000] {taskinstance.py:3132} INFO - Exporting env vars: AIRFLOW_CTX_DAG_OWNER='***' AIRFLOW_CTX_DAG_ID='hello_world_dag' AIRFLOW_CTX_TASK_ID='training_model_C' AIRFLOW_CTX_EXECUTION_DATE='2024-11-17T00:00:00+00:00' AIRFLOW_CTX_TRY_NUMBER='1' AIRFLOW_CTX_DAG_RUN_ID='scheduled__2024-11-17T00:00:00+00:00'
[2024-11-18T19:04:17.872+0000] {logging_mixin.py:190} INFO - Task instance is in running state
[2024-11-18T19:04:17.872+0000] {logging_mixin.py:190} INFO -  Previous state of the Task instance: queued
[2024-11-18T19:04:17.872+0000] {logging_mixin.py:190} INFO - Current task name:training_model_C state:running start_date:2024-11-18 19:03:28.533995+00:00
[2024-11-18T19:04:17.873+0000] {logging_mixin.py:190} INFO - Dag name:hello_world_dag and current dag run status:running
[2024-11-18T19:04:17.873+0000] {taskinstance.py:731} INFO - ::endgroup::
[2024-11-18T19:04:17.873+0000] {python.py:240} INFO - Done. Returned value was: 10
[2024-11-18T19:04:18.629+0000] {taskinstance.py:340} INFO - ::group::Post task execution logs
[2024-11-18T19:04:18.687+0000] {taskinstance.py:352} INFO - Marking task as SUCCESS. dag_id=hello_world_dag, task_id=training_model_C, run_id=scheduled__2024-11-17T00:00:00+00:00, execution_date=20241117T000000, start_date=20241118T190328, end_date=20241118T190418
[2024-11-18T19:04:19.064+0000] {logging_mixin.py:190} INFO - Task instance in success state
[2024-11-18T19:04:19.064+0000] {logging_mixin.py:190} INFO -  Previous state of the Task instance: running
[2024-11-18T19:04:19.065+0000] {logging_mixin.py:190} INFO - Dag name:hello_world_dag queued_at:2024-11-18 19:02:07.063165+00:00
[2024-11-18T19:04:19.153+0000] {logging_mixin.py:190} INFO - Task hostname:e14bbb8637e8 operator:PythonOperator
[2024-11-18T19:04:20.157+0000] {job.py:229} INFO - Heartbeat recovered after 54.35 seconds
[2024-11-18T19:04:20.217+0000] {local_task_job_runner.py:266} INFO - Task exited with return code 0
[2024-11-18T19:04:20.403+0000] {local_task_job_runner.py:245} INFO - ::endgroup::
