[2024-11-21T12:10:44.484+0000] {local_task_job_runner.py:123} INFO - ::group::Pre task execution logs
[2024-11-21T12:10:44.750+0000] {taskinstance.py:2613} INFO - Dependencies all met for dep_context=non-requeueable deps ti=<TaskInstance: hello_world_dag.training_model_A scheduled__2024-11-20T00:00:00+00:00 [queued]>
[2024-11-21T12:10:44.847+0000] {taskinstance.py:2613} INFO - Dependencies all met for dep_context=requeueable deps ti=<TaskInstance: hello_world_dag.training_model_A scheduled__2024-11-20T00:00:00+00:00 [queued]>
[2024-11-21T12:10:44.863+0000] {taskinstance.py:2866} INFO - Starting attempt 1 of 1
[2024-11-21T12:10:45.452+0000] {taskinstance.py:2889} INFO - Executing <Task(PythonOperator): training_model_A> on 2024-11-20 00:00:00+00:00
[2024-11-21T12:10:45.585+0000] {warnings.py:112} WARNING - /home/***/.local/lib/python3.12/site-packages/***/task/task_runner/standard_task_runner.py:70: DeprecationWarning: This process (pid=74) is multi-threaded, use of fork() may lead to deadlocks in the child.
  pid = os.fork()

[2024-11-21T12:10:45.617+0000] {standard_task_runner.py:72} INFO - Started process 87 to run task
[2024-11-21T12:10:45.657+0000] {standard_task_runner.py:104} INFO - Running: ['***', 'tasks', 'run', 'hello_world_dag', 'training_model_A', 'scheduled__2024-11-20T00:00:00+00:00', '--job-id', '52', '--raw', '--subdir', 'DAGS_FOLDER/hello_world_dag.py', '--cfg-path', '/tmp/tmp53bafyd_']
[2024-11-21T12:10:45.706+0000] {standard_task_runner.py:105} INFO - Job 52: Subtask training_model_A
[2024-11-21T12:10:49.956+0000] {task_command.py:467} INFO - Running <TaskInstance: hello_world_dag.training_model_A scheduled__2024-11-20T00:00:00+00:00 [running]> on host e14bbb8637e8
[2024-11-21T12:10:51.903+0000] {taskinstance.py:3132} INFO - Exporting env vars: AIRFLOW_CTX_DAG_OWNER='***' AIRFLOW_CTX_DAG_ID='hello_world_dag' AIRFLOW_CTX_TASK_ID='training_model_A' AIRFLOW_CTX_EXECUTION_DATE='2024-11-20T00:00:00+00:00' AIRFLOW_CTX_TRY_NUMBER='1' AIRFLOW_CTX_DAG_RUN_ID='scheduled__2024-11-20T00:00:00+00:00'
[2024-11-21T12:10:51.933+0000] {logging_mixin.py:190} INFO - Task instance is in running state
[2024-11-21T12:10:51.933+0000] {logging_mixin.py:190} INFO -  Previous state of the Task instance: queued
[2024-11-21T12:10:51.934+0000] {logging_mixin.py:190} INFO - Current task name:training_model_A state:running start_date:2024-11-21 12:10:44.771799+00:00
[2024-11-21T12:10:51.988+0000] {logging_mixin.py:190} INFO - Dag name:hello_world_dag and current dag run status:running
[2024-11-21T12:10:51.988+0000] {taskinstance.py:731} INFO - ::endgroup::
[2024-11-21T12:10:51.989+0000] {python.py:240} INFO - Done. Returned value was: 1
[2024-11-21T12:10:52.356+0000] {taskinstance.py:340} INFO - ::group::Post task execution logs
[2024-11-21T12:10:52.409+0000] {taskinstance.py:352} INFO - Marking task as SUCCESS. dag_id=hello_world_dag, task_id=training_model_A, run_id=scheduled__2024-11-20T00:00:00+00:00, execution_date=20241120T000000, start_date=20241121T121044, end_date=20241121T121052
[2024-11-21T12:10:52.557+0000] {logging_mixin.py:190} INFO - Task instance in success state
[2024-11-21T12:10:52.557+0000] {logging_mixin.py:190} INFO -  Previous state of the Task instance: running
[2024-11-21T12:10:52.558+0000] {logging_mixin.py:190} INFO - Dag name:hello_world_dag queued_at:2024-11-21 12:09:50.298752+00:00
[2024-11-21T12:10:52.558+0000] {logging_mixin.py:190} INFO - Task hostname:e14bbb8637e8 operator:PythonOperator
[2024-11-21T12:10:52.708+0000] {local_task_job_runner.py:266} INFO - Task exited with return code 0
[2024-11-21T12:10:52.998+0000] {taskinstance.py:3895} INFO - 1 downstream tasks scheduled from follow-on schedule check
[2024-11-21T12:10:53.275+0000] {local_task_job_runner.py:245} INFO - ::endgroup::
