[2024-11-19T12:49:41.585+0000] {local_task_job_runner.py:123} INFO - ::group::Pre task execution logs
[2024-11-19T12:49:41.614+0000] {taskinstance.py:2613} INFO - Dependencies all met for dep_context=non-requeueable deps ti=<TaskInstance: hello_world_dag.accurate manual__2024-11-19T12:49:21.011619+00:00 [queued]>
[2024-11-19T12:49:41.626+0000] {taskinstance.py:2613} INFO - Dependencies all met for dep_context=requeueable deps ti=<TaskInstance: hello_world_dag.accurate manual__2024-11-19T12:49:21.011619+00:00 [queued]>
[2024-11-19T12:49:41.626+0000] {taskinstance.py:2866} INFO - Starting attempt 1 of 1
[2024-11-19T12:49:41.835+0000] {taskinstance.py:2889} INFO - Executing <Task(BashOperator): accurate> on 2024-11-19 12:49:21.011619+00:00
[2024-11-19T12:49:41.847+0000] {warnings.py:112} WARNING - /home/***/.local/lib/python3.12/site-packages/***/task/task_runner/standard_task_runner.py:70: DeprecationWarning: This process (pid=466) is multi-threaded, use of fork() may lead to deadlocks in the child.
  pid = os.fork()

[2024-11-19T12:49:41.849+0000] {standard_task_runner.py:72} INFO - Started process 468 to run task
[2024-11-19T12:49:41.853+0000] {standard_task_runner.py:104} INFO - Running: ['***', 'tasks', 'run', 'hello_world_dag', 'accurate', 'manual__2024-11-19T12:49:21.011619+00:00', '--job-id', '46', '--raw', '--subdir', 'DAGS_FOLDER/hello_world_dag.py', '--cfg-path', '/tmp/tmpr4vymefo']
[2024-11-19T12:49:41.858+0000] {standard_task_runner.py:105} INFO - Job 46: Subtask accurate
[2024-11-19T12:49:41.929+0000] {task_command.py:467} INFO - Running <TaskInstance: hello_world_dag.accurate manual__2024-11-19T12:49:21.011619+00:00 [running]> on host e14bbb8637e8
[2024-11-19T12:49:42.065+0000] {taskinstance.py:3132} INFO - Exporting env vars: AIRFLOW_CTX_DAG_OWNER='***' AIRFLOW_CTX_DAG_ID='hello_world_dag' AIRFLOW_CTX_TASK_ID='accurate' AIRFLOW_CTX_EXECUTION_DATE='2024-11-19T12:49:21.011619+00:00' AIRFLOW_CTX_TRY_NUMBER='1' AIRFLOW_CTX_DAG_RUN_ID='manual__2024-11-19T12:49:21.011619+00:00'
[2024-11-19T12:49:42.066+0000] {logging_mixin.py:190} INFO - Task instance is in running state
[2024-11-19T12:49:42.067+0000] {logging_mixin.py:190} INFO -  Previous state of the Task instance: queued
[2024-11-19T12:49:42.067+0000] {logging_mixin.py:190} INFO - Current task name:accurate state:running start_date:2024-11-19 12:49:41.614717+00:00
[2024-11-19T12:49:42.068+0000] {logging_mixin.py:190} INFO - Dag name:hello_world_dag and current dag run status:running
[2024-11-19T12:49:42.068+0000] {taskinstance.py:731} INFO - ::endgroup::
[2024-11-19T12:49:42.069+0000] {subprocess.py:78} INFO - Tmp dir root location: /tmp
[2024-11-19T12:49:42.070+0000] {subprocess.py:88} INFO - Running command: ['/usr/bin/bash', '-c', "echo 'accurate'"]
[2024-11-19T12:49:42.091+0000] {subprocess.py:99} INFO - Output:
[2024-11-19T12:49:42.097+0000] {subprocess.py:106} INFO - accurate
[2024-11-19T12:49:42.097+0000] {subprocess.py:110} INFO - Command exited with return code 0
[2024-11-19T12:49:42.126+0000] {taskinstance.py:340} INFO - ::group::Post task execution logs
[2024-11-19T12:49:42.127+0000] {taskinstance.py:352} INFO - Marking task as SUCCESS. dag_id=hello_world_dag, task_id=accurate, run_id=manual__2024-11-19T12:49:21.011619+00:00, execution_date=20241119T124921, start_date=20241119T124941, end_date=20241119T124942
[2024-11-19T12:49:42.141+0000] {logging_mixin.py:190} INFO - Task instance in success state
[2024-11-19T12:49:42.142+0000] {logging_mixin.py:190} INFO -  Previous state of the Task instance: running
[2024-11-19T12:49:42.142+0000] {logging_mixin.py:190} INFO - Dag name:hello_world_dag queued_at:2024-11-19 12:49:22.240381+00:00
[2024-11-19T12:49:42.143+0000] {logging_mixin.py:190} INFO - Task hostname:e14bbb8637e8 operator:BashOperator
[2024-11-19T12:49:42.190+0000] {local_task_job_runner.py:266} INFO - Task exited with return code 0
[2024-11-19T12:49:42.204+0000] {taskinstance.py:3895} INFO - 0 downstream tasks scheduled from follow-on schedule check
[2024-11-19T12:49:42.212+0000] {local_task_job_runner.py:245} INFO - ::endgroup::
