[2024-11-18T19:02:44.021+0000] {processor.py:186} INFO - Started process (PID=121) to work on /home/airflow/.local/lib/python3.12/site-packages/airflow/example_dags/example_branch_python_dop_operator_3.py
[2024-11-18T19:02:44.042+0000] {processor.py:914} INFO - Processing file /home/airflow/.local/lib/python3.12/site-packages/airflow/example_dags/example_branch_python_dop_operator_3.py for tasks to queue
[2024-11-18T19:02:44.044+0000] {logging_mixin.py:190} INFO - [2024-11-18T19:02:44.044+0000] {dagbag.py:588} INFO - Filling up the DagBag from /home/airflow/.local/lib/python3.12/site-packages/airflow/example_dags/example_branch_python_dop_operator_3.py
[2024-11-18T19:02:44.083+0000] {processor.py:925} INFO - DAG(s) 'example_branch_dop_operator_v3' retrieved from /home/airflow/.local/lib/python3.12/site-packages/airflow/example_dags/example_branch_python_dop_operator_3.py
[2024-11-18T19:02:44.131+0000] {logging_mixin.py:190} INFO - [2024-11-18T19:02:44.131+0000] {dag.py:3239} INFO - Sync 1 DAGs
[2024-11-18T19:02:44.214+0000] {logging_mixin.py:190} INFO - [2024-11-18T19:02:44.213+0000] {dag.py:4180} INFO - Setting next_dagrun for example_branch_dop_operator_v3 to 2024-11-18 19:01:00+00:00, run_after=2024-11-18 19:02:00+00:00
[2024-11-18T19:02:44.265+0000] {processor.py:208} INFO - Processing /home/airflow/.local/lib/python3.12/site-packages/airflow/example_dags/example_branch_python_dop_operator_3.py took 0.251 seconds
[2024-11-18T19:03:14.761+0000] {processor.py:186} INFO - Started process (PID=184) to work on /home/airflow/.local/lib/python3.12/site-packages/airflow/example_dags/example_branch_python_dop_operator_3.py
[2024-11-18T19:03:14.797+0000] {processor.py:914} INFO - Processing file /home/airflow/.local/lib/python3.12/site-packages/airflow/example_dags/example_branch_python_dop_operator_3.py for tasks to queue
[2024-11-18T19:03:14.799+0000] {logging_mixin.py:190} INFO - [2024-11-18T19:03:14.799+0000] {dagbag.py:588} INFO - Filling up the DagBag from /home/airflow/.local/lib/python3.12/site-packages/airflow/example_dags/example_branch_python_dop_operator_3.py
[2024-11-18T19:03:14.841+0000] {processor.py:925} INFO - DAG(s) 'example_branch_dop_operator_v3' retrieved from /home/airflow/.local/lib/python3.12/site-packages/airflow/example_dags/example_branch_python_dop_operator_3.py
[2024-11-18T19:03:15.082+0000] {logging_mixin.py:190} INFO - [2024-11-18T19:03:15.082+0000] {dag.py:3239} INFO - Sync 1 DAGs
[2024-11-18T19:03:15.170+0000] {logging_mixin.py:190} INFO - [2024-11-18T19:03:15.170+0000] {dag.py:4180} INFO - Setting next_dagrun for example_branch_dop_operator_v3 to 2024-11-18 19:02:00+00:00, run_after=2024-11-18 19:03:00+00:00
[2024-11-18T19:03:15.299+0000] {processor.py:208} INFO - Processing /home/airflow/.local/lib/python3.12/site-packages/airflow/example_dags/example_branch_python_dop_operator_3.py took 0.570 seconds
[2024-11-18T19:04:29.180+0000] {processor.py:186} INFO - Started process (PID=276) to work on /home/airflow/.local/lib/python3.12/site-packages/airflow/example_dags/example_branch_python_dop_operator_3.py
[2024-11-18T19:04:29.180+0000] {processor.py:914} INFO - Processing file /home/airflow/.local/lib/python3.12/site-packages/airflow/example_dags/example_branch_python_dop_operator_3.py for tasks to queue
[2024-11-18T19:04:29.185+0000] {logging_mixin.py:190} INFO - [2024-11-18T19:04:29.184+0000] {dagbag.py:588} INFO - Filling up the DagBag from /home/airflow/.local/lib/python3.12/site-packages/airflow/example_dags/example_branch_python_dop_operator_3.py
[2024-11-18T19:04:29.212+0000] {processor.py:925} INFO - DAG(s) 'example_branch_dop_operator_v3' retrieved from /home/airflow/.local/lib/python3.12/site-packages/airflow/example_dags/example_branch_python_dop_operator_3.py
[2024-11-18T19:04:29.249+0000] {logging_mixin.py:190} INFO - [2024-11-18T19:04:29.249+0000] {dag.py:3239} INFO - Sync 1 DAGs
[2024-11-18T19:04:29.353+0000] {logging_mixin.py:190} INFO - [2024-11-18T19:04:29.352+0000] {dag.py:4180} INFO - Setting next_dagrun for example_branch_dop_operator_v3 to 2024-11-18 19:03:00+00:00, run_after=2024-11-18 19:04:00+00:00
[2024-11-18T19:04:29.401+0000] {processor.py:208} INFO - Processing /home/airflow/.local/lib/python3.12/site-packages/airflow/example_dags/example_branch_python_dop_operator_3.py took 0.236 seconds
[2024-11-18T19:04:59.714+0000] {processor.py:186} INFO - Started process (PID=339) to work on /home/airflow/.local/lib/python3.12/site-packages/airflow/example_dags/example_branch_python_dop_operator_3.py
[2024-11-18T19:04:59.715+0000] {processor.py:914} INFO - Processing file /home/airflow/.local/lib/python3.12/site-packages/airflow/example_dags/example_branch_python_dop_operator_3.py for tasks to queue
[2024-11-18T19:04:59.717+0000] {logging_mixin.py:190} INFO - [2024-11-18T19:04:59.717+0000] {dagbag.py:588} INFO - Filling up the DagBag from /home/airflow/.local/lib/python3.12/site-packages/airflow/example_dags/example_branch_python_dop_operator_3.py
[2024-11-18T19:04:59.727+0000] {processor.py:925} INFO - DAG(s) 'example_branch_dop_operator_v3' retrieved from /home/airflow/.local/lib/python3.12/site-packages/airflow/example_dags/example_branch_python_dop_operator_3.py
[2024-11-18T19:04:59.748+0000] {logging_mixin.py:190} INFO - [2024-11-18T19:04:59.748+0000] {dag.py:3239} INFO - Sync 1 DAGs
[2024-11-18T19:04:59.779+0000] {logging_mixin.py:190} INFO - [2024-11-18T19:04:59.779+0000] {dag.py:4180} INFO - Setting next_dagrun for example_branch_dop_operator_v3 to 2024-11-18 19:03:00+00:00, run_after=2024-11-18 19:04:00+00:00
[2024-11-18T19:04:59.809+0000] {processor.py:208} INFO - Processing /home/airflow/.local/lib/python3.12/site-packages/airflow/example_dags/example_branch_python_dop_operator_3.py took 0.100 seconds
[2024-11-18T19:05:31.811+0000] {processor.py:186} INFO - Started process (PID=403) to work on /home/airflow/.local/lib/python3.12/site-packages/airflow/example_dags/example_branch_python_dop_operator_3.py
[2024-11-18T19:05:31.819+0000] {processor.py:914} INFO - Processing file /home/airflow/.local/lib/python3.12/site-packages/airflow/example_dags/example_branch_python_dop_operator_3.py for tasks to queue
[2024-11-18T19:05:31.821+0000] {logging_mixin.py:190} INFO - [2024-11-18T19:05:31.821+0000] {dagbag.py:588} INFO - Filling up the DagBag from /home/airflow/.local/lib/python3.12/site-packages/airflow/example_dags/example_branch_python_dop_operator_3.py
[2024-11-18T19:05:31.838+0000] {processor.py:925} INFO - DAG(s) 'example_branch_dop_operator_v3' retrieved from /home/airflow/.local/lib/python3.12/site-packages/airflow/example_dags/example_branch_python_dop_operator_3.py
[2024-11-18T19:05:31.890+0000] {logging_mixin.py:190} INFO - [2024-11-18T19:05:31.889+0000] {dag.py:3239} INFO - Sync 1 DAGs
[2024-11-18T19:05:31.962+0000] {logging_mixin.py:190} INFO - [2024-11-18T19:05:31.962+0000] {dag.py:4180} INFO - Setting next_dagrun for example_branch_dop_operator_v3 to 2024-11-18 19:04:00+00:00, run_after=2024-11-18 19:05:00+00:00
[2024-11-18T19:05:32.022+0000] {processor.py:208} INFO - Processing /home/airflow/.local/lib/python3.12/site-packages/airflow/example_dags/example_branch_python_dop_operator_3.py took 0.229 seconds
[2024-11-18T19:06:02.802+0000] {processor.py:186} INFO - Started process (PID=467) to work on /home/airflow/.local/lib/python3.12/site-packages/airflow/example_dags/example_branch_python_dop_operator_3.py
[2024-11-18T19:06:02.802+0000] {processor.py:914} INFO - Processing file /home/airflow/.local/lib/python3.12/site-packages/airflow/example_dags/example_branch_python_dop_operator_3.py for tasks to queue
[2024-11-18T19:06:02.805+0000] {logging_mixin.py:190} INFO - [2024-11-18T19:06:02.804+0000] {dagbag.py:588} INFO - Filling up the DagBag from /home/airflow/.local/lib/python3.12/site-packages/airflow/example_dags/example_branch_python_dop_operator_3.py
[2024-11-18T19:06:02.816+0000] {processor.py:925} INFO - DAG(s) 'example_branch_dop_operator_v3' retrieved from /home/airflow/.local/lib/python3.12/site-packages/airflow/example_dags/example_branch_python_dop_operator_3.py
[2024-11-18T19:06:02.852+0000] {logging_mixin.py:190} INFO - [2024-11-18T19:06:02.852+0000] {dag.py:3239} INFO - Sync 1 DAGs
[2024-11-18T19:06:02.914+0000] {logging_mixin.py:190} INFO - [2024-11-18T19:06:02.914+0000] {dag.py:4180} INFO - Setting next_dagrun for example_branch_dop_operator_v3 to 2024-11-18 19:05:00+00:00, run_after=2024-11-18 19:06:00+00:00
[2024-11-18T19:06:03.005+0000] {processor.py:208} INFO - Processing /home/airflow/.local/lib/python3.12/site-packages/airflow/example_dags/example_branch_python_dop_operator_3.py took 0.210 seconds
[2024-11-18T19:06:33.265+0000] {processor.py:186} INFO - Started process (PID=530) to work on /home/airflow/.local/lib/python3.12/site-packages/airflow/example_dags/example_branch_python_dop_operator_3.py
[2024-11-18T19:06:33.266+0000] {processor.py:914} INFO - Processing file /home/airflow/.local/lib/python3.12/site-packages/airflow/example_dags/example_branch_python_dop_operator_3.py for tasks to queue
[2024-11-18T19:06:33.268+0000] {logging_mixin.py:190} INFO - [2024-11-18T19:06:33.268+0000] {dagbag.py:588} INFO - Filling up the DagBag from /home/airflow/.local/lib/python3.12/site-packages/airflow/example_dags/example_branch_python_dop_operator_3.py
[2024-11-18T19:06:33.279+0000] {processor.py:925} INFO - DAG(s) 'example_branch_dop_operator_v3' retrieved from /home/airflow/.local/lib/python3.12/site-packages/airflow/example_dags/example_branch_python_dop_operator_3.py
[2024-11-18T19:06:33.317+0000] {logging_mixin.py:190} INFO - [2024-11-18T19:06:33.317+0000] {dag.py:3239} INFO - Sync 1 DAGs
[2024-11-18T19:06:33.349+0000] {logging_mixin.py:190} INFO - [2024-11-18T19:06:33.349+0000] {dag.py:4180} INFO - Setting next_dagrun for example_branch_dop_operator_v3 to 2024-11-18 19:05:00+00:00, run_after=2024-11-18 19:06:00+00:00
[2024-11-18T19:06:33.375+0000] {processor.py:208} INFO - Processing /home/airflow/.local/lib/python3.12/site-packages/airflow/example_dags/example_branch_python_dop_operator_3.py took 0.115 seconds
[2024-11-18T19:07:03.820+0000] {processor.py:186} INFO - Started process (PID=594) to work on /home/airflow/.local/lib/python3.12/site-packages/airflow/example_dags/example_branch_python_dop_operator_3.py
[2024-11-18T19:07:03.821+0000] {processor.py:914} INFO - Processing file /home/airflow/.local/lib/python3.12/site-packages/airflow/example_dags/example_branch_python_dop_operator_3.py for tasks to queue
[2024-11-18T19:07:03.823+0000] {logging_mixin.py:190} INFO - [2024-11-18T19:07:03.823+0000] {dagbag.py:588} INFO - Filling up the DagBag from /home/airflow/.local/lib/python3.12/site-packages/airflow/example_dags/example_branch_python_dop_operator_3.py
[2024-11-18T19:07:03.833+0000] {processor.py:925} INFO - DAG(s) 'example_branch_dop_operator_v3' retrieved from /home/airflow/.local/lib/python3.12/site-packages/airflow/example_dags/example_branch_python_dop_operator_3.py
[2024-11-18T19:07:03.853+0000] {logging_mixin.py:190} INFO - [2024-11-18T19:07:03.853+0000] {dag.py:3239} INFO - Sync 1 DAGs
[2024-11-18T19:07:03.882+0000] {logging_mixin.py:190} INFO - [2024-11-18T19:07:03.882+0000] {dag.py:4180} INFO - Setting next_dagrun for example_branch_dop_operator_v3 to 2024-11-18 19:06:00+00:00, run_after=2024-11-18 19:07:00+00:00
[2024-11-18T19:07:03.911+0000] {processor.py:208} INFO - Processing /home/airflow/.local/lib/python3.12/site-packages/airflow/example_dags/example_branch_python_dop_operator_3.py took 0.096 seconds
[2024-11-18T19:07:34.079+0000] {processor.py:186} INFO - Started process (PID=658) to work on /home/airflow/.local/lib/python3.12/site-packages/airflow/example_dags/example_branch_python_dop_operator_3.py
[2024-11-18T19:07:34.080+0000] {processor.py:914} INFO - Processing file /home/airflow/.local/lib/python3.12/site-packages/airflow/example_dags/example_branch_python_dop_operator_3.py for tasks to queue
[2024-11-18T19:07:34.082+0000] {logging_mixin.py:190} INFO - [2024-11-18T19:07:34.081+0000] {dagbag.py:588} INFO - Filling up the DagBag from /home/airflow/.local/lib/python3.12/site-packages/airflow/example_dags/example_branch_python_dop_operator_3.py
[2024-11-18T19:07:34.093+0000] {processor.py:925} INFO - DAG(s) 'example_branch_dop_operator_v3' retrieved from /home/airflow/.local/lib/python3.12/site-packages/airflow/example_dags/example_branch_python_dop_operator_3.py
[2024-11-18T19:07:34.114+0000] {logging_mixin.py:190} INFO - [2024-11-18T19:07:34.114+0000] {dag.py:3239} INFO - Sync 1 DAGs
[2024-11-18T19:07:34.144+0000] {logging_mixin.py:190} INFO - [2024-11-18T19:07:34.144+0000] {dag.py:4180} INFO - Setting next_dagrun for example_branch_dop_operator_v3 to 2024-11-18 19:06:00+00:00, run_after=2024-11-18 19:07:00+00:00
[2024-11-18T19:07:34.174+0000] {processor.py:208} INFO - Processing /home/airflow/.local/lib/python3.12/site-packages/airflow/example_dags/example_branch_python_dop_operator_3.py took 0.101 seconds
[2024-11-18T19:08:04.221+0000] {processor.py:186} INFO - Started process (PID=723) to work on /home/airflow/.local/lib/python3.12/site-packages/airflow/example_dags/example_branch_python_dop_operator_3.py
[2024-11-18T19:08:04.222+0000] {processor.py:914} INFO - Processing file /home/airflow/.local/lib/python3.12/site-packages/airflow/example_dags/example_branch_python_dop_operator_3.py for tasks to queue
[2024-11-18T19:08:04.224+0000] {logging_mixin.py:190} INFO - [2024-11-18T19:08:04.223+0000] {dagbag.py:588} INFO - Filling up the DagBag from /home/airflow/.local/lib/python3.12/site-packages/airflow/example_dags/example_branch_python_dop_operator_3.py
[2024-11-18T19:08:04.235+0000] {processor.py:925} INFO - DAG(s) 'example_branch_dop_operator_v3' retrieved from /home/airflow/.local/lib/python3.12/site-packages/airflow/example_dags/example_branch_python_dop_operator_3.py
[2024-11-18T19:08:04.255+0000] {logging_mixin.py:190} INFO - [2024-11-18T19:08:04.255+0000] {dag.py:3239} INFO - Sync 1 DAGs
[2024-11-18T19:08:04.283+0000] {logging_mixin.py:190} INFO - [2024-11-18T19:08:04.282+0000] {dag.py:4180} INFO - Setting next_dagrun for example_branch_dop_operator_v3 to 2024-11-18 19:07:00+00:00, run_after=2024-11-18 19:08:00+00:00
[2024-11-18T19:08:04.306+0000] {processor.py:208} INFO - Processing /home/airflow/.local/lib/python3.12/site-packages/airflow/example_dags/example_branch_python_dop_operator_3.py took 0.091 seconds
[2024-11-18T19:08:35.523+0000] {processor.py:186} INFO - Started process (PID=788) to work on /home/airflow/.local/lib/python3.12/site-packages/airflow/example_dags/example_branch_python_dop_operator_3.py
[2024-11-18T19:08:35.524+0000] {processor.py:914} INFO - Processing file /home/airflow/.local/lib/python3.12/site-packages/airflow/example_dags/example_branch_python_dop_operator_3.py for tasks to queue
[2024-11-18T19:08:35.526+0000] {logging_mixin.py:190} INFO - [2024-11-18T19:08:35.526+0000] {dagbag.py:588} INFO - Filling up the DagBag from /home/airflow/.local/lib/python3.12/site-packages/airflow/example_dags/example_branch_python_dop_operator_3.py
[2024-11-18T19:08:35.542+0000] {processor.py:925} INFO - DAG(s) 'example_branch_dop_operator_v3' retrieved from /home/airflow/.local/lib/python3.12/site-packages/airflow/example_dags/example_branch_python_dop_operator_3.py
[2024-11-18T19:08:35.562+0000] {logging_mixin.py:190} INFO - [2024-11-18T19:08:35.561+0000] {dag.py:3239} INFO - Sync 1 DAGs
[2024-11-18T19:08:35.589+0000] {logging_mixin.py:190} INFO - [2024-11-18T19:08:35.589+0000] {dag.py:4180} INFO - Setting next_dagrun for example_branch_dop_operator_v3 to 2024-11-18 19:07:00+00:00, run_after=2024-11-18 19:08:00+00:00
[2024-11-18T19:08:35.611+0000] {processor.py:208} INFO - Processing /home/airflow/.local/lib/python3.12/site-packages/airflow/example_dags/example_branch_python_dop_operator_3.py took 0.101 seconds
[2024-11-18T19:09:05.941+0000] {processor.py:186} INFO - Started process (PID=851) to work on /home/airflow/.local/lib/python3.12/site-packages/airflow/example_dags/example_branch_python_dop_operator_3.py
[2024-11-18T19:09:05.941+0000] {processor.py:914} INFO - Processing file /home/airflow/.local/lib/python3.12/site-packages/airflow/example_dags/example_branch_python_dop_operator_3.py for tasks to queue
[2024-11-18T19:09:05.943+0000] {logging_mixin.py:190} INFO - [2024-11-18T19:09:05.943+0000] {dagbag.py:588} INFO - Filling up the DagBag from /home/airflow/.local/lib/python3.12/site-packages/airflow/example_dags/example_branch_python_dop_operator_3.py
[2024-11-18T19:09:05.954+0000] {processor.py:925} INFO - DAG(s) 'example_branch_dop_operator_v3' retrieved from /home/airflow/.local/lib/python3.12/site-packages/airflow/example_dags/example_branch_python_dop_operator_3.py
[2024-11-18T19:09:05.973+0000] {logging_mixin.py:190} INFO - [2024-11-18T19:09:05.973+0000] {dag.py:3239} INFO - Sync 1 DAGs
[2024-11-18T19:09:06.003+0000] {logging_mixin.py:190} INFO - [2024-11-18T19:09:06.003+0000] {dag.py:4180} INFO - Setting next_dagrun for example_branch_dop_operator_v3 to 2024-11-18 19:08:00+00:00, run_after=2024-11-18 19:09:00+00:00
[2024-11-18T19:09:06.028+0000] {processor.py:208} INFO - Processing /home/airflow/.local/lib/python3.12/site-packages/airflow/example_dags/example_branch_python_dop_operator_3.py took 0.094 seconds
[2024-11-18T19:09:36.310+0000] {processor.py:186} INFO - Started process (PID=915) to work on /home/airflow/.local/lib/python3.12/site-packages/airflow/example_dags/example_branch_python_dop_operator_3.py
[2024-11-18T19:09:36.311+0000] {processor.py:914} INFO - Processing file /home/airflow/.local/lib/python3.12/site-packages/airflow/example_dags/example_branch_python_dop_operator_3.py for tasks to queue
[2024-11-18T19:09:36.313+0000] {logging_mixin.py:190} INFO - [2024-11-18T19:09:36.313+0000] {dagbag.py:588} INFO - Filling up the DagBag from /home/airflow/.local/lib/python3.12/site-packages/airflow/example_dags/example_branch_python_dop_operator_3.py
[2024-11-18T19:09:36.323+0000] {processor.py:925} INFO - DAG(s) 'example_branch_dop_operator_v3' retrieved from /home/airflow/.local/lib/python3.12/site-packages/airflow/example_dags/example_branch_python_dop_operator_3.py
[2024-11-18T19:09:36.341+0000] {logging_mixin.py:190} INFO - [2024-11-18T19:09:36.341+0000] {dag.py:3239} INFO - Sync 1 DAGs
[2024-11-18T19:09:36.372+0000] {logging_mixin.py:190} INFO - [2024-11-18T19:09:36.371+0000] {dag.py:4180} INFO - Setting next_dagrun for example_branch_dop_operator_v3 to 2024-11-18 19:08:00+00:00, run_after=2024-11-18 19:09:00+00:00
[2024-11-18T19:09:36.400+0000] {processor.py:208} INFO - Processing /home/airflow/.local/lib/python3.12/site-packages/airflow/example_dags/example_branch_python_dop_operator_3.py took 0.096 seconds
[2024-11-18T19:10:06.794+0000] {processor.py:186} INFO - Started process (PID=980) to work on /home/airflow/.local/lib/python3.12/site-packages/airflow/example_dags/example_branch_python_dop_operator_3.py
[2024-11-18T19:10:06.795+0000] {processor.py:914} INFO - Processing file /home/airflow/.local/lib/python3.12/site-packages/airflow/example_dags/example_branch_python_dop_operator_3.py for tasks to queue
[2024-11-18T19:10:06.797+0000] {logging_mixin.py:190} INFO - [2024-11-18T19:10:06.797+0000] {dagbag.py:588} INFO - Filling up the DagBag from /home/airflow/.local/lib/python3.12/site-packages/airflow/example_dags/example_branch_python_dop_operator_3.py
[2024-11-18T19:10:06.808+0000] {processor.py:925} INFO - DAG(s) 'example_branch_dop_operator_v3' retrieved from /home/airflow/.local/lib/python3.12/site-packages/airflow/example_dags/example_branch_python_dop_operator_3.py
[2024-11-18T19:10:06.829+0000] {logging_mixin.py:190} INFO - [2024-11-18T19:10:06.829+0000] {dag.py:3239} INFO - Sync 1 DAGs
[2024-11-18T19:10:06.873+0000] {logging_mixin.py:190} INFO - [2024-11-18T19:10:06.873+0000] {dag.py:4180} INFO - Setting next_dagrun for example_branch_dop_operator_v3 to 2024-11-18 19:09:00+00:00, run_after=2024-11-18 19:10:00+00:00
[2024-11-18T19:10:06.893+0000] {processor.py:208} INFO - Processing /home/airflow/.local/lib/python3.12/site-packages/airflow/example_dags/example_branch_python_dop_operator_3.py took 0.105 seconds
[2024-11-18T19:10:37.092+0000] {processor.py:186} INFO - Started process (PID=1044) to work on /home/airflow/.local/lib/python3.12/site-packages/airflow/example_dags/example_branch_python_dop_operator_3.py
[2024-11-18T19:10:37.092+0000] {processor.py:914} INFO - Processing file /home/airflow/.local/lib/python3.12/site-packages/airflow/example_dags/example_branch_python_dop_operator_3.py for tasks to queue
[2024-11-18T19:10:37.095+0000] {logging_mixin.py:190} INFO - [2024-11-18T19:10:37.094+0000] {dagbag.py:588} INFO - Filling up the DagBag from /home/airflow/.local/lib/python3.12/site-packages/airflow/example_dags/example_branch_python_dop_operator_3.py
[2024-11-18T19:10:37.106+0000] {processor.py:925} INFO - DAG(s) 'example_branch_dop_operator_v3' retrieved from /home/airflow/.local/lib/python3.12/site-packages/airflow/example_dags/example_branch_python_dop_operator_3.py
[2024-11-18T19:10:37.127+0000] {logging_mixin.py:190} INFO - [2024-11-18T19:10:37.127+0000] {dag.py:3239} INFO - Sync 1 DAGs
[2024-11-18T19:10:37.158+0000] {logging_mixin.py:190} INFO - [2024-11-18T19:10:37.158+0000] {dag.py:4180} INFO - Setting next_dagrun for example_branch_dop_operator_v3 to 2024-11-18 19:09:00+00:00, run_after=2024-11-18 19:10:00+00:00
[2024-11-18T19:10:37.183+0000] {processor.py:208} INFO - Processing /home/airflow/.local/lib/python3.12/site-packages/airflow/example_dags/example_branch_python_dop_operator_3.py took 0.098 seconds
[2024-11-18T19:11:07.745+0000] {processor.py:186} INFO - Started process (PID=1108) to work on /home/airflow/.local/lib/python3.12/site-packages/airflow/example_dags/example_branch_python_dop_operator_3.py
[2024-11-18T19:11:07.745+0000] {processor.py:914} INFO - Processing file /home/airflow/.local/lib/python3.12/site-packages/airflow/example_dags/example_branch_python_dop_operator_3.py for tasks to queue
[2024-11-18T19:11:07.756+0000] {logging_mixin.py:190} INFO - [2024-11-18T19:11:07.756+0000] {dagbag.py:588} INFO - Filling up the DagBag from /home/airflow/.local/lib/python3.12/site-packages/airflow/example_dags/example_branch_python_dop_operator_3.py
[2024-11-18T19:11:07.774+0000] {processor.py:925} INFO - DAG(s) 'example_branch_dop_operator_v3' retrieved from /home/airflow/.local/lib/python3.12/site-packages/airflow/example_dags/example_branch_python_dop_operator_3.py
[2024-11-18T19:11:07.818+0000] {logging_mixin.py:190} INFO - [2024-11-18T19:11:07.818+0000] {dag.py:3239} INFO - Sync 1 DAGs
[2024-11-18T19:11:07.869+0000] {logging_mixin.py:190} INFO - [2024-11-18T19:11:07.869+0000] {dag.py:4180} INFO - Setting next_dagrun for example_branch_dop_operator_v3 to 2024-11-18 19:10:00+00:00, run_after=2024-11-18 19:11:00+00:00
[2024-11-18T19:11:07.894+0000] {processor.py:208} INFO - Processing /home/airflow/.local/lib/python3.12/site-packages/airflow/example_dags/example_branch_python_dop_operator_3.py took 0.155 seconds
[2024-11-18T19:11:38.800+0000] {processor.py:186} INFO - Started process (PID=1173) to work on /home/airflow/.local/lib/python3.12/site-packages/airflow/example_dags/example_branch_python_dop_operator_3.py
[2024-11-18T19:11:38.801+0000] {processor.py:914} INFO - Processing file /home/airflow/.local/lib/python3.12/site-packages/airflow/example_dags/example_branch_python_dop_operator_3.py for tasks to queue
[2024-11-18T19:11:38.803+0000] {logging_mixin.py:190} INFO - [2024-11-18T19:11:38.803+0000] {dagbag.py:588} INFO - Filling up the DagBag from /home/airflow/.local/lib/python3.12/site-packages/airflow/example_dags/example_branch_python_dop_operator_3.py
[2024-11-18T19:11:38.814+0000] {processor.py:925} INFO - DAG(s) 'example_branch_dop_operator_v3' retrieved from /home/airflow/.local/lib/python3.12/site-packages/airflow/example_dags/example_branch_python_dop_operator_3.py
[2024-11-18T19:11:38.834+0000] {logging_mixin.py:190} INFO - [2024-11-18T19:11:38.834+0000] {dag.py:3239} INFO - Sync 1 DAGs
[2024-11-18T19:11:38.859+0000] {logging_mixin.py:190} INFO - [2024-11-18T19:11:38.859+0000] {dag.py:4180} INFO - Setting next_dagrun for example_branch_dop_operator_v3 to 2024-11-18 19:10:00+00:00, run_after=2024-11-18 19:11:00+00:00
[2024-11-18T19:11:38.880+0000] {processor.py:208} INFO - Processing /home/airflow/.local/lib/python3.12/site-packages/airflow/example_dags/example_branch_python_dop_operator_3.py took 0.085 seconds
[2024-11-18T19:12:09.228+0000] {processor.py:186} INFO - Started process (PID=1237) to work on /home/airflow/.local/lib/python3.12/site-packages/airflow/example_dags/example_branch_python_dop_operator_3.py
[2024-11-18T19:12:09.243+0000] {processor.py:914} INFO - Processing file /home/airflow/.local/lib/python3.12/site-packages/airflow/example_dags/example_branch_python_dop_operator_3.py for tasks to queue
[2024-11-18T19:12:09.245+0000] {logging_mixin.py:190} INFO - [2024-11-18T19:12:09.244+0000] {dagbag.py:588} INFO - Filling up the DagBag from /home/airflow/.local/lib/python3.12/site-packages/airflow/example_dags/example_branch_python_dop_operator_3.py
[2024-11-18T19:12:09.256+0000] {processor.py:925} INFO - DAG(s) 'example_branch_dop_operator_v3' retrieved from /home/airflow/.local/lib/python3.12/site-packages/airflow/example_dags/example_branch_python_dop_operator_3.py
[2024-11-18T19:12:09.276+0000] {logging_mixin.py:190} INFO - [2024-11-18T19:12:09.276+0000] {dag.py:3239} INFO - Sync 1 DAGs
[2024-11-18T19:12:09.308+0000] {logging_mixin.py:190} INFO - [2024-11-18T19:12:09.308+0000] {dag.py:4180} INFO - Setting next_dagrun for example_branch_dop_operator_v3 to 2024-11-18 19:11:00+00:00, run_after=2024-11-18 19:12:00+00:00
[2024-11-18T19:12:09.359+0000] {processor.py:208} INFO - Processing /home/airflow/.local/lib/python3.12/site-packages/airflow/example_dags/example_branch_python_dop_operator_3.py took 0.145 seconds
[2024-11-18T19:12:40.213+0000] {processor.py:186} INFO - Started process (PID=1301) to work on /home/airflow/.local/lib/python3.12/site-packages/airflow/example_dags/example_branch_python_dop_operator_3.py
[2024-11-18T19:12:40.213+0000] {processor.py:914} INFO - Processing file /home/airflow/.local/lib/python3.12/site-packages/airflow/example_dags/example_branch_python_dop_operator_3.py for tasks to queue
[2024-11-18T19:12:40.215+0000] {logging_mixin.py:190} INFO - [2024-11-18T19:12:40.215+0000] {dagbag.py:588} INFO - Filling up the DagBag from /home/airflow/.local/lib/python3.12/site-packages/airflow/example_dags/example_branch_python_dop_operator_3.py
[2024-11-18T19:12:40.226+0000] {processor.py:925} INFO - DAG(s) 'example_branch_dop_operator_v3' retrieved from /home/airflow/.local/lib/python3.12/site-packages/airflow/example_dags/example_branch_python_dop_operator_3.py
[2024-11-18T19:12:40.246+0000] {logging_mixin.py:190} INFO - [2024-11-18T19:12:40.245+0000] {dag.py:3239} INFO - Sync 1 DAGs
[2024-11-18T19:12:40.273+0000] {logging_mixin.py:190} INFO - [2024-11-18T19:12:40.273+0000] {dag.py:4180} INFO - Setting next_dagrun for example_branch_dop_operator_v3 to 2024-11-18 19:11:00+00:00, run_after=2024-11-18 19:12:00+00:00
[2024-11-18T19:12:40.319+0000] {processor.py:208} INFO - Processing /home/airflow/.local/lib/python3.12/site-packages/airflow/example_dags/example_branch_python_dop_operator_3.py took 0.111 seconds
[2024-11-18T19:13:10.722+0000] {processor.py:186} INFO - Started process (PID=1365) to work on /home/airflow/.local/lib/python3.12/site-packages/airflow/example_dags/example_branch_python_dop_operator_3.py
[2024-11-18T19:13:10.722+0000] {processor.py:914} INFO - Processing file /home/airflow/.local/lib/python3.12/site-packages/airflow/example_dags/example_branch_python_dop_operator_3.py for tasks to queue
[2024-11-18T19:13:10.724+0000] {logging_mixin.py:190} INFO - [2024-11-18T19:13:10.724+0000] {dagbag.py:588} INFO - Filling up the DagBag from /home/airflow/.local/lib/python3.12/site-packages/airflow/example_dags/example_branch_python_dop_operator_3.py
[2024-11-18T19:13:10.735+0000] {processor.py:925} INFO - DAG(s) 'example_branch_dop_operator_v3' retrieved from /home/airflow/.local/lib/python3.12/site-packages/airflow/example_dags/example_branch_python_dop_operator_3.py
[2024-11-18T19:13:10.754+0000] {logging_mixin.py:190} INFO - [2024-11-18T19:13:10.754+0000] {dag.py:3239} INFO - Sync 1 DAGs
[2024-11-18T19:13:10.782+0000] {logging_mixin.py:190} INFO - [2024-11-18T19:13:10.782+0000] {dag.py:4180} INFO - Setting next_dagrun for example_branch_dop_operator_v3 to 2024-11-18 19:12:00+00:00, run_after=2024-11-18 19:13:00+00:00
[2024-11-18T19:13:10.805+0000] {processor.py:208} INFO - Processing /home/airflow/.local/lib/python3.12/site-packages/airflow/example_dags/example_branch_python_dop_operator_3.py took 0.089 seconds
[2024-11-18T19:13:40.982+0000] {processor.py:186} INFO - Started process (PID=1431) to work on /home/airflow/.local/lib/python3.12/site-packages/airflow/example_dags/example_branch_python_dop_operator_3.py
[2024-11-18T19:13:40.983+0000] {processor.py:914} INFO - Processing file /home/airflow/.local/lib/python3.12/site-packages/airflow/example_dags/example_branch_python_dop_operator_3.py for tasks to queue
[2024-11-18T19:13:40.985+0000] {logging_mixin.py:190} INFO - [2024-11-18T19:13:40.984+0000] {dagbag.py:588} INFO - Filling up the DagBag from /home/airflow/.local/lib/python3.12/site-packages/airflow/example_dags/example_branch_python_dop_operator_3.py
[2024-11-18T19:13:40.996+0000] {processor.py:925} INFO - DAG(s) 'example_branch_dop_operator_v3' retrieved from /home/airflow/.local/lib/python3.12/site-packages/airflow/example_dags/example_branch_python_dop_operator_3.py
[2024-11-18T19:13:41.016+0000] {logging_mixin.py:190} INFO - [2024-11-18T19:13:41.016+0000] {dag.py:3239} INFO - Sync 1 DAGs
[2024-11-18T19:13:41.045+0000] {logging_mixin.py:190} INFO - [2024-11-18T19:13:41.044+0000] {dag.py:4180} INFO - Setting next_dagrun for example_branch_dop_operator_v3 to 2024-11-18 19:12:00+00:00, run_after=2024-11-18 19:13:00+00:00
[2024-11-18T19:13:41.067+0000] {processor.py:208} INFO - Processing /home/airflow/.local/lib/python3.12/site-packages/airflow/example_dags/example_branch_python_dop_operator_3.py took 0.091 seconds
[2024-11-18T19:14:11.872+0000] {processor.py:186} INFO - Started process (PID=1495) to work on /home/airflow/.local/lib/python3.12/site-packages/airflow/example_dags/example_branch_python_dop_operator_3.py
[2024-11-18T19:14:11.873+0000] {processor.py:914} INFO - Processing file /home/airflow/.local/lib/python3.12/site-packages/airflow/example_dags/example_branch_python_dop_operator_3.py for tasks to queue
[2024-11-18T19:14:11.875+0000] {logging_mixin.py:190} INFO - [2024-11-18T19:14:11.874+0000] {dagbag.py:588} INFO - Filling up the DagBag from /home/airflow/.local/lib/python3.12/site-packages/airflow/example_dags/example_branch_python_dop_operator_3.py
[2024-11-18T19:14:11.885+0000] {processor.py:925} INFO - DAG(s) 'example_branch_dop_operator_v3' retrieved from /home/airflow/.local/lib/python3.12/site-packages/airflow/example_dags/example_branch_python_dop_operator_3.py
[2024-11-18T19:14:11.904+0000] {logging_mixin.py:190} INFO - [2024-11-18T19:14:11.904+0000] {dag.py:3239} INFO - Sync 1 DAGs
[2024-11-18T19:14:11.934+0000] {logging_mixin.py:190} INFO - [2024-11-18T19:14:11.934+0000] {dag.py:4180} INFO - Setting next_dagrun for example_branch_dop_operator_v3 to 2024-11-18 19:13:00+00:00, run_after=2024-11-18 19:14:00+00:00
[2024-11-18T19:14:11.953+0000] {processor.py:208} INFO - Processing /home/airflow/.local/lib/python3.12/site-packages/airflow/example_dags/example_branch_python_dop_operator_3.py took 0.087 seconds
[2024-11-18T19:14:42.238+0000] {processor.py:186} INFO - Started process (PID=1560) to work on /home/airflow/.local/lib/python3.12/site-packages/airflow/example_dags/example_branch_python_dop_operator_3.py
[2024-11-18T19:14:42.239+0000] {processor.py:914} INFO - Processing file /home/airflow/.local/lib/python3.12/site-packages/airflow/example_dags/example_branch_python_dop_operator_3.py for tasks to queue
[2024-11-18T19:14:42.241+0000] {logging_mixin.py:190} INFO - [2024-11-18T19:14:42.241+0000] {dagbag.py:588} INFO - Filling up the DagBag from /home/airflow/.local/lib/python3.12/site-packages/airflow/example_dags/example_branch_python_dop_operator_3.py
[2024-11-18T19:14:42.252+0000] {processor.py:925} INFO - DAG(s) 'example_branch_dop_operator_v3' retrieved from /home/airflow/.local/lib/python3.12/site-packages/airflow/example_dags/example_branch_python_dop_operator_3.py
[2024-11-18T19:14:42.272+0000] {logging_mixin.py:190} INFO - [2024-11-18T19:14:42.272+0000] {dag.py:3239} INFO - Sync 1 DAGs
[2024-11-18T19:14:42.300+0000] {logging_mixin.py:190} INFO - [2024-11-18T19:14:42.299+0000] {dag.py:4180} INFO - Setting next_dagrun for example_branch_dop_operator_v3 to 2024-11-18 19:13:00+00:00, run_after=2024-11-18 19:14:00+00:00
[2024-11-18T19:14:42.337+0000] {processor.py:208} INFO - Processing /home/airflow/.local/lib/python3.12/site-packages/airflow/example_dags/example_branch_python_dop_operator_3.py took 0.104 seconds
[2024-11-18T19:15:12.911+0000] {processor.py:186} INFO - Started process (PID=1625) to work on /home/airflow/.local/lib/python3.12/site-packages/airflow/example_dags/example_branch_python_dop_operator_3.py
[2024-11-18T19:15:12.911+0000] {processor.py:914} INFO - Processing file /home/airflow/.local/lib/python3.12/site-packages/airflow/example_dags/example_branch_python_dop_operator_3.py for tasks to queue
[2024-11-18T19:15:12.913+0000] {logging_mixin.py:190} INFO - [2024-11-18T19:15:12.913+0000] {dagbag.py:588} INFO - Filling up the DagBag from /home/airflow/.local/lib/python3.12/site-packages/airflow/example_dags/example_branch_python_dop_operator_3.py
[2024-11-18T19:15:12.924+0000] {processor.py:925} INFO - DAG(s) 'example_branch_dop_operator_v3' retrieved from /home/airflow/.local/lib/python3.12/site-packages/airflow/example_dags/example_branch_python_dop_operator_3.py
[2024-11-18T19:15:12.949+0000] {logging_mixin.py:190} INFO - [2024-11-18T19:15:12.949+0000] {dag.py:3239} INFO - Sync 1 DAGs
[2024-11-18T19:15:12.980+0000] {logging_mixin.py:190} INFO - [2024-11-18T19:15:12.979+0000] {dag.py:4180} INFO - Setting next_dagrun for example_branch_dop_operator_v3 to 2024-11-18 19:14:00+00:00, run_after=2024-11-18 19:15:00+00:00
[2024-11-18T19:15:13.000+0000] {processor.py:208} INFO - Processing /home/airflow/.local/lib/python3.12/site-packages/airflow/example_dags/example_branch_python_dop_operator_3.py took 0.095 seconds
[2024-11-18T19:15:43.658+0000] {processor.py:186} INFO - Started process (PID=1690) to work on /home/airflow/.local/lib/python3.12/site-packages/airflow/example_dags/example_branch_python_dop_operator_3.py
[2024-11-18T19:15:43.658+0000] {processor.py:914} INFO - Processing file /home/airflow/.local/lib/python3.12/site-packages/airflow/example_dags/example_branch_python_dop_operator_3.py for tasks to queue
[2024-11-18T19:15:43.660+0000] {logging_mixin.py:190} INFO - [2024-11-18T19:15:43.660+0000] {dagbag.py:588} INFO - Filling up the DagBag from /home/airflow/.local/lib/python3.12/site-packages/airflow/example_dags/example_branch_python_dop_operator_3.py
[2024-11-18T19:15:43.671+0000] {processor.py:925} INFO - DAG(s) 'example_branch_dop_operator_v3' retrieved from /home/airflow/.local/lib/python3.12/site-packages/airflow/example_dags/example_branch_python_dop_operator_3.py
[2024-11-18T19:15:43.690+0000] {logging_mixin.py:190} INFO - [2024-11-18T19:15:43.690+0000] {dag.py:3239} INFO - Sync 1 DAGs
[2024-11-18T19:15:43.721+0000] {logging_mixin.py:190} INFO - [2024-11-18T19:15:43.720+0000] {dag.py:4180} INFO - Setting next_dagrun for example_branch_dop_operator_v3 to 2024-11-18 19:14:00+00:00, run_after=2024-11-18 19:15:00+00:00
[2024-11-18T19:15:43.743+0000] {processor.py:208} INFO - Processing /home/airflow/.local/lib/python3.12/site-packages/airflow/example_dags/example_branch_python_dop_operator_3.py took 0.091 seconds
[2024-11-18T19:16:14.054+0000] {processor.py:186} INFO - Started process (PID=1760) to work on /home/airflow/.local/lib/python3.12/site-packages/airflow/example_dags/example_branch_python_dop_operator_3.py
[2024-11-18T19:16:14.054+0000] {processor.py:914} INFO - Processing file /home/airflow/.local/lib/python3.12/site-packages/airflow/example_dags/example_branch_python_dop_operator_3.py for tasks to queue
[2024-11-18T19:16:14.056+0000] {logging_mixin.py:190} INFO - [2024-11-18T19:16:14.056+0000] {dagbag.py:588} INFO - Filling up the DagBag from /home/airflow/.local/lib/python3.12/site-packages/airflow/example_dags/example_branch_python_dop_operator_3.py
[2024-11-18T19:16:14.064+0000] {processor.py:925} INFO - DAG(s) 'example_branch_dop_operator_v3' retrieved from /home/airflow/.local/lib/python3.12/site-packages/airflow/example_dags/example_branch_python_dop_operator_3.py
[2024-11-18T19:16:14.079+0000] {logging_mixin.py:190} INFO - [2024-11-18T19:16:14.079+0000] {dag.py:3239} INFO - Sync 1 DAGs
[2024-11-18T19:16:14.098+0000] {logging_mixin.py:190} INFO - [2024-11-18T19:16:14.098+0000] {dag.py:4180} INFO - Setting next_dagrun for example_branch_dop_operator_v3 to 2024-11-18 19:15:00+00:00, run_after=2024-11-18 19:16:00+00:00
[2024-11-18T19:16:14.117+0000] {processor.py:208} INFO - Processing /home/airflow/.local/lib/python3.12/site-packages/airflow/example_dags/example_branch_python_dop_operator_3.py took 0.068 seconds
[2024-11-18T19:16:44.784+0000] {processor.py:186} INFO - Started process (PID=1824) to work on /home/airflow/.local/lib/python3.12/site-packages/airflow/example_dags/example_branch_python_dop_operator_3.py
[2024-11-18T19:16:44.785+0000] {processor.py:914} INFO - Processing file /home/airflow/.local/lib/python3.12/site-packages/airflow/example_dags/example_branch_python_dop_operator_3.py for tasks to queue
[2024-11-18T19:16:44.787+0000] {logging_mixin.py:190} INFO - [2024-11-18T19:16:44.787+0000] {dagbag.py:588} INFO - Filling up the DagBag from /home/airflow/.local/lib/python3.12/site-packages/airflow/example_dags/example_branch_python_dop_operator_3.py
[2024-11-18T19:16:44.813+0000] {processor.py:925} INFO - DAG(s) 'example_branch_dop_operator_v3' retrieved from /home/airflow/.local/lib/python3.12/site-packages/airflow/example_dags/example_branch_python_dop_operator_3.py
[2024-11-18T19:16:44.834+0000] {logging_mixin.py:190} INFO - [2024-11-18T19:16:44.834+0000] {dag.py:3239} INFO - Sync 1 DAGs
[2024-11-18T19:16:44.864+0000] {logging_mixin.py:190} INFO - [2024-11-18T19:16:44.863+0000] {dag.py:4180} INFO - Setting next_dagrun for example_branch_dop_operator_v3 to 2024-11-18 19:15:00+00:00, run_after=2024-11-18 19:16:00+00:00
[2024-11-18T19:16:44.885+0000] {processor.py:208} INFO - Processing /home/airflow/.local/lib/python3.12/site-packages/airflow/example_dags/example_branch_python_dop_operator_3.py took 0.106 seconds
[2024-11-18T19:17:15.389+0000] {processor.py:186} INFO - Started process (PID=1888) to work on /home/airflow/.local/lib/python3.12/site-packages/airflow/example_dags/example_branch_python_dop_operator_3.py
[2024-11-18T19:17:15.389+0000] {processor.py:914} INFO - Processing file /home/airflow/.local/lib/python3.12/site-packages/airflow/example_dags/example_branch_python_dop_operator_3.py for tasks to queue
[2024-11-18T19:17:15.391+0000] {logging_mixin.py:190} INFO - [2024-11-18T19:17:15.391+0000] {dagbag.py:588} INFO - Filling up the DagBag from /home/airflow/.local/lib/python3.12/site-packages/airflow/example_dags/example_branch_python_dop_operator_3.py
[2024-11-18T19:17:15.400+0000] {processor.py:925} INFO - DAG(s) 'example_branch_dop_operator_v3' retrieved from /home/airflow/.local/lib/python3.12/site-packages/airflow/example_dags/example_branch_python_dop_operator_3.py
[2024-11-18T19:17:15.415+0000] {logging_mixin.py:190} INFO - [2024-11-18T19:17:15.415+0000] {dag.py:3239} INFO - Sync 1 DAGs
[2024-11-18T19:17:15.435+0000] {logging_mixin.py:190} INFO - [2024-11-18T19:17:15.435+0000] {dag.py:4180} INFO - Setting next_dagrun for example_branch_dop_operator_v3 to 2024-11-18 19:16:00+00:00, run_after=2024-11-18 19:17:00+00:00
[2024-11-18T19:17:15.452+0000] {processor.py:208} INFO - Processing /home/airflow/.local/lib/python3.12/site-packages/airflow/example_dags/example_branch_python_dop_operator_3.py took 0.068 seconds
[2024-11-18T19:17:46.269+0000] {processor.py:186} INFO - Started process (PID=1953) to work on /home/airflow/.local/lib/python3.12/site-packages/airflow/example_dags/example_branch_python_dop_operator_3.py
[2024-11-18T19:17:46.271+0000] {processor.py:914} INFO - Processing file /home/airflow/.local/lib/python3.12/site-packages/airflow/example_dags/example_branch_python_dop_operator_3.py for tasks to queue
[2024-11-18T19:17:46.275+0000] {logging_mixin.py:190} INFO - [2024-11-18T19:17:46.275+0000] {dagbag.py:588} INFO - Filling up the DagBag from /home/airflow/.local/lib/python3.12/site-packages/airflow/example_dags/example_branch_python_dop_operator_3.py
[2024-11-18T19:17:46.298+0000] {processor.py:925} INFO - DAG(s) 'example_branch_dop_operator_v3' retrieved from /home/airflow/.local/lib/python3.12/site-packages/airflow/example_dags/example_branch_python_dop_operator_3.py
[2024-11-18T19:17:46.341+0000] {logging_mixin.py:190} INFO - [2024-11-18T19:17:46.340+0000] {dag.py:3239} INFO - Sync 1 DAGs
[2024-11-18T19:17:46.400+0000] {logging_mixin.py:190} INFO - [2024-11-18T19:17:46.399+0000] {dag.py:4180} INFO - Setting next_dagrun for example_branch_dop_operator_v3 to 2024-11-18 19:16:00+00:00, run_after=2024-11-18 19:17:00+00:00
[2024-11-18T19:17:46.435+0000] {processor.py:208} INFO - Processing /home/airflow/.local/lib/python3.12/site-packages/airflow/example_dags/example_branch_python_dop_operator_3.py took 0.181 seconds
[2024-11-18T19:18:16.732+0000] {processor.py:186} INFO - Started process (PID=2018) to work on /home/airflow/.local/lib/python3.12/site-packages/airflow/example_dags/example_branch_python_dop_operator_3.py
[2024-11-18T19:18:16.732+0000] {processor.py:914} INFO - Processing file /home/airflow/.local/lib/python3.12/site-packages/airflow/example_dags/example_branch_python_dop_operator_3.py for tasks to queue
[2024-11-18T19:18:16.734+0000] {logging_mixin.py:190} INFO - [2024-11-18T19:18:16.734+0000] {dagbag.py:588} INFO - Filling up the DagBag from /home/airflow/.local/lib/python3.12/site-packages/airflow/example_dags/example_branch_python_dop_operator_3.py
[2024-11-18T19:18:16.742+0000] {processor.py:925} INFO - DAG(s) 'example_branch_dop_operator_v3' retrieved from /home/airflow/.local/lib/python3.12/site-packages/airflow/example_dags/example_branch_python_dop_operator_3.py
[2024-11-18T19:18:16.757+0000] {logging_mixin.py:190} INFO - [2024-11-18T19:18:16.757+0000] {dag.py:3239} INFO - Sync 1 DAGs
[2024-11-18T19:18:16.783+0000] {logging_mixin.py:190} INFO - [2024-11-18T19:18:16.782+0000] {dag.py:4180} INFO - Setting next_dagrun for example_branch_dop_operator_v3 to 2024-11-18 19:17:00+00:00, run_after=2024-11-18 19:18:00+00:00
[2024-11-18T19:18:16.801+0000] {processor.py:208} INFO - Processing /home/airflow/.local/lib/python3.12/site-packages/airflow/example_dags/example_branch_python_dop_operator_3.py took 0.073 seconds
[2024-11-18T19:18:46.990+0000] {processor.py:186} INFO - Started process (PID=2082) to work on /home/airflow/.local/lib/python3.12/site-packages/airflow/example_dags/example_branch_python_dop_operator_3.py
[2024-11-18T19:18:46.995+0000] {processor.py:914} INFO - Processing file /home/airflow/.local/lib/python3.12/site-packages/airflow/example_dags/example_branch_python_dop_operator_3.py for tasks to queue
[2024-11-18T19:18:46.998+0000] {logging_mixin.py:190} INFO - [2024-11-18T19:18:46.997+0000] {dagbag.py:588} INFO - Filling up the DagBag from /home/airflow/.local/lib/python3.12/site-packages/airflow/example_dags/example_branch_python_dop_operator_3.py
[2024-11-18T19:18:47.028+0000] {processor.py:925} INFO - DAG(s) 'example_branch_dop_operator_v3' retrieved from /home/airflow/.local/lib/python3.12/site-packages/airflow/example_dags/example_branch_python_dop_operator_3.py
[2024-11-18T19:18:47.078+0000] {logging_mixin.py:190} INFO - [2024-11-18T19:18:47.077+0000] {dag.py:3239} INFO - Sync 1 DAGs
[2024-11-18T19:18:47.147+0000] {logging_mixin.py:190} INFO - [2024-11-18T19:18:47.147+0000] {dag.py:4180} INFO - Setting next_dagrun for example_branch_dop_operator_v3 to 2024-11-18 19:17:00+00:00, run_after=2024-11-18 19:18:00+00:00
[2024-11-18T19:18:47.198+0000] {processor.py:208} INFO - Processing /home/airflow/.local/lib/python3.12/site-packages/airflow/example_dags/example_branch_python_dop_operator_3.py took 0.217 seconds
[2024-11-18T19:19:17.277+0000] {processor.py:186} INFO - Started process (PID=2147) to work on /home/airflow/.local/lib/python3.12/site-packages/airflow/example_dags/example_branch_python_dop_operator_3.py
[2024-11-18T19:19:17.278+0000] {processor.py:914} INFO - Processing file /home/airflow/.local/lib/python3.12/site-packages/airflow/example_dags/example_branch_python_dop_operator_3.py for tasks to queue
[2024-11-18T19:19:17.280+0000] {logging_mixin.py:190} INFO - [2024-11-18T19:19:17.280+0000] {dagbag.py:588} INFO - Filling up the DagBag from /home/airflow/.local/lib/python3.12/site-packages/airflow/example_dags/example_branch_python_dop_operator_3.py
[2024-11-18T19:19:17.291+0000] {processor.py:925} INFO - DAG(s) 'example_branch_dop_operator_v3' retrieved from /home/airflow/.local/lib/python3.12/site-packages/airflow/example_dags/example_branch_python_dop_operator_3.py
[2024-11-18T19:19:17.311+0000] {logging_mixin.py:190} INFO - [2024-11-18T19:19:17.311+0000] {dag.py:3239} INFO - Sync 1 DAGs
[2024-11-18T19:19:17.340+0000] {logging_mixin.py:190} INFO - [2024-11-18T19:19:17.339+0000] {dag.py:4180} INFO - Setting next_dagrun for example_branch_dop_operator_v3 to 2024-11-18 19:18:00+00:00, run_after=2024-11-18 19:19:00+00:00
[2024-11-18T19:19:17.365+0000] {processor.py:208} INFO - Processing /home/airflow/.local/lib/python3.12/site-packages/airflow/example_dags/example_branch_python_dop_operator_3.py took 0.093 seconds
[2024-11-18T19:19:47.847+0000] {processor.py:186} INFO - Started process (PID=2211) to work on /home/airflow/.local/lib/python3.12/site-packages/airflow/example_dags/example_branch_python_dop_operator_3.py
[2024-11-18T19:19:47.848+0000] {processor.py:914} INFO - Processing file /home/airflow/.local/lib/python3.12/site-packages/airflow/example_dags/example_branch_python_dop_operator_3.py for tasks to queue
[2024-11-18T19:19:47.849+0000] {logging_mixin.py:190} INFO - [2024-11-18T19:19:47.849+0000] {dagbag.py:588} INFO - Filling up the DagBag from /home/airflow/.local/lib/python3.12/site-packages/airflow/example_dags/example_branch_python_dop_operator_3.py
[2024-11-18T19:19:47.858+0000] {processor.py:925} INFO - DAG(s) 'example_branch_dop_operator_v3' retrieved from /home/airflow/.local/lib/python3.12/site-packages/airflow/example_dags/example_branch_python_dop_operator_3.py
[2024-11-18T19:19:47.873+0000] {logging_mixin.py:190} INFO - [2024-11-18T19:19:47.873+0000] {dag.py:3239} INFO - Sync 1 DAGs
[2024-11-18T19:19:47.893+0000] {logging_mixin.py:190} INFO - [2024-11-18T19:19:47.893+0000] {dag.py:4180} INFO - Setting next_dagrun for example_branch_dop_operator_v3 to 2024-11-18 19:18:00+00:00, run_after=2024-11-18 19:19:00+00:00
[2024-11-18T19:19:47.917+0000] {processor.py:208} INFO - Processing /home/airflow/.local/lib/python3.12/site-packages/airflow/example_dags/example_branch_python_dop_operator_3.py took 0.075 seconds
[2024-11-18T19:20:18.226+0000] {processor.py:186} INFO - Started process (PID=2276) to work on /home/airflow/.local/lib/python3.12/site-packages/airflow/example_dags/example_branch_python_dop_operator_3.py
[2024-11-18T19:20:18.227+0000] {processor.py:914} INFO - Processing file /home/airflow/.local/lib/python3.12/site-packages/airflow/example_dags/example_branch_python_dop_operator_3.py for tasks to queue
[2024-11-18T19:20:18.229+0000] {logging_mixin.py:190} INFO - [2024-11-18T19:20:18.229+0000] {dagbag.py:588} INFO - Filling up the DagBag from /home/airflow/.local/lib/python3.12/site-packages/airflow/example_dags/example_branch_python_dop_operator_3.py
[2024-11-18T19:20:18.239+0000] {processor.py:925} INFO - DAG(s) 'example_branch_dop_operator_v3' retrieved from /home/airflow/.local/lib/python3.12/site-packages/airflow/example_dags/example_branch_python_dop_operator_3.py
[2024-11-18T19:20:18.258+0000] {logging_mixin.py:190} INFO - [2024-11-18T19:20:18.257+0000] {dag.py:3239} INFO - Sync 1 DAGs
[2024-11-18T19:20:18.287+0000] {logging_mixin.py:190} INFO - [2024-11-18T19:20:18.287+0000] {dag.py:4180} INFO - Setting next_dagrun for example_branch_dop_operator_v3 to 2024-11-18 19:19:00+00:00, run_after=2024-11-18 19:20:00+00:00
[2024-11-18T19:20:18.346+0000] {processor.py:208} INFO - Processing /home/airflow/.local/lib/python3.12/site-packages/airflow/example_dags/example_branch_python_dop_operator_3.py took 0.126 seconds
[2024-11-18T19:20:48.873+0000] {processor.py:186} INFO - Started process (PID=2340) to work on /home/airflow/.local/lib/python3.12/site-packages/airflow/example_dags/example_branch_python_dop_operator_3.py
[2024-11-18T19:20:48.874+0000] {processor.py:914} INFO - Processing file /home/airflow/.local/lib/python3.12/site-packages/airflow/example_dags/example_branch_python_dop_operator_3.py for tasks to queue
[2024-11-18T19:20:48.876+0000] {logging_mixin.py:190} INFO - [2024-11-18T19:20:48.875+0000] {dagbag.py:588} INFO - Filling up the DagBag from /home/airflow/.local/lib/python3.12/site-packages/airflow/example_dags/example_branch_python_dop_operator_3.py
[2024-11-18T19:20:48.883+0000] {processor.py:925} INFO - DAG(s) 'example_branch_dop_operator_v3' retrieved from /home/airflow/.local/lib/python3.12/site-packages/airflow/example_dags/example_branch_python_dop_operator_3.py
[2024-11-18T19:20:48.898+0000] {logging_mixin.py:190} INFO - [2024-11-18T19:20:48.898+0000] {dag.py:3239} INFO - Sync 1 DAGs
[2024-11-18T19:20:48.918+0000] {logging_mixin.py:190} INFO - [2024-11-18T19:20:48.918+0000] {dag.py:4180} INFO - Setting next_dagrun for example_branch_dop_operator_v3 to 2024-11-18 19:19:00+00:00, run_after=2024-11-18 19:20:00+00:00
[2024-11-18T19:20:48.945+0000] {processor.py:208} INFO - Processing /home/airflow/.local/lib/python3.12/site-packages/airflow/example_dags/example_branch_python_dop_operator_3.py took 0.076 seconds
[2024-11-18T19:21:19.373+0000] {processor.py:186} INFO - Started process (PID=2405) to work on /home/airflow/.local/lib/python3.12/site-packages/airflow/example_dags/example_branch_python_dop_operator_3.py
[2024-11-18T19:21:19.373+0000] {processor.py:914} INFO - Processing file /home/airflow/.local/lib/python3.12/site-packages/airflow/example_dags/example_branch_python_dop_operator_3.py for tasks to queue
[2024-11-18T19:21:19.375+0000] {logging_mixin.py:190} INFO - [2024-11-18T19:21:19.374+0000] {dagbag.py:588} INFO - Filling up the DagBag from /home/airflow/.local/lib/python3.12/site-packages/airflow/example_dags/example_branch_python_dop_operator_3.py
[2024-11-18T19:21:19.383+0000] {processor.py:925} INFO - DAG(s) 'example_branch_dop_operator_v3' retrieved from /home/airflow/.local/lib/python3.12/site-packages/airflow/example_dags/example_branch_python_dop_operator_3.py
[2024-11-18T19:21:19.398+0000] {logging_mixin.py:190} INFO - [2024-11-18T19:21:19.397+0000] {dag.py:3239} INFO - Sync 1 DAGs
[2024-11-18T19:21:19.417+0000] {logging_mixin.py:190} INFO - [2024-11-18T19:21:19.417+0000] {dag.py:4180} INFO - Setting next_dagrun for example_branch_dop_operator_v3 to 2024-11-18 19:20:00+00:00, run_after=2024-11-18 19:21:00+00:00
[2024-11-18T19:21:19.435+0000] {processor.py:208} INFO - Processing /home/airflow/.local/lib/python3.12/site-packages/airflow/example_dags/example_branch_python_dop_operator_3.py took 0.067 seconds
[2024-11-18T19:21:49.672+0000] {processor.py:186} INFO - Started process (PID=2469) to work on /home/airflow/.local/lib/python3.12/site-packages/airflow/example_dags/example_branch_python_dop_operator_3.py
[2024-11-18T19:21:49.673+0000] {processor.py:914} INFO - Processing file /home/airflow/.local/lib/python3.12/site-packages/airflow/example_dags/example_branch_python_dop_operator_3.py for tasks to queue
[2024-11-18T19:21:49.674+0000] {logging_mixin.py:190} INFO - [2024-11-18T19:21:49.674+0000] {dagbag.py:588} INFO - Filling up the DagBag from /home/airflow/.local/lib/python3.12/site-packages/airflow/example_dags/example_branch_python_dop_operator_3.py
[2024-11-18T19:21:49.682+0000] {processor.py:925} INFO - DAG(s) 'example_branch_dop_operator_v3' retrieved from /home/airflow/.local/lib/python3.12/site-packages/airflow/example_dags/example_branch_python_dop_operator_3.py
[2024-11-18T19:21:49.696+0000] {logging_mixin.py:190} INFO - [2024-11-18T19:21:49.696+0000] {dag.py:3239} INFO - Sync 1 DAGs
[2024-11-18T19:21:49.716+0000] {logging_mixin.py:190} INFO - [2024-11-18T19:21:49.715+0000] {dag.py:4180} INFO - Setting next_dagrun for example_branch_dop_operator_v3 to 2024-11-18 19:20:00+00:00, run_after=2024-11-18 19:21:00+00:00
[2024-11-18T19:21:49.732+0000] {processor.py:208} INFO - Processing /home/airflow/.local/lib/python3.12/site-packages/airflow/example_dags/example_branch_python_dop_operator_3.py took 0.064 seconds
[2024-11-18T19:22:19.805+0000] {processor.py:186} INFO - Started process (PID=2533) to work on /home/airflow/.local/lib/python3.12/site-packages/airflow/example_dags/example_branch_python_dop_operator_3.py
[2024-11-18T19:22:19.806+0000] {processor.py:914} INFO - Processing file /home/airflow/.local/lib/python3.12/site-packages/airflow/example_dags/example_branch_python_dop_operator_3.py for tasks to queue
[2024-11-18T19:22:19.808+0000] {logging_mixin.py:190} INFO - [2024-11-18T19:22:19.808+0000] {dagbag.py:588} INFO - Filling up the DagBag from /home/airflow/.local/lib/python3.12/site-packages/airflow/example_dags/example_branch_python_dop_operator_3.py
[2024-11-18T19:22:19.819+0000] {processor.py:925} INFO - DAG(s) 'example_branch_dop_operator_v3' retrieved from /home/airflow/.local/lib/python3.12/site-packages/airflow/example_dags/example_branch_python_dop_operator_3.py
[2024-11-18T19:22:19.838+0000] {logging_mixin.py:190} INFO - [2024-11-18T19:22:19.838+0000] {dag.py:3239} INFO - Sync 1 DAGs
[2024-11-18T19:22:19.868+0000] {logging_mixin.py:190} INFO - [2024-11-18T19:22:19.868+0000] {dag.py:4180} INFO - Setting next_dagrun for example_branch_dop_operator_v3 to 2024-11-18 19:21:00+00:00, run_after=2024-11-18 19:22:00+00:00
[2024-11-18T19:22:19.904+0000] {processor.py:208} INFO - Processing /home/airflow/.local/lib/python3.12/site-packages/airflow/example_dags/example_branch_python_dop_operator_3.py took 0.104 seconds
[2024-11-18T19:22:50.297+0000] {processor.py:186} INFO - Started process (PID=2598) to work on /home/airflow/.local/lib/python3.12/site-packages/airflow/example_dags/example_branch_python_dop_operator_3.py
[2024-11-18T19:22:50.298+0000] {processor.py:914} INFO - Processing file /home/airflow/.local/lib/python3.12/site-packages/airflow/example_dags/example_branch_python_dop_operator_3.py for tasks to queue
[2024-11-18T19:22:50.299+0000] {logging_mixin.py:190} INFO - [2024-11-18T19:22:50.299+0000] {dagbag.py:588} INFO - Filling up the DagBag from /home/airflow/.local/lib/python3.12/site-packages/airflow/example_dags/example_branch_python_dop_operator_3.py
[2024-11-18T19:22:50.307+0000] {processor.py:925} INFO - DAG(s) 'example_branch_dop_operator_v3' retrieved from /home/airflow/.local/lib/python3.12/site-packages/airflow/example_dags/example_branch_python_dop_operator_3.py
[2024-11-18T19:22:50.321+0000] {logging_mixin.py:190} INFO - [2024-11-18T19:22:50.321+0000] {dag.py:3239} INFO - Sync 1 DAGs
[2024-11-18T19:22:50.341+0000] {logging_mixin.py:190} INFO - [2024-11-18T19:22:50.341+0000] {dag.py:4180} INFO - Setting next_dagrun for example_branch_dop_operator_v3 to 2024-11-18 19:21:00+00:00, run_after=2024-11-18 19:22:00+00:00
[2024-11-18T19:22:50.357+0000] {processor.py:208} INFO - Processing /home/airflow/.local/lib/python3.12/site-packages/airflow/example_dags/example_branch_python_dop_operator_3.py took 0.064 seconds
[2024-11-18T19:23:20.776+0000] {processor.py:186} INFO - Started process (PID=2662) to work on /home/airflow/.local/lib/python3.12/site-packages/airflow/example_dags/example_branch_python_dop_operator_3.py
[2024-11-18T19:23:20.777+0000] {processor.py:914} INFO - Processing file /home/airflow/.local/lib/python3.12/site-packages/airflow/example_dags/example_branch_python_dop_operator_3.py for tasks to queue
[2024-11-18T19:23:20.779+0000] {logging_mixin.py:190} INFO - [2024-11-18T19:23:20.779+0000] {dagbag.py:588} INFO - Filling up the DagBag from /home/airflow/.local/lib/python3.12/site-packages/airflow/example_dags/example_branch_python_dop_operator_3.py
[2024-11-18T19:23:20.790+0000] {processor.py:925} INFO - DAG(s) 'example_branch_dop_operator_v3' retrieved from /home/airflow/.local/lib/python3.12/site-packages/airflow/example_dags/example_branch_python_dop_operator_3.py
[2024-11-18T19:23:20.811+0000] {logging_mixin.py:190} INFO - [2024-11-18T19:23:20.811+0000] {dag.py:3239} INFO - Sync 1 DAGs
[2024-11-18T19:23:20.841+0000] {logging_mixin.py:190} INFO - [2024-11-18T19:23:20.841+0000] {dag.py:4180} INFO - Setting next_dagrun for example_branch_dop_operator_v3 to 2024-11-18 19:22:00+00:00, run_after=2024-11-18 19:23:00+00:00
[2024-11-18T19:23:20.868+0000] {processor.py:208} INFO - Processing /home/airflow/.local/lib/python3.12/site-packages/airflow/example_dags/example_branch_python_dop_operator_3.py took 0.098 seconds
[2024-11-18T19:23:51.683+0000] {processor.py:186} INFO - Started process (PID=2726) to work on /home/airflow/.local/lib/python3.12/site-packages/airflow/example_dags/example_branch_python_dop_operator_3.py
[2024-11-18T19:23:51.684+0000] {processor.py:914} INFO - Processing file /home/airflow/.local/lib/python3.12/site-packages/airflow/example_dags/example_branch_python_dop_operator_3.py for tasks to queue
[2024-11-18T19:23:51.686+0000] {logging_mixin.py:190} INFO - [2024-11-18T19:23:51.685+0000] {dagbag.py:588} INFO - Filling up the DagBag from /home/airflow/.local/lib/python3.12/site-packages/airflow/example_dags/example_branch_python_dop_operator_3.py
[2024-11-18T19:23:51.697+0000] {processor.py:925} INFO - DAG(s) 'example_branch_dop_operator_v3' retrieved from /home/airflow/.local/lib/python3.12/site-packages/airflow/example_dags/example_branch_python_dop_operator_3.py
[2024-11-18T19:23:51.731+0000] {logging_mixin.py:190} INFO - [2024-11-18T19:23:51.731+0000] {dag.py:3239} INFO - Sync 1 DAGs
[2024-11-18T19:23:51.766+0000] {logging_mixin.py:190} INFO - [2024-11-18T19:23:51.765+0000] {dag.py:4180} INFO - Setting next_dagrun for example_branch_dop_operator_v3 to 2024-11-18 19:22:00+00:00, run_after=2024-11-18 19:23:00+00:00
[2024-11-18T19:23:51.787+0000] {processor.py:208} INFO - Processing /home/airflow/.local/lib/python3.12/site-packages/airflow/example_dags/example_branch_python_dop_operator_3.py took 0.111 seconds
[2024-11-18T19:24:23.536+0000] {processor.py:186} INFO - Started process (PID=2789) to work on /home/airflow/.local/lib/python3.12/site-packages/airflow/example_dags/example_branch_python_dop_operator_3.py
[2024-11-18T19:24:23.537+0000] {processor.py:914} INFO - Processing file /home/airflow/.local/lib/python3.12/site-packages/airflow/example_dags/example_branch_python_dop_operator_3.py for tasks to queue
[2024-11-18T19:24:23.551+0000] {logging_mixin.py:190} INFO - [2024-11-18T19:24:23.551+0000] {dagbag.py:588} INFO - Filling up the DagBag from /home/airflow/.local/lib/python3.12/site-packages/airflow/example_dags/example_branch_python_dop_operator_3.py
[2024-11-18T19:24:23.579+0000] {processor.py:925} INFO - DAG(s) 'example_branch_dop_operator_v3' retrieved from /home/airflow/.local/lib/python3.12/site-packages/airflow/example_dags/example_branch_python_dop_operator_3.py
[2024-11-18T19:24:23.615+0000] {logging_mixin.py:190} INFO - [2024-11-18T19:24:23.615+0000] {dag.py:3239} INFO - Sync 1 DAGs
[2024-11-18T19:24:23.660+0000] {logging_mixin.py:190} INFO - [2024-11-18T19:24:23.659+0000] {dag.py:4180} INFO - Setting next_dagrun for example_branch_dop_operator_v3 to 2024-11-18 19:23:00+00:00, run_after=2024-11-18 19:24:00+00:00
[2024-11-18T19:24:23.695+0000] {processor.py:208} INFO - Processing /home/airflow/.local/lib/python3.12/site-packages/airflow/example_dags/example_branch_python_dop_operator_3.py took 0.181 seconds
[2024-11-18T19:24:54.544+0000] {processor.py:186} INFO - Started process (PID=2852) to work on /home/airflow/.local/lib/python3.12/site-packages/airflow/example_dags/example_branch_python_dop_operator_3.py
[2024-11-18T19:24:54.545+0000] {processor.py:914} INFO - Processing file /home/airflow/.local/lib/python3.12/site-packages/airflow/example_dags/example_branch_python_dop_operator_3.py for tasks to queue
[2024-11-18T19:24:54.547+0000] {logging_mixin.py:190} INFO - [2024-11-18T19:24:54.547+0000] {dagbag.py:588} INFO - Filling up the DagBag from /home/airflow/.local/lib/python3.12/site-packages/airflow/example_dags/example_branch_python_dop_operator_3.py
[2024-11-18T19:24:54.558+0000] {processor.py:925} INFO - DAG(s) 'example_branch_dop_operator_v3' retrieved from /home/airflow/.local/lib/python3.12/site-packages/airflow/example_dags/example_branch_python_dop_operator_3.py
[2024-11-18T19:24:54.577+0000] {logging_mixin.py:190} INFO - [2024-11-18T19:24:54.577+0000] {dag.py:3239} INFO - Sync 1 DAGs
[2024-11-18T19:24:54.605+0000] {logging_mixin.py:190} INFO - [2024-11-18T19:24:54.605+0000] {dag.py:4180} INFO - Setting next_dagrun for example_branch_dop_operator_v3 to 2024-11-18 19:23:00+00:00, run_after=2024-11-18 19:24:00+00:00
[2024-11-18T19:24:54.627+0000] {processor.py:208} INFO - Processing /home/airflow/.local/lib/python3.12/site-packages/airflow/example_dags/example_branch_python_dop_operator_3.py took 0.089 seconds
[2024-11-18T19:25:25.834+0000] {processor.py:186} INFO - Started process (PID=2916) to work on /home/airflow/.local/lib/python3.12/site-packages/airflow/example_dags/example_branch_python_dop_operator_3.py
[2024-11-18T19:25:25.835+0000] {processor.py:914} INFO - Processing file /home/airflow/.local/lib/python3.12/site-packages/airflow/example_dags/example_branch_python_dop_operator_3.py for tasks to queue
[2024-11-18T19:25:25.837+0000] {logging_mixin.py:190} INFO - [2024-11-18T19:25:25.837+0000] {dagbag.py:588} INFO - Filling up the DagBag from /home/airflow/.local/lib/python3.12/site-packages/airflow/example_dags/example_branch_python_dop_operator_3.py
[2024-11-18T19:25:25.849+0000] {processor.py:925} INFO - DAG(s) 'example_branch_dop_operator_v3' retrieved from /home/airflow/.local/lib/python3.12/site-packages/airflow/example_dags/example_branch_python_dop_operator_3.py
[2024-11-18T19:25:25.869+0000] {logging_mixin.py:190} INFO - [2024-11-18T19:25:25.869+0000] {dag.py:3239} INFO - Sync 1 DAGs
[2024-11-18T19:25:25.896+0000] {logging_mixin.py:190} INFO - [2024-11-18T19:25:25.895+0000] {dag.py:4180} INFO - Setting next_dagrun for example_branch_dop_operator_v3 to 2024-11-18 19:24:00+00:00, run_after=2024-11-18 19:25:00+00:00
[2024-11-18T19:25:25.923+0000] {processor.py:208} INFO - Processing /home/airflow/.local/lib/python3.12/site-packages/airflow/example_dags/example_branch_python_dop_operator_3.py took 0.095 seconds
[2024-11-18T19:25:57.298+0000] {processor.py:186} INFO - Started process (PID=2981) to work on /home/airflow/.local/lib/python3.12/site-packages/airflow/example_dags/example_branch_python_dop_operator_3.py
[2024-11-18T19:25:57.298+0000] {processor.py:914} INFO - Processing file /home/airflow/.local/lib/python3.12/site-packages/airflow/example_dags/example_branch_python_dop_operator_3.py for tasks to queue
[2024-11-18T19:25:57.300+0000] {logging_mixin.py:190} INFO - [2024-11-18T19:25:57.300+0000] {dagbag.py:588} INFO - Filling up the DagBag from /home/airflow/.local/lib/python3.12/site-packages/airflow/example_dags/example_branch_python_dop_operator_3.py
[2024-11-18T19:25:57.312+0000] {processor.py:925} INFO - DAG(s) 'example_branch_dop_operator_v3' retrieved from /home/airflow/.local/lib/python3.12/site-packages/airflow/example_dags/example_branch_python_dop_operator_3.py
[2024-11-18T19:25:57.333+0000] {logging_mixin.py:190} INFO - [2024-11-18T19:25:57.333+0000] {dag.py:3239} INFO - Sync 1 DAGs
[2024-11-18T19:25:57.364+0000] {logging_mixin.py:190} INFO - [2024-11-18T19:25:57.363+0000] {dag.py:4180} INFO - Setting next_dagrun for example_branch_dop_operator_v3 to 2024-11-18 19:24:00+00:00, run_after=2024-11-18 19:25:00+00:00
[2024-11-18T19:25:57.387+0000] {processor.py:208} INFO - Processing /home/airflow/.local/lib/python3.12/site-packages/airflow/example_dags/example_branch_python_dop_operator_3.py took 0.096 seconds
[2024-11-18T19:26:28.064+0000] {processor.py:186} INFO - Started process (PID=3045) to work on /home/airflow/.local/lib/python3.12/site-packages/airflow/example_dags/example_branch_python_dop_operator_3.py
[2024-11-18T19:26:28.071+0000] {processor.py:914} INFO - Processing file /home/airflow/.local/lib/python3.12/site-packages/airflow/example_dags/example_branch_python_dop_operator_3.py for tasks to queue
[2024-11-18T19:26:28.073+0000] {logging_mixin.py:190} INFO - [2024-11-18T19:26:28.072+0000] {dagbag.py:588} INFO - Filling up the DagBag from /home/airflow/.local/lib/python3.12/site-packages/airflow/example_dags/example_branch_python_dop_operator_3.py
[2024-11-18T19:26:28.097+0000] {processor.py:925} INFO - DAG(s) 'example_branch_dop_operator_v3' retrieved from /home/airflow/.local/lib/python3.12/site-packages/airflow/example_dags/example_branch_python_dop_operator_3.py
[2024-11-18T19:26:28.132+0000] {logging_mixin.py:190} INFO - [2024-11-18T19:26:28.132+0000] {dag.py:3239} INFO - Sync 1 DAGs
[2024-11-18T19:26:28.163+0000] {logging_mixin.py:190} INFO - [2024-11-18T19:26:28.162+0000] {dag.py:4180} INFO - Setting next_dagrun for example_branch_dop_operator_v3 to 2024-11-18 19:25:00+00:00, run_after=2024-11-18 19:26:00+00:00
[2024-11-18T19:26:28.188+0000] {processor.py:208} INFO - Processing /home/airflow/.local/lib/python3.12/site-packages/airflow/example_dags/example_branch_python_dop_operator_3.py took 0.130 seconds
[2024-11-18T19:26:59.160+0000] {processor.py:186} INFO - Started process (PID=3109) to work on /home/airflow/.local/lib/python3.12/site-packages/airflow/example_dags/example_branch_python_dop_operator_3.py
[2024-11-18T19:26:59.161+0000] {processor.py:914} INFO - Processing file /home/airflow/.local/lib/python3.12/site-packages/airflow/example_dags/example_branch_python_dop_operator_3.py for tasks to queue
[2024-11-18T19:26:59.163+0000] {logging_mixin.py:190} INFO - [2024-11-18T19:26:59.163+0000] {dagbag.py:588} INFO - Filling up the DagBag from /home/airflow/.local/lib/python3.12/site-packages/airflow/example_dags/example_branch_python_dop_operator_3.py
[2024-11-18T19:26:59.173+0000] {processor.py:925} INFO - DAG(s) 'example_branch_dop_operator_v3' retrieved from /home/airflow/.local/lib/python3.12/site-packages/airflow/example_dags/example_branch_python_dop_operator_3.py
[2024-11-18T19:26:59.194+0000] {logging_mixin.py:190} INFO - [2024-11-18T19:26:59.194+0000] {dag.py:3239} INFO - Sync 1 DAGs
[2024-11-18T19:26:59.224+0000] {logging_mixin.py:190} INFO - [2024-11-18T19:26:59.223+0000] {dag.py:4180} INFO - Setting next_dagrun for example_branch_dop_operator_v3 to 2024-11-18 19:25:00+00:00, run_after=2024-11-18 19:26:00+00:00
[2024-11-18T19:26:59.247+0000] {processor.py:208} INFO - Processing /home/airflow/.local/lib/python3.12/site-packages/airflow/example_dags/example_branch_python_dop_operator_3.py took 0.092 seconds
[2024-11-18T19:27:29.812+0000] {processor.py:186} INFO - Started process (PID=3173) to work on /home/airflow/.local/lib/python3.12/site-packages/airflow/example_dags/example_branch_python_dop_operator_3.py
[2024-11-18T19:27:29.813+0000] {processor.py:914} INFO - Processing file /home/airflow/.local/lib/python3.12/site-packages/airflow/example_dags/example_branch_python_dop_operator_3.py for tasks to queue
[2024-11-18T19:27:29.815+0000] {logging_mixin.py:190} INFO - [2024-11-18T19:27:29.815+0000] {dagbag.py:588} INFO - Filling up the DagBag from /home/airflow/.local/lib/python3.12/site-packages/airflow/example_dags/example_branch_python_dop_operator_3.py
[2024-11-18T19:27:29.826+0000] {processor.py:925} INFO - DAG(s) 'example_branch_dop_operator_v3' retrieved from /home/airflow/.local/lib/python3.12/site-packages/airflow/example_dags/example_branch_python_dop_operator_3.py
[2024-11-18T19:27:29.846+0000] {logging_mixin.py:190} INFO - [2024-11-18T19:27:29.845+0000] {dag.py:3239} INFO - Sync 1 DAGs
[2024-11-18T19:27:29.872+0000] {logging_mixin.py:190} INFO - [2024-11-18T19:27:29.872+0000] {dag.py:4180} INFO - Setting next_dagrun for example_branch_dop_operator_v3 to 2024-11-18 19:26:00+00:00, run_after=2024-11-18 19:27:00+00:00
[2024-11-18T19:27:29.895+0000] {processor.py:208} INFO - Processing /home/airflow/.local/lib/python3.12/site-packages/airflow/example_dags/example_branch_python_dop_operator_3.py took 0.088 seconds
[2024-11-18T19:28:00.431+0000] {processor.py:186} INFO - Started process (PID=3239) to work on /home/airflow/.local/lib/python3.12/site-packages/airflow/example_dags/example_branch_python_dop_operator_3.py
[2024-11-18T19:28:00.432+0000] {processor.py:914} INFO - Processing file /home/airflow/.local/lib/python3.12/site-packages/airflow/example_dags/example_branch_python_dop_operator_3.py for tasks to queue
[2024-11-18T19:28:00.434+0000] {logging_mixin.py:190} INFO - [2024-11-18T19:28:00.434+0000] {dagbag.py:588} INFO - Filling up the DagBag from /home/airflow/.local/lib/python3.12/site-packages/airflow/example_dags/example_branch_python_dop_operator_3.py
[2024-11-18T19:28:00.445+0000] {processor.py:925} INFO - DAG(s) 'example_branch_dop_operator_v3' retrieved from /home/airflow/.local/lib/python3.12/site-packages/airflow/example_dags/example_branch_python_dop_operator_3.py
[2024-11-18T19:28:00.466+0000] {logging_mixin.py:190} INFO - [2024-11-18T19:28:00.466+0000] {dag.py:3239} INFO - Sync 1 DAGs
[2024-11-18T19:28:00.493+0000] {logging_mixin.py:190} INFO - [2024-11-18T19:28:00.493+0000] {dag.py:4180} INFO - Setting next_dagrun for example_branch_dop_operator_v3 to 2024-11-18 19:27:00+00:00, run_after=2024-11-18 19:28:00+00:00
[2024-11-18T19:28:00.517+0000] {processor.py:208} INFO - Processing /home/airflow/.local/lib/python3.12/site-packages/airflow/example_dags/example_branch_python_dop_operator_3.py took 0.091 seconds
[2024-11-18T19:28:30.673+0000] {processor.py:186} INFO - Started process (PID=3304) to work on /home/airflow/.local/lib/python3.12/site-packages/airflow/example_dags/example_branch_python_dop_operator_3.py
[2024-11-18T19:28:30.673+0000] {processor.py:914} INFO - Processing file /home/airflow/.local/lib/python3.12/site-packages/airflow/example_dags/example_branch_python_dop_operator_3.py for tasks to queue
[2024-11-18T19:28:30.676+0000] {logging_mixin.py:190} INFO - [2024-11-18T19:28:30.675+0000] {dagbag.py:588} INFO - Filling up the DagBag from /home/airflow/.local/lib/python3.12/site-packages/airflow/example_dags/example_branch_python_dop_operator_3.py
[2024-11-18T19:28:30.686+0000] {processor.py:925} INFO - DAG(s) 'example_branch_dop_operator_v3' retrieved from /home/airflow/.local/lib/python3.12/site-packages/airflow/example_dags/example_branch_python_dop_operator_3.py
[2024-11-18T19:28:30.708+0000] {logging_mixin.py:190} INFO - [2024-11-18T19:28:30.707+0000] {dag.py:3239} INFO - Sync 1 DAGs
[2024-11-18T19:28:30.735+0000] {logging_mixin.py:190} INFO - [2024-11-18T19:28:30.735+0000] {dag.py:4180} INFO - Setting next_dagrun for example_branch_dop_operator_v3 to 2024-11-18 19:27:00+00:00, run_after=2024-11-18 19:28:00+00:00
[2024-11-18T19:28:30.759+0000] {processor.py:208} INFO - Processing /home/airflow/.local/lib/python3.12/site-packages/airflow/example_dags/example_branch_python_dop_operator_3.py took 0.091 seconds
[2024-11-18T19:29:01.538+0000] {processor.py:186} INFO - Started process (PID=3367) to work on /home/airflow/.local/lib/python3.12/site-packages/airflow/example_dags/example_branch_python_dop_operator_3.py
[2024-11-18T19:29:01.538+0000] {processor.py:914} INFO - Processing file /home/airflow/.local/lib/python3.12/site-packages/airflow/example_dags/example_branch_python_dop_operator_3.py for tasks to queue
[2024-11-18T19:29:01.541+0000] {logging_mixin.py:190} INFO - [2024-11-18T19:29:01.540+0000] {dagbag.py:588} INFO - Filling up the DagBag from /home/airflow/.local/lib/python3.12/site-packages/airflow/example_dags/example_branch_python_dop_operator_3.py
[2024-11-18T19:29:01.551+0000] {processor.py:925} INFO - DAG(s) 'example_branch_dop_operator_v3' retrieved from /home/airflow/.local/lib/python3.12/site-packages/airflow/example_dags/example_branch_python_dop_operator_3.py
[2024-11-18T19:29:01.575+0000] {logging_mixin.py:190} INFO - [2024-11-18T19:29:01.575+0000] {dag.py:3239} INFO - Sync 1 DAGs
[2024-11-18T19:29:01.778+0000] {logging_mixin.py:190} INFO - [2024-11-18T19:29:01.777+0000] {dag.py:4180} INFO - Setting next_dagrun for example_branch_dop_operator_v3 to 2024-11-18 19:28:00+00:00, run_after=2024-11-18 19:29:00+00:00
[2024-11-18T19:29:01.809+0000] {processor.py:208} INFO - Processing /home/airflow/.local/lib/python3.12/site-packages/airflow/example_dags/example_branch_python_dop_operator_3.py took 0.277 seconds
[2024-11-18T19:29:32.234+0000] {processor.py:186} INFO - Started process (PID=3431) to work on /home/airflow/.local/lib/python3.12/site-packages/airflow/example_dags/example_branch_python_dop_operator_3.py
[2024-11-18T19:29:32.235+0000] {processor.py:914} INFO - Processing file /home/airflow/.local/lib/python3.12/site-packages/airflow/example_dags/example_branch_python_dop_operator_3.py for tasks to queue
[2024-11-18T19:29:32.237+0000] {logging_mixin.py:190} INFO - [2024-11-18T19:29:32.236+0000] {dagbag.py:588} INFO - Filling up the DagBag from /home/airflow/.local/lib/python3.12/site-packages/airflow/example_dags/example_branch_python_dop_operator_3.py
[2024-11-18T19:29:32.248+0000] {processor.py:925} INFO - DAG(s) 'example_branch_dop_operator_v3' retrieved from /home/airflow/.local/lib/python3.12/site-packages/airflow/example_dags/example_branch_python_dop_operator_3.py
[2024-11-18T19:29:32.268+0000] {logging_mixin.py:190} INFO - [2024-11-18T19:29:32.268+0000] {dag.py:3239} INFO - Sync 1 DAGs
[2024-11-18T19:29:32.296+0000] {logging_mixin.py:190} INFO - [2024-11-18T19:29:32.296+0000] {dag.py:4180} INFO - Setting next_dagrun for example_branch_dop_operator_v3 to 2024-11-18 19:28:00+00:00, run_after=2024-11-18 19:29:00+00:00
[2024-11-18T19:29:32.493+0000] {processor.py:208} INFO - Processing /home/airflow/.local/lib/python3.12/site-packages/airflow/example_dags/example_branch_python_dop_operator_3.py took 0.265 seconds
[2024-11-18T19:30:02.728+0000] {processor.py:186} INFO - Started process (PID=3495) to work on /home/airflow/.local/lib/python3.12/site-packages/airflow/example_dags/example_branch_python_dop_operator_3.py
[2024-11-18T19:30:02.729+0000] {processor.py:914} INFO - Processing file /home/airflow/.local/lib/python3.12/site-packages/airflow/example_dags/example_branch_python_dop_operator_3.py for tasks to queue
[2024-11-18T19:30:02.731+0000] {logging_mixin.py:190} INFO - [2024-11-18T19:30:02.731+0000] {dagbag.py:588} INFO - Filling up the DagBag from /home/airflow/.local/lib/python3.12/site-packages/airflow/example_dags/example_branch_python_dop_operator_3.py
[2024-11-18T19:30:02.742+0000] {processor.py:925} INFO - DAG(s) 'example_branch_dop_operator_v3' retrieved from /home/airflow/.local/lib/python3.12/site-packages/airflow/example_dags/example_branch_python_dop_operator_3.py
[2024-11-18T19:30:02.769+0000] {logging_mixin.py:190} INFO - [2024-11-18T19:30:02.769+0000] {dag.py:3239} INFO - Sync 1 DAGs
[2024-11-18T19:30:02.797+0000] {logging_mixin.py:190} INFO - [2024-11-18T19:30:02.796+0000] {dag.py:4180} INFO - Setting next_dagrun for example_branch_dop_operator_v3 to 2024-11-18 19:29:00+00:00, run_after=2024-11-18 19:30:00+00:00
[2024-11-18T19:30:02.819+0000] {processor.py:208} INFO - Processing /home/airflow/.local/lib/python3.12/site-packages/airflow/example_dags/example_branch_python_dop_operator_3.py took 0.104 seconds
[2024-11-18T19:30:32.908+0000] {processor.py:186} INFO - Started process (PID=3559) to work on /home/airflow/.local/lib/python3.12/site-packages/airflow/example_dags/example_branch_python_dop_operator_3.py
[2024-11-18T19:30:32.909+0000] {processor.py:914} INFO - Processing file /home/airflow/.local/lib/python3.12/site-packages/airflow/example_dags/example_branch_python_dop_operator_3.py for tasks to queue
[2024-11-18T19:30:32.912+0000] {logging_mixin.py:190} INFO - [2024-11-18T19:30:32.912+0000] {dagbag.py:588} INFO - Filling up the DagBag from /home/airflow/.local/lib/python3.12/site-packages/airflow/example_dags/example_branch_python_dop_operator_3.py
[2024-11-18T19:30:32.925+0000] {processor.py:925} INFO - DAG(s) 'example_branch_dop_operator_v3' retrieved from /home/airflow/.local/lib/python3.12/site-packages/airflow/example_dags/example_branch_python_dop_operator_3.py
[2024-11-18T19:30:32.968+0000] {logging_mixin.py:190} INFO - [2024-11-18T19:30:32.967+0000] {dag.py:3239} INFO - Sync 1 DAGs
[2024-11-18T19:30:32.996+0000] {logging_mixin.py:190} INFO - [2024-11-18T19:30:32.996+0000] {dag.py:4180} INFO - Setting next_dagrun for example_branch_dop_operator_v3 to 2024-11-18 19:29:00+00:00, run_after=2024-11-18 19:30:00+00:00
[2024-11-18T19:30:33.019+0000] {processor.py:208} INFO - Processing /home/airflow/.local/lib/python3.12/site-packages/airflow/example_dags/example_branch_python_dop_operator_3.py took 0.120 seconds
