[2024-11-18T19:02:41.251+0000] {processor.py:186} INFO - Started process (PID=117) to work on /home/airflow/.local/lib/python3.12/site-packages/airflow/example_dags/example_complex.py
[2024-11-18T19:02:41.252+0000] {processor.py:914} INFO - Processing file /home/airflow/.local/lib/python3.12/site-packages/airflow/example_dags/example_complex.py for tasks to queue
[2024-11-18T19:02:41.254+0000] {logging_mixin.py:190} INFO - [2024-11-18T19:02:41.253+0000] {dagbag.py:588} INFO - Filling up the DagBag from /home/airflow/.local/lib/python3.12/site-packages/airflow/example_dags/example_complex.py
[2024-11-18T19:02:41.292+0000] {processor.py:925} INFO - DAG(s) 'example_complex' retrieved from /home/airflow/.local/lib/python3.12/site-packages/airflow/example_dags/example_complex.py
[2024-11-18T19:02:41.430+0000] {logging_mixin.py:190} INFO - [2024-11-18T19:02:41.429+0000] {dag.py:3239} INFO - Sync 1 DAGs
[2024-11-18T19:02:41.505+0000] {logging_mixin.py:190} INFO - [2024-11-18T19:02:41.504+0000] {dag.py:4180} INFO - Setting next_dagrun for example_complex to None, run_after=None
[2024-11-18T19:02:41.599+0000] {processor.py:208} INFO - Processing /home/airflow/.local/lib/python3.12/site-packages/airflow/example_dags/example_complex.py took 0.354 seconds
[2024-11-18T19:03:11.933+0000] {processor.py:186} INFO - Started process (PID=180) to work on /home/airflow/.local/lib/python3.12/site-packages/airflow/example_dags/example_complex.py
[2024-11-18T19:03:11.937+0000] {processor.py:914} INFO - Processing file /home/airflow/.local/lib/python3.12/site-packages/airflow/example_dags/example_complex.py for tasks to queue
[2024-11-18T19:03:11.964+0000] {logging_mixin.py:190} INFO - [2024-11-18T19:03:11.963+0000] {dagbag.py:588} INFO - Filling up the DagBag from /home/airflow/.local/lib/python3.12/site-packages/airflow/example_dags/example_complex.py
[2024-11-18T19:03:12.063+0000] {processor.py:925} INFO - DAG(s) 'example_complex' retrieved from /home/airflow/.local/lib/python3.12/site-packages/airflow/example_dags/example_complex.py
[2024-11-18T19:03:12.473+0000] {logging_mixin.py:190} INFO - [2024-11-18T19:03:12.472+0000] {dag.py:3239} INFO - Sync 1 DAGs
[2024-11-18T19:03:12.565+0000] {logging_mixin.py:190} INFO - [2024-11-18T19:03:12.565+0000] {dag.py:4180} INFO - Setting next_dagrun for example_complex to None, run_after=None
[2024-11-18T19:03:12.905+0000] {processor.py:208} INFO - Processing /home/airflow/.local/lib/python3.12/site-packages/airflow/example_dags/example_complex.py took 1.043 seconds
[2024-11-18T19:04:27.856+0000] {processor.py:186} INFO - Started process (PID=272) to work on /home/airflow/.local/lib/python3.12/site-packages/airflow/example_dags/example_complex.py
[2024-11-18T19:04:27.863+0000] {processor.py:914} INFO - Processing file /home/airflow/.local/lib/python3.12/site-packages/airflow/example_dags/example_complex.py for tasks to queue
[2024-11-18T19:04:27.865+0000] {logging_mixin.py:190} INFO - [2024-11-18T19:04:27.864+0000] {dagbag.py:588} INFO - Filling up the DagBag from /home/airflow/.local/lib/python3.12/site-packages/airflow/example_dags/example_complex.py
[2024-11-18T19:04:27.888+0000] {processor.py:925} INFO - DAG(s) 'example_complex' retrieved from /home/airflow/.local/lib/python3.12/site-packages/airflow/example_dags/example_complex.py
[2024-11-18T19:04:27.956+0000] {logging_mixin.py:190} INFO - [2024-11-18T19:04:27.956+0000] {dag.py:3239} INFO - Sync 1 DAGs
[2024-11-18T19:04:27.981+0000] {logging_mixin.py:190} INFO - [2024-11-18T19:04:27.981+0000] {dag.py:4180} INFO - Setting next_dagrun for example_complex to None, run_after=None
[2024-11-18T19:04:28.013+0000] {processor.py:208} INFO - Processing /home/airflow/.local/lib/python3.12/site-packages/airflow/example_dags/example_complex.py took 0.167 seconds
[2024-11-18T19:04:58.260+0000] {processor.py:186} INFO - Started process (PID=335) to work on /home/airflow/.local/lib/python3.12/site-packages/airflow/example_dags/example_complex.py
[2024-11-18T19:04:58.260+0000] {processor.py:914} INFO - Processing file /home/airflow/.local/lib/python3.12/site-packages/airflow/example_dags/example_complex.py for tasks to queue
[2024-11-18T19:04:58.263+0000] {logging_mixin.py:190} INFO - [2024-11-18T19:04:58.262+0000] {dagbag.py:588} INFO - Filling up the DagBag from /home/airflow/.local/lib/python3.12/site-packages/airflow/example_dags/example_complex.py
[2024-11-18T19:04:58.277+0000] {processor.py:925} INFO - DAG(s) 'example_complex' retrieved from /home/airflow/.local/lib/python3.12/site-packages/airflow/example_dags/example_complex.py
[2024-11-18T19:04:58.315+0000] {logging_mixin.py:190} INFO - [2024-11-18T19:04:58.315+0000] {dag.py:3239} INFO - Sync 1 DAGs
[2024-11-18T19:04:58.332+0000] {logging_mixin.py:190} INFO - [2024-11-18T19:04:58.331+0000] {dag.py:4180} INFO - Setting next_dagrun for example_complex to None, run_after=None
[2024-11-18T19:04:58.366+0000] {processor.py:208} INFO - Processing /home/airflow/.local/lib/python3.12/site-packages/airflow/example_dags/example_complex.py took 0.112 seconds
[2024-11-18T19:05:30.130+0000] {processor.py:186} INFO - Started process (PID=398) to work on /home/airflow/.local/lib/python3.12/site-packages/airflow/example_dags/example_complex.py
[2024-11-18T19:05:30.143+0000] {processor.py:914} INFO - Processing file /home/airflow/.local/lib/python3.12/site-packages/airflow/example_dags/example_complex.py for tasks to queue
[2024-11-18T19:05:30.145+0000] {logging_mixin.py:190} INFO - [2024-11-18T19:05:30.145+0000] {dagbag.py:588} INFO - Filling up the DagBag from /home/airflow/.local/lib/python3.12/site-packages/airflow/example_dags/example_complex.py
[2024-11-18T19:05:30.181+0000] {processor.py:925} INFO - DAG(s) 'example_complex' retrieved from /home/airflow/.local/lib/python3.12/site-packages/airflow/example_dags/example_complex.py
[2024-11-18T19:05:30.254+0000] {logging_mixin.py:190} INFO - [2024-11-18T19:05:30.246+0000] {dag.py:3239} INFO - Sync 1 DAGs
[2024-11-18T19:05:30.277+0000] {logging_mixin.py:190} INFO - [2024-11-18T19:05:30.277+0000] {dag.py:4180} INFO - Setting next_dagrun for example_complex to None, run_after=None
[2024-11-18T19:05:30.331+0000] {processor.py:208} INFO - Processing /home/airflow/.local/lib/python3.12/site-packages/airflow/example_dags/example_complex.py took 0.211 seconds
[2024-11-18T19:06:00.467+0000] {processor.py:186} INFO - Started process (PID=462) to work on /home/airflow/.local/lib/python3.12/site-packages/airflow/example_dags/example_complex.py
[2024-11-18T19:06:00.468+0000] {processor.py:914} INFO - Processing file /home/airflow/.local/lib/python3.12/site-packages/airflow/example_dags/example_complex.py for tasks to queue
[2024-11-18T19:06:00.470+0000] {logging_mixin.py:190} INFO - [2024-11-18T19:06:00.470+0000] {dagbag.py:588} INFO - Filling up the DagBag from /home/airflow/.local/lib/python3.12/site-packages/airflow/example_dags/example_complex.py
[2024-11-18T19:06:00.484+0000] {processor.py:925} INFO - DAG(s) 'example_complex' retrieved from /home/airflow/.local/lib/python3.12/site-packages/airflow/example_dags/example_complex.py
[2024-11-18T19:06:00.518+0000] {logging_mixin.py:190} INFO - [2024-11-18T19:06:00.517+0000] {dag.py:3239} INFO - Sync 1 DAGs
[2024-11-18T19:06:00.529+0000] {logging_mixin.py:190} INFO - [2024-11-18T19:06:00.529+0000] {dag.py:4180} INFO - Setting next_dagrun for example_complex to None, run_after=None
[2024-11-18T19:06:00.546+0000] {processor.py:208} INFO - Processing /home/airflow/.local/lib/python3.12/site-packages/airflow/example_dags/example_complex.py took 0.086 seconds
[2024-11-18T19:06:30.991+0000] {processor.py:186} INFO - Started process (PID=525) to work on /home/airflow/.local/lib/python3.12/site-packages/airflow/example_dags/example_complex.py
[2024-11-18T19:06:30.991+0000] {processor.py:914} INFO - Processing file /home/airflow/.local/lib/python3.12/site-packages/airflow/example_dags/example_complex.py for tasks to queue
[2024-11-18T19:06:30.993+0000] {logging_mixin.py:190} INFO - [2024-11-18T19:06:30.993+0000] {dagbag.py:588} INFO - Filling up the DagBag from /home/airflow/.local/lib/python3.12/site-packages/airflow/example_dags/example_complex.py
[2024-11-18T19:06:31.008+0000] {processor.py:925} INFO - DAG(s) 'example_complex' retrieved from /home/airflow/.local/lib/python3.12/site-packages/airflow/example_dags/example_complex.py
[2024-11-18T19:06:31.078+0000] {logging_mixin.py:190} INFO - [2024-11-18T19:06:31.078+0000] {dag.py:3239} INFO - Sync 1 DAGs
[2024-11-18T19:06:31.099+0000] {logging_mixin.py:190} INFO - [2024-11-18T19:06:31.098+0000] {dag.py:4180} INFO - Setting next_dagrun for example_complex to None, run_after=None
[2024-11-18T19:06:31.129+0000] {processor.py:208} INFO - Processing /home/airflow/.local/lib/python3.12/site-packages/airflow/example_dags/example_complex.py took 0.144 seconds
[2024-11-18T19:07:01.600+0000] {processor.py:186} INFO - Started process (PID=590) to work on /home/airflow/.local/lib/python3.12/site-packages/airflow/example_dags/example_complex.py
[2024-11-18T19:07:01.601+0000] {processor.py:914} INFO - Processing file /home/airflow/.local/lib/python3.12/site-packages/airflow/example_dags/example_complex.py for tasks to queue
[2024-11-18T19:07:01.603+0000] {logging_mixin.py:190} INFO - [2024-11-18T19:07:01.602+0000] {dagbag.py:588} INFO - Filling up the DagBag from /home/airflow/.local/lib/python3.12/site-packages/airflow/example_dags/example_complex.py
[2024-11-18T19:07:01.617+0000] {processor.py:925} INFO - DAG(s) 'example_complex' retrieved from /home/airflow/.local/lib/python3.12/site-packages/airflow/example_dags/example_complex.py
[2024-11-18T19:07:01.651+0000] {logging_mixin.py:190} INFO - [2024-11-18T19:07:01.650+0000] {dag.py:3239} INFO - Sync 1 DAGs
[2024-11-18T19:07:01.662+0000] {logging_mixin.py:190} INFO - [2024-11-18T19:07:01.662+0000] {dag.py:4180} INFO - Setting next_dagrun for example_complex to None, run_after=None
[2024-11-18T19:07:01.680+0000] {processor.py:208} INFO - Processing /home/airflow/.local/lib/python3.12/site-packages/airflow/example_dags/example_complex.py took 0.086 seconds
[2024-11-18T19:07:32.839+0000] {processor.py:186} INFO - Started process (PID=654) to work on /home/airflow/.local/lib/python3.12/site-packages/airflow/example_dags/example_complex.py
[2024-11-18T19:07:32.840+0000] {processor.py:914} INFO - Processing file /home/airflow/.local/lib/python3.12/site-packages/airflow/example_dags/example_complex.py for tasks to queue
[2024-11-18T19:07:32.842+0000] {logging_mixin.py:190} INFO - [2024-11-18T19:07:32.841+0000] {dagbag.py:588} INFO - Filling up the DagBag from /home/airflow/.local/lib/python3.12/site-packages/airflow/example_dags/example_complex.py
[2024-11-18T19:07:32.852+0000] {processor.py:925} INFO - DAG(s) 'example_complex' retrieved from /home/airflow/.local/lib/python3.12/site-packages/airflow/example_dags/example_complex.py
[2024-11-18T19:07:32.884+0000] {logging_mixin.py:190} INFO - [2024-11-18T19:07:32.884+0000] {dag.py:3239} INFO - Sync 1 DAGs
[2024-11-18T19:07:32.896+0000] {logging_mixin.py:190} INFO - [2024-11-18T19:07:32.896+0000] {dag.py:4180} INFO - Setting next_dagrun for example_complex to None, run_after=None
[2024-11-18T19:07:32.913+0000] {processor.py:208} INFO - Processing /home/airflow/.local/lib/python3.12/site-packages/airflow/example_dags/example_complex.py took 0.079 seconds
[2024-11-18T19:08:03.880+0000] {processor.py:186} INFO - Started process (PID=719) to work on /home/airflow/.local/lib/python3.12/site-packages/airflow/example_dags/example_complex.py
[2024-11-18T19:08:03.881+0000] {processor.py:914} INFO - Processing file /home/airflow/.local/lib/python3.12/site-packages/airflow/example_dags/example_complex.py for tasks to queue
[2024-11-18T19:08:03.883+0000] {logging_mixin.py:190} INFO - [2024-11-18T19:08:03.883+0000] {dagbag.py:588} INFO - Filling up the DagBag from /home/airflow/.local/lib/python3.12/site-packages/airflow/example_dags/example_complex.py
[2024-11-18T19:08:03.897+0000] {processor.py:925} INFO - DAG(s) 'example_complex' retrieved from /home/airflow/.local/lib/python3.12/site-packages/airflow/example_dags/example_complex.py
[2024-11-18T19:08:03.937+0000] {logging_mixin.py:190} INFO - [2024-11-18T19:08:03.937+0000] {dag.py:3239} INFO - Sync 1 DAGs
[2024-11-18T19:08:03.953+0000] {logging_mixin.py:190} INFO - [2024-11-18T19:08:03.953+0000] {dag.py:4180} INFO - Setting next_dagrun for example_complex to None, run_after=None
[2024-11-18T19:08:03.977+0000] {processor.py:208} INFO - Processing /home/airflow/.local/lib/python3.12/site-packages/airflow/example_dags/example_complex.py took 0.103 seconds
[2024-11-18T19:08:35.058+0000] {processor.py:186} INFO - Started process (PID=785) to work on /home/airflow/.local/lib/python3.12/site-packages/airflow/example_dags/example_complex.py
[2024-11-18T19:08:35.063+0000] {processor.py:914} INFO - Processing file /home/airflow/.local/lib/python3.12/site-packages/airflow/example_dags/example_complex.py for tasks to queue
[2024-11-18T19:08:35.067+0000] {logging_mixin.py:190} INFO - [2024-11-18T19:08:35.067+0000] {dagbag.py:588} INFO - Filling up the DagBag from /home/airflow/.local/lib/python3.12/site-packages/airflow/example_dags/example_complex.py
[2024-11-18T19:08:35.086+0000] {processor.py:925} INFO - DAG(s) 'example_complex' retrieved from /home/airflow/.local/lib/python3.12/site-packages/airflow/example_dags/example_complex.py
[2024-11-18T19:08:35.199+0000] {logging_mixin.py:190} INFO - [2024-11-18T19:08:35.199+0000] {dag.py:3239} INFO - Sync 1 DAGs
[2024-11-18T19:08:35.218+0000] {logging_mixin.py:190} INFO - [2024-11-18T19:08:35.218+0000] {dag.py:4180} INFO - Setting next_dagrun for example_complex to None, run_after=None
[2024-11-18T19:08:35.240+0000] {processor.py:208} INFO - Processing /home/airflow/.local/lib/python3.12/site-packages/airflow/example_dags/example_complex.py took 0.197 seconds
[2024-11-18T19:09:05.720+0000] {processor.py:186} INFO - Started process (PID=848) to work on /home/airflow/.local/lib/python3.12/site-packages/airflow/example_dags/example_complex.py
[2024-11-18T19:09:05.721+0000] {processor.py:914} INFO - Processing file /home/airflow/.local/lib/python3.12/site-packages/airflow/example_dags/example_complex.py for tasks to queue
[2024-11-18T19:09:05.723+0000] {logging_mixin.py:190} INFO - [2024-11-18T19:09:05.722+0000] {dagbag.py:588} INFO - Filling up the DagBag from /home/airflow/.local/lib/python3.12/site-packages/airflow/example_dags/example_complex.py
[2024-11-18T19:09:05.737+0000] {processor.py:925} INFO - DAG(s) 'example_complex' retrieved from /home/airflow/.local/lib/python3.12/site-packages/airflow/example_dags/example_complex.py
[2024-11-18T19:09:05.776+0000] {logging_mixin.py:190} INFO - [2024-11-18T19:09:05.776+0000] {dag.py:3239} INFO - Sync 1 DAGs
[2024-11-18T19:09:05.792+0000] {logging_mixin.py:190} INFO - [2024-11-18T19:09:05.792+0000] {dag.py:4180} INFO - Setting next_dagrun for example_complex to None, run_after=None
[2024-11-18T19:09:05.816+0000] {processor.py:208} INFO - Processing /home/airflow/.local/lib/python3.12/site-packages/airflow/example_dags/example_complex.py took 0.108 seconds
[2024-11-18T19:09:36.112+0000] {processor.py:186} INFO - Started process (PID=912) to work on /home/airflow/.local/lib/python3.12/site-packages/airflow/example_dags/example_complex.py
[2024-11-18T19:09:36.113+0000] {processor.py:914} INFO - Processing file /home/airflow/.local/lib/python3.12/site-packages/airflow/example_dags/example_complex.py for tasks to queue
[2024-11-18T19:09:36.118+0000] {logging_mixin.py:190} INFO - [2024-11-18T19:09:36.118+0000] {dagbag.py:588} INFO - Filling up the DagBag from /home/airflow/.local/lib/python3.12/site-packages/airflow/example_dags/example_complex.py
[2024-11-18T19:09:36.137+0000] {processor.py:925} INFO - DAG(s) 'example_complex' retrieved from /home/airflow/.local/lib/python3.12/site-packages/airflow/example_dags/example_complex.py
[2024-11-18T19:09:36.172+0000] {logging_mixin.py:190} INFO - [2024-11-18T19:09:36.171+0000] {dag.py:3239} INFO - Sync 1 DAGs
[2024-11-18T19:09:36.187+0000] {logging_mixin.py:190} INFO - [2024-11-18T19:09:36.187+0000] {dag.py:4180} INFO - Setting next_dagrun for example_complex to None, run_after=None
[2024-11-18T19:09:36.209+0000] {processor.py:208} INFO - Processing /home/airflow/.local/lib/python3.12/site-packages/airflow/example_dags/example_complex.py took 0.125 seconds
[2024-11-18T19:10:06.444+0000] {processor.py:186} INFO - Started process (PID=977) to work on /home/airflow/.local/lib/python3.12/site-packages/airflow/example_dags/example_complex.py
[2024-11-18T19:10:06.445+0000] {processor.py:914} INFO - Processing file /home/airflow/.local/lib/python3.12/site-packages/airflow/example_dags/example_complex.py for tasks to queue
[2024-11-18T19:10:06.447+0000] {logging_mixin.py:190} INFO - [2024-11-18T19:10:06.446+0000] {dagbag.py:588} INFO - Filling up the DagBag from /home/airflow/.local/lib/python3.12/site-packages/airflow/example_dags/example_complex.py
[2024-11-18T19:10:06.460+0000] {processor.py:925} INFO - DAG(s) 'example_complex' retrieved from /home/airflow/.local/lib/python3.12/site-packages/airflow/example_dags/example_complex.py
[2024-11-18T19:10:06.494+0000] {logging_mixin.py:190} INFO - [2024-11-18T19:10:06.494+0000] {dag.py:3239} INFO - Sync 1 DAGs
[2024-11-18T19:10:06.508+0000] {logging_mixin.py:190} INFO - [2024-11-18T19:10:06.508+0000] {dag.py:4180} INFO - Setting next_dagrun for example_complex to None, run_after=None
[2024-11-18T19:10:06.538+0000] {processor.py:208} INFO - Processing /home/airflow/.local/lib/python3.12/site-packages/airflow/example_dags/example_complex.py took 0.100 seconds
[2024-11-18T19:10:36.846+0000] {processor.py:186} INFO - Started process (PID=1040) to work on /home/airflow/.local/lib/python3.12/site-packages/airflow/example_dags/example_complex.py
[2024-11-18T19:10:36.846+0000] {processor.py:914} INFO - Processing file /home/airflow/.local/lib/python3.12/site-packages/airflow/example_dags/example_complex.py for tasks to queue
[2024-11-18T19:10:36.849+0000] {logging_mixin.py:190} INFO - [2024-11-18T19:10:36.848+0000] {dagbag.py:588} INFO - Filling up the DagBag from /home/airflow/.local/lib/python3.12/site-packages/airflow/example_dags/example_complex.py
[2024-11-18T19:10:36.863+0000] {processor.py:925} INFO - DAG(s) 'example_complex' retrieved from /home/airflow/.local/lib/python3.12/site-packages/airflow/example_dags/example_complex.py
[2024-11-18T19:10:36.904+0000] {logging_mixin.py:190} INFO - [2024-11-18T19:10:36.904+0000] {dag.py:3239} INFO - Sync 1 DAGs
[2024-11-18T19:10:36.921+0000] {logging_mixin.py:190} INFO - [2024-11-18T19:10:36.921+0000] {dag.py:4180} INFO - Setting next_dagrun for example_complex to None, run_after=None
[2024-11-18T19:10:36.942+0000] {processor.py:208} INFO - Processing /home/airflow/.local/lib/python3.12/site-packages/airflow/example_dags/example_complex.py took 0.104 seconds
[2024-11-18T19:11:07.363+0000] {processor.py:186} INFO - Started process (PID=1105) to work on /home/airflow/.local/lib/python3.12/site-packages/airflow/example_dags/example_complex.py
[2024-11-18T19:11:07.364+0000] {processor.py:914} INFO - Processing file /home/airflow/.local/lib/python3.12/site-packages/airflow/example_dags/example_complex.py for tasks to queue
[2024-11-18T19:11:07.366+0000] {logging_mixin.py:190} INFO - [2024-11-18T19:11:07.366+0000] {dagbag.py:588} INFO - Filling up the DagBag from /home/airflow/.local/lib/python3.12/site-packages/airflow/example_dags/example_complex.py
[2024-11-18T19:11:07.398+0000] {processor.py:925} INFO - DAG(s) 'example_complex' retrieved from /home/airflow/.local/lib/python3.12/site-packages/airflow/example_dags/example_complex.py
[2024-11-18T19:11:07.509+0000] {logging_mixin.py:190} INFO - [2024-11-18T19:11:07.509+0000] {dag.py:3239} INFO - Sync 1 DAGs
[2024-11-18T19:11:07.525+0000] {logging_mixin.py:190} INFO - [2024-11-18T19:11:07.525+0000] {dag.py:4180} INFO - Setting next_dagrun for example_complex to None, run_after=None
[2024-11-18T19:11:07.552+0000] {processor.py:208} INFO - Processing /home/airflow/.local/lib/python3.12/site-packages/airflow/example_dags/example_complex.py took 0.211 seconds
[2024-11-18T19:11:38.555+0000] {processor.py:186} INFO - Started process (PID=1170) to work on /home/airflow/.local/lib/python3.12/site-packages/airflow/example_dags/example_complex.py
[2024-11-18T19:11:38.556+0000] {processor.py:914} INFO - Processing file /home/airflow/.local/lib/python3.12/site-packages/airflow/example_dags/example_complex.py for tasks to queue
[2024-11-18T19:11:38.558+0000] {logging_mixin.py:190} INFO - [2024-11-18T19:11:38.558+0000] {dagbag.py:588} INFO - Filling up the DagBag from /home/airflow/.local/lib/python3.12/site-packages/airflow/example_dags/example_complex.py
[2024-11-18T19:11:38.581+0000] {processor.py:925} INFO - DAG(s) 'example_complex' retrieved from /home/airflow/.local/lib/python3.12/site-packages/airflow/example_dags/example_complex.py
[2024-11-18T19:11:38.630+0000] {logging_mixin.py:190} INFO - [2024-11-18T19:11:38.629+0000] {dag.py:3239} INFO - Sync 1 DAGs
[2024-11-18T19:11:38.646+0000] {logging_mixin.py:190} INFO - [2024-11-18T19:11:38.646+0000] {dag.py:4180} INFO - Setting next_dagrun for example_complex to None, run_after=None
[2024-11-18T19:11:38.666+0000] {processor.py:208} INFO - Processing /home/airflow/.local/lib/python3.12/site-packages/airflow/example_dags/example_complex.py took 0.132 seconds
[2024-11-18T19:12:08.776+0000] {processor.py:186} INFO - Started process (PID=1234) to work on /home/airflow/.local/lib/python3.12/site-packages/airflow/example_dags/example_complex.py
[2024-11-18T19:12:08.787+0000] {processor.py:914} INFO - Processing file /home/airflow/.local/lib/python3.12/site-packages/airflow/example_dags/example_complex.py for tasks to queue
[2024-11-18T19:12:08.789+0000] {logging_mixin.py:190} INFO - [2024-11-18T19:12:08.788+0000] {dagbag.py:588} INFO - Filling up the DagBag from /home/airflow/.local/lib/python3.12/site-packages/airflow/example_dags/example_complex.py
[2024-11-18T19:12:08.832+0000] {processor.py:925} INFO - DAG(s) 'example_complex' retrieved from /home/airflow/.local/lib/python3.12/site-packages/airflow/example_dags/example_complex.py
[2024-11-18T19:12:08.908+0000] {logging_mixin.py:190} INFO - [2024-11-18T19:12:08.908+0000] {dag.py:3239} INFO - Sync 1 DAGs
[2024-11-18T19:12:08.933+0000] {logging_mixin.py:190} INFO - [2024-11-18T19:12:08.930+0000] {dag.py:4180} INFO - Setting next_dagrun for example_complex to None, run_after=None
[2024-11-18T19:12:09.015+0000] {processor.py:208} INFO - Processing /home/airflow/.local/lib/python3.12/site-packages/airflow/example_dags/example_complex.py took 0.254 seconds
[2024-11-18T19:12:39.065+0000] {processor.py:186} INFO - Started process (PID=1298) to work on /home/airflow/.local/lib/python3.12/site-packages/airflow/example_dags/example_complex.py
[2024-11-18T19:12:39.066+0000] {processor.py:914} INFO - Processing file /home/airflow/.local/lib/python3.12/site-packages/airflow/example_dags/example_complex.py for tasks to queue
[2024-11-18T19:12:39.067+0000] {logging_mixin.py:190} INFO - [2024-11-18T19:12:39.067+0000] {dagbag.py:588} INFO - Filling up the DagBag from /home/airflow/.local/lib/python3.12/site-packages/airflow/example_dags/example_complex.py
[2024-11-18T19:12:39.076+0000] {processor.py:925} INFO - DAG(s) 'example_complex' retrieved from /home/airflow/.local/lib/python3.12/site-packages/airflow/example_dags/example_complex.py
[2024-11-18T19:12:39.100+0000] {logging_mixin.py:190} INFO - [2024-11-18T19:12:39.100+0000] {dag.py:3239} INFO - Sync 1 DAGs
[2024-11-18T19:12:39.111+0000] {logging_mixin.py:190} INFO - [2024-11-18T19:12:39.111+0000] {dag.py:4180} INFO - Setting next_dagrun for example_complex to None, run_after=None
[2024-11-18T19:12:39.129+0000] {processor.py:208} INFO - Processing /home/airflow/.local/lib/python3.12/site-packages/airflow/example_dags/example_complex.py took 0.068 seconds
[2024-11-18T19:13:09.500+0000] {processor.py:186} INFO - Started process (PID=1362) to work on /home/airflow/.local/lib/python3.12/site-packages/airflow/example_dags/example_complex.py
[2024-11-18T19:13:09.500+0000] {processor.py:914} INFO - Processing file /home/airflow/.local/lib/python3.12/site-packages/airflow/example_dags/example_complex.py for tasks to queue
[2024-11-18T19:13:09.503+0000] {logging_mixin.py:190} INFO - [2024-11-18T19:13:09.502+0000] {dagbag.py:588} INFO - Filling up the DagBag from /home/airflow/.local/lib/python3.12/site-packages/airflow/example_dags/example_complex.py
[2024-11-18T19:13:09.517+0000] {processor.py:925} INFO - DAG(s) 'example_complex' retrieved from /home/airflow/.local/lib/python3.12/site-packages/airflow/example_dags/example_complex.py
[2024-11-18T19:13:09.554+0000] {logging_mixin.py:190} INFO - [2024-11-18T19:13:09.554+0000] {dag.py:3239} INFO - Sync 1 DAGs
[2024-11-18T19:13:09.568+0000] {logging_mixin.py:190} INFO - [2024-11-18T19:13:09.568+0000] {dag.py:4180} INFO - Setting next_dagrun for example_complex to None, run_after=None
[2024-11-18T19:13:09.589+0000] {processor.py:208} INFO - Processing /home/airflow/.local/lib/python3.12/site-packages/airflow/example_dags/example_complex.py took 0.095 seconds
[2024-11-18T19:13:39.721+0000] {processor.py:186} INFO - Started process (PID=1427) to work on /home/airflow/.local/lib/python3.12/site-packages/airflow/example_dags/example_complex.py
[2024-11-18T19:13:39.721+0000] {processor.py:914} INFO - Processing file /home/airflow/.local/lib/python3.12/site-packages/airflow/example_dags/example_complex.py for tasks to queue
[2024-11-18T19:13:39.723+0000] {logging_mixin.py:190} INFO - [2024-11-18T19:13:39.723+0000] {dagbag.py:588} INFO - Filling up the DagBag from /home/airflow/.local/lib/python3.12/site-packages/airflow/example_dags/example_complex.py
[2024-11-18T19:13:39.743+0000] {processor.py:925} INFO - DAG(s) 'example_complex' retrieved from /home/airflow/.local/lib/python3.12/site-packages/airflow/example_dags/example_complex.py
[2024-11-18T19:13:39.780+0000] {logging_mixin.py:190} INFO - [2024-11-18T19:13:39.780+0000] {dag.py:3239} INFO - Sync 1 DAGs
[2024-11-18T19:13:39.795+0000] {logging_mixin.py:190} INFO - [2024-11-18T19:13:39.795+0000] {dag.py:4180} INFO - Setting next_dagrun for example_complex to None, run_after=None
[2024-11-18T19:13:39.813+0000] {processor.py:208} INFO - Processing /home/airflow/.local/lib/python3.12/site-packages/airflow/example_dags/example_complex.py took 0.098 seconds
[2024-11-18T19:14:10.647+0000] {processor.py:186} INFO - Started process (PID=1492) to work on /home/airflow/.local/lib/python3.12/site-packages/airflow/example_dags/example_complex.py
[2024-11-18T19:14:10.648+0000] {processor.py:914} INFO - Processing file /home/airflow/.local/lib/python3.12/site-packages/airflow/example_dags/example_complex.py for tasks to queue
[2024-11-18T19:14:10.650+0000] {logging_mixin.py:190} INFO - [2024-11-18T19:14:10.650+0000] {dagbag.py:588} INFO - Filling up the DagBag from /home/airflow/.local/lib/python3.12/site-packages/airflow/example_dags/example_complex.py
[2024-11-18T19:14:10.665+0000] {processor.py:925} INFO - DAG(s) 'example_complex' retrieved from /home/airflow/.local/lib/python3.12/site-packages/airflow/example_dags/example_complex.py
[2024-11-18T19:14:10.704+0000] {logging_mixin.py:190} INFO - [2024-11-18T19:14:10.704+0000] {dag.py:3239} INFO - Sync 1 DAGs
[2024-11-18T19:14:10.719+0000] {logging_mixin.py:190} INFO - [2024-11-18T19:14:10.719+0000] {dag.py:4180} INFO - Setting next_dagrun for example_complex to None, run_after=None
[2024-11-18T19:14:10.743+0000] {processor.py:208} INFO - Processing /home/airflow/.local/lib/python3.12/site-packages/airflow/example_dags/example_complex.py took 0.101 seconds
[2024-11-18T19:14:41.012+0000] {processor.py:186} INFO - Started process (PID=1557) to work on /home/airflow/.local/lib/python3.12/site-packages/airflow/example_dags/example_complex.py
[2024-11-18T19:14:41.013+0000] {processor.py:914} INFO - Processing file /home/airflow/.local/lib/python3.12/site-packages/airflow/example_dags/example_complex.py for tasks to queue
[2024-11-18T19:14:41.015+0000] {logging_mixin.py:190} INFO - [2024-11-18T19:14:41.015+0000] {dagbag.py:588} INFO - Filling up the DagBag from /home/airflow/.local/lib/python3.12/site-packages/airflow/example_dags/example_complex.py
[2024-11-18T19:14:41.029+0000] {processor.py:925} INFO - DAG(s) 'example_complex' retrieved from /home/airflow/.local/lib/python3.12/site-packages/airflow/example_dags/example_complex.py
[2024-11-18T19:14:41.073+0000] {logging_mixin.py:190} INFO - [2024-11-18T19:14:41.072+0000] {dag.py:3239} INFO - Sync 1 DAGs
[2024-11-18T19:14:41.086+0000] {logging_mixin.py:190} INFO - [2024-11-18T19:14:41.086+0000] {dag.py:4180} INFO - Setting next_dagrun for example_complex to None, run_after=None
[2024-11-18T19:14:41.105+0000] {processor.py:208} INFO - Processing /home/airflow/.local/lib/python3.12/site-packages/airflow/example_dags/example_complex.py took 0.099 seconds
[2024-11-18T19:15:11.666+0000] {processor.py:186} INFO - Started process (PID=1622) to work on /home/airflow/.local/lib/python3.12/site-packages/airflow/example_dags/example_complex.py
[2024-11-18T19:15:11.667+0000] {processor.py:914} INFO - Processing file /home/airflow/.local/lib/python3.12/site-packages/airflow/example_dags/example_complex.py for tasks to queue
[2024-11-18T19:15:11.669+0000] {logging_mixin.py:190} INFO - [2024-11-18T19:15:11.669+0000] {dagbag.py:588} INFO - Filling up the DagBag from /home/airflow/.local/lib/python3.12/site-packages/airflow/example_dags/example_complex.py
[2024-11-18T19:15:11.685+0000] {processor.py:925} INFO - DAG(s) 'example_complex' retrieved from /home/airflow/.local/lib/python3.12/site-packages/airflow/example_dags/example_complex.py
[2024-11-18T19:15:11.728+0000] {logging_mixin.py:190} INFO - [2024-11-18T19:15:11.728+0000] {dag.py:3239} INFO - Sync 1 DAGs
[2024-11-18T19:15:11.744+0000] {logging_mixin.py:190} INFO - [2024-11-18T19:15:11.743+0000] {dag.py:4180} INFO - Setting next_dagrun for example_complex to None, run_after=None
[2024-11-18T19:15:11.765+0000] {processor.py:208} INFO - Processing /home/airflow/.local/lib/python3.12/site-packages/airflow/example_dags/example_complex.py took 0.106 seconds
[2024-11-18T19:15:42.427+0000] {processor.py:186} INFO - Started process (PID=1687) to work on /home/airflow/.local/lib/python3.12/site-packages/airflow/example_dags/example_complex.py
[2024-11-18T19:15:42.427+0000] {processor.py:914} INFO - Processing file /home/airflow/.local/lib/python3.12/site-packages/airflow/example_dags/example_complex.py for tasks to queue
[2024-11-18T19:15:42.429+0000] {logging_mixin.py:190} INFO - [2024-11-18T19:15:42.429+0000] {dagbag.py:588} INFO - Filling up the DagBag from /home/airflow/.local/lib/python3.12/site-packages/airflow/example_dags/example_complex.py
[2024-11-18T19:15:42.444+0000] {processor.py:925} INFO - DAG(s) 'example_complex' retrieved from /home/airflow/.local/lib/python3.12/site-packages/airflow/example_dags/example_complex.py
[2024-11-18T19:15:42.483+0000] {logging_mixin.py:190} INFO - [2024-11-18T19:15:42.483+0000] {dag.py:3239} INFO - Sync 1 DAGs
[2024-11-18T19:15:42.498+0000] {logging_mixin.py:190} INFO - [2024-11-18T19:15:42.497+0000] {dag.py:4180} INFO - Setting next_dagrun for example_complex to None, run_after=None
[2024-11-18T19:15:42.519+0000] {processor.py:208} INFO - Processing /home/airflow/.local/lib/python3.12/site-packages/airflow/example_dags/example_complex.py took 0.098 seconds
[2024-11-18T19:16:12.789+0000] {processor.py:186} INFO - Started process (PID=1751) to work on /home/airflow/.local/lib/python3.12/site-packages/airflow/example_dags/example_complex.py
[2024-11-18T19:16:12.789+0000] {processor.py:914} INFO - Processing file /home/airflow/.local/lib/python3.12/site-packages/airflow/example_dags/example_complex.py for tasks to queue
[2024-11-18T19:16:12.792+0000] {logging_mixin.py:190} INFO - [2024-11-18T19:16:12.791+0000] {dagbag.py:588} INFO - Filling up the DagBag from /home/airflow/.local/lib/python3.12/site-packages/airflow/example_dags/example_complex.py
[2024-11-18T19:16:12.807+0000] {processor.py:925} INFO - DAG(s) 'example_complex' retrieved from /home/airflow/.local/lib/python3.12/site-packages/airflow/example_dags/example_complex.py
[2024-11-18T19:16:12.845+0000] {logging_mixin.py:190} INFO - [2024-11-18T19:16:12.845+0000] {dag.py:3239} INFO - Sync 1 DAGs
[2024-11-18T19:16:12.858+0000] {logging_mixin.py:190} INFO - [2024-11-18T19:16:12.858+0000] {dag.py:4180} INFO - Setting next_dagrun for example_complex to None, run_after=None
[2024-11-18T19:16:12.881+0000] {processor.py:208} INFO - Processing /home/airflow/.local/lib/python3.12/site-packages/airflow/example_dags/example_complex.py took 0.098 seconds
[2024-11-18T19:16:43.561+0000] {processor.py:186} INFO - Started process (PID=1815) to work on /home/airflow/.local/lib/python3.12/site-packages/airflow/example_dags/example_complex.py
[2024-11-18T19:16:43.562+0000] {processor.py:914} INFO - Processing file /home/airflow/.local/lib/python3.12/site-packages/airflow/example_dags/example_complex.py for tasks to queue
[2024-11-18T19:16:43.564+0000] {logging_mixin.py:190} INFO - [2024-11-18T19:16:43.564+0000] {dagbag.py:588} INFO - Filling up the DagBag from /home/airflow/.local/lib/python3.12/site-packages/airflow/example_dags/example_complex.py
[2024-11-18T19:16:43.578+0000] {processor.py:925} INFO - DAG(s) 'example_complex' retrieved from /home/airflow/.local/lib/python3.12/site-packages/airflow/example_dags/example_complex.py
[2024-11-18T19:16:43.621+0000] {logging_mixin.py:190} INFO - [2024-11-18T19:16:43.621+0000] {dag.py:3239} INFO - Sync 1 DAGs
[2024-11-18T19:16:43.632+0000] {logging_mixin.py:190} INFO - [2024-11-18T19:16:43.632+0000] {dag.py:4180} INFO - Setting next_dagrun for example_complex to None, run_after=None
[2024-11-18T19:16:43.652+0000] {processor.py:208} INFO - Processing /home/airflow/.local/lib/python3.12/site-packages/airflow/example_dags/example_complex.py took 0.097 seconds
[2024-11-18T19:17:14.150+0000] {processor.py:186} INFO - Started process (PID=1885) to work on /home/airflow/.local/lib/python3.12/site-packages/airflow/example_dags/example_complex.py
[2024-11-18T19:17:14.151+0000] {processor.py:914} INFO - Processing file /home/airflow/.local/lib/python3.12/site-packages/airflow/example_dags/example_complex.py for tasks to queue
[2024-11-18T19:17:14.153+0000] {logging_mixin.py:190} INFO - [2024-11-18T19:17:14.153+0000] {dagbag.py:588} INFO - Filling up the DagBag from /home/airflow/.local/lib/python3.12/site-packages/airflow/example_dags/example_complex.py
[2024-11-18T19:17:14.168+0000] {processor.py:925} INFO - DAG(s) 'example_complex' retrieved from /home/airflow/.local/lib/python3.12/site-packages/airflow/example_dags/example_complex.py
[2024-11-18T19:17:14.204+0000] {logging_mixin.py:190} INFO - [2024-11-18T19:17:14.203+0000] {dag.py:3239} INFO - Sync 1 DAGs
[2024-11-18T19:17:14.220+0000] {logging_mixin.py:190} INFO - [2024-11-18T19:17:14.220+0000] {dag.py:4180} INFO - Setting next_dagrun for example_complex to None, run_after=None
[2024-11-18T19:17:14.256+0000] {processor.py:208} INFO - Processing /home/airflow/.local/lib/python3.12/site-packages/airflow/example_dags/example_complex.py took 0.112 seconds
[2024-11-18T19:17:44.865+0000] {processor.py:186} INFO - Started process (PID=1950) to work on /home/airflow/.local/lib/python3.12/site-packages/airflow/example_dags/example_complex.py
[2024-11-18T19:17:44.871+0000] {processor.py:914} INFO - Processing file /home/airflow/.local/lib/python3.12/site-packages/airflow/example_dags/example_complex.py for tasks to queue
[2024-11-18T19:17:44.872+0000] {logging_mixin.py:190} INFO - [2024-11-18T19:17:44.872+0000] {dagbag.py:588} INFO - Filling up the DagBag from /home/airflow/.local/lib/python3.12/site-packages/airflow/example_dags/example_complex.py
[2024-11-18T19:17:44.894+0000] {processor.py:925} INFO - DAG(s) 'example_complex' retrieved from /home/airflow/.local/lib/python3.12/site-packages/airflow/example_dags/example_complex.py
[2024-11-18T19:17:44.979+0000] {logging_mixin.py:190} INFO - [2024-11-18T19:17:44.979+0000] {dag.py:3239} INFO - Sync 1 DAGs
[2024-11-18T19:17:44.996+0000] {logging_mixin.py:190} INFO - [2024-11-18T19:17:44.996+0000] {dag.py:4180} INFO - Setting next_dagrun for example_complex to None, run_after=None
[2024-11-18T19:17:45.030+0000] {processor.py:208} INFO - Processing /home/airflow/.local/lib/python3.12/site-packages/airflow/example_dags/example_complex.py took 0.177 seconds
[2024-11-18T19:18:15.446+0000] {processor.py:186} INFO - Started process (PID=2015) to work on /home/airflow/.local/lib/python3.12/site-packages/airflow/example_dags/example_complex.py
[2024-11-18T19:18:15.447+0000] {processor.py:914} INFO - Processing file /home/airflow/.local/lib/python3.12/site-packages/airflow/example_dags/example_complex.py for tasks to queue
[2024-11-18T19:18:15.452+0000] {logging_mixin.py:190} INFO - [2024-11-18T19:18:15.452+0000] {dagbag.py:588} INFO - Filling up the DagBag from /home/airflow/.local/lib/python3.12/site-packages/airflow/example_dags/example_complex.py
[2024-11-18T19:18:15.473+0000] {processor.py:925} INFO - DAG(s) 'example_complex' retrieved from /home/airflow/.local/lib/python3.12/site-packages/airflow/example_dags/example_complex.py
[2024-11-18T19:18:15.544+0000] {logging_mixin.py:190} INFO - [2024-11-18T19:18:15.544+0000] {dag.py:3239} INFO - Sync 1 DAGs
[2024-11-18T19:18:15.568+0000] {logging_mixin.py:190} INFO - [2024-11-18T19:18:15.568+0000] {dag.py:4180} INFO - Setting next_dagrun for example_complex to None, run_after=None
[2024-11-18T19:18:15.607+0000] {processor.py:208} INFO - Processing /home/airflow/.local/lib/python3.12/site-packages/airflow/example_dags/example_complex.py took 0.177 seconds
[2024-11-18T19:18:45.708+0000] {processor.py:186} INFO - Started process (PID=2079) to work on /home/airflow/.local/lib/python3.12/site-packages/airflow/example_dags/example_complex.py
[2024-11-18T19:18:45.708+0000] {processor.py:914} INFO - Processing file /home/airflow/.local/lib/python3.12/site-packages/airflow/example_dags/example_complex.py for tasks to queue
[2024-11-18T19:18:45.710+0000] {logging_mixin.py:190} INFO - [2024-11-18T19:18:45.710+0000] {dagbag.py:588} INFO - Filling up the DagBag from /home/airflow/.local/lib/python3.12/site-packages/airflow/example_dags/example_complex.py
[2024-11-18T19:18:45.730+0000] {processor.py:925} INFO - DAG(s) 'example_complex' retrieved from /home/airflow/.local/lib/python3.12/site-packages/airflow/example_dags/example_complex.py
[2024-11-18T19:18:45.766+0000] {logging_mixin.py:190} INFO - [2024-11-18T19:18:45.766+0000] {dag.py:3239} INFO - Sync 1 DAGs
[2024-11-18T19:18:45.781+0000] {logging_mixin.py:190} INFO - [2024-11-18T19:18:45.781+0000] {dag.py:4180} INFO - Setting next_dagrun for example_complex to None, run_after=None
[2024-11-18T19:18:45.800+0000] {processor.py:208} INFO - Processing /home/airflow/.local/lib/python3.12/site-packages/airflow/example_dags/example_complex.py took 0.099 seconds
[2024-11-18T19:19:16.020+0000] {processor.py:186} INFO - Started process (PID=2143) to work on /home/airflow/.local/lib/python3.12/site-packages/airflow/example_dags/example_complex.py
[2024-11-18T19:19:16.021+0000] {processor.py:914} INFO - Processing file /home/airflow/.local/lib/python3.12/site-packages/airflow/example_dags/example_complex.py for tasks to queue
[2024-11-18T19:19:16.023+0000] {logging_mixin.py:190} INFO - [2024-11-18T19:19:16.023+0000] {dagbag.py:588} INFO - Filling up the DagBag from /home/airflow/.local/lib/python3.12/site-packages/airflow/example_dags/example_complex.py
[2024-11-18T19:19:16.037+0000] {processor.py:925} INFO - DAG(s) 'example_complex' retrieved from /home/airflow/.local/lib/python3.12/site-packages/airflow/example_dags/example_complex.py
[2024-11-18T19:19:16.079+0000] {logging_mixin.py:190} INFO - [2024-11-18T19:19:16.079+0000] {dag.py:3239} INFO - Sync 1 DAGs
[2024-11-18T19:19:16.094+0000] {logging_mixin.py:190} INFO - [2024-11-18T19:19:16.094+0000] {dag.py:4180} INFO - Setting next_dagrun for example_complex to None, run_after=None
[2024-11-18T19:19:16.114+0000] {processor.py:208} INFO - Processing /home/airflow/.local/lib/python3.12/site-packages/airflow/example_dags/example_complex.py took 0.101 seconds
[2024-11-18T19:19:46.590+0000] {processor.py:186} INFO - Started process (PID=2208) to work on /home/airflow/.local/lib/python3.12/site-packages/airflow/example_dags/example_complex.py
[2024-11-18T19:19:46.590+0000] {processor.py:914} INFO - Processing file /home/airflow/.local/lib/python3.12/site-packages/airflow/example_dags/example_complex.py for tasks to queue
[2024-11-18T19:19:46.592+0000] {logging_mixin.py:190} INFO - [2024-11-18T19:19:46.592+0000] {dagbag.py:588} INFO - Filling up the DagBag from /home/airflow/.local/lib/python3.12/site-packages/airflow/example_dags/example_complex.py
[2024-11-18T19:19:46.612+0000] {processor.py:925} INFO - DAG(s) 'example_complex' retrieved from /home/airflow/.local/lib/python3.12/site-packages/airflow/example_dags/example_complex.py
[2024-11-18T19:19:46.651+0000] {logging_mixin.py:190} INFO - [2024-11-18T19:19:46.650+0000] {dag.py:3239} INFO - Sync 1 DAGs
[2024-11-18T19:19:46.662+0000] {logging_mixin.py:190} INFO - [2024-11-18T19:19:46.661+0000] {dag.py:4180} INFO - Setting next_dagrun for example_complex to None, run_after=None
[2024-11-18T19:19:46.692+0000] {processor.py:208} INFO - Processing /home/airflow/.local/lib/python3.12/site-packages/airflow/example_dags/example_complex.py took 0.108 seconds
[2024-11-18T19:20:17.092+0000] {processor.py:186} INFO - Started process (PID=2273) to work on /home/airflow/.local/lib/python3.12/site-packages/airflow/example_dags/example_complex.py
[2024-11-18T19:20:17.092+0000] {processor.py:914} INFO - Processing file /home/airflow/.local/lib/python3.12/site-packages/airflow/example_dags/example_complex.py for tasks to queue
[2024-11-18T19:20:17.094+0000] {logging_mixin.py:190} INFO - [2024-11-18T19:20:17.094+0000] {dagbag.py:588} INFO - Filling up the DagBag from /home/airflow/.local/lib/python3.12/site-packages/airflow/example_dags/example_complex.py
[2024-11-18T19:20:17.109+0000] {processor.py:925} INFO - DAG(s) 'example_complex' retrieved from /home/airflow/.local/lib/python3.12/site-packages/airflow/example_dags/example_complex.py
[2024-11-18T19:20:17.149+0000] {logging_mixin.py:190} INFO - [2024-11-18T19:20:17.149+0000] {dag.py:3239} INFO - Sync 1 DAGs
[2024-11-18T19:20:17.166+0000] {logging_mixin.py:190} INFO - [2024-11-18T19:20:17.166+0000] {dag.py:4180} INFO - Setting next_dagrun for example_complex to None, run_after=None
[2024-11-18T19:20:17.189+0000] {processor.py:208} INFO - Processing /home/airflow/.local/lib/python3.12/site-packages/airflow/example_dags/example_complex.py took 0.105 seconds
[2024-11-18T19:20:47.657+0000] {processor.py:186} INFO - Started process (PID=2337) to work on /home/airflow/.local/lib/python3.12/site-packages/airflow/example_dags/example_complex.py
[2024-11-18T19:20:47.658+0000] {processor.py:914} INFO - Processing file /home/airflow/.local/lib/python3.12/site-packages/airflow/example_dags/example_complex.py for tasks to queue
[2024-11-18T19:20:47.660+0000] {logging_mixin.py:190} INFO - [2024-11-18T19:20:47.660+0000] {dagbag.py:588} INFO - Filling up the DagBag from /home/airflow/.local/lib/python3.12/site-packages/airflow/example_dags/example_complex.py
[2024-11-18T19:20:47.680+0000] {processor.py:925} INFO - DAG(s) 'example_complex' retrieved from /home/airflow/.local/lib/python3.12/site-packages/airflow/example_dags/example_complex.py
[2024-11-18T19:20:47.716+0000] {logging_mixin.py:190} INFO - [2024-11-18T19:20:47.716+0000] {dag.py:3239} INFO - Sync 1 DAGs
[2024-11-18T19:20:47.732+0000] {logging_mixin.py:190} INFO - [2024-11-18T19:20:47.732+0000] {dag.py:4180} INFO - Setting next_dagrun for example_complex to None, run_after=None
[2024-11-18T19:20:47.756+0000] {processor.py:208} INFO - Processing /home/airflow/.local/lib/python3.12/site-packages/airflow/example_dags/example_complex.py took 0.105 seconds
[2024-11-18T19:21:18.150+0000] {processor.py:186} INFO - Started process (PID=2402) to work on /home/airflow/.local/lib/python3.12/site-packages/airflow/example_dags/example_complex.py
[2024-11-18T19:21:18.150+0000] {processor.py:914} INFO - Processing file /home/airflow/.local/lib/python3.12/site-packages/airflow/example_dags/example_complex.py for tasks to queue
[2024-11-18T19:21:18.153+0000] {logging_mixin.py:190} INFO - [2024-11-18T19:21:18.152+0000] {dagbag.py:588} INFO - Filling up the DagBag from /home/airflow/.local/lib/python3.12/site-packages/airflow/example_dags/example_complex.py
[2024-11-18T19:21:18.167+0000] {processor.py:925} INFO - DAG(s) 'example_complex' retrieved from /home/airflow/.local/lib/python3.12/site-packages/airflow/example_dags/example_complex.py
[2024-11-18T19:21:18.206+0000] {logging_mixin.py:190} INFO - [2024-11-18T19:21:18.205+0000] {dag.py:3239} INFO - Sync 1 DAGs
[2024-11-18T19:21:18.220+0000] {logging_mixin.py:190} INFO - [2024-11-18T19:21:18.219+0000] {dag.py:4180} INFO - Setting next_dagrun for example_complex to None, run_after=None
[2024-11-18T19:21:18.244+0000] {processor.py:208} INFO - Processing /home/airflow/.local/lib/python3.12/site-packages/airflow/example_dags/example_complex.py took 0.101 seconds
[2024-11-18T19:21:48.457+0000] {processor.py:186} INFO - Started process (PID=2466) to work on /home/airflow/.local/lib/python3.12/site-packages/airflow/example_dags/example_complex.py
[2024-11-18T19:21:48.458+0000] {processor.py:914} INFO - Processing file /home/airflow/.local/lib/python3.12/site-packages/airflow/example_dags/example_complex.py for tasks to queue
[2024-11-18T19:21:48.460+0000] {logging_mixin.py:190} INFO - [2024-11-18T19:21:48.460+0000] {dagbag.py:588} INFO - Filling up the DagBag from /home/airflow/.local/lib/python3.12/site-packages/airflow/example_dags/example_complex.py
[2024-11-18T19:21:48.474+0000] {processor.py:925} INFO - DAG(s) 'example_complex' retrieved from /home/airflow/.local/lib/python3.12/site-packages/airflow/example_dags/example_complex.py
[2024-11-18T19:21:48.512+0000] {logging_mixin.py:190} INFO - [2024-11-18T19:21:48.511+0000] {dag.py:3239} INFO - Sync 1 DAGs
[2024-11-18T19:21:48.525+0000] {logging_mixin.py:190} INFO - [2024-11-18T19:21:48.525+0000] {dag.py:4180} INFO - Setting next_dagrun for example_complex to None, run_after=None
[2024-11-18T19:21:48.549+0000] {processor.py:208} INFO - Processing /home/airflow/.local/lib/python3.12/site-packages/airflow/example_dags/example_complex.py took 0.098 seconds
[2024-11-18T19:22:18.679+0000] {processor.py:186} INFO - Started process (PID=2530) to work on /home/airflow/.local/lib/python3.12/site-packages/airflow/example_dags/example_complex.py
[2024-11-18T19:22:18.680+0000] {processor.py:914} INFO - Processing file /home/airflow/.local/lib/python3.12/site-packages/airflow/example_dags/example_complex.py for tasks to queue
[2024-11-18T19:22:18.681+0000] {logging_mixin.py:190} INFO - [2024-11-18T19:22:18.681+0000] {dagbag.py:588} INFO - Filling up the DagBag from /home/airflow/.local/lib/python3.12/site-packages/airflow/example_dags/example_complex.py
[2024-11-18T19:22:18.690+0000] {processor.py:925} INFO - DAG(s) 'example_complex' retrieved from /home/airflow/.local/lib/python3.12/site-packages/airflow/example_dags/example_complex.py
[2024-11-18T19:22:18.714+0000] {logging_mixin.py:190} INFO - [2024-11-18T19:22:18.714+0000] {dag.py:3239} INFO - Sync 1 DAGs
[2024-11-18T19:22:18.725+0000] {logging_mixin.py:190} INFO - [2024-11-18T19:22:18.725+0000] {dag.py:4180} INFO - Setting next_dagrun for example_complex to None, run_after=None
[2024-11-18T19:22:18.756+0000] {processor.py:208} INFO - Processing /home/airflow/.local/lib/python3.12/site-packages/airflow/example_dags/example_complex.py took 0.081 seconds
[2024-11-18T19:22:49.059+0000] {processor.py:186} INFO - Started process (PID=2594) to work on /home/airflow/.local/lib/python3.12/site-packages/airflow/example_dags/example_complex.py
[2024-11-18T19:22:49.059+0000] {processor.py:914} INFO - Processing file /home/airflow/.local/lib/python3.12/site-packages/airflow/example_dags/example_complex.py for tasks to queue
[2024-11-18T19:22:49.062+0000] {logging_mixin.py:190} INFO - [2024-11-18T19:22:49.061+0000] {dagbag.py:588} INFO - Filling up the DagBag from /home/airflow/.local/lib/python3.12/site-packages/airflow/example_dags/example_complex.py
[2024-11-18T19:22:49.076+0000] {processor.py:925} INFO - DAG(s) 'example_complex' retrieved from /home/airflow/.local/lib/python3.12/site-packages/airflow/example_dags/example_complex.py
[2024-11-18T19:22:49.111+0000] {logging_mixin.py:190} INFO - [2024-11-18T19:22:49.110+0000] {dag.py:3239} INFO - Sync 1 DAGs
[2024-11-18T19:22:49.125+0000] {logging_mixin.py:190} INFO - [2024-11-18T19:22:49.125+0000] {dag.py:4180} INFO - Setting next_dagrun for example_complex to None, run_after=None
[2024-11-18T19:22:49.147+0000] {processor.py:208} INFO - Processing /home/airflow/.local/lib/python3.12/site-packages/airflow/example_dags/example_complex.py took 0.095 seconds
[2024-11-18T19:23:19.608+0000] {processor.py:186} INFO - Started process (PID=2658) to work on /home/airflow/.local/lib/python3.12/site-packages/airflow/example_dags/example_complex.py
[2024-11-18T19:23:19.609+0000] {processor.py:914} INFO - Processing file /home/airflow/.local/lib/python3.12/site-packages/airflow/example_dags/example_complex.py for tasks to queue
[2024-11-18T19:23:19.611+0000] {logging_mixin.py:190} INFO - [2024-11-18T19:23:19.611+0000] {dagbag.py:588} INFO - Filling up the DagBag from /home/airflow/.local/lib/python3.12/site-packages/airflow/example_dags/example_complex.py
[2024-11-18T19:23:19.620+0000] {processor.py:925} INFO - DAG(s) 'example_complex' retrieved from /home/airflow/.local/lib/python3.12/site-packages/airflow/example_dags/example_complex.py
[2024-11-18T19:23:19.645+0000] {logging_mixin.py:190} INFO - [2024-11-18T19:23:19.645+0000] {dag.py:3239} INFO - Sync 1 DAGs
[2024-11-18T19:23:19.663+0000] {logging_mixin.py:190} INFO - [2024-11-18T19:23:19.663+0000] {dag.py:4180} INFO - Setting next_dagrun for example_complex to None, run_after=None
[2024-11-18T19:23:19.688+0000] {processor.py:208} INFO - Processing /home/airflow/.local/lib/python3.12/site-packages/airflow/example_dags/example_complex.py took 0.086 seconds
[2024-11-18T19:23:51.401+0000] {processor.py:186} INFO - Started process (PID=2722) to work on /home/airflow/.local/lib/python3.12/site-packages/airflow/example_dags/example_complex.py
[2024-11-18T19:23:51.402+0000] {processor.py:914} INFO - Processing file /home/airflow/.local/lib/python3.12/site-packages/airflow/example_dags/example_complex.py for tasks to queue
[2024-11-18T19:23:51.404+0000] {logging_mixin.py:190} INFO - [2024-11-18T19:23:51.404+0000] {dagbag.py:588} INFO - Filling up the DagBag from /home/airflow/.local/lib/python3.12/site-packages/airflow/example_dags/example_complex.py
[2024-11-18T19:23:51.419+0000] {processor.py:925} INFO - DAG(s) 'example_complex' retrieved from /home/airflow/.local/lib/python3.12/site-packages/airflow/example_dags/example_complex.py
[2024-11-18T19:23:51.457+0000] {logging_mixin.py:190} INFO - [2024-11-18T19:23:51.457+0000] {dag.py:3239} INFO - Sync 1 DAGs
[2024-11-18T19:23:51.474+0000] {logging_mixin.py:190} INFO - [2024-11-18T19:23:51.473+0000] {dag.py:4180} INFO - Setting next_dagrun for example_complex to None, run_after=None
[2024-11-18T19:23:51.498+0000] {processor.py:208} INFO - Processing /home/airflow/.local/lib/python3.12/site-packages/airflow/example_dags/example_complex.py took 0.103 seconds
[2024-11-18T19:24:22.972+0000] {processor.py:186} INFO - Started process (PID=2785) to work on /home/airflow/.local/lib/python3.12/site-packages/airflow/example_dags/example_complex.py
[2024-11-18T19:24:22.973+0000] {processor.py:914} INFO - Processing file /home/airflow/.local/lib/python3.12/site-packages/airflow/example_dags/example_complex.py for tasks to queue
[2024-11-18T19:24:22.975+0000] {logging_mixin.py:190} INFO - [2024-11-18T19:24:22.975+0000] {dagbag.py:588} INFO - Filling up the DagBag from /home/airflow/.local/lib/python3.12/site-packages/airflow/example_dags/example_complex.py
[2024-11-18T19:24:23.000+0000] {processor.py:925} INFO - DAG(s) 'example_complex' retrieved from /home/airflow/.local/lib/python3.12/site-packages/airflow/example_dags/example_complex.py
[2024-11-18T19:24:23.095+0000] {logging_mixin.py:190} INFO - [2024-11-18T19:24:23.095+0000] {dag.py:3239} INFO - Sync 1 DAGs
[2024-11-18T19:24:23.119+0000] {logging_mixin.py:190} INFO - [2024-11-18T19:24:23.118+0000] {dag.py:4180} INFO - Setting next_dagrun for example_complex to None, run_after=None
[2024-11-18T19:24:23.171+0000] {processor.py:208} INFO - Processing /home/airflow/.local/lib/python3.12/site-packages/airflow/example_dags/example_complex.py took 0.226 seconds
[2024-11-18T19:24:54.372+0000] {processor.py:186} INFO - Started process (PID=2849) to work on /home/airflow/.local/lib/python3.12/site-packages/airflow/example_dags/example_complex.py
[2024-11-18T19:24:54.373+0000] {processor.py:914} INFO - Processing file /home/airflow/.local/lib/python3.12/site-packages/airflow/example_dags/example_complex.py for tasks to queue
[2024-11-18T19:24:54.375+0000] {logging_mixin.py:190} INFO - [2024-11-18T19:24:54.374+0000] {dagbag.py:588} INFO - Filling up the DagBag from /home/airflow/.local/lib/python3.12/site-packages/airflow/example_dags/example_complex.py
[2024-11-18T19:24:54.389+0000] {processor.py:925} INFO - DAG(s) 'example_complex' retrieved from /home/airflow/.local/lib/python3.12/site-packages/airflow/example_dags/example_complex.py
[2024-11-18T19:24:54.427+0000] {logging_mixin.py:190} INFO - [2024-11-18T19:24:54.427+0000] {dag.py:3239} INFO - Sync 1 DAGs
[2024-11-18T19:24:54.444+0000] {logging_mixin.py:190} INFO - [2024-11-18T19:24:54.443+0000] {dag.py:4180} INFO - Setting next_dagrun for example_complex to None, run_after=None
[2024-11-18T19:24:54.466+0000] {processor.py:208} INFO - Processing /home/airflow/.local/lib/python3.12/site-packages/airflow/example_dags/example_complex.py took 0.101 seconds
[2024-11-18T19:25:25.684+0000] {processor.py:186} INFO - Started process (PID=2913) to work on /home/airflow/.local/lib/python3.12/site-packages/airflow/example_dags/example_complex.py
[2024-11-18T19:25:25.685+0000] {processor.py:914} INFO - Processing file /home/airflow/.local/lib/python3.12/site-packages/airflow/example_dags/example_complex.py for tasks to queue
[2024-11-18T19:25:25.687+0000] {logging_mixin.py:190} INFO - [2024-11-18T19:25:25.686+0000] {dagbag.py:588} INFO - Filling up the DagBag from /home/airflow/.local/lib/python3.12/site-packages/airflow/example_dags/example_complex.py
[2024-11-18T19:25:25.701+0000] {processor.py:925} INFO - DAG(s) 'example_complex' retrieved from /home/airflow/.local/lib/python3.12/site-packages/airflow/example_dags/example_complex.py
[2024-11-18T19:25:25.738+0000] {logging_mixin.py:190} INFO - [2024-11-18T19:25:25.737+0000] {dag.py:3239} INFO - Sync 1 DAGs
[2024-11-18T19:25:25.752+0000] {logging_mixin.py:190} INFO - [2024-11-18T19:25:25.752+0000] {dag.py:4180} INFO - Setting next_dagrun for example_complex to None, run_after=None
[2024-11-18T19:25:25.778+0000] {processor.py:208} INFO - Processing /home/airflow/.local/lib/python3.12/site-packages/airflow/example_dags/example_complex.py took 0.100 seconds
[2024-11-18T19:25:56.784+0000] {processor.py:186} INFO - Started process (PID=2978) to work on /home/airflow/.local/lib/python3.12/site-packages/airflow/example_dags/example_complex.py
[2024-11-18T19:25:56.785+0000] {processor.py:914} INFO - Processing file /home/airflow/.local/lib/python3.12/site-packages/airflow/example_dags/example_complex.py for tasks to queue
[2024-11-18T19:25:56.787+0000] {logging_mixin.py:190} INFO - [2024-11-18T19:25:56.787+0000] {dagbag.py:588} INFO - Filling up the DagBag from /home/airflow/.local/lib/python3.12/site-packages/airflow/example_dags/example_complex.py
[2024-11-18T19:25:56.824+0000] {processor.py:925} INFO - DAG(s) 'example_complex' retrieved from /home/airflow/.local/lib/python3.12/site-packages/airflow/example_dags/example_complex.py
[2024-11-18T19:25:56.859+0000] {logging_mixin.py:190} INFO - [2024-11-18T19:25:56.859+0000] {dag.py:3239} INFO - Sync 1 DAGs
[2024-11-18T19:25:56.874+0000] {logging_mixin.py:190} INFO - [2024-11-18T19:25:56.874+0000] {dag.py:4180} INFO - Setting next_dagrun for example_complex to None, run_after=None
[2024-11-18T19:25:56.919+0000] {processor.py:208} INFO - Processing /home/airflow/.local/lib/python3.12/site-packages/airflow/example_dags/example_complex.py took 0.153 seconds
[2024-11-18T19:26:27.398+0000] {processor.py:186} INFO - Started process (PID=3042) to work on /home/airflow/.local/lib/python3.12/site-packages/airflow/example_dags/example_complex.py
[2024-11-18T19:26:27.408+0000] {processor.py:914} INFO - Processing file /home/airflow/.local/lib/python3.12/site-packages/airflow/example_dags/example_complex.py for tasks to queue
[2024-11-18T19:26:27.421+0000] {logging_mixin.py:190} INFO - [2024-11-18T19:26:27.414+0000] {dagbag.py:588} INFO - Filling up the DagBag from /home/airflow/.local/lib/python3.12/site-packages/airflow/example_dags/example_complex.py
[2024-11-18T19:26:27.460+0000] {processor.py:925} INFO - DAG(s) 'example_complex' retrieved from /home/airflow/.local/lib/python3.12/site-packages/airflow/example_dags/example_complex.py
[2024-11-18T19:26:27.546+0000] {logging_mixin.py:190} INFO - [2024-11-18T19:26:27.546+0000] {dag.py:3239} INFO - Sync 1 DAGs
[2024-11-18T19:26:27.580+0000] {logging_mixin.py:190} INFO - [2024-11-18T19:26:27.579+0000] {dag.py:4180} INFO - Setting next_dagrun for example_complex to None, run_after=None
[2024-11-18T19:26:27.623+0000] {processor.py:208} INFO - Processing /home/airflow/.local/lib/python3.12/site-packages/airflow/example_dags/example_complex.py took 0.246 seconds
[2024-11-18T19:26:57.916+0000] {processor.py:186} INFO - Started process (PID=3105) to work on /home/airflow/.local/lib/python3.12/site-packages/airflow/example_dags/example_complex.py
[2024-11-18T19:26:57.917+0000] {processor.py:914} INFO - Processing file /home/airflow/.local/lib/python3.12/site-packages/airflow/example_dags/example_complex.py for tasks to queue
[2024-11-18T19:26:57.919+0000] {logging_mixin.py:190} INFO - [2024-11-18T19:26:57.918+0000] {dagbag.py:588} INFO - Filling up the DagBag from /home/airflow/.local/lib/python3.12/site-packages/airflow/example_dags/example_complex.py
[2024-11-18T19:26:57.933+0000] {processor.py:925} INFO - DAG(s) 'example_complex' retrieved from /home/airflow/.local/lib/python3.12/site-packages/airflow/example_dags/example_complex.py
[2024-11-18T19:26:57.970+0000] {logging_mixin.py:190} INFO - [2024-11-18T19:26:57.970+0000] {dag.py:3239} INFO - Sync 1 DAGs
[2024-11-18T19:26:57.998+0000] {logging_mixin.py:190} INFO - [2024-11-18T19:26:57.998+0000] {dag.py:4180} INFO - Setting next_dagrun for example_complex to None, run_after=None
[2024-11-18T19:26:58.025+0000] {processor.py:208} INFO - Processing /home/airflow/.local/lib/python3.12/site-packages/airflow/example_dags/example_complex.py took 0.115 seconds
[2024-11-18T19:27:28.588+0000] {processor.py:186} INFO - Started process (PID=3170) to work on /home/airflow/.local/lib/python3.12/site-packages/airflow/example_dags/example_complex.py
[2024-11-18T19:27:28.589+0000] {processor.py:914} INFO - Processing file /home/airflow/.local/lib/python3.12/site-packages/airflow/example_dags/example_complex.py for tasks to queue
[2024-11-18T19:27:28.591+0000] {logging_mixin.py:190} INFO - [2024-11-18T19:27:28.591+0000] {dagbag.py:588} INFO - Filling up the DagBag from /home/airflow/.local/lib/python3.12/site-packages/airflow/example_dags/example_complex.py
[2024-11-18T19:27:28.606+0000] {processor.py:925} INFO - DAG(s) 'example_complex' retrieved from /home/airflow/.local/lib/python3.12/site-packages/airflow/example_dags/example_complex.py
[2024-11-18T19:27:28.644+0000] {logging_mixin.py:190} INFO - [2024-11-18T19:27:28.644+0000] {dag.py:3239} INFO - Sync 1 DAGs
[2024-11-18T19:27:28.663+0000] {logging_mixin.py:190} INFO - [2024-11-18T19:27:28.663+0000] {dag.py:4180} INFO - Setting next_dagrun for example_complex to None, run_after=None
[2024-11-18T19:27:28.684+0000] {processor.py:208} INFO - Processing /home/airflow/.local/lib/python3.12/site-packages/airflow/example_dags/example_complex.py took 0.102 seconds
[2024-11-18T19:27:59.202+0000] {processor.py:186} INFO - Started process (PID=3236) to work on /home/airflow/.local/lib/python3.12/site-packages/airflow/example_dags/example_complex.py
[2024-11-18T19:27:59.203+0000] {processor.py:914} INFO - Processing file /home/airflow/.local/lib/python3.12/site-packages/airflow/example_dags/example_complex.py for tasks to queue
[2024-11-18T19:27:59.205+0000] {logging_mixin.py:190} INFO - [2024-11-18T19:27:59.205+0000] {dagbag.py:588} INFO - Filling up the DagBag from /home/airflow/.local/lib/python3.12/site-packages/airflow/example_dags/example_complex.py
[2024-11-18T19:27:59.219+0000] {processor.py:925} INFO - DAG(s) 'example_complex' retrieved from /home/airflow/.local/lib/python3.12/site-packages/airflow/example_dags/example_complex.py
[2024-11-18T19:27:59.256+0000] {logging_mixin.py:190} INFO - [2024-11-18T19:27:59.256+0000] {dag.py:3239} INFO - Sync 1 DAGs
[2024-11-18T19:27:59.269+0000] {logging_mixin.py:190} INFO - [2024-11-18T19:27:59.269+0000] {dag.py:4180} INFO - Setting next_dagrun for example_complex to None, run_after=None
[2024-11-18T19:27:59.306+0000] {processor.py:208} INFO - Processing /home/airflow/.local/lib/python3.12/site-packages/airflow/example_dags/example_complex.py took 0.110 seconds
[2024-11-18T19:28:29.450+0000] {processor.py:186} INFO - Started process (PID=3301) to work on /home/airflow/.local/lib/python3.12/site-packages/airflow/example_dags/example_complex.py
[2024-11-18T19:28:29.451+0000] {processor.py:914} INFO - Processing file /home/airflow/.local/lib/python3.12/site-packages/airflow/example_dags/example_complex.py for tasks to queue
[2024-11-18T19:28:29.453+0000] {logging_mixin.py:190} INFO - [2024-11-18T19:28:29.452+0000] {dagbag.py:588} INFO - Filling up the DagBag from /home/airflow/.local/lib/python3.12/site-packages/airflow/example_dags/example_complex.py
[2024-11-18T19:28:29.467+0000] {processor.py:925} INFO - DAG(s) 'example_complex' retrieved from /home/airflow/.local/lib/python3.12/site-packages/airflow/example_dags/example_complex.py
[2024-11-18T19:28:29.508+0000] {logging_mixin.py:190} INFO - [2024-11-18T19:28:29.508+0000] {dag.py:3239} INFO - Sync 1 DAGs
[2024-11-18T19:28:29.523+0000] {logging_mixin.py:190} INFO - [2024-11-18T19:28:29.523+0000] {dag.py:4180} INFO - Setting next_dagrun for example_complex to None, run_after=None
[2024-11-18T19:28:29.553+0000] {processor.py:208} INFO - Processing /home/airflow/.local/lib/python3.12/site-packages/airflow/example_dags/example_complex.py took 0.109 seconds
[2024-11-18T19:28:59.922+0000] {processor.py:186} INFO - Started process (PID=3364) to work on /home/airflow/.local/lib/python3.12/site-packages/airflow/example_dags/example_complex.py
[2024-11-18T19:28:59.923+0000] {processor.py:914} INFO - Processing file /home/airflow/.local/lib/python3.12/site-packages/airflow/example_dags/example_complex.py for tasks to queue
[2024-11-18T19:28:59.925+0000] {logging_mixin.py:190} INFO - [2024-11-18T19:28:59.925+0000] {dagbag.py:588} INFO - Filling up the DagBag from /home/airflow/.local/lib/python3.12/site-packages/airflow/example_dags/example_complex.py
[2024-11-18T19:28:59.940+0000] {processor.py:925} INFO - DAG(s) 'example_complex' retrieved from /home/airflow/.local/lib/python3.12/site-packages/airflow/example_dags/example_complex.py
[2024-11-18T19:28:59.977+0000] {logging_mixin.py:190} INFO - [2024-11-18T19:28:59.977+0000] {dag.py:3239} INFO - Sync 1 DAGs
[2024-11-18T19:29:00.175+0000] {logging_mixin.py:190} INFO - [2024-11-18T19:29:00.175+0000] {dag.py:4180} INFO - Setting next_dagrun for example_complex to None, run_after=None
[2024-11-18T19:29:00.203+0000] {processor.py:208} INFO - Processing /home/airflow/.local/lib/python3.12/site-packages/airflow/example_dags/example_complex.py took 0.287 seconds
[2024-11-18T19:29:30.823+0000] {processor.py:186} INFO - Started process (PID=3428) to work on /home/airflow/.local/lib/python3.12/site-packages/airflow/example_dags/example_complex.py
[2024-11-18T19:29:30.824+0000] {processor.py:914} INFO - Processing file /home/airflow/.local/lib/python3.12/site-packages/airflow/example_dags/example_complex.py for tasks to queue
[2024-11-18T19:29:30.826+0000] {logging_mixin.py:190} INFO - [2024-11-18T19:29:30.826+0000] {dagbag.py:588} INFO - Filling up the DagBag from /home/airflow/.local/lib/python3.12/site-packages/airflow/example_dags/example_complex.py
[2024-11-18T19:29:30.840+0000] {processor.py:925} INFO - DAG(s) 'example_complex' retrieved from /home/airflow/.local/lib/python3.12/site-packages/airflow/example_dags/example_complex.py
[2024-11-18T19:29:30.877+0000] {logging_mixin.py:190} INFO - [2024-11-18T19:29:30.877+0000] {dag.py:3239} INFO - Sync 1 DAGs
[2024-11-18T19:29:30.892+0000] {logging_mixin.py:190} INFO - [2024-11-18T19:29:30.891+0000] {dag.py:4180} INFO - Setting next_dagrun for example_complex to None, run_after=None
[2024-11-18T19:29:31.116+0000] {processor.py:208} INFO - Processing /home/airflow/.local/lib/python3.12/site-packages/airflow/example_dags/example_complex.py took 0.299 seconds
[2024-11-18T19:30:01.508+0000] {processor.py:186} INFO - Started process (PID=3492) to work on /home/airflow/.local/lib/python3.12/site-packages/airflow/example_dags/example_complex.py
[2024-11-18T19:30:01.508+0000] {processor.py:914} INFO - Processing file /home/airflow/.local/lib/python3.12/site-packages/airflow/example_dags/example_complex.py for tasks to queue
[2024-11-18T19:30:01.510+0000] {logging_mixin.py:190} INFO - [2024-11-18T19:30:01.510+0000] {dagbag.py:588} INFO - Filling up the DagBag from /home/airflow/.local/lib/python3.12/site-packages/airflow/example_dags/example_complex.py
[2024-11-18T19:30:01.525+0000] {processor.py:925} INFO - DAG(s) 'example_complex' retrieved from /home/airflow/.local/lib/python3.12/site-packages/airflow/example_dags/example_complex.py
[2024-11-18T19:30:01.561+0000] {logging_mixin.py:190} INFO - [2024-11-18T19:30:01.561+0000] {dag.py:3239} INFO - Sync 1 DAGs
[2024-11-18T19:30:01.572+0000] {logging_mixin.py:190} INFO - [2024-11-18T19:30:01.571+0000] {dag.py:4180} INFO - Setting next_dagrun for example_complex to None, run_after=None
[2024-11-18T19:30:01.594+0000] {processor.py:208} INFO - Processing /home/airflow/.local/lib/python3.12/site-packages/airflow/example_dags/example_complex.py took 0.093 seconds
[2024-11-18T19:30:31.696+0000] {processor.py:186} INFO - Started process (PID=3556) to work on /home/airflow/.local/lib/python3.12/site-packages/airflow/example_dags/example_complex.py
[2024-11-18T19:30:31.696+0000] {processor.py:914} INFO - Processing file /home/airflow/.local/lib/python3.12/site-packages/airflow/example_dags/example_complex.py for tasks to queue
[2024-11-18T19:30:31.698+0000] {logging_mixin.py:190} INFO - [2024-11-18T19:30:31.698+0000] {dagbag.py:588} INFO - Filling up the DagBag from /home/airflow/.local/lib/python3.12/site-packages/airflow/example_dags/example_complex.py
[2024-11-18T19:30:31.713+0000] {processor.py:925} INFO - DAG(s) 'example_complex' retrieved from /home/airflow/.local/lib/python3.12/site-packages/airflow/example_dags/example_complex.py
[2024-11-18T19:30:31.749+0000] {logging_mixin.py:190} INFO - [2024-11-18T19:30:31.749+0000] {dag.py:3239} INFO - Sync 1 DAGs
[2024-11-18T19:30:31.760+0000] {logging_mixin.py:190} INFO - [2024-11-18T19:30:31.760+0000] {dag.py:4180} INFO - Setting next_dagrun for example_complex to None, run_after=None
[2024-11-18T19:30:31.783+0000] {processor.py:208} INFO - Processing /home/airflow/.local/lib/python3.12/site-packages/airflow/example_dags/example_complex.py took 0.094 seconds
