[2024-11-18T19:02:11.102+0000] {processor.py:186} INFO - Started process (PID=73) to work on /home/airflow/.local/lib/python3.12/site-packages/airflow/example_dags/example_bash_operator.py
[2024-11-18T19:02:11.120+0000] {processor.py:914} INFO - Processing file /home/airflow/.local/lib/python3.12/site-packages/airflow/example_dags/example_bash_operator.py for tasks to queue
[2024-11-18T19:02:11.130+0000] {logging_mixin.py:190} INFO - [2024-11-18T19:02:11.127+0000] {dagbag.py:588} INFO - Filling up the DagBag from /home/airflow/.local/lib/python3.12/site-packages/airflow/example_dags/example_bash_operator.py
[2024-11-18T19:02:11.308+0000] {processor.py:925} INFO - DAG(s) 'example_bash_operator' retrieved from /home/airflow/.local/lib/python3.12/site-packages/airflow/example_dags/example_bash_operator.py
[2024-11-18T19:02:11.405+0000] {logging_mixin.py:190} INFO - [2024-11-18T19:02:11.405+0000] {dag.py:3239} INFO - Sync 1 DAGs
[2024-11-18T19:02:11.570+0000] {logging_mixin.py:190} INFO - [2024-11-18T19:02:11.570+0000] {dag.py:4180} INFO - Setting next_dagrun for example_bash_operator to 2024-11-17 00:00:00+00:00, run_after=2024-11-18 00:00:00+00:00
[2024-11-18T19:02:11.709+0000] {processor.py:208} INFO - Processing /home/airflow/.local/lib/python3.12/site-packages/airflow/example_dags/example_bash_operator.py took 0.642 seconds
[2024-11-18T19:02:49.288+0000] {processor.py:186} INFO - Started process (PID=137) to work on /home/airflow/.local/lib/python3.12/site-packages/airflow/example_dags/example_bash_operator.py
[2024-11-18T19:02:49.290+0000] {processor.py:914} INFO - Processing file /home/airflow/.local/lib/python3.12/site-packages/airflow/example_dags/example_bash_operator.py for tasks to queue
[2024-11-18T19:02:49.292+0000] {logging_mixin.py:190} INFO - [2024-11-18T19:02:49.291+0000] {dagbag.py:588} INFO - Filling up the DagBag from /home/airflow/.local/lib/python3.12/site-packages/airflow/example_dags/example_bash_operator.py
[2024-11-18T19:02:49.337+0000] {processor.py:925} INFO - DAG(s) 'example_bash_operator' retrieved from /home/airflow/.local/lib/python3.12/site-packages/airflow/example_dags/example_bash_operator.py
[2024-11-18T19:02:49.396+0000] {logging_mixin.py:190} INFO - [2024-11-18T19:02:49.395+0000] {dag.py:3239} INFO - Sync 1 DAGs
[2024-11-18T19:02:49.455+0000] {logging_mixin.py:190} INFO - [2024-11-18T19:02:49.455+0000] {dag.py:4180} INFO - Setting next_dagrun for example_bash_operator to 2024-11-17 00:00:00+00:00, run_after=2024-11-18 00:00:00+00:00
[2024-11-18T19:02:49.528+0000] {processor.py:208} INFO - Processing /home/airflow/.local/lib/python3.12/site-packages/airflow/example_dags/example_bash_operator.py took 0.253 seconds
[2024-11-18T19:03:27.363+0000] {processor.py:186} INFO - Started process (PID=207) to work on /home/airflow/.local/lib/python3.12/site-packages/airflow/example_dags/example_bash_operator.py
[2024-11-18T19:03:27.369+0000] {processor.py:914} INFO - Processing file /home/airflow/.local/lib/python3.12/site-packages/airflow/example_dags/example_bash_operator.py for tasks to queue
[2024-11-18T19:03:27.378+0000] {logging_mixin.py:190} INFO - [2024-11-18T19:03:27.377+0000] {dagbag.py:588} INFO - Filling up the DagBag from /home/airflow/.local/lib/python3.12/site-packages/airflow/example_dags/example_bash_operator.py
[2024-11-18T19:03:27.578+0000] {processor.py:925} INFO - DAG(s) 'example_bash_operator' retrieved from /home/airflow/.local/lib/python3.12/site-packages/airflow/example_dags/example_bash_operator.py
[2024-11-18T19:03:27.890+0000] {logging_mixin.py:190} INFO - [2024-11-18T19:03:27.888+0000] {dag.py:3239} INFO - Sync 1 DAGs
[2024-11-18T19:03:28.001+0000] {logging_mixin.py:190} INFO - [2024-11-18T19:03:28.000+0000] {dag.py:4180} INFO - Setting next_dagrun for example_bash_operator to 2024-11-17 00:00:00+00:00, run_after=2024-11-18 00:00:00+00:00
[2024-11-18T19:03:28.096+0000] {processor.py:208} INFO - Processing /home/airflow/.local/lib/python3.12/site-packages/airflow/example_dags/example_bash_operator.py took 0.769 seconds
[2024-11-18T19:04:14.830+0000] {processor.py:186} INFO - Started process (PID=241) to work on /home/airflow/.local/lib/python3.12/site-packages/airflow/example_dags/example_bash_operator.py
[2024-11-18T19:04:14.831+0000] {processor.py:914} INFO - Processing file /home/airflow/.local/lib/python3.12/site-packages/airflow/example_dags/example_bash_operator.py for tasks to queue
[2024-11-18T19:04:14.840+0000] {logging_mixin.py:190} INFO - [2024-11-18T19:04:14.839+0000] {dagbag.py:588} INFO - Filling up the DagBag from /home/airflow/.local/lib/python3.12/site-packages/airflow/example_dags/example_bash_operator.py
[2024-11-18T19:04:14.915+0000] {processor.py:925} INFO - DAG(s) 'example_bash_operator' retrieved from /home/airflow/.local/lib/python3.12/site-packages/airflow/example_dags/example_bash_operator.py
[2024-11-18T19:04:15.002+0000] {logging_mixin.py:190} INFO - [2024-11-18T19:04:15.001+0000] {dag.py:3239} INFO - Sync 1 DAGs
[2024-11-18T19:04:15.139+0000] {logging_mixin.py:190} INFO - [2024-11-18T19:04:15.126+0000] {dag.py:4180} INFO - Setting next_dagrun for example_bash_operator to 2024-11-17 00:00:00+00:00, run_after=2024-11-18 00:00:00+00:00
[2024-11-18T19:04:15.221+0000] {processor.py:208} INFO - Processing /home/airflow/.local/lib/python3.12/site-packages/airflow/example_dags/example_bash_operator.py took 0.411 seconds
[2024-11-18T19:04:45.542+0000] {processor.py:186} INFO - Started process (PID=305) to work on /home/airflow/.local/lib/python3.12/site-packages/airflow/example_dags/example_bash_operator.py
[2024-11-18T19:04:45.542+0000] {processor.py:914} INFO - Processing file /home/airflow/.local/lib/python3.12/site-packages/airflow/example_dags/example_bash_operator.py for tasks to queue
[2024-11-18T19:04:45.544+0000] {logging_mixin.py:190} INFO - [2024-11-18T19:04:45.544+0000] {dagbag.py:588} INFO - Filling up the DagBag from /home/airflow/.local/lib/python3.12/site-packages/airflow/example_dags/example_bash_operator.py
[2024-11-18T19:04:45.558+0000] {processor.py:925} INFO - DAG(s) 'example_bash_operator' retrieved from /home/airflow/.local/lib/python3.12/site-packages/airflow/example_dags/example_bash_operator.py
[2024-11-18T19:04:45.587+0000] {logging_mixin.py:190} INFO - [2024-11-18T19:04:45.587+0000] {dag.py:3239} INFO - Sync 1 DAGs
[2024-11-18T19:04:45.616+0000] {logging_mixin.py:190} INFO - [2024-11-18T19:04:45.615+0000] {dag.py:4180} INFO - Setting next_dagrun for example_bash_operator to 2024-11-17 00:00:00+00:00, run_after=2024-11-18 00:00:00+00:00
[2024-11-18T19:04:45.638+0000] {processor.py:208} INFO - Processing /home/airflow/.local/lib/python3.12/site-packages/airflow/example_dags/example_bash_operator.py took 0.102 seconds
[2024-11-18T19:05:16.041+0000] {processor.py:186} INFO - Started process (PID=368) to work on /home/airflow/.local/lib/python3.12/site-packages/airflow/example_dags/example_bash_operator.py
[2024-11-18T19:05:16.042+0000] {processor.py:914} INFO - Processing file /home/airflow/.local/lib/python3.12/site-packages/airflow/example_dags/example_bash_operator.py for tasks to queue
[2024-11-18T19:05:16.044+0000] {logging_mixin.py:190} INFO - [2024-11-18T19:05:16.043+0000] {dagbag.py:588} INFO - Filling up the DagBag from /home/airflow/.local/lib/python3.12/site-packages/airflow/example_dags/example_bash_operator.py
[2024-11-18T19:05:16.057+0000] {processor.py:925} INFO - DAG(s) 'example_bash_operator' retrieved from /home/airflow/.local/lib/python3.12/site-packages/airflow/example_dags/example_bash_operator.py
[2024-11-18T19:05:16.087+0000] {logging_mixin.py:190} INFO - [2024-11-18T19:05:16.087+0000] {dag.py:3239} INFO - Sync 1 DAGs
[2024-11-18T19:05:16.117+0000] {logging_mixin.py:190} INFO - [2024-11-18T19:05:16.117+0000] {dag.py:4180} INFO - Setting next_dagrun for example_bash_operator to 2024-11-17 00:00:00+00:00, run_after=2024-11-18 00:00:00+00:00
[2024-11-18T19:05:16.140+0000] {processor.py:208} INFO - Processing /home/airflow/.local/lib/python3.12/site-packages/airflow/example_dags/example_bash_operator.py took 0.105 seconds
[2024-11-18T19:05:46.635+0000] {processor.py:186} INFO - Started process (PID=433) to work on /home/airflow/.local/lib/python3.12/site-packages/airflow/example_dags/example_bash_operator.py
[2024-11-18T19:05:46.635+0000] {processor.py:914} INFO - Processing file /home/airflow/.local/lib/python3.12/site-packages/airflow/example_dags/example_bash_operator.py for tasks to queue
[2024-11-18T19:05:46.637+0000] {logging_mixin.py:190} INFO - [2024-11-18T19:05:46.637+0000] {dagbag.py:588} INFO - Filling up the DagBag from /home/airflow/.local/lib/python3.12/site-packages/airflow/example_dags/example_bash_operator.py
[2024-11-18T19:05:46.647+0000] {processor.py:925} INFO - DAG(s) 'example_bash_operator' retrieved from /home/airflow/.local/lib/python3.12/site-packages/airflow/example_dags/example_bash_operator.py
[2024-11-18T19:05:46.678+0000] {logging_mixin.py:190} INFO - [2024-11-18T19:05:46.678+0000] {dag.py:3239} INFO - Sync 1 DAGs
[2024-11-18T19:05:46.704+0000] {logging_mixin.py:190} INFO - [2024-11-18T19:05:46.703+0000] {dag.py:4180} INFO - Setting next_dagrun for example_bash_operator to 2024-11-17 00:00:00+00:00, run_after=2024-11-18 00:00:00+00:00
[2024-11-18T19:05:46.726+0000] {processor.py:208} INFO - Processing /home/airflow/.local/lib/python3.12/site-packages/airflow/example_dags/example_bash_operator.py took 0.097 seconds
[2024-11-18T19:06:17.462+0000] {processor.py:186} INFO - Started process (PID=496) to work on /home/airflow/.local/lib/python3.12/site-packages/airflow/example_dags/example_bash_operator.py
[2024-11-18T19:06:17.462+0000] {processor.py:914} INFO - Processing file /home/airflow/.local/lib/python3.12/site-packages/airflow/example_dags/example_bash_operator.py for tasks to queue
[2024-11-18T19:06:17.464+0000] {logging_mixin.py:190} INFO - [2024-11-18T19:06:17.464+0000] {dagbag.py:588} INFO - Filling up the DagBag from /home/airflow/.local/lib/python3.12/site-packages/airflow/example_dags/example_bash_operator.py
[2024-11-18T19:06:17.489+0000] {processor.py:925} INFO - DAG(s) 'example_bash_operator' retrieved from /home/airflow/.local/lib/python3.12/site-packages/airflow/example_dags/example_bash_operator.py
[2024-11-18T19:06:17.562+0000] {logging_mixin.py:190} INFO - [2024-11-18T19:06:17.562+0000] {dag.py:3239} INFO - Sync 1 DAGs
[2024-11-18T19:06:17.608+0000] {logging_mixin.py:190} INFO - [2024-11-18T19:06:17.608+0000] {dag.py:4180} INFO - Setting next_dagrun for example_bash_operator to 2024-11-17 00:00:00+00:00, run_after=2024-11-18 00:00:00+00:00
[2024-11-18T19:06:17.656+0000] {processor.py:208} INFO - Processing /home/airflow/.local/lib/python3.12/site-packages/airflow/example_dags/example_bash_operator.py took 0.201 seconds
[2024-11-18T19:06:47.698+0000] {processor.py:186} INFO - Started process (PID=561) to work on /home/airflow/.local/lib/python3.12/site-packages/airflow/example_dags/example_bash_operator.py
[2024-11-18T19:06:47.699+0000] {processor.py:914} INFO - Processing file /home/airflow/.local/lib/python3.12/site-packages/airflow/example_dags/example_bash_operator.py for tasks to queue
[2024-11-18T19:06:47.700+0000] {logging_mixin.py:190} INFO - [2024-11-18T19:06:47.700+0000] {dagbag.py:588} INFO - Filling up the DagBag from /home/airflow/.local/lib/python3.12/site-packages/airflow/example_dags/example_bash_operator.py
[2024-11-18T19:06:47.710+0000] {processor.py:925} INFO - DAG(s) 'example_bash_operator' retrieved from /home/airflow/.local/lib/python3.12/site-packages/airflow/example_dags/example_bash_operator.py
[2024-11-18T19:06:47.730+0000] {logging_mixin.py:190} INFO - [2024-11-18T19:06:47.730+0000] {dag.py:3239} INFO - Sync 1 DAGs
[2024-11-18T19:06:47.748+0000] {logging_mixin.py:190} INFO - [2024-11-18T19:06:47.748+0000] {dag.py:4180} INFO - Setting next_dagrun for example_bash_operator to 2024-11-17 00:00:00+00:00, run_after=2024-11-18 00:00:00+00:00
[2024-11-18T19:06:47.764+0000] {processor.py:208} INFO - Processing /home/airflow/.local/lib/python3.12/site-packages/airflow/example_dags/example_bash_operator.py took 0.070 seconds
[2024-11-18T19:07:18.177+0000] {processor.py:186} INFO - Started process (PID=625) to work on /home/airflow/.local/lib/python3.12/site-packages/airflow/example_dags/example_bash_operator.py
[2024-11-18T19:07:18.178+0000] {processor.py:914} INFO - Processing file /home/airflow/.local/lib/python3.12/site-packages/airflow/example_dags/example_bash_operator.py for tasks to queue
[2024-11-18T19:07:18.180+0000] {logging_mixin.py:190} INFO - [2024-11-18T19:07:18.180+0000] {dagbag.py:588} INFO - Filling up the DagBag from /home/airflow/.local/lib/python3.12/site-packages/airflow/example_dags/example_bash_operator.py
[2024-11-18T19:07:18.194+0000] {processor.py:925} INFO - DAG(s) 'example_bash_operator' retrieved from /home/airflow/.local/lib/python3.12/site-packages/airflow/example_dags/example_bash_operator.py
[2024-11-18T19:07:18.217+0000] {logging_mixin.py:190} INFO - [2024-11-18T19:07:18.217+0000] {dag.py:3239} INFO - Sync 1 DAGs
[2024-11-18T19:07:18.240+0000] {logging_mixin.py:190} INFO - [2024-11-18T19:07:18.240+0000] {dag.py:4180} INFO - Setting next_dagrun for example_bash_operator to 2024-11-17 00:00:00+00:00, run_after=2024-11-18 00:00:00+00:00
[2024-11-18T19:07:18.261+0000] {processor.py:208} INFO - Processing /home/airflow/.local/lib/python3.12/site-packages/airflow/example_dags/example_bash_operator.py took 0.090 seconds
[2024-11-18T19:07:49.110+0000] {processor.py:186} INFO - Started process (PID=690) to work on /home/airflow/.local/lib/python3.12/site-packages/airflow/example_dags/example_bash_operator.py
[2024-11-18T19:07:49.111+0000] {processor.py:914} INFO - Processing file /home/airflow/.local/lib/python3.12/site-packages/airflow/example_dags/example_bash_operator.py for tasks to queue
[2024-11-18T19:07:49.113+0000] {logging_mixin.py:190} INFO - [2024-11-18T19:07:49.113+0000] {dagbag.py:588} INFO - Filling up the DagBag from /home/airflow/.local/lib/python3.12/site-packages/airflow/example_dags/example_bash_operator.py
[2024-11-18T19:07:49.127+0000] {processor.py:925} INFO - DAG(s) 'example_bash_operator' retrieved from /home/airflow/.local/lib/python3.12/site-packages/airflow/example_dags/example_bash_operator.py
[2024-11-18T19:07:49.156+0000] {logging_mixin.py:190} INFO - [2024-11-18T19:07:49.156+0000] {dag.py:3239} INFO - Sync 1 DAGs
[2024-11-18T19:07:49.184+0000] {logging_mixin.py:190} INFO - [2024-11-18T19:07:49.183+0000] {dag.py:4180} INFO - Setting next_dagrun for example_bash_operator to 2024-11-17 00:00:00+00:00, run_after=2024-11-18 00:00:00+00:00
[2024-11-18T19:07:49.205+0000] {processor.py:208} INFO - Processing /home/airflow/.local/lib/python3.12/site-packages/airflow/example_dags/example_bash_operator.py took 0.102 seconds
[2024-11-18T19:08:20.321+0000] {processor.py:186} INFO - Started process (PID=755) to work on /home/airflow/.local/lib/python3.12/site-packages/airflow/example_dags/example_bash_operator.py
[2024-11-18T19:08:20.339+0000] {processor.py:914} INFO - Processing file /home/airflow/.local/lib/python3.12/site-packages/airflow/example_dags/example_bash_operator.py for tasks to queue
[2024-11-18T19:08:20.343+0000] {logging_mixin.py:190} INFO - [2024-11-18T19:08:20.343+0000] {dagbag.py:588} INFO - Filling up the DagBag from /home/airflow/.local/lib/python3.12/site-packages/airflow/example_dags/example_bash_operator.py
[2024-11-18T19:08:20.404+0000] {processor.py:925} INFO - DAG(s) 'example_bash_operator' retrieved from /home/airflow/.local/lib/python3.12/site-packages/airflow/example_dags/example_bash_operator.py
[2024-11-18T19:08:20.493+0000] {logging_mixin.py:190} INFO - [2024-11-18T19:08:20.493+0000] {dag.py:3239} INFO - Sync 1 DAGs
[2024-11-18T19:08:20.557+0000] {logging_mixin.py:190} INFO - [2024-11-18T19:08:20.557+0000] {dag.py:4180} INFO - Setting next_dagrun for example_bash_operator to 2024-11-17 00:00:00+00:00, run_after=2024-11-18 00:00:00+00:00
[2024-11-18T19:08:20.619+0000] {processor.py:208} INFO - Processing /home/airflow/.local/lib/python3.12/site-packages/airflow/example_dags/example_bash_operator.py took 0.316 seconds
[2024-11-18T19:08:50.837+0000] {processor.py:186} INFO - Started process (PID=819) to work on /home/airflow/.local/lib/python3.12/site-packages/airflow/example_dags/example_bash_operator.py
[2024-11-18T19:08:50.837+0000] {processor.py:914} INFO - Processing file /home/airflow/.local/lib/python3.12/site-packages/airflow/example_dags/example_bash_operator.py for tasks to queue
[2024-11-18T19:08:50.840+0000] {logging_mixin.py:190} INFO - [2024-11-18T19:08:50.839+0000] {dagbag.py:588} INFO - Filling up the DagBag from /home/airflow/.local/lib/python3.12/site-packages/airflow/example_dags/example_bash_operator.py
[2024-11-18T19:08:50.869+0000] {processor.py:925} INFO - DAG(s) 'example_bash_operator' retrieved from /home/airflow/.local/lib/python3.12/site-packages/airflow/example_dags/example_bash_operator.py
[2024-11-18T19:08:50.922+0000] {logging_mixin.py:190} INFO - [2024-11-18T19:08:50.922+0000] {dag.py:3239} INFO - Sync 1 DAGs
[2024-11-18T19:08:50.973+0000] {logging_mixin.py:190} INFO - [2024-11-18T19:08:50.973+0000] {dag.py:4180} INFO - Setting next_dagrun for example_bash_operator to 2024-11-17 00:00:00+00:00, run_after=2024-11-18 00:00:00+00:00
[2024-11-18T19:08:51.005+0000] {processor.py:208} INFO - Processing /home/airflow/.local/lib/python3.12/site-packages/airflow/example_dags/example_bash_operator.py took 0.194 seconds
[2024-11-18T19:09:22.093+0000] {processor.py:186} INFO - Started process (PID=883) to work on /home/airflow/.local/lib/python3.12/site-packages/airflow/example_dags/example_bash_operator.py
[2024-11-18T19:09:22.094+0000] {processor.py:914} INFO - Processing file /home/airflow/.local/lib/python3.12/site-packages/airflow/example_dags/example_bash_operator.py for tasks to queue
[2024-11-18T19:09:22.096+0000] {logging_mixin.py:190} INFO - [2024-11-18T19:09:22.096+0000] {dagbag.py:588} INFO - Filling up the DagBag from /home/airflow/.local/lib/python3.12/site-packages/airflow/example_dags/example_bash_operator.py
[2024-11-18T19:09:22.113+0000] {processor.py:925} INFO - DAG(s) 'example_bash_operator' retrieved from /home/airflow/.local/lib/python3.12/site-packages/airflow/example_dags/example_bash_operator.py
[2024-11-18T19:09:22.150+0000] {logging_mixin.py:190} INFO - [2024-11-18T19:09:22.149+0000] {dag.py:3239} INFO - Sync 1 DAGs
[2024-11-18T19:09:22.177+0000] {logging_mixin.py:190} INFO - [2024-11-18T19:09:22.177+0000] {dag.py:4180} INFO - Setting next_dagrun for example_bash_operator to 2024-11-17 00:00:00+00:00, run_after=2024-11-18 00:00:00+00:00
[2024-11-18T19:09:22.201+0000] {processor.py:208} INFO - Processing /home/airflow/.local/lib/python3.12/site-packages/airflow/example_dags/example_bash_operator.py took 0.117 seconds
[2024-11-18T19:09:52.324+0000] {processor.py:186} INFO - Started process (PID=948) to work on /home/airflow/.local/lib/python3.12/site-packages/airflow/example_dags/example_bash_operator.py
[2024-11-18T19:09:52.325+0000] {processor.py:914} INFO - Processing file /home/airflow/.local/lib/python3.12/site-packages/airflow/example_dags/example_bash_operator.py for tasks to queue
[2024-11-18T19:09:52.327+0000] {logging_mixin.py:190} INFO - [2024-11-18T19:09:52.327+0000] {dagbag.py:588} INFO - Filling up the DagBag from /home/airflow/.local/lib/python3.12/site-packages/airflow/example_dags/example_bash_operator.py
[2024-11-18T19:09:52.340+0000] {processor.py:925} INFO - DAG(s) 'example_bash_operator' retrieved from /home/airflow/.local/lib/python3.12/site-packages/airflow/example_dags/example_bash_operator.py
[2024-11-18T19:09:52.369+0000] {logging_mixin.py:190} INFO - [2024-11-18T19:09:52.369+0000] {dag.py:3239} INFO - Sync 1 DAGs
[2024-11-18T19:09:52.397+0000] {logging_mixin.py:190} INFO - [2024-11-18T19:09:52.396+0000] {dag.py:4180} INFO - Setting next_dagrun for example_bash_operator to 2024-11-17 00:00:00+00:00, run_after=2024-11-18 00:00:00+00:00
[2024-11-18T19:09:52.417+0000] {processor.py:208} INFO - Processing /home/airflow/.local/lib/python3.12/site-packages/airflow/example_dags/example_bash_operator.py took 0.100 seconds
[2024-11-18T19:10:22.641+0000] {processor.py:186} INFO - Started process (PID=1012) to work on /home/airflow/.local/lib/python3.12/site-packages/airflow/example_dags/example_bash_operator.py
[2024-11-18T19:10:22.642+0000] {processor.py:914} INFO - Processing file /home/airflow/.local/lib/python3.12/site-packages/airflow/example_dags/example_bash_operator.py for tasks to queue
[2024-11-18T19:10:22.644+0000] {logging_mixin.py:190} INFO - [2024-11-18T19:10:22.644+0000] {dagbag.py:588} INFO - Filling up the DagBag from /home/airflow/.local/lib/python3.12/site-packages/airflow/example_dags/example_bash_operator.py
[2024-11-18T19:10:22.658+0000] {processor.py:925} INFO - DAG(s) 'example_bash_operator' retrieved from /home/airflow/.local/lib/python3.12/site-packages/airflow/example_dags/example_bash_operator.py
[2024-11-18T19:10:22.688+0000] {logging_mixin.py:190} INFO - [2024-11-18T19:10:22.687+0000] {dag.py:3239} INFO - Sync 1 DAGs
[2024-11-18T19:10:22.715+0000] {logging_mixin.py:190} INFO - [2024-11-18T19:10:22.714+0000] {dag.py:4180} INFO - Setting next_dagrun for example_bash_operator to 2024-11-17 00:00:00+00:00, run_after=2024-11-18 00:00:00+00:00
[2024-11-18T19:10:22.734+0000] {processor.py:208} INFO - Processing /home/airflow/.local/lib/python3.12/site-packages/airflow/example_dags/example_bash_operator.py took 0.110 seconds
[2024-11-18T19:10:52.850+0000] {processor.py:186} INFO - Started process (PID=1077) to work on /home/airflow/.local/lib/python3.12/site-packages/airflow/example_dags/example_bash_operator.py
[2024-11-18T19:10:52.850+0000] {processor.py:914} INFO - Processing file /home/airflow/.local/lib/python3.12/site-packages/airflow/example_dags/example_bash_operator.py for tasks to queue
[2024-11-18T19:10:52.852+0000] {logging_mixin.py:190} INFO - [2024-11-18T19:10:52.852+0000] {dagbag.py:588} INFO - Filling up the DagBag from /home/airflow/.local/lib/python3.12/site-packages/airflow/example_dags/example_bash_operator.py
[2024-11-18T19:10:52.867+0000] {processor.py:925} INFO - DAG(s) 'example_bash_operator' retrieved from /home/airflow/.local/lib/python3.12/site-packages/airflow/example_dags/example_bash_operator.py
[2024-11-18T19:10:52.896+0000] {logging_mixin.py:190} INFO - [2024-11-18T19:10:52.896+0000] {dag.py:3239} INFO - Sync 1 DAGs
[2024-11-18T19:10:52.924+0000] {logging_mixin.py:190} INFO - [2024-11-18T19:10:52.924+0000] {dag.py:4180} INFO - Setting next_dagrun for example_bash_operator to 2024-11-17 00:00:00+00:00, run_after=2024-11-18 00:00:00+00:00
[2024-11-18T19:10:52.956+0000] {processor.py:208} INFO - Processing /home/airflow/.local/lib/python3.12/site-packages/airflow/example_dags/example_bash_operator.py took 0.112 seconds
[2024-11-18T19:11:23.458+0000] {processor.py:186} INFO - Started process (PID=1142) to work on /home/airflow/.local/lib/python3.12/site-packages/airflow/example_dags/example_bash_operator.py
[2024-11-18T19:11:23.459+0000] {processor.py:914} INFO - Processing file /home/airflow/.local/lib/python3.12/site-packages/airflow/example_dags/example_bash_operator.py for tasks to queue
[2024-11-18T19:11:23.461+0000] {logging_mixin.py:190} INFO - [2024-11-18T19:11:23.460+0000] {dagbag.py:588} INFO - Filling up the DagBag from /home/airflow/.local/lib/python3.12/site-packages/airflow/example_dags/example_bash_operator.py
[2024-11-18T19:11:23.475+0000] {processor.py:925} INFO - DAG(s) 'example_bash_operator' retrieved from /home/airflow/.local/lib/python3.12/site-packages/airflow/example_dags/example_bash_operator.py
[2024-11-18T19:11:23.504+0000] {logging_mixin.py:190} INFO - [2024-11-18T19:11:23.503+0000] {dag.py:3239} INFO - Sync 1 DAGs
[2024-11-18T19:11:23.534+0000] {logging_mixin.py:190} INFO - [2024-11-18T19:11:23.534+0000] {dag.py:4180} INFO - Setting next_dagrun for example_bash_operator to 2024-11-17 00:00:00+00:00, run_after=2024-11-18 00:00:00+00:00
[2024-11-18T19:11:23.555+0000] {processor.py:208} INFO - Processing /home/airflow/.local/lib/python3.12/site-packages/airflow/example_dags/example_bash_operator.py took 0.103 seconds
[2024-11-18T19:11:53.876+0000] {processor.py:186} INFO - Started process (PID=1206) to work on /home/airflow/.local/lib/python3.12/site-packages/airflow/example_dags/example_bash_operator.py
[2024-11-18T19:11:53.876+0000] {processor.py:914} INFO - Processing file /home/airflow/.local/lib/python3.12/site-packages/airflow/example_dags/example_bash_operator.py for tasks to queue
[2024-11-18T19:11:53.878+0000] {logging_mixin.py:190} INFO - [2024-11-18T19:11:53.878+0000] {dagbag.py:588} INFO - Filling up the DagBag from /home/airflow/.local/lib/python3.12/site-packages/airflow/example_dags/example_bash_operator.py
[2024-11-18T19:11:53.891+0000] {processor.py:925} INFO - DAG(s) 'example_bash_operator' retrieved from /home/airflow/.local/lib/python3.12/site-packages/airflow/example_dags/example_bash_operator.py
[2024-11-18T19:11:53.919+0000] {logging_mixin.py:190} INFO - [2024-11-18T19:11:53.919+0000] {dag.py:3239} INFO - Sync 1 DAGs
[2024-11-18T19:11:53.947+0000] {logging_mixin.py:190} INFO - [2024-11-18T19:11:53.947+0000] {dag.py:4180} INFO - Setting next_dagrun for example_bash_operator to 2024-11-17 00:00:00+00:00, run_after=2024-11-18 00:00:00+00:00
[2024-11-18T19:11:53.972+0000] {processor.py:208} INFO - Processing /home/airflow/.local/lib/python3.12/site-packages/airflow/example_dags/example_bash_operator.py took 0.102 seconds
[2024-11-18T19:12:24.215+0000] {processor.py:186} INFO - Started process (PID=1270) to work on /home/airflow/.local/lib/python3.12/site-packages/airflow/example_dags/example_bash_operator.py
[2024-11-18T19:12:24.215+0000] {processor.py:914} INFO - Processing file /home/airflow/.local/lib/python3.12/site-packages/airflow/example_dags/example_bash_operator.py for tasks to queue
[2024-11-18T19:12:24.217+0000] {logging_mixin.py:190} INFO - [2024-11-18T19:12:24.217+0000] {dagbag.py:588} INFO - Filling up the DagBag from /home/airflow/.local/lib/python3.12/site-packages/airflow/example_dags/example_bash_operator.py
[2024-11-18T19:12:24.231+0000] {processor.py:925} INFO - DAG(s) 'example_bash_operator' retrieved from /home/airflow/.local/lib/python3.12/site-packages/airflow/example_dags/example_bash_operator.py
[2024-11-18T19:12:24.260+0000] {logging_mixin.py:190} INFO - [2024-11-18T19:12:24.260+0000] {dag.py:3239} INFO - Sync 1 DAGs
[2024-11-18T19:12:24.287+0000] {logging_mixin.py:190} INFO - [2024-11-18T19:12:24.287+0000] {dag.py:4180} INFO - Setting next_dagrun for example_bash_operator to 2024-11-17 00:00:00+00:00, run_after=2024-11-18 00:00:00+00:00
[2024-11-18T19:12:24.321+0000] {processor.py:208} INFO - Processing /home/airflow/.local/lib/python3.12/site-packages/airflow/example_dags/example_bash_operator.py took 0.111 seconds
[2024-11-18T19:12:54.857+0000] {processor.py:186} INFO - Started process (PID=1334) to work on /home/airflow/.local/lib/python3.12/site-packages/airflow/example_dags/example_bash_operator.py
[2024-11-18T19:12:54.861+0000] {processor.py:914} INFO - Processing file /home/airflow/.local/lib/python3.12/site-packages/airflow/example_dags/example_bash_operator.py for tasks to queue
[2024-11-18T19:12:54.863+0000] {logging_mixin.py:190} INFO - [2024-11-18T19:12:54.863+0000] {dagbag.py:588} INFO - Filling up the DagBag from /home/airflow/.local/lib/python3.12/site-packages/airflow/example_dags/example_bash_operator.py
[2024-11-18T19:12:54.879+0000] {processor.py:925} INFO - DAG(s) 'example_bash_operator' retrieved from /home/airflow/.local/lib/python3.12/site-packages/airflow/example_dags/example_bash_operator.py
[2024-11-18T19:12:54.925+0000] {logging_mixin.py:190} INFO - [2024-11-18T19:12:54.924+0000] {dag.py:3239} INFO - Sync 1 DAGs
[2024-11-18T19:12:54.951+0000] {logging_mixin.py:190} INFO - [2024-11-18T19:12:54.951+0000] {dag.py:4180} INFO - Setting next_dagrun for example_bash_operator to 2024-11-17 00:00:00+00:00, run_after=2024-11-18 00:00:00+00:00
[2024-11-18T19:12:55.011+0000] {processor.py:208} INFO - Processing /home/airflow/.local/lib/python3.12/site-packages/airflow/example_dags/example_bash_operator.py took 0.159 seconds
[2024-11-18T19:13:25.110+0000] {processor.py:186} INFO - Started process (PID=1400) to work on /home/airflow/.local/lib/python3.12/site-packages/airflow/example_dags/example_bash_operator.py
[2024-11-18T19:13:25.111+0000] {processor.py:914} INFO - Processing file /home/airflow/.local/lib/python3.12/site-packages/airflow/example_dags/example_bash_operator.py for tasks to queue
[2024-11-18T19:13:25.113+0000] {logging_mixin.py:190} INFO - [2024-11-18T19:13:25.113+0000] {dagbag.py:588} INFO - Filling up the DagBag from /home/airflow/.local/lib/python3.12/site-packages/airflow/example_dags/example_bash_operator.py
[2024-11-18T19:13:25.127+0000] {processor.py:925} INFO - DAG(s) 'example_bash_operator' retrieved from /home/airflow/.local/lib/python3.12/site-packages/airflow/example_dags/example_bash_operator.py
[2024-11-18T19:13:25.150+0000] {logging_mixin.py:190} INFO - [2024-11-18T19:13:25.150+0000] {dag.py:3239} INFO - Sync 1 DAGs
[2024-11-18T19:13:25.169+0000] {logging_mixin.py:190} INFO - [2024-11-18T19:13:25.168+0000] {dag.py:4180} INFO - Setting next_dagrun for example_bash_operator to 2024-11-17 00:00:00+00:00, run_after=2024-11-18 00:00:00+00:00
[2024-11-18T19:13:25.189+0000] {processor.py:208} INFO - Processing /home/airflow/.local/lib/python3.12/site-packages/airflow/example_dags/example_bash_operator.py took 0.084 seconds
[2024-11-18T19:13:55.944+0000] {processor.py:186} INFO - Started process (PID=1464) to work on /home/airflow/.local/lib/python3.12/site-packages/airflow/example_dags/example_bash_operator.py
[2024-11-18T19:13:55.945+0000] {processor.py:914} INFO - Processing file /home/airflow/.local/lib/python3.12/site-packages/airflow/example_dags/example_bash_operator.py for tasks to queue
[2024-11-18T19:13:55.947+0000] {logging_mixin.py:190} INFO - [2024-11-18T19:13:55.947+0000] {dagbag.py:588} INFO - Filling up the DagBag from /home/airflow/.local/lib/python3.12/site-packages/airflow/example_dags/example_bash_operator.py
[2024-11-18T19:13:55.962+0000] {processor.py:925} INFO - DAG(s) 'example_bash_operator' retrieved from /home/airflow/.local/lib/python3.12/site-packages/airflow/example_dags/example_bash_operator.py
[2024-11-18T19:13:55.989+0000] {logging_mixin.py:190} INFO - [2024-11-18T19:13:55.988+0000] {dag.py:3239} INFO - Sync 1 DAGs
[2024-11-18T19:13:56.032+0000] {logging_mixin.py:190} INFO - [2024-11-18T19:13:56.032+0000] {dag.py:4180} INFO - Setting next_dagrun for example_bash_operator to 2024-11-17 00:00:00+00:00, run_after=2024-11-18 00:00:00+00:00
[2024-11-18T19:13:56.061+0000] {processor.py:208} INFO - Processing /home/airflow/.local/lib/python3.12/site-packages/airflow/example_dags/example_bash_operator.py took 0.122 seconds
[2024-11-18T19:14:27.951+0000] {processor.py:186} INFO - Started process (PID=1529) to work on /home/airflow/.local/lib/python3.12/site-packages/airflow/example_dags/example_bash_operator.py
[2024-11-18T19:14:27.963+0000] {processor.py:914} INFO - Processing file /home/airflow/.local/lib/python3.12/site-packages/airflow/example_dags/example_bash_operator.py for tasks to queue
[2024-11-18T19:14:27.965+0000] {logging_mixin.py:190} INFO - [2024-11-18T19:14:27.964+0000] {dagbag.py:588} INFO - Filling up the DagBag from /home/airflow/.local/lib/python3.12/site-packages/airflow/example_dags/example_bash_operator.py
[2024-11-18T19:14:27.984+0000] {processor.py:925} INFO - DAG(s) 'example_bash_operator' retrieved from /home/airflow/.local/lib/python3.12/site-packages/airflow/example_dags/example_bash_operator.py
[2024-11-18T19:14:28.026+0000] {logging_mixin.py:190} INFO - [2024-11-18T19:14:28.025+0000] {dag.py:3239} INFO - Sync 1 DAGs
[2024-11-18T19:14:28.056+0000] {logging_mixin.py:190} INFO - [2024-11-18T19:14:28.056+0000] {dag.py:4180} INFO - Setting next_dagrun for example_bash_operator to 2024-11-17 00:00:00+00:00, run_after=2024-11-18 00:00:00+00:00
[2024-11-18T19:14:28.093+0000] {processor.py:208} INFO - Processing /home/airflow/.local/lib/python3.12/site-packages/airflow/example_dags/example_bash_operator.py took 0.149 seconds
[2024-11-18T19:14:58.904+0000] {processor.py:186} INFO - Started process (PID=1594) to work on /home/airflow/.local/lib/python3.12/site-packages/airflow/example_dags/example_bash_operator.py
[2024-11-18T19:14:58.904+0000] {processor.py:914} INFO - Processing file /home/airflow/.local/lib/python3.12/site-packages/airflow/example_dags/example_bash_operator.py for tasks to queue
[2024-11-18T19:14:58.906+0000] {logging_mixin.py:190} INFO - [2024-11-18T19:14:58.906+0000] {dagbag.py:588} INFO - Filling up the DagBag from /home/airflow/.local/lib/python3.12/site-packages/airflow/example_dags/example_bash_operator.py
[2024-11-18T19:14:58.921+0000] {processor.py:925} INFO - DAG(s) 'example_bash_operator' retrieved from /home/airflow/.local/lib/python3.12/site-packages/airflow/example_dags/example_bash_operator.py
[2024-11-18T19:14:58.957+0000] {logging_mixin.py:190} INFO - [2024-11-18T19:14:58.957+0000] {dag.py:3239} INFO - Sync 1 DAGs
[2024-11-18T19:14:58.988+0000] {logging_mixin.py:190} INFO - [2024-11-18T19:14:58.988+0000] {dag.py:4180} INFO - Setting next_dagrun for example_bash_operator to 2024-11-17 00:00:00+00:00, run_after=2024-11-18 00:00:00+00:00
[2024-11-18T19:14:59.019+0000] {processor.py:208} INFO - Processing /home/airflow/.local/lib/python3.12/site-packages/airflow/example_dags/example_bash_operator.py took 0.127 seconds
[2024-11-18T19:15:30.662+0000] {processor.py:186} INFO - Started process (PID=1659) to work on /home/airflow/.local/lib/python3.12/site-packages/airflow/example_dags/example_bash_operator.py
[2024-11-18T19:15:30.663+0000] {processor.py:914} INFO - Processing file /home/airflow/.local/lib/python3.12/site-packages/airflow/example_dags/example_bash_operator.py for tasks to queue
[2024-11-18T19:15:30.665+0000] {logging_mixin.py:190} INFO - [2024-11-18T19:15:30.665+0000] {dagbag.py:588} INFO - Filling up the DagBag from /home/airflow/.local/lib/python3.12/site-packages/airflow/example_dags/example_bash_operator.py
[2024-11-18T19:15:30.679+0000] {processor.py:925} INFO - DAG(s) 'example_bash_operator' retrieved from /home/airflow/.local/lib/python3.12/site-packages/airflow/example_dags/example_bash_operator.py
[2024-11-18T19:15:30.709+0000] {logging_mixin.py:190} INFO - [2024-11-18T19:15:30.709+0000] {dag.py:3239} INFO - Sync 1 DAGs
[2024-11-18T19:15:30.733+0000] {logging_mixin.py:190} INFO - [2024-11-18T19:15:30.733+0000] {dag.py:4180} INFO - Setting next_dagrun for example_bash_operator to 2024-11-17 00:00:00+00:00, run_after=2024-11-18 00:00:00+00:00
[2024-11-18T19:15:30.775+0000] {processor.py:208} INFO - Processing /home/airflow/.local/lib/python3.12/site-packages/airflow/example_dags/example_bash_operator.py took 0.118 seconds
[2024-11-18T19:16:01.050+0000] {processor.py:186} INFO - Started process (PID=1722) to work on /home/airflow/.local/lib/python3.12/site-packages/airflow/example_dags/example_bash_operator.py
[2024-11-18T19:16:01.051+0000] {processor.py:914} INFO - Processing file /home/airflow/.local/lib/python3.12/site-packages/airflow/example_dags/example_bash_operator.py for tasks to queue
[2024-11-18T19:16:01.053+0000] {logging_mixin.py:190} INFO - [2024-11-18T19:16:01.053+0000] {dagbag.py:588} INFO - Filling up the DagBag from /home/airflow/.local/lib/python3.12/site-packages/airflow/example_dags/example_bash_operator.py
[2024-11-18T19:16:01.067+0000] {processor.py:925} INFO - DAG(s) 'example_bash_operator' retrieved from /home/airflow/.local/lib/python3.12/site-packages/airflow/example_dags/example_bash_operator.py
[2024-11-18T19:16:01.143+0000] {logging_mixin.py:190} INFO - [2024-11-18T19:16:01.143+0000] {dag.py:3239} INFO - Sync 1 DAGs
[2024-11-18T19:16:01.189+0000] {logging_mixin.py:190} INFO - [2024-11-18T19:16:01.189+0000] {dag.py:4180} INFO - Setting next_dagrun for example_bash_operator to 2024-11-17 00:00:00+00:00, run_after=2024-11-18 00:00:00+00:00
[2024-11-18T19:16:01.255+0000] {processor.py:208} INFO - Processing /home/airflow/.local/lib/python3.12/site-packages/airflow/example_dags/example_bash_operator.py took 0.211 seconds
[2024-11-18T19:16:31.397+0000] {processor.py:186} INFO - Started process (PID=1786) to work on /home/airflow/.local/lib/python3.12/site-packages/airflow/example_dags/example_bash_operator.py
[2024-11-18T19:16:31.398+0000] {processor.py:914} INFO - Processing file /home/airflow/.local/lib/python3.12/site-packages/airflow/example_dags/example_bash_operator.py for tasks to queue
[2024-11-18T19:16:31.400+0000] {logging_mixin.py:190} INFO - [2024-11-18T19:16:31.400+0000] {dagbag.py:588} INFO - Filling up the DagBag from /home/airflow/.local/lib/python3.12/site-packages/airflow/example_dags/example_bash_operator.py
[2024-11-18T19:16:31.414+0000] {processor.py:925} INFO - DAG(s) 'example_bash_operator' retrieved from /home/airflow/.local/lib/python3.12/site-packages/airflow/example_dags/example_bash_operator.py
[2024-11-18T19:16:31.444+0000] {logging_mixin.py:190} INFO - [2024-11-18T19:16:31.444+0000] {dag.py:3239} INFO - Sync 1 DAGs
[2024-11-18T19:16:31.470+0000] {logging_mixin.py:190} INFO - [2024-11-18T19:16:31.470+0000] {dag.py:4180} INFO - Setting next_dagrun for example_bash_operator to 2024-11-17 00:00:00+00:00, run_after=2024-11-18 00:00:00+00:00
[2024-11-18T19:16:31.496+0000] {processor.py:208} INFO - Processing /home/airflow/.local/lib/python3.12/site-packages/airflow/example_dags/example_bash_operator.py took 0.105 seconds
[2024-11-18T19:17:01.818+0000] {processor.py:186} INFO - Started process (PID=1848) to work on /home/airflow/.local/lib/python3.12/site-packages/airflow/example_dags/example_bash_operator.py
[2024-11-18T19:17:01.818+0000] {processor.py:914} INFO - Processing file /home/airflow/.local/lib/python3.12/site-packages/airflow/example_dags/example_bash_operator.py for tasks to queue
[2024-11-18T19:17:01.820+0000] {logging_mixin.py:190} INFO - [2024-11-18T19:17:01.820+0000] {dagbag.py:588} INFO - Filling up the DagBag from /home/airflow/.local/lib/python3.12/site-packages/airflow/example_dags/example_bash_operator.py
[2024-11-18T19:17:01.835+0000] {processor.py:925} INFO - DAG(s) 'example_bash_operator' retrieved from /home/airflow/.local/lib/python3.12/site-packages/airflow/example_dags/example_bash_operator.py
[2024-11-18T19:17:01.860+0000] {logging_mixin.py:190} INFO - [2024-11-18T19:17:01.860+0000] {dag.py:3239} INFO - Sync 1 DAGs
[2024-11-18T19:17:01.888+0000] {logging_mixin.py:190} INFO - [2024-11-18T19:17:01.888+0000] {dag.py:4180} INFO - Setting next_dagrun for example_bash_operator to 2024-11-17 00:00:00+00:00, run_after=2024-11-18 00:00:00+00:00
[2024-11-18T19:17:01.917+0000] {processor.py:208} INFO - Processing /home/airflow/.local/lib/python3.12/site-packages/airflow/example_dags/example_bash_operator.py took 0.106 seconds
[2024-11-18T19:17:32.176+0000] {processor.py:186} INFO - Started process (PID=1912) to work on /home/airflow/.local/lib/python3.12/site-packages/airflow/example_dags/example_bash_operator.py
[2024-11-18T19:17:32.177+0000] {processor.py:914} INFO - Processing file /home/airflow/.local/lib/python3.12/site-packages/airflow/example_dags/example_bash_operator.py for tasks to queue
[2024-11-18T19:17:32.179+0000] {logging_mixin.py:190} INFO - [2024-11-18T19:17:32.179+0000] {dagbag.py:588} INFO - Filling up the DagBag from /home/airflow/.local/lib/python3.12/site-packages/airflow/example_dags/example_bash_operator.py
[2024-11-18T19:17:32.193+0000] {processor.py:925} INFO - DAG(s) 'example_bash_operator' retrieved from /home/airflow/.local/lib/python3.12/site-packages/airflow/example_dags/example_bash_operator.py
[2024-11-18T19:17:32.219+0000] {logging_mixin.py:190} INFO - [2024-11-18T19:17:32.219+0000] {dag.py:3239} INFO - Sync 1 DAGs
[2024-11-18T19:17:32.243+0000] {logging_mixin.py:190} INFO - [2024-11-18T19:17:32.243+0000] {dag.py:4180} INFO - Setting next_dagrun for example_bash_operator to 2024-11-17 00:00:00+00:00, run_after=2024-11-18 00:00:00+00:00
[2024-11-18T19:17:32.288+0000] {processor.py:208} INFO - Processing /home/airflow/.local/lib/python3.12/site-packages/airflow/example_dags/example_bash_operator.py took 0.117 seconds
[2024-11-18T19:18:02.527+0000] {processor.py:186} INFO - Started process (PID=1977) to work on /home/airflow/.local/lib/python3.12/site-packages/airflow/example_dags/example_bash_operator.py
[2024-11-18T19:18:02.527+0000] {processor.py:914} INFO - Processing file /home/airflow/.local/lib/python3.12/site-packages/airflow/example_dags/example_bash_operator.py for tasks to queue
[2024-11-18T19:18:02.530+0000] {logging_mixin.py:190} INFO - [2024-11-18T19:18:02.529+0000] {dagbag.py:588} INFO - Filling up the DagBag from /home/airflow/.local/lib/python3.12/site-packages/airflow/example_dags/example_bash_operator.py
[2024-11-18T19:18:02.543+0000] {processor.py:925} INFO - DAG(s) 'example_bash_operator' retrieved from /home/airflow/.local/lib/python3.12/site-packages/airflow/example_dags/example_bash_operator.py
[2024-11-18T19:18:02.573+0000] {logging_mixin.py:190} INFO - [2024-11-18T19:18:02.573+0000] {dag.py:3239} INFO - Sync 1 DAGs
[2024-11-18T19:18:02.615+0000] {logging_mixin.py:190} INFO - [2024-11-18T19:18:02.615+0000] {dag.py:4180} INFO - Setting next_dagrun for example_bash_operator to 2024-11-17 00:00:00+00:00, run_after=2024-11-18 00:00:00+00:00
[2024-11-18T19:18:02.639+0000] {processor.py:208} INFO - Processing /home/airflow/.local/lib/python3.12/site-packages/airflow/example_dags/example_bash_operator.py took 0.118 seconds
[2024-11-18T19:18:33.071+0000] {processor.py:186} INFO - Started process (PID=2042) to work on /home/airflow/.local/lib/python3.12/site-packages/airflow/example_dags/example_bash_operator.py
[2024-11-18T19:18:33.072+0000] {processor.py:914} INFO - Processing file /home/airflow/.local/lib/python3.12/site-packages/airflow/example_dags/example_bash_operator.py for tasks to queue
[2024-11-18T19:18:33.074+0000] {logging_mixin.py:190} INFO - [2024-11-18T19:18:33.074+0000] {dagbag.py:588} INFO - Filling up the DagBag from /home/airflow/.local/lib/python3.12/site-packages/airflow/example_dags/example_bash_operator.py
[2024-11-18T19:18:33.089+0000] {processor.py:925} INFO - DAG(s) 'example_bash_operator' retrieved from /home/airflow/.local/lib/python3.12/site-packages/airflow/example_dags/example_bash_operator.py
[2024-11-18T19:18:33.117+0000] {logging_mixin.py:190} INFO - [2024-11-18T19:18:33.117+0000] {dag.py:3239} INFO - Sync 1 DAGs
[2024-11-18T19:18:33.145+0000] {logging_mixin.py:190} INFO - [2024-11-18T19:18:33.145+0000] {dag.py:4180} INFO - Setting next_dagrun for example_bash_operator to 2024-11-17 00:00:00+00:00, run_after=2024-11-18 00:00:00+00:00
[2024-11-18T19:18:33.166+0000] {processor.py:208} INFO - Processing /home/airflow/.local/lib/python3.12/site-packages/airflow/example_dags/example_bash_operator.py took 0.101 seconds
[2024-11-18T19:19:03.231+0000] {processor.py:186} INFO - Started process (PID=2106) to work on /home/airflow/.local/lib/python3.12/site-packages/airflow/example_dags/example_bash_operator.py
[2024-11-18T19:19:03.232+0000] {processor.py:914} INFO - Processing file /home/airflow/.local/lib/python3.12/site-packages/airflow/example_dags/example_bash_operator.py for tasks to queue
[2024-11-18T19:19:03.234+0000] {logging_mixin.py:190} INFO - [2024-11-18T19:19:03.234+0000] {dagbag.py:588} INFO - Filling up the DagBag from /home/airflow/.local/lib/python3.12/site-packages/airflow/example_dags/example_bash_operator.py
[2024-11-18T19:19:03.249+0000] {processor.py:925} INFO - DAG(s) 'example_bash_operator' retrieved from /home/airflow/.local/lib/python3.12/site-packages/airflow/example_dags/example_bash_operator.py
[2024-11-18T19:19:03.291+0000] {logging_mixin.py:190} INFO - [2024-11-18T19:19:03.290+0000] {dag.py:3239} INFO - Sync 1 DAGs
[2024-11-18T19:19:03.333+0000] {logging_mixin.py:190} INFO - [2024-11-18T19:19:03.333+0000] {dag.py:4180} INFO - Setting next_dagrun for example_bash_operator to 2024-11-17 00:00:00+00:00, run_after=2024-11-18 00:00:00+00:00
[2024-11-18T19:19:03.358+0000] {processor.py:208} INFO - Processing /home/airflow/.local/lib/python3.12/site-packages/airflow/example_dags/example_bash_operator.py took 0.132 seconds
[2024-11-18T19:19:33.443+0000] {processor.py:186} INFO - Started process (PID=2170) to work on /home/airflow/.local/lib/python3.12/site-packages/airflow/example_dags/example_bash_operator.py
[2024-11-18T19:19:33.444+0000] {processor.py:914} INFO - Processing file /home/airflow/.local/lib/python3.12/site-packages/airflow/example_dags/example_bash_operator.py for tasks to queue
[2024-11-18T19:19:33.446+0000] {logging_mixin.py:190} INFO - [2024-11-18T19:19:33.446+0000] {dagbag.py:588} INFO - Filling up the DagBag from /home/airflow/.local/lib/python3.12/site-packages/airflow/example_dags/example_bash_operator.py
[2024-11-18T19:19:33.460+0000] {processor.py:925} INFO - DAG(s) 'example_bash_operator' retrieved from /home/airflow/.local/lib/python3.12/site-packages/airflow/example_dags/example_bash_operator.py
[2024-11-18T19:19:33.490+0000] {logging_mixin.py:190} INFO - [2024-11-18T19:19:33.490+0000] {dag.py:3239} INFO - Sync 1 DAGs
[2024-11-18T19:19:33.516+0000] {logging_mixin.py:190} INFO - [2024-11-18T19:19:33.515+0000] {dag.py:4180} INFO - Setting next_dagrun for example_bash_operator to 2024-11-17 00:00:00+00:00, run_after=2024-11-18 00:00:00+00:00
[2024-11-18T19:19:33.538+0000] {processor.py:208} INFO - Processing /home/airflow/.local/lib/python3.12/site-packages/airflow/example_dags/example_bash_operator.py took 0.101 seconds
[2024-11-18T19:20:03.870+0000] {processor.py:186} INFO - Started process (PID=2235) to work on /home/airflow/.local/lib/python3.12/site-packages/airflow/example_dags/example_bash_operator.py
[2024-11-18T19:20:03.870+0000] {processor.py:914} INFO - Processing file /home/airflow/.local/lib/python3.12/site-packages/airflow/example_dags/example_bash_operator.py for tasks to queue
[2024-11-18T19:20:03.873+0000] {logging_mixin.py:190} INFO - [2024-11-18T19:20:03.872+0000] {dagbag.py:588} INFO - Filling up the DagBag from /home/airflow/.local/lib/python3.12/site-packages/airflow/example_dags/example_bash_operator.py
[2024-11-18T19:20:03.899+0000] {processor.py:925} INFO - DAG(s) 'example_bash_operator' retrieved from /home/airflow/.local/lib/python3.12/site-packages/airflow/example_dags/example_bash_operator.py
[2024-11-18T19:20:03.933+0000] {logging_mixin.py:190} INFO - [2024-11-18T19:20:03.932+0000] {dag.py:3239} INFO - Sync 1 DAGs
[2024-11-18T19:20:03.959+0000] {logging_mixin.py:190} INFO - [2024-11-18T19:20:03.959+0000] {dag.py:4180} INFO - Setting next_dagrun for example_bash_operator to 2024-11-17 00:00:00+00:00, run_after=2024-11-18 00:00:00+00:00
[2024-11-18T19:20:03.982+0000] {processor.py:208} INFO - Processing /home/airflow/.local/lib/python3.12/site-packages/airflow/example_dags/example_bash_operator.py took 0.118 seconds
[2024-11-18T19:20:34.102+0000] {processor.py:186} INFO - Started process (PID=2300) to work on /home/airflow/.local/lib/python3.12/site-packages/airflow/example_dags/example_bash_operator.py
[2024-11-18T19:20:34.102+0000] {processor.py:914} INFO - Processing file /home/airflow/.local/lib/python3.12/site-packages/airflow/example_dags/example_bash_operator.py for tasks to queue
[2024-11-18T19:20:34.105+0000] {logging_mixin.py:190} INFO - [2024-11-18T19:20:34.104+0000] {dagbag.py:588} INFO - Filling up the DagBag from /home/airflow/.local/lib/python3.12/site-packages/airflow/example_dags/example_bash_operator.py
[2024-11-18T19:20:34.119+0000] {processor.py:925} INFO - DAG(s) 'example_bash_operator' retrieved from /home/airflow/.local/lib/python3.12/site-packages/airflow/example_dags/example_bash_operator.py
[2024-11-18T19:20:34.157+0000] {logging_mixin.py:190} INFO - [2024-11-18T19:20:34.157+0000] {dag.py:3239} INFO - Sync 1 DAGs
[2024-11-18T19:20:34.183+0000] {logging_mixin.py:190} INFO - [2024-11-18T19:20:34.183+0000] {dag.py:4180} INFO - Setting next_dagrun for example_bash_operator to 2024-11-17 00:00:00+00:00, run_after=2024-11-18 00:00:00+00:00
[2024-11-18T19:20:34.204+0000] {processor.py:208} INFO - Processing /home/airflow/.local/lib/python3.12/site-packages/airflow/example_dags/example_bash_operator.py took 0.109 seconds
[2024-11-18T19:21:04.873+0000] {processor.py:186} INFO - Started process (PID=2364) to work on /home/airflow/.local/lib/python3.12/site-packages/airflow/example_dags/example_bash_operator.py
[2024-11-18T19:21:04.875+0000] {processor.py:914} INFO - Processing file /home/airflow/.local/lib/python3.12/site-packages/airflow/example_dags/example_bash_operator.py for tasks to queue
[2024-11-18T19:21:04.878+0000] {logging_mixin.py:190} INFO - [2024-11-18T19:21:04.878+0000] {dagbag.py:588} INFO - Filling up the DagBag from /home/airflow/.local/lib/python3.12/site-packages/airflow/example_dags/example_bash_operator.py
[2024-11-18T19:21:04.893+0000] {processor.py:925} INFO - DAG(s) 'example_bash_operator' retrieved from /home/airflow/.local/lib/python3.12/site-packages/airflow/example_dags/example_bash_operator.py
[2024-11-18T19:21:04.924+0000] {logging_mixin.py:190} INFO - [2024-11-18T19:21:04.924+0000] {dag.py:3239} INFO - Sync 1 DAGs
[2024-11-18T19:21:04.951+0000] {logging_mixin.py:190} INFO - [2024-11-18T19:21:04.951+0000] {dag.py:4180} INFO - Setting next_dagrun for example_bash_operator to 2024-11-17 00:00:00+00:00, run_after=2024-11-18 00:00:00+00:00
[2024-11-18T19:21:04.981+0000] {processor.py:208} INFO - Processing /home/airflow/.local/lib/python3.12/site-packages/airflow/example_dags/example_bash_operator.py took 0.115 seconds
[2024-11-18T19:21:35.541+0000] {processor.py:186} INFO - Started process (PID=2429) to work on /home/airflow/.local/lib/python3.12/site-packages/airflow/example_dags/example_bash_operator.py
[2024-11-18T19:21:35.542+0000] {processor.py:914} INFO - Processing file /home/airflow/.local/lib/python3.12/site-packages/airflow/example_dags/example_bash_operator.py for tasks to queue
[2024-11-18T19:21:35.544+0000] {logging_mixin.py:190} INFO - [2024-11-18T19:21:35.544+0000] {dagbag.py:588} INFO - Filling up the DagBag from /home/airflow/.local/lib/python3.12/site-packages/airflow/example_dags/example_bash_operator.py
[2024-11-18T19:21:35.558+0000] {processor.py:925} INFO - DAG(s) 'example_bash_operator' retrieved from /home/airflow/.local/lib/python3.12/site-packages/airflow/example_dags/example_bash_operator.py
[2024-11-18T19:21:35.586+0000] {logging_mixin.py:190} INFO - [2024-11-18T19:21:35.586+0000] {dag.py:3239} INFO - Sync 1 DAGs
[2024-11-18T19:21:35.611+0000] {logging_mixin.py:190} INFO - [2024-11-18T19:21:35.611+0000] {dag.py:4180} INFO - Setting next_dagrun for example_bash_operator to 2024-11-17 00:00:00+00:00, run_after=2024-11-18 00:00:00+00:00
[2024-11-18T19:21:35.634+0000] {processor.py:208} INFO - Processing /home/airflow/.local/lib/python3.12/site-packages/airflow/example_dags/example_bash_operator.py took 0.099 seconds
[2024-11-18T19:22:06.002+0000] {processor.py:186} INFO - Started process (PID=2493) to work on /home/airflow/.local/lib/python3.12/site-packages/airflow/example_dags/example_bash_operator.py
[2024-11-18T19:22:06.002+0000] {processor.py:914} INFO - Processing file /home/airflow/.local/lib/python3.12/site-packages/airflow/example_dags/example_bash_operator.py for tasks to queue
[2024-11-18T19:22:06.004+0000] {logging_mixin.py:190} INFO - [2024-11-18T19:22:06.004+0000] {dagbag.py:588} INFO - Filling up the DagBag from /home/airflow/.local/lib/python3.12/site-packages/airflow/example_dags/example_bash_operator.py
[2024-11-18T19:22:06.035+0000] {processor.py:925} INFO - DAG(s) 'example_bash_operator' retrieved from /home/airflow/.local/lib/python3.12/site-packages/airflow/example_dags/example_bash_operator.py
[2024-11-18T19:22:06.063+0000] {logging_mixin.py:190} INFO - [2024-11-18T19:22:06.062+0000] {dag.py:3239} INFO - Sync 1 DAGs
[2024-11-18T19:22:06.089+0000] {logging_mixin.py:190} INFO - [2024-11-18T19:22:06.088+0000] {dag.py:4180} INFO - Setting next_dagrun for example_bash_operator to 2024-11-17 00:00:00+00:00, run_after=2024-11-18 00:00:00+00:00
[2024-11-18T19:22:06.124+0000] {processor.py:208} INFO - Processing /home/airflow/.local/lib/python3.12/site-packages/airflow/example_dags/example_bash_operator.py took 0.129 seconds
[2024-11-18T19:22:38.008+0000] {processor.py:186} INFO - Started process (PID=2557) to work on /home/airflow/.local/lib/python3.12/site-packages/airflow/example_dags/example_bash_operator.py
[2024-11-18T19:22:38.009+0000] {processor.py:914} INFO - Processing file /home/airflow/.local/lib/python3.12/site-packages/airflow/example_dags/example_bash_operator.py for tasks to queue
[2024-11-18T19:22:38.011+0000] {logging_mixin.py:190} INFO - [2024-11-18T19:22:38.010+0000] {dagbag.py:588} INFO - Filling up the DagBag from /home/airflow/.local/lib/python3.12/site-packages/airflow/example_dags/example_bash_operator.py
[2024-11-18T19:22:38.032+0000] {processor.py:925} INFO - DAG(s) 'example_bash_operator' retrieved from /home/airflow/.local/lib/python3.12/site-packages/airflow/example_dags/example_bash_operator.py
[2024-11-18T19:22:38.096+0000] {logging_mixin.py:190} INFO - [2024-11-18T19:22:38.096+0000] {dag.py:3239} INFO - Sync 1 DAGs
[2024-11-18T19:22:38.148+0000] {logging_mixin.py:190} INFO - [2024-11-18T19:22:38.148+0000] {dag.py:4180} INFO - Setting next_dagrun for example_bash_operator to 2024-11-17 00:00:00+00:00, run_after=2024-11-18 00:00:00+00:00
[2024-11-18T19:22:38.205+0000] {processor.py:208} INFO - Processing /home/airflow/.local/lib/python3.12/site-packages/airflow/example_dags/example_bash_operator.py took 0.215 seconds
[2024-11-18T19:23:08.444+0000] {processor.py:186} INFO - Started process (PID=2620) to work on /home/airflow/.local/lib/python3.12/site-packages/airflow/example_dags/example_bash_operator.py
[2024-11-18T19:23:08.445+0000] {processor.py:914} INFO - Processing file /home/airflow/.local/lib/python3.12/site-packages/airflow/example_dags/example_bash_operator.py for tasks to queue
[2024-11-18T19:23:08.447+0000] {logging_mixin.py:190} INFO - [2024-11-18T19:23:08.446+0000] {dagbag.py:588} INFO - Filling up the DagBag from /home/airflow/.local/lib/python3.12/site-packages/airflow/example_dags/example_bash_operator.py
[2024-11-18T19:23:08.461+0000] {processor.py:925} INFO - DAG(s) 'example_bash_operator' retrieved from /home/airflow/.local/lib/python3.12/site-packages/airflow/example_dags/example_bash_operator.py
[2024-11-18T19:23:08.490+0000] {logging_mixin.py:190} INFO - [2024-11-18T19:23:08.490+0000] {dag.py:3239} INFO - Sync 1 DAGs
[2024-11-18T19:23:08.517+0000] {logging_mixin.py:190} INFO - [2024-11-18T19:23:08.517+0000] {dag.py:4180} INFO - Setting next_dagrun for example_bash_operator to 2024-11-17 00:00:00+00:00, run_after=2024-11-18 00:00:00+00:00
[2024-11-18T19:23:08.541+0000] {processor.py:208} INFO - Processing /home/airflow/.local/lib/python3.12/site-packages/airflow/example_dags/example_bash_operator.py took 0.103 seconds
[2024-11-18T19:23:39.076+0000] {processor.py:186} INFO - Started process (PID=2684) to work on /home/airflow/.local/lib/python3.12/site-packages/airflow/example_dags/example_bash_operator.py
[2024-11-18T19:23:39.077+0000] {processor.py:914} INFO - Processing file /home/airflow/.local/lib/python3.12/site-packages/airflow/example_dags/example_bash_operator.py for tasks to queue
[2024-11-18T19:23:39.079+0000] {logging_mixin.py:190} INFO - [2024-11-18T19:23:39.079+0000] {dagbag.py:588} INFO - Filling up the DagBag from /home/airflow/.local/lib/python3.12/site-packages/airflow/example_dags/example_bash_operator.py
[2024-11-18T19:23:39.093+0000] {processor.py:925} INFO - DAG(s) 'example_bash_operator' retrieved from /home/airflow/.local/lib/python3.12/site-packages/airflow/example_dags/example_bash_operator.py
[2024-11-18T19:23:39.121+0000] {logging_mixin.py:190} INFO - [2024-11-18T19:23:39.120+0000] {dag.py:3239} INFO - Sync 1 DAGs
[2024-11-18T19:23:39.146+0000] {logging_mixin.py:190} INFO - [2024-11-18T19:23:39.145+0000] {dag.py:4180} INFO - Setting next_dagrun for example_bash_operator to 2024-11-17 00:00:00+00:00, run_after=2024-11-18 00:00:00+00:00
[2024-11-18T19:23:39.164+0000] {processor.py:208} INFO - Processing /home/airflow/.local/lib/python3.12/site-packages/airflow/example_dags/example_bash_operator.py took 0.094 seconds
[2024-11-18T19:24:09.360+0000] {processor.py:186} INFO - Started process (PID=2748) to work on /home/airflow/.local/lib/python3.12/site-packages/airflow/example_dags/example_bash_operator.py
[2024-11-18T19:24:09.360+0000] {processor.py:914} INFO - Processing file /home/airflow/.local/lib/python3.12/site-packages/airflow/example_dags/example_bash_operator.py for tasks to queue
[2024-11-18T19:24:09.363+0000] {logging_mixin.py:190} INFO - [2024-11-18T19:24:09.362+0000] {dagbag.py:588} INFO - Filling up the DagBag from /home/airflow/.local/lib/python3.12/site-packages/airflow/example_dags/example_bash_operator.py
[2024-11-18T19:24:09.377+0000] {processor.py:925} INFO - DAG(s) 'example_bash_operator' retrieved from /home/airflow/.local/lib/python3.12/site-packages/airflow/example_dags/example_bash_operator.py
[2024-11-18T19:24:09.409+0000] {logging_mixin.py:190} INFO - [2024-11-18T19:24:09.408+0000] {dag.py:3239} INFO - Sync 1 DAGs
[2024-11-18T19:24:09.434+0000] {logging_mixin.py:190} INFO - [2024-11-18T19:24:09.434+0000] {dag.py:4180} INFO - Setting next_dagrun for example_bash_operator to 2024-11-17 00:00:00+00:00, run_after=2024-11-18 00:00:00+00:00
[2024-11-18T19:24:09.465+0000] {processor.py:208} INFO - Processing /home/airflow/.local/lib/python3.12/site-packages/airflow/example_dags/example_bash_operator.py took 0.112 seconds
[2024-11-18T19:24:39.554+0000] {processor.py:186} INFO - Started process (PID=2811) to work on /home/airflow/.local/lib/python3.12/site-packages/airflow/example_dags/example_bash_operator.py
[2024-11-18T19:24:39.555+0000] {processor.py:914} INFO - Processing file /home/airflow/.local/lib/python3.12/site-packages/airflow/example_dags/example_bash_operator.py for tasks to queue
[2024-11-18T19:24:39.557+0000] {logging_mixin.py:190} INFO - [2024-11-18T19:24:39.557+0000] {dagbag.py:588} INFO - Filling up the DagBag from /home/airflow/.local/lib/python3.12/site-packages/airflow/example_dags/example_bash_operator.py
[2024-11-18T19:24:39.570+0000] {processor.py:925} INFO - DAG(s) 'example_bash_operator' retrieved from /home/airflow/.local/lib/python3.12/site-packages/airflow/example_dags/example_bash_operator.py
[2024-11-18T19:24:39.599+0000] {logging_mixin.py:190} INFO - [2024-11-18T19:24:39.598+0000] {dag.py:3239} INFO - Sync 1 DAGs
[2024-11-18T19:24:39.618+0000] {logging_mixin.py:190} INFO - [2024-11-18T19:24:39.618+0000] {dag.py:4180} INFO - Setting next_dagrun for example_bash_operator to 2024-11-17 00:00:00+00:00, run_after=2024-11-18 00:00:00+00:00
[2024-11-18T19:24:39.636+0000] {processor.py:208} INFO - Processing /home/airflow/.local/lib/python3.12/site-packages/airflow/example_dags/example_bash_operator.py took 0.088 seconds
[2024-11-18T19:25:09.783+0000] {processor.py:186} INFO - Started process (PID=2875) to work on /home/airflow/.local/lib/python3.12/site-packages/airflow/example_dags/example_bash_operator.py
[2024-11-18T19:25:09.784+0000] {processor.py:914} INFO - Processing file /home/airflow/.local/lib/python3.12/site-packages/airflow/example_dags/example_bash_operator.py for tasks to queue
[2024-11-18T19:25:09.786+0000] {logging_mixin.py:190} INFO - [2024-11-18T19:25:09.786+0000] {dagbag.py:588} INFO - Filling up the DagBag from /home/airflow/.local/lib/python3.12/site-packages/airflow/example_dags/example_bash_operator.py
[2024-11-18T19:25:09.800+0000] {processor.py:925} INFO - DAG(s) 'example_bash_operator' retrieved from /home/airflow/.local/lib/python3.12/site-packages/airflow/example_dags/example_bash_operator.py
[2024-11-18T19:25:09.825+0000] {logging_mixin.py:190} INFO - [2024-11-18T19:25:09.824+0000] {dag.py:3239} INFO - Sync 1 DAGs
[2024-11-18T19:25:09.850+0000] {logging_mixin.py:190} INFO - [2024-11-18T19:25:09.850+0000] {dag.py:4180} INFO - Setting next_dagrun for example_bash_operator to 2024-11-17 00:00:00+00:00, run_after=2024-11-18 00:00:00+00:00
[2024-11-18T19:25:09.868+0000] {processor.py:208} INFO - Processing /home/airflow/.local/lib/python3.12/site-packages/airflow/example_dags/example_bash_operator.py took 0.092 seconds
[2024-11-18T19:25:40.079+0000] {processor.py:186} INFO - Started process (PID=2939) to work on /home/airflow/.local/lib/python3.12/site-packages/airflow/example_dags/example_bash_operator.py
[2024-11-18T19:25:40.080+0000] {processor.py:914} INFO - Processing file /home/airflow/.local/lib/python3.12/site-packages/airflow/example_dags/example_bash_operator.py for tasks to queue
[2024-11-18T19:25:40.082+0000] {logging_mixin.py:190} INFO - [2024-11-18T19:25:40.082+0000] {dagbag.py:588} INFO - Filling up the DagBag from /home/airflow/.local/lib/python3.12/site-packages/airflow/example_dags/example_bash_operator.py
[2024-11-18T19:25:40.096+0000] {processor.py:925} INFO - DAG(s) 'example_bash_operator' retrieved from /home/airflow/.local/lib/python3.12/site-packages/airflow/example_dags/example_bash_operator.py
[2024-11-18T19:25:40.124+0000] {logging_mixin.py:190} INFO - [2024-11-18T19:25:40.123+0000] {dag.py:3239} INFO - Sync 1 DAGs
[2024-11-18T19:25:40.147+0000] {logging_mixin.py:190} INFO - [2024-11-18T19:25:40.147+0000] {dag.py:4180} INFO - Setting next_dagrun for example_bash_operator to 2024-11-17 00:00:00+00:00, run_after=2024-11-18 00:00:00+00:00
[2024-11-18T19:25:40.165+0000] {processor.py:208} INFO - Processing /home/airflow/.local/lib/python3.12/site-packages/airflow/example_dags/example_bash_operator.py took 0.093 seconds
[2024-11-18T19:26:10.599+0000] {processor.py:186} INFO - Started process (PID=3003) to work on /home/airflow/.local/lib/python3.12/site-packages/airflow/example_dags/example_bash_operator.py
[2024-11-18T19:26:10.600+0000] {processor.py:914} INFO - Processing file /home/airflow/.local/lib/python3.12/site-packages/airflow/example_dags/example_bash_operator.py for tasks to queue
[2024-11-18T19:26:10.602+0000] {logging_mixin.py:190} INFO - [2024-11-18T19:26:10.602+0000] {dagbag.py:588} INFO - Filling up the DagBag from /home/airflow/.local/lib/python3.12/site-packages/airflow/example_dags/example_bash_operator.py
[2024-11-18T19:26:10.617+0000] {processor.py:925} INFO - DAG(s) 'example_bash_operator' retrieved from /home/airflow/.local/lib/python3.12/site-packages/airflow/example_dags/example_bash_operator.py
[2024-11-18T19:26:10.647+0000] {logging_mixin.py:190} INFO - [2024-11-18T19:26:10.647+0000] {dag.py:3239} INFO - Sync 1 DAGs
[2024-11-18T19:26:10.671+0000] {logging_mixin.py:190} INFO - [2024-11-18T19:26:10.671+0000] {dag.py:4180} INFO - Setting next_dagrun for example_bash_operator to 2024-11-17 00:00:00+00:00, run_after=2024-11-18 00:00:00+00:00
[2024-11-18T19:26:10.692+0000] {processor.py:208} INFO - Processing /home/airflow/.local/lib/python3.12/site-packages/airflow/example_dags/example_bash_operator.py took 0.099 seconds
[2024-11-18T19:26:41.321+0000] {processor.py:186} INFO - Started process (PID=3068) to work on /home/airflow/.local/lib/python3.12/site-packages/airflow/example_dags/example_bash_operator.py
[2024-11-18T19:26:41.322+0000] {processor.py:914} INFO - Processing file /home/airflow/.local/lib/python3.12/site-packages/airflow/example_dags/example_bash_operator.py for tasks to queue
[2024-11-18T19:26:41.325+0000] {logging_mixin.py:190} INFO - [2024-11-18T19:26:41.324+0000] {dagbag.py:588} INFO - Filling up the DagBag from /home/airflow/.local/lib/python3.12/site-packages/airflow/example_dags/example_bash_operator.py
[2024-11-18T19:26:41.339+0000] {processor.py:925} INFO - DAG(s) 'example_bash_operator' retrieved from /home/airflow/.local/lib/python3.12/site-packages/airflow/example_dags/example_bash_operator.py
[2024-11-18T19:26:41.368+0000] {logging_mixin.py:190} INFO - [2024-11-18T19:26:41.367+0000] {dag.py:3239} INFO - Sync 1 DAGs
[2024-11-18T19:26:41.390+0000] {logging_mixin.py:190} INFO - [2024-11-18T19:26:41.390+0000] {dag.py:4180} INFO - Setting next_dagrun for example_bash_operator to 2024-11-17 00:00:00+00:00, run_after=2024-11-18 00:00:00+00:00
[2024-11-18T19:26:41.408+0000] {processor.py:208} INFO - Processing /home/airflow/.local/lib/python3.12/site-packages/airflow/example_dags/example_bash_operator.py took 0.092 seconds
[2024-11-18T19:27:12.036+0000] {processor.py:186} INFO - Started process (PID=3132) to work on /home/airflow/.local/lib/python3.12/site-packages/airflow/example_dags/example_bash_operator.py
[2024-11-18T19:27:12.037+0000] {processor.py:914} INFO - Processing file /home/airflow/.local/lib/python3.12/site-packages/airflow/example_dags/example_bash_operator.py for tasks to queue
[2024-11-18T19:27:12.039+0000] {logging_mixin.py:190} INFO - [2024-11-18T19:27:12.039+0000] {dagbag.py:588} INFO - Filling up the DagBag from /home/airflow/.local/lib/python3.12/site-packages/airflow/example_dags/example_bash_operator.py
[2024-11-18T19:27:12.053+0000] {processor.py:925} INFO - DAG(s) 'example_bash_operator' retrieved from /home/airflow/.local/lib/python3.12/site-packages/airflow/example_dags/example_bash_operator.py
[2024-11-18T19:27:12.080+0000] {logging_mixin.py:190} INFO - [2024-11-18T19:27:12.080+0000] {dag.py:3239} INFO - Sync 1 DAGs
[2024-11-18T19:27:12.098+0000] {logging_mixin.py:190} INFO - [2024-11-18T19:27:12.098+0000] {dag.py:4180} INFO - Setting next_dagrun for example_bash_operator to 2024-11-17 00:00:00+00:00, run_after=2024-11-18 00:00:00+00:00
[2024-11-18T19:27:12.116+0000] {processor.py:208} INFO - Processing /home/airflow/.local/lib/python3.12/site-packages/airflow/example_dags/example_bash_operator.py took 0.095 seconds
[2024-11-18T19:27:42.511+0000] {processor.py:186} INFO - Started process (PID=3197) to work on /home/airflow/.local/lib/python3.12/site-packages/airflow/example_dags/example_bash_operator.py
[2024-11-18T19:27:42.511+0000] {processor.py:914} INFO - Processing file /home/airflow/.local/lib/python3.12/site-packages/airflow/example_dags/example_bash_operator.py for tasks to queue
[2024-11-18T19:27:42.513+0000] {logging_mixin.py:190} INFO - [2024-11-18T19:27:42.513+0000] {dagbag.py:588} INFO - Filling up the DagBag from /home/airflow/.local/lib/python3.12/site-packages/airflow/example_dags/example_bash_operator.py
[2024-11-18T19:27:42.528+0000] {processor.py:925} INFO - DAG(s) 'example_bash_operator' retrieved from /home/airflow/.local/lib/python3.12/site-packages/airflow/example_dags/example_bash_operator.py
[2024-11-18T19:27:42.551+0000] {logging_mixin.py:190} INFO - [2024-11-18T19:27:42.551+0000] {dag.py:3239} INFO - Sync 1 DAGs
[2024-11-18T19:27:42.576+0000] {logging_mixin.py:190} INFO - [2024-11-18T19:27:42.576+0000] {dag.py:4180} INFO - Setting next_dagrun for example_bash_operator to 2024-11-17 00:00:00+00:00, run_after=2024-11-18 00:00:00+00:00
[2024-11-18T19:27:42.596+0000] {processor.py:208} INFO - Processing /home/airflow/.local/lib/python3.12/site-packages/airflow/example_dags/example_bash_operator.py took 0.092 seconds
[2024-11-18T19:28:12.977+0000] {processor.py:186} INFO - Started process (PID=3263) to work on /home/airflow/.local/lib/python3.12/site-packages/airflow/example_dags/example_bash_operator.py
[2024-11-18T19:28:12.978+0000] {processor.py:914} INFO - Processing file /home/airflow/.local/lib/python3.12/site-packages/airflow/example_dags/example_bash_operator.py for tasks to queue
[2024-11-18T19:28:12.980+0000] {logging_mixin.py:190} INFO - [2024-11-18T19:28:12.980+0000] {dagbag.py:588} INFO - Filling up the DagBag from /home/airflow/.local/lib/python3.12/site-packages/airflow/example_dags/example_bash_operator.py
[2024-11-18T19:28:12.995+0000] {processor.py:925} INFO - DAG(s) 'example_bash_operator' retrieved from /home/airflow/.local/lib/python3.12/site-packages/airflow/example_dags/example_bash_operator.py
[2024-11-18T19:28:13.027+0000] {logging_mixin.py:190} INFO - [2024-11-18T19:28:13.027+0000] {dag.py:3239} INFO - Sync 1 DAGs
[2024-11-18T19:28:13.057+0000] {logging_mixin.py:190} INFO - [2024-11-18T19:28:13.057+0000] {dag.py:4180} INFO - Setting next_dagrun for example_bash_operator to 2024-11-17 00:00:00+00:00, run_after=2024-11-18 00:00:00+00:00
[2024-11-18T19:28:13.079+0000] {processor.py:208} INFO - Processing /home/airflow/.local/lib/python3.12/site-packages/airflow/example_dags/example_bash_operator.py took 0.108 seconds
[2024-11-18T19:28:43.831+0000] {processor.py:186} INFO - Started process (PID=3328) to work on /home/airflow/.local/lib/python3.12/site-packages/airflow/example_dags/example_bash_operator.py
[2024-11-18T19:28:43.832+0000] {processor.py:914} INFO - Processing file /home/airflow/.local/lib/python3.12/site-packages/airflow/example_dags/example_bash_operator.py for tasks to queue
[2024-11-18T19:28:43.834+0000] {logging_mixin.py:190} INFO - [2024-11-18T19:28:43.834+0000] {dagbag.py:588} INFO - Filling up the DagBag from /home/airflow/.local/lib/python3.12/site-packages/airflow/example_dags/example_bash_operator.py
[2024-11-18T19:28:43.848+0000] {processor.py:925} INFO - DAG(s) 'example_bash_operator' retrieved from /home/airflow/.local/lib/python3.12/site-packages/airflow/example_dags/example_bash_operator.py
[2024-11-18T19:28:43.877+0000] {logging_mixin.py:190} INFO - [2024-11-18T19:28:43.877+0000] {dag.py:3239} INFO - Sync 1 DAGs
[2024-11-18T19:28:43.900+0000] {logging_mixin.py:190} INFO - [2024-11-18T19:28:43.900+0000] {dag.py:4180} INFO - Setting next_dagrun for example_bash_operator to 2024-11-17 00:00:00+00:00, run_after=2024-11-18 00:00:00+00:00
[2024-11-18T19:28:43.918+0000] {processor.py:208} INFO - Processing /home/airflow/.local/lib/python3.12/site-packages/airflow/example_dags/example_bash_operator.py took 0.093 seconds
[2024-11-18T19:29:14.432+0000] {processor.py:186} INFO - Started process (PID=3391) to work on /home/airflow/.local/lib/python3.12/site-packages/airflow/example_dags/example_bash_operator.py
[2024-11-18T19:29:14.434+0000] {processor.py:914} INFO - Processing file /home/airflow/.local/lib/python3.12/site-packages/airflow/example_dags/example_bash_operator.py for tasks to queue
[2024-11-18T19:29:14.436+0000] {logging_mixin.py:190} INFO - [2024-11-18T19:29:14.436+0000] {dagbag.py:588} INFO - Filling up the DagBag from /home/airflow/.local/lib/python3.12/site-packages/airflow/example_dags/example_bash_operator.py
[2024-11-18T19:29:14.453+0000] {processor.py:925} INFO - DAG(s) 'example_bash_operator' retrieved from /home/airflow/.local/lib/python3.12/site-packages/airflow/example_dags/example_bash_operator.py
[2024-11-18T19:29:14.501+0000] {logging_mixin.py:190} INFO - [2024-11-18T19:29:14.501+0000] {dag.py:3239} INFO - Sync 1 DAGs
[2024-11-18T19:29:14.528+0000] {logging_mixin.py:190} INFO - [2024-11-18T19:29:14.528+0000] {dag.py:4180} INFO - Setting next_dagrun for example_bash_operator to 2024-11-17 00:00:00+00:00, run_after=2024-11-18 00:00:00+00:00
[2024-11-18T19:29:14.559+0000] {processor.py:208} INFO - Processing /home/airflow/.local/lib/python3.12/site-packages/airflow/example_dags/example_bash_operator.py took 0.149 seconds
[2024-11-18T19:29:45.023+0000] {processor.py:186} INFO - Started process (PID=3455) to work on /home/airflow/.local/lib/python3.12/site-packages/airflow/example_dags/example_bash_operator.py
[2024-11-18T19:29:45.023+0000] {processor.py:914} INFO - Processing file /home/airflow/.local/lib/python3.12/site-packages/airflow/example_dags/example_bash_operator.py for tasks to queue
[2024-11-18T19:29:45.025+0000] {logging_mixin.py:190} INFO - [2024-11-18T19:29:45.025+0000] {dagbag.py:588} INFO - Filling up the DagBag from /home/airflow/.local/lib/python3.12/site-packages/airflow/example_dags/example_bash_operator.py
[2024-11-18T19:29:45.047+0000] {processor.py:925} INFO - DAG(s) 'example_bash_operator' retrieved from /home/airflow/.local/lib/python3.12/site-packages/airflow/example_dags/example_bash_operator.py
[2024-11-18T19:29:45.076+0000] {logging_mixin.py:190} INFO - [2024-11-18T19:29:45.076+0000] {dag.py:3239} INFO - Sync 1 DAGs
[2024-11-18T19:29:45.100+0000] {logging_mixin.py:190} INFO - [2024-11-18T19:29:45.100+0000] {dag.py:4180} INFO - Setting next_dagrun for example_bash_operator to 2024-11-17 00:00:00+00:00, run_after=2024-11-18 00:00:00+00:00
[2024-11-18T19:29:45.116+0000] {processor.py:208} INFO - Processing /home/airflow/.local/lib/python3.12/site-packages/airflow/example_dags/example_bash_operator.py took 0.100 seconds
[2024-11-18T19:30:16.326+0000] {processor.py:186} INFO - Started process (PID=3519) to work on /home/airflow/.local/lib/python3.12/site-packages/airflow/example_dags/example_bash_operator.py
[2024-11-18T19:30:16.328+0000] {processor.py:914} INFO - Processing file /home/airflow/.local/lib/python3.12/site-packages/airflow/example_dags/example_bash_operator.py for tasks to queue
[2024-11-18T19:30:16.331+0000] {logging_mixin.py:190} INFO - [2024-11-18T19:30:16.330+0000] {dagbag.py:588} INFO - Filling up the DagBag from /home/airflow/.local/lib/python3.12/site-packages/airflow/example_dags/example_bash_operator.py
[2024-11-18T19:30:16.348+0000] {processor.py:925} INFO - DAG(s) 'example_bash_operator' retrieved from /home/airflow/.local/lib/python3.12/site-packages/airflow/example_dags/example_bash_operator.py
[2024-11-18T19:30:16.392+0000] {logging_mixin.py:190} INFO - [2024-11-18T19:30:16.392+0000] {dag.py:3239} INFO - Sync 1 DAGs
[2024-11-18T19:30:16.552+0000] {logging_mixin.py:190} INFO - [2024-11-18T19:30:16.552+0000] {dag.py:4180} INFO - Setting next_dagrun for example_bash_operator to 2024-11-17 00:00:00+00:00, run_after=2024-11-18 00:00:00+00:00
[2024-11-18T19:30:16.569+0000] {processor.py:208} INFO - Processing /home/airflow/.local/lib/python3.12/site-packages/airflow/example_dags/example_bash_operator.py took 0.250 seconds
