[2024-11-18T19:02:12.178+0000] {processor.py:186} INFO - Started process (PID=76) to work on /home/airflow/.local/lib/python3.12/site-packages/airflow/example_dags/example_latest_only.py
[2024-11-18T19:02:12.184+0000] {processor.py:914} INFO - Processing file /home/airflow/.local/lib/python3.12/site-packages/airflow/example_dags/example_latest_only.py for tasks to queue
[2024-11-18T19:02:12.194+0000] {logging_mixin.py:190} INFO - [2024-11-18T19:02:12.193+0000] {dagbag.py:588} INFO - Filling up the DagBag from /home/airflow/.local/lib/python3.12/site-packages/airflow/example_dags/example_latest_only.py
[2024-11-18T19:02:12.327+0000] {processor.py:925} INFO - DAG(s) 'latest_only' retrieved from /home/airflow/.local/lib/python3.12/site-packages/airflow/example_dags/example_latest_only.py
[2024-11-18T19:02:12.635+0000] {logging_mixin.py:190} INFO - [2024-11-18T19:02:12.634+0000] {dag.py:3239} INFO - Sync 1 DAGs
[2024-11-18T19:02:12.818+0000] {logging_mixin.py:190} INFO - [2024-11-18T19:02:12.817+0000] {dag.py:4180} INFO - Setting next_dagrun for latest_only to 2024-11-18 12:00:00+00:00, run_after=2024-11-18 16:00:00+00:00
[2024-11-18T19:02:13.027+0000] {processor.py:208} INFO - Processing /home/airflow/.local/lib/python3.12/site-packages/airflow/example_dags/example_latest_only.py took 0.900 seconds
[2024-11-18T19:02:50.058+0000] {processor.py:186} INFO - Started process (PID=140) to work on /home/airflow/.local/lib/python3.12/site-packages/airflow/example_dags/example_latest_only.py
[2024-11-18T19:02:50.060+0000] {processor.py:914} INFO - Processing file /home/airflow/.local/lib/python3.12/site-packages/airflow/example_dags/example_latest_only.py for tasks to queue
[2024-11-18T19:02:50.062+0000] {logging_mixin.py:190} INFO - [2024-11-18T19:02:50.061+0000] {dagbag.py:588} INFO - Filling up the DagBag from /home/airflow/.local/lib/python3.12/site-packages/airflow/example_dags/example_latest_only.py
[2024-11-18T19:02:50.095+0000] {processor.py:925} INFO - DAG(s) 'latest_only' retrieved from /home/airflow/.local/lib/python3.12/site-packages/airflow/example_dags/example_latest_only.py
[2024-11-18T19:02:50.164+0000] {logging_mixin.py:190} INFO - [2024-11-18T19:02:50.164+0000] {dag.py:3239} INFO - Sync 1 DAGs
[2024-11-18T19:02:50.236+0000] {logging_mixin.py:190} INFO - [2024-11-18T19:02:50.236+0000] {dag.py:4180} INFO - Setting next_dagrun for latest_only to 2024-11-18 12:00:00+00:00, run_after=2024-11-18 16:00:00+00:00
[2024-11-18T19:02:50.879+0000] {processor.py:208} INFO - Processing /home/airflow/.local/lib/python3.12/site-packages/airflow/example_dags/example_latest_only.py took 0.884 seconds
[2024-11-18T19:03:28.393+0000] {processor.py:186} INFO - Started process (PID=210) to work on /home/airflow/.local/lib/python3.12/site-packages/airflow/example_dags/example_latest_only.py
[2024-11-18T19:03:28.398+0000] {processor.py:914} INFO - Processing file /home/airflow/.local/lib/python3.12/site-packages/airflow/example_dags/example_latest_only.py for tasks to queue
[2024-11-18T19:03:28.408+0000] {logging_mixin.py:190} INFO - [2024-11-18T19:03:28.400+0000] {dagbag.py:588} INFO - Filling up the DagBag from /home/airflow/.local/lib/python3.12/site-packages/airflow/example_dags/example_latest_only.py
[2024-11-18T19:03:28.430+0000] {processor.py:925} INFO - DAG(s) 'latest_only' retrieved from /home/airflow/.local/lib/python3.12/site-packages/airflow/example_dags/example_latest_only.py
[2024-11-18T19:03:28.605+0000] {logging_mixin.py:190} INFO - [2024-11-18T19:03:28.605+0000] {dag.py:3239} INFO - Sync 1 DAGs
[2024-11-18T19:03:28.857+0000] {logging_mixin.py:190} INFO - [2024-11-18T19:03:28.857+0000] {dag.py:4180} INFO - Setting next_dagrun for latest_only to 2024-11-18 12:00:00+00:00, run_after=2024-11-18 16:00:00+00:00
[2024-11-18T19:03:29.031+0000] {processor.py:208} INFO - Processing /home/airflow/.local/lib/python3.12/site-packages/airflow/example_dags/example_latest_only.py took 0.650 seconds
[2024-11-18T19:04:15.452+0000] {processor.py:186} INFO - Started process (PID=244) to work on /home/airflow/.local/lib/python3.12/site-packages/airflow/example_dags/example_latest_only.py
[2024-11-18T19:04:15.459+0000] {processor.py:914} INFO - Processing file /home/airflow/.local/lib/python3.12/site-packages/airflow/example_dags/example_latest_only.py for tasks to queue
[2024-11-18T19:04:15.488+0000] {logging_mixin.py:190} INFO - [2024-11-18T19:04:15.487+0000] {dagbag.py:588} INFO - Filling up the DagBag from /home/airflow/.local/lib/python3.12/site-packages/airflow/example_dags/example_latest_only.py
[2024-11-18T19:04:15.532+0000] {processor.py:925} INFO - DAG(s) 'latest_only' retrieved from /home/airflow/.local/lib/python3.12/site-packages/airflow/example_dags/example_latest_only.py
[2024-11-18T19:04:15.586+0000] {logging_mixin.py:190} INFO - [2024-11-18T19:04:15.586+0000] {dag.py:3239} INFO - Sync 1 DAGs
[2024-11-18T19:04:15.704+0000] {logging_mixin.py:190} INFO - [2024-11-18T19:04:15.704+0000] {dag.py:4180} INFO - Setting next_dagrun for latest_only to 2024-11-18 12:00:00+00:00, run_after=2024-11-18 16:00:00+00:00
[2024-11-18T19:04:15.775+0000] {processor.py:208} INFO - Processing /home/airflow/.local/lib/python3.12/site-packages/airflow/example_dags/example_latest_only.py took 0.358 seconds
[2024-11-18T19:04:46.688+0000] {processor.py:186} INFO - Started process (PID=308) to work on /home/airflow/.local/lib/python3.12/site-packages/airflow/example_dags/example_latest_only.py
[2024-11-18T19:04:46.689+0000] {processor.py:914} INFO - Processing file /home/airflow/.local/lib/python3.12/site-packages/airflow/example_dags/example_latest_only.py for tasks to queue
[2024-11-18T19:04:46.691+0000] {logging_mixin.py:190} INFO - [2024-11-18T19:04:46.691+0000] {dagbag.py:588} INFO - Filling up the DagBag from /home/airflow/.local/lib/python3.12/site-packages/airflow/example_dags/example_latest_only.py
[2024-11-18T19:04:46.698+0000] {processor.py:925} INFO - DAG(s) 'latest_only' retrieved from /home/airflow/.local/lib/python3.12/site-packages/airflow/example_dags/example_latest_only.py
[2024-11-18T19:04:46.719+0000] {logging_mixin.py:190} INFO - [2024-11-18T19:04:46.719+0000] {dag.py:3239} INFO - Sync 1 DAGs
[2024-11-18T19:04:46.744+0000] {logging_mixin.py:190} INFO - [2024-11-18T19:04:46.744+0000] {dag.py:4180} INFO - Setting next_dagrun for latest_only to 2024-11-18 12:00:00+00:00, run_after=2024-11-18 16:00:00+00:00
[2024-11-18T19:04:46.772+0000] {processor.py:208} INFO - Processing /home/airflow/.local/lib/python3.12/site-packages/airflow/example_dags/example_latest_only.py took 0.089 seconds
[2024-11-18T19:05:17.195+0000] {processor.py:186} INFO - Started process (PID=371) to work on /home/airflow/.local/lib/python3.12/site-packages/airflow/example_dags/example_latest_only.py
[2024-11-18T19:05:17.196+0000] {processor.py:914} INFO - Processing file /home/airflow/.local/lib/python3.12/site-packages/airflow/example_dags/example_latest_only.py for tasks to queue
[2024-11-18T19:05:17.198+0000] {logging_mixin.py:190} INFO - [2024-11-18T19:05:17.197+0000] {dagbag.py:588} INFO - Filling up the DagBag from /home/airflow/.local/lib/python3.12/site-packages/airflow/example_dags/example_latest_only.py
[2024-11-18T19:05:17.205+0000] {processor.py:925} INFO - DAG(s) 'latest_only' retrieved from /home/airflow/.local/lib/python3.12/site-packages/airflow/example_dags/example_latest_only.py
[2024-11-18T19:05:17.223+0000] {logging_mixin.py:190} INFO - [2024-11-18T19:05:17.223+0000] {dag.py:3239} INFO - Sync 1 DAGs
[2024-11-18T19:05:17.248+0000] {logging_mixin.py:190} INFO - [2024-11-18T19:05:17.248+0000] {dag.py:4180} INFO - Setting next_dagrun for latest_only to 2024-11-18 12:00:00+00:00, run_after=2024-11-18 16:00:00+00:00
[2024-11-18T19:05:17.265+0000] {processor.py:208} INFO - Processing /home/airflow/.local/lib/python3.12/site-packages/airflow/example_dags/example_latest_only.py took 0.077 seconds
[2024-11-18T19:05:47.775+0000] {processor.py:186} INFO - Started process (PID=436) to work on /home/airflow/.local/lib/python3.12/site-packages/airflow/example_dags/example_latest_only.py
[2024-11-18T19:05:47.776+0000] {processor.py:914} INFO - Processing file /home/airflow/.local/lib/python3.12/site-packages/airflow/example_dags/example_latest_only.py for tasks to queue
[2024-11-18T19:05:47.778+0000] {logging_mixin.py:190} INFO - [2024-11-18T19:05:47.778+0000] {dagbag.py:588} INFO - Filling up the DagBag from /home/airflow/.local/lib/python3.12/site-packages/airflow/example_dags/example_latest_only.py
[2024-11-18T19:05:47.785+0000] {processor.py:925} INFO - DAG(s) 'latest_only' retrieved from /home/airflow/.local/lib/python3.12/site-packages/airflow/example_dags/example_latest_only.py
[2024-11-18T19:05:47.805+0000] {logging_mixin.py:190} INFO - [2024-11-18T19:05:47.805+0000] {dag.py:3239} INFO - Sync 1 DAGs
[2024-11-18T19:05:47.833+0000] {logging_mixin.py:190} INFO - [2024-11-18T19:05:47.832+0000] {dag.py:4180} INFO - Setting next_dagrun for latest_only to 2024-11-18 12:00:00+00:00, run_after=2024-11-18 16:00:00+00:00
[2024-11-18T19:05:47.854+0000] {processor.py:208} INFO - Processing /home/airflow/.local/lib/python3.12/site-packages/airflow/example_dags/example_latest_only.py took 0.085 seconds
[2024-11-18T19:06:18.720+0000] {processor.py:186} INFO - Started process (PID=499) to work on /home/airflow/.local/lib/python3.12/site-packages/airflow/example_dags/example_latest_only.py
[2024-11-18T19:06:18.731+0000] {processor.py:914} INFO - Processing file /home/airflow/.local/lib/python3.12/site-packages/airflow/example_dags/example_latest_only.py for tasks to queue
[2024-11-18T19:06:18.733+0000] {logging_mixin.py:190} INFO - [2024-11-18T19:06:18.732+0000] {dagbag.py:588} INFO - Filling up the DagBag from /home/airflow/.local/lib/python3.12/site-packages/airflow/example_dags/example_latest_only.py
[2024-11-18T19:06:18.749+0000] {processor.py:925} INFO - DAG(s) 'latest_only' retrieved from /home/airflow/.local/lib/python3.12/site-packages/airflow/example_dags/example_latest_only.py
[2024-11-18T19:06:18.788+0000] {logging_mixin.py:190} INFO - [2024-11-18T19:06:18.788+0000] {dag.py:3239} INFO - Sync 1 DAGs
[2024-11-18T19:06:18.849+0000] {logging_mixin.py:190} INFO - [2024-11-18T19:06:18.849+0000] {dag.py:4180} INFO - Setting next_dagrun for latest_only to 2024-11-18 12:00:00+00:00, run_after=2024-11-18 16:00:00+00:00
[2024-11-18T19:06:18.907+0000] {processor.py:208} INFO - Processing /home/airflow/.local/lib/python3.12/site-packages/airflow/example_dags/example_latest_only.py took 0.193 seconds
[2024-11-18T19:06:49.818+0000] {processor.py:186} INFO - Started process (PID=564) to work on /home/airflow/.local/lib/python3.12/site-packages/airflow/example_dags/example_latest_only.py
[2024-11-18T19:06:49.819+0000] {processor.py:914} INFO - Processing file /home/airflow/.local/lib/python3.12/site-packages/airflow/example_dags/example_latest_only.py for tasks to queue
[2024-11-18T19:06:49.821+0000] {logging_mixin.py:190} INFO - [2024-11-18T19:06:49.821+0000] {dagbag.py:588} INFO - Filling up the DagBag from /home/airflow/.local/lib/python3.12/site-packages/airflow/example_dags/example_latest_only.py
[2024-11-18T19:06:49.828+0000] {processor.py:925} INFO - DAG(s) 'latest_only' retrieved from /home/airflow/.local/lib/python3.12/site-packages/airflow/example_dags/example_latest_only.py
[2024-11-18T19:06:49.848+0000] {logging_mixin.py:190} INFO - [2024-11-18T19:06:49.847+0000] {dag.py:3239} INFO - Sync 1 DAGs
[2024-11-18T19:06:49.888+0000] {logging_mixin.py:190} INFO - [2024-11-18T19:06:49.887+0000] {dag.py:4180} INFO - Setting next_dagrun for latest_only to 2024-11-18 12:00:00+00:00, run_after=2024-11-18 16:00:00+00:00
[2024-11-18T19:06:49.909+0000] {processor.py:208} INFO - Processing /home/airflow/.local/lib/python3.12/site-packages/airflow/example_dags/example_latest_only.py took 0.096 seconds
[2024-11-18T19:07:20.316+0000] {processor.py:186} INFO - Started process (PID=628) to work on /home/airflow/.local/lib/python3.12/site-packages/airflow/example_dags/example_latest_only.py
[2024-11-18T19:07:20.316+0000] {processor.py:914} INFO - Processing file /home/airflow/.local/lib/python3.12/site-packages/airflow/example_dags/example_latest_only.py for tasks to queue
[2024-11-18T19:07:20.318+0000] {logging_mixin.py:190} INFO - [2024-11-18T19:07:20.318+0000] {dagbag.py:588} INFO - Filling up the DagBag from /home/airflow/.local/lib/python3.12/site-packages/airflow/example_dags/example_latest_only.py
[2024-11-18T19:07:20.325+0000] {processor.py:925} INFO - DAG(s) 'latest_only' retrieved from /home/airflow/.local/lib/python3.12/site-packages/airflow/example_dags/example_latest_only.py
[2024-11-18T19:07:20.345+0000] {logging_mixin.py:190} INFO - [2024-11-18T19:07:20.345+0000] {dag.py:3239} INFO - Sync 1 DAGs
[2024-11-18T19:07:20.372+0000] {logging_mixin.py:190} INFO - [2024-11-18T19:07:20.372+0000] {dag.py:4180} INFO - Setting next_dagrun for latest_only to 2024-11-18 12:00:00+00:00, run_after=2024-11-18 16:00:00+00:00
[2024-11-18T19:07:20.393+0000] {processor.py:208} INFO - Processing /home/airflow/.local/lib/python3.12/site-packages/airflow/example_dags/example_latest_only.py took 0.083 seconds
[2024-11-18T19:07:51.265+0000] {processor.py:186} INFO - Started process (PID=693) to work on /home/airflow/.local/lib/python3.12/site-packages/airflow/example_dags/example_latest_only.py
[2024-11-18T19:07:51.266+0000] {processor.py:914} INFO - Processing file /home/airflow/.local/lib/python3.12/site-packages/airflow/example_dags/example_latest_only.py for tasks to queue
[2024-11-18T19:07:51.268+0000] {logging_mixin.py:190} INFO - [2024-11-18T19:07:51.267+0000] {dagbag.py:588} INFO - Filling up the DagBag from /home/airflow/.local/lib/python3.12/site-packages/airflow/example_dags/example_latest_only.py
[2024-11-18T19:07:51.275+0000] {processor.py:925} INFO - DAG(s) 'latest_only' retrieved from /home/airflow/.local/lib/python3.12/site-packages/airflow/example_dags/example_latest_only.py
[2024-11-18T19:07:51.293+0000] {logging_mixin.py:190} INFO - [2024-11-18T19:07:51.293+0000] {dag.py:3239} INFO - Sync 1 DAGs
[2024-11-18T19:07:51.317+0000] {logging_mixin.py:190} INFO - [2024-11-18T19:07:51.317+0000] {dag.py:4180} INFO - Setting next_dagrun for latest_only to 2024-11-18 12:00:00+00:00, run_after=2024-11-18 16:00:00+00:00
[2024-11-18T19:07:51.337+0000] {processor.py:208} INFO - Processing /home/airflow/.local/lib/python3.12/site-packages/airflow/example_dags/example_latest_only.py took 0.080 seconds
[2024-11-18T19:08:21.711+0000] {processor.py:186} INFO - Started process (PID=758) to work on /home/airflow/.local/lib/python3.12/site-packages/airflow/example_dags/example_latest_only.py
[2024-11-18T19:08:21.712+0000] {processor.py:914} INFO - Processing file /home/airflow/.local/lib/python3.12/site-packages/airflow/example_dags/example_latest_only.py for tasks to queue
[2024-11-18T19:08:21.725+0000] {logging_mixin.py:190} INFO - [2024-11-18T19:08:21.725+0000] {dagbag.py:588} INFO - Filling up the DagBag from /home/airflow/.local/lib/python3.12/site-packages/airflow/example_dags/example_latest_only.py
[2024-11-18T19:08:21.738+0000] {processor.py:925} INFO - DAG(s) 'latest_only' retrieved from /home/airflow/.local/lib/python3.12/site-packages/airflow/example_dags/example_latest_only.py
[2024-11-18T19:08:21.797+0000] {logging_mixin.py:190} INFO - [2024-11-18T19:08:21.797+0000] {dag.py:3239} INFO - Sync 1 DAGs
[2024-11-18T19:08:21.867+0000] {logging_mixin.py:190} INFO - [2024-11-18T19:08:21.867+0000] {dag.py:4180} INFO - Setting next_dagrun for latest_only to 2024-11-18 12:00:00+00:00, run_after=2024-11-18 16:00:00+00:00
[2024-11-18T19:08:21.898+0000] {processor.py:208} INFO - Processing /home/airflow/.local/lib/python3.12/site-packages/airflow/example_dags/example_latest_only.py took 0.199 seconds
[2024-11-18T19:08:52.087+0000] {processor.py:186} INFO - Started process (PID=822) to work on /home/airflow/.local/lib/python3.12/site-packages/airflow/example_dags/example_latest_only.py
[2024-11-18T19:08:52.091+0000] {processor.py:914} INFO - Processing file /home/airflow/.local/lib/python3.12/site-packages/airflow/example_dags/example_latest_only.py for tasks to queue
[2024-11-18T19:08:52.093+0000] {logging_mixin.py:190} INFO - [2024-11-18T19:08:52.092+0000] {dagbag.py:588} INFO - Filling up the DagBag from /home/airflow/.local/lib/python3.12/site-packages/airflow/example_dags/example_latest_only.py
[2024-11-18T19:08:52.108+0000] {processor.py:925} INFO - DAG(s) 'latest_only' retrieved from /home/airflow/.local/lib/python3.12/site-packages/airflow/example_dags/example_latest_only.py
[2024-11-18T19:08:52.131+0000] {logging_mixin.py:190} INFO - [2024-11-18T19:08:52.130+0000] {dag.py:3239} INFO - Sync 1 DAGs
[2024-11-18T19:08:52.177+0000] {logging_mixin.py:190} INFO - [2024-11-18T19:08:52.177+0000] {dag.py:4180} INFO - Setting next_dagrun for latest_only to 2024-11-18 12:00:00+00:00, run_after=2024-11-18 16:00:00+00:00
[2024-11-18T19:08:52.212+0000] {processor.py:208} INFO - Processing /home/airflow/.local/lib/python3.12/site-packages/airflow/example_dags/example_latest_only.py took 0.138 seconds
[2024-11-18T19:09:22.246+0000] {processor.py:186} INFO - Started process (PID=885) to work on /home/airflow/.local/lib/python3.12/site-packages/airflow/example_dags/example_latest_only.py
[2024-11-18T19:09:22.246+0000] {processor.py:914} INFO - Processing file /home/airflow/.local/lib/python3.12/site-packages/airflow/example_dags/example_latest_only.py for tasks to queue
[2024-11-18T19:09:22.248+0000] {logging_mixin.py:190} INFO - [2024-11-18T19:09:22.248+0000] {dagbag.py:588} INFO - Filling up the DagBag from /home/airflow/.local/lib/python3.12/site-packages/airflow/example_dags/example_latest_only.py
[2024-11-18T19:09:22.253+0000] {processor.py:925} INFO - DAG(s) 'latest_only' retrieved from /home/airflow/.local/lib/python3.12/site-packages/airflow/example_dags/example_latest_only.py
[2024-11-18T19:09:22.268+0000] {logging_mixin.py:190} INFO - [2024-11-18T19:09:22.267+0000] {dag.py:3239} INFO - Sync 1 DAGs
[2024-11-18T19:09:22.287+0000] {logging_mixin.py:190} INFO - [2024-11-18T19:09:22.286+0000] {dag.py:4180} INFO - Setting next_dagrun for latest_only to 2024-11-18 12:00:00+00:00, run_after=2024-11-18 16:00:00+00:00
[2024-11-18T19:09:22.315+0000] {processor.py:208} INFO - Processing /home/airflow/.local/lib/python3.12/site-packages/airflow/example_dags/example_latest_only.py took 0.074 seconds
[2024-11-18T19:09:52.480+0000] {processor.py:186} INFO - Started process (PID=951) to work on /home/airflow/.local/lib/python3.12/site-packages/airflow/example_dags/example_latest_only.py
[2024-11-18T19:09:52.481+0000] {processor.py:914} INFO - Processing file /home/airflow/.local/lib/python3.12/site-packages/airflow/example_dags/example_latest_only.py for tasks to queue
[2024-11-18T19:09:52.483+0000] {logging_mixin.py:190} INFO - [2024-11-18T19:09:52.483+0000] {dagbag.py:588} INFO - Filling up the DagBag from /home/airflow/.local/lib/python3.12/site-packages/airflow/example_dags/example_latest_only.py
[2024-11-18T19:09:52.490+0000] {processor.py:925} INFO - DAG(s) 'latest_only' retrieved from /home/airflow/.local/lib/python3.12/site-packages/airflow/example_dags/example_latest_only.py
[2024-11-18T19:09:52.510+0000] {logging_mixin.py:190} INFO - [2024-11-18T19:09:52.510+0000] {dag.py:3239} INFO - Sync 1 DAGs
[2024-11-18T19:09:52.534+0000] {logging_mixin.py:190} INFO - [2024-11-18T19:09:52.534+0000] {dag.py:4180} INFO - Setting next_dagrun for latest_only to 2024-11-18 12:00:00+00:00, run_after=2024-11-18 16:00:00+00:00
[2024-11-18T19:09:52.566+0000] {processor.py:208} INFO - Processing /home/airflow/.local/lib/python3.12/site-packages/airflow/example_dags/example_latest_only.py took 0.092 seconds
[2024-11-18T19:10:22.783+0000] {processor.py:186} INFO - Started process (PID=1015) to work on /home/airflow/.local/lib/python3.12/site-packages/airflow/example_dags/example_latest_only.py
[2024-11-18T19:10:22.784+0000] {processor.py:914} INFO - Processing file /home/airflow/.local/lib/python3.12/site-packages/airflow/example_dags/example_latest_only.py for tasks to queue
[2024-11-18T19:10:22.786+0000] {logging_mixin.py:190} INFO - [2024-11-18T19:10:22.786+0000] {dagbag.py:588} INFO - Filling up the DagBag from /home/airflow/.local/lib/python3.12/site-packages/airflow/example_dags/example_latest_only.py
[2024-11-18T19:10:22.793+0000] {processor.py:925} INFO - DAG(s) 'latest_only' retrieved from /home/airflow/.local/lib/python3.12/site-packages/airflow/example_dags/example_latest_only.py
[2024-11-18T19:10:22.813+0000] {logging_mixin.py:190} INFO - [2024-11-18T19:10:22.813+0000] {dag.py:3239} INFO - Sync 1 DAGs
[2024-11-18T19:10:22.851+0000] {logging_mixin.py:190} INFO - [2024-11-18T19:10:22.850+0000] {dag.py:4180} INFO - Setting next_dagrun for latest_only to 2024-11-18 12:00:00+00:00, run_after=2024-11-18 16:00:00+00:00
[2024-11-18T19:10:22.899+0000] {processor.py:208} INFO - Processing /home/airflow/.local/lib/python3.12/site-packages/airflow/example_dags/example_latest_only.py took 0.122 seconds
[2024-11-18T19:10:53.008+0000] {processor.py:186} INFO - Started process (PID=1080) to work on /home/airflow/.local/lib/python3.12/site-packages/airflow/example_dags/example_latest_only.py
[2024-11-18T19:10:53.008+0000] {processor.py:914} INFO - Processing file /home/airflow/.local/lib/python3.12/site-packages/airflow/example_dags/example_latest_only.py for tasks to queue
[2024-11-18T19:10:53.010+0000] {logging_mixin.py:190} INFO - [2024-11-18T19:10:53.010+0000] {dagbag.py:588} INFO - Filling up the DagBag from /home/airflow/.local/lib/python3.12/site-packages/airflow/example_dags/example_latest_only.py
[2024-11-18T19:10:53.018+0000] {processor.py:925} INFO - DAG(s) 'latest_only' retrieved from /home/airflow/.local/lib/python3.12/site-packages/airflow/example_dags/example_latest_only.py
[2024-11-18T19:10:53.037+0000] {logging_mixin.py:190} INFO - [2024-11-18T19:10:53.037+0000] {dag.py:3239} INFO - Sync 1 DAGs
[2024-11-18T19:10:53.063+0000] {logging_mixin.py:190} INFO - [2024-11-18T19:10:53.063+0000] {dag.py:4180} INFO - Setting next_dagrun for latest_only to 2024-11-18 12:00:00+00:00, run_after=2024-11-18 16:00:00+00:00
[2024-11-18T19:10:53.084+0000] {processor.py:208} INFO - Processing /home/airflow/.local/lib/python3.12/site-packages/airflow/example_dags/example_latest_only.py took 0.083 seconds
[2024-11-18T19:11:23.619+0000] {processor.py:186} INFO - Started process (PID=1145) to work on /home/airflow/.local/lib/python3.12/site-packages/airflow/example_dags/example_latest_only.py
[2024-11-18T19:11:23.620+0000] {processor.py:914} INFO - Processing file /home/airflow/.local/lib/python3.12/site-packages/airflow/example_dags/example_latest_only.py for tasks to queue
[2024-11-18T19:11:23.622+0000] {logging_mixin.py:190} INFO - [2024-11-18T19:11:23.622+0000] {dagbag.py:588} INFO - Filling up the DagBag from /home/airflow/.local/lib/python3.12/site-packages/airflow/example_dags/example_latest_only.py
[2024-11-18T19:11:23.629+0000] {processor.py:925} INFO - DAG(s) 'latest_only' retrieved from /home/airflow/.local/lib/python3.12/site-packages/airflow/example_dags/example_latest_only.py
[2024-11-18T19:11:23.650+0000] {logging_mixin.py:190} INFO - [2024-11-18T19:11:23.649+0000] {dag.py:3239} INFO - Sync 1 DAGs
[2024-11-18T19:11:23.675+0000] {logging_mixin.py:190} INFO - [2024-11-18T19:11:23.675+0000] {dag.py:4180} INFO - Setting next_dagrun for latest_only to 2024-11-18 12:00:00+00:00, run_after=2024-11-18 16:00:00+00:00
[2024-11-18T19:11:23.694+0000] {processor.py:208} INFO - Processing /home/airflow/.local/lib/python3.12/site-packages/airflow/example_dags/example_latest_only.py took 0.082 seconds
[2024-11-18T19:11:54.024+0000] {processor.py:186} INFO - Started process (PID=1209) to work on /home/airflow/.local/lib/python3.12/site-packages/airflow/example_dags/example_latest_only.py
[2024-11-18T19:11:54.025+0000] {processor.py:914} INFO - Processing file /home/airflow/.local/lib/python3.12/site-packages/airflow/example_dags/example_latest_only.py for tasks to queue
[2024-11-18T19:11:54.027+0000] {logging_mixin.py:190} INFO - [2024-11-18T19:11:54.027+0000] {dagbag.py:588} INFO - Filling up the DagBag from /home/airflow/.local/lib/python3.12/site-packages/airflow/example_dags/example_latest_only.py
[2024-11-18T19:11:54.034+0000] {processor.py:925} INFO - DAG(s) 'latest_only' retrieved from /home/airflow/.local/lib/python3.12/site-packages/airflow/example_dags/example_latest_only.py
[2024-11-18T19:11:54.053+0000] {logging_mixin.py:190} INFO - [2024-11-18T19:11:54.053+0000] {dag.py:3239} INFO - Sync 1 DAGs
[2024-11-18T19:11:54.078+0000] {logging_mixin.py:190} INFO - [2024-11-18T19:11:54.078+0000] {dag.py:4180} INFO - Setting next_dagrun for latest_only to 2024-11-18 12:00:00+00:00, run_after=2024-11-18 16:00:00+00:00
[2024-11-18T19:11:54.098+0000] {processor.py:208} INFO - Processing /home/airflow/.local/lib/python3.12/site-packages/airflow/example_dags/example_latest_only.py took 0.079 seconds
[2024-11-18T19:12:24.393+0000] {processor.py:186} INFO - Started process (PID=1273) to work on /home/airflow/.local/lib/python3.12/site-packages/airflow/example_dags/example_latest_only.py
[2024-11-18T19:12:24.394+0000] {processor.py:914} INFO - Processing file /home/airflow/.local/lib/python3.12/site-packages/airflow/example_dags/example_latest_only.py for tasks to queue
[2024-11-18T19:12:24.396+0000] {logging_mixin.py:190} INFO - [2024-11-18T19:12:24.396+0000] {dagbag.py:588} INFO - Filling up the DagBag from /home/airflow/.local/lib/python3.12/site-packages/airflow/example_dags/example_latest_only.py
[2024-11-18T19:12:24.403+0000] {processor.py:925} INFO - DAG(s) 'latest_only' retrieved from /home/airflow/.local/lib/python3.12/site-packages/airflow/example_dags/example_latest_only.py
[2024-11-18T19:12:24.424+0000] {logging_mixin.py:190} INFO - [2024-11-18T19:12:24.424+0000] {dag.py:3239} INFO - Sync 1 DAGs
[2024-11-18T19:12:24.472+0000] {logging_mixin.py:190} INFO - [2024-11-18T19:12:24.472+0000] {dag.py:4180} INFO - Setting next_dagrun for latest_only to 2024-11-18 12:00:00+00:00, run_after=2024-11-18 16:00:00+00:00
[2024-11-18T19:12:24.495+0000] {processor.py:208} INFO - Processing /home/airflow/.local/lib/python3.12/site-packages/airflow/example_dags/example_latest_only.py took 0.108 seconds
[2024-11-18T19:12:55.048+0000] {processor.py:186} INFO - Started process (PID=1337) to work on /home/airflow/.local/lib/python3.12/site-packages/airflow/example_dags/example_latest_only.py
[2024-11-18T19:12:55.049+0000] {processor.py:914} INFO - Processing file /home/airflow/.local/lib/python3.12/site-packages/airflow/example_dags/example_latest_only.py for tasks to queue
[2024-11-18T19:12:55.051+0000] {logging_mixin.py:190} INFO - [2024-11-18T19:12:55.051+0000] {dagbag.py:588} INFO - Filling up the DagBag from /home/airflow/.local/lib/python3.12/site-packages/airflow/example_dags/example_latest_only.py
[2024-11-18T19:12:55.058+0000] {processor.py:925} INFO - DAG(s) 'latest_only' retrieved from /home/airflow/.local/lib/python3.12/site-packages/airflow/example_dags/example_latest_only.py
[2024-11-18T19:12:55.095+0000] {logging_mixin.py:190} INFO - [2024-11-18T19:12:55.095+0000] {dag.py:3239} INFO - Sync 1 DAGs
[2024-11-18T19:12:55.122+0000] {logging_mixin.py:190} INFO - [2024-11-18T19:12:55.122+0000] {dag.py:4180} INFO - Setting next_dagrun for latest_only to 2024-11-18 12:00:00+00:00, run_after=2024-11-18 16:00:00+00:00
[2024-11-18T19:12:55.145+0000] {processor.py:208} INFO - Processing /home/airflow/.local/lib/python3.12/site-packages/airflow/example_dags/example_latest_only.py took 0.103 seconds
[2024-11-18T19:13:25.225+0000] {processor.py:186} INFO - Started process (PID=1402) to work on /home/airflow/.local/lib/python3.12/site-packages/airflow/example_dags/example_latest_only.py
[2024-11-18T19:13:25.226+0000] {processor.py:914} INFO - Processing file /home/airflow/.local/lib/python3.12/site-packages/airflow/example_dags/example_latest_only.py for tasks to queue
[2024-11-18T19:13:25.228+0000] {logging_mixin.py:190} INFO - [2024-11-18T19:13:25.228+0000] {dagbag.py:588} INFO - Filling up the DagBag from /home/airflow/.local/lib/python3.12/site-packages/airflow/example_dags/example_latest_only.py
[2024-11-18T19:13:25.235+0000] {processor.py:925} INFO - DAG(s) 'latest_only' retrieved from /home/airflow/.local/lib/python3.12/site-packages/airflow/example_dags/example_latest_only.py
[2024-11-18T19:13:25.253+0000] {logging_mixin.py:190} INFO - [2024-11-18T19:13:25.253+0000] {dag.py:3239} INFO - Sync 1 DAGs
[2024-11-18T19:13:25.279+0000] {logging_mixin.py:190} INFO - [2024-11-18T19:13:25.278+0000] {dag.py:4180} INFO - Setting next_dagrun for latest_only to 2024-11-18 12:00:00+00:00, run_after=2024-11-18 16:00:00+00:00
[2024-11-18T19:13:25.302+0000] {processor.py:208} INFO - Processing /home/airflow/.local/lib/python3.12/site-packages/airflow/example_dags/example_latest_only.py took 0.082 seconds
[2024-11-18T19:13:56.145+0000] {processor.py:186} INFO - Started process (PID=1467) to work on /home/airflow/.local/lib/python3.12/site-packages/airflow/example_dags/example_latest_only.py
[2024-11-18T19:13:56.146+0000] {processor.py:914} INFO - Processing file /home/airflow/.local/lib/python3.12/site-packages/airflow/example_dags/example_latest_only.py for tasks to queue
[2024-11-18T19:13:56.148+0000] {logging_mixin.py:190} INFO - [2024-11-18T19:13:56.148+0000] {dagbag.py:588} INFO - Filling up the DagBag from /home/airflow/.local/lib/python3.12/site-packages/airflow/example_dags/example_latest_only.py
[2024-11-18T19:13:56.156+0000] {processor.py:925} INFO - DAG(s) 'latest_only' retrieved from /home/airflow/.local/lib/python3.12/site-packages/airflow/example_dags/example_latest_only.py
[2024-11-18T19:13:56.174+0000] {logging_mixin.py:190} INFO - [2024-11-18T19:13:56.174+0000] {dag.py:3239} INFO - Sync 1 DAGs
[2024-11-18T19:13:56.200+0000] {logging_mixin.py:190} INFO - [2024-11-18T19:13:56.199+0000] {dag.py:4180} INFO - Setting next_dagrun for latest_only to 2024-11-18 12:00:00+00:00, run_after=2024-11-18 16:00:00+00:00
[2024-11-18T19:13:56.219+0000] {processor.py:208} INFO - Processing /home/airflow/.local/lib/python3.12/site-packages/airflow/example_dags/example_latest_only.py took 0.080 seconds
[2024-11-18T19:14:28.239+0000] {processor.py:186} INFO - Started process (PID=1532) to work on /home/airflow/.local/lib/python3.12/site-packages/airflow/example_dags/example_latest_only.py
[2024-11-18T19:14:28.248+0000] {processor.py:914} INFO - Processing file /home/airflow/.local/lib/python3.12/site-packages/airflow/example_dags/example_latest_only.py for tasks to queue
[2024-11-18T19:14:28.251+0000] {logging_mixin.py:190} INFO - [2024-11-18T19:14:28.251+0000] {dagbag.py:588} INFO - Filling up the DagBag from /home/airflow/.local/lib/python3.12/site-packages/airflow/example_dags/example_latest_only.py
[2024-11-18T19:14:28.259+0000] {processor.py:925} INFO - DAG(s) 'latest_only' retrieved from /home/airflow/.local/lib/python3.12/site-packages/airflow/example_dags/example_latest_only.py
[2024-11-18T19:14:28.280+0000] {logging_mixin.py:190} INFO - [2024-11-18T19:14:28.280+0000] {dag.py:3239} INFO - Sync 1 DAGs
[2024-11-18T19:14:28.324+0000] {logging_mixin.py:190} INFO - [2024-11-18T19:14:28.324+0000] {dag.py:4180} INFO - Setting next_dagrun for latest_only to 2024-11-18 12:00:00+00:00, run_after=2024-11-18 16:00:00+00:00
[2024-11-18T19:14:28.369+0000] {processor.py:208} INFO - Processing /home/airflow/.local/lib/python3.12/site-packages/airflow/example_dags/example_latest_only.py took 0.137 seconds
[2024-11-18T19:14:59.152+0000] {processor.py:186} INFO - Started process (PID=1597) to work on /home/airflow/.local/lib/python3.12/site-packages/airflow/example_dags/example_latest_only.py
[2024-11-18T19:14:59.153+0000] {processor.py:914} INFO - Processing file /home/airflow/.local/lib/python3.12/site-packages/airflow/example_dags/example_latest_only.py for tasks to queue
[2024-11-18T19:14:59.155+0000] {logging_mixin.py:190} INFO - [2024-11-18T19:14:59.155+0000] {dagbag.py:588} INFO - Filling up the DagBag from /home/airflow/.local/lib/python3.12/site-packages/airflow/example_dags/example_latest_only.py
[2024-11-18T19:14:59.162+0000] {processor.py:925} INFO - DAG(s) 'latest_only' retrieved from /home/airflow/.local/lib/python3.12/site-packages/airflow/example_dags/example_latest_only.py
[2024-11-18T19:14:59.181+0000] {logging_mixin.py:190} INFO - [2024-11-18T19:14:59.181+0000] {dag.py:3239} INFO - Sync 1 DAGs
[2024-11-18T19:14:59.207+0000] {logging_mixin.py:190} INFO - [2024-11-18T19:14:59.207+0000] {dag.py:4180} INFO - Setting next_dagrun for latest_only to 2024-11-18 12:00:00+00:00, run_after=2024-11-18 16:00:00+00:00
[2024-11-18T19:14:59.247+0000] {processor.py:208} INFO - Processing /home/airflow/.local/lib/python3.12/site-packages/airflow/example_dags/example_latest_only.py took 0.100 seconds
[2024-11-18T19:15:30.957+0000] {processor.py:186} INFO - Started process (PID=1662) to work on /home/airflow/.local/lib/python3.12/site-packages/airflow/example_dags/example_latest_only.py
[2024-11-18T19:15:30.958+0000] {processor.py:914} INFO - Processing file /home/airflow/.local/lib/python3.12/site-packages/airflow/example_dags/example_latest_only.py for tasks to queue
[2024-11-18T19:15:30.960+0000] {logging_mixin.py:190} INFO - [2024-11-18T19:15:30.960+0000] {dagbag.py:588} INFO - Filling up the DagBag from /home/airflow/.local/lib/python3.12/site-packages/airflow/example_dags/example_latest_only.py
[2024-11-18T19:15:30.966+0000] {processor.py:925} INFO - DAG(s) 'latest_only' retrieved from /home/airflow/.local/lib/python3.12/site-packages/airflow/example_dags/example_latest_only.py
[2024-11-18T19:15:30.985+0000] {logging_mixin.py:190} INFO - [2024-11-18T19:15:30.985+0000] {dag.py:3239} INFO - Sync 1 DAGs
[2024-11-18T19:15:31.011+0000] {logging_mixin.py:190} INFO - [2024-11-18T19:15:31.011+0000] {dag.py:4180} INFO - Setting next_dagrun for latest_only to 2024-11-18 12:00:00+00:00, run_after=2024-11-18 16:00:00+00:00
[2024-11-18T19:15:31.034+0000] {processor.py:208} INFO - Processing /home/airflow/.local/lib/python3.12/site-packages/airflow/example_dags/example_latest_only.py took 0.081 seconds
[2024-11-18T19:16:01.658+0000] {processor.py:186} INFO - Started process (PID=1726) to work on /home/airflow/.local/lib/python3.12/site-packages/airflow/example_dags/example_latest_only.py
[2024-11-18T19:16:01.675+0000] {processor.py:914} INFO - Processing file /home/airflow/.local/lib/python3.12/site-packages/airflow/example_dags/example_latest_only.py for tasks to queue
[2024-11-18T19:16:01.677+0000] {logging_mixin.py:190} INFO - [2024-11-18T19:16:01.676+0000] {dagbag.py:588} INFO - Filling up the DagBag from /home/airflow/.local/lib/python3.12/site-packages/airflow/example_dags/example_latest_only.py
[2024-11-18T19:16:01.692+0000] {processor.py:925} INFO - DAG(s) 'latest_only' retrieved from /home/airflow/.local/lib/python3.12/site-packages/airflow/example_dags/example_latest_only.py
[2024-11-18T19:16:01.731+0000] {logging_mixin.py:190} INFO - [2024-11-18T19:16:01.731+0000] {dag.py:3239} INFO - Sync 1 DAGs
[2024-11-18T19:16:01.776+0000] {logging_mixin.py:190} INFO - [2024-11-18T19:16:01.775+0000] {dag.py:4180} INFO - Setting next_dagrun for latest_only to 2024-11-18 12:00:00+00:00, run_after=2024-11-18 16:00:00+00:00
[2024-11-18T19:16:01.806+0000] {processor.py:208} INFO - Processing /home/airflow/.local/lib/python3.12/site-packages/airflow/example_dags/example_latest_only.py took 0.154 seconds
[2024-11-18T19:16:32.037+0000] {processor.py:186} INFO - Started process (PID=1789) to work on /home/airflow/.local/lib/python3.12/site-packages/airflow/example_dags/example_latest_only.py
[2024-11-18T19:16:32.037+0000] {processor.py:914} INFO - Processing file /home/airflow/.local/lib/python3.12/site-packages/airflow/example_dags/example_latest_only.py for tasks to queue
[2024-11-18T19:16:32.039+0000] {logging_mixin.py:190} INFO - [2024-11-18T19:16:32.039+0000] {dagbag.py:588} INFO - Filling up the DagBag from /home/airflow/.local/lib/python3.12/site-packages/airflow/example_dags/example_latest_only.py
[2024-11-18T19:16:32.044+0000] {processor.py:925} INFO - DAG(s) 'latest_only' retrieved from /home/airflow/.local/lib/python3.12/site-packages/airflow/example_dags/example_latest_only.py
[2024-11-18T19:16:32.060+0000] {logging_mixin.py:190} INFO - [2024-11-18T19:16:32.060+0000] {dag.py:3239} INFO - Sync 1 DAGs
[2024-11-18T19:16:32.077+0000] {logging_mixin.py:190} INFO - [2024-11-18T19:16:32.077+0000] {dag.py:4180} INFO - Setting next_dagrun for latest_only to 2024-11-18 12:00:00+00:00, run_after=2024-11-18 16:00:00+00:00
[2024-11-18T19:16:32.096+0000] {processor.py:208} INFO - Processing /home/airflow/.local/lib/python3.12/site-packages/airflow/example_dags/example_latest_only.py took 0.064 seconds
[2024-11-18T19:17:02.142+0000] {processor.py:186} INFO - Started process (PID=1852) to work on /home/airflow/.local/lib/python3.12/site-packages/airflow/example_dags/example_latest_only.py
[2024-11-18T19:17:02.143+0000] {processor.py:914} INFO - Processing file /home/airflow/.local/lib/python3.12/site-packages/airflow/example_dags/example_latest_only.py for tasks to queue
[2024-11-18T19:17:02.145+0000] {logging_mixin.py:190} INFO - [2024-11-18T19:17:02.145+0000] {dagbag.py:588} INFO - Filling up the DagBag from /home/airflow/.local/lib/python3.12/site-packages/airflow/example_dags/example_latest_only.py
[2024-11-18T19:17:02.152+0000] {processor.py:925} INFO - DAG(s) 'latest_only' retrieved from /home/airflow/.local/lib/python3.12/site-packages/airflow/example_dags/example_latest_only.py
[2024-11-18T19:17:02.173+0000] {logging_mixin.py:190} INFO - [2024-11-18T19:17:02.172+0000] {dag.py:3239} INFO - Sync 1 DAGs
[2024-11-18T19:17:02.208+0000] {logging_mixin.py:190} INFO - [2024-11-18T19:17:02.208+0000] {dag.py:4180} INFO - Setting next_dagrun for latest_only to 2024-11-18 12:00:00+00:00, run_after=2024-11-18 16:00:00+00:00
[2024-11-18T19:17:02.231+0000] {processor.py:208} INFO - Processing /home/airflow/.local/lib/python3.12/site-packages/airflow/example_dags/example_latest_only.py took 0.095 seconds
[2024-11-18T19:17:32.371+0000] {processor.py:186} INFO - Started process (PID=1915) to work on /home/airflow/.local/lib/python3.12/site-packages/airflow/example_dags/example_latest_only.py
[2024-11-18T19:17:32.371+0000] {processor.py:914} INFO - Processing file /home/airflow/.local/lib/python3.12/site-packages/airflow/example_dags/example_latest_only.py for tasks to queue
[2024-11-18T19:17:32.373+0000] {logging_mixin.py:190} INFO - [2024-11-18T19:17:32.373+0000] {dagbag.py:588} INFO - Filling up the DagBag from /home/airflow/.local/lib/python3.12/site-packages/airflow/example_dags/example_latest_only.py
[2024-11-18T19:17:32.381+0000] {processor.py:925} INFO - DAG(s) 'latest_only' retrieved from /home/airflow/.local/lib/python3.12/site-packages/airflow/example_dags/example_latest_only.py
[2024-11-18T19:17:32.400+0000] {logging_mixin.py:190} INFO - [2024-11-18T19:17:32.400+0000] {dag.py:3239} INFO - Sync 1 DAGs
[2024-11-18T19:17:32.424+0000] {logging_mixin.py:190} INFO - [2024-11-18T19:17:32.424+0000] {dag.py:4180} INFO - Setting next_dagrun for latest_only to 2024-11-18 12:00:00+00:00, run_after=2024-11-18 16:00:00+00:00
[2024-11-18T19:17:32.441+0000] {processor.py:208} INFO - Processing /home/airflow/.local/lib/python3.12/site-packages/airflow/example_dags/example_latest_only.py took 0.077 seconds
[2024-11-18T19:18:02.731+0000] {processor.py:186} INFO - Started process (PID=1980) to work on /home/airflow/.local/lib/python3.12/site-packages/airflow/example_dags/example_latest_only.py
[2024-11-18T19:18:02.731+0000] {processor.py:914} INFO - Processing file /home/airflow/.local/lib/python3.12/site-packages/airflow/example_dags/example_latest_only.py for tasks to queue
[2024-11-18T19:18:02.734+0000] {logging_mixin.py:190} INFO - [2024-11-18T19:18:02.733+0000] {dagbag.py:588} INFO - Filling up the DagBag from /home/airflow/.local/lib/python3.12/site-packages/airflow/example_dags/example_latest_only.py
[2024-11-18T19:18:02.742+0000] {processor.py:925} INFO - DAG(s) 'latest_only' retrieved from /home/airflow/.local/lib/python3.12/site-packages/airflow/example_dags/example_latest_only.py
[2024-11-18T19:18:02.764+0000] {logging_mixin.py:190} INFO - [2024-11-18T19:18:02.763+0000] {dag.py:3239} INFO - Sync 1 DAGs
[2024-11-18T19:18:02.787+0000] {logging_mixin.py:190} INFO - [2024-11-18T19:18:02.787+0000] {dag.py:4180} INFO - Setting next_dagrun for latest_only to 2024-11-18 12:00:00+00:00, run_after=2024-11-18 16:00:00+00:00
[2024-11-18T19:18:02.810+0000] {processor.py:208} INFO - Processing /home/airflow/.local/lib/python3.12/site-packages/airflow/example_dags/example_latest_only.py took 0.085 seconds
[2024-11-18T19:18:33.248+0000] {processor.py:186} INFO - Started process (PID=2045) to work on /home/airflow/.local/lib/python3.12/site-packages/airflow/example_dags/example_latest_only.py
[2024-11-18T19:18:33.249+0000] {processor.py:914} INFO - Processing file /home/airflow/.local/lib/python3.12/site-packages/airflow/example_dags/example_latest_only.py for tasks to queue
[2024-11-18T19:18:33.251+0000] {logging_mixin.py:190} INFO - [2024-11-18T19:18:33.251+0000] {dagbag.py:588} INFO - Filling up the DagBag from /home/airflow/.local/lib/python3.12/site-packages/airflow/example_dags/example_latest_only.py
[2024-11-18T19:18:33.259+0000] {processor.py:925} INFO - DAG(s) 'latest_only' retrieved from /home/airflow/.local/lib/python3.12/site-packages/airflow/example_dags/example_latest_only.py
[2024-11-18T19:18:33.278+0000] {logging_mixin.py:190} INFO - [2024-11-18T19:18:33.277+0000] {dag.py:3239} INFO - Sync 1 DAGs
[2024-11-18T19:18:33.302+0000] {logging_mixin.py:190} INFO - [2024-11-18T19:18:33.302+0000] {dag.py:4180} INFO - Setting next_dagrun for latest_only to 2024-11-18 12:00:00+00:00, run_after=2024-11-18 16:00:00+00:00
[2024-11-18T19:18:33.322+0000] {processor.py:208} INFO - Processing /home/airflow/.local/lib/python3.12/site-packages/airflow/example_dags/example_latest_only.py took 0.080 seconds
[2024-11-18T19:19:03.441+0000] {processor.py:186} INFO - Started process (PID=2109) to work on /home/airflow/.local/lib/python3.12/site-packages/airflow/example_dags/example_latest_only.py
[2024-11-18T19:19:03.442+0000] {processor.py:914} INFO - Processing file /home/airflow/.local/lib/python3.12/site-packages/airflow/example_dags/example_latest_only.py for tasks to queue
[2024-11-18T19:19:03.444+0000] {logging_mixin.py:190} INFO - [2024-11-18T19:19:03.444+0000] {dagbag.py:588} INFO - Filling up the DagBag from /home/airflow/.local/lib/python3.12/site-packages/airflow/example_dags/example_latest_only.py
[2024-11-18T19:19:03.452+0000] {processor.py:925} INFO - DAG(s) 'latest_only' retrieved from /home/airflow/.local/lib/python3.12/site-packages/airflow/example_dags/example_latest_only.py
[2024-11-18T19:19:03.471+0000] {logging_mixin.py:190} INFO - [2024-11-18T19:19:03.470+0000] {dag.py:3239} INFO - Sync 1 DAGs
[2024-11-18T19:19:03.495+0000] {logging_mixin.py:190} INFO - [2024-11-18T19:19:03.495+0000] {dag.py:4180} INFO - Setting next_dagrun for latest_only to 2024-11-18 12:00:00+00:00, run_after=2024-11-18 16:00:00+00:00
[2024-11-18T19:19:03.513+0000] {processor.py:208} INFO - Processing /home/airflow/.local/lib/python3.12/site-packages/airflow/example_dags/example_latest_only.py took 0.077 seconds
[2024-11-18T19:19:33.662+0000] {processor.py:186} INFO - Started process (PID=2173) to work on /home/airflow/.local/lib/python3.12/site-packages/airflow/example_dags/example_latest_only.py
[2024-11-18T19:19:33.663+0000] {processor.py:914} INFO - Processing file /home/airflow/.local/lib/python3.12/site-packages/airflow/example_dags/example_latest_only.py for tasks to queue
[2024-11-18T19:19:33.665+0000] {logging_mixin.py:190} INFO - [2024-11-18T19:19:33.665+0000] {dagbag.py:588} INFO - Filling up the DagBag from /home/airflow/.local/lib/python3.12/site-packages/airflow/example_dags/example_latest_only.py
[2024-11-18T19:19:33.674+0000] {processor.py:925} INFO - DAG(s) 'latest_only' retrieved from /home/airflow/.local/lib/python3.12/site-packages/airflow/example_dags/example_latest_only.py
[2024-11-18T19:19:33.695+0000] {logging_mixin.py:190} INFO - [2024-11-18T19:19:33.695+0000] {dag.py:3239} INFO - Sync 1 DAGs
[2024-11-18T19:19:33.718+0000] {logging_mixin.py:190} INFO - [2024-11-18T19:19:33.718+0000] {dag.py:4180} INFO - Setting next_dagrun for latest_only to 2024-11-18 12:00:00+00:00, run_after=2024-11-18 16:00:00+00:00
[2024-11-18T19:19:33.736+0000] {processor.py:208} INFO - Processing /home/airflow/.local/lib/python3.12/site-packages/airflow/example_dags/example_latest_only.py took 0.079 seconds
[2024-11-18T19:20:04.071+0000] {processor.py:186} INFO - Started process (PID=2238) to work on /home/airflow/.local/lib/python3.12/site-packages/airflow/example_dags/example_latest_only.py
[2024-11-18T19:20:04.072+0000] {processor.py:914} INFO - Processing file /home/airflow/.local/lib/python3.12/site-packages/airflow/example_dags/example_latest_only.py for tasks to queue
[2024-11-18T19:20:04.074+0000] {logging_mixin.py:190} INFO - [2024-11-18T19:20:04.074+0000] {dagbag.py:588} INFO - Filling up the DagBag from /home/airflow/.local/lib/python3.12/site-packages/airflow/example_dags/example_latest_only.py
[2024-11-18T19:20:04.081+0000] {processor.py:925} INFO - DAG(s) 'latest_only' retrieved from /home/airflow/.local/lib/python3.12/site-packages/airflow/example_dags/example_latest_only.py
[2024-11-18T19:20:04.101+0000] {logging_mixin.py:190} INFO - [2024-11-18T19:20:04.100+0000] {dag.py:3239} INFO - Sync 1 DAGs
[2024-11-18T19:20:04.124+0000] {logging_mixin.py:190} INFO - [2024-11-18T19:20:04.124+0000] {dag.py:4180} INFO - Setting next_dagrun for latest_only to 2024-11-18 12:00:00+00:00, run_after=2024-11-18 16:00:00+00:00
[2024-11-18T19:20:04.141+0000] {processor.py:208} INFO - Processing /home/airflow/.local/lib/python3.12/site-packages/airflow/example_dags/example_latest_only.py took 0.076 seconds
[2024-11-18T19:20:34.305+0000] {processor.py:186} INFO - Started process (PID=2303) to work on /home/airflow/.local/lib/python3.12/site-packages/airflow/example_dags/example_latest_only.py
[2024-11-18T19:20:34.306+0000] {processor.py:914} INFO - Processing file /home/airflow/.local/lib/python3.12/site-packages/airflow/example_dags/example_latest_only.py for tasks to queue
[2024-11-18T19:20:34.308+0000] {logging_mixin.py:190} INFO - [2024-11-18T19:20:34.308+0000] {dagbag.py:588} INFO - Filling up the DagBag from /home/airflow/.local/lib/python3.12/site-packages/airflow/example_dags/example_latest_only.py
[2024-11-18T19:20:34.314+0000] {processor.py:925} INFO - DAG(s) 'latest_only' retrieved from /home/airflow/.local/lib/python3.12/site-packages/airflow/example_dags/example_latest_only.py
[2024-11-18T19:20:34.329+0000] {logging_mixin.py:190} INFO - [2024-11-18T19:20:34.329+0000] {dag.py:3239} INFO - Sync 1 DAGs
[2024-11-18T19:20:34.355+0000] {logging_mixin.py:190} INFO - [2024-11-18T19:20:34.355+0000] {dag.py:4180} INFO - Setting next_dagrun for latest_only to 2024-11-18 12:00:00+00:00, run_after=2024-11-18 16:00:00+00:00
[2024-11-18T19:20:34.373+0000] {processor.py:208} INFO - Processing /home/airflow/.local/lib/python3.12/site-packages/airflow/example_dags/example_latest_only.py took 0.074 seconds
[2024-11-18T19:21:05.167+0000] {processor.py:186} INFO - Started process (PID=2367) to work on /home/airflow/.local/lib/python3.12/site-packages/airflow/example_dags/example_latest_only.py
[2024-11-18T19:21:05.171+0000] {processor.py:914} INFO - Processing file /home/airflow/.local/lib/python3.12/site-packages/airflow/example_dags/example_latest_only.py for tasks to queue
[2024-11-18T19:21:05.179+0000] {logging_mixin.py:190} INFO - [2024-11-18T19:21:05.179+0000] {dagbag.py:588} INFO - Filling up the DagBag from /home/airflow/.local/lib/python3.12/site-packages/airflow/example_dags/example_latest_only.py
[2024-11-18T19:21:05.186+0000] {processor.py:925} INFO - DAG(s) 'latest_only' retrieved from /home/airflow/.local/lib/python3.12/site-packages/airflow/example_dags/example_latest_only.py
[2024-11-18T19:21:05.217+0000] {logging_mixin.py:190} INFO - [2024-11-18T19:21:05.217+0000] {dag.py:3239} INFO - Sync 1 DAGs
[2024-11-18T19:21:05.250+0000] {logging_mixin.py:190} INFO - [2024-11-18T19:21:05.250+0000] {dag.py:4180} INFO - Setting next_dagrun for latest_only to 2024-11-18 12:00:00+00:00, run_after=2024-11-18 16:00:00+00:00
[2024-11-18T19:21:05.287+0000] {processor.py:208} INFO - Processing /home/airflow/.local/lib/python3.12/site-packages/airflow/example_dags/example_latest_only.py took 0.129 seconds
[2024-11-18T19:21:35.823+0000] {processor.py:186} INFO - Started process (PID=2432) to work on /home/airflow/.local/lib/python3.12/site-packages/airflow/example_dags/example_latest_only.py
[2024-11-18T19:21:35.824+0000] {processor.py:914} INFO - Processing file /home/airflow/.local/lib/python3.12/site-packages/airflow/example_dags/example_latest_only.py for tasks to queue
[2024-11-18T19:21:35.826+0000] {logging_mixin.py:190} INFO - [2024-11-18T19:21:35.825+0000] {dagbag.py:588} INFO - Filling up the DagBag from /home/airflow/.local/lib/python3.12/site-packages/airflow/example_dags/example_latest_only.py
[2024-11-18T19:21:35.833+0000] {processor.py:925} INFO - DAG(s) 'latest_only' retrieved from /home/airflow/.local/lib/python3.12/site-packages/airflow/example_dags/example_latest_only.py
[2024-11-18T19:21:35.862+0000] {logging_mixin.py:190} INFO - [2024-11-18T19:21:35.862+0000] {dag.py:3239} INFO - Sync 1 DAGs
[2024-11-18T19:21:35.887+0000] {logging_mixin.py:190} INFO - [2024-11-18T19:21:35.887+0000] {dag.py:4180} INFO - Setting next_dagrun for latest_only to 2024-11-18 12:00:00+00:00, run_after=2024-11-18 16:00:00+00:00
[2024-11-18T19:21:35.909+0000] {processor.py:208} INFO - Processing /home/airflow/.local/lib/python3.12/site-packages/airflow/example_dags/example_latest_only.py took 0.112 seconds
[2024-11-18T19:22:06.190+0000] {processor.py:186} INFO - Started process (PID=2496) to work on /home/airflow/.local/lib/python3.12/site-packages/airflow/example_dags/example_latest_only.py
[2024-11-18T19:22:06.190+0000] {processor.py:914} INFO - Processing file /home/airflow/.local/lib/python3.12/site-packages/airflow/example_dags/example_latest_only.py for tasks to queue
[2024-11-18T19:22:06.193+0000] {logging_mixin.py:190} INFO - [2024-11-18T19:22:06.192+0000] {dagbag.py:588} INFO - Filling up the DagBag from /home/airflow/.local/lib/python3.12/site-packages/airflow/example_dags/example_latest_only.py
[2024-11-18T19:22:06.200+0000] {processor.py:925} INFO - DAG(s) 'latest_only' retrieved from /home/airflow/.local/lib/python3.12/site-packages/airflow/example_dags/example_latest_only.py
[2024-11-18T19:22:06.219+0000] {logging_mixin.py:190} INFO - [2024-11-18T19:22:06.219+0000] {dag.py:3239} INFO - Sync 1 DAGs
[2024-11-18T19:22:06.242+0000] {logging_mixin.py:190} INFO - [2024-11-18T19:22:06.242+0000] {dag.py:4180} INFO - Setting next_dagrun for latest_only to 2024-11-18 12:00:00+00:00, run_after=2024-11-18 16:00:00+00:00
[2024-11-18T19:22:06.261+0000] {processor.py:208} INFO - Processing /home/airflow/.local/lib/python3.12/site-packages/airflow/example_dags/example_latest_only.py took 0.077 seconds
[2024-11-18T19:22:38.391+0000] {processor.py:186} INFO - Started process (PID=2560) to work on /home/airflow/.local/lib/python3.12/site-packages/airflow/example_dags/example_latest_only.py
[2024-11-18T19:22:38.392+0000] {processor.py:914} INFO - Processing file /home/airflow/.local/lib/python3.12/site-packages/airflow/example_dags/example_latest_only.py for tasks to queue
[2024-11-18T19:22:38.394+0000] {logging_mixin.py:190} INFO - [2024-11-18T19:22:38.394+0000] {dagbag.py:588} INFO - Filling up the DagBag from /home/airflow/.local/lib/python3.12/site-packages/airflow/example_dags/example_latest_only.py
[2024-11-18T19:22:38.400+0000] {processor.py:925} INFO - DAG(s) 'latest_only' retrieved from /home/airflow/.local/lib/python3.12/site-packages/airflow/example_dags/example_latest_only.py
[2024-11-18T19:22:38.418+0000] {logging_mixin.py:190} INFO - [2024-11-18T19:22:38.418+0000] {dag.py:3239} INFO - Sync 1 DAGs
[2024-11-18T19:22:38.443+0000] {logging_mixin.py:190} INFO - [2024-11-18T19:22:38.442+0000] {dag.py:4180} INFO - Setting next_dagrun for latest_only to 2024-11-18 12:00:00+00:00, run_after=2024-11-18 16:00:00+00:00
[2024-11-18T19:22:38.461+0000] {processor.py:208} INFO - Processing /home/airflow/.local/lib/python3.12/site-packages/airflow/example_dags/example_latest_only.py took 0.084 seconds
[2024-11-18T19:23:10.500+0000] {processor.py:186} INFO - Started process (PID=2625) to work on /home/airflow/.local/lib/python3.12/site-packages/airflow/example_dags/example_latest_only.py
[2024-11-18T19:23:10.511+0000] {processor.py:914} INFO - Processing file /home/airflow/.local/lib/python3.12/site-packages/airflow/example_dags/example_latest_only.py for tasks to queue
[2024-11-18T19:23:10.513+0000] {logging_mixin.py:190} INFO - [2024-11-18T19:23:10.512+0000] {dagbag.py:588} INFO - Filling up the DagBag from /home/airflow/.local/lib/python3.12/site-packages/airflow/example_dags/example_latest_only.py
[2024-11-18T19:23:10.523+0000] {processor.py:925} INFO - DAG(s) 'latest_only' retrieved from /home/airflow/.local/lib/python3.12/site-packages/airflow/example_dags/example_latest_only.py
[2024-11-18T19:23:10.565+0000] {logging_mixin.py:190} INFO - [2024-11-18T19:23:10.565+0000] {dag.py:3239} INFO - Sync 1 DAGs
[2024-11-18T19:23:10.632+0000] {logging_mixin.py:190} INFO - [2024-11-18T19:23:10.631+0000] {dag.py:4180} INFO - Setting next_dagrun for latest_only to 2024-11-18 12:00:00+00:00, run_after=2024-11-18 16:00:00+00:00
[2024-11-18T19:23:10.659+0000] {processor.py:208} INFO - Processing /home/airflow/.local/lib/python3.12/site-packages/airflow/example_dags/example_latest_only.py took 0.165 seconds
[2024-11-18T19:23:40.919+0000] {processor.py:186} INFO - Started process (PID=2688) to work on /home/airflow/.local/lib/python3.12/site-packages/airflow/example_dags/example_latest_only.py
[2024-11-18T19:23:40.920+0000] {processor.py:914} INFO - Processing file /home/airflow/.local/lib/python3.12/site-packages/airflow/example_dags/example_latest_only.py for tasks to queue
[2024-11-18T19:23:40.922+0000] {logging_mixin.py:190} INFO - [2024-11-18T19:23:40.921+0000] {dagbag.py:588} INFO - Filling up the DagBag from /home/airflow/.local/lib/python3.12/site-packages/airflow/example_dags/example_latest_only.py
[2024-11-18T19:23:40.929+0000] {processor.py:925} INFO - DAG(s) 'latest_only' retrieved from /home/airflow/.local/lib/python3.12/site-packages/airflow/example_dags/example_latest_only.py
[2024-11-18T19:23:40.947+0000] {logging_mixin.py:190} INFO - [2024-11-18T19:23:40.946+0000] {dag.py:3239} INFO - Sync 1 DAGs
[2024-11-18T19:23:40.972+0000] {logging_mixin.py:190} INFO - [2024-11-18T19:23:40.971+0000] {dag.py:4180} INFO - Setting next_dagrun for latest_only to 2024-11-18 12:00:00+00:00, run_after=2024-11-18 16:00:00+00:00
[2024-11-18T19:23:40.994+0000] {processor.py:208} INFO - Processing /home/airflow/.local/lib/python3.12/site-packages/airflow/example_dags/example_latest_only.py took 0.081 seconds
[2024-11-18T19:24:11.591+0000] {processor.py:186} INFO - Started process (PID=2751) to work on /home/airflow/.local/lib/python3.12/site-packages/airflow/example_dags/example_latest_only.py
[2024-11-18T19:24:11.592+0000] {processor.py:914} INFO - Processing file /home/airflow/.local/lib/python3.12/site-packages/airflow/example_dags/example_latest_only.py for tasks to queue
[2024-11-18T19:24:11.594+0000] {logging_mixin.py:190} INFO - [2024-11-18T19:24:11.594+0000] {dagbag.py:588} INFO - Filling up the DagBag from /home/airflow/.local/lib/python3.12/site-packages/airflow/example_dags/example_latest_only.py
[2024-11-18T19:24:11.601+0000] {processor.py:925} INFO - DAG(s) 'latest_only' retrieved from /home/airflow/.local/lib/python3.12/site-packages/airflow/example_dags/example_latest_only.py
[2024-11-18T19:24:11.620+0000] {logging_mixin.py:190} INFO - [2024-11-18T19:24:11.620+0000] {dag.py:3239} INFO - Sync 1 DAGs
[2024-11-18T19:24:11.646+0000] {logging_mixin.py:190} INFO - [2024-11-18T19:24:11.646+0000] {dag.py:4180} INFO - Setting next_dagrun for latest_only to 2024-11-18 12:00:00+00:00, run_after=2024-11-18 16:00:00+00:00
[2024-11-18T19:24:11.672+0000] {processor.py:208} INFO - Processing /home/airflow/.local/lib/python3.12/site-packages/airflow/example_dags/example_latest_only.py took 0.087 seconds
[2024-11-18T19:24:41.740+0000] {processor.py:186} INFO - Started process (PID=2814) to work on /home/airflow/.local/lib/python3.12/site-packages/airflow/example_dags/example_latest_only.py
[2024-11-18T19:24:41.741+0000] {processor.py:914} INFO - Processing file /home/airflow/.local/lib/python3.12/site-packages/airflow/example_dags/example_latest_only.py for tasks to queue
[2024-11-18T19:24:41.743+0000] {logging_mixin.py:190} INFO - [2024-11-18T19:24:41.742+0000] {dagbag.py:588} INFO - Filling up the DagBag from /home/airflow/.local/lib/python3.12/site-packages/airflow/example_dags/example_latest_only.py
[2024-11-18T19:24:41.748+0000] {processor.py:925} INFO - DAG(s) 'latest_only' retrieved from /home/airflow/.local/lib/python3.12/site-packages/airflow/example_dags/example_latest_only.py
[2024-11-18T19:24:41.763+0000] {logging_mixin.py:190} INFO - [2024-11-18T19:24:41.763+0000] {dag.py:3239} INFO - Sync 1 DAGs
[2024-11-18T19:24:41.780+0000] {logging_mixin.py:190} INFO - [2024-11-18T19:24:41.780+0000] {dag.py:4180} INFO - Setting next_dagrun for latest_only to 2024-11-18 12:00:00+00:00, run_after=2024-11-18 16:00:00+00:00
[2024-11-18T19:24:41.800+0000] {processor.py:208} INFO - Processing /home/airflow/.local/lib/python3.12/site-packages/airflow/example_dags/example_latest_only.py took 0.064 seconds
[2024-11-18T19:25:11.989+0000] {processor.py:186} INFO - Started process (PID=2878) to work on /home/airflow/.local/lib/python3.12/site-packages/airflow/example_dags/example_latest_only.py
[2024-11-18T19:25:11.990+0000] {processor.py:914} INFO - Processing file /home/airflow/.local/lib/python3.12/site-packages/airflow/example_dags/example_latest_only.py for tasks to queue
[2024-11-18T19:25:11.992+0000] {logging_mixin.py:190} INFO - [2024-11-18T19:25:11.992+0000] {dagbag.py:588} INFO - Filling up the DagBag from /home/airflow/.local/lib/python3.12/site-packages/airflow/example_dags/example_latest_only.py
[2024-11-18T19:25:11.999+0000] {processor.py:925} INFO - DAG(s) 'latest_only' retrieved from /home/airflow/.local/lib/python3.12/site-packages/airflow/example_dags/example_latest_only.py
[2024-11-18T19:25:12.018+0000] {logging_mixin.py:190} INFO - [2024-11-18T19:25:12.018+0000] {dag.py:3239} INFO - Sync 1 DAGs
[2024-11-18T19:25:12.044+0000] {logging_mixin.py:190} INFO - [2024-11-18T19:25:12.044+0000] {dag.py:4180} INFO - Setting next_dagrun for latest_only to 2024-11-18 12:00:00+00:00, run_after=2024-11-18 16:00:00+00:00
[2024-11-18T19:25:12.068+0000] {processor.py:208} INFO - Processing /home/airflow/.local/lib/python3.12/site-packages/airflow/example_dags/example_latest_only.py took 0.084 seconds
[2024-11-18T19:25:42.278+0000] {processor.py:186} INFO - Started process (PID=2942) to work on /home/airflow/.local/lib/python3.12/site-packages/airflow/example_dags/example_latest_only.py
[2024-11-18T19:25:42.279+0000] {processor.py:914} INFO - Processing file /home/airflow/.local/lib/python3.12/site-packages/airflow/example_dags/example_latest_only.py for tasks to queue
[2024-11-18T19:25:42.281+0000] {logging_mixin.py:190} INFO - [2024-11-18T19:25:42.280+0000] {dagbag.py:588} INFO - Filling up the DagBag from /home/airflow/.local/lib/python3.12/site-packages/airflow/example_dags/example_latest_only.py
[2024-11-18T19:25:42.287+0000] {processor.py:925} INFO - DAG(s) 'latest_only' retrieved from /home/airflow/.local/lib/python3.12/site-packages/airflow/example_dags/example_latest_only.py
[2024-11-18T19:25:42.306+0000] {logging_mixin.py:190} INFO - [2024-11-18T19:25:42.306+0000] {dag.py:3239} INFO - Sync 1 DAGs
[2024-11-18T19:25:42.332+0000] {logging_mixin.py:190} INFO - [2024-11-18T19:25:42.332+0000] {dag.py:4180} INFO - Setting next_dagrun for latest_only to 2024-11-18 12:00:00+00:00, run_after=2024-11-18 16:00:00+00:00
[2024-11-18T19:25:42.354+0000] {processor.py:208} INFO - Processing /home/airflow/.local/lib/python3.12/site-packages/airflow/example_dags/example_latest_only.py took 0.082 seconds
[2024-11-18T19:26:12.809+0000] {processor.py:186} INFO - Started process (PID=3006) to work on /home/airflow/.local/lib/python3.12/site-packages/airflow/example_dags/example_latest_only.py
[2024-11-18T19:26:12.810+0000] {processor.py:914} INFO - Processing file /home/airflow/.local/lib/python3.12/site-packages/airflow/example_dags/example_latest_only.py for tasks to queue
[2024-11-18T19:26:12.812+0000] {logging_mixin.py:190} INFO - [2024-11-18T19:26:12.811+0000] {dagbag.py:588} INFO - Filling up the DagBag from /home/airflow/.local/lib/python3.12/site-packages/airflow/example_dags/example_latest_only.py
[2024-11-18T19:26:12.818+0000] {processor.py:925} INFO - DAG(s) 'latest_only' retrieved from /home/airflow/.local/lib/python3.12/site-packages/airflow/example_dags/example_latest_only.py
[2024-11-18T19:26:12.837+0000] {logging_mixin.py:190} INFO - [2024-11-18T19:26:12.837+0000] {dag.py:3239} INFO - Sync 1 DAGs
[2024-11-18T19:26:12.881+0000] {logging_mixin.py:190} INFO - [2024-11-18T19:26:12.881+0000] {dag.py:4180} INFO - Setting next_dagrun for latest_only to 2024-11-18 12:00:00+00:00, run_after=2024-11-18 16:00:00+00:00
[2024-11-18T19:26:12.902+0000] {processor.py:208} INFO - Processing /home/airflow/.local/lib/python3.12/site-packages/airflow/example_dags/example_latest_only.py took 0.099 seconds
[2024-11-18T19:26:43.520+0000] {processor.py:186} INFO - Started process (PID=3071) to work on /home/airflow/.local/lib/python3.12/site-packages/airflow/example_dags/example_latest_only.py
[2024-11-18T19:26:43.520+0000] {processor.py:914} INFO - Processing file /home/airflow/.local/lib/python3.12/site-packages/airflow/example_dags/example_latest_only.py for tasks to queue
[2024-11-18T19:26:43.522+0000] {logging_mixin.py:190} INFO - [2024-11-18T19:26:43.521+0000] {dagbag.py:588} INFO - Filling up the DagBag from /home/airflow/.local/lib/python3.12/site-packages/airflow/example_dags/example_latest_only.py
[2024-11-18T19:26:43.527+0000] {processor.py:925} INFO - DAG(s) 'latest_only' retrieved from /home/airflow/.local/lib/python3.12/site-packages/airflow/example_dags/example_latest_only.py
[2024-11-18T19:26:43.541+0000] {logging_mixin.py:190} INFO - [2024-11-18T19:26:43.541+0000] {dag.py:3239} INFO - Sync 1 DAGs
[2024-11-18T19:26:43.559+0000] {logging_mixin.py:190} INFO - [2024-11-18T19:26:43.559+0000] {dag.py:4180} INFO - Setting next_dagrun for latest_only to 2024-11-18 12:00:00+00:00, run_after=2024-11-18 16:00:00+00:00
[2024-11-18T19:26:43.578+0000] {processor.py:208} INFO - Processing /home/airflow/.local/lib/python3.12/site-packages/airflow/example_dags/example_latest_only.py took 0.063 seconds
[2024-11-18T19:27:14.213+0000] {processor.py:186} INFO - Started process (PID=3135) to work on /home/airflow/.local/lib/python3.12/site-packages/airflow/example_dags/example_latest_only.py
[2024-11-18T19:27:14.213+0000] {processor.py:914} INFO - Processing file /home/airflow/.local/lib/python3.12/site-packages/airflow/example_dags/example_latest_only.py for tasks to queue
[2024-11-18T19:27:14.215+0000] {logging_mixin.py:190} INFO - [2024-11-18T19:27:14.215+0000] {dagbag.py:588} INFO - Filling up the DagBag from /home/airflow/.local/lib/python3.12/site-packages/airflow/example_dags/example_latest_only.py
[2024-11-18T19:27:14.222+0000] {processor.py:925} INFO - DAG(s) 'latest_only' retrieved from /home/airflow/.local/lib/python3.12/site-packages/airflow/example_dags/example_latest_only.py
[2024-11-18T19:27:14.241+0000] {logging_mixin.py:190} INFO - [2024-11-18T19:27:14.241+0000] {dag.py:3239} INFO - Sync 1 DAGs
[2024-11-18T19:27:14.267+0000] {logging_mixin.py:190} INFO - [2024-11-18T19:27:14.267+0000] {dag.py:4180} INFO - Setting next_dagrun for latest_only to 2024-11-18 12:00:00+00:00, run_after=2024-11-18 16:00:00+00:00
[2024-11-18T19:27:14.286+0000] {processor.py:208} INFO - Processing /home/airflow/.local/lib/python3.12/site-packages/airflow/example_dags/example_latest_only.py took 0.080 seconds
[2024-11-18T19:27:44.718+0000] {processor.py:186} INFO - Started process (PID=3200) to work on /home/airflow/.local/lib/python3.12/site-packages/airflow/example_dags/example_latest_only.py
[2024-11-18T19:27:44.719+0000] {processor.py:914} INFO - Processing file /home/airflow/.local/lib/python3.12/site-packages/airflow/example_dags/example_latest_only.py for tasks to queue
[2024-11-18T19:27:44.721+0000] {logging_mixin.py:190} INFO - [2024-11-18T19:27:44.721+0000] {dagbag.py:588} INFO - Filling up the DagBag from /home/airflow/.local/lib/python3.12/site-packages/airflow/example_dags/example_latest_only.py
[2024-11-18T19:27:44.728+0000] {processor.py:925} INFO - DAG(s) 'latest_only' retrieved from /home/airflow/.local/lib/python3.12/site-packages/airflow/example_dags/example_latest_only.py
[2024-11-18T19:27:44.747+0000] {logging_mixin.py:190} INFO - [2024-11-18T19:27:44.747+0000] {dag.py:3239} INFO - Sync 1 DAGs
[2024-11-18T19:27:44.782+0000] {logging_mixin.py:190} INFO - [2024-11-18T19:27:44.781+0000] {dag.py:4180} INFO - Setting next_dagrun for latest_only to 2024-11-18 12:00:00+00:00, run_after=2024-11-18 16:00:00+00:00
[2024-11-18T19:27:44.816+0000] {processor.py:208} INFO - Processing /home/airflow/.local/lib/python3.12/site-packages/airflow/example_dags/example_latest_only.py took 0.104 seconds
[2024-11-18T19:28:15.172+0000] {processor.py:186} INFO - Started process (PID=3266) to work on /home/airflow/.local/lib/python3.12/site-packages/airflow/example_dags/example_latest_only.py
[2024-11-18T19:28:15.173+0000] {processor.py:914} INFO - Processing file /home/airflow/.local/lib/python3.12/site-packages/airflow/example_dags/example_latest_only.py for tasks to queue
[2024-11-18T19:28:15.175+0000] {logging_mixin.py:190} INFO - [2024-11-18T19:28:15.174+0000] {dagbag.py:588} INFO - Filling up the DagBag from /home/airflow/.local/lib/python3.12/site-packages/airflow/example_dags/example_latest_only.py
[2024-11-18T19:28:15.182+0000] {processor.py:925} INFO - DAG(s) 'latest_only' retrieved from /home/airflow/.local/lib/python3.12/site-packages/airflow/example_dags/example_latest_only.py
[2024-11-18T19:28:15.208+0000] {logging_mixin.py:190} INFO - [2024-11-18T19:28:15.208+0000] {dag.py:3239} INFO - Sync 1 DAGs
[2024-11-18T19:28:15.259+0000] {logging_mixin.py:190} INFO - [2024-11-18T19:28:15.259+0000] {dag.py:4180} INFO - Setting next_dagrun for latest_only to 2024-11-18 12:00:00+00:00, run_after=2024-11-18 16:00:00+00:00
[2024-11-18T19:28:15.322+0000] {processor.py:208} INFO - Processing /home/airflow/.local/lib/python3.12/site-packages/airflow/example_dags/example_latest_only.py took 0.166 seconds
[2024-11-18T19:28:46.193+0000] {processor.py:186} INFO - Started process (PID=3336) to work on /home/airflow/.local/lib/python3.12/site-packages/airflow/example_dags/example_latest_only.py
[2024-11-18T19:28:46.194+0000] {processor.py:914} INFO - Processing file /home/airflow/.local/lib/python3.12/site-packages/airflow/example_dags/example_latest_only.py for tasks to queue
[2024-11-18T19:28:46.196+0000] {logging_mixin.py:190} INFO - [2024-11-18T19:28:46.196+0000] {dagbag.py:588} INFO - Filling up the DagBag from /home/airflow/.local/lib/python3.12/site-packages/airflow/example_dags/example_latest_only.py
[2024-11-18T19:28:46.204+0000] {processor.py:925} INFO - DAG(s) 'latest_only' retrieved from /home/airflow/.local/lib/python3.12/site-packages/airflow/example_dags/example_latest_only.py
[2024-11-18T19:28:46.227+0000] {logging_mixin.py:190} INFO - [2024-11-18T19:28:46.227+0000] {dag.py:3239} INFO - Sync 1 DAGs
[2024-11-18T19:28:46.255+0000] {logging_mixin.py:190} INFO - [2024-11-18T19:28:46.255+0000] {dag.py:4180} INFO - Setting next_dagrun for latest_only to 2024-11-18 12:00:00+00:00, run_after=2024-11-18 16:00:00+00:00
[2024-11-18T19:28:46.287+0000] {processor.py:208} INFO - Processing /home/airflow/.local/lib/python3.12/site-packages/airflow/example_dags/example_latest_only.py took 0.103 seconds
[2024-11-18T19:29:16.614+0000] {processor.py:186} INFO - Started process (PID=3400) to work on /home/airflow/.local/lib/python3.12/site-packages/airflow/example_dags/example_latest_only.py
[2024-11-18T19:29:16.615+0000] {processor.py:914} INFO - Processing file /home/airflow/.local/lib/python3.12/site-packages/airflow/example_dags/example_latest_only.py for tasks to queue
[2024-11-18T19:29:16.617+0000] {logging_mixin.py:190} INFO - [2024-11-18T19:29:16.617+0000] {dagbag.py:588} INFO - Filling up the DagBag from /home/airflow/.local/lib/python3.12/site-packages/airflow/example_dags/example_latest_only.py
[2024-11-18T19:29:16.624+0000] {processor.py:925} INFO - DAG(s) 'latest_only' retrieved from /home/airflow/.local/lib/python3.12/site-packages/airflow/example_dags/example_latest_only.py
[2024-11-18T19:29:16.643+0000] {logging_mixin.py:190} INFO - [2024-11-18T19:29:16.643+0000] {dag.py:3239} INFO - Sync 1 DAGs
[2024-11-18T19:29:16.669+0000] {logging_mixin.py:190} INFO - [2024-11-18T19:29:16.669+0000] {dag.py:4180} INFO - Setting next_dagrun for latest_only to 2024-11-18 12:00:00+00:00, run_after=2024-11-18 16:00:00+00:00
[2024-11-18T19:29:16.690+0000] {processor.py:208} INFO - Processing /home/airflow/.local/lib/python3.12/site-packages/airflow/example_dags/example_latest_only.py took 0.082 seconds
[2024-11-18T19:29:47.369+0000] {processor.py:186} INFO - Started process (PID=3464) to work on /home/airflow/.local/lib/python3.12/site-packages/airflow/example_dags/example_latest_only.py
[2024-11-18T19:29:47.370+0000] {processor.py:914} INFO - Processing file /home/airflow/.local/lib/python3.12/site-packages/airflow/example_dags/example_latest_only.py for tasks to queue
[2024-11-18T19:29:47.372+0000] {logging_mixin.py:190} INFO - [2024-11-18T19:29:47.372+0000] {dagbag.py:588} INFO - Filling up the DagBag from /home/airflow/.local/lib/python3.12/site-packages/airflow/example_dags/example_latest_only.py
[2024-11-18T19:29:47.379+0000] {processor.py:925} INFO - DAG(s) 'latest_only' retrieved from /home/airflow/.local/lib/python3.12/site-packages/airflow/example_dags/example_latest_only.py
[2024-11-18T19:29:47.411+0000] {logging_mixin.py:190} INFO - [2024-11-18T19:29:47.411+0000] {dag.py:3239} INFO - Sync 1 DAGs
[2024-11-18T19:29:47.458+0000] {logging_mixin.py:190} INFO - [2024-11-18T19:29:47.455+0000] {dag.py:4180} INFO - Setting next_dagrun for latest_only to 2024-11-18 12:00:00+00:00, run_after=2024-11-18 16:00:00+00:00
[2024-11-18T19:29:47.491+0000] {processor.py:208} INFO - Processing /home/airflow/.local/lib/python3.12/site-packages/airflow/example_dags/example_latest_only.py took 0.129 seconds
[2024-11-18T19:30:17.738+0000] {processor.py:186} INFO - Started process (PID=3528) to work on /home/airflow/.local/lib/python3.12/site-packages/airflow/example_dags/example_latest_only.py
[2024-11-18T19:30:17.739+0000] {processor.py:914} INFO - Processing file /home/airflow/.local/lib/python3.12/site-packages/airflow/example_dags/example_latest_only.py for tasks to queue
[2024-11-18T19:30:17.741+0000] {logging_mixin.py:190} INFO - [2024-11-18T19:30:17.740+0000] {dagbag.py:588} INFO - Filling up the DagBag from /home/airflow/.local/lib/python3.12/site-packages/airflow/example_dags/example_latest_only.py
[2024-11-18T19:30:17.747+0000] {processor.py:925} INFO - DAG(s) 'latest_only' retrieved from /home/airflow/.local/lib/python3.12/site-packages/airflow/example_dags/example_latest_only.py
[2024-11-18T19:30:17.766+0000] {logging_mixin.py:190} INFO - [2024-11-18T19:30:17.766+0000] {dag.py:3239} INFO - Sync 1 DAGs
[2024-11-18T19:30:17.789+0000] {logging_mixin.py:190} INFO - [2024-11-18T19:30:17.789+0000] {dag.py:4180} INFO - Setting next_dagrun for latest_only to 2024-11-18 12:00:00+00:00, run_after=2024-11-18 16:00:00+00:00
[2024-11-18T19:30:17.810+0000] {processor.py:208} INFO - Processing /home/airflow/.local/lib/python3.12/site-packages/airflow/example_dags/example_latest_only.py took 0.077 seconds
