[2024-11-18T19:02:08.274+0000] {processor.py:186} INFO - Started process (PID=67) to work on /home/airflow/.local/lib/python3.12/site-packages/airflow/example_dags/example_xcomargs.py
[2024-11-18T19:02:08.318+0000] {processor.py:914} INFO - Processing file /home/airflow/.local/lib/python3.12/site-packages/airflow/example_dags/example_xcomargs.py for tasks to queue
[2024-11-18T19:02:08.329+0000] {logging_mixin.py:190} INFO - [2024-11-18T19:02:08.328+0000] {dagbag.py:588} INFO - Filling up the DagBag from /home/airflow/.local/lib/python3.12/site-packages/airflow/example_dags/example_xcomargs.py
[2024-11-18T19:02:08.491+0000] {processor.py:925} INFO - DAG(s) 'example_xcom_args_with_operators', 'example_xcom_args' retrieved from /home/airflow/.local/lib/python3.12/site-packages/airflow/example_dags/example_xcomargs.py
[2024-11-18T19:02:08.915+0000] {logging_mixin.py:190} INFO - [2024-11-18T19:02:08.915+0000] {dag.py:3239} INFO - Sync 2 DAGs
[2024-11-18T19:02:09.050+0000] {logging_mixin.py:190} INFO - [2024-11-18T19:02:09.048+0000] {dag.py:4180} INFO - Setting next_dagrun for example_xcom_args to None, run_after=None
[2024-11-18T19:02:09.068+0000] {logging_mixin.py:190} INFO - [2024-11-18T19:02:09.067+0000] {dag.py:4180} INFO - Setting next_dagrun for example_xcom_args_with_operators to None, run_after=None
[2024-11-18T19:02:09.176+0000] {processor.py:208} INFO - Processing /home/airflow/.local/lib/python3.12/site-packages/airflow/example_dags/example_xcomargs.py took 0.924 seconds
[2024-11-18T19:02:47.861+0000] {processor.py:186} INFO - Started process (PID=131) to work on /home/airflow/.local/lib/python3.12/site-packages/airflow/example_dags/example_xcomargs.py
[2024-11-18T19:02:47.903+0000] {processor.py:914} INFO - Processing file /home/airflow/.local/lib/python3.12/site-packages/airflow/example_dags/example_xcomargs.py for tasks to queue
[2024-11-18T19:02:47.906+0000] {logging_mixin.py:190} INFO - [2024-11-18T19:02:47.906+0000] {dagbag.py:588} INFO - Filling up the DagBag from /home/airflow/.local/lib/python3.12/site-packages/airflow/example_dags/example_xcomargs.py
[2024-11-18T19:02:47.929+0000] {processor.py:925} INFO - DAG(s) 'example_xcom_args_with_operators', 'example_xcom_args' retrieved from /home/airflow/.local/lib/python3.12/site-packages/airflow/example_dags/example_xcomargs.py
[2024-11-18T19:02:48.059+0000] {logging_mixin.py:190} INFO - [2024-11-18T19:02:48.058+0000] {dag.py:3239} INFO - Sync 2 DAGs
[2024-11-18T19:02:48.170+0000] {logging_mixin.py:190} INFO - [2024-11-18T19:02:48.166+0000] {dag.py:4180} INFO - Setting next_dagrun for example_xcom_args to None, run_after=None
[2024-11-18T19:02:48.193+0000] {logging_mixin.py:190} INFO - [2024-11-18T19:02:48.193+0000] {dag.py:4180} INFO - Setting next_dagrun for example_xcom_args_with_operators to None, run_after=None
[2024-11-18T19:02:48.243+0000] {processor.py:208} INFO - Processing /home/airflow/.local/lib/python3.12/site-packages/airflow/example_dags/example_xcomargs.py took 0.394 seconds
[2024-11-18T19:03:23.910+0000] {processor.py:186} INFO - Started process (PID=201) to work on /home/airflow/.local/lib/python3.12/site-packages/airflow/example_dags/example_xcomargs.py
[2024-11-18T19:03:23.958+0000] {processor.py:914} INFO - Processing file /home/airflow/.local/lib/python3.12/site-packages/airflow/example_dags/example_xcomargs.py for tasks to queue
[2024-11-18T19:03:23.961+0000] {logging_mixin.py:190} INFO - [2024-11-18T19:03:23.961+0000] {dagbag.py:588} INFO - Filling up the DagBag from /home/airflow/.local/lib/python3.12/site-packages/airflow/example_dags/example_xcomargs.py
[2024-11-18T19:03:24.059+0000] {processor.py:925} INFO - DAG(s) 'example_xcom_args', 'example_xcom_args_with_operators' retrieved from /home/airflow/.local/lib/python3.12/site-packages/airflow/example_dags/example_xcomargs.py
[2024-11-18T19:03:24.291+0000] {logging_mixin.py:190} INFO - [2024-11-18T19:03:24.290+0000] {dag.py:3239} INFO - Sync 2 DAGs
[2024-11-18T19:03:24.450+0000] {logging_mixin.py:190} INFO - [2024-11-18T19:03:24.446+0000] {dag.py:4180} INFO - Setting next_dagrun for example_xcom_args to None, run_after=None
[2024-11-18T19:03:24.535+0000] {logging_mixin.py:190} INFO - [2024-11-18T19:03:24.535+0000] {dag.py:4180} INFO - Setting next_dagrun for example_xcom_args_with_operators to None, run_after=None
[2024-11-18T19:03:24.746+0000] {processor.py:208} INFO - Processing /home/airflow/.local/lib/python3.12/site-packages/airflow/example_dags/example_xcomargs.py took 0.861 seconds
[2024-11-18T19:04:13.605+0000] {processor.py:186} INFO - Started process (PID=235) to work on /home/airflow/.local/lib/python3.12/site-packages/airflow/example_dags/example_xcomargs.py
[2024-11-18T19:04:13.627+0000] {processor.py:914} INFO - Processing file /home/airflow/.local/lib/python3.12/site-packages/airflow/example_dags/example_xcomargs.py for tasks to queue
[2024-11-18T19:04:13.629+0000] {logging_mixin.py:190} INFO - [2024-11-18T19:04:13.629+0000] {dagbag.py:588} INFO - Filling up the DagBag from /home/airflow/.local/lib/python3.12/site-packages/airflow/example_dags/example_xcomargs.py
[2024-11-18T19:04:13.668+0000] {processor.py:925} INFO - DAG(s) 'example_xcom_args_with_operators', 'example_xcom_args' retrieved from /home/airflow/.local/lib/python3.12/site-packages/airflow/example_dags/example_xcomargs.py
[2024-11-18T19:04:13.763+0000] {logging_mixin.py:190} INFO - [2024-11-18T19:04:13.763+0000] {dag.py:3239} INFO - Sync 2 DAGs
[2024-11-18T19:04:13.831+0000] {logging_mixin.py:190} INFO - [2024-11-18T19:04:13.831+0000] {dag.py:4180} INFO - Setting next_dagrun for example_xcom_args to None, run_after=None
[2024-11-18T19:04:13.851+0000] {logging_mixin.py:190} INFO - [2024-11-18T19:04:13.851+0000] {dag.py:4180} INFO - Setting next_dagrun for example_xcom_args_with_operators to None, run_after=None
[2024-11-18T19:04:13.915+0000] {processor.py:208} INFO - Processing /home/airflow/.local/lib/python3.12/site-packages/airflow/example_dags/example_xcomargs.py took 0.373 seconds
[2024-11-18T19:04:44.226+0000] {processor.py:186} INFO - Started process (PID=299) to work on /home/airflow/.local/lib/python3.12/site-packages/airflow/example_dags/example_xcomargs.py
[2024-11-18T19:04:44.226+0000] {processor.py:914} INFO - Processing file /home/airflow/.local/lib/python3.12/site-packages/airflow/example_dags/example_xcomargs.py for tasks to queue
[2024-11-18T19:04:44.228+0000] {logging_mixin.py:190} INFO - [2024-11-18T19:04:44.227+0000] {dagbag.py:588} INFO - Filling up the DagBag from /home/airflow/.local/lib/python3.12/site-packages/airflow/example_dags/example_xcomargs.py
[2024-11-18T19:04:44.236+0000] {processor.py:925} INFO - DAG(s) 'example_xcom_args_with_operators', 'example_xcom_args' retrieved from /home/airflow/.local/lib/python3.12/site-packages/airflow/example_dags/example_xcomargs.py
[2024-11-18T19:04:44.253+0000] {logging_mixin.py:190} INFO - [2024-11-18T19:04:44.253+0000] {dag.py:3239} INFO - Sync 2 DAGs
[2024-11-18T19:04:44.265+0000] {logging_mixin.py:190} INFO - [2024-11-18T19:04:44.265+0000] {dag.py:4180} INFO - Setting next_dagrun for example_xcom_args to None, run_after=None
[2024-11-18T19:04:44.268+0000] {logging_mixin.py:190} INFO - [2024-11-18T19:04:44.267+0000] {dag.py:4180} INFO - Setting next_dagrun for example_xcom_args_with_operators to None, run_after=None
[2024-11-18T19:04:44.287+0000] {processor.py:208} INFO - Processing /home/airflow/.local/lib/python3.12/site-packages/airflow/example_dags/example_xcomargs.py took 0.065 seconds
[2024-11-18T19:05:14.701+0000] {processor.py:186} INFO - Started process (PID=362) to work on /home/airflow/.local/lib/python3.12/site-packages/airflow/example_dags/example_xcomargs.py
[2024-11-18T19:05:14.702+0000] {processor.py:914} INFO - Processing file /home/airflow/.local/lib/python3.12/site-packages/airflow/example_dags/example_xcomargs.py for tasks to queue
[2024-11-18T19:05:14.704+0000] {logging_mixin.py:190} INFO - [2024-11-18T19:05:14.703+0000] {dagbag.py:588} INFO - Filling up the DagBag from /home/airflow/.local/lib/python3.12/site-packages/airflow/example_dags/example_xcomargs.py
[2024-11-18T19:05:14.714+0000] {processor.py:925} INFO - DAG(s) 'example_xcom_args_with_operators', 'example_xcom_args' retrieved from /home/airflow/.local/lib/python3.12/site-packages/airflow/example_dags/example_xcomargs.py
[2024-11-18T19:05:14.738+0000] {logging_mixin.py:190} INFO - [2024-11-18T19:05:14.738+0000] {dag.py:3239} INFO - Sync 2 DAGs
[2024-11-18T19:05:14.755+0000] {logging_mixin.py:190} INFO - [2024-11-18T19:05:14.755+0000] {dag.py:4180} INFO - Setting next_dagrun for example_xcom_args to None, run_after=None
[2024-11-18T19:05:14.758+0000] {logging_mixin.py:190} INFO - [2024-11-18T19:05:14.758+0000] {dag.py:4180} INFO - Setting next_dagrun for example_xcom_args_with_operators to None, run_after=None
[2024-11-18T19:05:14.777+0000] {processor.py:208} INFO - Processing /home/airflow/.local/lib/python3.12/site-packages/airflow/example_dags/example_xcomargs.py took 0.082 seconds
[2024-11-18T19:05:45.399+0000] {processor.py:186} INFO - Started process (PID=427) to work on /home/airflow/.local/lib/python3.12/site-packages/airflow/example_dags/example_xcomargs.py
[2024-11-18T19:05:45.400+0000] {processor.py:914} INFO - Processing file /home/airflow/.local/lib/python3.12/site-packages/airflow/example_dags/example_xcomargs.py for tasks to queue
[2024-11-18T19:05:45.402+0000] {logging_mixin.py:190} INFO - [2024-11-18T19:05:45.402+0000] {dagbag.py:588} INFO - Filling up the DagBag from /home/airflow/.local/lib/python3.12/site-packages/airflow/example_dags/example_xcomargs.py
[2024-11-18T19:05:45.413+0000] {processor.py:925} INFO - DAG(s) 'example_xcom_args_with_operators', 'example_xcom_args' retrieved from /home/airflow/.local/lib/python3.12/site-packages/airflow/example_dags/example_xcomargs.py
[2024-11-18T19:05:45.437+0000] {logging_mixin.py:190} INFO - [2024-11-18T19:05:45.437+0000] {dag.py:3239} INFO - Sync 2 DAGs
[2024-11-18T19:05:45.454+0000] {logging_mixin.py:190} INFO - [2024-11-18T19:05:45.454+0000] {dag.py:4180} INFO - Setting next_dagrun for example_xcom_args to None, run_after=None
[2024-11-18T19:05:45.458+0000] {logging_mixin.py:190} INFO - [2024-11-18T19:05:45.458+0000] {dag.py:4180} INFO - Setting next_dagrun for example_xcom_args_with_operators to None, run_after=None
[2024-11-18T19:05:45.485+0000] {processor.py:208} INFO - Processing /home/airflow/.local/lib/python3.12/site-packages/airflow/example_dags/example_xcomargs.py took 0.091 seconds
[2024-11-18T19:06:15.929+0000] {processor.py:186} INFO - Started process (PID=490) to work on /home/airflow/.local/lib/python3.12/site-packages/airflow/example_dags/example_xcomargs.py
[2024-11-18T19:06:15.940+0000] {processor.py:914} INFO - Processing file /home/airflow/.local/lib/python3.12/site-packages/airflow/example_dags/example_xcomargs.py for tasks to queue
[2024-11-18T19:06:15.951+0000] {logging_mixin.py:190} INFO - [2024-11-18T19:06:15.942+0000] {dagbag.py:588} INFO - Filling up the DagBag from /home/airflow/.local/lib/python3.12/site-packages/airflow/example_dags/example_xcomargs.py
[2024-11-18T19:06:15.971+0000] {processor.py:925} INFO - DAG(s) 'example_xcom_args', 'example_xcom_args_with_operators' retrieved from /home/airflow/.local/lib/python3.12/site-packages/airflow/example_dags/example_xcomargs.py
[2024-11-18T19:06:16.017+0000] {logging_mixin.py:190} INFO - [2024-11-18T19:06:16.016+0000] {dag.py:3239} INFO - Sync 2 DAGs
[2024-11-18T19:06:16.033+0000] {logging_mixin.py:190} INFO - [2024-11-18T19:06:16.032+0000] {dag.py:4180} INFO - Setting next_dagrun for example_xcom_args to None, run_after=None
[2024-11-18T19:06:16.047+0000] {logging_mixin.py:190} INFO - [2024-11-18T19:06:16.047+0000] {dag.py:4180} INFO - Setting next_dagrun for example_xcom_args_with_operators to None, run_after=None
[2024-11-18T19:06:16.102+0000] {processor.py:208} INFO - Processing /home/airflow/.local/lib/python3.12/site-packages/airflow/example_dags/example_xcomargs.py took 0.190 seconds
[2024-11-18T19:06:46.281+0000] {processor.py:186} INFO - Started process (PID=555) to work on /home/airflow/.local/lib/python3.12/site-packages/airflow/example_dags/example_xcomargs.py
[2024-11-18T19:06:46.281+0000] {processor.py:914} INFO - Processing file /home/airflow/.local/lib/python3.12/site-packages/airflow/example_dags/example_xcomargs.py for tasks to queue
[2024-11-18T19:06:46.284+0000] {logging_mixin.py:190} INFO - [2024-11-18T19:06:46.283+0000] {dagbag.py:588} INFO - Filling up the DagBag from /home/airflow/.local/lib/python3.12/site-packages/airflow/example_dags/example_xcomargs.py
[2024-11-18T19:06:46.294+0000] {processor.py:925} INFO - DAG(s) 'example_xcom_args_with_operators', 'example_xcom_args' retrieved from /home/airflow/.local/lib/python3.12/site-packages/airflow/example_dags/example_xcomargs.py
[2024-11-18T19:06:46.319+0000] {logging_mixin.py:190} INFO - [2024-11-18T19:06:46.319+0000] {dag.py:3239} INFO - Sync 2 DAGs
[2024-11-18T19:06:46.336+0000] {logging_mixin.py:190} INFO - [2024-11-18T19:06:46.336+0000] {dag.py:4180} INFO - Setting next_dagrun for example_xcom_args to None, run_after=None
[2024-11-18T19:06:46.340+0000] {logging_mixin.py:190} INFO - [2024-11-18T19:06:46.340+0000] {dag.py:4180} INFO - Setting next_dagrun for example_xcom_args_with_operators to None, run_after=None
[2024-11-18T19:06:46.409+0000] {processor.py:208} INFO - Processing /home/airflow/.local/lib/python3.12/site-packages/airflow/example_dags/example_xcomargs.py took 0.134 seconds
[2024-11-18T19:07:16.856+0000] {processor.py:186} INFO - Started process (PID=619) to work on /home/airflow/.local/lib/python3.12/site-packages/airflow/example_dags/example_xcomargs.py
[2024-11-18T19:07:16.857+0000] {processor.py:914} INFO - Processing file /home/airflow/.local/lib/python3.12/site-packages/airflow/example_dags/example_xcomargs.py for tasks to queue
[2024-11-18T19:07:16.859+0000] {logging_mixin.py:190} INFO - [2024-11-18T19:07:16.859+0000] {dagbag.py:588} INFO - Filling up the DagBag from /home/airflow/.local/lib/python3.12/site-packages/airflow/example_dags/example_xcomargs.py
[2024-11-18T19:07:16.869+0000] {processor.py:925} INFO - DAG(s) 'example_xcom_args_with_operators', 'example_xcom_args' retrieved from /home/airflow/.local/lib/python3.12/site-packages/airflow/example_dags/example_xcomargs.py
[2024-11-18T19:07:16.893+0000] {logging_mixin.py:190} INFO - [2024-11-18T19:07:16.893+0000] {dag.py:3239} INFO - Sync 2 DAGs
[2024-11-18T19:07:16.910+0000] {logging_mixin.py:190} INFO - [2024-11-18T19:07:16.910+0000] {dag.py:4180} INFO - Setting next_dagrun for example_xcom_args to None, run_after=None
[2024-11-18T19:07:16.913+0000] {logging_mixin.py:190} INFO - [2024-11-18T19:07:16.913+0000] {dag.py:4180} INFO - Setting next_dagrun for example_xcom_args_with_operators to None, run_after=None
[2024-11-18T19:07:16.932+0000] {processor.py:208} INFO - Processing /home/airflow/.local/lib/python3.12/site-packages/airflow/example_dags/example_xcomargs.py took 0.083 seconds
[2024-11-18T19:07:47.719+0000] {processor.py:186} INFO - Started process (PID=684) to work on /home/airflow/.local/lib/python3.12/site-packages/airflow/example_dags/example_xcomargs.py
[2024-11-18T19:07:47.723+0000] {processor.py:914} INFO - Processing file /home/airflow/.local/lib/python3.12/site-packages/airflow/example_dags/example_xcomargs.py for tasks to queue
[2024-11-18T19:07:47.725+0000] {logging_mixin.py:190} INFO - [2024-11-18T19:07:47.724+0000] {dagbag.py:588} INFO - Filling up the DagBag from /home/airflow/.local/lib/python3.12/site-packages/airflow/example_dags/example_xcomargs.py
[2024-11-18T19:07:47.751+0000] {processor.py:925} INFO - DAG(s) 'example_xcom_args', 'example_xcom_args_with_operators' retrieved from /home/airflow/.local/lib/python3.12/site-packages/airflow/example_dags/example_xcomargs.py
[2024-11-18T19:07:47.786+0000] {logging_mixin.py:190} INFO - [2024-11-18T19:07:47.786+0000] {dag.py:3239} INFO - Sync 2 DAGs
[2024-11-18T19:07:47.817+0000] {logging_mixin.py:190} INFO - [2024-11-18T19:07:47.816+0000] {dag.py:4180} INFO - Setting next_dagrun for example_xcom_args to None, run_after=None
[2024-11-18T19:07:47.820+0000] {logging_mixin.py:190} INFO - [2024-11-18T19:07:47.820+0000] {dag.py:4180} INFO - Setting next_dagrun for example_xcom_args_with_operators to None, run_after=None
[2024-11-18T19:07:47.852+0000] {processor.py:208} INFO - Processing /home/airflow/.local/lib/python3.12/site-packages/airflow/example_dags/example_xcomargs.py took 0.151 seconds
[2024-11-18T19:08:18.522+0000] {processor.py:186} INFO - Started process (PID=749) to work on /home/airflow/.local/lib/python3.12/site-packages/airflow/example_dags/example_xcomargs.py
[2024-11-18T19:08:18.523+0000] {processor.py:914} INFO - Processing file /home/airflow/.local/lib/python3.12/site-packages/airflow/example_dags/example_xcomargs.py for tasks to queue
[2024-11-18T19:08:18.525+0000] {logging_mixin.py:190} INFO - [2024-11-18T19:08:18.525+0000] {dagbag.py:588} INFO - Filling up the DagBag from /home/airflow/.local/lib/python3.12/site-packages/airflow/example_dags/example_xcomargs.py
[2024-11-18T19:08:18.536+0000] {processor.py:925} INFO - DAG(s) 'example_xcom_args_with_operators', 'example_xcom_args' retrieved from /home/airflow/.local/lib/python3.12/site-packages/airflow/example_dags/example_xcomargs.py
[2024-11-18T19:08:18.576+0000] {logging_mixin.py:190} INFO - [2024-11-18T19:08:18.576+0000] {dag.py:3239} INFO - Sync 2 DAGs
[2024-11-18T19:08:18.606+0000] {logging_mixin.py:190} INFO - [2024-11-18T19:08:18.605+0000] {dag.py:4180} INFO - Setting next_dagrun for example_xcom_args to None, run_after=None
[2024-11-18T19:08:18.609+0000] {logging_mixin.py:190} INFO - [2024-11-18T19:08:18.609+0000] {dag.py:4180} INFO - Setting next_dagrun for example_xcom_args_with_operators to None, run_after=None
[2024-11-18T19:08:18.640+0000] {processor.py:208} INFO - Processing /home/airflow/.local/lib/python3.12/site-packages/airflow/example_dags/example_xcomargs.py took 0.123 seconds
[2024-11-18T19:08:49.437+0000] {processor.py:186} INFO - Started process (PID=813) to work on /home/airflow/.local/lib/python3.12/site-packages/airflow/example_dags/example_xcomargs.py
[2024-11-18T19:08:49.438+0000] {processor.py:914} INFO - Processing file /home/airflow/.local/lib/python3.12/site-packages/airflow/example_dags/example_xcomargs.py for tasks to queue
[2024-11-18T19:08:49.440+0000] {logging_mixin.py:190} INFO - [2024-11-18T19:08:49.440+0000] {dagbag.py:588} INFO - Filling up the DagBag from /home/airflow/.local/lib/python3.12/site-packages/airflow/example_dags/example_xcomargs.py
[2024-11-18T19:08:49.451+0000] {processor.py:925} INFO - DAG(s) 'example_xcom_args_with_operators', 'example_xcom_args' retrieved from /home/airflow/.local/lib/python3.12/site-packages/airflow/example_dags/example_xcomargs.py
[2024-11-18T19:08:49.476+0000] {logging_mixin.py:190} INFO - [2024-11-18T19:08:49.476+0000] {dag.py:3239} INFO - Sync 2 DAGs
[2024-11-18T19:08:49.490+0000] {logging_mixin.py:190} INFO - [2024-11-18T19:08:49.489+0000] {dag.py:4180} INFO - Setting next_dagrun for example_xcom_args to None, run_after=None
[2024-11-18T19:08:49.493+0000] {logging_mixin.py:190} INFO - [2024-11-18T19:08:49.493+0000] {dag.py:4180} INFO - Setting next_dagrun for example_xcom_args_with_operators to None, run_after=None
[2024-11-18T19:08:49.510+0000] {processor.py:208} INFO - Processing /home/airflow/.local/lib/python3.12/site-packages/airflow/example_dags/example_xcomargs.py took 0.079 seconds
[2024-11-18T19:09:19.782+0000] {processor.py:186} INFO - Started process (PID=877) to work on /home/airflow/.local/lib/python3.12/site-packages/airflow/example_dags/example_xcomargs.py
[2024-11-18T19:09:19.783+0000] {processor.py:914} INFO - Processing file /home/airflow/.local/lib/python3.12/site-packages/airflow/example_dags/example_xcomargs.py for tasks to queue
[2024-11-18T19:09:19.785+0000] {logging_mixin.py:190} INFO - [2024-11-18T19:09:19.784+0000] {dagbag.py:588} INFO - Filling up the DagBag from /home/airflow/.local/lib/python3.12/site-packages/airflow/example_dags/example_xcomargs.py
[2024-11-18T19:09:19.795+0000] {processor.py:925} INFO - DAG(s) 'example_xcom_args_with_operators', 'example_xcom_args' retrieved from /home/airflow/.local/lib/python3.12/site-packages/airflow/example_dags/example_xcomargs.py
[2024-11-18T19:09:19.820+0000] {logging_mixin.py:190} INFO - [2024-11-18T19:09:19.820+0000] {dag.py:3239} INFO - Sync 2 DAGs
[2024-11-18T19:09:19.836+0000] {logging_mixin.py:190} INFO - [2024-11-18T19:09:19.836+0000] {dag.py:4180} INFO - Setting next_dagrun for example_xcom_args to None, run_after=None
[2024-11-18T19:09:19.840+0000] {logging_mixin.py:190} INFO - [2024-11-18T19:09:19.840+0000] {dag.py:4180} INFO - Setting next_dagrun for example_xcom_args_with_operators to None, run_after=None
[2024-11-18T19:09:19.857+0000] {processor.py:208} INFO - Processing /home/airflow/.local/lib/python3.12/site-packages/airflow/example_dags/example_xcomargs.py took 0.082 seconds
[2024-11-18T19:09:49.983+0000] {processor.py:186} INFO - Started process (PID=942) to work on /home/airflow/.local/lib/python3.12/site-packages/airflow/example_dags/example_xcomargs.py
[2024-11-18T19:09:49.984+0000] {processor.py:914} INFO - Processing file /home/airflow/.local/lib/python3.12/site-packages/airflow/example_dags/example_xcomargs.py for tasks to queue
[2024-11-18T19:09:49.986+0000] {logging_mixin.py:190} INFO - [2024-11-18T19:09:49.985+0000] {dagbag.py:588} INFO - Filling up the DagBag from /home/airflow/.local/lib/python3.12/site-packages/airflow/example_dags/example_xcomargs.py
[2024-11-18T19:09:49.996+0000] {processor.py:925} INFO - DAG(s) 'example_xcom_args_with_operators', 'example_xcom_args' retrieved from /home/airflow/.local/lib/python3.12/site-packages/airflow/example_dags/example_xcomargs.py
[2024-11-18T19:09:50.019+0000] {logging_mixin.py:190} INFO - [2024-11-18T19:09:50.019+0000] {dag.py:3239} INFO - Sync 2 DAGs
[2024-11-18T19:09:50.035+0000] {logging_mixin.py:190} INFO - [2024-11-18T19:09:50.035+0000] {dag.py:4180} INFO - Setting next_dagrun for example_xcom_args to None, run_after=None
[2024-11-18T19:09:50.039+0000] {logging_mixin.py:190} INFO - [2024-11-18T19:09:50.038+0000] {dag.py:4180} INFO - Setting next_dagrun for example_xcom_args_with_operators to None, run_after=None
[2024-11-18T19:09:50.059+0000] {processor.py:208} INFO - Processing /home/airflow/.local/lib/python3.12/site-packages/airflow/example_dags/example_xcomargs.py took 0.083 seconds
[2024-11-18T19:10:20.236+0000] {processor.py:186} INFO - Started process (PID=1006) to work on /home/airflow/.local/lib/python3.12/site-packages/airflow/example_dags/example_xcomargs.py
[2024-11-18T19:10:20.237+0000] {processor.py:914} INFO - Processing file /home/airflow/.local/lib/python3.12/site-packages/airflow/example_dags/example_xcomargs.py for tasks to queue
[2024-11-18T19:10:20.239+0000] {logging_mixin.py:190} INFO - [2024-11-18T19:10:20.239+0000] {dagbag.py:588} INFO - Filling up the DagBag from /home/airflow/.local/lib/python3.12/site-packages/airflow/example_dags/example_xcomargs.py
[2024-11-18T19:10:20.249+0000] {processor.py:925} INFO - DAG(s) 'example_xcom_args', 'example_xcom_args_with_operators' retrieved from /home/airflow/.local/lib/python3.12/site-packages/airflow/example_dags/example_xcomargs.py
[2024-11-18T19:10:20.274+0000] {logging_mixin.py:190} INFO - [2024-11-18T19:10:20.273+0000] {dag.py:3239} INFO - Sync 2 DAGs
[2024-11-18T19:10:20.290+0000] {logging_mixin.py:190} INFO - [2024-11-18T19:10:20.290+0000] {dag.py:4180} INFO - Setting next_dagrun for example_xcom_args to None, run_after=None
[2024-11-18T19:10:20.293+0000] {logging_mixin.py:190} INFO - [2024-11-18T19:10:20.293+0000] {dag.py:4180} INFO - Setting next_dagrun for example_xcom_args_with_operators to None, run_after=None
[2024-11-18T19:10:20.311+0000] {processor.py:208} INFO - Processing /home/airflow/.local/lib/python3.12/site-packages/airflow/example_dags/example_xcomargs.py took 0.081 seconds
[2024-11-18T19:10:50.483+0000] {processor.py:186} INFO - Started process (PID=1071) to work on /home/airflow/.local/lib/python3.12/site-packages/airflow/example_dags/example_xcomargs.py
[2024-11-18T19:10:50.484+0000] {processor.py:914} INFO - Processing file /home/airflow/.local/lib/python3.12/site-packages/airflow/example_dags/example_xcomargs.py for tasks to queue
[2024-11-18T19:10:50.486+0000] {logging_mixin.py:190} INFO - [2024-11-18T19:10:50.486+0000] {dagbag.py:588} INFO - Filling up the DagBag from /home/airflow/.local/lib/python3.12/site-packages/airflow/example_dags/example_xcomargs.py
[2024-11-18T19:10:50.496+0000] {processor.py:925} INFO - DAG(s) 'example_xcom_args', 'example_xcom_args_with_operators' retrieved from /home/airflow/.local/lib/python3.12/site-packages/airflow/example_dags/example_xcomargs.py
[2024-11-18T19:10:50.520+0000] {logging_mixin.py:190} INFO - [2024-11-18T19:10:50.520+0000] {dag.py:3239} INFO - Sync 2 DAGs
[2024-11-18T19:10:50.537+0000] {logging_mixin.py:190} INFO - [2024-11-18T19:10:50.537+0000] {dag.py:4180} INFO - Setting next_dagrun for example_xcom_args to None, run_after=None
[2024-11-18T19:10:50.541+0000] {logging_mixin.py:190} INFO - [2024-11-18T19:10:50.541+0000] {dag.py:4180} INFO - Setting next_dagrun for example_xcom_args_with_operators to None, run_after=None
[2024-11-18T19:10:50.560+0000] {processor.py:208} INFO - Processing /home/airflow/.local/lib/python3.12/site-packages/airflow/example_dags/example_xcomargs.py took 0.083 seconds
[2024-11-18T19:11:21.056+0000] {processor.py:186} INFO - Started process (PID=1136) to work on /home/airflow/.local/lib/python3.12/site-packages/airflow/example_dags/example_xcomargs.py
[2024-11-18T19:11:21.056+0000] {processor.py:914} INFO - Processing file /home/airflow/.local/lib/python3.12/site-packages/airflow/example_dags/example_xcomargs.py for tasks to queue
[2024-11-18T19:11:21.058+0000] {logging_mixin.py:190} INFO - [2024-11-18T19:11:21.058+0000] {dagbag.py:588} INFO - Filling up the DagBag from /home/airflow/.local/lib/python3.12/site-packages/airflow/example_dags/example_xcomargs.py
[2024-11-18T19:11:21.069+0000] {processor.py:925} INFO - DAG(s) 'example_xcom_args', 'example_xcom_args_with_operators' retrieved from /home/airflow/.local/lib/python3.12/site-packages/airflow/example_dags/example_xcomargs.py
[2024-11-18T19:11:21.095+0000] {logging_mixin.py:190} INFO - [2024-11-18T19:11:21.094+0000] {dag.py:3239} INFO - Sync 2 DAGs
[2024-11-18T19:11:21.111+0000] {logging_mixin.py:190} INFO - [2024-11-18T19:11:21.111+0000] {dag.py:4180} INFO - Setting next_dagrun for example_xcom_args to None, run_after=None
[2024-11-18T19:11:21.115+0000] {logging_mixin.py:190} INFO - [2024-11-18T19:11:21.115+0000] {dag.py:4180} INFO - Setting next_dagrun for example_xcom_args_with_operators to None, run_after=None
[2024-11-18T19:11:21.137+0000] {processor.py:208} INFO - Processing /home/airflow/.local/lib/python3.12/site-packages/airflow/example_dags/example_xcomargs.py took 0.087 seconds
[2024-11-18T19:11:51.535+0000] {processor.py:186} INFO - Started process (PID=1200) to work on /home/airflow/.local/lib/python3.12/site-packages/airflow/example_dags/example_xcomargs.py
[2024-11-18T19:11:51.536+0000] {processor.py:914} INFO - Processing file /home/airflow/.local/lib/python3.12/site-packages/airflow/example_dags/example_xcomargs.py for tasks to queue
[2024-11-18T19:11:51.538+0000] {logging_mixin.py:190} INFO - [2024-11-18T19:11:51.538+0000] {dagbag.py:588} INFO - Filling up the DagBag from /home/airflow/.local/lib/python3.12/site-packages/airflow/example_dags/example_xcomargs.py
[2024-11-18T19:11:51.549+0000] {processor.py:925} INFO - DAG(s) 'example_xcom_args_with_operators', 'example_xcom_args' retrieved from /home/airflow/.local/lib/python3.12/site-packages/airflow/example_dags/example_xcomargs.py
[2024-11-18T19:11:51.572+0000] {logging_mixin.py:190} INFO - [2024-11-18T19:11:51.572+0000] {dag.py:3239} INFO - Sync 2 DAGs
[2024-11-18T19:11:51.586+0000] {logging_mixin.py:190} INFO - [2024-11-18T19:11:51.586+0000] {dag.py:4180} INFO - Setting next_dagrun for example_xcom_args to None, run_after=None
[2024-11-18T19:11:51.589+0000] {logging_mixin.py:190} INFO - [2024-11-18T19:11:51.589+0000] {dag.py:4180} INFO - Setting next_dagrun for example_xcom_args_with_operators to None, run_after=None
[2024-11-18T19:11:51.620+0000] {processor.py:208} INFO - Processing /home/airflow/.local/lib/python3.12/site-packages/airflow/example_dags/example_xcomargs.py took 0.091 seconds
[2024-11-18T19:12:21.877+0000] {processor.py:186} INFO - Started process (PID=1264) to work on /home/airflow/.local/lib/python3.12/site-packages/airflow/example_dags/example_xcomargs.py
[2024-11-18T19:12:21.878+0000] {processor.py:914} INFO - Processing file /home/airflow/.local/lib/python3.12/site-packages/airflow/example_dags/example_xcomargs.py for tasks to queue
[2024-11-18T19:12:21.880+0000] {logging_mixin.py:190} INFO - [2024-11-18T19:12:21.880+0000] {dagbag.py:588} INFO - Filling up the DagBag from /home/airflow/.local/lib/python3.12/site-packages/airflow/example_dags/example_xcomargs.py
[2024-11-18T19:12:21.891+0000] {processor.py:925} INFO - DAG(s) 'example_xcom_args_with_operators', 'example_xcom_args' retrieved from /home/airflow/.local/lib/python3.12/site-packages/airflow/example_dags/example_xcomargs.py
[2024-11-18T19:12:21.919+0000] {logging_mixin.py:190} INFO - [2024-11-18T19:12:21.919+0000] {dag.py:3239} INFO - Sync 2 DAGs
[2024-11-18T19:12:21.934+0000] {logging_mixin.py:190} INFO - [2024-11-18T19:12:21.934+0000] {dag.py:4180} INFO - Setting next_dagrun for example_xcom_args to None, run_after=None
[2024-11-18T19:12:21.937+0000] {logging_mixin.py:190} INFO - [2024-11-18T19:12:21.937+0000] {dag.py:4180} INFO - Setting next_dagrun for example_xcom_args_with_operators to None, run_after=None
[2024-11-18T19:12:21.955+0000] {processor.py:208} INFO - Processing /home/airflow/.local/lib/python3.12/site-packages/airflow/example_dags/example_xcomargs.py took 0.087 seconds
[2024-11-18T19:12:52.459+0000] {processor.py:186} INFO - Started process (PID=1328) to work on /home/airflow/.local/lib/python3.12/site-packages/airflow/example_dags/example_xcomargs.py
[2024-11-18T19:12:52.460+0000] {processor.py:914} INFO - Processing file /home/airflow/.local/lib/python3.12/site-packages/airflow/example_dags/example_xcomargs.py for tasks to queue
[2024-11-18T19:12:52.462+0000] {logging_mixin.py:190} INFO - [2024-11-18T19:12:52.462+0000] {dagbag.py:588} INFO - Filling up the DagBag from /home/airflow/.local/lib/python3.12/site-packages/airflow/example_dags/example_xcomargs.py
[2024-11-18T19:12:52.472+0000] {processor.py:925} INFO - DAG(s) 'example_xcom_args', 'example_xcom_args_with_operators' retrieved from /home/airflow/.local/lib/python3.12/site-packages/airflow/example_dags/example_xcomargs.py
[2024-11-18T19:12:52.505+0000] {logging_mixin.py:190} INFO - [2024-11-18T19:12:52.504+0000] {dag.py:3239} INFO - Sync 2 DAGs
[2024-11-18T19:12:52.533+0000] {logging_mixin.py:190} INFO - [2024-11-18T19:12:52.532+0000] {dag.py:4180} INFO - Setting next_dagrun for example_xcom_args to None, run_after=None
[2024-11-18T19:12:52.541+0000] {logging_mixin.py:190} INFO - [2024-11-18T19:12:52.540+0000] {dag.py:4180} INFO - Setting next_dagrun for example_xcom_args_with_operators to None, run_after=None
[2024-11-18T19:12:52.577+0000] {processor.py:208} INFO - Processing /home/airflow/.local/lib/python3.12/site-packages/airflow/example_dags/example_xcomargs.py took 0.124 seconds
[2024-11-18T19:13:23.731+0000] {processor.py:186} INFO - Started process (PID=1393) to work on /home/airflow/.local/lib/python3.12/site-packages/airflow/example_dags/example_xcomargs.py
[2024-11-18T19:13:23.732+0000] {processor.py:914} INFO - Processing file /home/airflow/.local/lib/python3.12/site-packages/airflow/example_dags/example_xcomargs.py for tasks to queue
[2024-11-18T19:13:23.734+0000] {logging_mixin.py:190} INFO - [2024-11-18T19:13:23.734+0000] {dagbag.py:588} INFO - Filling up the DagBag from /home/airflow/.local/lib/python3.12/site-packages/airflow/example_dags/example_xcomargs.py
[2024-11-18T19:13:23.744+0000] {processor.py:925} INFO - DAG(s) 'example_xcom_args_with_operators', 'example_xcom_args' retrieved from /home/airflow/.local/lib/python3.12/site-packages/airflow/example_dags/example_xcomargs.py
[2024-11-18T19:13:23.769+0000] {logging_mixin.py:190} INFO - [2024-11-18T19:13:23.769+0000] {dag.py:3239} INFO - Sync 2 DAGs
[2024-11-18T19:13:23.785+0000] {logging_mixin.py:190} INFO - [2024-11-18T19:13:23.785+0000] {dag.py:4180} INFO - Setting next_dagrun for example_xcom_args to None, run_after=None
[2024-11-18T19:13:23.789+0000] {logging_mixin.py:190} INFO - [2024-11-18T19:13:23.789+0000] {dag.py:4180} INFO - Setting next_dagrun for example_xcom_args_with_operators to None, run_after=None
[2024-11-18T19:13:23.808+0000] {processor.py:208} INFO - Processing /home/airflow/.local/lib/python3.12/site-packages/airflow/example_dags/example_xcomargs.py took 0.083 seconds
[2024-11-18T19:13:54.008+0000] {processor.py:186} INFO - Started process (PID=1456) to work on /home/airflow/.local/lib/python3.12/site-packages/airflow/example_dags/example_xcomargs.py
[2024-11-18T19:13:54.008+0000] {processor.py:914} INFO - Processing file /home/airflow/.local/lib/python3.12/site-packages/airflow/example_dags/example_xcomargs.py for tasks to queue
[2024-11-18T19:13:54.025+0000] {logging_mixin.py:190} INFO - [2024-11-18T19:13:54.010+0000] {dagbag.py:588} INFO - Filling up the DagBag from /home/airflow/.local/lib/python3.12/site-packages/airflow/example_dags/example_xcomargs.py
[2024-11-18T19:13:54.063+0000] {processor.py:925} INFO - DAG(s) 'example_xcom_args', 'example_xcom_args_with_operators' retrieved from /home/airflow/.local/lib/python3.12/site-packages/airflow/example_dags/example_xcomargs.py
[2024-11-18T19:13:54.157+0000] {logging_mixin.py:190} INFO - [2024-11-18T19:13:54.157+0000] {dag.py:3239} INFO - Sync 2 DAGs
[2024-11-18T19:13:54.190+0000] {logging_mixin.py:190} INFO - [2024-11-18T19:13:54.190+0000] {dag.py:4180} INFO - Setting next_dagrun for example_xcom_args to None, run_after=None
[2024-11-18T19:13:54.227+0000] {logging_mixin.py:190} INFO - [2024-11-18T19:13:54.227+0000] {dag.py:4180} INFO - Setting next_dagrun for example_xcom_args_with_operators to None, run_after=None
[2024-11-18T19:13:54.279+0000] {processor.py:208} INFO - Processing /home/airflow/.local/lib/python3.12/site-packages/airflow/example_dags/example_xcomargs.py took 0.295 seconds
[2024-11-18T19:14:24.873+0000] {processor.py:186} INFO - Started process (PID=1520) to work on /home/airflow/.local/lib/python3.12/site-packages/airflow/example_dags/example_xcomargs.py
[2024-11-18T19:14:24.875+0000] {processor.py:914} INFO - Processing file /home/airflow/.local/lib/python3.12/site-packages/airflow/example_dags/example_xcomargs.py for tasks to queue
[2024-11-18T19:14:24.879+0000] {logging_mixin.py:190} INFO - [2024-11-18T19:14:24.879+0000] {dagbag.py:588} INFO - Filling up the DagBag from /home/airflow/.local/lib/python3.12/site-packages/airflow/example_dags/example_xcomargs.py
[2024-11-18T19:14:24.898+0000] {processor.py:925} INFO - DAG(s) 'example_xcom_args_with_operators', 'example_xcom_args' retrieved from /home/airflow/.local/lib/python3.12/site-packages/airflow/example_dags/example_xcomargs.py
[2024-11-18T19:14:24.923+0000] {logging_mixin.py:190} INFO - [2024-11-18T19:14:24.923+0000] {dag.py:3239} INFO - Sync 2 DAGs
[2024-11-18T19:14:24.945+0000] {logging_mixin.py:190} INFO - [2024-11-18T19:14:24.945+0000] {dag.py:4180} INFO - Setting next_dagrun for example_xcom_args to None, run_after=None
[2024-11-18T19:14:24.955+0000] {logging_mixin.py:190} INFO - [2024-11-18T19:14:24.955+0000] {dag.py:4180} INFO - Setting next_dagrun for example_xcom_args_with_operators to None, run_after=None
[2024-11-18T19:14:24.977+0000] {processor.py:208} INFO - Processing /home/airflow/.local/lib/python3.12/site-packages/airflow/example_dags/example_xcomargs.py took 0.113 seconds
[2024-11-18T19:14:55.655+0000] {processor.py:186} INFO - Started process (PID=1585) to work on /home/airflow/.local/lib/python3.12/site-packages/airflow/example_dags/example_xcomargs.py
[2024-11-18T19:14:55.655+0000] {processor.py:914} INFO - Processing file /home/airflow/.local/lib/python3.12/site-packages/airflow/example_dags/example_xcomargs.py for tasks to queue
[2024-11-18T19:14:55.665+0000] {logging_mixin.py:190} INFO - [2024-11-18T19:14:55.665+0000] {dagbag.py:588} INFO - Filling up the DagBag from /home/airflow/.local/lib/python3.12/site-packages/airflow/example_dags/example_xcomargs.py
[2024-11-18T19:14:55.700+0000] {processor.py:925} INFO - DAG(s) 'example_xcom_args_with_operators', 'example_xcom_args' retrieved from /home/airflow/.local/lib/python3.12/site-packages/airflow/example_dags/example_xcomargs.py
[2024-11-18T19:14:55.743+0000] {logging_mixin.py:190} INFO - [2024-11-18T19:14:55.743+0000] {dag.py:3239} INFO - Sync 2 DAGs
[2024-11-18T19:14:55.763+0000] {logging_mixin.py:190} INFO - [2024-11-18T19:14:55.763+0000] {dag.py:4180} INFO - Setting next_dagrun for example_xcom_args to None, run_after=None
[2024-11-18T19:14:55.767+0000] {logging_mixin.py:190} INFO - [2024-11-18T19:14:55.767+0000] {dag.py:4180} INFO - Setting next_dagrun for example_xcom_args_with_operators to None, run_after=None
[2024-11-18T19:14:55.794+0000] {processor.py:208} INFO - Processing /home/airflow/.local/lib/python3.12/site-packages/airflow/example_dags/example_xcomargs.py took 0.162 seconds
[2024-11-18T19:15:26.299+0000] {processor.py:186} INFO - Started process (PID=1650) to work on /home/airflow/.local/lib/python3.12/site-packages/airflow/example_dags/example_xcomargs.py
[2024-11-18T19:15:26.300+0000] {processor.py:914} INFO - Processing file /home/airflow/.local/lib/python3.12/site-packages/airflow/example_dags/example_xcomargs.py for tasks to queue
[2024-11-18T19:15:26.307+0000] {logging_mixin.py:190} INFO - [2024-11-18T19:15:26.307+0000] {dagbag.py:588} INFO - Filling up the DagBag from /home/airflow/.local/lib/python3.12/site-packages/airflow/example_dags/example_xcomargs.py
[2024-11-18T19:15:26.340+0000] {processor.py:925} INFO - DAG(s) 'example_xcom_args_with_operators', 'example_xcom_args' retrieved from /home/airflow/.local/lib/python3.12/site-packages/airflow/example_dags/example_xcomargs.py
[2024-11-18T19:15:26.394+0000] {logging_mixin.py:190} INFO - [2024-11-18T19:15:26.393+0000] {dag.py:3239} INFO - Sync 2 DAGs
[2024-11-18T19:15:26.436+0000] {logging_mixin.py:190} INFO - [2024-11-18T19:15:26.436+0000] {dag.py:4180} INFO - Setting next_dagrun for example_xcom_args to None, run_after=None
[2024-11-18T19:15:26.440+0000] {logging_mixin.py:190} INFO - [2024-11-18T19:15:26.440+0000] {dag.py:4180} INFO - Setting next_dagrun for example_xcom_args_with_operators to None, run_after=None
[2024-11-18T19:15:26.476+0000] {processor.py:208} INFO - Processing /home/airflow/.local/lib/python3.12/site-packages/airflow/example_dags/example_xcomargs.py took 0.214 seconds
[2024-11-18T19:15:57.008+0000] {processor.py:186} INFO - Started process (PID=1714) to work on /home/airflow/.local/lib/python3.12/site-packages/airflow/example_dags/example_xcomargs.py
[2024-11-18T19:15:57.008+0000] {processor.py:914} INFO - Processing file /home/airflow/.local/lib/python3.12/site-packages/airflow/example_dags/example_xcomargs.py for tasks to queue
[2024-11-18T19:15:57.012+0000] {logging_mixin.py:190} INFO - [2024-11-18T19:15:57.012+0000] {dagbag.py:588} INFO - Filling up the DagBag from /home/airflow/.local/lib/python3.12/site-packages/airflow/example_dags/example_xcomargs.py
[2024-11-18T19:15:57.023+0000] {processor.py:925} INFO - DAG(s) 'example_xcom_args_with_operators', 'example_xcom_args' retrieved from /home/airflow/.local/lib/python3.12/site-packages/airflow/example_dags/example_xcomargs.py
[2024-11-18T19:15:57.051+0000] {logging_mixin.py:190} INFO - [2024-11-18T19:15:57.050+0000] {dag.py:3239} INFO - Sync 2 DAGs
[2024-11-18T19:15:57.069+0000] {logging_mixin.py:190} INFO - [2024-11-18T19:15:57.069+0000] {dag.py:4180} INFO - Setting next_dagrun for example_xcom_args to None, run_after=None
[2024-11-18T19:15:57.087+0000] {logging_mixin.py:190} INFO - [2024-11-18T19:15:57.087+0000] {dag.py:4180} INFO - Setting next_dagrun for example_xcom_args_with_operators to None, run_after=None
[2024-11-18T19:15:57.167+0000] {processor.py:208} INFO - Processing /home/airflow/.local/lib/python3.12/site-packages/airflow/example_dags/example_xcomargs.py took 0.173 seconds
[2024-11-18T19:16:27.966+0000] {processor.py:186} INFO - Started process (PID=1778) to work on /home/airflow/.local/lib/python3.12/site-packages/airflow/example_dags/example_xcomargs.py
[2024-11-18T19:16:27.966+0000] {processor.py:914} INFO - Processing file /home/airflow/.local/lib/python3.12/site-packages/airflow/example_dags/example_xcomargs.py for tasks to queue
[2024-11-18T19:16:27.969+0000] {logging_mixin.py:190} INFO - [2024-11-18T19:16:27.969+0000] {dagbag.py:588} INFO - Filling up the DagBag from /home/airflow/.local/lib/python3.12/site-packages/airflow/example_dags/example_xcomargs.py
[2024-11-18T19:16:27.982+0000] {processor.py:925} INFO - DAG(s) 'example_xcom_args', 'example_xcom_args_with_operators' retrieved from /home/airflow/.local/lib/python3.12/site-packages/airflow/example_dags/example_xcomargs.py
[2024-11-18T19:16:28.006+0000] {logging_mixin.py:190} INFO - [2024-11-18T19:16:28.005+0000] {dag.py:3239} INFO - Sync 2 DAGs
[2024-11-18T19:16:28.022+0000] {logging_mixin.py:190} INFO - [2024-11-18T19:16:28.022+0000] {dag.py:4180} INFO - Setting next_dagrun for example_xcom_args to None, run_after=None
[2024-11-18T19:16:28.026+0000] {logging_mixin.py:190} INFO - [2024-11-18T19:16:28.026+0000] {dag.py:4180} INFO - Setting next_dagrun for example_xcom_args_with_operators to None, run_after=None
[2024-11-18T19:16:28.042+0000] {processor.py:208} INFO - Processing /home/airflow/.local/lib/python3.12/site-packages/airflow/example_dags/example_xcomargs.py took 0.082 seconds
[2024-11-18T19:16:58.466+0000] {processor.py:186} INFO - Started process (PID=1842) to work on /home/airflow/.local/lib/python3.12/site-packages/airflow/example_dags/example_xcomargs.py
[2024-11-18T19:16:58.467+0000] {processor.py:914} INFO - Processing file /home/airflow/.local/lib/python3.12/site-packages/airflow/example_dags/example_xcomargs.py for tasks to queue
[2024-11-18T19:16:58.470+0000] {logging_mixin.py:190} INFO - [2024-11-18T19:16:58.469+0000] {dagbag.py:588} INFO - Filling up the DagBag from /home/airflow/.local/lib/python3.12/site-packages/airflow/example_dags/example_xcomargs.py
[2024-11-18T19:16:58.480+0000] {processor.py:925} INFO - DAG(s) 'example_xcom_args', 'example_xcom_args_with_operators' retrieved from /home/airflow/.local/lib/python3.12/site-packages/airflow/example_dags/example_xcomargs.py
[2024-11-18T19:16:58.538+0000] {logging_mixin.py:190} INFO - [2024-11-18T19:16:58.538+0000] {dag.py:3239} INFO - Sync 2 DAGs
[2024-11-18T19:16:58.562+0000] {logging_mixin.py:190} INFO - [2024-11-18T19:16:58.562+0000] {dag.py:4180} INFO - Setting next_dagrun for example_xcom_args to None, run_after=None
[2024-11-18T19:16:58.566+0000] {logging_mixin.py:190} INFO - [2024-11-18T19:16:58.566+0000] {dag.py:4180} INFO - Setting next_dagrun for example_xcom_args_with_operators to None, run_after=None
[2024-11-18T19:16:58.603+0000] {processor.py:208} INFO - Processing /home/airflow/.local/lib/python3.12/site-packages/airflow/example_dags/example_xcomargs.py took 0.143 seconds
[2024-11-18T19:17:28.818+0000] {processor.py:186} INFO - Started process (PID=1906) to work on /home/airflow/.local/lib/python3.12/site-packages/airflow/example_dags/example_xcomargs.py
[2024-11-18T19:17:28.819+0000] {processor.py:914} INFO - Processing file /home/airflow/.local/lib/python3.12/site-packages/airflow/example_dags/example_xcomargs.py for tasks to queue
[2024-11-18T19:17:28.821+0000] {logging_mixin.py:190} INFO - [2024-11-18T19:17:28.821+0000] {dagbag.py:588} INFO - Filling up the DagBag from /home/airflow/.local/lib/python3.12/site-packages/airflow/example_dags/example_xcomargs.py
[2024-11-18T19:17:28.832+0000] {processor.py:925} INFO - DAG(s) 'example_xcom_args_with_operators', 'example_xcom_args' retrieved from /home/airflow/.local/lib/python3.12/site-packages/airflow/example_dags/example_xcomargs.py
[2024-11-18T19:17:28.858+0000] {logging_mixin.py:190} INFO - [2024-11-18T19:17:28.858+0000] {dag.py:3239} INFO - Sync 2 DAGs
[2024-11-18T19:17:28.877+0000] {logging_mixin.py:190} INFO - [2024-11-18T19:17:28.877+0000] {dag.py:4180} INFO - Setting next_dagrun for example_xcom_args to None, run_after=None
[2024-11-18T19:17:28.880+0000] {logging_mixin.py:190} INFO - [2024-11-18T19:17:28.880+0000] {dag.py:4180} INFO - Setting next_dagrun for example_xcom_args_with_operators to None, run_after=None
[2024-11-18T19:17:28.923+0000] {processor.py:208} INFO - Processing /home/airflow/.local/lib/python3.12/site-packages/airflow/example_dags/example_xcomargs.py took 0.111 seconds
[2024-11-18T19:17:59.174+0000] {processor.py:186} INFO - Started process (PID=1971) to work on /home/airflow/.local/lib/python3.12/site-packages/airflow/example_dags/example_xcomargs.py
[2024-11-18T19:17:59.174+0000] {processor.py:914} INFO - Processing file /home/airflow/.local/lib/python3.12/site-packages/airflow/example_dags/example_xcomargs.py for tasks to queue
[2024-11-18T19:17:59.177+0000] {logging_mixin.py:190} INFO - [2024-11-18T19:17:59.176+0000] {dagbag.py:588} INFO - Filling up the DagBag from /home/airflow/.local/lib/python3.12/site-packages/airflow/example_dags/example_xcomargs.py
[2024-11-18T19:17:59.187+0000] {processor.py:925} INFO - DAG(s) 'example_xcom_args', 'example_xcom_args_with_operators' retrieved from /home/airflow/.local/lib/python3.12/site-packages/airflow/example_dags/example_xcomargs.py
[2024-11-18T19:17:59.215+0000] {logging_mixin.py:190} INFO - [2024-11-18T19:17:59.215+0000] {dag.py:3239} INFO - Sync 2 DAGs
[2024-11-18T19:17:59.231+0000] {logging_mixin.py:190} INFO - [2024-11-18T19:17:59.231+0000] {dag.py:4180} INFO - Setting next_dagrun for example_xcom_args to None, run_after=None
[2024-11-18T19:17:59.234+0000] {logging_mixin.py:190} INFO - [2024-11-18T19:17:59.234+0000] {dag.py:4180} INFO - Setting next_dagrun for example_xcom_args_with_operators to None, run_after=None
[2024-11-18T19:17:59.255+0000] {processor.py:208} INFO - Processing /home/airflow/.local/lib/python3.12/site-packages/airflow/example_dags/example_xcomargs.py took 0.087 seconds
[2024-11-18T19:18:29.691+0000] {processor.py:186} INFO - Started process (PID=2036) to work on /home/airflow/.local/lib/python3.12/site-packages/airflow/example_dags/example_xcomargs.py
[2024-11-18T19:18:29.691+0000] {processor.py:914} INFO - Processing file /home/airflow/.local/lib/python3.12/site-packages/airflow/example_dags/example_xcomargs.py for tasks to queue
[2024-11-18T19:18:29.694+0000] {logging_mixin.py:190} INFO - [2024-11-18T19:18:29.693+0000] {dagbag.py:588} INFO - Filling up the DagBag from /home/airflow/.local/lib/python3.12/site-packages/airflow/example_dags/example_xcomargs.py
[2024-11-18T19:18:29.705+0000] {processor.py:925} INFO - DAG(s) 'example_xcom_args_with_operators', 'example_xcom_args' retrieved from /home/airflow/.local/lib/python3.12/site-packages/airflow/example_dags/example_xcomargs.py
[2024-11-18T19:18:29.728+0000] {logging_mixin.py:190} INFO - [2024-11-18T19:18:29.728+0000] {dag.py:3239} INFO - Sync 2 DAGs
[2024-11-18T19:18:29.749+0000] {logging_mixin.py:190} INFO - [2024-11-18T19:18:29.749+0000] {dag.py:4180} INFO - Setting next_dagrun for example_xcom_args to None, run_after=None
[2024-11-18T19:18:29.752+0000] {logging_mixin.py:190} INFO - [2024-11-18T19:18:29.752+0000] {dag.py:4180} INFO - Setting next_dagrun for example_xcom_args_with_operators to None, run_after=None
[2024-11-18T19:18:29.779+0000] {processor.py:208} INFO - Processing /home/airflow/.local/lib/python3.12/site-packages/airflow/example_dags/example_xcomargs.py took 0.094 seconds
[2024-11-18T19:18:59.876+0000] {processor.py:186} INFO - Started process (PID=2100) to work on /home/airflow/.local/lib/python3.12/site-packages/airflow/example_dags/example_xcomargs.py
[2024-11-18T19:18:59.876+0000] {processor.py:914} INFO - Processing file /home/airflow/.local/lib/python3.12/site-packages/airflow/example_dags/example_xcomargs.py for tasks to queue
[2024-11-18T19:18:59.879+0000] {logging_mixin.py:190} INFO - [2024-11-18T19:18:59.879+0000] {dagbag.py:588} INFO - Filling up the DagBag from /home/airflow/.local/lib/python3.12/site-packages/airflow/example_dags/example_xcomargs.py
[2024-11-18T19:18:59.889+0000] {processor.py:925} INFO - DAG(s) 'example_xcom_args', 'example_xcom_args_with_operators' retrieved from /home/airflow/.local/lib/python3.12/site-packages/airflow/example_dags/example_xcomargs.py
[2024-11-18T19:18:59.913+0000] {logging_mixin.py:190} INFO - [2024-11-18T19:18:59.913+0000] {dag.py:3239} INFO - Sync 2 DAGs
[2024-11-18T19:18:59.934+0000] {logging_mixin.py:190} INFO - [2024-11-18T19:18:59.934+0000] {dag.py:4180} INFO - Setting next_dagrun for example_xcom_args to None, run_after=None
[2024-11-18T19:18:59.937+0000] {logging_mixin.py:190} INFO - [2024-11-18T19:18:59.937+0000] {dag.py:4180} INFO - Setting next_dagrun for example_xcom_args_with_operators to None, run_after=None
[2024-11-18T19:18:59.953+0000] {processor.py:208} INFO - Processing /home/airflow/.local/lib/python3.12/site-packages/airflow/example_dags/example_xcomargs.py took 0.083 seconds
[2024-11-18T19:19:30.092+0000] {processor.py:186} INFO - Started process (PID=2164) to work on /home/airflow/.local/lib/python3.12/site-packages/airflow/example_dags/example_xcomargs.py
[2024-11-18T19:19:30.092+0000] {processor.py:914} INFO - Processing file /home/airflow/.local/lib/python3.12/site-packages/airflow/example_dags/example_xcomargs.py for tasks to queue
[2024-11-18T19:19:30.095+0000] {logging_mixin.py:190} INFO - [2024-11-18T19:19:30.095+0000] {dagbag.py:588} INFO - Filling up the DagBag from /home/airflow/.local/lib/python3.12/site-packages/airflow/example_dags/example_xcomargs.py
[2024-11-18T19:19:30.106+0000] {processor.py:925} INFO - DAG(s) 'example_xcom_args', 'example_xcom_args_with_operators' retrieved from /home/airflow/.local/lib/python3.12/site-packages/airflow/example_dags/example_xcomargs.py
[2024-11-18T19:19:30.130+0000] {logging_mixin.py:190} INFO - [2024-11-18T19:19:30.130+0000] {dag.py:3239} INFO - Sync 2 DAGs
[2024-11-18T19:19:30.150+0000] {logging_mixin.py:190} INFO - [2024-11-18T19:19:30.150+0000] {dag.py:4180} INFO - Setting next_dagrun for example_xcom_args to None, run_after=None
[2024-11-18T19:19:30.154+0000] {logging_mixin.py:190} INFO - [2024-11-18T19:19:30.154+0000] {dag.py:4180} INFO - Setting next_dagrun for example_xcom_args_with_operators to None, run_after=None
[2024-11-18T19:19:30.178+0000] {processor.py:208} INFO - Processing /home/airflow/.local/lib/python3.12/site-packages/airflow/example_dags/example_xcomargs.py took 0.092 seconds
[2024-11-18T19:20:00.527+0000] {processor.py:186} INFO - Started process (PID=2229) to work on /home/airflow/.local/lib/python3.12/site-packages/airflow/example_dags/example_xcomargs.py
[2024-11-18T19:20:00.528+0000] {processor.py:914} INFO - Processing file /home/airflow/.local/lib/python3.12/site-packages/airflow/example_dags/example_xcomargs.py for tasks to queue
[2024-11-18T19:20:00.530+0000] {logging_mixin.py:190} INFO - [2024-11-18T19:20:00.530+0000] {dagbag.py:588} INFO - Filling up the DagBag from /home/airflow/.local/lib/python3.12/site-packages/airflow/example_dags/example_xcomargs.py
[2024-11-18T19:20:00.541+0000] {processor.py:925} INFO - DAG(s) 'example_xcom_args_with_operators', 'example_xcom_args' retrieved from /home/airflow/.local/lib/python3.12/site-packages/airflow/example_dags/example_xcomargs.py
[2024-11-18T19:20:00.568+0000] {logging_mixin.py:190} INFO - [2024-11-18T19:20:00.568+0000] {dag.py:3239} INFO - Sync 2 DAGs
[2024-11-18T19:20:00.585+0000] {logging_mixin.py:190} INFO - [2024-11-18T19:20:00.585+0000] {dag.py:4180} INFO - Setting next_dagrun for example_xcom_args to None, run_after=None
[2024-11-18T19:20:00.588+0000] {logging_mixin.py:190} INFO - [2024-11-18T19:20:00.588+0000] {dag.py:4180} INFO - Setting next_dagrun for example_xcom_args_with_operators to None, run_after=None
[2024-11-18T19:20:00.608+0000] {processor.py:208} INFO - Processing /home/airflow/.local/lib/python3.12/site-packages/airflow/example_dags/example_xcomargs.py took 0.087 seconds
[2024-11-18T19:20:31.623+0000] {processor.py:186} INFO - Started process (PID=2294) to work on /home/airflow/.local/lib/python3.12/site-packages/airflow/example_dags/example_xcomargs.py
[2024-11-18T19:20:31.623+0000] {processor.py:914} INFO - Processing file /home/airflow/.local/lib/python3.12/site-packages/airflow/example_dags/example_xcomargs.py for tasks to queue
[2024-11-18T19:20:31.625+0000] {logging_mixin.py:190} INFO - [2024-11-18T19:20:31.625+0000] {dagbag.py:588} INFO - Filling up the DagBag from /home/airflow/.local/lib/python3.12/site-packages/airflow/example_dags/example_xcomargs.py
[2024-11-18T19:20:31.634+0000] {processor.py:925} INFO - DAG(s) 'example_xcom_args', 'example_xcom_args_with_operators' retrieved from /home/airflow/.local/lib/python3.12/site-packages/airflow/example_dags/example_xcomargs.py
[2024-11-18T19:20:31.658+0000] {logging_mixin.py:190} INFO - [2024-11-18T19:20:31.658+0000] {dag.py:3239} INFO - Sync 2 DAGs
[2024-11-18T19:20:31.675+0000] {logging_mixin.py:190} INFO - [2024-11-18T19:20:31.674+0000] {dag.py:4180} INFO - Setting next_dagrun for example_xcom_args to None, run_after=None
[2024-11-18T19:20:31.678+0000] {logging_mixin.py:190} INFO - [2024-11-18T19:20:31.678+0000] {dag.py:4180} INFO - Setting next_dagrun for example_xcom_args_with_operators to None, run_after=None
[2024-11-18T19:20:31.699+0000] {processor.py:208} INFO - Processing /home/airflow/.local/lib/python3.12/site-packages/airflow/example_dags/example_xcomargs.py took 0.082 seconds
[2024-11-18T19:21:02.124+0000] {processor.py:186} INFO - Started process (PID=2357) to work on /home/airflow/.local/lib/python3.12/site-packages/airflow/example_dags/example_xcomargs.py
[2024-11-18T19:21:02.125+0000] {processor.py:914} INFO - Processing file /home/airflow/.local/lib/python3.12/site-packages/airflow/example_dags/example_xcomargs.py for tasks to queue
[2024-11-18T19:21:02.132+0000] {logging_mixin.py:190} INFO - [2024-11-18T19:21:02.131+0000] {dagbag.py:588} INFO - Filling up the DagBag from /home/airflow/.local/lib/python3.12/site-packages/airflow/example_dags/example_xcomargs.py
[2024-11-18T19:21:02.150+0000] {processor.py:925} INFO - DAG(s) 'example_xcom_args', 'example_xcom_args_with_operators' retrieved from /home/airflow/.local/lib/python3.12/site-packages/airflow/example_dags/example_xcomargs.py
[2024-11-18T19:21:02.199+0000] {logging_mixin.py:190} INFO - [2024-11-18T19:21:02.199+0000] {dag.py:3239} INFO - Sync 2 DAGs
[2024-11-18T19:21:02.233+0000] {logging_mixin.py:190} INFO - [2024-11-18T19:21:02.233+0000] {dag.py:4180} INFO - Setting next_dagrun for example_xcom_args to None, run_after=None
[2024-11-18T19:21:02.255+0000] {logging_mixin.py:190} INFO - [2024-11-18T19:21:02.255+0000] {dag.py:4180} INFO - Setting next_dagrun for example_xcom_args_with_operators to None, run_after=None
[2024-11-18T19:21:02.307+0000] {processor.py:208} INFO - Processing /home/airflow/.local/lib/python3.12/site-packages/airflow/example_dags/example_xcomargs.py took 0.197 seconds
[2024-11-18T19:21:33.197+0000] {processor.py:186} INFO - Started process (PID=2421) to work on /home/airflow/.local/lib/python3.12/site-packages/airflow/example_dags/example_xcomargs.py
[2024-11-18T19:21:33.198+0000] {processor.py:914} INFO - Processing file /home/airflow/.local/lib/python3.12/site-packages/airflow/example_dags/example_xcomargs.py for tasks to queue
[2024-11-18T19:21:33.200+0000] {logging_mixin.py:190} INFO - [2024-11-18T19:21:33.200+0000] {dagbag.py:588} INFO - Filling up the DagBag from /home/airflow/.local/lib/python3.12/site-packages/airflow/example_dags/example_xcomargs.py
[2024-11-18T19:21:33.210+0000] {processor.py:925} INFO - DAG(s) 'example_xcom_args_with_operators', 'example_xcom_args' retrieved from /home/airflow/.local/lib/python3.12/site-packages/airflow/example_dags/example_xcomargs.py
[2024-11-18T19:21:33.237+0000] {logging_mixin.py:190} INFO - [2024-11-18T19:21:33.236+0000] {dag.py:3239} INFO - Sync 2 DAGs
[2024-11-18T19:21:33.254+0000] {logging_mixin.py:190} INFO - [2024-11-18T19:21:33.254+0000] {dag.py:4180} INFO - Setting next_dagrun for example_xcom_args to None, run_after=None
[2024-11-18T19:21:33.260+0000] {logging_mixin.py:190} INFO - [2024-11-18T19:21:33.260+0000] {dag.py:4180} INFO - Setting next_dagrun for example_xcom_args_with_operators to None, run_after=None
[2024-11-18T19:21:33.284+0000] {processor.py:208} INFO - Processing /home/airflow/.local/lib/python3.12/site-packages/airflow/example_dags/example_xcomargs.py took 0.092 seconds
[2024-11-18T19:22:03.520+0000] {processor.py:186} INFO - Started process (PID=2485) to work on /home/airflow/.local/lib/python3.12/site-packages/airflow/example_dags/example_xcomargs.py
[2024-11-18T19:22:03.526+0000] {processor.py:914} INFO - Processing file /home/airflow/.local/lib/python3.12/site-packages/airflow/example_dags/example_xcomargs.py for tasks to queue
[2024-11-18T19:22:03.535+0000] {logging_mixin.py:190} INFO - [2024-11-18T19:22:03.535+0000] {dagbag.py:588} INFO - Filling up the DagBag from /home/airflow/.local/lib/python3.12/site-packages/airflow/example_dags/example_xcomargs.py
[2024-11-18T19:22:03.549+0000] {processor.py:925} INFO - DAG(s) 'example_xcom_args_with_operators', 'example_xcom_args' retrieved from /home/airflow/.local/lib/python3.12/site-packages/airflow/example_dags/example_xcomargs.py
[2024-11-18T19:22:03.603+0000] {logging_mixin.py:190} INFO - [2024-11-18T19:22:03.603+0000] {dag.py:3239} INFO - Sync 2 DAGs
[2024-11-18T19:22:03.633+0000] {logging_mixin.py:190} INFO - [2024-11-18T19:22:03.633+0000] {dag.py:4180} INFO - Setting next_dagrun for example_xcom_args to None, run_after=None
[2024-11-18T19:22:03.647+0000] {logging_mixin.py:190} INFO - [2024-11-18T19:22:03.647+0000] {dag.py:4180} INFO - Setting next_dagrun for example_xcom_args_with_operators to None, run_after=None
[2024-11-18T19:22:03.682+0000] {processor.py:208} INFO - Processing /home/airflow/.local/lib/python3.12/site-packages/airflow/example_dags/example_xcomargs.py took 0.169 seconds
[2024-11-18T19:22:33.812+0000] {processor.py:186} INFO - Started process (PID=2550) to work on /home/airflow/.local/lib/python3.12/site-packages/airflow/example_dags/example_xcomargs.py
[2024-11-18T19:22:33.813+0000] {processor.py:914} INFO - Processing file /home/airflow/.local/lib/python3.12/site-packages/airflow/example_dags/example_xcomargs.py for tasks to queue
[2024-11-18T19:22:33.815+0000] {logging_mixin.py:190} INFO - [2024-11-18T19:22:33.815+0000] {dagbag.py:588} INFO - Filling up the DagBag from /home/airflow/.local/lib/python3.12/site-packages/airflow/example_dags/example_xcomargs.py
[2024-11-18T19:22:33.825+0000] {processor.py:925} INFO - DAG(s) 'example_xcom_args_with_operators', 'example_xcom_args' retrieved from /home/airflow/.local/lib/python3.12/site-packages/airflow/example_dags/example_xcomargs.py
[2024-11-18T19:22:33.848+0000] {logging_mixin.py:190} INFO - [2024-11-18T19:22:33.847+0000] {dag.py:3239} INFO - Sync 2 DAGs
[2024-11-18T19:22:33.864+0000] {logging_mixin.py:190} INFO - [2024-11-18T19:22:33.864+0000] {dag.py:4180} INFO - Setting next_dagrun for example_xcom_args to None, run_after=None
[2024-11-18T19:22:33.868+0000] {logging_mixin.py:190} INFO - [2024-11-18T19:22:33.868+0000] {dag.py:4180} INFO - Setting next_dagrun for example_xcom_args_with_operators to None, run_after=None
[2024-11-18T19:22:33.903+0000] {processor.py:208} INFO - Processing /home/airflow/.local/lib/python3.12/site-packages/airflow/example_dags/example_xcomargs.py took 0.097 seconds
[2024-11-18T19:23:04.264+0000] {processor.py:186} INFO - Started process (PID=2615) to work on /home/airflow/.local/lib/python3.12/site-packages/airflow/example_dags/example_xcomargs.py
[2024-11-18T19:23:04.264+0000] {processor.py:914} INFO - Processing file /home/airflow/.local/lib/python3.12/site-packages/airflow/example_dags/example_xcomargs.py for tasks to queue
[2024-11-18T19:23:04.267+0000] {logging_mixin.py:190} INFO - [2024-11-18T19:23:04.266+0000] {dagbag.py:588} INFO - Filling up the DagBag from /home/airflow/.local/lib/python3.12/site-packages/airflow/example_dags/example_xcomargs.py
[2024-11-18T19:23:04.277+0000] {processor.py:925} INFO - DAG(s) 'example_xcom_args_with_operators', 'example_xcom_args' retrieved from /home/airflow/.local/lib/python3.12/site-packages/airflow/example_dags/example_xcomargs.py
[2024-11-18T19:23:04.303+0000] {logging_mixin.py:190} INFO - [2024-11-18T19:23:04.302+0000] {dag.py:3239} INFO - Sync 2 DAGs
[2024-11-18T19:23:04.319+0000] {logging_mixin.py:190} INFO - [2024-11-18T19:23:04.319+0000] {dag.py:4180} INFO - Setting next_dagrun for example_xcom_args to None, run_after=None
[2024-11-18T19:23:04.323+0000] {logging_mixin.py:190} INFO - [2024-11-18T19:23:04.323+0000] {dag.py:4180} INFO - Setting next_dagrun for example_xcom_args_with_operators to None, run_after=None
[2024-11-18T19:23:04.346+0000] {processor.py:208} INFO - Processing /home/airflow/.local/lib/python3.12/site-packages/airflow/example_dags/example_xcomargs.py took 0.088 seconds
[2024-11-18T19:23:34.598+0000] {processor.py:186} INFO - Started process (PID=2676) to work on /home/airflow/.local/lib/python3.12/site-packages/airflow/example_dags/example_xcomargs.py
[2024-11-18T19:23:34.599+0000] {processor.py:914} INFO - Processing file /home/airflow/.local/lib/python3.12/site-packages/airflow/example_dags/example_xcomargs.py for tasks to queue
[2024-11-18T19:23:34.601+0000] {logging_mixin.py:190} INFO - [2024-11-18T19:23:34.601+0000] {dagbag.py:588} INFO - Filling up the DagBag from /home/airflow/.local/lib/python3.12/site-packages/airflow/example_dags/example_xcomargs.py
[2024-11-18T19:23:34.613+0000] {processor.py:925} INFO - DAG(s) 'example_xcom_args', 'example_xcom_args_with_operators' retrieved from /home/airflow/.local/lib/python3.12/site-packages/airflow/example_dags/example_xcomargs.py
[2024-11-18T19:23:34.637+0000] {logging_mixin.py:190} INFO - [2024-11-18T19:23:34.637+0000] {dag.py:3239} INFO - Sync 2 DAGs
[2024-11-18T19:23:34.653+0000] {logging_mixin.py:190} INFO - [2024-11-18T19:23:34.653+0000] {dag.py:4180} INFO - Setting next_dagrun for example_xcom_args to None, run_after=None
[2024-11-18T19:23:34.657+0000] {logging_mixin.py:190} INFO - [2024-11-18T19:23:34.656+0000] {dag.py:4180} INFO - Setting next_dagrun for example_xcom_args_with_operators to None, run_after=None
[2024-11-18T19:23:34.675+0000] {processor.py:208} INFO - Processing /home/airflow/.local/lib/python3.12/site-packages/airflow/example_dags/example_xcomargs.py took 0.084 seconds
[2024-11-18T19:24:04.865+0000] {processor.py:186} INFO - Started process (PID=2740) to work on /home/airflow/.local/lib/python3.12/site-packages/airflow/example_dags/example_xcomargs.py
[2024-11-18T19:24:04.865+0000] {processor.py:914} INFO - Processing file /home/airflow/.local/lib/python3.12/site-packages/airflow/example_dags/example_xcomargs.py for tasks to queue
[2024-11-18T19:24:04.867+0000] {logging_mixin.py:190} INFO - [2024-11-18T19:24:04.867+0000] {dagbag.py:588} INFO - Filling up the DagBag from /home/airflow/.local/lib/python3.12/site-packages/airflow/example_dags/example_xcomargs.py
[2024-11-18T19:24:04.877+0000] {processor.py:925} INFO - DAG(s) 'example_xcom_args_with_operators', 'example_xcom_args' retrieved from /home/airflow/.local/lib/python3.12/site-packages/airflow/example_dags/example_xcomargs.py
[2024-11-18T19:24:04.901+0000] {logging_mixin.py:190} INFO - [2024-11-18T19:24:04.901+0000] {dag.py:3239} INFO - Sync 2 DAGs
[2024-11-18T19:24:04.918+0000] {logging_mixin.py:190} INFO - [2024-11-18T19:24:04.917+0000] {dag.py:4180} INFO - Setting next_dagrun for example_xcom_args to None, run_after=None
[2024-11-18T19:24:04.920+0000] {logging_mixin.py:190} INFO - [2024-11-18T19:24:04.920+0000] {dag.py:4180} INFO - Setting next_dagrun for example_xcom_args_with_operators to None, run_after=None
[2024-11-18T19:24:04.940+0000] {processor.py:208} INFO - Processing /home/airflow/.local/lib/python3.12/site-packages/airflow/example_dags/example_xcomargs.py took 0.081 seconds
[2024-11-18T19:24:35.032+0000] {processor.py:186} INFO - Started process (PID=2803) to work on /home/airflow/.local/lib/python3.12/site-packages/airflow/example_dags/example_xcomargs.py
[2024-11-18T19:24:35.033+0000] {processor.py:914} INFO - Processing file /home/airflow/.local/lib/python3.12/site-packages/airflow/example_dags/example_xcomargs.py for tasks to queue
[2024-11-18T19:24:35.035+0000] {logging_mixin.py:190} INFO - [2024-11-18T19:24:35.035+0000] {dagbag.py:588} INFO - Filling up the DagBag from /home/airflow/.local/lib/python3.12/site-packages/airflow/example_dags/example_xcomargs.py
[2024-11-18T19:24:35.045+0000] {processor.py:925} INFO - DAG(s) 'example_xcom_args_with_operators', 'example_xcom_args' retrieved from /home/airflow/.local/lib/python3.12/site-packages/airflow/example_dags/example_xcomargs.py
[2024-11-18T19:24:35.065+0000] {logging_mixin.py:190} INFO - [2024-11-18T19:24:35.065+0000] {dag.py:3239} INFO - Sync 2 DAGs
[2024-11-18T19:24:35.077+0000] {logging_mixin.py:190} INFO - [2024-11-18T19:24:35.077+0000] {dag.py:4180} INFO - Setting next_dagrun for example_xcom_args to None, run_after=None
[2024-11-18T19:24:35.080+0000] {logging_mixin.py:190} INFO - [2024-11-18T19:24:35.080+0000] {dag.py:4180} INFO - Setting next_dagrun for example_xcom_args_with_operators to None, run_after=None
[2024-11-18T19:24:35.098+0000] {processor.py:208} INFO - Processing /home/airflow/.local/lib/python3.12/site-packages/airflow/example_dags/example_xcomargs.py took 0.072 seconds
[2024-11-18T19:25:05.274+0000] {processor.py:186} INFO - Started process (PID=2867) to work on /home/airflow/.local/lib/python3.12/site-packages/airflow/example_dags/example_xcomargs.py
[2024-11-18T19:25:05.275+0000] {processor.py:914} INFO - Processing file /home/airflow/.local/lib/python3.12/site-packages/airflow/example_dags/example_xcomargs.py for tasks to queue
[2024-11-18T19:25:05.277+0000] {logging_mixin.py:190} INFO - [2024-11-18T19:25:05.277+0000] {dagbag.py:588} INFO - Filling up the DagBag from /home/airflow/.local/lib/python3.12/site-packages/airflow/example_dags/example_xcomargs.py
[2024-11-18T19:25:05.288+0000] {processor.py:925} INFO - DAG(s) 'example_xcom_args', 'example_xcom_args_with_operators' retrieved from /home/airflow/.local/lib/python3.12/site-packages/airflow/example_dags/example_xcomargs.py
[2024-11-18T19:25:05.311+0000] {logging_mixin.py:190} INFO - [2024-11-18T19:25:05.311+0000] {dag.py:3239} INFO - Sync 2 DAGs
[2024-11-18T19:25:05.329+0000] {logging_mixin.py:190} INFO - [2024-11-18T19:25:05.328+0000] {dag.py:4180} INFO - Setting next_dagrun for example_xcom_args to None, run_after=None
[2024-11-18T19:25:05.332+0000] {logging_mixin.py:190} INFO - [2024-11-18T19:25:05.332+0000] {dag.py:4180} INFO - Setting next_dagrun for example_xcom_args_with_operators to None, run_after=None
[2024-11-18T19:25:05.363+0000] {processor.py:208} INFO - Processing /home/airflow/.local/lib/python3.12/site-packages/airflow/example_dags/example_xcomargs.py took 0.095 seconds
[2024-11-18T19:25:35.672+0000] {processor.py:186} INFO - Started process (PID=2931) to work on /home/airflow/.local/lib/python3.12/site-packages/airflow/example_dags/example_xcomargs.py
[2024-11-18T19:25:35.673+0000] {processor.py:914} INFO - Processing file /home/airflow/.local/lib/python3.12/site-packages/airflow/example_dags/example_xcomargs.py for tasks to queue
[2024-11-18T19:25:35.675+0000] {logging_mixin.py:190} INFO - [2024-11-18T19:25:35.675+0000] {dagbag.py:588} INFO - Filling up the DagBag from /home/airflow/.local/lib/python3.12/site-packages/airflow/example_dags/example_xcomargs.py
[2024-11-18T19:25:35.686+0000] {processor.py:925} INFO - DAG(s) 'example_xcom_args', 'example_xcom_args_with_operators' retrieved from /home/airflow/.local/lib/python3.12/site-packages/airflow/example_dags/example_xcomargs.py
[2024-11-18T19:25:35.710+0000] {logging_mixin.py:190} INFO - [2024-11-18T19:25:35.710+0000] {dag.py:3239} INFO - Sync 2 DAGs
[2024-11-18T19:25:35.726+0000] {logging_mixin.py:190} INFO - [2024-11-18T19:25:35.726+0000] {dag.py:4180} INFO - Setting next_dagrun for example_xcom_args to None, run_after=None
[2024-11-18T19:25:35.729+0000] {logging_mixin.py:190} INFO - [2024-11-18T19:25:35.729+0000] {dag.py:4180} INFO - Setting next_dagrun for example_xcom_args_with_operators to None, run_after=None
[2024-11-18T19:25:35.747+0000] {processor.py:208} INFO - Processing /home/airflow/.local/lib/python3.12/site-packages/airflow/example_dags/example_xcomargs.py took 0.081 seconds
[2024-11-18T19:26:06.114+0000] {processor.py:186} INFO - Started process (PID=2995) to work on /home/airflow/.local/lib/python3.12/site-packages/airflow/example_dags/example_xcomargs.py
[2024-11-18T19:26:06.114+0000] {processor.py:914} INFO - Processing file /home/airflow/.local/lib/python3.12/site-packages/airflow/example_dags/example_xcomargs.py for tasks to queue
[2024-11-18T19:26:06.116+0000] {logging_mixin.py:190} INFO - [2024-11-18T19:26:06.116+0000] {dagbag.py:588} INFO - Filling up the DagBag from /home/airflow/.local/lib/python3.12/site-packages/airflow/example_dags/example_xcomargs.py
[2024-11-18T19:26:06.127+0000] {processor.py:925} INFO - DAG(s) 'example_xcom_args', 'example_xcom_args_with_operators' retrieved from /home/airflow/.local/lib/python3.12/site-packages/airflow/example_dags/example_xcomargs.py
[2024-11-18T19:26:06.150+0000] {logging_mixin.py:190} INFO - [2024-11-18T19:26:06.150+0000] {dag.py:3239} INFO - Sync 2 DAGs
[2024-11-18T19:26:06.167+0000] {logging_mixin.py:190} INFO - [2024-11-18T19:26:06.167+0000] {dag.py:4180} INFO - Setting next_dagrun for example_xcom_args to None, run_after=None
[2024-11-18T19:26:06.170+0000] {logging_mixin.py:190} INFO - [2024-11-18T19:26:06.170+0000] {dag.py:4180} INFO - Setting next_dagrun for example_xcom_args_with_operators to None, run_after=None
[2024-11-18T19:26:06.189+0000] {processor.py:208} INFO - Processing /home/airflow/.local/lib/python3.12/site-packages/airflow/example_dags/example_xcomargs.py took 0.081 seconds
[2024-11-18T19:26:36.889+0000] {processor.py:186} INFO - Started process (PID=3060) to work on /home/airflow/.local/lib/python3.12/site-packages/airflow/example_dags/example_xcomargs.py
[2024-11-18T19:26:36.890+0000] {processor.py:914} INFO - Processing file /home/airflow/.local/lib/python3.12/site-packages/airflow/example_dags/example_xcomargs.py for tasks to queue
[2024-11-18T19:26:36.893+0000] {logging_mixin.py:190} INFO - [2024-11-18T19:26:36.892+0000] {dagbag.py:588} INFO - Filling up the DagBag from /home/airflow/.local/lib/python3.12/site-packages/airflow/example_dags/example_xcomargs.py
[2024-11-18T19:26:36.903+0000] {processor.py:925} INFO - DAG(s) 'example_xcom_args_with_operators', 'example_xcom_args' retrieved from /home/airflow/.local/lib/python3.12/site-packages/airflow/example_dags/example_xcomargs.py
[2024-11-18T19:26:36.932+0000] {logging_mixin.py:190} INFO - [2024-11-18T19:26:36.931+0000] {dag.py:3239} INFO - Sync 2 DAGs
[2024-11-18T19:26:36.947+0000] {logging_mixin.py:190} INFO - [2024-11-18T19:26:36.947+0000] {dag.py:4180} INFO - Setting next_dagrun for example_xcom_args to None, run_after=None
[2024-11-18T19:26:36.950+0000] {logging_mixin.py:190} INFO - [2024-11-18T19:26:36.950+0000] {dag.py:4180} INFO - Setting next_dagrun for example_xcom_args_with_operators to None, run_after=None
[2024-11-18T19:26:36.974+0000] {processor.py:208} INFO - Processing /home/airflow/.local/lib/python3.12/site-packages/airflow/example_dags/example_xcomargs.py took 0.091 seconds
[2024-11-18T19:27:07.200+0000] {processor.py:186} INFO - Started process (PID=3124) to work on /home/airflow/.local/lib/python3.12/site-packages/airflow/example_dags/example_xcomargs.py
[2024-11-18T19:27:07.210+0000] {processor.py:914} INFO - Processing file /home/airflow/.local/lib/python3.12/site-packages/airflow/example_dags/example_xcomargs.py for tasks to queue
[2024-11-18T19:27:07.213+0000] {logging_mixin.py:190} INFO - [2024-11-18T19:27:07.212+0000] {dagbag.py:588} INFO - Filling up the DagBag from /home/airflow/.local/lib/python3.12/site-packages/airflow/example_dags/example_xcomargs.py
[2024-11-18T19:27:07.231+0000] {processor.py:925} INFO - DAG(s) 'example_xcom_args_with_operators', 'example_xcom_args' retrieved from /home/airflow/.local/lib/python3.12/site-packages/airflow/example_dags/example_xcomargs.py
[2024-11-18T19:27:07.256+0000] {logging_mixin.py:190} INFO - [2024-11-18T19:27:07.256+0000] {dag.py:3239} INFO - Sync 2 DAGs
[2024-11-18T19:27:07.287+0000] {logging_mixin.py:190} INFO - [2024-11-18T19:27:07.286+0000] {dag.py:4180} INFO - Setting next_dagrun for example_xcom_args to None, run_after=None
[2024-11-18T19:27:07.295+0000] {logging_mixin.py:190} INFO - [2024-11-18T19:27:07.295+0000] {dag.py:4180} INFO - Setting next_dagrun for example_xcom_args_with_operators to None, run_after=None
[2024-11-18T19:27:07.330+0000] {processor.py:208} INFO - Processing /home/airflow/.local/lib/python3.12/site-packages/airflow/example_dags/example_xcomargs.py took 0.141 seconds
[2024-11-18T19:27:38.021+0000] {processor.py:186} INFO - Started process (PID=3189) to work on /home/airflow/.local/lib/python3.12/site-packages/airflow/example_dags/example_xcomargs.py
[2024-11-18T19:27:38.022+0000] {processor.py:914} INFO - Processing file /home/airflow/.local/lib/python3.12/site-packages/airflow/example_dags/example_xcomargs.py for tasks to queue
[2024-11-18T19:27:38.025+0000] {logging_mixin.py:190} INFO - [2024-11-18T19:27:38.025+0000] {dagbag.py:588} INFO - Filling up the DagBag from /home/airflow/.local/lib/python3.12/site-packages/airflow/example_dags/example_xcomargs.py
[2024-11-18T19:27:38.046+0000] {processor.py:925} INFO - DAG(s) 'example_xcom_args_with_operators', 'example_xcom_args' retrieved from /home/airflow/.local/lib/python3.12/site-packages/airflow/example_dags/example_xcomargs.py
[2024-11-18T19:27:38.083+0000] {logging_mixin.py:190} INFO - [2024-11-18T19:27:38.083+0000] {dag.py:3239} INFO - Sync 2 DAGs
[2024-11-18T19:27:38.099+0000] {logging_mixin.py:190} INFO - [2024-11-18T19:27:38.099+0000] {dag.py:4180} INFO - Setting next_dagrun for example_xcom_args to None, run_after=None
[2024-11-18T19:27:38.103+0000] {logging_mixin.py:190} INFO - [2024-11-18T19:27:38.103+0000] {dag.py:4180} INFO - Setting next_dagrun for example_xcom_args_with_operators to None, run_after=None
[2024-11-18T19:27:38.120+0000] {processor.py:208} INFO - Processing /home/airflow/.local/lib/python3.12/site-packages/airflow/example_dags/example_xcomargs.py took 0.104 seconds
[2024-11-18T19:28:09.054+0000] {processor.py:186} INFO - Started process (PID=3255) to work on /home/airflow/.local/lib/python3.12/site-packages/airflow/example_dags/example_xcomargs.py
[2024-11-18T19:28:09.054+0000] {processor.py:914} INFO - Processing file /home/airflow/.local/lib/python3.12/site-packages/airflow/example_dags/example_xcomargs.py for tasks to queue
[2024-11-18T19:28:09.056+0000] {logging_mixin.py:190} INFO - [2024-11-18T19:28:09.056+0000] {dagbag.py:588} INFO - Filling up the DagBag from /home/airflow/.local/lib/python3.12/site-packages/airflow/example_dags/example_xcomargs.py
[2024-11-18T19:28:09.084+0000] {processor.py:925} INFO - DAG(s) 'example_xcom_args', 'example_xcom_args_with_operators' retrieved from /home/airflow/.local/lib/python3.12/site-packages/airflow/example_dags/example_xcomargs.py
[2024-11-18T19:28:09.134+0000] {logging_mixin.py:190} INFO - [2024-11-18T19:28:09.133+0000] {dag.py:3239} INFO - Sync 2 DAGs
[2024-11-18T19:28:09.159+0000] {logging_mixin.py:190} INFO - [2024-11-18T19:28:09.159+0000] {dag.py:4180} INFO - Setting next_dagrun for example_xcom_args to None, run_after=None
[2024-11-18T19:28:09.168+0000] {logging_mixin.py:190} INFO - [2024-11-18T19:28:09.167+0000] {dag.py:4180} INFO - Setting next_dagrun for example_xcom_args_with_operators to None, run_after=None
[2024-11-18T19:28:09.215+0000] {processor.py:208} INFO - Processing /home/airflow/.local/lib/python3.12/site-packages/airflow/example_dags/example_xcomargs.py took 0.183 seconds
[2024-11-18T19:28:39.265+0000] {processor.py:186} INFO - Started process (PID=3320) to work on /home/airflow/.local/lib/python3.12/site-packages/airflow/example_dags/example_xcomargs.py
[2024-11-18T19:28:39.266+0000] {processor.py:914} INFO - Processing file /home/airflow/.local/lib/python3.12/site-packages/airflow/example_dags/example_xcomargs.py for tasks to queue
[2024-11-18T19:28:39.269+0000] {logging_mixin.py:190} INFO - [2024-11-18T19:28:39.268+0000] {dagbag.py:588} INFO - Filling up the DagBag from /home/airflow/.local/lib/python3.12/site-packages/airflow/example_dags/example_xcomargs.py
[2024-11-18T19:28:39.279+0000] {processor.py:925} INFO - DAG(s) 'example_xcom_args_with_operators', 'example_xcom_args' retrieved from /home/airflow/.local/lib/python3.12/site-packages/airflow/example_dags/example_xcomargs.py
[2024-11-18T19:28:39.304+0000] {logging_mixin.py:190} INFO - [2024-11-18T19:28:39.304+0000] {dag.py:3239} INFO - Sync 2 DAGs
[2024-11-18T19:28:39.322+0000] {logging_mixin.py:190} INFO - [2024-11-18T19:28:39.322+0000] {dag.py:4180} INFO - Setting next_dagrun for example_xcom_args to None, run_after=None
[2024-11-18T19:28:39.326+0000] {logging_mixin.py:190} INFO - [2024-11-18T19:28:39.326+0000] {dag.py:4180} INFO - Setting next_dagrun for example_xcom_args_with_operators to None, run_after=None
[2024-11-18T19:28:39.362+0000] {processor.py:208} INFO - Processing /home/airflow/.local/lib/python3.12/site-packages/airflow/example_dags/example_xcomargs.py took 0.103 seconds
[2024-11-18T19:29:09.799+0000] {processor.py:186} INFO - Started process (PID=3383) to work on /home/airflow/.local/lib/python3.12/site-packages/airflow/example_dags/example_xcomargs.py
[2024-11-18T19:29:09.800+0000] {processor.py:914} INFO - Processing file /home/airflow/.local/lib/python3.12/site-packages/airflow/example_dags/example_xcomargs.py for tasks to queue
[2024-11-18T19:29:09.802+0000] {logging_mixin.py:190} INFO - [2024-11-18T19:29:09.801+0000] {dagbag.py:588} INFO - Filling up the DagBag from /home/airflow/.local/lib/python3.12/site-packages/airflow/example_dags/example_xcomargs.py
[2024-11-18T19:29:09.812+0000] {processor.py:925} INFO - DAG(s) 'example_xcom_args', 'example_xcom_args_with_operators' retrieved from /home/airflow/.local/lib/python3.12/site-packages/airflow/example_dags/example_xcomargs.py
[2024-11-18T19:29:09.836+0000] {logging_mixin.py:190} INFO - [2024-11-18T19:29:09.835+0000] {dag.py:3239} INFO - Sync 2 DAGs
[2024-11-18T19:29:09.852+0000] {logging_mixin.py:190} INFO - [2024-11-18T19:29:09.852+0000] {dag.py:4180} INFO - Setting next_dagrun for example_xcom_args to None, run_after=None
[2024-11-18T19:29:09.855+0000] {logging_mixin.py:190} INFO - [2024-11-18T19:29:09.855+0000] {dag.py:4180} INFO - Setting next_dagrun for example_xcom_args_with_operators to None, run_after=None
[2024-11-18T19:29:09.880+0000] {processor.py:208} INFO - Processing /home/airflow/.local/lib/python3.12/site-packages/airflow/example_dags/example_xcomargs.py took 0.088 seconds
[2024-11-18T19:29:40.556+0000] {processor.py:186} INFO - Started process (PID=3447) to work on /home/airflow/.local/lib/python3.12/site-packages/airflow/example_dags/example_xcomargs.py
[2024-11-18T19:29:40.557+0000] {processor.py:914} INFO - Processing file /home/airflow/.local/lib/python3.12/site-packages/airflow/example_dags/example_xcomargs.py for tasks to queue
[2024-11-18T19:29:40.559+0000] {logging_mixin.py:190} INFO - [2024-11-18T19:29:40.558+0000] {dagbag.py:588} INFO - Filling up the DagBag from /home/airflow/.local/lib/python3.12/site-packages/airflow/example_dags/example_xcomargs.py
[2024-11-18T19:29:40.569+0000] {processor.py:925} INFO - DAG(s) 'example_xcom_args_with_operators', 'example_xcom_args' retrieved from /home/airflow/.local/lib/python3.12/site-packages/airflow/example_dags/example_xcomargs.py
[2024-11-18T19:29:40.592+0000] {logging_mixin.py:190} INFO - [2024-11-18T19:29:40.592+0000] {dag.py:3239} INFO - Sync 2 DAGs
[2024-11-18T19:29:40.608+0000] {logging_mixin.py:190} INFO - [2024-11-18T19:29:40.608+0000] {dag.py:4180} INFO - Setting next_dagrun for example_xcom_args to None, run_after=None
[2024-11-18T19:29:40.612+0000] {logging_mixin.py:190} INFO - [2024-11-18T19:29:40.612+0000] {dag.py:4180} INFO - Setting next_dagrun for example_xcom_args_with_operators to None, run_after=None
[2024-11-18T19:29:40.635+0000] {processor.py:208} INFO - Processing /home/airflow/.local/lib/python3.12/site-packages/airflow/example_dags/example_xcomargs.py took 0.085 seconds
[2024-11-18T19:30:10.863+0000] {processor.py:186} INFO - Started process (PID=3511) to work on /home/airflow/.local/lib/python3.12/site-packages/airflow/example_dags/example_xcomargs.py
[2024-11-18T19:30:10.864+0000] {processor.py:914} INFO - Processing file /home/airflow/.local/lib/python3.12/site-packages/airflow/example_dags/example_xcomargs.py for tasks to queue
[2024-11-18T19:30:10.866+0000] {logging_mixin.py:190} INFO - [2024-11-18T19:30:10.866+0000] {dagbag.py:588} INFO - Filling up the DagBag from /home/airflow/.local/lib/python3.12/site-packages/airflow/example_dags/example_xcomargs.py
[2024-11-18T19:30:10.877+0000] {processor.py:925} INFO - DAG(s) 'example_xcom_args', 'example_xcom_args_with_operators' retrieved from /home/airflow/.local/lib/python3.12/site-packages/airflow/example_dags/example_xcomargs.py
[2024-11-18T19:30:10.900+0000] {logging_mixin.py:190} INFO - [2024-11-18T19:30:10.899+0000] {dag.py:3239} INFO - Sync 2 DAGs
[2024-11-18T19:30:11.115+0000] {logging_mixin.py:190} INFO - [2024-11-18T19:30:11.115+0000] {dag.py:4180} INFO - Setting next_dagrun for example_xcom_args to None, run_after=None
[2024-11-18T19:30:11.118+0000] {logging_mixin.py:190} INFO - [2024-11-18T19:30:11.118+0000] {dag.py:4180} INFO - Setting next_dagrun for example_xcom_args_with_operators to None, run_after=None
[2024-11-18T19:30:11.138+0000] {processor.py:208} INFO - Processing /home/airflow/.local/lib/python3.12/site-packages/airflow/example_dags/example_xcomargs.py took 0.281 seconds
