[2024-11-18T19:02:17.405+0000] {processor.py:186} INFO - Started process (PID=82) to work on /home/airflow/.local/lib/python3.12/site-packages/airflow/example_dags/example_latest_only_with_trigger.py
[2024-11-18T19:02:17.406+0000] {processor.py:914} INFO - Processing file /home/airflow/.local/lib/python3.12/site-packages/airflow/example_dags/example_latest_only_with_trigger.py for tasks to queue
[2024-11-18T19:02:17.419+0000] {logging_mixin.py:190} INFO - [2024-11-18T19:02:17.418+0000] {dagbag.py:588} INFO - Filling up the DagBag from /home/airflow/.local/lib/python3.12/site-packages/airflow/example_dags/example_latest_only_with_trigger.py
[2024-11-18T19:02:17.432+0000] {processor.py:925} INFO - DAG(s) 'latest_only_with_trigger' retrieved from /home/airflow/.local/lib/python3.12/site-packages/airflow/example_dags/example_latest_only_with_trigger.py
[2024-11-18T19:02:17.479+0000] {logging_mixin.py:190} INFO - [2024-11-18T19:02:17.479+0000] {dag.py:3239} INFO - Sync 1 DAGs
[2024-11-18T19:02:17.680+0000] {logging_mixin.py:190} INFO - [2024-11-18T19:02:17.680+0000] {dag.py:4180} INFO - Setting next_dagrun for latest_only_with_trigger to 2024-11-18 12:00:00+00:00, run_after=2024-11-18 16:00:00+00:00
[2024-11-18T19:02:18.830+0000] {processor.py:208} INFO - Processing /home/airflow/.local/lib/python3.12/site-packages/airflow/example_dags/example_latest_only_with_trigger.py took 1.453 seconds
[2024-11-18T19:02:52.687+0000] {processor.py:186} INFO - Started process (PID=152) to work on /home/airflow/.local/lib/python3.12/site-packages/airflow/example_dags/example_latest_only_with_trigger.py
[2024-11-18T19:02:52.692+0000] {processor.py:914} INFO - Processing file /home/airflow/.local/lib/python3.12/site-packages/airflow/example_dags/example_latest_only_with_trigger.py for tasks to queue
[2024-11-18T19:02:52.698+0000] {logging_mixin.py:190} INFO - [2024-11-18T19:02:52.698+0000] {dagbag.py:588} INFO - Filling up the DagBag from /home/airflow/.local/lib/python3.12/site-packages/airflow/example_dags/example_latest_only_with_trigger.py
[2024-11-18T19:02:52.721+0000] {processor.py:925} INFO - DAG(s) 'latest_only_with_trigger' retrieved from /home/airflow/.local/lib/python3.12/site-packages/airflow/example_dags/example_latest_only_with_trigger.py
[2024-11-18T19:02:52.786+0000] {logging_mixin.py:190} INFO - [2024-11-18T19:02:52.786+0000] {dag.py:3239} INFO - Sync 1 DAGs
[2024-11-18T19:02:52.859+0000] {logging_mixin.py:190} INFO - [2024-11-18T19:02:52.859+0000] {dag.py:4180} INFO - Setting next_dagrun for latest_only_with_trigger to 2024-11-18 12:00:00+00:00, run_after=2024-11-18 16:00:00+00:00
[2024-11-18T19:02:53.534+0000] {processor.py:208} INFO - Processing /home/airflow/.local/lib/python3.12/site-packages/airflow/example_dags/example_latest_only_with_trigger.py took 0.875 seconds
[2024-11-18T19:03:30.810+0000] {processor.py:186} INFO - Started process (PID=216) to work on /home/airflow/.local/lib/python3.12/site-packages/airflow/example_dags/example_latest_only_with_trigger.py
[2024-11-18T19:03:30.814+0000] {processor.py:914} INFO - Processing file /home/airflow/.local/lib/python3.12/site-packages/airflow/example_dags/example_latest_only_with_trigger.py for tasks to queue
[2024-11-18T19:03:30.829+0000] {logging_mixin.py:190} INFO - [2024-11-18T19:03:30.828+0000] {dagbag.py:588} INFO - Filling up the DagBag from /home/airflow/.local/lib/python3.12/site-packages/airflow/example_dags/example_latest_only_with_trigger.py
[2024-11-18T19:03:30.841+0000] {processor.py:925} INFO - DAG(s) 'latest_only_with_trigger' retrieved from /home/airflow/.local/lib/python3.12/site-packages/airflow/example_dags/example_latest_only_with_trigger.py
[2024-11-18T19:03:31.007+0000] {logging_mixin.py:190} INFO - [2024-11-18T19:03:31.006+0000] {dag.py:3239} INFO - Sync 1 DAGs
[2024-11-18T19:03:31.259+0000] {logging_mixin.py:190} INFO - [2024-11-18T19:03:31.259+0000] {dag.py:4180} INFO - Setting next_dagrun for latest_only_with_trigger to 2024-11-18 12:00:00+00:00, run_after=2024-11-18 16:00:00+00:00
[2024-11-18T19:03:31.528+0000] {processor.py:208} INFO - Processing /home/airflow/.local/lib/python3.12/site-packages/airflow/example_dags/example_latest_only_with_trigger.py took 0.727 seconds
[2024-11-18T19:04:17.358+0000] {processor.py:186} INFO - Started process (PID=250) to work on /home/airflow/.local/lib/python3.12/site-packages/airflow/example_dags/example_latest_only_with_trigger.py
[2024-11-18T19:04:17.360+0000] {processor.py:914} INFO - Processing file /home/airflow/.local/lib/python3.12/site-packages/airflow/example_dags/example_latest_only_with_trigger.py for tasks to queue
[2024-11-18T19:04:17.365+0000] {logging_mixin.py:190} INFO - [2024-11-18T19:04:17.364+0000] {dagbag.py:588} INFO - Filling up the DagBag from /home/airflow/.local/lib/python3.12/site-packages/airflow/example_dags/example_latest_only_with_trigger.py
[2024-11-18T19:04:17.388+0000] {processor.py:925} INFO - DAG(s) 'latest_only_with_trigger' retrieved from /home/airflow/.local/lib/python3.12/site-packages/airflow/example_dags/example_latest_only_with_trigger.py
[2024-11-18T19:04:17.471+0000] {logging_mixin.py:190} INFO - [2024-11-18T19:04:17.471+0000] {dag.py:3239} INFO - Sync 1 DAGs
[2024-11-18T19:04:17.589+0000] {logging_mixin.py:190} INFO - [2024-11-18T19:04:17.589+0000] {dag.py:4180} INFO - Setting next_dagrun for latest_only_with_trigger to 2024-11-18 12:00:00+00:00, run_after=2024-11-18 16:00:00+00:00
[2024-11-18T19:04:17.639+0000] {processor.py:208} INFO - Processing /home/airflow/.local/lib/python3.12/site-packages/airflow/example_dags/example_latest_only_with_trigger.py took 0.292 seconds
[2024-11-18T19:04:48.109+0000] {processor.py:186} INFO - Started process (PID=314) to work on /home/airflow/.local/lib/python3.12/site-packages/airflow/example_dags/example_latest_only_with_trigger.py
[2024-11-18T19:04:48.110+0000] {processor.py:914} INFO - Processing file /home/airflow/.local/lib/python3.12/site-packages/airflow/example_dags/example_latest_only_with_trigger.py for tasks to queue
[2024-11-18T19:04:48.112+0000] {logging_mixin.py:190} INFO - [2024-11-18T19:04:48.112+0000] {dagbag.py:588} INFO - Filling up the DagBag from /home/airflow/.local/lib/python3.12/site-packages/airflow/example_dags/example_latest_only_with_trigger.py
[2024-11-18T19:04:48.118+0000] {processor.py:925} INFO - DAG(s) 'latest_only_with_trigger' retrieved from /home/airflow/.local/lib/python3.12/site-packages/airflow/example_dags/example_latest_only_with_trigger.py
[2024-11-18T19:04:48.133+0000] {logging_mixin.py:190} INFO - [2024-11-18T19:04:48.133+0000] {dag.py:3239} INFO - Sync 1 DAGs
[2024-11-18T19:04:48.157+0000] {logging_mixin.py:190} INFO - [2024-11-18T19:04:48.157+0000] {dag.py:4180} INFO - Setting next_dagrun for latest_only_with_trigger to 2024-11-18 12:00:00+00:00, run_after=2024-11-18 16:00:00+00:00
[2024-11-18T19:04:48.179+0000] {processor.py:208} INFO - Processing /home/airflow/.local/lib/python3.12/site-packages/airflow/example_dags/example_latest_only_with_trigger.py took 0.074 seconds
[2024-11-18T19:05:18.573+0000] {processor.py:186} INFO - Started process (PID=377) to work on /home/airflow/.local/lib/python3.12/site-packages/airflow/example_dags/example_latest_only_with_trigger.py
[2024-11-18T19:05:18.574+0000] {processor.py:914} INFO - Processing file /home/airflow/.local/lib/python3.12/site-packages/airflow/example_dags/example_latest_only_with_trigger.py for tasks to queue
[2024-11-18T19:05:18.575+0000] {logging_mixin.py:190} INFO - [2024-11-18T19:05:18.575+0000] {dagbag.py:588} INFO - Filling up the DagBag from /home/airflow/.local/lib/python3.12/site-packages/airflow/example_dags/example_latest_only_with_trigger.py
[2024-11-18T19:05:18.581+0000] {processor.py:925} INFO - DAG(s) 'latest_only_with_trigger' retrieved from /home/airflow/.local/lib/python3.12/site-packages/airflow/example_dags/example_latest_only_with_trigger.py
[2024-11-18T19:05:18.597+0000] {logging_mixin.py:190} INFO - [2024-11-18T19:05:18.597+0000] {dag.py:3239} INFO - Sync 1 DAGs
[2024-11-18T19:05:18.615+0000] {logging_mixin.py:190} INFO - [2024-11-18T19:05:18.615+0000] {dag.py:4180} INFO - Setting next_dagrun for latest_only_with_trigger to 2024-11-18 12:00:00+00:00, run_after=2024-11-18 16:00:00+00:00
[2024-11-18T19:05:18.636+0000] {processor.py:208} INFO - Processing /home/airflow/.local/lib/python3.12/site-packages/airflow/example_dags/example_latest_only_with_trigger.py took 0.067 seconds
[2024-11-18T19:05:49.235+0000] {processor.py:186} INFO - Started process (PID=442) to work on /home/airflow/.local/lib/python3.12/site-packages/airflow/example_dags/example_latest_only_with_trigger.py
[2024-11-18T19:05:49.235+0000] {processor.py:914} INFO - Processing file /home/airflow/.local/lib/python3.12/site-packages/airflow/example_dags/example_latest_only_with_trigger.py for tasks to queue
[2024-11-18T19:05:49.237+0000] {logging_mixin.py:190} INFO - [2024-11-18T19:05:49.237+0000] {dagbag.py:588} INFO - Filling up the DagBag from /home/airflow/.local/lib/python3.12/site-packages/airflow/example_dags/example_latest_only_with_trigger.py
[2024-11-18T19:05:49.243+0000] {processor.py:925} INFO - DAG(s) 'latest_only_with_trigger' retrieved from /home/airflow/.local/lib/python3.12/site-packages/airflow/example_dags/example_latest_only_with_trigger.py
[2024-11-18T19:05:49.258+0000] {logging_mixin.py:190} INFO - [2024-11-18T19:05:49.258+0000] {dag.py:3239} INFO - Sync 1 DAGs
[2024-11-18T19:05:49.275+0000] {logging_mixin.py:190} INFO - [2024-11-18T19:05:49.275+0000] {dag.py:4180} INFO - Setting next_dagrun for latest_only_with_trigger to 2024-11-18 12:00:00+00:00, run_after=2024-11-18 16:00:00+00:00
[2024-11-18T19:05:49.293+0000] {processor.py:208} INFO - Processing /home/airflow/.local/lib/python3.12/site-packages/airflow/example_dags/example_latest_only_with_trigger.py took 0.063 seconds
[2024-11-18T19:06:20.472+0000] {processor.py:186} INFO - Started process (PID=505) to work on /home/airflow/.local/lib/python3.12/site-packages/airflow/example_dags/example_latest_only_with_trigger.py
[2024-11-18T19:06:20.473+0000] {processor.py:914} INFO - Processing file /home/airflow/.local/lib/python3.12/site-packages/airflow/example_dags/example_latest_only_with_trigger.py for tasks to queue
[2024-11-18T19:06:20.476+0000] {logging_mixin.py:190} INFO - [2024-11-18T19:06:20.475+0000] {dagbag.py:588} INFO - Filling up the DagBag from /home/airflow/.local/lib/python3.12/site-packages/airflow/example_dags/example_latest_only_with_trigger.py
[2024-11-18T19:06:20.486+0000] {processor.py:925} INFO - DAG(s) 'latest_only_with_trigger' retrieved from /home/airflow/.local/lib/python3.12/site-packages/airflow/example_dags/example_latest_only_with_trigger.py
[2024-11-18T19:06:20.559+0000] {logging_mixin.py:190} INFO - [2024-11-18T19:06:20.559+0000] {dag.py:3239} INFO - Sync 1 DAGs
[2024-11-18T19:06:20.607+0000] {logging_mixin.py:190} INFO - [2024-11-18T19:06:20.606+0000] {dag.py:4180} INFO - Setting next_dagrun for latest_only_with_trigger to 2024-11-18 12:00:00+00:00, run_after=2024-11-18 16:00:00+00:00
[2024-11-18T19:06:20.649+0000] {processor.py:208} INFO - Processing /home/airflow/.local/lib/python3.12/site-packages/airflow/example_dags/example_latest_only_with_trigger.py took 0.188 seconds
[2024-11-18T19:06:51.184+0000] {processor.py:186} INFO - Started process (PID=570) to work on /home/airflow/.local/lib/python3.12/site-packages/airflow/example_dags/example_latest_only_with_trigger.py
[2024-11-18T19:06:51.185+0000] {processor.py:914} INFO - Processing file /home/airflow/.local/lib/python3.12/site-packages/airflow/example_dags/example_latest_only_with_trigger.py for tasks to queue
[2024-11-18T19:06:51.187+0000] {logging_mixin.py:190} INFO - [2024-11-18T19:06:51.186+0000] {dagbag.py:588} INFO - Filling up the DagBag from /home/airflow/.local/lib/python3.12/site-packages/airflow/example_dags/example_latest_only_with_trigger.py
[2024-11-18T19:06:51.192+0000] {processor.py:925} INFO - DAG(s) 'latest_only_with_trigger' retrieved from /home/airflow/.local/lib/python3.12/site-packages/airflow/example_dags/example_latest_only_with_trigger.py
[2024-11-18T19:06:51.209+0000] {logging_mixin.py:190} INFO - [2024-11-18T19:06:51.209+0000] {dag.py:3239} INFO - Sync 1 DAGs
[2024-11-18T19:06:51.227+0000] {logging_mixin.py:190} INFO - [2024-11-18T19:06:51.227+0000] {dag.py:4180} INFO - Setting next_dagrun for latest_only_with_trigger to 2024-11-18 12:00:00+00:00, run_after=2024-11-18 16:00:00+00:00
[2024-11-18T19:06:51.245+0000] {processor.py:208} INFO - Processing /home/airflow/.local/lib/python3.12/site-packages/airflow/example_dags/example_latest_only_with_trigger.py took 0.065 seconds
[2024-11-18T19:07:21.762+0000] {processor.py:186} INFO - Started process (PID=634) to work on /home/airflow/.local/lib/python3.12/site-packages/airflow/example_dags/example_latest_only_with_trigger.py
[2024-11-18T19:07:21.762+0000] {processor.py:914} INFO - Processing file /home/airflow/.local/lib/python3.12/site-packages/airflow/example_dags/example_latest_only_with_trigger.py for tasks to queue
[2024-11-18T19:07:21.764+0000] {logging_mixin.py:190} INFO - [2024-11-18T19:07:21.764+0000] {dagbag.py:588} INFO - Filling up the DagBag from /home/airflow/.local/lib/python3.12/site-packages/airflow/example_dags/example_latest_only_with_trigger.py
[2024-11-18T19:07:21.770+0000] {processor.py:925} INFO - DAG(s) 'latest_only_with_trigger' retrieved from /home/airflow/.local/lib/python3.12/site-packages/airflow/example_dags/example_latest_only_with_trigger.py
[2024-11-18T19:07:21.785+0000] {logging_mixin.py:190} INFO - [2024-11-18T19:07:21.785+0000] {dag.py:3239} INFO - Sync 1 DAGs
[2024-11-18T19:07:21.803+0000] {logging_mixin.py:190} INFO - [2024-11-18T19:07:21.802+0000] {dag.py:4180} INFO - Setting next_dagrun for latest_only_with_trigger to 2024-11-18 12:00:00+00:00, run_after=2024-11-18 16:00:00+00:00
[2024-11-18T19:07:21.823+0000] {processor.py:208} INFO - Processing /home/airflow/.local/lib/python3.12/site-packages/airflow/example_dags/example_latest_only_with_trigger.py took 0.066 seconds
[2024-11-18T19:07:52.682+0000] {processor.py:186} INFO - Started process (PID=699) to work on /home/airflow/.local/lib/python3.12/site-packages/airflow/example_dags/example_latest_only_with_trigger.py
[2024-11-18T19:07:52.683+0000] {processor.py:914} INFO - Processing file /home/airflow/.local/lib/python3.12/site-packages/airflow/example_dags/example_latest_only_with_trigger.py for tasks to queue
[2024-11-18T19:07:52.685+0000] {logging_mixin.py:190} INFO - [2024-11-18T19:07:52.684+0000] {dagbag.py:588} INFO - Filling up the DagBag from /home/airflow/.local/lib/python3.12/site-packages/airflow/example_dags/example_latest_only_with_trigger.py
[2024-11-18T19:07:52.690+0000] {processor.py:925} INFO - DAG(s) 'latest_only_with_trigger' retrieved from /home/airflow/.local/lib/python3.12/site-packages/airflow/example_dags/example_latest_only_with_trigger.py
[2024-11-18T19:07:52.706+0000] {logging_mixin.py:190} INFO - [2024-11-18T19:07:52.706+0000] {dag.py:3239} INFO - Sync 1 DAGs
[2024-11-18T19:07:52.723+0000] {logging_mixin.py:190} INFO - [2024-11-18T19:07:52.723+0000] {dag.py:4180} INFO - Setting next_dagrun for latest_only_with_trigger to 2024-11-18 12:00:00+00:00, run_after=2024-11-18 16:00:00+00:00
[2024-11-18T19:07:52.740+0000] {processor.py:208} INFO - Processing /home/airflow/.local/lib/python3.12/site-packages/airflow/example_dags/example_latest_only_with_trigger.py took 0.062 seconds
[2024-11-18T19:08:23.462+0000] {processor.py:186} INFO - Started process (PID=764) to work on /home/airflow/.local/lib/python3.12/site-packages/airflow/example_dags/example_latest_only_with_trigger.py
[2024-11-18T19:08:23.463+0000] {processor.py:914} INFO - Processing file /home/airflow/.local/lib/python3.12/site-packages/airflow/example_dags/example_latest_only_with_trigger.py for tasks to queue
[2024-11-18T19:08:23.465+0000] {logging_mixin.py:190} INFO - [2024-11-18T19:08:23.465+0000] {dagbag.py:588} INFO - Filling up the DagBag from /home/airflow/.local/lib/python3.12/site-packages/airflow/example_dags/example_latest_only_with_trigger.py
[2024-11-18T19:08:23.473+0000] {processor.py:925} INFO - DAG(s) 'latest_only_with_trigger' retrieved from /home/airflow/.local/lib/python3.12/site-packages/airflow/example_dags/example_latest_only_with_trigger.py
[2024-11-18T19:08:23.498+0000] {logging_mixin.py:190} INFO - [2024-11-18T19:08:23.498+0000] {dag.py:3239} INFO - Sync 1 DAGs
[2024-11-18T19:08:23.523+0000] {logging_mixin.py:190} INFO - [2024-11-18T19:08:23.523+0000] {dag.py:4180} INFO - Setting next_dagrun for latest_only_with_trigger to 2024-11-18 12:00:00+00:00, run_after=2024-11-18 16:00:00+00:00
[2024-11-18T19:08:23.546+0000] {processor.py:208} INFO - Processing /home/airflow/.local/lib/python3.12/site-packages/airflow/example_dags/example_latest_only_with_trigger.py took 0.095 seconds
[2024-11-18T19:08:53.995+0000] {processor.py:186} INFO - Started process (PID=828) to work on /home/airflow/.local/lib/python3.12/site-packages/airflow/example_dags/example_latest_only_with_trigger.py
[2024-11-18T19:08:53.999+0000] {processor.py:914} INFO - Processing file /home/airflow/.local/lib/python3.12/site-packages/airflow/example_dags/example_latest_only_with_trigger.py for tasks to queue
[2024-11-18T19:08:54.001+0000] {logging_mixin.py:190} INFO - [2024-11-18T19:08:54.001+0000] {dagbag.py:588} INFO - Filling up the DagBag from /home/airflow/.local/lib/python3.12/site-packages/airflow/example_dags/example_latest_only_with_trigger.py
[2024-11-18T19:08:54.016+0000] {processor.py:925} INFO - DAG(s) 'latest_only_with_trigger' retrieved from /home/airflow/.local/lib/python3.12/site-packages/airflow/example_dags/example_latest_only_with_trigger.py
[2024-11-18T19:08:54.043+0000] {logging_mixin.py:190} INFO - [2024-11-18T19:08:54.043+0000] {dag.py:3239} INFO - Sync 1 DAGs
[2024-11-18T19:08:54.071+0000] {logging_mixin.py:190} INFO - [2024-11-18T19:08:54.071+0000] {dag.py:4180} INFO - Setting next_dagrun for latest_only_with_trigger to 2024-11-18 12:00:00+00:00, run_after=2024-11-18 16:00:00+00:00
[2024-11-18T19:08:54.110+0000] {processor.py:208} INFO - Processing /home/airflow/.local/lib/python3.12/site-packages/airflow/example_dags/example_latest_only_with_trigger.py took 0.128 seconds
[2024-11-18T19:09:24.723+0000] {processor.py:186} INFO - Started process (PID=892) to work on /home/airflow/.local/lib/python3.12/site-packages/airflow/example_dags/example_latest_only_with_trigger.py
[2024-11-18T19:09:24.724+0000] {processor.py:914} INFO - Processing file /home/airflow/.local/lib/python3.12/site-packages/airflow/example_dags/example_latest_only_with_trigger.py for tasks to queue
[2024-11-18T19:09:24.726+0000] {logging_mixin.py:190} INFO - [2024-11-18T19:09:24.726+0000] {dagbag.py:588} INFO - Filling up the DagBag from /home/airflow/.local/lib/python3.12/site-packages/airflow/example_dags/example_latest_only_with_trigger.py
[2024-11-18T19:09:24.745+0000] {processor.py:925} INFO - DAG(s) 'latest_only_with_trigger' retrieved from /home/airflow/.local/lib/python3.12/site-packages/airflow/example_dags/example_latest_only_with_trigger.py
[2024-11-18T19:09:24.778+0000] {logging_mixin.py:190} INFO - [2024-11-18T19:09:24.778+0000] {dag.py:3239} INFO - Sync 1 DAGs
[2024-11-18T19:09:24.832+0000] {logging_mixin.py:190} INFO - [2024-11-18T19:09:24.831+0000] {dag.py:4180} INFO - Setting next_dagrun for latest_only_with_trigger to 2024-11-18 12:00:00+00:00, run_after=2024-11-18 16:00:00+00:00
[2024-11-18T19:09:24.861+0000] {processor.py:208} INFO - Processing /home/airflow/.local/lib/python3.12/site-packages/airflow/example_dags/example_latest_only_with_trigger.py took 0.159 seconds
[2024-11-18T19:09:55.843+0000] {processor.py:186} INFO - Started process (PID=957) to work on /home/airflow/.local/lib/python3.12/site-packages/airflow/example_dags/example_latest_only_with_trigger.py
[2024-11-18T19:09:55.844+0000] {processor.py:914} INFO - Processing file /home/airflow/.local/lib/python3.12/site-packages/airflow/example_dags/example_latest_only_with_trigger.py for tasks to queue
[2024-11-18T19:09:55.846+0000] {logging_mixin.py:190} INFO - [2024-11-18T19:09:55.846+0000] {dagbag.py:588} INFO - Filling up the DagBag from /home/airflow/.local/lib/python3.12/site-packages/airflow/example_dags/example_latest_only_with_trigger.py
[2024-11-18T19:09:55.854+0000] {processor.py:925} INFO - DAG(s) 'latest_only_with_trigger' retrieved from /home/airflow/.local/lib/python3.12/site-packages/airflow/example_dags/example_latest_only_with_trigger.py
[2024-11-18T19:09:55.890+0000] {logging_mixin.py:190} INFO - [2024-11-18T19:09:55.890+0000] {dag.py:3239} INFO - Sync 1 DAGs
[2024-11-18T19:09:55.969+0000] {logging_mixin.py:190} INFO - [2024-11-18T19:09:55.969+0000] {dag.py:4180} INFO - Setting next_dagrun for latest_only_with_trigger to 2024-11-18 12:00:00+00:00, run_after=2024-11-18 16:00:00+00:00
[2024-11-18T19:09:55.994+0000] {processor.py:208} INFO - Processing /home/airflow/.local/lib/python3.12/site-packages/airflow/example_dags/example_latest_only_with_trigger.py took 0.156 seconds
[2024-11-18T19:10:26.233+0000] {processor.py:186} INFO - Started process (PID=1021) to work on /home/airflow/.local/lib/python3.12/site-packages/airflow/example_dags/example_latest_only_with_trigger.py
[2024-11-18T19:10:26.233+0000] {processor.py:914} INFO - Processing file /home/airflow/.local/lib/python3.12/site-packages/airflow/example_dags/example_latest_only_with_trigger.py for tasks to queue
[2024-11-18T19:10:26.235+0000] {logging_mixin.py:190} INFO - [2024-11-18T19:10:26.235+0000] {dagbag.py:588} INFO - Filling up the DagBag from /home/airflow/.local/lib/python3.12/site-packages/airflow/example_dags/example_latest_only_with_trigger.py
[2024-11-18T19:10:26.243+0000] {processor.py:925} INFO - DAG(s) 'latest_only_with_trigger' retrieved from /home/airflow/.local/lib/python3.12/site-packages/airflow/example_dags/example_latest_only_with_trigger.py
[2024-11-18T19:10:26.264+0000] {logging_mixin.py:190} INFO - [2024-11-18T19:10:26.264+0000] {dag.py:3239} INFO - Sync 1 DAGs
[2024-11-18T19:10:26.306+0000] {logging_mixin.py:190} INFO - [2024-11-18T19:10:26.306+0000] {dag.py:4180} INFO - Setting next_dagrun for latest_only_with_trigger to 2024-11-18 12:00:00+00:00, run_after=2024-11-18 16:00:00+00:00
[2024-11-18T19:10:26.353+0000] {processor.py:208} INFO - Processing /home/airflow/.local/lib/python3.12/site-packages/airflow/example_dags/example_latest_only_with_trigger.py took 0.126 seconds
[2024-11-18T19:10:56.410+0000] {processor.py:186} INFO - Started process (PID=1086) to work on /home/airflow/.local/lib/python3.12/site-packages/airflow/example_dags/example_latest_only_with_trigger.py
[2024-11-18T19:10:56.419+0000] {processor.py:914} INFO - Processing file /home/airflow/.local/lib/python3.12/site-packages/airflow/example_dags/example_latest_only_with_trigger.py for tasks to queue
[2024-11-18T19:10:56.421+0000] {logging_mixin.py:190} INFO - [2024-11-18T19:10:56.421+0000] {dagbag.py:588} INFO - Filling up the DagBag from /home/airflow/.local/lib/python3.12/site-packages/airflow/example_dags/example_latest_only_with_trigger.py
[2024-11-18T19:10:56.441+0000] {processor.py:925} INFO - DAG(s) 'latest_only_with_trigger' retrieved from /home/airflow/.local/lib/python3.12/site-packages/airflow/example_dags/example_latest_only_with_trigger.py
[2024-11-18T19:10:56.504+0000] {logging_mixin.py:190} INFO - [2024-11-18T19:10:56.503+0000] {dag.py:3239} INFO - Sync 1 DAGs
[2024-11-18T19:10:56.533+0000] {logging_mixin.py:190} INFO - [2024-11-18T19:10:56.532+0000] {dag.py:4180} INFO - Setting next_dagrun for latest_only_with_trigger to 2024-11-18 12:00:00+00:00, run_after=2024-11-18 16:00:00+00:00
[2024-11-18T19:10:56.553+0000] {processor.py:208} INFO - Processing /home/airflow/.local/lib/python3.12/site-packages/airflow/example_dags/example_latest_only_with_trigger.py took 0.149 seconds
[2024-11-18T19:11:26.993+0000] {processor.py:186} INFO - Started process (PID=1151) to work on /home/airflow/.local/lib/python3.12/site-packages/airflow/example_dags/example_latest_only_with_trigger.py
[2024-11-18T19:11:26.994+0000] {processor.py:914} INFO - Processing file /home/airflow/.local/lib/python3.12/site-packages/airflow/example_dags/example_latest_only_with_trigger.py for tasks to queue
[2024-11-18T19:11:26.996+0000] {logging_mixin.py:190} INFO - [2024-11-18T19:11:26.995+0000] {dagbag.py:588} INFO - Filling up the DagBag from /home/airflow/.local/lib/python3.12/site-packages/airflow/example_dags/example_latest_only_with_trigger.py
[2024-11-18T19:11:27.006+0000] {processor.py:925} INFO - DAG(s) 'latest_only_with_trigger' retrieved from /home/airflow/.local/lib/python3.12/site-packages/airflow/example_dags/example_latest_only_with_trigger.py
[2024-11-18T19:11:27.034+0000] {logging_mixin.py:190} INFO - [2024-11-18T19:11:27.034+0000] {dag.py:3239} INFO - Sync 1 DAGs
[2024-11-18T19:11:27.062+0000] {logging_mixin.py:190} INFO - [2024-11-18T19:11:27.061+0000] {dag.py:4180} INFO - Setting next_dagrun for latest_only_with_trigger to 2024-11-18 12:00:00+00:00, run_after=2024-11-18 16:00:00+00:00
[2024-11-18T19:11:27.084+0000] {processor.py:208} INFO - Processing /home/airflow/.local/lib/python3.12/site-packages/airflow/example_dags/example_latest_only_with_trigger.py took 0.096 seconds
[2024-11-18T19:11:57.438+0000] {processor.py:186} INFO - Started process (PID=1215) to work on /home/airflow/.local/lib/python3.12/site-packages/airflow/example_dags/example_latest_only_with_trigger.py
[2024-11-18T19:11:57.439+0000] {processor.py:914} INFO - Processing file /home/airflow/.local/lib/python3.12/site-packages/airflow/example_dags/example_latest_only_with_trigger.py for tasks to queue
[2024-11-18T19:11:57.441+0000] {logging_mixin.py:190} INFO - [2024-11-18T19:11:57.440+0000] {dagbag.py:588} INFO - Filling up the DagBag from /home/airflow/.local/lib/python3.12/site-packages/airflow/example_dags/example_latest_only_with_trigger.py
[2024-11-18T19:11:57.448+0000] {processor.py:925} INFO - DAG(s) 'latest_only_with_trigger' retrieved from /home/airflow/.local/lib/python3.12/site-packages/airflow/example_dags/example_latest_only_with_trigger.py
[2024-11-18T19:11:57.469+0000] {logging_mixin.py:190} INFO - [2024-11-18T19:11:57.469+0000] {dag.py:3239} INFO - Sync 1 DAGs
[2024-11-18T19:11:57.495+0000] {logging_mixin.py:190} INFO - [2024-11-18T19:11:57.494+0000] {dag.py:4180} INFO - Setting next_dagrun for latest_only_with_trigger to 2024-11-18 12:00:00+00:00, run_after=2024-11-18 16:00:00+00:00
[2024-11-18T19:11:57.519+0000] {processor.py:208} INFO - Processing /home/airflow/.local/lib/python3.12/site-packages/airflow/example_dags/example_latest_only_with_trigger.py took 0.086 seconds
[2024-11-18T19:12:27.786+0000] {processor.py:186} INFO - Started process (PID=1279) to work on /home/airflow/.local/lib/python3.12/site-packages/airflow/example_dags/example_latest_only_with_trigger.py
[2024-11-18T19:12:27.787+0000] {processor.py:914} INFO - Processing file /home/airflow/.local/lib/python3.12/site-packages/airflow/example_dags/example_latest_only_with_trigger.py for tasks to queue
[2024-11-18T19:12:27.789+0000] {logging_mixin.py:190} INFO - [2024-11-18T19:12:27.789+0000] {dagbag.py:588} INFO - Filling up the DagBag from /home/airflow/.local/lib/python3.12/site-packages/airflow/example_dags/example_latest_only_with_trigger.py
[2024-11-18T19:12:27.797+0000] {processor.py:925} INFO - DAG(s) 'latest_only_with_trigger' retrieved from /home/airflow/.local/lib/python3.12/site-packages/airflow/example_dags/example_latest_only_with_trigger.py
[2024-11-18T19:12:27.820+0000] {logging_mixin.py:190} INFO - [2024-11-18T19:12:27.819+0000] {dag.py:3239} INFO - Sync 1 DAGs
[2024-11-18T19:12:27.848+0000] {logging_mixin.py:190} INFO - [2024-11-18T19:12:27.847+0000] {dag.py:4180} INFO - Setting next_dagrun for latest_only_with_trigger to 2024-11-18 12:00:00+00:00, run_after=2024-11-18 16:00:00+00:00
[2024-11-18T19:12:27.878+0000] {processor.py:208} INFO - Processing /home/airflow/.local/lib/python3.12/site-packages/airflow/example_dags/example_latest_only_with_trigger.py took 0.097 seconds
[2024-11-18T19:12:58.438+0000] {processor.py:186} INFO - Started process (PID=1343) to work on /home/airflow/.local/lib/python3.12/site-packages/airflow/example_dags/example_latest_only_with_trigger.py
[2024-11-18T19:12:58.439+0000] {processor.py:914} INFO - Processing file /home/airflow/.local/lib/python3.12/site-packages/airflow/example_dags/example_latest_only_with_trigger.py for tasks to queue
[2024-11-18T19:12:58.441+0000] {logging_mixin.py:190} INFO - [2024-11-18T19:12:58.440+0000] {dagbag.py:588} INFO - Filling up the DagBag from /home/airflow/.local/lib/python3.12/site-packages/airflow/example_dags/example_latest_only_with_trigger.py
[2024-11-18T19:12:58.449+0000] {processor.py:925} INFO - DAG(s) 'latest_only_with_trigger' retrieved from /home/airflow/.local/lib/python3.12/site-packages/airflow/example_dags/example_latest_only_with_trigger.py
[2024-11-18T19:12:58.471+0000] {logging_mixin.py:190} INFO - [2024-11-18T19:12:58.471+0000] {dag.py:3239} INFO - Sync 1 DAGs
[2024-11-18T19:12:58.497+0000] {logging_mixin.py:190} INFO - [2024-11-18T19:12:58.497+0000] {dag.py:4180} INFO - Setting next_dagrun for latest_only_with_trigger to 2024-11-18 12:00:00+00:00, run_after=2024-11-18 16:00:00+00:00
[2024-11-18T19:12:58.518+0000] {processor.py:208} INFO - Processing /home/airflow/.local/lib/python3.12/site-packages/airflow/example_dags/example_latest_only_with_trigger.py took 0.086 seconds
[2024-11-18T19:13:28.598+0000] {processor.py:186} INFO - Started process (PID=1408) to work on /home/airflow/.local/lib/python3.12/site-packages/airflow/example_dags/example_latest_only_with_trigger.py
[2024-11-18T19:13:28.599+0000] {processor.py:914} INFO - Processing file /home/airflow/.local/lib/python3.12/site-packages/airflow/example_dags/example_latest_only_with_trigger.py for tasks to queue
[2024-11-18T19:13:28.601+0000] {logging_mixin.py:190} INFO - [2024-11-18T19:13:28.600+0000] {dagbag.py:588} INFO - Filling up the DagBag from /home/airflow/.local/lib/python3.12/site-packages/airflow/example_dags/example_latest_only_with_trigger.py
[2024-11-18T19:13:28.608+0000] {processor.py:925} INFO - DAG(s) 'latest_only_with_trigger' retrieved from /home/airflow/.local/lib/python3.12/site-packages/airflow/example_dags/example_latest_only_with_trigger.py
[2024-11-18T19:13:28.629+0000] {logging_mixin.py:190} INFO - [2024-11-18T19:13:28.629+0000] {dag.py:3239} INFO - Sync 1 DAGs
[2024-11-18T19:13:28.656+0000] {logging_mixin.py:190} INFO - [2024-11-18T19:13:28.656+0000] {dag.py:4180} INFO - Setting next_dagrun for latest_only_with_trigger to 2024-11-18 12:00:00+00:00, run_after=2024-11-18 16:00:00+00:00
[2024-11-18T19:13:28.677+0000] {processor.py:208} INFO - Processing /home/airflow/.local/lib/python3.12/site-packages/airflow/example_dags/example_latest_only_with_trigger.py took 0.084 seconds
[2024-11-18T19:13:59.448+0000] {processor.py:186} INFO - Started process (PID=1473) to work on /home/airflow/.local/lib/python3.12/site-packages/airflow/example_dags/example_latest_only_with_trigger.py
[2024-11-18T19:13:59.448+0000] {processor.py:914} INFO - Processing file /home/airflow/.local/lib/python3.12/site-packages/airflow/example_dags/example_latest_only_with_trigger.py for tasks to queue
[2024-11-18T19:13:59.450+0000] {logging_mixin.py:190} INFO - [2024-11-18T19:13:59.450+0000] {dagbag.py:588} INFO - Filling up the DagBag from /home/airflow/.local/lib/python3.12/site-packages/airflow/example_dags/example_latest_only_with_trigger.py
[2024-11-18T19:13:59.458+0000] {processor.py:925} INFO - DAG(s) 'latest_only_with_trigger' retrieved from /home/airflow/.local/lib/python3.12/site-packages/airflow/example_dags/example_latest_only_with_trigger.py
[2024-11-18T19:13:59.481+0000] {logging_mixin.py:190} INFO - [2024-11-18T19:13:59.481+0000] {dag.py:3239} INFO - Sync 1 DAGs
[2024-11-18T19:13:59.507+0000] {logging_mixin.py:190} INFO - [2024-11-18T19:13:59.507+0000] {dag.py:4180} INFO - Setting next_dagrun for latest_only_with_trigger to 2024-11-18 12:00:00+00:00, run_after=2024-11-18 16:00:00+00:00
[2024-11-18T19:13:59.550+0000] {processor.py:208} INFO - Processing /home/airflow/.local/lib/python3.12/site-packages/airflow/example_dags/example_latest_only_with_trigger.py took 0.108 seconds
[2024-11-18T19:14:29.969+0000] {processor.py:186} INFO - Started process (PID=1538) to work on /home/airflow/.local/lib/python3.12/site-packages/airflow/example_dags/example_latest_only_with_trigger.py
[2024-11-18T19:14:29.970+0000] {processor.py:914} INFO - Processing file /home/airflow/.local/lib/python3.12/site-packages/airflow/example_dags/example_latest_only_with_trigger.py for tasks to queue
[2024-11-18T19:14:29.972+0000] {logging_mixin.py:190} INFO - [2024-11-18T19:14:29.971+0000] {dagbag.py:588} INFO - Filling up the DagBag from /home/airflow/.local/lib/python3.12/site-packages/airflow/example_dags/example_latest_only_with_trigger.py
[2024-11-18T19:14:29.979+0000] {processor.py:925} INFO - DAG(s) 'latest_only_with_trigger' retrieved from /home/airflow/.local/lib/python3.12/site-packages/airflow/example_dags/example_latest_only_with_trigger.py
[2024-11-18T19:14:30.001+0000] {logging_mixin.py:190} INFO - [2024-11-18T19:14:30.001+0000] {dag.py:3239} INFO - Sync 1 DAGs
[2024-11-18T19:14:30.039+0000] {logging_mixin.py:190} INFO - [2024-11-18T19:14:30.039+0000] {dag.py:4180} INFO - Setting next_dagrun for latest_only_with_trigger to 2024-11-18 12:00:00+00:00, run_after=2024-11-18 16:00:00+00:00
[2024-11-18T19:14:30.060+0000] {processor.py:208} INFO - Processing /home/airflow/.local/lib/python3.12/site-packages/airflow/example_dags/example_latest_only_with_trigger.py took 0.097 seconds
[2024-11-18T19:15:00.511+0000] {processor.py:186} INFO - Started process (PID=1603) to work on /home/airflow/.local/lib/python3.12/site-packages/airflow/example_dags/example_latest_only_with_trigger.py
[2024-11-18T19:15:00.521+0000] {processor.py:914} INFO - Processing file /home/airflow/.local/lib/python3.12/site-packages/airflow/example_dags/example_latest_only_with_trigger.py for tasks to queue
[2024-11-18T19:15:00.524+0000] {logging_mixin.py:190} INFO - [2024-11-18T19:15:00.523+0000] {dagbag.py:588} INFO - Filling up the DagBag from /home/airflow/.local/lib/python3.12/site-packages/airflow/example_dags/example_latest_only_with_trigger.py
[2024-11-18T19:15:00.555+0000] {processor.py:925} INFO - DAG(s) 'latest_only_with_trigger' retrieved from /home/airflow/.local/lib/python3.12/site-packages/airflow/example_dags/example_latest_only_with_trigger.py
[2024-11-18T19:15:00.582+0000] {logging_mixin.py:190} INFO - [2024-11-18T19:15:00.582+0000] {dag.py:3239} INFO - Sync 1 DAGs
[2024-11-18T19:15:00.607+0000] {logging_mixin.py:190} INFO - [2024-11-18T19:15:00.607+0000] {dag.py:4180} INFO - Setting next_dagrun for latest_only_with_trigger to 2024-11-18 12:00:00+00:00, run_after=2024-11-18 16:00:00+00:00
[2024-11-18T19:15:00.635+0000] {processor.py:208} INFO - Processing /home/airflow/.local/lib/python3.12/site-packages/airflow/example_dags/example_latest_only_with_trigger.py took 0.130 seconds
[2024-11-18T19:15:31.341+0000] {processor.py:186} INFO - Started process (PID=1668) to work on /home/airflow/.local/lib/python3.12/site-packages/airflow/example_dags/example_latest_only_with_trigger.py
[2024-11-18T19:15:31.342+0000] {processor.py:914} INFO - Processing file /home/airflow/.local/lib/python3.12/site-packages/airflow/example_dags/example_latest_only_with_trigger.py for tasks to queue
[2024-11-18T19:15:31.344+0000] {logging_mixin.py:190} INFO - [2024-11-18T19:15:31.343+0000] {dagbag.py:588} INFO - Filling up the DagBag from /home/airflow/.local/lib/python3.12/site-packages/airflow/example_dags/example_latest_only_with_trigger.py
[2024-11-18T19:15:31.353+0000] {processor.py:925} INFO - DAG(s) 'latest_only_with_trigger' retrieved from /home/airflow/.local/lib/python3.12/site-packages/airflow/example_dags/example_latest_only_with_trigger.py
[2024-11-18T19:15:31.374+0000] {logging_mixin.py:190} INFO - [2024-11-18T19:15:31.374+0000] {dag.py:3239} INFO - Sync 1 DAGs
[2024-11-18T19:15:31.399+0000] {logging_mixin.py:190} INFO - [2024-11-18T19:15:31.399+0000] {dag.py:4180} INFO - Setting next_dagrun for latest_only_with_trigger to 2024-11-18 12:00:00+00:00, run_after=2024-11-18 16:00:00+00:00
[2024-11-18T19:15:31.422+0000] {processor.py:208} INFO - Processing /home/airflow/.local/lib/python3.12/site-packages/airflow/example_dags/example_latest_only_with_trigger.py took 0.089 seconds
[2024-11-18T19:16:02.806+0000] {processor.py:186} INFO - Started process (PID=1732) to work on /home/airflow/.local/lib/python3.12/site-packages/airflow/example_dags/example_latest_only_with_trigger.py
[2024-11-18T19:16:02.807+0000] {processor.py:914} INFO - Processing file /home/airflow/.local/lib/python3.12/site-packages/airflow/example_dags/example_latest_only_with_trigger.py for tasks to queue
[2024-11-18T19:16:02.809+0000] {logging_mixin.py:190} INFO - [2024-11-18T19:16:02.809+0000] {dagbag.py:588} INFO - Filling up the DagBag from /home/airflow/.local/lib/python3.12/site-packages/airflow/example_dags/example_latest_only_with_trigger.py
[2024-11-18T19:16:02.845+0000] {processor.py:925} INFO - DAG(s) 'latest_only_with_trigger' retrieved from /home/airflow/.local/lib/python3.12/site-packages/airflow/example_dags/example_latest_only_with_trigger.py
[2024-11-18T19:16:02.881+0000] {logging_mixin.py:190} INFO - [2024-11-18T19:16:02.881+0000] {dag.py:3239} INFO - Sync 1 DAGs
[2024-11-18T19:16:02.935+0000] {logging_mixin.py:190} INFO - [2024-11-18T19:16:02.935+0000] {dag.py:4180} INFO - Setting next_dagrun for latest_only_with_trigger to 2024-11-18 12:00:00+00:00, run_after=2024-11-18 16:00:00+00:00
[2024-11-18T19:16:02.984+0000] {processor.py:208} INFO - Processing /home/airflow/.local/lib/python3.12/site-packages/airflow/example_dags/example_latest_only_with_trigger.py took 0.190 seconds
[2024-11-18T19:16:33.349+0000] {processor.py:186} INFO - Started process (PID=1795) to work on /home/airflow/.local/lib/python3.12/site-packages/airflow/example_dags/example_latest_only_with_trigger.py
[2024-11-18T19:16:33.350+0000] {processor.py:914} INFO - Processing file /home/airflow/.local/lib/python3.12/site-packages/airflow/example_dags/example_latest_only_with_trigger.py for tasks to queue
[2024-11-18T19:16:33.352+0000] {logging_mixin.py:190} INFO - [2024-11-18T19:16:33.352+0000] {dagbag.py:588} INFO - Filling up the DagBag from /home/airflow/.local/lib/python3.12/site-packages/airflow/example_dags/example_latest_only_with_trigger.py
[2024-11-18T19:16:33.359+0000] {processor.py:925} INFO - DAG(s) 'latest_only_with_trigger' retrieved from /home/airflow/.local/lib/python3.12/site-packages/airflow/example_dags/example_latest_only_with_trigger.py
[2024-11-18T19:16:33.379+0000] {logging_mixin.py:190} INFO - [2024-11-18T19:16:33.378+0000] {dag.py:3239} INFO - Sync 1 DAGs
[2024-11-18T19:16:33.403+0000] {logging_mixin.py:190} INFO - [2024-11-18T19:16:33.403+0000] {dag.py:4180} INFO - Setting next_dagrun for latest_only_with_trigger to 2024-11-18 12:00:00+00:00, run_after=2024-11-18 16:00:00+00:00
[2024-11-18T19:16:33.427+0000] {processor.py:208} INFO - Processing /home/airflow/.local/lib/python3.12/site-packages/airflow/example_dags/example_latest_only_with_trigger.py took 0.084 seconds
[2024-11-18T19:17:04.135+0000] {processor.py:186} INFO - Started process (PID=1859) to work on /home/airflow/.local/lib/python3.12/site-packages/airflow/example_dags/example_latest_only_with_trigger.py
[2024-11-18T19:17:04.135+0000] {processor.py:914} INFO - Processing file /home/airflow/.local/lib/python3.12/site-packages/airflow/example_dags/example_latest_only_with_trigger.py for tasks to queue
[2024-11-18T19:17:04.137+0000] {logging_mixin.py:190} INFO - [2024-11-18T19:17:04.137+0000] {dagbag.py:588} INFO - Filling up the DagBag from /home/airflow/.local/lib/python3.12/site-packages/airflow/example_dags/example_latest_only_with_trigger.py
[2024-11-18T19:17:04.145+0000] {processor.py:925} INFO - DAG(s) 'latest_only_with_trigger' retrieved from /home/airflow/.local/lib/python3.12/site-packages/airflow/example_dags/example_latest_only_with_trigger.py
[2024-11-18T19:17:04.165+0000] {logging_mixin.py:190} INFO - [2024-11-18T19:17:04.165+0000] {dag.py:3239} INFO - Sync 1 DAGs
[2024-11-18T19:17:04.188+0000] {logging_mixin.py:190} INFO - [2024-11-18T19:17:04.188+0000] {dag.py:4180} INFO - Setting next_dagrun for latest_only_with_trigger to 2024-11-18 12:00:00+00:00, run_after=2024-11-18 16:00:00+00:00
[2024-11-18T19:17:04.211+0000] {processor.py:208} INFO - Processing /home/airflow/.local/lib/python3.12/site-packages/airflow/example_dags/example_latest_only_with_trigger.py took 0.083 seconds
[2024-11-18T19:17:34.597+0000] {processor.py:186} INFO - Started process (PID=1923) to work on /home/airflow/.local/lib/python3.12/site-packages/airflow/example_dags/example_latest_only_with_trigger.py
[2024-11-18T19:17:34.598+0000] {processor.py:914} INFO - Processing file /home/airflow/.local/lib/python3.12/site-packages/airflow/example_dags/example_latest_only_with_trigger.py for tasks to queue
[2024-11-18T19:17:34.601+0000] {logging_mixin.py:190} INFO - [2024-11-18T19:17:34.601+0000] {dagbag.py:588} INFO - Filling up the DagBag from /home/airflow/.local/lib/python3.12/site-packages/airflow/example_dags/example_latest_only_with_trigger.py
[2024-11-18T19:17:34.609+0000] {processor.py:925} INFO - DAG(s) 'latest_only_with_trigger' retrieved from /home/airflow/.local/lib/python3.12/site-packages/airflow/example_dags/example_latest_only_with_trigger.py
[2024-11-18T19:17:34.630+0000] {logging_mixin.py:190} INFO - [2024-11-18T19:17:34.630+0000] {dag.py:3239} INFO - Sync 1 DAGs
[2024-11-18T19:17:34.655+0000] {logging_mixin.py:190} INFO - [2024-11-18T19:17:34.654+0000] {dag.py:4180} INFO - Setting next_dagrun for latest_only_with_trigger to 2024-11-18 12:00:00+00:00, run_after=2024-11-18 16:00:00+00:00
[2024-11-18T19:17:34.695+0000] {processor.py:208} INFO - Processing /home/airflow/.local/lib/python3.12/site-packages/airflow/example_dags/example_latest_only_with_trigger.py took 0.104 seconds
[2024-11-18T19:18:05.154+0000] {processor.py:186} INFO - Started process (PID=1986) to work on /home/airflow/.local/lib/python3.12/site-packages/airflow/example_dags/example_latest_only_with_trigger.py
[2024-11-18T19:18:05.155+0000] {processor.py:914} INFO - Processing file /home/airflow/.local/lib/python3.12/site-packages/airflow/example_dags/example_latest_only_with_trigger.py for tasks to queue
[2024-11-18T19:18:05.157+0000] {logging_mixin.py:190} INFO - [2024-11-18T19:18:05.156+0000] {dagbag.py:588} INFO - Filling up the DagBag from /home/airflow/.local/lib/python3.12/site-packages/airflow/example_dags/example_latest_only_with_trigger.py
[2024-11-18T19:18:05.162+0000] {processor.py:925} INFO - DAG(s) 'latest_only_with_trigger' retrieved from /home/airflow/.local/lib/python3.12/site-packages/airflow/example_dags/example_latest_only_with_trigger.py
[2024-11-18T19:18:05.177+0000] {logging_mixin.py:190} INFO - [2024-11-18T19:18:05.177+0000] {dag.py:3239} INFO - Sync 1 DAGs
[2024-11-18T19:18:05.195+0000] {logging_mixin.py:190} INFO - [2024-11-18T19:18:05.195+0000] {dag.py:4180} INFO - Setting next_dagrun for latest_only_with_trigger to 2024-11-18 12:00:00+00:00, run_after=2024-11-18 16:00:00+00:00
[2024-11-18T19:18:05.214+0000] {processor.py:208} INFO - Processing /home/airflow/.local/lib/python3.12/site-packages/airflow/example_dags/example_latest_only_with_trigger.py took 0.064 seconds
[2024-11-18T19:18:35.595+0000] {processor.py:186} INFO - Started process (PID=2051) to work on /home/airflow/.local/lib/python3.12/site-packages/airflow/example_dags/example_latest_only_with_trigger.py
[2024-11-18T19:18:35.596+0000] {processor.py:914} INFO - Processing file /home/airflow/.local/lib/python3.12/site-packages/airflow/example_dags/example_latest_only_with_trigger.py for tasks to queue
[2024-11-18T19:18:35.598+0000] {logging_mixin.py:190} INFO - [2024-11-18T19:18:35.597+0000] {dagbag.py:588} INFO - Filling up the DagBag from /home/airflow/.local/lib/python3.12/site-packages/airflow/example_dags/example_latest_only_with_trigger.py
[2024-11-18T19:18:35.606+0000] {processor.py:925} INFO - DAG(s) 'latest_only_with_trigger' retrieved from /home/airflow/.local/lib/python3.12/site-packages/airflow/example_dags/example_latest_only_with_trigger.py
[2024-11-18T19:18:35.626+0000] {logging_mixin.py:190} INFO - [2024-11-18T19:18:35.626+0000] {dag.py:3239} INFO - Sync 1 DAGs
[2024-11-18T19:18:35.651+0000] {logging_mixin.py:190} INFO - [2024-11-18T19:18:35.650+0000] {dag.py:4180} INFO - Setting next_dagrun for latest_only_with_trigger to 2024-11-18 12:00:00+00:00, run_after=2024-11-18 16:00:00+00:00
[2024-11-18T19:18:35.670+0000] {processor.py:208} INFO - Processing /home/airflow/.local/lib/python3.12/site-packages/airflow/example_dags/example_latest_only_with_trigger.py took 0.081 seconds
[2024-11-18T19:19:05.841+0000] {processor.py:186} INFO - Started process (PID=2115) to work on /home/airflow/.local/lib/python3.12/site-packages/airflow/example_dags/example_latest_only_with_trigger.py
[2024-11-18T19:19:05.842+0000] {processor.py:914} INFO - Processing file /home/airflow/.local/lib/python3.12/site-packages/airflow/example_dags/example_latest_only_with_trigger.py for tasks to queue
[2024-11-18T19:19:05.844+0000] {logging_mixin.py:190} INFO - [2024-11-18T19:19:05.843+0000] {dagbag.py:588} INFO - Filling up the DagBag from /home/airflow/.local/lib/python3.12/site-packages/airflow/example_dags/example_latest_only_with_trigger.py
[2024-11-18T19:19:05.849+0000] {processor.py:925} INFO - DAG(s) 'latest_only_with_trigger' retrieved from /home/airflow/.local/lib/python3.12/site-packages/airflow/example_dags/example_latest_only_with_trigger.py
[2024-11-18T19:19:05.865+0000] {logging_mixin.py:190} INFO - [2024-11-18T19:19:05.865+0000] {dag.py:3239} INFO - Sync 1 DAGs
[2024-11-18T19:19:05.882+0000] {logging_mixin.py:190} INFO - [2024-11-18T19:19:05.882+0000] {dag.py:4180} INFO - Setting next_dagrun for latest_only_with_trigger to 2024-11-18 12:00:00+00:00, run_after=2024-11-18 16:00:00+00:00
[2024-11-18T19:19:05.899+0000] {processor.py:208} INFO - Processing /home/airflow/.local/lib/python3.12/site-packages/airflow/example_dags/example_latest_only_with_trigger.py took 0.062 seconds
[2024-11-18T19:19:36.055+0000] {processor.py:186} INFO - Started process (PID=2179) to work on /home/airflow/.local/lib/python3.12/site-packages/airflow/example_dags/example_latest_only_with_trigger.py
[2024-11-18T19:19:36.056+0000] {processor.py:914} INFO - Processing file /home/airflow/.local/lib/python3.12/site-packages/airflow/example_dags/example_latest_only_with_trigger.py for tasks to queue
[2024-11-18T19:19:36.058+0000] {logging_mixin.py:190} INFO - [2024-11-18T19:19:36.057+0000] {dagbag.py:588} INFO - Filling up the DagBag from /home/airflow/.local/lib/python3.12/site-packages/airflow/example_dags/example_latest_only_with_trigger.py
[2024-11-18T19:19:36.064+0000] {processor.py:925} INFO - DAG(s) 'latest_only_with_trigger' retrieved from /home/airflow/.local/lib/python3.12/site-packages/airflow/example_dags/example_latest_only_with_trigger.py
[2024-11-18T19:19:36.079+0000] {logging_mixin.py:190} INFO - [2024-11-18T19:19:36.079+0000] {dag.py:3239} INFO - Sync 1 DAGs
[2024-11-18T19:19:36.096+0000] {logging_mixin.py:190} INFO - [2024-11-18T19:19:36.096+0000] {dag.py:4180} INFO - Setting next_dagrun for latest_only_with_trigger to 2024-11-18 12:00:00+00:00, run_after=2024-11-18 16:00:00+00:00
[2024-11-18T19:19:36.114+0000] {processor.py:208} INFO - Processing /home/airflow/.local/lib/python3.12/site-packages/airflow/example_dags/example_latest_only_with_trigger.py took 0.063 seconds
[2024-11-18T19:20:06.475+0000] {processor.py:186} INFO - Started process (PID=2244) to work on /home/airflow/.local/lib/python3.12/site-packages/airflow/example_dags/example_latest_only_with_trigger.py
[2024-11-18T19:20:06.476+0000] {processor.py:914} INFO - Processing file /home/airflow/.local/lib/python3.12/site-packages/airflow/example_dags/example_latest_only_with_trigger.py for tasks to queue
[2024-11-18T19:20:06.477+0000] {logging_mixin.py:190} INFO - [2024-11-18T19:20:06.477+0000] {dagbag.py:588} INFO - Filling up the DagBag from /home/airflow/.local/lib/python3.12/site-packages/airflow/example_dags/example_latest_only_with_trigger.py
[2024-11-18T19:20:06.484+0000] {processor.py:925} INFO - DAG(s) 'latest_only_with_trigger' retrieved from /home/airflow/.local/lib/python3.12/site-packages/airflow/example_dags/example_latest_only_with_trigger.py
[2024-11-18T19:20:06.500+0000] {logging_mixin.py:190} INFO - [2024-11-18T19:20:06.500+0000] {dag.py:3239} INFO - Sync 1 DAGs
[2024-11-18T19:20:06.518+0000] {logging_mixin.py:190} INFO - [2024-11-18T19:20:06.518+0000] {dag.py:4180} INFO - Setting next_dagrun for latest_only_with_trigger to 2024-11-18 12:00:00+00:00, run_after=2024-11-18 16:00:00+00:00
[2024-11-18T19:20:06.538+0000] {processor.py:208} INFO - Processing /home/airflow/.local/lib/python3.12/site-packages/airflow/example_dags/example_latest_only_with_trigger.py took 0.067 seconds
[2024-11-18T19:20:36.661+0000] {processor.py:186} INFO - Started process (PID=2309) to work on /home/airflow/.local/lib/python3.12/site-packages/airflow/example_dags/example_latest_only_with_trigger.py
[2024-11-18T19:20:36.662+0000] {processor.py:914} INFO - Processing file /home/airflow/.local/lib/python3.12/site-packages/airflow/example_dags/example_latest_only_with_trigger.py for tasks to queue
[2024-11-18T19:20:36.664+0000] {logging_mixin.py:190} INFO - [2024-11-18T19:20:36.664+0000] {dagbag.py:588} INFO - Filling up the DagBag from /home/airflow/.local/lib/python3.12/site-packages/airflow/example_dags/example_latest_only_with_trigger.py
[2024-11-18T19:20:36.672+0000] {processor.py:925} INFO - DAG(s) 'latest_only_with_trigger' retrieved from /home/airflow/.local/lib/python3.12/site-packages/airflow/example_dags/example_latest_only_with_trigger.py
[2024-11-18T19:20:36.691+0000] {logging_mixin.py:190} INFO - [2024-11-18T19:20:36.691+0000] {dag.py:3239} INFO - Sync 1 DAGs
[2024-11-18T19:20:36.715+0000] {logging_mixin.py:190} INFO - [2024-11-18T19:20:36.715+0000] {dag.py:4180} INFO - Setting next_dagrun for latest_only_with_trigger to 2024-11-18 12:00:00+00:00, run_after=2024-11-18 16:00:00+00:00
[2024-11-18T19:20:36.739+0000] {processor.py:208} INFO - Processing /home/airflow/.local/lib/python3.12/site-packages/airflow/example_dags/example_latest_only_with_trigger.py took 0.084 seconds
[2024-11-18T19:21:07.627+0000] {processor.py:186} INFO - Started process (PID=2373) to work on /home/airflow/.local/lib/python3.12/site-packages/airflow/example_dags/example_latest_only_with_trigger.py
[2024-11-18T19:21:07.627+0000] {processor.py:914} INFO - Processing file /home/airflow/.local/lib/python3.12/site-packages/airflow/example_dags/example_latest_only_with_trigger.py for tasks to queue
[2024-11-18T19:21:07.630+0000] {logging_mixin.py:190} INFO - [2024-11-18T19:21:07.629+0000] {dagbag.py:588} INFO - Filling up the DagBag from /home/airflow/.local/lib/python3.12/site-packages/airflow/example_dags/example_latest_only_with_trigger.py
[2024-11-18T19:21:07.638+0000] {processor.py:925} INFO - DAG(s) 'latest_only_with_trigger' retrieved from /home/airflow/.local/lib/python3.12/site-packages/airflow/example_dags/example_latest_only_with_trigger.py
[2024-11-18T19:21:07.656+0000] {logging_mixin.py:190} INFO - [2024-11-18T19:21:07.655+0000] {dag.py:3239} INFO - Sync 1 DAGs
[2024-11-18T19:21:07.679+0000] {logging_mixin.py:190} INFO - [2024-11-18T19:21:07.679+0000] {dag.py:4180} INFO - Setting next_dagrun for latest_only_with_trigger to 2024-11-18 12:00:00+00:00, run_after=2024-11-18 16:00:00+00:00
[2024-11-18T19:21:07.700+0000] {processor.py:208} INFO - Processing /home/airflow/.local/lib/python3.12/site-packages/airflow/example_dags/example_latest_only_with_trigger.py took 0.080 seconds
[2024-11-18T19:21:38.407+0000] {processor.py:186} INFO - Started process (PID=2438) to work on /home/airflow/.local/lib/python3.12/site-packages/airflow/example_dags/example_latest_only_with_trigger.py
[2024-11-18T19:21:38.408+0000] {processor.py:914} INFO - Processing file /home/airflow/.local/lib/python3.12/site-packages/airflow/example_dags/example_latest_only_with_trigger.py for tasks to queue
[2024-11-18T19:21:38.410+0000] {logging_mixin.py:190} INFO - [2024-11-18T19:21:38.409+0000] {dagbag.py:588} INFO - Filling up the DagBag from /home/airflow/.local/lib/python3.12/site-packages/airflow/example_dags/example_latest_only_with_trigger.py
[2024-11-18T19:21:38.418+0000] {processor.py:925} INFO - DAG(s) 'latest_only_with_trigger' retrieved from /home/airflow/.local/lib/python3.12/site-packages/airflow/example_dags/example_latest_only_with_trigger.py
[2024-11-18T19:21:38.479+0000] {logging_mixin.py:190} INFO - [2024-11-18T19:21:38.479+0000] {dag.py:3239} INFO - Sync 1 DAGs
[2024-11-18T19:21:38.538+0000] {logging_mixin.py:190} INFO - [2024-11-18T19:21:38.538+0000] {dag.py:4180} INFO - Setting next_dagrun for latest_only_with_trigger to 2024-11-18 12:00:00+00:00, run_after=2024-11-18 16:00:00+00:00
[2024-11-18T19:21:38.561+0000] {processor.py:208} INFO - Processing /home/airflow/.local/lib/python3.12/site-packages/airflow/example_dags/example_latest_only_with_trigger.py took 0.181 seconds
[2024-11-18T19:22:08.608+0000] {processor.py:186} INFO - Started process (PID=2502) to work on /home/airflow/.local/lib/python3.12/site-packages/airflow/example_dags/example_latest_only_with_trigger.py
[2024-11-18T19:22:08.609+0000] {processor.py:914} INFO - Processing file /home/airflow/.local/lib/python3.12/site-packages/airflow/example_dags/example_latest_only_with_trigger.py for tasks to queue
[2024-11-18T19:22:08.611+0000] {logging_mixin.py:190} INFO - [2024-11-18T19:22:08.610+0000] {dagbag.py:588} INFO - Filling up the DagBag from /home/airflow/.local/lib/python3.12/site-packages/airflow/example_dags/example_latest_only_with_trigger.py
[2024-11-18T19:22:08.618+0000] {processor.py:925} INFO - DAG(s) 'latest_only_with_trigger' retrieved from /home/airflow/.local/lib/python3.12/site-packages/airflow/example_dags/example_latest_only_with_trigger.py
[2024-11-18T19:22:08.641+0000] {logging_mixin.py:190} INFO - [2024-11-18T19:22:08.640+0000] {dag.py:3239} INFO - Sync 1 DAGs
[2024-11-18T19:22:08.666+0000] {logging_mixin.py:190} INFO - [2024-11-18T19:22:08.666+0000] {dag.py:4180} INFO - Setting next_dagrun for latest_only_with_trigger to 2024-11-18 12:00:00+00:00, run_after=2024-11-18 16:00:00+00:00
[2024-11-18T19:22:08.686+0000] {processor.py:208} INFO - Processing /home/airflow/.local/lib/python3.12/site-packages/airflow/example_dags/example_latest_only_with_trigger.py took 0.084 seconds
[2024-11-18T19:22:38.918+0000] {processor.py:186} INFO - Started process (PID=2566) to work on /home/airflow/.local/lib/python3.12/site-packages/airflow/example_dags/example_latest_only_with_trigger.py
[2024-11-18T19:22:38.919+0000] {processor.py:914} INFO - Processing file /home/airflow/.local/lib/python3.12/site-packages/airflow/example_dags/example_latest_only_with_trigger.py for tasks to queue
[2024-11-18T19:22:38.921+0000] {logging_mixin.py:190} INFO - [2024-11-18T19:22:38.920+0000] {dagbag.py:588} INFO - Filling up the DagBag from /home/airflow/.local/lib/python3.12/site-packages/airflow/example_dags/example_latest_only_with_trigger.py
[2024-11-18T19:22:38.928+0000] {processor.py:925} INFO - DAG(s) 'latest_only_with_trigger' retrieved from /home/airflow/.local/lib/python3.12/site-packages/airflow/example_dags/example_latest_only_with_trigger.py
[2024-11-18T19:22:38.949+0000] {logging_mixin.py:190} INFO - [2024-11-18T19:22:38.949+0000] {dag.py:3239} INFO - Sync 1 DAGs
[2024-11-18T19:22:38.976+0000] {logging_mixin.py:190} INFO - [2024-11-18T19:22:38.976+0000] {dag.py:4180} INFO - Setting next_dagrun for latest_only_with_trigger to 2024-11-18 12:00:00+00:00, run_after=2024-11-18 16:00:00+00:00
[2024-11-18T19:22:38.999+0000] {processor.py:208} INFO - Processing /home/airflow/.local/lib/python3.12/site-packages/airflow/example_dags/example_latest_only_with_trigger.py took 0.086 seconds
[2024-11-18T19:23:11.117+0000] {processor.py:186} INFO - Started process (PID=2631) to work on /home/airflow/.local/lib/python3.12/site-packages/airflow/example_dags/example_latest_only_with_trigger.py
[2024-11-18T19:23:11.118+0000] {processor.py:914} INFO - Processing file /home/airflow/.local/lib/python3.12/site-packages/airflow/example_dags/example_latest_only_with_trigger.py for tasks to queue
[2024-11-18T19:23:11.120+0000] {logging_mixin.py:190} INFO - [2024-11-18T19:23:11.120+0000] {dagbag.py:588} INFO - Filling up the DagBag from /home/airflow/.local/lib/python3.12/site-packages/airflow/example_dags/example_latest_only_with_trigger.py
[2024-11-18T19:23:11.128+0000] {processor.py:925} INFO - DAG(s) 'latest_only_with_trigger' retrieved from /home/airflow/.local/lib/python3.12/site-packages/airflow/example_dags/example_latest_only_with_trigger.py
[2024-11-18T19:23:11.151+0000] {logging_mixin.py:190} INFO - [2024-11-18T19:23:11.151+0000] {dag.py:3239} INFO - Sync 1 DAGs
[2024-11-18T19:23:11.179+0000] {logging_mixin.py:190} INFO - [2024-11-18T19:23:11.179+0000] {dag.py:4180} INFO - Setting next_dagrun for latest_only_with_trigger to 2024-11-18 12:00:00+00:00, run_after=2024-11-18 16:00:00+00:00
[2024-11-18T19:23:11.219+0000] {processor.py:208} INFO - Processing /home/airflow/.local/lib/python3.12/site-packages/airflow/example_dags/example_latest_only_with_trigger.py took 0.108 seconds
[2024-11-18T19:23:41.593+0000] {processor.py:186} INFO - Started process (PID=2695) to work on /home/airflow/.local/lib/python3.12/site-packages/airflow/example_dags/example_latest_only_with_trigger.py
[2024-11-18T19:23:41.594+0000] {processor.py:914} INFO - Processing file /home/airflow/.local/lib/python3.12/site-packages/airflow/example_dags/example_latest_only_with_trigger.py for tasks to queue
[2024-11-18T19:23:41.596+0000] {logging_mixin.py:190} INFO - [2024-11-18T19:23:41.595+0000] {dagbag.py:588} INFO - Filling up the DagBag from /home/airflow/.local/lib/python3.12/site-packages/airflow/example_dags/example_latest_only_with_trigger.py
[2024-11-18T19:23:41.603+0000] {processor.py:925} INFO - DAG(s) 'latest_only_with_trigger' retrieved from /home/airflow/.local/lib/python3.12/site-packages/airflow/example_dags/example_latest_only_with_trigger.py
[2024-11-18T19:23:41.627+0000] {logging_mixin.py:190} INFO - [2024-11-18T19:23:41.626+0000] {dag.py:3239} INFO - Sync 1 DAGs
[2024-11-18T19:23:41.652+0000] {logging_mixin.py:190} INFO - [2024-11-18T19:23:41.652+0000] {dag.py:4180} INFO - Setting next_dagrun for latest_only_with_trigger to 2024-11-18 12:00:00+00:00, run_after=2024-11-18 16:00:00+00:00
[2024-11-18T19:23:41.674+0000] {processor.py:208} INFO - Processing /home/airflow/.local/lib/python3.12/site-packages/airflow/example_dags/example_latest_only_with_trigger.py took 0.088 seconds
[2024-11-18T19:24:12.114+0000] {processor.py:186} INFO - Started process (PID=2758) to work on /home/airflow/.local/lib/python3.12/site-packages/airflow/example_dags/example_latest_only_with_trigger.py
[2024-11-18T19:24:12.114+0000] {processor.py:914} INFO - Processing file /home/airflow/.local/lib/python3.12/site-packages/airflow/example_dags/example_latest_only_with_trigger.py for tasks to queue
[2024-11-18T19:24:12.117+0000] {logging_mixin.py:190} INFO - [2024-11-18T19:24:12.116+0000] {dagbag.py:588} INFO - Filling up the DagBag from /home/airflow/.local/lib/python3.12/site-packages/airflow/example_dags/example_latest_only_with_trigger.py
[2024-11-18T19:24:12.125+0000] {processor.py:925} INFO - DAG(s) 'latest_only_with_trigger' retrieved from /home/airflow/.local/lib/python3.12/site-packages/airflow/example_dags/example_latest_only_with_trigger.py
[2024-11-18T19:24:12.146+0000] {logging_mixin.py:190} INFO - [2024-11-18T19:24:12.146+0000] {dag.py:3239} INFO - Sync 1 DAGs
[2024-11-18T19:24:12.171+0000] {logging_mixin.py:190} INFO - [2024-11-18T19:24:12.171+0000] {dag.py:4180} INFO - Setting next_dagrun for latest_only_with_trigger to 2024-11-18 12:00:00+00:00, run_after=2024-11-18 16:00:00+00:00
[2024-11-18T19:24:12.190+0000] {processor.py:208} INFO - Processing /home/airflow/.local/lib/python3.12/site-packages/airflow/example_dags/example_latest_only_with_trigger.py took 0.082 seconds
[2024-11-18T19:24:42.224+0000] {processor.py:186} INFO - Started process (PID=2820) to work on /home/airflow/.local/lib/python3.12/site-packages/airflow/example_dags/example_latest_only_with_trigger.py
[2024-11-18T19:24:42.224+0000] {processor.py:914} INFO - Processing file /home/airflow/.local/lib/python3.12/site-packages/airflow/example_dags/example_latest_only_with_trigger.py for tasks to queue
[2024-11-18T19:24:42.226+0000] {logging_mixin.py:190} INFO - [2024-11-18T19:24:42.226+0000] {dagbag.py:588} INFO - Filling up the DagBag from /home/airflow/.local/lib/python3.12/site-packages/airflow/example_dags/example_latest_only_with_trigger.py
[2024-11-18T19:24:42.232+0000] {processor.py:925} INFO - DAG(s) 'latest_only_with_trigger' retrieved from /home/airflow/.local/lib/python3.12/site-packages/airflow/example_dags/example_latest_only_with_trigger.py
[2024-11-18T19:24:42.247+0000] {logging_mixin.py:190} INFO - [2024-11-18T19:24:42.247+0000] {dag.py:3239} INFO - Sync 1 DAGs
[2024-11-18T19:24:42.271+0000] {logging_mixin.py:190} INFO - [2024-11-18T19:24:42.271+0000] {dag.py:4180} INFO - Setting next_dagrun for latest_only_with_trigger to 2024-11-18 12:00:00+00:00, run_after=2024-11-18 16:00:00+00:00
[2024-11-18T19:24:42.289+0000] {processor.py:208} INFO - Processing /home/airflow/.local/lib/python3.12/site-packages/airflow/example_dags/example_latest_only_with_trigger.py took 0.070 seconds
[2024-11-18T19:25:12.399+0000] {processor.py:186} INFO - Started process (PID=2884) to work on /home/airflow/.local/lib/python3.12/site-packages/airflow/example_dags/example_latest_only_with_trigger.py
[2024-11-18T19:25:12.400+0000] {processor.py:914} INFO - Processing file /home/airflow/.local/lib/python3.12/site-packages/airflow/example_dags/example_latest_only_with_trigger.py for tasks to queue
[2024-11-18T19:25:12.401+0000] {logging_mixin.py:190} INFO - [2024-11-18T19:25:12.401+0000] {dagbag.py:588} INFO - Filling up the DagBag from /home/airflow/.local/lib/python3.12/site-packages/airflow/example_dags/example_latest_only_with_trigger.py
[2024-11-18T19:25:12.407+0000] {processor.py:925} INFO - DAG(s) 'latest_only_with_trigger' retrieved from /home/airflow/.local/lib/python3.12/site-packages/airflow/example_dags/example_latest_only_with_trigger.py
[2024-11-18T19:25:12.423+0000] {logging_mixin.py:190} INFO - [2024-11-18T19:25:12.422+0000] {dag.py:3239} INFO - Sync 1 DAGs
[2024-11-18T19:25:12.440+0000] {logging_mixin.py:190} INFO - [2024-11-18T19:25:12.440+0000] {dag.py:4180} INFO - Setting next_dagrun for latest_only_with_trigger to 2024-11-18 12:00:00+00:00, run_after=2024-11-18 16:00:00+00:00
[2024-11-18T19:25:12.458+0000] {processor.py:208} INFO - Processing /home/airflow/.local/lib/python3.12/site-packages/airflow/example_dags/example_latest_only_with_trigger.py took 0.063 seconds
[2024-11-18T19:25:42.643+0000] {processor.py:186} INFO - Started process (PID=2948) to work on /home/airflow/.local/lib/python3.12/site-packages/airflow/example_dags/example_latest_only_with_trigger.py
[2024-11-18T19:25:42.644+0000] {processor.py:914} INFO - Processing file /home/airflow/.local/lib/python3.12/site-packages/airflow/example_dags/example_latest_only_with_trigger.py for tasks to queue
[2024-11-18T19:25:42.646+0000] {logging_mixin.py:190} INFO - [2024-11-18T19:25:42.645+0000] {dagbag.py:588} INFO - Filling up the DagBag from /home/airflow/.local/lib/python3.12/site-packages/airflow/example_dags/example_latest_only_with_trigger.py
[2024-11-18T19:25:42.651+0000] {processor.py:925} INFO - DAG(s) 'latest_only_with_trigger' retrieved from /home/airflow/.local/lib/python3.12/site-packages/airflow/example_dags/example_latest_only_with_trigger.py
[2024-11-18T19:25:42.667+0000] {logging_mixin.py:190} INFO - [2024-11-18T19:25:42.667+0000] {dag.py:3239} INFO - Sync 1 DAGs
[2024-11-18T19:25:42.685+0000] {logging_mixin.py:190} INFO - [2024-11-18T19:25:42.685+0000] {dag.py:4180} INFO - Setting next_dagrun for latest_only_with_trigger to 2024-11-18 12:00:00+00:00, run_after=2024-11-18 16:00:00+00:00
[2024-11-18T19:25:42.703+0000] {processor.py:208} INFO - Processing /home/airflow/.local/lib/python3.12/site-packages/airflow/example_dags/example_latest_only_with_trigger.py took 0.064 seconds
[2024-11-18T19:26:13.183+0000] {processor.py:186} INFO - Started process (PID=3012) to work on /home/airflow/.local/lib/python3.12/site-packages/airflow/example_dags/example_latest_only_with_trigger.py
[2024-11-18T19:26:13.183+0000] {processor.py:914} INFO - Processing file /home/airflow/.local/lib/python3.12/site-packages/airflow/example_dags/example_latest_only_with_trigger.py for tasks to queue
[2024-11-18T19:26:13.185+0000] {logging_mixin.py:190} INFO - [2024-11-18T19:26:13.185+0000] {dagbag.py:588} INFO - Filling up the DagBag from /home/airflow/.local/lib/python3.12/site-packages/airflow/example_dags/example_latest_only_with_trigger.py
[2024-11-18T19:26:13.190+0000] {processor.py:925} INFO - DAG(s) 'latest_only_with_trigger' retrieved from /home/airflow/.local/lib/python3.12/site-packages/airflow/example_dags/example_latest_only_with_trigger.py
[2024-11-18T19:26:13.205+0000] {logging_mixin.py:190} INFO - [2024-11-18T19:26:13.205+0000] {dag.py:3239} INFO - Sync 1 DAGs
[2024-11-18T19:26:13.223+0000] {logging_mixin.py:190} INFO - [2024-11-18T19:26:13.222+0000] {dag.py:4180} INFO - Setting next_dagrun for latest_only_with_trigger to 2024-11-18 12:00:00+00:00, run_after=2024-11-18 16:00:00+00:00
[2024-11-18T19:26:13.240+0000] {processor.py:208} INFO - Processing /home/airflow/.local/lib/python3.12/site-packages/airflow/example_dags/example_latest_only_with_trigger.py took 0.063 seconds
[2024-11-18T19:26:43.879+0000] {processor.py:186} INFO - Started process (PID=3077) to work on /home/airflow/.local/lib/python3.12/site-packages/airflow/example_dags/example_latest_only_with_trigger.py
[2024-11-18T19:26:43.880+0000] {processor.py:914} INFO - Processing file /home/airflow/.local/lib/python3.12/site-packages/airflow/example_dags/example_latest_only_with_trigger.py for tasks to queue
[2024-11-18T19:26:43.882+0000] {logging_mixin.py:190} INFO - [2024-11-18T19:26:43.882+0000] {dagbag.py:588} INFO - Filling up the DagBag from /home/airflow/.local/lib/python3.12/site-packages/airflow/example_dags/example_latest_only_with_trigger.py
[2024-11-18T19:26:43.890+0000] {processor.py:925} INFO - DAG(s) 'latest_only_with_trigger' retrieved from /home/airflow/.local/lib/python3.12/site-packages/airflow/example_dags/example_latest_only_with_trigger.py
[2024-11-18T19:26:43.910+0000] {logging_mixin.py:190} INFO - [2024-11-18T19:26:43.910+0000] {dag.py:3239} INFO - Sync 1 DAGs
[2024-11-18T19:26:43.932+0000] {logging_mixin.py:190} INFO - [2024-11-18T19:26:43.932+0000] {dag.py:4180} INFO - Setting next_dagrun for latest_only_with_trigger to 2024-11-18 12:00:00+00:00, run_after=2024-11-18 16:00:00+00:00
[2024-11-18T19:26:43.957+0000] {processor.py:208} INFO - Processing /home/airflow/.local/lib/python3.12/site-packages/airflow/example_dags/example_latest_only_with_trigger.py took 0.084 seconds
[2024-11-18T19:27:14.569+0000] {processor.py:186} INFO - Started process (PID=3141) to work on /home/airflow/.local/lib/python3.12/site-packages/airflow/example_dags/example_latest_only_with_trigger.py
[2024-11-18T19:27:14.570+0000] {processor.py:914} INFO - Processing file /home/airflow/.local/lib/python3.12/site-packages/airflow/example_dags/example_latest_only_with_trigger.py for tasks to queue
[2024-11-18T19:27:14.572+0000] {logging_mixin.py:190} INFO - [2024-11-18T19:27:14.572+0000] {dagbag.py:588} INFO - Filling up the DagBag from /home/airflow/.local/lib/python3.12/site-packages/airflow/example_dags/example_latest_only_with_trigger.py
[2024-11-18T19:27:14.579+0000] {processor.py:925} INFO - DAG(s) 'latest_only_with_trigger' retrieved from /home/airflow/.local/lib/python3.12/site-packages/airflow/example_dags/example_latest_only_with_trigger.py
[2024-11-18T19:27:14.594+0000] {logging_mixin.py:190} INFO - [2024-11-18T19:27:14.594+0000] {dag.py:3239} INFO - Sync 1 DAGs
[2024-11-18T19:27:14.612+0000] {logging_mixin.py:190} INFO - [2024-11-18T19:27:14.612+0000] {dag.py:4180} INFO - Setting next_dagrun for latest_only_with_trigger to 2024-11-18 12:00:00+00:00, run_after=2024-11-18 16:00:00+00:00
[2024-11-18T19:27:14.627+0000] {processor.py:208} INFO - Processing /home/airflow/.local/lib/python3.12/site-packages/airflow/example_dags/example_latest_only_with_trigger.py took 0.064 seconds
[2024-11-18T19:27:45.131+0000] {processor.py:186} INFO - Started process (PID=3206) to work on /home/airflow/.local/lib/python3.12/site-packages/airflow/example_dags/example_latest_only_with_trigger.py
[2024-11-18T19:27:45.131+0000] {processor.py:914} INFO - Processing file /home/airflow/.local/lib/python3.12/site-packages/airflow/example_dags/example_latest_only_with_trigger.py for tasks to queue
[2024-11-18T19:27:45.133+0000] {logging_mixin.py:190} INFO - [2024-11-18T19:27:45.133+0000] {dagbag.py:588} INFO - Filling up the DagBag from /home/airflow/.local/lib/python3.12/site-packages/airflow/example_dags/example_latest_only_with_trigger.py
[2024-11-18T19:27:45.139+0000] {processor.py:925} INFO - DAG(s) 'latest_only_with_trigger' retrieved from /home/airflow/.local/lib/python3.12/site-packages/airflow/example_dags/example_latest_only_with_trigger.py
[2024-11-18T19:27:45.154+0000] {logging_mixin.py:190} INFO - [2024-11-18T19:27:45.154+0000] {dag.py:3239} INFO - Sync 1 DAGs
[2024-11-18T19:27:45.172+0000] {logging_mixin.py:190} INFO - [2024-11-18T19:27:45.171+0000] {dag.py:4180} INFO - Setting next_dagrun for latest_only_with_trigger to 2024-11-18 12:00:00+00:00, run_after=2024-11-18 16:00:00+00:00
[2024-11-18T19:27:45.210+0000] {processor.py:208} INFO - Processing /home/airflow/.local/lib/python3.12/site-packages/airflow/example_dags/example_latest_only_with_trigger.py took 0.084 seconds
[2024-11-18T19:28:15.740+0000] {processor.py:186} INFO - Started process (PID=3272) to work on /home/airflow/.local/lib/python3.12/site-packages/airflow/example_dags/example_latest_only_with_trigger.py
[2024-11-18T19:28:15.741+0000] {processor.py:914} INFO - Processing file /home/airflow/.local/lib/python3.12/site-packages/airflow/example_dags/example_latest_only_with_trigger.py for tasks to queue
[2024-11-18T19:28:15.743+0000] {logging_mixin.py:190} INFO - [2024-11-18T19:28:15.743+0000] {dagbag.py:588} INFO - Filling up the DagBag from /home/airflow/.local/lib/python3.12/site-packages/airflow/example_dags/example_latest_only_with_trigger.py
[2024-11-18T19:28:15.749+0000] {processor.py:925} INFO - DAG(s) 'latest_only_with_trigger' retrieved from /home/airflow/.local/lib/python3.12/site-packages/airflow/example_dags/example_latest_only_with_trigger.py
[2024-11-18T19:28:15.765+0000] {logging_mixin.py:190} INFO - [2024-11-18T19:28:15.764+0000] {dag.py:3239} INFO - Sync 1 DAGs
[2024-11-18T19:28:15.782+0000] {logging_mixin.py:190} INFO - [2024-11-18T19:28:15.781+0000] {dag.py:4180} INFO - Setting next_dagrun for latest_only_with_trigger to 2024-11-18 12:00:00+00:00, run_after=2024-11-18 16:00:00+00:00
[2024-11-18T19:28:15.798+0000] {processor.py:208} INFO - Processing /home/airflow/.local/lib/python3.12/site-packages/airflow/example_dags/example_latest_only_with_trigger.py took 0.064 seconds
[2024-11-18T19:28:46.793+0000] {processor.py:186} INFO - Started process (PID=3342) to work on /home/airflow/.local/lib/python3.12/site-packages/airflow/example_dags/example_latest_only_with_trigger.py
[2024-11-18T19:28:46.794+0000] {processor.py:914} INFO - Processing file /home/airflow/.local/lib/python3.12/site-packages/airflow/example_dags/example_latest_only_with_trigger.py for tasks to queue
[2024-11-18T19:28:46.796+0000] {logging_mixin.py:190} INFO - [2024-11-18T19:28:46.796+0000] {dagbag.py:588} INFO - Filling up the DagBag from /home/airflow/.local/lib/python3.12/site-packages/airflow/example_dags/example_latest_only_with_trigger.py
[2024-11-18T19:28:46.805+0000] {processor.py:925} INFO - DAG(s) 'latest_only_with_trigger' retrieved from /home/airflow/.local/lib/python3.12/site-packages/airflow/example_dags/example_latest_only_with_trigger.py
[2024-11-18T19:28:46.837+0000] {logging_mixin.py:190} INFO - [2024-11-18T19:28:46.837+0000] {dag.py:3239} INFO - Sync 1 DAGs
[2024-11-18T19:28:46.862+0000] {logging_mixin.py:190} INFO - [2024-11-18T19:28:46.862+0000] {dag.py:4180} INFO - Setting next_dagrun for latest_only_with_trigger to 2024-11-18 12:00:00+00:00, run_after=2024-11-18 16:00:00+00:00
[2024-11-18T19:28:46.904+0000] {processor.py:208} INFO - Processing /home/airflow/.local/lib/python3.12/site-packages/airflow/example_dags/example_latest_only_with_trigger.py took 0.117 seconds
[2024-11-18T19:29:16.968+0000] {processor.py:186} INFO - Started process (PID=3406) to work on /home/airflow/.local/lib/python3.12/site-packages/airflow/example_dags/example_latest_only_with_trigger.py
[2024-11-18T19:29:16.969+0000] {processor.py:914} INFO - Processing file /home/airflow/.local/lib/python3.12/site-packages/airflow/example_dags/example_latest_only_with_trigger.py for tasks to queue
[2024-11-18T19:29:16.971+0000] {logging_mixin.py:190} INFO - [2024-11-18T19:29:16.970+0000] {dagbag.py:588} INFO - Filling up the DagBag from /home/airflow/.local/lib/python3.12/site-packages/airflow/example_dags/example_latest_only_with_trigger.py
[2024-11-18T19:29:16.976+0000] {processor.py:925} INFO - DAG(s) 'latest_only_with_trigger' retrieved from /home/airflow/.local/lib/python3.12/site-packages/airflow/example_dags/example_latest_only_with_trigger.py
[2024-11-18T19:29:16.991+0000] {logging_mixin.py:190} INFO - [2024-11-18T19:29:16.990+0000] {dag.py:3239} INFO - Sync 1 DAGs
[2024-11-18T19:29:17.008+0000] {logging_mixin.py:190} INFO - [2024-11-18T19:29:17.008+0000] {dag.py:4180} INFO - Setting next_dagrun for latest_only_with_trigger to 2024-11-18 12:00:00+00:00, run_after=2024-11-18 16:00:00+00:00
[2024-11-18T19:29:17.025+0000] {processor.py:208} INFO - Processing /home/airflow/.local/lib/python3.12/site-packages/airflow/example_dags/example_latest_only_with_trigger.py took 0.062 seconds
[2024-11-18T19:29:47.975+0000] {processor.py:186} INFO - Started process (PID=3470) to work on /home/airflow/.local/lib/python3.12/site-packages/airflow/example_dags/example_latest_only_with_trigger.py
[2024-11-18T19:29:47.976+0000] {processor.py:914} INFO - Processing file /home/airflow/.local/lib/python3.12/site-packages/airflow/example_dags/example_latest_only_with_trigger.py for tasks to queue
[2024-11-18T19:29:47.978+0000] {logging_mixin.py:190} INFO - [2024-11-18T19:29:47.977+0000] {dagbag.py:588} INFO - Filling up the DagBag from /home/airflow/.local/lib/python3.12/site-packages/airflow/example_dags/example_latest_only_with_trigger.py
[2024-11-18T19:29:47.986+0000] {processor.py:925} INFO - DAG(s) 'latest_only_with_trigger' retrieved from /home/airflow/.local/lib/python3.12/site-packages/airflow/example_dags/example_latest_only_with_trigger.py
[2024-11-18T19:29:48.007+0000] {logging_mixin.py:190} INFO - [2024-11-18T19:29:48.007+0000] {dag.py:3239} INFO - Sync 1 DAGs
[2024-11-18T19:29:48.048+0000] {logging_mixin.py:190} INFO - [2024-11-18T19:29:48.048+0000] {dag.py:4180} INFO - Setting next_dagrun for latest_only_with_trigger to 2024-11-18 12:00:00+00:00, run_after=2024-11-18 16:00:00+00:00
[2024-11-18T19:29:48.103+0000] {processor.py:208} INFO - Processing /home/airflow/.local/lib/python3.12/site-packages/airflow/example_dags/example_latest_only_with_trigger.py took 0.135 seconds
[2024-11-18T19:30:18.273+0000] {processor.py:186} INFO - Started process (PID=3534) to work on /home/airflow/.local/lib/python3.12/site-packages/airflow/example_dags/example_latest_only_with_trigger.py
[2024-11-18T19:30:18.274+0000] {processor.py:914} INFO - Processing file /home/airflow/.local/lib/python3.12/site-packages/airflow/example_dags/example_latest_only_with_trigger.py for tasks to queue
[2024-11-18T19:30:18.276+0000] {logging_mixin.py:190} INFO - [2024-11-18T19:30:18.276+0000] {dagbag.py:588} INFO - Filling up the DagBag from /home/airflow/.local/lib/python3.12/site-packages/airflow/example_dags/example_latest_only_with_trigger.py
[2024-11-18T19:30:18.284+0000] {processor.py:925} INFO - DAG(s) 'latest_only_with_trigger' retrieved from /home/airflow/.local/lib/python3.12/site-packages/airflow/example_dags/example_latest_only_with_trigger.py
[2024-11-18T19:30:18.305+0000] {logging_mixin.py:190} INFO - [2024-11-18T19:30:18.304+0000] {dag.py:3239} INFO - Sync 1 DAGs
[2024-11-18T19:30:18.330+0000] {logging_mixin.py:190} INFO - [2024-11-18T19:30:18.330+0000] {dag.py:4180} INFO - Setting next_dagrun for latest_only_with_trigger to 2024-11-18 12:00:00+00:00, run_after=2024-11-18 16:00:00+00:00
[2024-11-18T19:30:18.350+0000] {processor.py:208} INFO - Processing /home/airflow/.local/lib/python3.12/site-packages/airflow/example_dags/example_latest_only_with_trigger.py took 0.083 seconds
