[2024-11-18T19:02:42.755+0000] {processor.py:186} INFO - Started process (PID=120) to work on /home/airflow/.local/lib/python3.12/site-packages/airflow/example_dags/example_inlet_event_extra.py
[2024-11-18T19:02:42.779+0000] {processor.py:914} INFO - Processing file /home/airflow/.local/lib/python3.12/site-packages/airflow/example_dags/example_inlet_event_extra.py for tasks to queue
[2024-11-18T19:02:42.783+0000] {logging_mixin.py:190} INFO - [2024-11-18T19:02:42.783+0000] {dagbag.py:588} INFO - Filling up the DagBag from /home/airflow/.local/lib/python3.12/site-packages/airflow/example_dags/example_inlet_event_extra.py
[2024-11-18T19:02:46.379+0000] {processor.py:925} INFO - DAG(s) 'read_dataset_event', 'read_dataset_event_from_classic' retrieved from /home/airflow/.local/lib/python3.12/site-packages/airflow/example_dags/example_inlet_event_extra.py
[2024-11-18T19:02:46.483+0000] {logging_mixin.py:190} INFO - [2024-11-18T19:02:46.483+0000] {dag.py:3239} INFO - Sync 2 DAGs
[2024-11-18T19:02:46.642+0000] {logging_mixin.py:190} INFO - [2024-11-18T19:02:46.642+0000] {dag.py:4180} INFO - Setting next_dagrun for read_dataset_event to 2024-11-17 00:00:00+00:00, run_after=2024-11-18 00:00:00+00:00
[2024-11-18T19:02:46.688+0000] {logging_mixin.py:190} INFO - [2024-11-18T19:02:46.687+0000] {dag.py:4180} INFO - Setting next_dagrun for read_dataset_event_from_classic to 2024-11-17 00:00:00+00:00, run_after=2024-11-18 00:00:00+00:00
[2024-11-18T19:02:46.786+0000] {processor.py:208} INFO - Processing /home/airflow/.local/lib/python3.12/site-packages/airflow/example_dags/example_inlet_event_extra.py took 4.055 seconds
[2024-11-18T19:03:18.213+0000] {processor.py:186} INFO - Started process (PID=190) to work on /home/airflow/.local/lib/python3.12/site-packages/airflow/example_dags/example_inlet_event_extra.py
[2024-11-18T19:03:18.214+0000] {processor.py:914} INFO - Processing file /home/airflow/.local/lib/python3.12/site-packages/airflow/example_dags/example_inlet_event_extra.py for tasks to queue
[2024-11-18T19:03:18.221+0000] {logging_mixin.py:190} INFO - [2024-11-18T19:03:18.221+0000] {dagbag.py:588} INFO - Filling up the DagBag from /home/airflow/.local/lib/python3.12/site-packages/airflow/example_dags/example_inlet_event_extra.py
[2024-11-18T19:03:25.458+0000] {processor.py:925} INFO - DAG(s) 'read_dataset_event_from_classic', 'read_dataset_event' retrieved from /home/airflow/.local/lib/python3.12/site-packages/airflow/example_dags/example_inlet_event_extra.py
[2024-11-18T19:03:25.576+0000] {logging_mixin.py:190} INFO - [2024-11-18T19:03:25.574+0000] {dag.py:3239} INFO - Sync 2 DAGs
[2024-11-18T19:03:25.822+0000] {logging_mixin.py:190} INFO - [2024-11-18T19:03:25.822+0000] {dag.py:4180} INFO - Setting next_dagrun for read_dataset_event to 2024-11-17 00:00:00+00:00, run_after=2024-11-18 00:00:00+00:00
[2024-11-18T19:03:25.878+0000] {logging_mixin.py:190} INFO - [2024-11-18T19:03:25.878+0000] {dag.py:4180} INFO - Setting next_dagrun for read_dataset_event_from_classic to 2024-11-17 00:00:00+00:00, run_after=2024-11-18 00:00:00+00:00
[2024-11-18T19:03:25.990+0000] {processor.py:208} INFO - Processing /home/airflow/.local/lib/python3.12/site-packages/airflow/example_dags/example_inlet_event_extra.py took 7.815 seconds
[2024-11-18T19:04:28.645+0000] {processor.py:186} INFO - Started process (PID=275) to work on /home/airflow/.local/lib/python3.12/site-packages/airflow/example_dags/example_inlet_event_extra.py
[2024-11-18T19:04:28.655+0000] {processor.py:914} INFO - Processing file /home/airflow/.local/lib/python3.12/site-packages/airflow/example_dags/example_inlet_event_extra.py for tasks to queue
[2024-11-18T19:04:28.657+0000] {logging_mixin.py:190} INFO - [2024-11-18T19:04:28.656+0000] {dagbag.py:588} INFO - Filling up the DagBag from /home/airflow/.local/lib/python3.12/site-packages/airflow/example_dags/example_inlet_event_extra.py
[2024-11-18T19:04:30.375+0000] {processor.py:925} INFO - DAG(s) 'read_dataset_event_from_classic', 'read_dataset_event' retrieved from /home/airflow/.local/lib/python3.12/site-packages/airflow/example_dags/example_inlet_event_extra.py
[2024-11-18T19:04:30.403+0000] {logging_mixin.py:190} INFO - [2024-11-18T19:04:30.402+0000] {dag.py:3239} INFO - Sync 2 DAGs
[2024-11-18T19:04:30.434+0000] {logging_mixin.py:190} INFO - [2024-11-18T19:04:30.434+0000] {dag.py:4180} INFO - Setting next_dagrun for read_dataset_event to 2024-11-17 00:00:00+00:00, run_after=2024-11-18 00:00:00+00:00
[2024-11-18T19:04:30.441+0000] {logging_mixin.py:190} INFO - [2024-11-18T19:04:30.441+0000] {dag.py:4180} INFO - Setting next_dagrun for read_dataset_event_from_classic to 2024-11-17 00:00:00+00:00, run_after=2024-11-18 00:00:00+00:00
[2024-11-18T19:04:30.481+0000] {processor.py:208} INFO - Processing /home/airflow/.local/lib/python3.12/site-packages/airflow/example_dags/example_inlet_event_extra.py took 1.842 seconds
[2024-11-18T19:05:00.562+0000] {processor.py:186} INFO - Started process (PID=346) to work on /home/airflow/.local/lib/python3.12/site-packages/airflow/example_dags/example_inlet_event_extra.py
[2024-11-18T19:05:00.563+0000] {processor.py:914} INFO - Processing file /home/airflow/.local/lib/python3.12/site-packages/airflow/example_dags/example_inlet_event_extra.py for tasks to queue
[2024-11-18T19:05:00.565+0000] {logging_mixin.py:190} INFO - [2024-11-18T19:05:00.564+0000] {dagbag.py:588} INFO - Filling up the DagBag from /home/airflow/.local/lib/python3.12/site-packages/airflow/example_dags/example_inlet_event_extra.py
[2024-11-18T19:05:01.071+0000] {processor.py:925} INFO - DAG(s) 'read_dataset_event', 'read_dataset_event_from_classic' retrieved from /home/airflow/.local/lib/python3.12/site-packages/airflow/example_dags/example_inlet_event_extra.py
[2024-11-18T19:05:01.087+0000] {logging_mixin.py:190} INFO - [2024-11-18T19:05:01.087+0000] {dag.py:3239} INFO - Sync 2 DAGs
[2024-11-18T19:05:01.106+0000] {logging_mixin.py:190} INFO - [2024-11-18T19:05:01.105+0000] {dag.py:4180} INFO - Setting next_dagrun for read_dataset_event to 2024-11-17 00:00:00+00:00, run_after=2024-11-18 00:00:00+00:00
[2024-11-18T19:05:01.109+0000] {logging_mixin.py:190} INFO - [2024-11-18T19:05:01.109+0000] {dag.py:4180} INFO - Setting next_dagrun for read_dataset_event_from_classic to 2024-11-17 00:00:00+00:00, run_after=2024-11-18 00:00:00+00:00
[2024-11-18T19:05:01.130+0000] {processor.py:208} INFO - Processing /home/airflow/.local/lib/python3.12/site-packages/airflow/example_dags/example_inlet_event_extra.py took 0.572 seconds
[2024-11-18T19:05:32.766+0000] {processor.py:186} INFO - Started process (PID=409) to work on /home/airflow/.local/lib/python3.12/site-packages/airflow/example_dags/example_inlet_event_extra.py
[2024-11-18T19:05:32.766+0000] {processor.py:914} INFO - Processing file /home/airflow/.local/lib/python3.12/site-packages/airflow/example_dags/example_inlet_event_extra.py for tasks to queue
[2024-11-18T19:05:32.770+0000] {logging_mixin.py:190} INFO - [2024-11-18T19:05:32.770+0000] {dagbag.py:588} INFO - Filling up the DagBag from /home/airflow/.local/lib/python3.12/site-packages/airflow/example_dags/example_inlet_event_extra.py
[2024-11-18T19:05:33.696+0000] {processor.py:925} INFO - DAG(s) 'read_dataset_event', 'read_dataset_event_from_classic' retrieved from /home/airflow/.local/lib/python3.12/site-packages/airflow/example_dags/example_inlet_event_extra.py
[2024-11-18T19:05:33.716+0000] {logging_mixin.py:190} INFO - [2024-11-18T19:05:33.716+0000] {dag.py:3239} INFO - Sync 2 DAGs
[2024-11-18T19:05:33.744+0000] {logging_mixin.py:190} INFO - [2024-11-18T19:05:33.744+0000] {dag.py:4180} INFO - Setting next_dagrun for read_dataset_event to 2024-11-17 00:00:00+00:00, run_after=2024-11-18 00:00:00+00:00
[2024-11-18T19:05:33.749+0000] {logging_mixin.py:190} INFO - [2024-11-18T19:05:33.749+0000] {dag.py:4180} INFO - Setting next_dagrun for read_dataset_event_from_classic to 2024-11-17 00:00:00+00:00, run_after=2024-11-18 00:00:00+00:00
[2024-11-18T19:05:33.780+0000] {processor.py:208} INFO - Processing /home/airflow/.local/lib/python3.12/site-packages/airflow/example_dags/example_inlet_event_extra.py took 1.021 seconds
[2024-11-18T19:06:04.416+0000] {processor.py:186} INFO - Started process (PID=474) to work on /home/airflow/.local/lib/python3.12/site-packages/airflow/example_dags/example_inlet_event_extra.py
[2024-11-18T19:06:04.417+0000] {processor.py:914} INFO - Processing file /home/airflow/.local/lib/python3.12/site-packages/airflow/example_dags/example_inlet_event_extra.py for tasks to queue
[2024-11-18T19:06:04.419+0000] {logging_mixin.py:190} INFO - [2024-11-18T19:06:04.418+0000] {dagbag.py:588} INFO - Filling up the DagBag from /home/airflow/.local/lib/python3.12/site-packages/airflow/example_dags/example_inlet_event_extra.py
[2024-11-18T19:06:05.807+0000] {processor.py:925} INFO - DAG(s) 'read_dataset_event_from_classic', 'read_dataset_event' retrieved from /home/airflow/.local/lib/python3.12/site-packages/airflow/example_dags/example_inlet_event_extra.py
[2024-11-18T19:06:05.855+0000] {logging_mixin.py:190} INFO - [2024-11-18T19:06:05.855+0000] {dag.py:3239} INFO - Sync 2 DAGs
[2024-11-18T19:06:05.908+0000] {logging_mixin.py:190} INFO - [2024-11-18T19:06:05.908+0000] {dag.py:4180} INFO - Setting next_dagrun for read_dataset_event to 2024-11-17 00:00:00+00:00, run_after=2024-11-18 00:00:00+00:00
[2024-11-18T19:06:05.930+0000] {logging_mixin.py:190} INFO - [2024-11-18T19:06:05.929+0000] {dag.py:4180} INFO - Setting next_dagrun for read_dataset_event_from_classic to 2024-11-17 00:00:00+00:00, run_after=2024-11-18 00:00:00+00:00
[2024-11-18T19:06:05.980+0000] {processor.py:208} INFO - Processing /home/airflow/.local/lib/python3.12/site-packages/airflow/example_dags/example_inlet_event_extra.py took 1.595 seconds
[2024-11-18T19:06:36.710+0000] {processor.py:186} INFO - Started process (PID=537) to work on /home/airflow/.local/lib/python3.12/site-packages/airflow/example_dags/example_inlet_event_extra.py
[2024-11-18T19:06:36.710+0000] {processor.py:914} INFO - Processing file /home/airflow/.local/lib/python3.12/site-packages/airflow/example_dags/example_inlet_event_extra.py for tasks to queue
[2024-11-18T19:06:36.713+0000] {logging_mixin.py:190} INFO - [2024-11-18T19:06:36.712+0000] {dagbag.py:588} INFO - Filling up the DagBag from /home/airflow/.local/lib/python3.12/site-packages/airflow/example_dags/example_inlet_event_extra.py
[2024-11-18T19:06:37.451+0000] {processor.py:925} INFO - DAG(s) 'read_dataset_event', 'read_dataset_event_from_classic' retrieved from /home/airflow/.local/lib/python3.12/site-packages/airflow/example_dags/example_inlet_event_extra.py
[2024-11-18T19:06:37.473+0000] {logging_mixin.py:190} INFO - [2024-11-18T19:06:37.473+0000] {dag.py:3239} INFO - Sync 2 DAGs
[2024-11-18T19:06:37.500+0000] {logging_mixin.py:190} INFO - [2024-11-18T19:06:37.500+0000] {dag.py:4180} INFO - Setting next_dagrun for read_dataset_event to 2024-11-17 00:00:00+00:00, run_after=2024-11-18 00:00:00+00:00
[2024-11-18T19:06:37.506+0000] {logging_mixin.py:190} INFO - [2024-11-18T19:06:37.506+0000] {dag.py:4180} INFO - Setting next_dagrun for read_dataset_event_from_classic to 2024-11-17 00:00:00+00:00, run_after=2024-11-18 00:00:00+00:00
[2024-11-18T19:06:37.527+0000] {processor.py:208} INFO - Processing /home/airflow/.local/lib/python3.12/site-packages/airflow/example_dags/example_inlet_event_extra.py took 0.823 seconds
[2024-11-18T19:07:07.643+0000] {processor.py:186} INFO - Started process (PID=602) to work on /home/airflow/.local/lib/python3.12/site-packages/airflow/example_dags/example_inlet_event_extra.py
[2024-11-18T19:07:07.644+0000] {processor.py:914} INFO - Processing file /home/airflow/.local/lib/python3.12/site-packages/airflow/example_dags/example_inlet_event_extra.py for tasks to queue
[2024-11-18T19:07:07.645+0000] {logging_mixin.py:190} INFO - [2024-11-18T19:07:07.645+0000] {dagbag.py:588} INFO - Filling up the DagBag from /home/airflow/.local/lib/python3.12/site-packages/airflow/example_dags/example_inlet_event_extra.py
[2024-11-18T19:07:08.140+0000] {processor.py:925} INFO - DAG(s) 'read_dataset_event', 'read_dataset_event_from_classic' retrieved from /home/airflow/.local/lib/python3.12/site-packages/airflow/example_dags/example_inlet_event_extra.py
[2024-11-18T19:07:08.157+0000] {logging_mixin.py:190} INFO - [2024-11-18T19:07:08.157+0000] {dag.py:3239} INFO - Sync 2 DAGs
[2024-11-18T19:07:08.178+0000] {logging_mixin.py:190} INFO - [2024-11-18T19:07:08.177+0000] {dag.py:4180} INFO - Setting next_dagrun for read_dataset_event to 2024-11-17 00:00:00+00:00, run_after=2024-11-18 00:00:00+00:00
[2024-11-18T19:07:08.183+0000] {logging_mixin.py:190} INFO - [2024-11-18T19:07:08.183+0000] {dag.py:4180} INFO - Setting next_dagrun for read_dataset_event_from_classic to 2024-11-17 00:00:00+00:00, run_after=2024-11-18 00:00:00+00:00
[2024-11-18T19:07:08.201+0000] {processor.py:208} INFO - Processing /home/airflow/.local/lib/python3.12/site-packages/airflow/example_dags/example_inlet_event_extra.py took 0.562 seconds
[2024-11-18T19:07:38.338+0000] {processor.py:186} INFO - Started process (PID=666) to work on /home/airflow/.local/lib/python3.12/site-packages/airflow/example_dags/example_inlet_event_extra.py
[2024-11-18T19:07:38.338+0000] {processor.py:914} INFO - Processing file /home/airflow/.local/lib/python3.12/site-packages/airflow/example_dags/example_inlet_event_extra.py for tasks to queue
[2024-11-18T19:07:38.340+0000] {logging_mixin.py:190} INFO - [2024-11-18T19:07:38.340+0000] {dagbag.py:588} INFO - Filling up the DagBag from /home/airflow/.local/lib/python3.12/site-packages/airflow/example_dags/example_inlet_event_extra.py
[2024-11-18T19:07:38.832+0000] {processor.py:925} INFO - DAG(s) 'read_dataset_event_from_classic', 'read_dataset_event' retrieved from /home/airflow/.local/lib/python3.12/site-packages/airflow/example_dags/example_inlet_event_extra.py
[2024-11-18T19:07:38.848+0000] {logging_mixin.py:190} INFO - [2024-11-18T19:07:38.848+0000] {dag.py:3239} INFO - Sync 2 DAGs
[2024-11-18T19:07:38.869+0000] {logging_mixin.py:190} INFO - [2024-11-18T19:07:38.869+0000] {dag.py:4180} INFO - Setting next_dagrun for read_dataset_event to 2024-11-17 00:00:00+00:00, run_after=2024-11-18 00:00:00+00:00
[2024-11-18T19:07:38.873+0000] {logging_mixin.py:190} INFO - [2024-11-18T19:07:38.873+0000] {dag.py:4180} INFO - Setting next_dagrun for read_dataset_event_from_classic to 2024-11-17 00:00:00+00:00, run_after=2024-11-18 00:00:00+00:00
[2024-11-18T19:07:38.899+0000] {processor.py:208} INFO - Processing /home/airflow/.local/lib/python3.12/site-packages/airflow/example_dags/example_inlet_event_extra.py took 0.566 seconds
[2024-11-18T19:08:09.472+0000] {processor.py:186} INFO - Started process (PID=731) to work on /home/airflow/.local/lib/python3.12/site-packages/airflow/example_dags/example_inlet_event_extra.py
[2024-11-18T19:08:09.473+0000] {processor.py:914} INFO - Processing file /home/airflow/.local/lib/python3.12/site-packages/airflow/example_dags/example_inlet_event_extra.py for tasks to queue
[2024-11-18T19:08:09.475+0000] {logging_mixin.py:190} INFO - [2024-11-18T19:08:09.475+0000] {dagbag.py:588} INFO - Filling up the DagBag from /home/airflow/.local/lib/python3.12/site-packages/airflow/example_dags/example_inlet_event_extra.py
[2024-11-18T19:08:10.013+0000] {processor.py:925} INFO - DAG(s) 'read_dataset_event_from_classic', 'read_dataset_event' retrieved from /home/airflow/.local/lib/python3.12/site-packages/airflow/example_dags/example_inlet_event_extra.py
[2024-11-18T19:08:10.030+0000] {logging_mixin.py:190} INFO - [2024-11-18T19:08:10.030+0000] {dag.py:3239} INFO - Sync 2 DAGs
[2024-11-18T19:08:10.049+0000] {logging_mixin.py:190} INFO - [2024-11-18T19:08:10.049+0000] {dag.py:4180} INFO - Setting next_dagrun for read_dataset_event to 2024-11-17 00:00:00+00:00, run_after=2024-11-18 00:00:00+00:00
[2024-11-18T19:08:10.053+0000] {logging_mixin.py:190} INFO - [2024-11-18T19:08:10.053+0000] {dag.py:4180} INFO - Setting next_dagrun for read_dataset_event_from_classic to 2024-11-17 00:00:00+00:00, run_after=2024-11-18 00:00:00+00:00
[2024-11-18T19:08:10.070+0000] {processor.py:208} INFO - Processing /home/airflow/.local/lib/python3.12/site-packages/airflow/example_dags/example_inlet_event_extra.py took 0.604 seconds
[2024-11-18T19:08:40.820+0000] {processor.py:186} INFO - Started process (PID=797) to work on /home/airflow/.local/lib/python3.12/site-packages/airflow/example_dags/example_inlet_event_extra.py
[2024-11-18T19:08:40.821+0000] {processor.py:914} INFO - Processing file /home/airflow/.local/lib/python3.12/site-packages/airflow/example_dags/example_inlet_event_extra.py for tasks to queue
[2024-11-18T19:08:40.823+0000] {logging_mixin.py:190} INFO - [2024-11-18T19:08:40.822+0000] {dagbag.py:588} INFO - Filling up the DagBag from /home/airflow/.local/lib/python3.12/site-packages/airflow/example_dags/example_inlet_event_extra.py
[2024-11-18T19:08:41.312+0000] {processor.py:925} INFO - DAG(s) 'read_dataset_event_from_classic', 'read_dataset_event' retrieved from /home/airflow/.local/lib/python3.12/site-packages/airflow/example_dags/example_inlet_event_extra.py
[2024-11-18T19:08:41.329+0000] {logging_mixin.py:190} INFO - [2024-11-18T19:08:41.328+0000] {dag.py:3239} INFO - Sync 2 DAGs
[2024-11-18T19:08:41.347+0000] {logging_mixin.py:190} INFO - [2024-11-18T19:08:41.347+0000] {dag.py:4180} INFO - Setting next_dagrun for read_dataset_event to 2024-11-17 00:00:00+00:00, run_after=2024-11-18 00:00:00+00:00
[2024-11-18T19:08:41.351+0000] {logging_mixin.py:190} INFO - [2024-11-18T19:08:41.351+0000] {dag.py:4180} INFO - Setting next_dagrun for read_dataset_event_from_classic to 2024-11-17 00:00:00+00:00, run_after=2024-11-18 00:00:00+00:00
[2024-11-18T19:08:41.367+0000] {processor.py:208} INFO - Processing /home/airflow/.local/lib/python3.12/site-packages/airflow/example_dags/example_inlet_event_extra.py took 0.551 seconds
[2024-11-18T19:09:12.217+0000] {processor.py:186} INFO - Started process (PID=861) to work on /home/airflow/.local/lib/python3.12/site-packages/airflow/example_dags/example_inlet_event_extra.py
[2024-11-18T19:09:12.217+0000] {processor.py:914} INFO - Processing file /home/airflow/.local/lib/python3.12/site-packages/airflow/example_dags/example_inlet_event_extra.py for tasks to queue
[2024-11-18T19:09:12.219+0000] {logging_mixin.py:190} INFO - [2024-11-18T19:09:12.219+0000] {dagbag.py:588} INFO - Filling up the DagBag from /home/airflow/.local/lib/python3.12/site-packages/airflow/example_dags/example_inlet_event_extra.py
[2024-11-18T19:09:12.712+0000] {processor.py:925} INFO - DAG(s) 'read_dataset_event_from_classic', 'read_dataset_event' retrieved from /home/airflow/.local/lib/python3.12/site-packages/airflow/example_dags/example_inlet_event_extra.py
[2024-11-18T19:09:12.728+0000] {logging_mixin.py:190} INFO - [2024-11-18T19:09:12.727+0000] {dag.py:3239} INFO - Sync 2 DAGs
[2024-11-18T19:09:12.747+0000] {logging_mixin.py:190} INFO - [2024-11-18T19:09:12.747+0000] {dag.py:4180} INFO - Setting next_dagrun for read_dataset_event to 2024-11-17 00:00:00+00:00, run_after=2024-11-18 00:00:00+00:00
[2024-11-18T19:09:12.751+0000] {logging_mixin.py:190} INFO - [2024-11-18T19:09:12.751+0000] {dag.py:4180} INFO - Setting next_dagrun for read_dataset_event_from_classic to 2024-11-17 00:00:00+00:00, run_after=2024-11-18 00:00:00+00:00
[2024-11-18T19:09:12.770+0000] {processor.py:208} INFO - Processing /home/airflow/.local/lib/python3.12/site-packages/airflow/example_dags/example_inlet_event_extra.py took 0.558 seconds
[2024-11-18T19:09:43.411+0000] {processor.py:186} INFO - Started process (PID=932) to work on /home/airflow/.local/lib/python3.12/site-packages/airflow/example_dags/example_inlet_event_extra.py
[2024-11-18T19:09:43.412+0000] {processor.py:914} INFO - Processing file /home/airflow/.local/lib/python3.12/site-packages/airflow/example_dags/example_inlet_event_extra.py for tasks to queue
[2024-11-18T19:09:43.414+0000] {logging_mixin.py:190} INFO - [2024-11-18T19:09:43.413+0000] {dagbag.py:588} INFO - Filling up the DagBag from /home/airflow/.local/lib/python3.12/site-packages/airflow/example_dags/example_inlet_event_extra.py
[2024-11-18T19:09:43.922+0000] {processor.py:925} INFO - DAG(s) 'read_dataset_event', 'read_dataset_event_from_classic' retrieved from /home/airflow/.local/lib/python3.12/site-packages/airflow/example_dags/example_inlet_event_extra.py
[2024-11-18T19:09:43.937+0000] {logging_mixin.py:190} INFO - [2024-11-18T19:09:43.937+0000] {dag.py:3239} INFO - Sync 2 DAGs
[2024-11-18T19:09:43.958+0000] {logging_mixin.py:190} INFO - [2024-11-18T19:09:43.958+0000] {dag.py:4180} INFO - Setting next_dagrun for read_dataset_event to 2024-11-17 00:00:00+00:00, run_after=2024-11-18 00:00:00+00:00
[2024-11-18T19:09:43.962+0000] {logging_mixin.py:190} INFO - [2024-11-18T19:09:43.962+0000] {dag.py:4180} INFO - Setting next_dagrun for read_dataset_event_from_classic to 2024-11-17 00:00:00+00:00, run_after=2024-11-18 00:00:00+00:00
[2024-11-18T19:09:43.994+0000] {processor.py:208} INFO - Processing /home/airflow/.local/lib/python3.12/site-packages/airflow/example_dags/example_inlet_event_extra.py took 0.587 seconds
[2024-11-18T19:10:14.804+0000] {processor.py:186} INFO - Started process (PID=998) to work on /home/airflow/.local/lib/python3.12/site-packages/airflow/example_dags/example_inlet_event_extra.py
[2024-11-18T19:10:14.805+0000] {processor.py:914} INFO - Processing file /home/airflow/.local/lib/python3.12/site-packages/airflow/example_dags/example_inlet_event_extra.py for tasks to queue
[2024-11-18T19:10:14.807+0000] {logging_mixin.py:190} INFO - [2024-11-18T19:10:14.807+0000] {dagbag.py:588} INFO - Filling up the DagBag from /home/airflow/.local/lib/python3.12/site-packages/airflow/example_dags/example_inlet_event_extra.py
[2024-11-18T19:10:15.313+0000] {processor.py:925} INFO - DAG(s) 'read_dataset_event', 'read_dataset_event_from_classic' retrieved from /home/airflow/.local/lib/python3.12/site-packages/airflow/example_dags/example_inlet_event_extra.py
[2024-11-18T19:10:15.328+0000] {logging_mixin.py:190} INFO - [2024-11-18T19:10:15.328+0000] {dag.py:3239} INFO - Sync 2 DAGs
[2024-11-18T19:10:15.348+0000] {logging_mixin.py:190} INFO - [2024-11-18T19:10:15.347+0000] {dag.py:4180} INFO - Setting next_dagrun for read_dataset_event to 2024-11-17 00:00:00+00:00, run_after=2024-11-18 00:00:00+00:00
[2024-11-18T19:10:15.351+0000] {logging_mixin.py:190} INFO - [2024-11-18T19:10:15.351+0000] {dag.py:4180} INFO - Setting next_dagrun for read_dataset_event_from_classic to 2024-11-17 00:00:00+00:00, run_after=2024-11-18 00:00:00+00:00
[2024-11-18T19:10:15.367+0000] {processor.py:208} INFO - Processing /home/airflow/.local/lib/python3.12/site-packages/airflow/example_dags/example_inlet_event_extra.py took 0.569 seconds
[2024-11-18T19:10:45.539+0000] {processor.py:186} INFO - Started process (PID=1063) to work on /home/airflow/.local/lib/python3.12/site-packages/airflow/example_dags/example_inlet_event_extra.py
[2024-11-18T19:10:45.539+0000] {processor.py:914} INFO - Processing file /home/airflow/.local/lib/python3.12/site-packages/airflow/example_dags/example_inlet_event_extra.py for tasks to queue
[2024-11-18T19:10:45.541+0000] {logging_mixin.py:190} INFO - [2024-11-18T19:10:45.541+0000] {dagbag.py:588} INFO - Filling up the DagBag from /home/airflow/.local/lib/python3.12/site-packages/airflow/example_dags/example_inlet_event_extra.py
[2024-11-18T19:10:46.048+0000] {processor.py:925} INFO - DAG(s) 'read_dataset_event_from_classic', 'read_dataset_event' retrieved from /home/airflow/.local/lib/python3.12/site-packages/airflow/example_dags/example_inlet_event_extra.py
[2024-11-18T19:10:46.064+0000] {logging_mixin.py:190} INFO - [2024-11-18T19:10:46.064+0000] {dag.py:3239} INFO - Sync 2 DAGs
[2024-11-18T19:10:46.086+0000] {logging_mixin.py:190} INFO - [2024-11-18T19:10:46.085+0000] {dag.py:4180} INFO - Setting next_dagrun for read_dataset_event to 2024-11-17 00:00:00+00:00, run_after=2024-11-18 00:00:00+00:00
[2024-11-18T19:10:46.090+0000] {logging_mixin.py:190} INFO - [2024-11-18T19:10:46.089+0000] {dag.py:4180} INFO - Setting next_dagrun for read_dataset_event_from_classic to 2024-11-17 00:00:00+00:00, run_after=2024-11-18 00:00:00+00:00
[2024-11-18T19:10:46.112+0000] {processor.py:208} INFO - Processing /home/airflow/.local/lib/python3.12/site-packages/airflow/example_dags/example_inlet_event_extra.py took 0.579 seconds
[2024-11-18T19:11:16.947+0000] {processor.py:186} INFO - Started process (PID=1129) to work on /home/airflow/.local/lib/python3.12/site-packages/airflow/example_dags/example_inlet_event_extra.py
[2024-11-18T19:11:16.948+0000] {processor.py:914} INFO - Processing file /home/airflow/.local/lib/python3.12/site-packages/airflow/example_dags/example_inlet_event_extra.py for tasks to queue
[2024-11-18T19:11:16.950+0000] {logging_mixin.py:190} INFO - [2024-11-18T19:11:16.950+0000] {dagbag.py:588} INFO - Filling up the DagBag from /home/airflow/.local/lib/python3.12/site-packages/airflow/example_dags/example_inlet_event_extra.py
[2024-11-18T19:11:17.554+0000] {processor.py:925} INFO - DAG(s) 'read_dataset_event', 'read_dataset_event_from_classic' retrieved from /home/airflow/.local/lib/python3.12/site-packages/airflow/example_dags/example_inlet_event_extra.py
[2024-11-18T19:11:17.573+0000] {logging_mixin.py:190} INFO - [2024-11-18T19:11:17.572+0000] {dag.py:3239} INFO - Sync 2 DAGs
[2024-11-18T19:11:17.592+0000] {logging_mixin.py:190} INFO - [2024-11-18T19:11:17.592+0000] {dag.py:4180} INFO - Setting next_dagrun for read_dataset_event to 2024-11-17 00:00:00+00:00, run_after=2024-11-18 00:00:00+00:00
[2024-11-18T19:11:17.596+0000] {logging_mixin.py:190} INFO - [2024-11-18T19:11:17.596+0000] {dag.py:4180} INFO - Setting next_dagrun for read_dataset_event_from_classic to 2024-11-17 00:00:00+00:00, run_after=2024-11-18 00:00:00+00:00
[2024-11-18T19:11:17.614+0000] {processor.py:208} INFO - Processing /home/airflow/.local/lib/python3.12/site-packages/airflow/example_dags/example_inlet_event_extra.py took 0.674 seconds
[2024-11-18T19:11:48.102+0000] {processor.py:186} INFO - Started process (PID=1193) to work on /home/airflow/.local/lib/python3.12/site-packages/airflow/example_dags/example_inlet_event_extra.py
[2024-11-18T19:11:48.102+0000] {processor.py:914} INFO - Processing file /home/airflow/.local/lib/python3.12/site-packages/airflow/example_dags/example_inlet_event_extra.py for tasks to queue
[2024-11-18T19:11:48.105+0000] {logging_mixin.py:190} INFO - [2024-11-18T19:11:48.104+0000] {dagbag.py:588} INFO - Filling up the DagBag from /home/airflow/.local/lib/python3.12/site-packages/airflow/example_dags/example_inlet_event_extra.py
[2024-11-18T19:11:48.627+0000] {processor.py:925} INFO - DAG(s) 'read_dataset_event', 'read_dataset_event_from_classic' retrieved from /home/airflow/.local/lib/python3.12/site-packages/airflow/example_dags/example_inlet_event_extra.py
[2024-11-18T19:11:48.643+0000] {logging_mixin.py:190} INFO - [2024-11-18T19:11:48.643+0000] {dag.py:3239} INFO - Sync 2 DAGs
[2024-11-18T19:11:48.663+0000] {logging_mixin.py:190} INFO - [2024-11-18T19:11:48.662+0000] {dag.py:4180} INFO - Setting next_dagrun for read_dataset_event to 2024-11-17 00:00:00+00:00, run_after=2024-11-18 00:00:00+00:00
[2024-11-18T19:11:48.666+0000] {logging_mixin.py:190} INFO - [2024-11-18T19:11:48.666+0000] {dag.py:4180} INFO - Setting next_dagrun for read_dataset_event_from_classic to 2024-11-17 00:00:00+00:00, run_after=2024-11-18 00:00:00+00:00
[2024-11-18T19:11:48.683+0000] {processor.py:208} INFO - Processing /home/airflow/.local/lib/python3.12/site-packages/airflow/example_dags/example_inlet_event_extra.py took 0.588 seconds
[2024-11-18T19:12:19.846+0000] {processor.py:186} INFO - Started process (PID=1257) to work on /home/airflow/.local/lib/python3.12/site-packages/airflow/example_dags/example_inlet_event_extra.py
[2024-11-18T19:12:19.846+0000] {processor.py:914} INFO - Processing file /home/airflow/.local/lib/python3.12/site-packages/airflow/example_dags/example_inlet_event_extra.py for tasks to queue
[2024-11-18T19:12:19.848+0000] {logging_mixin.py:190} INFO - [2024-11-18T19:12:19.848+0000] {dagbag.py:588} INFO - Filling up the DagBag from /home/airflow/.local/lib/python3.12/site-packages/airflow/example_dags/example_inlet_event_extra.py
[2024-11-18T19:12:20.336+0000] {processor.py:925} INFO - DAG(s) 'read_dataset_event_from_classic', 'read_dataset_event' retrieved from /home/airflow/.local/lib/python3.12/site-packages/airflow/example_dags/example_inlet_event_extra.py
[2024-11-18T19:12:20.352+0000] {logging_mixin.py:190} INFO - [2024-11-18T19:12:20.352+0000] {dag.py:3239} INFO - Sync 2 DAGs
[2024-11-18T19:12:20.372+0000] {logging_mixin.py:190} INFO - [2024-11-18T19:12:20.372+0000] {dag.py:4180} INFO - Setting next_dagrun for read_dataset_event to 2024-11-17 00:00:00+00:00, run_after=2024-11-18 00:00:00+00:00
[2024-11-18T19:12:20.376+0000] {logging_mixin.py:190} INFO - [2024-11-18T19:12:20.376+0000] {dag.py:4180} INFO - Setting next_dagrun for read_dataset_event_from_classic to 2024-11-17 00:00:00+00:00, run_after=2024-11-18 00:00:00+00:00
[2024-11-18T19:12:20.392+0000] {processor.py:208} INFO - Processing /home/airflow/.local/lib/python3.12/site-packages/airflow/example_dags/example_inlet_event_extra.py took 0.551 seconds
[2024-11-18T19:12:51.371+0000] {processor.py:186} INFO - Started process (PID=1323) to work on /home/airflow/.local/lib/python3.12/site-packages/airflow/example_dags/example_inlet_event_extra.py
[2024-11-18T19:12:51.372+0000] {processor.py:914} INFO - Processing file /home/airflow/.local/lib/python3.12/site-packages/airflow/example_dags/example_inlet_event_extra.py for tasks to queue
[2024-11-18T19:12:51.374+0000] {logging_mixin.py:190} INFO - [2024-11-18T19:12:51.374+0000] {dagbag.py:588} INFO - Filling up the DagBag from /home/airflow/.local/lib/python3.12/site-packages/airflow/example_dags/example_inlet_event_extra.py
[2024-11-18T19:12:52.062+0000] {processor.py:925} INFO - DAG(s) 'read_dataset_event', 'read_dataset_event_from_classic' retrieved from /home/airflow/.local/lib/python3.12/site-packages/airflow/example_dags/example_inlet_event_extra.py
[2024-11-18T19:12:52.085+0000] {logging_mixin.py:190} INFO - [2024-11-18T19:12:52.085+0000] {dag.py:3239} INFO - Sync 2 DAGs
[2024-11-18T19:12:52.115+0000] {logging_mixin.py:190} INFO - [2024-11-18T19:12:52.115+0000] {dag.py:4180} INFO - Setting next_dagrun for read_dataset_event to 2024-11-17 00:00:00+00:00, run_after=2024-11-18 00:00:00+00:00
[2024-11-18T19:12:52.121+0000] {logging_mixin.py:190} INFO - [2024-11-18T19:12:52.121+0000] {dag.py:4180} INFO - Setting next_dagrun for read_dataset_event_from_classic to 2024-11-17 00:00:00+00:00, run_after=2024-11-18 00:00:00+00:00
[2024-11-18T19:12:52.140+0000] {processor.py:208} INFO - Processing /home/airflow/.local/lib/python3.12/site-packages/airflow/example_dags/example_inlet_event_extra.py took 0.776 seconds
[2024-11-18T19:13:22.721+0000] {processor.py:186} INFO - Started process (PID=1391) to work on /home/airflow/.local/lib/python3.12/site-packages/airflow/example_dags/example_inlet_event_extra.py
[2024-11-18T19:13:22.722+0000] {processor.py:914} INFO - Processing file /home/airflow/.local/lib/python3.12/site-packages/airflow/example_dags/example_inlet_event_extra.py for tasks to queue
[2024-11-18T19:13:22.724+0000] {logging_mixin.py:190} INFO - [2024-11-18T19:13:22.723+0000] {dagbag.py:588} INFO - Filling up the DagBag from /home/airflow/.local/lib/python3.12/site-packages/airflow/example_dags/example_inlet_event_extra.py
[2024-11-18T19:13:23.607+0000] {processor.py:925} INFO - DAG(s) 'read_dataset_event_from_classic', 'read_dataset_event' retrieved from /home/airflow/.local/lib/python3.12/site-packages/airflow/example_dags/example_inlet_event_extra.py
[2024-11-18T19:13:23.629+0000] {logging_mixin.py:190} INFO - [2024-11-18T19:13:23.629+0000] {dag.py:3239} INFO - Sync 2 DAGs
[2024-11-18T19:13:23.661+0000] {logging_mixin.py:190} INFO - [2024-11-18T19:13:23.661+0000] {dag.py:4180} INFO - Setting next_dagrun for read_dataset_event to 2024-11-17 00:00:00+00:00, run_after=2024-11-18 00:00:00+00:00
[2024-11-18T19:13:23.667+0000] {logging_mixin.py:190} INFO - [2024-11-18T19:13:23.667+0000] {dag.py:4180} INFO - Setting next_dagrun for read_dataset_event_from_classic to 2024-11-17 00:00:00+00:00, run_after=2024-11-18 00:00:00+00:00
[2024-11-18T19:13:23.686+0000] {processor.py:208} INFO - Processing /home/airflow/.local/lib/python3.12/site-packages/airflow/example_dags/example_inlet_event_extra.py took 0.973 seconds
[2024-11-18T19:13:54.512+0000] {processor.py:186} INFO - Started process (PID=1459) to work on /home/airflow/.local/lib/python3.12/site-packages/airflow/example_dags/example_inlet_event_extra.py
[2024-11-18T19:13:54.513+0000] {processor.py:914} INFO - Processing file /home/airflow/.local/lib/python3.12/site-packages/airflow/example_dags/example_inlet_event_extra.py for tasks to queue
[2024-11-18T19:13:54.520+0000] {logging_mixin.py:190} INFO - [2024-11-18T19:13:54.519+0000] {dagbag.py:588} INFO - Filling up the DagBag from /home/airflow/.local/lib/python3.12/site-packages/airflow/example_dags/example_inlet_event_extra.py
[2024-11-18T19:13:55.679+0000] {processor.py:925} INFO - DAG(s) 'read_dataset_event_from_classic', 'read_dataset_event' retrieved from /home/airflow/.local/lib/python3.12/site-packages/airflow/example_dags/example_inlet_event_extra.py
[2024-11-18T19:13:55.713+0000] {logging_mixin.py:190} INFO - [2024-11-18T19:13:55.712+0000] {dag.py:3239} INFO - Sync 2 DAGs
[2024-11-18T19:13:55.739+0000] {logging_mixin.py:190} INFO - [2024-11-18T19:13:55.739+0000] {dag.py:4180} INFO - Setting next_dagrun for read_dataset_event to 2024-11-17 00:00:00+00:00, run_after=2024-11-18 00:00:00+00:00
[2024-11-18T19:13:55.745+0000] {logging_mixin.py:190} INFO - [2024-11-18T19:13:55.745+0000] {dag.py:4180} INFO - Setting next_dagrun for read_dataset_event_from_classic to 2024-11-17 00:00:00+00:00, run_after=2024-11-18 00:00:00+00:00
[2024-11-18T19:13:55.765+0000] {processor.py:208} INFO - Processing /home/airflow/.local/lib/python3.12/site-packages/airflow/example_dags/example_inlet_event_extra.py took 1.267 seconds
[2024-11-18T19:14:26.124+0000] {processor.py:186} INFO - Started process (PID=1525) to work on /home/airflow/.local/lib/python3.12/site-packages/airflow/example_dags/example_inlet_event_extra.py
[2024-11-18T19:14:26.125+0000] {processor.py:914} INFO - Processing file /home/airflow/.local/lib/python3.12/site-packages/airflow/example_dags/example_inlet_event_extra.py for tasks to queue
[2024-11-18T19:14:26.127+0000] {logging_mixin.py:190} INFO - [2024-11-18T19:14:26.127+0000] {dagbag.py:588} INFO - Filling up the DagBag from /home/airflow/.local/lib/python3.12/site-packages/airflow/example_dags/example_inlet_event_extra.py
[2024-11-18T19:14:27.585+0000] {processor.py:925} INFO - DAG(s) 'read_dataset_event_from_classic', 'read_dataset_event' retrieved from /home/airflow/.local/lib/python3.12/site-packages/airflow/example_dags/example_inlet_event_extra.py
[2024-11-18T19:14:27.618+0000] {logging_mixin.py:190} INFO - [2024-11-18T19:14:27.618+0000] {dag.py:3239} INFO - Sync 2 DAGs
[2024-11-18T19:14:27.668+0000] {logging_mixin.py:190} INFO - [2024-11-18T19:14:27.668+0000] {dag.py:4180} INFO - Setting next_dagrun for read_dataset_event to 2024-11-17 00:00:00+00:00, run_after=2024-11-18 00:00:00+00:00
[2024-11-18T19:14:27.681+0000] {logging_mixin.py:190} INFO - [2024-11-18T19:14:27.681+0000] {dag.py:4180} INFO - Setting next_dagrun for read_dataset_event_from_classic to 2024-11-17 00:00:00+00:00, run_after=2024-11-18 00:00:00+00:00
[2024-11-18T19:14:27.714+0000] {processor.py:208} INFO - Processing /home/airflow/.local/lib/python3.12/site-packages/airflow/example_dags/example_inlet_event_extra.py took 1.604 seconds
[2024-11-18T19:14:57.855+0000] {processor.py:186} INFO - Started process (PID=1590) to work on /home/airflow/.local/lib/python3.12/site-packages/airflow/example_dags/example_inlet_event_extra.py
[2024-11-18T19:14:57.856+0000] {processor.py:914} INFO - Processing file /home/airflow/.local/lib/python3.12/site-packages/airflow/example_dags/example_inlet_event_extra.py for tasks to queue
[2024-11-18T19:14:57.858+0000] {logging_mixin.py:190} INFO - [2024-11-18T19:14:57.858+0000] {dagbag.py:588} INFO - Filling up the DagBag from /home/airflow/.local/lib/python3.12/site-packages/airflow/example_dags/example_inlet_event_extra.py
[2024-11-18T19:14:58.572+0000] {processor.py:925} INFO - DAG(s) 'read_dataset_event_from_classic', 'read_dataset_event' retrieved from /home/airflow/.local/lib/python3.12/site-packages/airflow/example_dags/example_inlet_event_extra.py
[2024-11-18T19:14:58.595+0000] {logging_mixin.py:190} INFO - [2024-11-18T19:14:58.594+0000] {dag.py:3239} INFO - Sync 2 DAGs
[2024-11-18T19:14:58.623+0000] {logging_mixin.py:190} INFO - [2024-11-18T19:14:58.623+0000] {dag.py:4180} INFO - Setting next_dagrun for read_dataset_event to 2024-11-17 00:00:00+00:00, run_after=2024-11-18 00:00:00+00:00
[2024-11-18T19:14:58.629+0000] {logging_mixin.py:190} INFO - [2024-11-18T19:14:58.629+0000] {dag.py:4180} INFO - Setting next_dagrun for read_dataset_event_from_classic to 2024-11-17 00:00:00+00:00, run_after=2024-11-18 00:00:00+00:00
[2024-11-18T19:14:58.649+0000] {processor.py:208} INFO - Processing /home/airflow/.local/lib/python3.12/site-packages/airflow/example_dags/example_inlet_event_extra.py took 0.800 seconds
[2024-11-18T19:15:28.737+0000] {processor.py:186} INFO - Started process (PID=1655) to work on /home/airflow/.local/lib/python3.12/site-packages/airflow/example_dags/example_inlet_event_extra.py
[2024-11-18T19:15:28.738+0000] {processor.py:914} INFO - Processing file /home/airflow/.local/lib/python3.12/site-packages/airflow/example_dags/example_inlet_event_extra.py for tasks to queue
[2024-11-18T19:15:28.741+0000] {logging_mixin.py:190} INFO - [2024-11-18T19:15:28.740+0000] {dagbag.py:588} INFO - Filling up the DagBag from /home/airflow/.local/lib/python3.12/site-packages/airflow/example_dags/example_inlet_event_extra.py
[2024-11-18T19:15:30.237+0000] {processor.py:925} INFO - DAG(s) 'read_dataset_event_from_classic', 'read_dataset_event' retrieved from /home/airflow/.local/lib/python3.12/site-packages/airflow/example_dags/example_inlet_event_extra.py
[2024-11-18T19:15:30.305+0000] {logging_mixin.py:190} INFO - [2024-11-18T19:15:30.305+0000] {dag.py:3239} INFO - Sync 2 DAGs
[2024-11-18T19:15:30.357+0000] {logging_mixin.py:190} INFO - [2024-11-18T19:15:30.357+0000] {dag.py:4180} INFO - Setting next_dagrun for read_dataset_event to 2024-11-17 00:00:00+00:00, run_after=2024-11-18 00:00:00+00:00
[2024-11-18T19:15:30.369+0000] {logging_mixin.py:190} INFO - [2024-11-18T19:15:30.369+0000] {dag.py:4180} INFO - Setting next_dagrun for read_dataset_event_from_classic to 2024-11-17 00:00:00+00:00, run_after=2024-11-18 00:00:00+00:00
[2024-11-18T19:15:30.403+0000] {processor.py:208} INFO - Processing /home/airflow/.local/lib/python3.12/site-packages/airflow/example_dags/example_inlet_event_extra.py took 1.680 seconds
[2024-11-18T19:16:01.188+0000] {processor.py:186} INFO - Started process (PID=1723) to work on /home/airflow/.local/lib/python3.12/site-packages/airflow/example_dags/example_inlet_event_extra.py
[2024-11-18T19:16:01.188+0000] {processor.py:914} INFO - Processing file /home/airflow/.local/lib/python3.12/site-packages/airflow/example_dags/example_inlet_event_extra.py for tasks to queue
[2024-11-18T19:16:01.191+0000] {logging_mixin.py:190} INFO - [2024-11-18T19:16:01.190+0000] {dagbag.py:588} INFO - Filling up the DagBag from /home/airflow/.local/lib/python3.12/site-packages/airflow/example_dags/example_inlet_event_extra.py
[2024-11-18T19:16:02.542+0000] {processor.py:925} INFO - DAG(s) 'read_dataset_event_from_classic', 'read_dataset_event' retrieved from /home/airflow/.local/lib/python3.12/site-packages/airflow/example_dags/example_inlet_event_extra.py
[2024-11-18T19:16:02.581+0000] {logging_mixin.py:190} INFO - [2024-11-18T19:16:02.581+0000] {dag.py:3239} INFO - Sync 2 DAGs
[2024-11-18T19:16:02.613+0000] {logging_mixin.py:190} INFO - [2024-11-18T19:16:02.613+0000] {dag.py:4180} INFO - Setting next_dagrun for read_dataset_event to 2024-11-17 00:00:00+00:00, run_after=2024-11-18 00:00:00+00:00
[2024-11-18T19:16:02.619+0000] {logging_mixin.py:190} INFO - [2024-11-18T19:16:02.619+0000] {dag.py:4180} INFO - Setting next_dagrun for read_dataset_event_from_classic to 2024-11-17 00:00:00+00:00, run_after=2024-11-18 00:00:00+00:00
[2024-11-18T19:16:02.669+0000] {processor.py:208} INFO - Processing /home/airflow/.local/lib/python3.12/site-packages/airflow/example_dags/example_inlet_event_extra.py took 1.487 seconds
[2024-11-18T19:16:33.462+0000] {processor.py:186} INFO - Started process (PID=1797) to work on /home/airflow/.local/lib/python3.12/site-packages/airflow/example_dags/example_inlet_event_extra.py
[2024-11-18T19:16:33.463+0000] {processor.py:914} INFO - Processing file /home/airflow/.local/lib/python3.12/site-packages/airflow/example_dags/example_inlet_event_extra.py for tasks to queue
[2024-11-18T19:16:33.465+0000] {logging_mixin.py:190} INFO - [2024-11-18T19:16:33.465+0000] {dagbag.py:588} INFO - Filling up the DagBag from /home/airflow/.local/lib/python3.12/site-packages/airflow/example_dags/example_inlet_event_extra.py
[2024-11-18T19:16:33.956+0000] {processor.py:925} INFO - DAG(s) 'read_dataset_event', 'read_dataset_event_from_classic' retrieved from /home/airflow/.local/lib/python3.12/site-packages/airflow/example_dags/example_inlet_event_extra.py
[2024-11-18T19:16:33.971+0000] {logging_mixin.py:190} INFO - [2024-11-18T19:16:33.971+0000] {dag.py:3239} INFO - Sync 2 DAGs
[2024-11-18T19:16:33.992+0000] {logging_mixin.py:190} INFO - [2024-11-18T19:16:33.991+0000] {dag.py:4180} INFO - Setting next_dagrun for read_dataset_event to 2024-11-17 00:00:00+00:00, run_after=2024-11-18 00:00:00+00:00
[2024-11-18T19:16:33.995+0000] {logging_mixin.py:190} INFO - [2024-11-18T19:16:33.995+0000] {dag.py:4180} INFO - Setting next_dagrun for read_dataset_event_from_classic to 2024-11-17 00:00:00+00:00, run_after=2024-11-18 00:00:00+00:00
[2024-11-18T19:16:34.026+0000] {processor.py:208} INFO - Processing /home/airflow/.local/lib/python3.12/site-packages/airflow/example_dags/example_inlet_event_extra.py took 0.570 seconds
[2024-11-18T19:17:04.248+0000] {processor.py:186} INFO - Started process (PID=1861) to work on /home/airflow/.local/lib/python3.12/site-packages/airflow/example_dags/example_inlet_event_extra.py
[2024-11-18T19:17:04.249+0000] {processor.py:914} INFO - Processing file /home/airflow/.local/lib/python3.12/site-packages/airflow/example_dags/example_inlet_event_extra.py for tasks to queue
[2024-11-18T19:17:04.251+0000] {logging_mixin.py:190} INFO - [2024-11-18T19:17:04.251+0000] {dagbag.py:588} INFO - Filling up the DagBag from /home/airflow/.local/lib/python3.12/site-packages/airflow/example_dags/example_inlet_event_extra.py
[2024-11-18T19:17:04.751+0000] {processor.py:925} INFO - DAG(s) 'read_dataset_event_from_classic', 'read_dataset_event' retrieved from /home/airflow/.local/lib/python3.12/site-packages/airflow/example_dags/example_inlet_event_extra.py
[2024-11-18T19:17:04.767+0000] {logging_mixin.py:190} INFO - [2024-11-18T19:17:04.767+0000] {dag.py:3239} INFO - Sync 2 DAGs
[2024-11-18T19:17:04.787+0000] {logging_mixin.py:190} INFO - [2024-11-18T19:17:04.786+0000] {dag.py:4180} INFO - Setting next_dagrun for read_dataset_event to 2024-11-17 00:00:00+00:00, run_after=2024-11-18 00:00:00+00:00
[2024-11-18T19:17:04.790+0000] {logging_mixin.py:190} INFO - [2024-11-18T19:17:04.790+0000] {dag.py:4180} INFO - Setting next_dagrun for read_dataset_event_from_classic to 2024-11-17 00:00:00+00:00, run_after=2024-11-18 00:00:00+00:00
[2024-11-18T19:17:04.805+0000] {processor.py:208} INFO - Processing /home/airflow/.local/lib/python3.12/site-packages/airflow/example_dags/example_inlet_event_extra.py took 0.563 seconds
[2024-11-18T19:17:35.732+0000] {processor.py:186} INFO - Started process (PID=1925) to work on /home/airflow/.local/lib/python3.12/site-packages/airflow/example_dags/example_inlet_event_extra.py
[2024-11-18T19:17:35.733+0000] {processor.py:914} INFO - Processing file /home/airflow/.local/lib/python3.12/site-packages/airflow/example_dags/example_inlet_event_extra.py for tasks to queue
[2024-11-18T19:17:35.734+0000] {logging_mixin.py:190} INFO - [2024-11-18T19:17:35.734+0000] {dagbag.py:588} INFO - Filling up the DagBag from /home/airflow/.local/lib/python3.12/site-packages/airflow/example_dags/example_inlet_event_extra.py
[2024-11-18T19:17:36.210+0000] {processor.py:925} INFO - DAG(s) 'read_dataset_event_from_classic', 'read_dataset_event' retrieved from /home/airflow/.local/lib/python3.12/site-packages/airflow/example_dags/example_inlet_event_extra.py
[2024-11-18T19:17:36.225+0000] {logging_mixin.py:190} INFO - [2024-11-18T19:17:36.225+0000] {dag.py:3239} INFO - Sync 2 DAGs
[2024-11-18T19:17:36.244+0000] {logging_mixin.py:190} INFO - [2024-11-18T19:17:36.244+0000] {dag.py:4180} INFO - Setting next_dagrun for read_dataset_event to 2024-11-17 00:00:00+00:00, run_after=2024-11-18 00:00:00+00:00
[2024-11-18T19:17:36.247+0000] {logging_mixin.py:190} INFO - [2024-11-18T19:17:36.247+0000] {dag.py:4180} INFO - Setting next_dagrun for read_dataset_event_from_classic to 2024-11-17 00:00:00+00:00, run_after=2024-11-18 00:00:00+00:00
[2024-11-18T19:17:36.269+0000] {processor.py:208} INFO - Processing /home/airflow/.local/lib/python3.12/site-packages/airflow/example_dags/example_inlet_event_extra.py took 0.542 seconds
[2024-11-18T19:18:07.098+0000] {processor.py:186} INFO - Started process (PID=1990) to work on /home/airflow/.local/lib/python3.12/site-packages/airflow/example_dags/example_inlet_event_extra.py
[2024-11-18T19:18:07.098+0000] {processor.py:914} INFO - Processing file /home/airflow/.local/lib/python3.12/site-packages/airflow/example_dags/example_inlet_event_extra.py for tasks to queue
[2024-11-18T19:18:07.100+0000] {logging_mixin.py:190} INFO - [2024-11-18T19:18:07.100+0000] {dagbag.py:588} INFO - Filling up the DagBag from /home/airflow/.local/lib/python3.12/site-packages/airflow/example_dags/example_inlet_event_extra.py
[2024-11-18T19:18:07.607+0000] {processor.py:925} INFO - DAG(s) 'read_dataset_event_from_classic', 'read_dataset_event' retrieved from /home/airflow/.local/lib/python3.12/site-packages/airflow/example_dags/example_inlet_event_extra.py
[2024-11-18T19:18:07.623+0000] {logging_mixin.py:190} INFO - [2024-11-18T19:18:07.623+0000] {dag.py:3239} INFO - Sync 2 DAGs
[2024-11-18T19:18:07.642+0000] {logging_mixin.py:190} INFO - [2024-11-18T19:18:07.642+0000] {dag.py:4180} INFO - Setting next_dagrun for read_dataset_event to 2024-11-17 00:00:00+00:00, run_after=2024-11-18 00:00:00+00:00
[2024-11-18T19:18:07.646+0000] {logging_mixin.py:190} INFO - [2024-11-18T19:18:07.645+0000] {dag.py:4180} INFO - Setting next_dagrun for read_dataset_event_from_classic to 2024-11-17 00:00:00+00:00, run_after=2024-11-18 00:00:00+00:00
[2024-11-18T19:18:07.664+0000] {processor.py:208} INFO - Processing /home/airflow/.local/lib/python3.12/site-packages/airflow/example_dags/example_inlet_event_extra.py took 0.571 seconds
[2024-11-18T19:18:38.582+0000] {processor.py:186} INFO - Started process (PID=2056) to work on /home/airflow/.local/lib/python3.12/site-packages/airflow/example_dags/example_inlet_event_extra.py
[2024-11-18T19:18:38.583+0000] {processor.py:914} INFO - Processing file /home/airflow/.local/lib/python3.12/site-packages/airflow/example_dags/example_inlet_event_extra.py for tasks to queue
[2024-11-18T19:18:38.586+0000] {logging_mixin.py:190} INFO - [2024-11-18T19:18:38.586+0000] {dagbag.py:588} INFO - Filling up the DagBag from /home/airflow/.local/lib/python3.12/site-packages/airflow/example_dags/example_inlet_event_extra.py
[2024-11-18T19:18:39.110+0000] {processor.py:925} INFO - DAG(s) 'read_dataset_event_from_classic', 'read_dataset_event' retrieved from /home/airflow/.local/lib/python3.12/site-packages/airflow/example_dags/example_inlet_event_extra.py
[2024-11-18T19:18:39.127+0000] {logging_mixin.py:190} INFO - [2024-11-18T19:18:39.126+0000] {dag.py:3239} INFO - Sync 2 DAGs
[2024-11-18T19:18:39.145+0000] {logging_mixin.py:190} INFO - [2024-11-18T19:18:39.145+0000] {dag.py:4180} INFO - Setting next_dagrun for read_dataset_event to 2024-11-17 00:00:00+00:00, run_after=2024-11-18 00:00:00+00:00
[2024-11-18T19:18:39.149+0000] {logging_mixin.py:190} INFO - [2024-11-18T19:18:39.149+0000] {dag.py:4180} INFO - Setting next_dagrun for read_dataset_event_from_classic to 2024-11-17 00:00:00+00:00, run_after=2024-11-18 00:00:00+00:00
[2024-11-18T19:18:39.165+0000] {processor.py:208} INFO - Processing /home/airflow/.local/lib/python3.12/site-packages/airflow/example_dags/example_inlet_event_extra.py took 0.590 seconds
[2024-11-18T19:19:09.990+0000] {processor.py:186} INFO - Started process (PID=2122) to work on /home/airflow/.local/lib/python3.12/site-packages/airflow/example_dags/example_inlet_event_extra.py
[2024-11-18T19:19:09.991+0000] {processor.py:914} INFO - Processing file /home/airflow/.local/lib/python3.12/site-packages/airflow/example_dags/example_inlet_event_extra.py for tasks to queue
[2024-11-18T19:19:09.993+0000] {logging_mixin.py:190} INFO - [2024-11-18T19:19:09.993+0000] {dagbag.py:588} INFO - Filling up the DagBag from /home/airflow/.local/lib/python3.12/site-packages/airflow/example_dags/example_inlet_event_extra.py
[2024-11-18T19:19:10.525+0000] {processor.py:925} INFO - DAG(s) 'read_dataset_event', 'read_dataset_event_from_classic' retrieved from /home/airflow/.local/lib/python3.12/site-packages/airflow/example_dags/example_inlet_event_extra.py
[2024-11-18T19:19:10.540+0000] {logging_mixin.py:190} INFO - [2024-11-18T19:19:10.540+0000] {dag.py:3239} INFO - Sync 2 DAGs
[2024-11-18T19:19:10.562+0000] {logging_mixin.py:190} INFO - [2024-11-18T19:19:10.562+0000] {dag.py:4180} INFO - Setting next_dagrun for read_dataset_event to 2024-11-17 00:00:00+00:00, run_after=2024-11-18 00:00:00+00:00
[2024-11-18T19:19:10.567+0000] {logging_mixin.py:190} INFO - [2024-11-18T19:19:10.566+0000] {dag.py:4180} INFO - Setting next_dagrun for read_dataset_event_from_classic to 2024-11-17 00:00:00+00:00, run_after=2024-11-18 00:00:00+00:00
[2024-11-18T19:19:10.583+0000] {processor.py:208} INFO - Processing /home/airflow/.local/lib/python3.12/site-packages/airflow/example_dags/example_inlet_event_extra.py took 0.598 seconds
[2024-11-18T19:19:41.256+0000] {processor.py:186} INFO - Started process (PID=2187) to work on /home/airflow/.local/lib/python3.12/site-packages/airflow/example_dags/example_inlet_event_extra.py
[2024-11-18T19:19:41.257+0000] {processor.py:914} INFO - Processing file /home/airflow/.local/lib/python3.12/site-packages/airflow/example_dags/example_inlet_event_extra.py for tasks to queue
[2024-11-18T19:19:41.258+0000] {logging_mixin.py:190} INFO - [2024-11-18T19:19:41.258+0000] {dagbag.py:588} INFO - Filling up the DagBag from /home/airflow/.local/lib/python3.12/site-packages/airflow/example_dags/example_inlet_event_extra.py
[2024-11-18T19:19:41.743+0000] {processor.py:925} INFO - DAG(s) 'read_dataset_event_from_classic', 'read_dataset_event' retrieved from /home/airflow/.local/lib/python3.12/site-packages/airflow/example_dags/example_inlet_event_extra.py
[2024-11-18T19:19:41.771+0000] {logging_mixin.py:190} INFO - [2024-11-18T19:19:41.770+0000] {dag.py:3239} INFO - Sync 2 DAGs
[2024-11-18T19:19:41.803+0000] {logging_mixin.py:190} INFO - [2024-11-18T19:19:41.803+0000] {dag.py:4180} INFO - Setting next_dagrun for read_dataset_event to 2024-11-17 00:00:00+00:00, run_after=2024-11-18 00:00:00+00:00
[2024-11-18T19:19:41.810+0000] {logging_mixin.py:190} INFO - [2024-11-18T19:19:41.809+0000] {dag.py:4180} INFO - Setting next_dagrun for read_dataset_event_from_classic to 2024-11-17 00:00:00+00:00, run_after=2024-11-18 00:00:00+00:00
[2024-11-18T19:19:41.832+0000] {processor.py:208} INFO - Processing /home/airflow/.local/lib/python3.12/site-packages/airflow/example_dags/example_inlet_event_extra.py took 0.580 seconds
[2024-11-18T19:20:12.975+0000] {processor.py:186} INFO - Started process (PID=2256) to work on /home/airflow/.local/lib/python3.12/site-packages/airflow/example_dags/example_inlet_event_extra.py
[2024-11-18T19:20:12.975+0000] {processor.py:914} INFO - Processing file /home/airflow/.local/lib/python3.12/site-packages/airflow/example_dags/example_inlet_event_extra.py for tasks to queue
[2024-11-18T19:20:12.977+0000] {logging_mixin.py:190} INFO - [2024-11-18T19:20:12.977+0000] {dagbag.py:588} INFO - Filling up the DagBag from /home/airflow/.local/lib/python3.12/site-packages/airflow/example_dags/example_inlet_event_extra.py
[2024-11-18T19:20:13.510+0000] {processor.py:925} INFO - DAG(s) 'read_dataset_event_from_classic', 'read_dataset_event' retrieved from /home/airflow/.local/lib/python3.12/site-packages/airflow/example_dags/example_inlet_event_extra.py
[2024-11-18T19:20:13.526+0000] {logging_mixin.py:190} INFO - [2024-11-18T19:20:13.525+0000] {dag.py:3239} INFO - Sync 2 DAGs
[2024-11-18T19:20:13.544+0000] {logging_mixin.py:190} INFO - [2024-11-18T19:20:13.544+0000] {dag.py:4180} INFO - Setting next_dagrun for read_dataset_event to 2024-11-17 00:00:00+00:00, run_after=2024-11-18 00:00:00+00:00
[2024-11-18T19:20:13.548+0000] {logging_mixin.py:190} INFO - [2024-11-18T19:20:13.548+0000] {dag.py:4180} INFO - Setting next_dagrun for read_dataset_event_from_classic to 2024-11-17 00:00:00+00:00, run_after=2024-11-18 00:00:00+00:00
[2024-11-18T19:20:13.564+0000] {processor.py:208} INFO - Processing /home/airflow/.local/lib/python3.12/site-packages/airflow/example_dags/example_inlet_event_extra.py took 0.594 seconds
[2024-11-18T19:20:44.217+0000] {processor.py:186} INFO - Started process (PID=2323) to work on /home/airflow/.local/lib/python3.12/site-packages/airflow/example_dags/example_inlet_event_extra.py
[2024-11-18T19:20:44.217+0000] {processor.py:914} INFO - Processing file /home/airflow/.local/lib/python3.12/site-packages/airflow/example_dags/example_inlet_event_extra.py for tasks to queue
[2024-11-18T19:20:44.219+0000] {logging_mixin.py:190} INFO - [2024-11-18T19:20:44.218+0000] {dagbag.py:588} INFO - Filling up the DagBag from /home/airflow/.local/lib/python3.12/site-packages/airflow/example_dags/example_inlet_event_extra.py
[2024-11-18T19:20:44.712+0000] {processor.py:925} INFO - DAG(s) 'read_dataset_event', 'read_dataset_event_from_classic' retrieved from /home/airflow/.local/lib/python3.12/site-packages/airflow/example_dags/example_inlet_event_extra.py
[2024-11-18T19:20:44.734+0000] {logging_mixin.py:190} INFO - [2024-11-18T19:20:44.733+0000] {dag.py:3239} INFO - Sync 2 DAGs
[2024-11-18T19:20:44.756+0000] {logging_mixin.py:190} INFO - [2024-11-18T19:20:44.756+0000] {dag.py:4180} INFO - Setting next_dagrun for read_dataset_event to 2024-11-17 00:00:00+00:00, run_after=2024-11-18 00:00:00+00:00
[2024-11-18T19:20:44.763+0000] {logging_mixin.py:190} INFO - [2024-11-18T19:20:44.763+0000] {dag.py:4180} INFO - Setting next_dagrun for read_dataset_event_from_classic to 2024-11-17 00:00:00+00:00, run_after=2024-11-18 00:00:00+00:00
[2024-11-18T19:20:44.785+0000] {processor.py:208} INFO - Processing /home/airflow/.local/lib/python3.12/site-packages/airflow/example_dags/example_inlet_event_extra.py took 0.573 seconds
[2024-11-18T19:21:15.173+0000] {processor.py:186} INFO - Started process (PID=2394) to work on /home/airflow/.local/lib/python3.12/site-packages/airflow/example_dags/example_inlet_event_extra.py
[2024-11-18T19:21:15.173+0000] {processor.py:914} INFO - Processing file /home/airflow/.local/lib/python3.12/site-packages/airflow/example_dags/example_inlet_event_extra.py for tasks to queue
[2024-11-18T19:21:15.175+0000] {logging_mixin.py:190} INFO - [2024-11-18T19:21:15.175+0000] {dagbag.py:588} INFO - Filling up the DagBag from /home/airflow/.local/lib/python3.12/site-packages/airflow/example_dags/example_inlet_event_extra.py
[2024-11-18T19:21:15.669+0000] {processor.py:925} INFO - DAG(s) 'read_dataset_event_from_classic', 'read_dataset_event' retrieved from /home/airflow/.local/lib/python3.12/site-packages/airflow/example_dags/example_inlet_event_extra.py
[2024-11-18T19:21:15.687+0000] {logging_mixin.py:190} INFO - [2024-11-18T19:21:15.686+0000] {dag.py:3239} INFO - Sync 2 DAGs
[2024-11-18T19:21:15.706+0000] {logging_mixin.py:190} INFO - [2024-11-18T19:21:15.705+0000] {dag.py:4180} INFO - Setting next_dagrun for read_dataset_event to 2024-11-17 00:00:00+00:00, run_after=2024-11-18 00:00:00+00:00
[2024-11-18T19:21:15.709+0000] {logging_mixin.py:190} INFO - [2024-11-18T19:21:15.709+0000] {dag.py:4180} INFO - Setting next_dagrun for read_dataset_event_from_classic to 2024-11-17 00:00:00+00:00, run_after=2024-11-18 00:00:00+00:00
[2024-11-18T19:21:15.728+0000] {processor.py:208} INFO - Processing /home/airflow/.local/lib/python3.12/site-packages/airflow/example_dags/example_inlet_event_extra.py took 0.560 seconds
[2024-11-18T19:21:46.483+0000] {processor.py:186} INFO - Started process (PID=2458) to work on /home/airflow/.local/lib/python3.12/site-packages/airflow/example_dags/example_inlet_event_extra.py
[2024-11-18T19:21:46.483+0000] {processor.py:914} INFO - Processing file /home/airflow/.local/lib/python3.12/site-packages/airflow/example_dags/example_inlet_event_extra.py for tasks to queue
[2024-11-18T19:21:46.485+0000] {logging_mixin.py:190} INFO - [2024-11-18T19:21:46.485+0000] {dagbag.py:588} INFO - Filling up the DagBag from /home/airflow/.local/lib/python3.12/site-packages/airflow/example_dags/example_inlet_event_extra.py
[2024-11-18T19:21:46.974+0000] {processor.py:925} INFO - DAG(s) 'read_dataset_event', 'read_dataset_event_from_classic' retrieved from /home/airflow/.local/lib/python3.12/site-packages/airflow/example_dags/example_inlet_event_extra.py
[2024-11-18T19:21:46.990+0000] {logging_mixin.py:190} INFO - [2024-11-18T19:21:46.989+0000] {dag.py:3239} INFO - Sync 2 DAGs
[2024-11-18T19:21:47.009+0000] {logging_mixin.py:190} INFO - [2024-11-18T19:21:47.009+0000] {dag.py:4180} INFO - Setting next_dagrun for read_dataset_event to 2024-11-17 00:00:00+00:00, run_after=2024-11-18 00:00:00+00:00
[2024-11-18T19:21:47.013+0000] {logging_mixin.py:190} INFO - [2024-11-18T19:21:47.013+0000] {dag.py:4180} INFO - Setting next_dagrun for read_dataset_event_from_classic to 2024-11-17 00:00:00+00:00, run_after=2024-11-18 00:00:00+00:00
[2024-11-18T19:21:47.028+0000] {processor.py:208} INFO - Processing /home/airflow/.local/lib/python3.12/site-packages/airflow/example_dags/example_inlet_event_extra.py took 0.552 seconds
[2024-11-18T19:22:17.993+0000] {processor.py:186} INFO - Started process (PID=2528) to work on /home/airflow/.local/lib/python3.12/site-packages/airflow/example_dags/example_inlet_event_extra.py
[2024-11-18T19:22:17.993+0000] {processor.py:914} INFO - Processing file /home/airflow/.local/lib/python3.12/site-packages/airflow/example_dags/example_inlet_event_extra.py for tasks to queue
[2024-11-18T19:22:17.995+0000] {logging_mixin.py:190} INFO - [2024-11-18T19:22:17.995+0000] {dagbag.py:588} INFO - Filling up the DagBag from /home/airflow/.local/lib/python3.12/site-packages/airflow/example_dags/example_inlet_event_extra.py
[2024-11-18T19:22:18.482+0000] {processor.py:925} INFO - DAG(s) 'read_dataset_event_from_classic', 'read_dataset_event' retrieved from /home/airflow/.local/lib/python3.12/site-packages/airflow/example_dags/example_inlet_event_extra.py
[2024-11-18T19:22:18.498+0000] {logging_mixin.py:190} INFO - [2024-11-18T19:22:18.498+0000] {dag.py:3239} INFO - Sync 2 DAGs
[2024-11-18T19:22:18.518+0000] {logging_mixin.py:190} INFO - [2024-11-18T19:22:18.518+0000] {dag.py:4180} INFO - Setting next_dagrun for read_dataset_event to 2024-11-17 00:00:00+00:00, run_after=2024-11-18 00:00:00+00:00
[2024-11-18T19:22:18.522+0000] {logging_mixin.py:190} INFO - [2024-11-18T19:22:18.522+0000] {dag.py:4180} INFO - Setting next_dagrun for read_dataset_event_from_classic to 2024-11-17 00:00:00+00:00, run_after=2024-11-18 00:00:00+00:00
[2024-11-18T19:22:18.536+0000] {processor.py:208} INFO - Processing /home/airflow/.local/lib/python3.12/site-packages/airflow/example_dags/example_inlet_event_extra.py took 0.548 seconds
[2024-11-18T19:22:49.148+0000] {processor.py:186} INFO - Started process (PID=2595) to work on /home/airflow/.local/lib/python3.12/site-packages/airflow/example_dags/example_inlet_event_extra.py
[2024-11-18T19:22:49.149+0000] {processor.py:914} INFO - Processing file /home/airflow/.local/lib/python3.12/site-packages/airflow/example_dags/example_inlet_event_extra.py for tasks to queue
[2024-11-18T19:22:49.151+0000] {logging_mixin.py:190} INFO - [2024-11-18T19:22:49.151+0000] {dagbag.py:588} INFO - Filling up the DagBag from /home/airflow/.local/lib/python3.12/site-packages/airflow/example_dags/example_inlet_event_extra.py
[2024-11-18T19:22:49.664+0000] {processor.py:925} INFO - DAG(s) 'read_dataset_event', 'read_dataset_event_from_classic' retrieved from /home/airflow/.local/lib/python3.12/site-packages/airflow/example_dags/example_inlet_event_extra.py
[2024-11-18T19:22:49.679+0000] {logging_mixin.py:190} INFO - [2024-11-18T19:22:49.679+0000] {dag.py:3239} INFO - Sync 2 DAGs
[2024-11-18T19:22:49.699+0000] {logging_mixin.py:190} INFO - [2024-11-18T19:22:49.699+0000] {dag.py:4180} INFO - Setting next_dagrun for read_dataset_event to 2024-11-17 00:00:00+00:00, run_after=2024-11-18 00:00:00+00:00
[2024-11-18T19:22:49.703+0000] {logging_mixin.py:190} INFO - [2024-11-18T19:22:49.703+0000] {dag.py:4180} INFO - Setting next_dagrun for read_dataset_event_from_classic to 2024-11-17 00:00:00+00:00, run_after=2024-11-18 00:00:00+00:00
[2024-11-18T19:22:49.718+0000] {processor.py:208} INFO - Processing /home/airflow/.local/lib/python3.12/site-packages/airflow/example_dags/example_inlet_event_extra.py took 0.576 seconds
[2024-11-18T19:23:20.747+0000] {processor.py:186} INFO - Started process (PID=2661) to work on /home/airflow/.local/lib/python3.12/site-packages/airflow/example_dags/example_inlet_event_extra.py
[2024-11-18T19:23:20.747+0000] {processor.py:914} INFO - Processing file /home/airflow/.local/lib/python3.12/site-packages/airflow/example_dags/example_inlet_event_extra.py for tasks to queue
[2024-11-18T19:23:20.749+0000] {logging_mixin.py:190} INFO - [2024-11-18T19:23:20.749+0000] {dagbag.py:588} INFO - Filling up the DagBag from /home/airflow/.local/lib/python3.12/site-packages/airflow/example_dags/example_inlet_event_extra.py
[2024-11-18T19:23:21.338+0000] {processor.py:925} INFO - DAG(s) 'read_dataset_event', 'read_dataset_event_from_classic' retrieved from /home/airflow/.local/lib/python3.12/site-packages/airflow/example_dags/example_inlet_event_extra.py
[2024-11-18T19:23:21.353+0000] {logging_mixin.py:190} INFO - [2024-11-18T19:23:21.353+0000] {dag.py:3239} INFO - Sync 2 DAGs
[2024-11-18T19:23:21.378+0000] {logging_mixin.py:190} INFO - [2024-11-18T19:23:21.378+0000] {dag.py:4180} INFO - Setting next_dagrun for read_dataset_event to 2024-11-17 00:00:00+00:00, run_after=2024-11-18 00:00:00+00:00
[2024-11-18T19:23:21.382+0000] {logging_mixin.py:190} INFO - [2024-11-18T19:23:21.382+0000] {dag.py:4180} INFO - Setting next_dagrun for read_dataset_event_from_classic to 2024-11-17 00:00:00+00:00, run_after=2024-11-18 00:00:00+00:00
[2024-11-18T19:23:21.401+0000] {processor.py:208} INFO - Processing /home/airflow/.local/lib/python3.12/site-packages/airflow/example_dags/example_inlet_event_extra.py took 0.660 seconds
[2024-11-18T19:23:51.655+0000] {processor.py:186} INFO - Started process (PID=2725) to work on /home/airflow/.local/lib/python3.12/site-packages/airflow/example_dags/example_inlet_event_extra.py
[2024-11-18T19:23:51.656+0000] {processor.py:914} INFO - Processing file /home/airflow/.local/lib/python3.12/site-packages/airflow/example_dags/example_inlet_event_extra.py for tasks to queue
[2024-11-18T19:23:51.658+0000] {logging_mixin.py:190} INFO - [2024-11-18T19:23:51.657+0000] {dagbag.py:588} INFO - Filling up the DagBag from /home/airflow/.local/lib/python3.12/site-packages/airflow/example_dags/example_inlet_event_extra.py
[2024-11-18T19:23:52.275+0000] {processor.py:925} INFO - DAG(s) 'read_dataset_event_from_classic', 'read_dataset_event' retrieved from /home/airflow/.local/lib/python3.12/site-packages/airflow/example_dags/example_inlet_event_extra.py
[2024-11-18T19:23:52.290+0000] {logging_mixin.py:190} INFO - [2024-11-18T19:23:52.290+0000] {dag.py:3239} INFO - Sync 2 DAGs
[2024-11-18T19:23:52.310+0000] {logging_mixin.py:190} INFO - [2024-11-18T19:23:52.310+0000] {dag.py:4180} INFO - Setting next_dagrun for read_dataset_event to 2024-11-17 00:00:00+00:00, run_after=2024-11-18 00:00:00+00:00
[2024-11-18T19:23:52.314+0000] {logging_mixin.py:190} INFO - [2024-11-18T19:23:52.314+0000] {dag.py:4180} INFO - Setting next_dagrun for read_dataset_event_from_classic to 2024-11-17 00:00:00+00:00, run_after=2024-11-18 00:00:00+00:00
[2024-11-18T19:23:52.340+0000] {processor.py:208} INFO - Processing /home/airflow/.local/lib/python3.12/site-packages/airflow/example_dags/example_inlet_event_extra.py took 0.690 seconds
[2024-11-18T19:24:23.423+0000] {processor.py:186} INFO - Started process (PID=2788) to work on /home/airflow/.local/lib/python3.12/site-packages/airflow/example_dags/example_inlet_event_extra.py
[2024-11-18T19:24:23.427+0000] {processor.py:914} INFO - Processing file /home/airflow/.local/lib/python3.12/site-packages/airflow/example_dags/example_inlet_event_extra.py for tasks to queue
[2024-11-18T19:24:23.432+0000] {logging_mixin.py:190} INFO - [2024-11-18T19:24:23.431+0000] {dagbag.py:588} INFO - Filling up the DagBag from /home/airflow/.local/lib/python3.12/site-packages/airflow/example_dags/example_inlet_event_extra.py
[2024-11-18T19:24:24.484+0000] {processor.py:925} INFO - DAG(s) 'read_dataset_event', 'read_dataset_event_from_classic' retrieved from /home/airflow/.local/lib/python3.12/site-packages/airflow/example_dags/example_inlet_event_extra.py
[2024-11-18T19:24:24.505+0000] {logging_mixin.py:190} INFO - [2024-11-18T19:24:24.505+0000] {dag.py:3239} INFO - Sync 2 DAGs
[2024-11-18T19:24:24.534+0000] {logging_mixin.py:190} INFO - [2024-11-18T19:24:24.534+0000] {dag.py:4180} INFO - Setting next_dagrun for read_dataset_event to 2024-11-17 00:00:00+00:00, run_after=2024-11-18 00:00:00+00:00
[2024-11-18T19:24:24.540+0000] {logging_mixin.py:190} INFO - [2024-11-18T19:24:24.540+0000] {dag.py:4180} INFO - Setting next_dagrun for read_dataset_event_from_classic to 2024-11-17 00:00:00+00:00, run_after=2024-11-18 00:00:00+00:00
[2024-11-18T19:24:24.559+0000] {processor.py:208} INFO - Processing /home/airflow/.local/lib/python3.12/site-packages/airflow/example_dags/example_inlet_event_extra.py took 1.151 seconds
[2024-11-18T19:24:54.803+0000] {processor.py:186} INFO - Started process (PID=2859) to work on /home/airflow/.local/lib/python3.12/site-packages/airflow/example_dags/example_inlet_event_extra.py
[2024-11-18T19:24:54.803+0000] {processor.py:914} INFO - Processing file /home/airflow/.local/lib/python3.12/site-packages/airflow/example_dags/example_inlet_event_extra.py for tasks to queue
[2024-11-18T19:24:54.806+0000] {logging_mixin.py:190} INFO - [2024-11-18T19:24:54.805+0000] {dagbag.py:588} INFO - Filling up the DagBag from /home/airflow/.local/lib/python3.12/site-packages/airflow/example_dags/example_inlet_event_extra.py
[2024-11-18T19:24:55.452+0000] {processor.py:925} INFO - DAG(s) 'read_dataset_event_from_classic', 'read_dataset_event' retrieved from /home/airflow/.local/lib/python3.12/site-packages/airflow/example_dags/example_inlet_event_extra.py
[2024-11-18T19:24:55.475+0000] {logging_mixin.py:190} INFO - [2024-11-18T19:24:55.475+0000] {dag.py:3239} INFO - Sync 2 DAGs
[2024-11-18T19:24:55.504+0000] {logging_mixin.py:190} INFO - [2024-11-18T19:24:55.503+0000] {dag.py:4180} INFO - Setting next_dagrun for read_dataset_event to 2024-11-17 00:00:00+00:00, run_after=2024-11-18 00:00:00+00:00
[2024-11-18T19:24:55.509+0000] {logging_mixin.py:190} INFO - [2024-11-18T19:24:55.509+0000] {dag.py:4180} INFO - Setting next_dagrun for read_dataset_event_from_classic to 2024-11-17 00:00:00+00:00, run_after=2024-11-18 00:00:00+00:00
[2024-11-18T19:24:55.529+0000] {processor.py:208} INFO - Processing /home/airflow/.local/lib/python3.12/site-packages/airflow/example_dags/example_inlet_event_extra.py took 0.732 seconds
[2024-11-18T19:25:26.126+0000] {processor.py:186} INFO - Started process (PID=2922) to work on /home/airflow/.local/lib/python3.12/site-packages/airflow/example_dags/example_inlet_event_extra.py
[2024-11-18T19:25:26.127+0000] {processor.py:914} INFO - Processing file /home/airflow/.local/lib/python3.12/site-packages/airflow/example_dags/example_inlet_event_extra.py for tasks to queue
[2024-11-18T19:25:26.129+0000] {logging_mixin.py:190} INFO - [2024-11-18T19:25:26.128+0000] {dagbag.py:588} INFO - Filling up the DagBag from /home/airflow/.local/lib/python3.12/site-packages/airflow/example_dags/example_inlet_event_extra.py
[2024-11-18T19:25:26.634+0000] {processor.py:925} INFO - DAG(s) 'read_dataset_event', 'read_dataset_event_from_classic' retrieved from /home/airflow/.local/lib/python3.12/site-packages/airflow/example_dags/example_inlet_event_extra.py
[2024-11-18T19:25:26.650+0000] {logging_mixin.py:190} INFO - [2024-11-18T19:25:26.650+0000] {dag.py:3239} INFO - Sync 2 DAGs
[2024-11-18T19:25:26.669+0000] {logging_mixin.py:190} INFO - [2024-11-18T19:25:26.669+0000] {dag.py:4180} INFO - Setting next_dagrun for read_dataset_event to 2024-11-17 00:00:00+00:00, run_after=2024-11-18 00:00:00+00:00
[2024-11-18T19:25:26.673+0000] {logging_mixin.py:190} INFO - [2024-11-18T19:25:26.673+0000] {dag.py:4180} INFO - Setting next_dagrun for read_dataset_event_from_classic to 2024-11-17 00:00:00+00:00, run_after=2024-11-18 00:00:00+00:00
[2024-11-18T19:25:26.691+0000] {processor.py:208} INFO - Processing /home/airflow/.local/lib/python3.12/site-packages/airflow/example_dags/example_inlet_event_extra.py took 0.571 seconds
[2024-11-18T19:25:57.681+0000] {processor.py:186} INFO - Started process (PID=2987) to work on /home/airflow/.local/lib/python3.12/site-packages/airflow/example_dags/example_inlet_event_extra.py
[2024-11-18T19:25:57.682+0000] {processor.py:914} INFO - Processing file /home/airflow/.local/lib/python3.12/site-packages/airflow/example_dags/example_inlet_event_extra.py for tasks to queue
[2024-11-18T19:25:57.684+0000] {logging_mixin.py:190} INFO - [2024-11-18T19:25:57.684+0000] {dagbag.py:588} INFO - Filling up the DagBag from /home/airflow/.local/lib/python3.12/site-packages/airflow/example_dags/example_inlet_event_extra.py
[2024-11-18T19:25:58.189+0000] {processor.py:925} INFO - DAG(s) 'read_dataset_event', 'read_dataset_event_from_classic' retrieved from /home/airflow/.local/lib/python3.12/site-packages/airflow/example_dags/example_inlet_event_extra.py
[2024-11-18T19:25:58.206+0000] {logging_mixin.py:190} INFO - [2024-11-18T19:25:58.206+0000] {dag.py:3239} INFO - Sync 2 DAGs
[2024-11-18T19:25:58.226+0000] {logging_mixin.py:190} INFO - [2024-11-18T19:25:58.226+0000] {dag.py:4180} INFO - Setting next_dagrun for read_dataset_event to 2024-11-17 00:00:00+00:00, run_after=2024-11-18 00:00:00+00:00
[2024-11-18T19:25:58.230+0000] {logging_mixin.py:190} INFO - [2024-11-18T19:25:58.230+0000] {dag.py:4180} INFO - Setting next_dagrun for read_dataset_event_from_classic to 2024-11-17 00:00:00+00:00, run_after=2024-11-18 00:00:00+00:00
[2024-11-18T19:25:58.253+0000] {processor.py:208} INFO - Processing /home/airflow/.local/lib/python3.12/site-packages/airflow/example_dags/example_inlet_event_extra.py took 0.578 seconds
[2024-11-18T19:26:28.646+0000] {processor.py:186} INFO - Started process (PID=3051) to work on /home/airflow/.local/lib/python3.12/site-packages/airflow/example_dags/example_inlet_event_extra.py
[2024-11-18T19:26:28.647+0000] {processor.py:914} INFO - Processing file /home/airflow/.local/lib/python3.12/site-packages/airflow/example_dags/example_inlet_event_extra.py for tasks to queue
[2024-11-18T19:26:28.649+0000] {logging_mixin.py:190} INFO - [2024-11-18T19:26:28.648+0000] {dagbag.py:588} INFO - Filling up the DagBag from /home/airflow/.local/lib/python3.12/site-packages/airflow/example_dags/example_inlet_event_extra.py
[2024-11-18T19:26:30.093+0000] {processor.py:925} INFO - DAG(s) 'read_dataset_event', 'read_dataset_event_from_classic' retrieved from /home/airflow/.local/lib/python3.12/site-packages/airflow/example_dags/example_inlet_event_extra.py
[2024-11-18T19:26:30.135+0000] {logging_mixin.py:190} INFO - [2024-11-18T19:26:30.135+0000] {dag.py:3239} INFO - Sync 2 DAGs
[2024-11-18T19:26:30.191+0000] {logging_mixin.py:190} INFO - [2024-11-18T19:26:30.191+0000] {dag.py:4180} INFO - Setting next_dagrun for read_dataset_event to 2024-11-17 00:00:00+00:00, run_after=2024-11-18 00:00:00+00:00
[2024-11-18T19:26:30.201+0000] {logging_mixin.py:190} INFO - [2024-11-18T19:26:30.201+0000] {dag.py:4180} INFO - Setting next_dagrun for read_dataset_event_from_classic to 2024-11-17 00:00:00+00:00, run_after=2024-11-18 00:00:00+00:00
[2024-11-18T19:26:30.235+0000] {processor.py:208} INFO - Processing /home/airflow/.local/lib/python3.12/site-packages/airflow/example_dags/example_inlet_event_extra.py took 1.595 seconds
[2024-11-18T19:27:00.511+0000] {processor.py:186} INFO - Started process (PID=3115) to work on /home/airflow/.local/lib/python3.12/site-packages/airflow/example_dags/example_inlet_event_extra.py
[2024-11-18T19:27:00.512+0000] {processor.py:914} INFO - Processing file /home/airflow/.local/lib/python3.12/site-packages/airflow/example_dags/example_inlet_event_extra.py for tasks to queue
[2024-11-18T19:27:00.514+0000] {logging_mixin.py:190} INFO - [2024-11-18T19:27:00.513+0000] {dagbag.py:588} INFO - Filling up the DagBag from /home/airflow/.local/lib/python3.12/site-packages/airflow/example_dags/example_inlet_event_extra.py
[2024-11-18T19:27:01.284+0000] {processor.py:925} INFO - DAG(s) 'read_dataset_event_from_classic', 'read_dataset_event' retrieved from /home/airflow/.local/lib/python3.12/site-packages/airflow/example_dags/example_inlet_event_extra.py
[2024-11-18T19:27:01.309+0000] {logging_mixin.py:190} INFO - [2024-11-18T19:27:01.308+0000] {dag.py:3239} INFO - Sync 2 DAGs
[2024-11-18T19:27:01.361+0000] {logging_mixin.py:190} INFO - [2024-11-18T19:27:01.360+0000] {dag.py:4180} INFO - Setting next_dagrun for read_dataset_event to 2024-11-17 00:00:00+00:00, run_after=2024-11-18 00:00:00+00:00
[2024-11-18T19:27:01.375+0000] {logging_mixin.py:190} INFO - [2024-11-18T19:27:01.375+0000] {dag.py:4180} INFO - Setting next_dagrun for read_dataset_event_from_classic to 2024-11-17 00:00:00+00:00, run_after=2024-11-18 00:00:00+00:00
[2024-11-18T19:27:01.415+0000] {processor.py:208} INFO - Processing /home/airflow/.local/lib/python3.12/site-packages/airflow/example_dags/example_inlet_event_extra.py took 0.910 seconds
[2024-11-18T19:27:31.610+0000] {processor.py:186} INFO - Started process (PID=3180) to work on /home/airflow/.local/lib/python3.12/site-packages/airflow/example_dags/example_inlet_event_extra.py
[2024-11-18T19:27:31.619+0000] {processor.py:914} INFO - Processing file /home/airflow/.local/lib/python3.12/site-packages/airflow/example_dags/example_inlet_event_extra.py for tasks to queue
[2024-11-18T19:27:31.621+0000] {logging_mixin.py:190} INFO - [2024-11-18T19:27:31.621+0000] {dagbag.py:588} INFO - Filling up the DagBag from /home/airflow/.local/lib/python3.12/site-packages/airflow/example_dags/example_inlet_event_extra.py
[2024-11-18T19:27:32.340+0000] {processor.py:925} INFO - DAG(s) 'read_dataset_event', 'read_dataset_event_from_classic' retrieved from /home/airflow/.local/lib/python3.12/site-packages/airflow/example_dags/example_inlet_event_extra.py
[2024-11-18T19:27:32.361+0000] {logging_mixin.py:190} INFO - [2024-11-18T19:27:32.361+0000] {dag.py:3239} INFO - Sync 2 DAGs
[2024-11-18T19:27:32.391+0000] {logging_mixin.py:190} INFO - [2024-11-18T19:27:32.391+0000] {dag.py:4180} INFO - Setting next_dagrun for read_dataset_event to 2024-11-17 00:00:00+00:00, run_after=2024-11-18 00:00:00+00:00
[2024-11-18T19:27:32.397+0000] {logging_mixin.py:190} INFO - [2024-11-18T19:27:32.397+0000] {dag.py:4180} INFO - Setting next_dagrun for read_dataset_event_from_classic to 2024-11-17 00:00:00+00:00, run_after=2024-11-18 00:00:00+00:00
[2024-11-18T19:27:32.414+0000] {processor.py:208} INFO - Processing /home/airflow/.local/lib/python3.12/site-packages/airflow/example_dags/example_inlet_event_extra.py took 0.810 seconds
[2024-11-18T19:28:02.783+0000] {processor.py:186} INFO - Started process (PID=3248) to work on /home/airflow/.local/lib/python3.12/site-packages/airflow/example_dags/example_inlet_event_extra.py
[2024-11-18T19:28:02.784+0000] {processor.py:914} INFO - Processing file /home/airflow/.local/lib/python3.12/site-packages/airflow/example_dags/example_inlet_event_extra.py for tasks to queue
[2024-11-18T19:28:02.786+0000] {logging_mixin.py:190} INFO - [2024-11-18T19:28:02.785+0000] {dagbag.py:588} INFO - Filling up the DagBag from /home/airflow/.local/lib/python3.12/site-packages/airflow/example_dags/example_inlet_event_extra.py
[2024-11-18T19:28:03.466+0000] {processor.py:925} INFO - DAG(s) 'read_dataset_event', 'read_dataset_event_from_classic' retrieved from /home/airflow/.local/lib/python3.12/site-packages/airflow/example_dags/example_inlet_event_extra.py
[2024-11-18T19:28:03.487+0000] {logging_mixin.py:190} INFO - [2024-11-18T19:28:03.487+0000] {dag.py:3239} INFO - Sync 2 DAGs
[2024-11-18T19:28:03.517+0000] {logging_mixin.py:190} INFO - [2024-11-18T19:28:03.517+0000] {dag.py:4180} INFO - Setting next_dagrun for read_dataset_event to 2024-11-17 00:00:00+00:00, run_after=2024-11-18 00:00:00+00:00
[2024-11-18T19:28:03.523+0000] {logging_mixin.py:190} INFO - [2024-11-18T19:28:03.523+0000] {dag.py:4180} INFO - Setting next_dagrun for read_dataset_event_from_classic to 2024-11-17 00:00:00+00:00, run_after=2024-11-18 00:00:00+00:00
[2024-11-18T19:28:03.555+0000] {processor.py:208} INFO - Processing /home/airflow/.local/lib/python3.12/site-packages/airflow/example_dags/example_inlet_event_extra.py took 0.778 seconds
[2024-11-18T19:28:34.129+0000] {processor.py:186} INFO - Started process (PID=3314) to work on /home/airflow/.local/lib/python3.12/site-packages/airflow/example_dags/example_inlet_event_extra.py
[2024-11-18T19:28:34.130+0000] {processor.py:914} INFO - Processing file /home/airflow/.local/lib/python3.12/site-packages/airflow/example_dags/example_inlet_event_extra.py for tasks to queue
[2024-11-18T19:28:34.132+0000] {logging_mixin.py:190} INFO - [2024-11-18T19:28:34.131+0000] {dagbag.py:588} INFO - Filling up the DagBag from /home/airflow/.local/lib/python3.12/site-packages/airflow/example_dags/example_inlet_event_extra.py
[2024-11-18T19:28:34.990+0000] {processor.py:925} INFO - DAG(s) 'read_dataset_event_from_classic', 'read_dataset_event' retrieved from /home/airflow/.local/lib/python3.12/site-packages/airflow/example_dags/example_inlet_event_extra.py
[2024-11-18T19:28:35.017+0000] {logging_mixin.py:190} INFO - [2024-11-18T19:28:35.017+0000] {dag.py:3239} INFO - Sync 2 DAGs
[2024-11-18T19:28:35.048+0000] {logging_mixin.py:190} INFO - [2024-11-18T19:28:35.047+0000] {dag.py:4180} INFO - Setting next_dagrun for read_dataset_event to 2024-11-17 00:00:00+00:00, run_after=2024-11-18 00:00:00+00:00
[2024-11-18T19:28:35.054+0000] {logging_mixin.py:190} INFO - [2024-11-18T19:28:35.054+0000] {dag.py:4180} INFO - Setting next_dagrun for read_dataset_event_from_classic to 2024-11-17 00:00:00+00:00, run_after=2024-11-18 00:00:00+00:00
[2024-11-18T19:28:35.076+0000] {processor.py:208} INFO - Processing /home/airflow/.local/lib/python3.12/site-packages/airflow/example_dags/example_inlet_event_extra.py took 0.953 seconds
[2024-11-18T19:29:05.517+0000] {processor.py:186} INFO - Started process (PID=3377) to work on /home/airflow/.local/lib/python3.12/site-packages/airflow/example_dags/example_inlet_event_extra.py
[2024-11-18T19:29:05.517+0000] {processor.py:914} INFO - Processing file /home/airflow/.local/lib/python3.12/site-packages/airflow/example_dags/example_inlet_event_extra.py for tasks to queue
[2024-11-18T19:29:05.519+0000] {logging_mixin.py:190} INFO - [2024-11-18T19:29:05.519+0000] {dagbag.py:588} INFO - Filling up the DagBag from /home/airflow/.local/lib/python3.12/site-packages/airflow/example_dags/example_inlet_event_extra.py
[2024-11-18T19:29:06.450+0000] {processor.py:925} INFO - DAG(s) 'read_dataset_event', 'read_dataset_event_from_classic' retrieved from /home/airflow/.local/lib/python3.12/site-packages/airflow/example_dags/example_inlet_event_extra.py
[2024-11-18T19:29:06.472+0000] {logging_mixin.py:190} INFO - [2024-11-18T19:29:06.472+0000] {dag.py:3239} INFO - Sync 2 DAGs
[2024-11-18T19:29:06.503+0000] {logging_mixin.py:190} INFO - [2024-11-18T19:29:06.503+0000] {dag.py:4180} INFO - Setting next_dagrun for read_dataset_event to 2024-11-17 00:00:00+00:00, run_after=2024-11-18 00:00:00+00:00
[2024-11-18T19:29:06.509+0000] {logging_mixin.py:190} INFO - [2024-11-18T19:29:06.508+0000] {dag.py:4180} INFO - Setting next_dagrun for read_dataset_event_from_classic to 2024-11-17 00:00:00+00:00, run_after=2024-11-18 00:00:00+00:00
[2024-11-18T19:29:06.529+0000] {processor.py:208} INFO - Processing /home/airflow/.local/lib/python3.12/site-packages/airflow/example_dags/example_inlet_event_extra.py took 1.018 seconds
[2024-11-18T19:29:37.733+0000] {processor.py:186} INFO - Started process (PID=3442) to work on /home/airflow/.local/lib/python3.12/site-packages/airflow/example_dags/example_inlet_event_extra.py
[2024-11-18T19:29:37.734+0000] {processor.py:914} INFO - Processing file /home/airflow/.local/lib/python3.12/site-packages/airflow/example_dags/example_inlet_event_extra.py for tasks to queue
[2024-11-18T19:29:37.736+0000] {logging_mixin.py:190} INFO - [2024-11-18T19:29:37.735+0000] {dagbag.py:588} INFO - Filling up the DagBag from /home/airflow/.local/lib/python3.12/site-packages/airflow/example_dags/example_inlet_event_extra.py
[2024-11-18T19:29:38.546+0000] {processor.py:925} INFO - DAG(s) 'read_dataset_event', 'read_dataset_event_from_classic' retrieved from /home/airflow/.local/lib/python3.12/site-packages/airflow/example_dags/example_inlet_event_extra.py
[2024-11-18T19:29:38.561+0000] {logging_mixin.py:190} INFO - [2024-11-18T19:29:38.561+0000] {dag.py:3239} INFO - Sync 2 DAGs
[2024-11-18T19:29:38.582+0000] {logging_mixin.py:190} INFO - [2024-11-18T19:29:38.582+0000] {dag.py:4180} INFO - Setting next_dagrun for read_dataset_event to 2024-11-17 00:00:00+00:00, run_after=2024-11-18 00:00:00+00:00
[2024-11-18T19:29:38.586+0000] {logging_mixin.py:190} INFO - [2024-11-18T19:29:38.586+0000] {dag.py:4180} INFO - Setting next_dagrun for read_dataset_event_from_classic to 2024-11-17 00:00:00+00:00, run_after=2024-11-18 00:00:00+00:00
[2024-11-18T19:29:38.601+0000] {processor.py:208} INFO - Processing /home/airflow/.local/lib/python3.12/site-packages/airflow/example_dags/example_inlet_event_extra.py took 0.874 seconds
[2024-11-18T19:30:09.785+0000] {processor.py:186} INFO - Started process (PID=3508) to work on /home/airflow/.local/lib/python3.12/site-packages/airflow/example_dags/example_inlet_event_extra.py
[2024-11-18T19:30:09.786+0000] {processor.py:914} INFO - Processing file /home/airflow/.local/lib/python3.12/site-packages/airflow/example_dags/example_inlet_event_extra.py for tasks to queue
[2024-11-18T19:30:09.788+0000] {logging_mixin.py:190} INFO - [2024-11-18T19:30:09.787+0000] {dagbag.py:588} INFO - Filling up the DagBag from /home/airflow/.local/lib/python3.12/site-packages/airflow/example_dags/example_inlet_event_extra.py
[2024-11-18T19:30:10.302+0000] {processor.py:925} INFO - DAG(s) 'read_dataset_event', 'read_dataset_event_from_classic' retrieved from /home/airflow/.local/lib/python3.12/site-packages/airflow/example_dags/example_inlet_event_extra.py
[2024-11-18T19:30:10.318+0000] {logging_mixin.py:190} INFO - [2024-11-18T19:30:10.318+0000] {dag.py:3239} INFO - Sync 2 DAGs
[2024-11-18T19:30:10.337+0000] {logging_mixin.py:190} INFO - [2024-11-18T19:30:10.337+0000] {dag.py:4180} INFO - Setting next_dagrun for read_dataset_event to 2024-11-17 00:00:00+00:00, run_after=2024-11-18 00:00:00+00:00
[2024-11-18T19:30:10.341+0000] {logging_mixin.py:190} INFO - [2024-11-18T19:30:10.341+0000] {dag.py:4180} INFO - Setting next_dagrun for read_dataset_event_from_classic to 2024-11-17 00:00:00+00:00, run_after=2024-11-18 00:00:00+00:00
[2024-11-18T19:30:10.362+0000] {processor.py:208} INFO - Processing /home/airflow/.local/lib/python3.12/site-packages/airflow/example_dags/example_inlet_event_extra.py took 0.583 seconds
