[2024-11-18T19:02:27.691+0000] {processor.py:186} INFO - Started process (PID=102) to work on /home/airflow/.local/lib/python3.12/site-packages/airflow/example_dags/example_nested_branch_dag.py
[2024-11-18T19:02:27.692+0000] {processor.py:914} INFO - Processing file /home/airflow/.local/lib/python3.12/site-packages/airflow/example_dags/example_nested_branch_dag.py for tasks to queue
[2024-11-18T19:02:27.704+0000] {logging_mixin.py:190} INFO - [2024-11-18T19:02:27.698+0000] {dagbag.py:588} INFO - Filling up the DagBag from /home/airflow/.local/lib/python3.12/site-packages/airflow/example_dags/example_nested_branch_dag.py
[2024-11-18T19:02:27.734+0000] {processor.py:925} INFO - DAG(s) 'example_nested_branch_dag' retrieved from /home/airflow/.local/lib/python3.12/site-packages/airflow/example_dags/example_nested_branch_dag.py
[2024-11-18T19:02:27.809+0000] {logging_mixin.py:190} INFO - [2024-11-18T19:02:27.809+0000] {dag.py:3239} INFO - Sync 1 DAGs
[2024-11-18T19:02:27.864+0000] {logging_mixin.py:190} INFO - [2024-11-18T19:02:27.863+0000] {dag.py:4180} INFO - Setting next_dagrun for example_nested_branch_dag to 2024-11-17 00:00:00+00:00, run_after=2024-11-18 00:00:00+00:00
[2024-11-18T19:02:27.971+0000] {processor.py:208} INFO - Processing /home/airflow/.local/lib/python3.12/site-packages/airflow/example_dags/example_nested_branch_dag.py took 0.286 seconds
[2024-11-18T19:03:00.729+0000] {processor.py:186} INFO - Started process (PID=166) to work on /home/airflow/.local/lib/python3.12/site-packages/airflow/example_dags/example_nested_branch_dag.py
[2024-11-18T19:03:00.735+0000] {processor.py:914} INFO - Processing file /home/airflow/.local/lib/python3.12/site-packages/airflow/example_dags/example_nested_branch_dag.py for tasks to queue
[2024-11-18T19:03:00.757+0000] {logging_mixin.py:190} INFO - [2024-11-18T19:03:00.757+0000] {dagbag.py:588} INFO - Filling up the DagBag from /home/airflow/.local/lib/python3.12/site-packages/airflow/example_dags/example_nested_branch_dag.py
[2024-11-18T19:03:00.784+0000] {processor.py:925} INFO - DAG(s) 'example_nested_branch_dag' retrieved from /home/airflow/.local/lib/python3.12/site-packages/airflow/example_dags/example_nested_branch_dag.py
[2024-11-18T19:03:00.830+0000] {logging_mixin.py:190} INFO - [2024-11-18T19:03:00.830+0000] {dag.py:3239} INFO - Sync 1 DAGs
[2024-11-18T19:03:00.909+0000] {logging_mixin.py:190} INFO - [2024-11-18T19:03:00.909+0000] {dag.py:4180} INFO - Setting next_dagrun for example_nested_branch_dag to 2024-11-17 00:00:00+00:00, run_after=2024-11-18 00:00:00+00:00
[2024-11-18T19:03:01.461+0000] {processor.py:208} INFO - Processing /home/airflow/.local/lib/python3.12/site-packages/airflow/example_dags/example_nested_branch_dag.py took 0.741 seconds
[2024-11-18T19:04:23.934+0000] {processor.py:186} INFO - Started process (PID=257) to work on /home/airflow/.local/lib/python3.12/site-packages/airflow/example_dags/example_nested_branch_dag.py
[2024-11-18T19:04:23.944+0000] {processor.py:914} INFO - Processing file /home/airflow/.local/lib/python3.12/site-packages/airflow/example_dags/example_nested_branch_dag.py for tasks to queue
[2024-11-18T19:04:23.952+0000] {logging_mixin.py:190} INFO - [2024-11-18T19:04:23.952+0000] {dagbag.py:588} INFO - Filling up the DagBag from /home/airflow/.local/lib/python3.12/site-packages/airflow/example_dags/example_nested_branch_dag.py
[2024-11-18T19:04:24.010+0000] {processor.py:925} INFO - DAG(s) 'example_nested_branch_dag' retrieved from /home/airflow/.local/lib/python3.12/site-packages/airflow/example_dags/example_nested_branch_dag.py
[2024-11-18T19:04:24.093+0000] {logging_mixin.py:190} INFO - [2024-11-18T19:04:24.093+0000] {dag.py:3239} INFO - Sync 1 DAGs
[2024-11-18T19:04:24.233+0000] {logging_mixin.py:190} INFO - [2024-11-18T19:04:24.232+0000] {dag.py:4180} INFO - Setting next_dagrun for example_nested_branch_dag to 2024-11-17 00:00:00+00:00, run_after=2024-11-18 00:00:00+00:00
[2024-11-18T19:04:24.359+0000] {processor.py:208} INFO - Processing /home/airflow/.local/lib/python3.12/site-packages/airflow/example_dags/example_nested_branch_dag.py took 0.449 seconds
[2024-11-18T19:04:56.169+0000] {processor.py:186} INFO - Started process (PID=321) to work on /home/airflow/.local/lib/python3.12/site-packages/airflow/example_dags/example_nested_branch_dag.py
[2024-11-18T19:04:56.169+0000] {processor.py:914} INFO - Processing file /home/airflow/.local/lib/python3.12/site-packages/airflow/example_dags/example_nested_branch_dag.py for tasks to queue
[2024-11-18T19:04:56.172+0000] {logging_mixin.py:190} INFO - [2024-11-18T19:04:56.171+0000] {dagbag.py:588} INFO - Filling up the DagBag from /home/airflow/.local/lib/python3.12/site-packages/airflow/example_dags/example_nested_branch_dag.py
[2024-11-18T19:04:56.197+0000] {processor.py:925} INFO - DAG(s) 'example_nested_branch_dag' retrieved from /home/airflow/.local/lib/python3.12/site-packages/airflow/example_dags/example_nested_branch_dag.py
[2024-11-18T19:04:56.255+0000] {logging_mixin.py:190} INFO - [2024-11-18T19:04:56.255+0000] {dag.py:3239} INFO - Sync 1 DAGs
[2024-11-18T19:04:56.309+0000] {logging_mixin.py:190} INFO - [2024-11-18T19:04:56.309+0000] {dag.py:4180} INFO - Setting next_dagrun for example_nested_branch_dag to 2024-11-17 00:00:00+00:00, run_after=2024-11-18 00:00:00+00:00
[2024-11-18T19:04:56.350+0000] {processor.py:208} INFO - Processing /home/airflow/.local/lib/python3.12/site-packages/airflow/example_dags/example_nested_branch_dag.py took 0.197 seconds
[2024-11-18T19:05:26.756+0000] {processor.py:186} INFO - Started process (PID=383) to work on /home/airflow/.local/lib/python3.12/site-packages/airflow/example_dags/example_nested_branch_dag.py
[2024-11-18T19:05:26.757+0000] {processor.py:914} INFO - Processing file /home/airflow/.local/lib/python3.12/site-packages/airflow/example_dags/example_nested_branch_dag.py for tasks to queue
[2024-11-18T19:05:26.759+0000] {logging_mixin.py:190} INFO - [2024-11-18T19:05:26.759+0000] {dagbag.py:588} INFO - Filling up the DagBag from /home/airflow/.local/lib/python3.12/site-packages/airflow/example_dags/example_nested_branch_dag.py
[2024-11-18T19:05:26.774+0000] {processor.py:925} INFO - DAG(s) 'example_nested_branch_dag' retrieved from /home/airflow/.local/lib/python3.12/site-packages/airflow/example_dags/example_nested_branch_dag.py
[2024-11-18T19:05:26.797+0000] {logging_mixin.py:190} INFO - [2024-11-18T19:05:26.796+0000] {dag.py:3239} INFO - Sync 1 DAGs
[2024-11-18T19:05:26.840+0000] {logging_mixin.py:190} INFO - [2024-11-18T19:05:26.839+0000] {dag.py:4180} INFO - Setting next_dagrun for example_nested_branch_dag to 2024-11-17 00:00:00+00:00, run_after=2024-11-18 00:00:00+00:00
[2024-11-18T19:05:26.875+0000] {processor.py:208} INFO - Processing /home/airflow/.local/lib/python3.12/site-packages/airflow/example_dags/example_nested_branch_dag.py took 0.125 seconds
[2024-11-18T19:05:57.721+0000] {processor.py:186} INFO - Started process (PID=448) to work on /home/airflow/.local/lib/python3.12/site-packages/airflow/example_dags/example_nested_branch_dag.py
[2024-11-18T19:05:57.722+0000] {processor.py:914} INFO - Processing file /home/airflow/.local/lib/python3.12/site-packages/airflow/example_dags/example_nested_branch_dag.py for tasks to queue
[2024-11-18T19:05:57.724+0000] {logging_mixin.py:190} INFO - [2024-11-18T19:05:57.724+0000] {dagbag.py:588} INFO - Filling up the DagBag from /home/airflow/.local/lib/python3.12/site-packages/airflow/example_dags/example_nested_branch_dag.py
[2024-11-18T19:05:57.736+0000] {processor.py:925} INFO - DAG(s) 'example_nested_branch_dag' retrieved from /home/airflow/.local/lib/python3.12/site-packages/airflow/example_dags/example_nested_branch_dag.py
[2024-11-18T19:05:57.761+0000] {logging_mixin.py:190} INFO - [2024-11-18T19:05:57.761+0000] {dag.py:3239} INFO - Sync 1 DAGs
[2024-11-18T19:05:57.790+0000] {logging_mixin.py:190} INFO - [2024-11-18T19:05:57.790+0000] {dag.py:4180} INFO - Setting next_dagrun for example_nested_branch_dag to 2024-11-17 00:00:00+00:00, run_after=2024-11-18 00:00:00+00:00
[2024-11-18T19:05:57.824+0000] {processor.py:208} INFO - Processing /home/airflow/.local/lib/python3.12/site-packages/airflow/example_dags/example_nested_branch_dag.py took 0.109 seconds
[2024-11-18T19:06:27.940+0000] {processor.py:186} INFO - Started process (PID=510) to work on /home/airflow/.local/lib/python3.12/site-packages/airflow/example_dags/example_nested_branch_dag.py
[2024-11-18T19:06:27.941+0000] {processor.py:914} INFO - Processing file /home/airflow/.local/lib/python3.12/site-packages/airflow/example_dags/example_nested_branch_dag.py for tasks to queue
[2024-11-18T19:06:27.943+0000] {logging_mixin.py:190} INFO - [2024-11-18T19:06:27.943+0000] {dagbag.py:588} INFO - Filling up the DagBag from /home/airflow/.local/lib/python3.12/site-packages/airflow/example_dags/example_nested_branch_dag.py
[2024-11-18T19:06:27.965+0000] {processor.py:925} INFO - DAG(s) 'example_nested_branch_dag' retrieved from /home/airflow/.local/lib/python3.12/site-packages/airflow/example_dags/example_nested_branch_dag.py
[2024-11-18T19:06:28.011+0000] {logging_mixin.py:190} INFO - [2024-11-18T19:06:28.011+0000] {dag.py:3239} INFO - Sync 1 DAGs
[2024-11-18T19:06:28.061+0000] {logging_mixin.py:190} INFO - [2024-11-18T19:06:28.061+0000] {dag.py:4180} INFO - Setting next_dagrun for example_nested_branch_dag to 2024-11-17 00:00:00+00:00, run_after=2024-11-18 00:00:00+00:00
[2024-11-18T19:06:28.097+0000] {processor.py:208} INFO - Processing /home/airflow/.local/lib/python3.12/site-packages/airflow/example_dags/example_nested_branch_dag.py took 0.162 seconds
[2024-11-18T19:06:58.505+0000] {processor.py:186} INFO - Started process (PID=575) to work on /home/airflow/.local/lib/python3.12/site-packages/airflow/example_dags/example_nested_branch_dag.py
[2024-11-18T19:06:58.506+0000] {processor.py:914} INFO - Processing file /home/airflow/.local/lib/python3.12/site-packages/airflow/example_dags/example_nested_branch_dag.py for tasks to queue
[2024-11-18T19:06:58.508+0000] {logging_mixin.py:190} INFO - [2024-11-18T19:06:58.507+0000] {dagbag.py:588} INFO - Filling up the DagBag from /home/airflow/.local/lib/python3.12/site-packages/airflow/example_dags/example_nested_branch_dag.py
[2024-11-18T19:06:58.516+0000] {processor.py:925} INFO - DAG(s) 'example_nested_branch_dag' retrieved from /home/airflow/.local/lib/python3.12/site-packages/airflow/example_dags/example_nested_branch_dag.py
[2024-11-18T19:06:58.532+0000] {logging_mixin.py:190} INFO - [2024-11-18T19:06:58.532+0000] {dag.py:3239} INFO - Sync 1 DAGs
[2024-11-18T19:06:58.554+0000] {logging_mixin.py:190} INFO - [2024-11-18T19:06:58.554+0000] {dag.py:4180} INFO - Setting next_dagrun for example_nested_branch_dag to 2024-11-17 00:00:00+00:00, run_after=2024-11-18 00:00:00+00:00
[2024-11-18T19:06:58.577+0000] {processor.py:208} INFO - Processing /home/airflow/.local/lib/python3.12/site-packages/airflow/example_dags/example_nested_branch_dag.py took 0.076 seconds
[2024-11-18T19:07:29.081+0000] {processor.py:186} INFO - Started process (PID=639) to work on /home/airflow/.local/lib/python3.12/site-packages/airflow/example_dags/example_nested_branch_dag.py
[2024-11-18T19:07:29.081+0000] {processor.py:914} INFO - Processing file /home/airflow/.local/lib/python3.12/site-packages/airflow/example_dags/example_nested_branch_dag.py for tasks to queue
[2024-11-18T19:07:29.083+0000] {logging_mixin.py:190} INFO - [2024-11-18T19:07:29.083+0000] {dagbag.py:588} INFO - Filling up the DagBag from /home/airflow/.local/lib/python3.12/site-packages/airflow/example_dags/example_nested_branch_dag.py
[2024-11-18T19:07:29.092+0000] {processor.py:925} INFO - DAG(s) 'example_nested_branch_dag' retrieved from /home/airflow/.local/lib/python3.12/site-packages/airflow/example_dags/example_nested_branch_dag.py
[2024-11-18T19:07:29.108+0000] {logging_mixin.py:190} INFO - [2024-11-18T19:07:29.108+0000] {dag.py:3239} INFO - Sync 1 DAGs
[2024-11-18T19:07:29.126+0000] {logging_mixin.py:190} INFO - [2024-11-18T19:07:29.126+0000] {dag.py:4180} INFO - Setting next_dagrun for example_nested_branch_dag to 2024-11-17 00:00:00+00:00, run_after=2024-11-18 00:00:00+00:00
[2024-11-18T19:07:29.145+0000] {processor.py:208} INFO - Processing /home/airflow/.local/lib/python3.12/site-packages/airflow/example_dags/example_nested_branch_dag.py took 0.068 seconds
[2024-11-18T19:08:00.003+0000] {processor.py:186} INFO - Started process (PID=704) to work on /home/airflow/.local/lib/python3.12/site-packages/airflow/example_dags/example_nested_branch_dag.py
[2024-11-18T19:08:00.004+0000] {processor.py:914} INFO - Processing file /home/airflow/.local/lib/python3.12/site-packages/airflow/example_dags/example_nested_branch_dag.py for tasks to queue
[2024-11-18T19:08:00.006+0000] {logging_mixin.py:190} INFO - [2024-11-18T19:08:00.005+0000] {dagbag.py:588} INFO - Filling up the DagBag from /home/airflow/.local/lib/python3.12/site-packages/airflow/example_dags/example_nested_branch_dag.py
[2024-11-18T19:08:00.018+0000] {processor.py:925} INFO - DAG(s) 'example_nested_branch_dag' retrieved from /home/airflow/.local/lib/python3.12/site-packages/airflow/example_dags/example_nested_branch_dag.py
[2024-11-18T19:08:00.042+0000] {logging_mixin.py:190} INFO - [2024-11-18T19:08:00.042+0000] {dag.py:3239} INFO - Sync 1 DAGs
[2024-11-18T19:08:00.069+0000] {logging_mixin.py:190} INFO - [2024-11-18T19:08:00.069+0000] {dag.py:4180} INFO - Setting next_dagrun for example_nested_branch_dag to 2024-11-17 00:00:00+00:00, run_after=2024-11-18 00:00:00+00:00
[2024-11-18T19:08:00.090+0000] {processor.py:208} INFO - Processing /home/airflow/.local/lib/python3.12/site-packages/airflow/example_dags/example_nested_branch_dag.py took 0.093 seconds
[2024-11-18T19:08:30.753+0000] {processor.py:186} INFO - Started process (PID=769) to work on /home/airflow/.local/lib/python3.12/site-packages/airflow/example_dags/example_nested_branch_dag.py
[2024-11-18T19:08:30.754+0000] {processor.py:914} INFO - Processing file /home/airflow/.local/lib/python3.12/site-packages/airflow/example_dags/example_nested_branch_dag.py for tasks to queue
[2024-11-18T19:08:30.756+0000] {logging_mixin.py:190} INFO - [2024-11-18T19:08:30.755+0000] {dagbag.py:588} INFO - Filling up the DagBag from /home/airflow/.local/lib/python3.12/site-packages/airflow/example_dags/example_nested_branch_dag.py
[2024-11-18T19:08:30.764+0000] {processor.py:925} INFO - DAG(s) 'example_nested_branch_dag' retrieved from /home/airflow/.local/lib/python3.12/site-packages/airflow/example_dags/example_nested_branch_dag.py
[2024-11-18T19:08:30.780+0000] {logging_mixin.py:190} INFO - [2024-11-18T19:08:30.780+0000] {dag.py:3239} INFO - Sync 1 DAGs
[2024-11-18T19:08:30.798+0000] {logging_mixin.py:190} INFO - [2024-11-18T19:08:30.798+0000] {dag.py:4180} INFO - Setting next_dagrun for example_nested_branch_dag to 2024-11-17 00:00:00+00:00, run_after=2024-11-18 00:00:00+00:00
[2024-11-18T19:08:30.815+0000] {processor.py:208} INFO - Processing /home/airflow/.local/lib/python3.12/site-packages/airflow/example_dags/example_nested_branch_dag.py took 0.067 seconds
[2024-11-18T19:09:01.314+0000] {processor.py:186} INFO - Started process (PID=833) to work on /home/airflow/.local/lib/python3.12/site-packages/airflow/example_dags/example_nested_branch_dag.py
[2024-11-18T19:09:01.314+0000] {processor.py:914} INFO - Processing file /home/airflow/.local/lib/python3.12/site-packages/airflow/example_dags/example_nested_branch_dag.py for tasks to queue
[2024-11-18T19:09:01.316+0000] {logging_mixin.py:190} INFO - [2024-11-18T19:09:01.316+0000] {dagbag.py:588} INFO - Filling up the DagBag from /home/airflow/.local/lib/python3.12/site-packages/airflow/example_dags/example_nested_branch_dag.py
[2024-11-18T19:09:01.328+0000] {processor.py:925} INFO - DAG(s) 'example_nested_branch_dag' retrieved from /home/airflow/.local/lib/python3.12/site-packages/airflow/example_dags/example_nested_branch_dag.py
[2024-11-18T19:09:01.350+0000] {logging_mixin.py:190} INFO - [2024-11-18T19:09:01.350+0000] {dag.py:3239} INFO - Sync 1 DAGs
[2024-11-18T19:09:01.377+0000] {logging_mixin.py:190} INFO - [2024-11-18T19:09:01.377+0000] {dag.py:4180} INFO - Setting next_dagrun for example_nested_branch_dag to 2024-11-17 00:00:00+00:00, run_after=2024-11-18 00:00:00+00:00
[2024-11-18T19:09:01.398+0000] {processor.py:208} INFO - Processing /home/airflow/.local/lib/python3.12/site-packages/airflow/example_dags/example_nested_branch_dag.py took 0.090 seconds
[2024-11-18T19:09:32.082+0000] {processor.py:186} INFO - Started process (PID=897) to work on /home/airflow/.local/lib/python3.12/site-packages/airflow/example_dags/example_nested_branch_dag.py
[2024-11-18T19:09:32.083+0000] {processor.py:914} INFO - Processing file /home/airflow/.local/lib/python3.12/site-packages/airflow/example_dags/example_nested_branch_dag.py for tasks to queue
[2024-11-18T19:09:32.084+0000] {logging_mixin.py:190} INFO - [2024-11-18T19:09:32.084+0000] {dagbag.py:588} INFO - Filling up the DagBag from /home/airflow/.local/lib/python3.12/site-packages/airflow/example_dags/example_nested_branch_dag.py
[2024-11-18T19:09:32.093+0000] {processor.py:925} INFO - DAG(s) 'example_nested_branch_dag' retrieved from /home/airflow/.local/lib/python3.12/site-packages/airflow/example_dags/example_nested_branch_dag.py
[2024-11-18T19:09:32.109+0000] {logging_mixin.py:190} INFO - [2024-11-18T19:09:32.108+0000] {dag.py:3239} INFO - Sync 1 DAGs
[2024-11-18T19:09:32.127+0000] {logging_mixin.py:190} INFO - [2024-11-18T19:09:32.127+0000] {dag.py:4180} INFO - Setting next_dagrun for example_nested_branch_dag to 2024-11-17 00:00:00+00:00, run_after=2024-11-18 00:00:00+00:00
[2024-11-18T19:09:32.149+0000] {processor.py:208} INFO - Processing /home/airflow/.local/lib/python3.12/site-packages/airflow/example_dags/example_nested_branch_dag.py took 0.071 seconds
[2024-11-18T19:10:02.315+0000] {processor.py:186} INFO - Started process (PID=962) to work on /home/airflow/.local/lib/python3.12/site-packages/airflow/example_dags/example_nested_branch_dag.py
[2024-11-18T19:10:02.316+0000] {processor.py:914} INFO - Processing file /home/airflow/.local/lib/python3.12/site-packages/airflow/example_dags/example_nested_branch_dag.py for tasks to queue
[2024-11-18T19:10:02.318+0000] {logging_mixin.py:190} INFO - [2024-11-18T19:10:02.317+0000] {dagbag.py:588} INFO - Filling up the DagBag from /home/airflow/.local/lib/python3.12/site-packages/airflow/example_dags/example_nested_branch_dag.py
[2024-11-18T19:10:02.327+0000] {processor.py:925} INFO - DAG(s) 'example_nested_branch_dag' retrieved from /home/airflow/.local/lib/python3.12/site-packages/airflow/example_dags/example_nested_branch_dag.py
[2024-11-18T19:10:02.343+0000] {logging_mixin.py:190} INFO - [2024-11-18T19:10:02.343+0000] {dag.py:3239} INFO - Sync 1 DAGs
[2024-11-18T19:10:02.368+0000] {logging_mixin.py:190} INFO - [2024-11-18T19:10:02.367+0000] {dag.py:4180} INFO - Setting next_dagrun for example_nested_branch_dag to 2024-11-17 00:00:00+00:00, run_after=2024-11-18 00:00:00+00:00
[2024-11-18T19:10:02.392+0000] {processor.py:208} INFO - Processing /home/airflow/.local/lib/python3.12/site-packages/airflow/example_dags/example_nested_branch_dag.py took 0.081 seconds
[2024-11-18T19:10:32.650+0000] {processor.py:186} INFO - Started process (PID=1026) to work on /home/airflow/.local/lib/python3.12/site-packages/airflow/example_dags/example_nested_branch_dag.py
[2024-11-18T19:10:32.659+0000] {processor.py:914} INFO - Processing file /home/airflow/.local/lib/python3.12/site-packages/airflow/example_dags/example_nested_branch_dag.py for tasks to queue
[2024-11-18T19:10:32.661+0000] {logging_mixin.py:190} INFO - [2024-11-18T19:10:32.661+0000] {dagbag.py:588} INFO - Filling up the DagBag from /home/airflow/.local/lib/python3.12/site-packages/airflow/example_dags/example_nested_branch_dag.py
[2024-11-18T19:10:32.699+0000] {processor.py:925} INFO - DAG(s) 'example_nested_branch_dag' retrieved from /home/airflow/.local/lib/python3.12/site-packages/airflow/example_dags/example_nested_branch_dag.py
[2024-11-18T19:10:32.755+0000] {logging_mixin.py:190} INFO - [2024-11-18T19:10:32.755+0000] {dag.py:3239} INFO - Sync 1 DAGs
[2024-11-18T19:10:32.820+0000] {logging_mixin.py:190} INFO - [2024-11-18T19:10:32.820+0000] {dag.py:4180} INFO - Setting next_dagrun for example_nested_branch_dag to 2024-11-17 00:00:00+00:00, run_after=2024-11-18 00:00:00+00:00
[2024-11-18T19:10:32.891+0000] {processor.py:208} INFO - Processing /home/airflow/.local/lib/python3.12/site-packages/airflow/example_dags/example_nested_branch_dag.py took 0.257 seconds
[2024-11-18T19:11:02.970+0000] {processor.py:186} INFO - Started process (PID=1092) to work on /home/airflow/.local/lib/python3.12/site-packages/airflow/example_dags/example_nested_branch_dag.py
[2024-11-18T19:11:02.971+0000] {processor.py:914} INFO - Processing file /home/airflow/.local/lib/python3.12/site-packages/airflow/example_dags/example_nested_branch_dag.py for tasks to queue
[2024-11-18T19:11:02.973+0000] {logging_mixin.py:190} INFO - [2024-11-18T19:11:02.973+0000] {dagbag.py:588} INFO - Filling up the DagBag from /home/airflow/.local/lib/python3.12/site-packages/airflow/example_dags/example_nested_branch_dag.py
[2024-11-18T19:11:03.011+0000] {processor.py:925} INFO - DAG(s) 'example_nested_branch_dag' retrieved from /home/airflow/.local/lib/python3.12/site-packages/airflow/example_dags/example_nested_branch_dag.py
[2024-11-18T19:11:03.052+0000] {logging_mixin.py:190} INFO - [2024-11-18T19:11:03.052+0000] {dag.py:3239} INFO - Sync 1 DAGs
[2024-11-18T19:11:03.108+0000] {logging_mixin.py:190} INFO - [2024-11-18T19:11:03.108+0000] {dag.py:4180} INFO - Setting next_dagrun for example_nested_branch_dag to 2024-11-17 00:00:00+00:00, run_after=2024-11-18 00:00:00+00:00
[2024-11-18T19:11:03.144+0000] {processor.py:208} INFO - Processing /home/airflow/.local/lib/python3.12/site-packages/airflow/example_dags/example_nested_branch_dag.py took 0.184 seconds
[2024-11-18T19:11:33.375+0000] {processor.py:186} INFO - Started process (PID=1157) to work on /home/airflow/.local/lib/python3.12/site-packages/airflow/example_dags/example_nested_branch_dag.py
[2024-11-18T19:11:33.375+0000] {processor.py:914} INFO - Processing file /home/airflow/.local/lib/python3.12/site-packages/airflow/example_dags/example_nested_branch_dag.py for tasks to queue
[2024-11-18T19:11:33.377+0000] {logging_mixin.py:190} INFO - [2024-11-18T19:11:33.377+0000] {dagbag.py:588} INFO - Filling up the DagBag from /home/airflow/.local/lib/python3.12/site-packages/airflow/example_dags/example_nested_branch_dag.py
[2024-11-18T19:11:33.389+0000] {processor.py:925} INFO - DAG(s) 'example_nested_branch_dag' retrieved from /home/airflow/.local/lib/python3.12/site-packages/airflow/example_dags/example_nested_branch_dag.py
[2024-11-18T19:11:33.413+0000] {logging_mixin.py:190} INFO - [2024-11-18T19:11:33.413+0000] {dag.py:3239} INFO - Sync 1 DAGs
[2024-11-18T19:11:33.440+0000] {logging_mixin.py:190} INFO - [2024-11-18T19:11:33.440+0000] {dag.py:4180} INFO - Setting next_dagrun for example_nested_branch_dag to 2024-11-17 00:00:00+00:00, run_after=2024-11-18 00:00:00+00:00
[2024-11-18T19:11:33.461+0000] {processor.py:208} INFO - Processing /home/airflow/.local/lib/python3.12/site-packages/airflow/example_dags/example_nested_branch_dag.py took 0.092 seconds
[2024-11-18T19:12:03.701+0000] {processor.py:186} INFO - Started process (PID=1220) to work on /home/airflow/.local/lib/python3.12/site-packages/airflow/example_dags/example_nested_branch_dag.py
[2024-11-18T19:12:03.702+0000] {processor.py:914} INFO - Processing file /home/airflow/.local/lib/python3.12/site-packages/airflow/example_dags/example_nested_branch_dag.py for tasks to queue
[2024-11-18T19:12:03.703+0000] {logging_mixin.py:190} INFO - [2024-11-18T19:12:03.703+0000] {dagbag.py:588} INFO - Filling up the DagBag from /home/airflow/.local/lib/python3.12/site-packages/airflow/example_dags/example_nested_branch_dag.py
[2024-11-18T19:12:03.712+0000] {processor.py:925} INFO - DAG(s) 'example_nested_branch_dag' retrieved from /home/airflow/.local/lib/python3.12/site-packages/airflow/example_dags/example_nested_branch_dag.py
[2024-11-18T19:12:03.730+0000] {logging_mixin.py:190} INFO - [2024-11-18T19:12:03.730+0000] {dag.py:3239} INFO - Sync 1 DAGs
[2024-11-18T19:12:03.749+0000] {logging_mixin.py:190} INFO - [2024-11-18T19:12:03.748+0000] {dag.py:4180} INFO - Setting next_dagrun for example_nested_branch_dag to 2024-11-17 00:00:00+00:00, run_after=2024-11-18 00:00:00+00:00
[2024-11-18T19:12:03.782+0000] {processor.py:208} INFO - Processing /home/airflow/.local/lib/python3.12/site-packages/airflow/example_dags/example_nested_branch_dag.py took 0.085 seconds
[2024-11-18T19:12:34.069+0000] {processor.py:186} INFO - Started process (PID=1284) to work on /home/airflow/.local/lib/python3.12/site-packages/airflow/example_dags/example_nested_branch_dag.py
[2024-11-18T19:12:34.070+0000] {processor.py:914} INFO - Processing file /home/airflow/.local/lib/python3.12/site-packages/airflow/example_dags/example_nested_branch_dag.py for tasks to queue
[2024-11-18T19:12:34.072+0000] {logging_mixin.py:190} INFO - [2024-11-18T19:12:34.071+0000] {dagbag.py:588} INFO - Filling up the DagBag from /home/airflow/.local/lib/python3.12/site-packages/airflow/example_dags/example_nested_branch_dag.py
[2024-11-18T19:12:34.081+0000] {processor.py:925} INFO - DAG(s) 'example_nested_branch_dag' retrieved from /home/airflow/.local/lib/python3.12/site-packages/airflow/example_dags/example_nested_branch_dag.py
[2024-11-18T19:12:34.098+0000] {logging_mixin.py:190} INFO - [2024-11-18T19:12:34.097+0000] {dag.py:3239} INFO - Sync 1 DAGs
[2024-11-18T19:12:34.117+0000] {logging_mixin.py:190} INFO - [2024-11-18T19:12:34.117+0000] {dag.py:4180} INFO - Setting next_dagrun for example_nested_branch_dag to 2024-11-17 00:00:00+00:00, run_after=2024-11-18 00:00:00+00:00
[2024-11-18T19:12:34.135+0000] {processor.py:208} INFO - Processing /home/airflow/.local/lib/python3.12/site-packages/airflow/example_dags/example_nested_branch_dag.py took 0.070 seconds
[2024-11-18T19:13:04.699+0000] {processor.py:186} INFO - Started process (PID=1348) to work on /home/airflow/.local/lib/python3.12/site-packages/airflow/example_dags/example_nested_branch_dag.py
[2024-11-18T19:13:04.700+0000] {processor.py:914} INFO - Processing file /home/airflow/.local/lib/python3.12/site-packages/airflow/example_dags/example_nested_branch_dag.py for tasks to queue
[2024-11-18T19:13:04.701+0000] {logging_mixin.py:190} INFO - [2024-11-18T19:13:04.701+0000] {dagbag.py:588} INFO - Filling up the DagBag from /home/airflow/.local/lib/python3.12/site-packages/airflow/example_dags/example_nested_branch_dag.py
[2024-11-18T19:13:04.710+0000] {processor.py:925} INFO - DAG(s) 'example_nested_branch_dag' retrieved from /home/airflow/.local/lib/python3.12/site-packages/airflow/example_dags/example_nested_branch_dag.py
[2024-11-18T19:13:04.726+0000] {logging_mixin.py:190} INFO - [2024-11-18T19:13:04.726+0000] {dag.py:3239} INFO - Sync 1 DAGs
[2024-11-18T19:13:04.744+0000] {logging_mixin.py:190} INFO - [2024-11-18T19:13:04.744+0000] {dag.py:4180} INFO - Setting next_dagrun for example_nested_branch_dag to 2024-11-17 00:00:00+00:00, run_after=2024-11-18 00:00:00+00:00
[2024-11-18T19:13:04.762+0000] {processor.py:208} INFO - Processing /home/airflow/.local/lib/python3.12/site-packages/airflow/example_dags/example_nested_branch_dag.py took 0.068 seconds
[2024-11-18T19:13:34.866+0000] {processor.py:186} INFO - Started process (PID=1413) to work on /home/airflow/.local/lib/python3.12/site-packages/airflow/example_dags/example_nested_branch_dag.py
[2024-11-18T19:13:34.867+0000] {processor.py:914} INFO - Processing file /home/airflow/.local/lib/python3.12/site-packages/airflow/example_dags/example_nested_branch_dag.py for tasks to queue
[2024-11-18T19:13:34.869+0000] {logging_mixin.py:190} INFO - [2024-11-18T19:13:34.868+0000] {dagbag.py:588} INFO - Filling up the DagBag from /home/airflow/.local/lib/python3.12/site-packages/airflow/example_dags/example_nested_branch_dag.py
[2024-11-18T19:13:34.877+0000] {processor.py:925} INFO - DAG(s) 'example_nested_branch_dag' retrieved from /home/airflow/.local/lib/python3.12/site-packages/airflow/example_dags/example_nested_branch_dag.py
[2024-11-18T19:13:34.893+0000] {logging_mixin.py:190} INFO - [2024-11-18T19:13:34.893+0000] {dag.py:3239} INFO - Sync 1 DAGs
[2024-11-18T19:13:34.911+0000] {logging_mixin.py:190} INFO - [2024-11-18T19:13:34.911+0000] {dag.py:4180} INFO - Setting next_dagrun for example_nested_branch_dag to 2024-11-17 00:00:00+00:00, run_after=2024-11-18 00:00:00+00:00
[2024-11-18T19:13:34.928+0000] {processor.py:208} INFO - Processing /home/airflow/.local/lib/python3.12/site-packages/airflow/example_dags/example_nested_branch_dag.py took 0.066 seconds
[2024-11-18T19:14:05.741+0000] {processor.py:186} INFO - Started process (PID=1478) to work on /home/airflow/.local/lib/python3.12/site-packages/airflow/example_dags/example_nested_branch_dag.py
[2024-11-18T19:14:05.747+0000] {processor.py:914} INFO - Processing file /home/airflow/.local/lib/python3.12/site-packages/airflow/example_dags/example_nested_branch_dag.py for tasks to queue
[2024-11-18T19:14:05.749+0000] {logging_mixin.py:190} INFO - [2024-11-18T19:14:05.748+0000] {dagbag.py:588} INFO - Filling up the DagBag from /home/airflow/.local/lib/python3.12/site-packages/airflow/example_dags/example_nested_branch_dag.py
[2024-11-18T19:14:05.766+0000] {processor.py:925} INFO - DAG(s) 'example_nested_branch_dag' retrieved from /home/airflow/.local/lib/python3.12/site-packages/airflow/example_dags/example_nested_branch_dag.py
[2024-11-18T19:14:05.794+0000] {logging_mixin.py:190} INFO - [2024-11-18T19:14:05.794+0000] {dag.py:3239} INFO - Sync 1 DAGs
[2024-11-18T19:14:05.821+0000] {logging_mixin.py:190} INFO - [2024-11-18T19:14:05.821+0000] {dag.py:4180} INFO - Setting next_dagrun for example_nested_branch_dag to 2024-11-17 00:00:00+00:00, run_after=2024-11-18 00:00:00+00:00
[2024-11-18T19:14:05.842+0000] {processor.py:208} INFO - Processing /home/airflow/.local/lib/python3.12/site-packages/airflow/example_dags/example_nested_branch_dag.py took 0.107 seconds
[2024-11-18T19:14:36.258+0000] {processor.py:186} INFO - Started process (PID=1543) to work on /home/airflow/.local/lib/python3.12/site-packages/airflow/example_dags/example_nested_branch_dag.py
[2024-11-18T19:14:36.258+0000] {processor.py:914} INFO - Processing file /home/airflow/.local/lib/python3.12/site-packages/airflow/example_dags/example_nested_branch_dag.py for tasks to queue
[2024-11-18T19:14:36.260+0000] {logging_mixin.py:190} INFO - [2024-11-18T19:14:36.260+0000] {dagbag.py:588} INFO - Filling up the DagBag from /home/airflow/.local/lib/python3.12/site-packages/airflow/example_dags/example_nested_branch_dag.py
[2024-11-18T19:14:36.273+0000] {processor.py:925} INFO - DAG(s) 'example_nested_branch_dag' retrieved from /home/airflow/.local/lib/python3.12/site-packages/airflow/example_dags/example_nested_branch_dag.py
[2024-11-18T19:14:36.290+0000] {logging_mixin.py:190} INFO - [2024-11-18T19:14:36.290+0000] {dag.py:3239} INFO - Sync 1 DAGs
[2024-11-18T19:14:36.309+0000] {logging_mixin.py:190} INFO - [2024-11-18T19:14:36.308+0000] {dag.py:4180} INFO - Setting next_dagrun for example_nested_branch_dag to 2024-11-17 00:00:00+00:00, run_after=2024-11-18 00:00:00+00:00
[2024-11-18T19:14:36.326+0000] {processor.py:208} INFO - Processing /home/airflow/.local/lib/python3.12/site-packages/airflow/example_dags/example_nested_branch_dag.py took 0.073 seconds
[2024-11-18T19:15:06.862+0000] {processor.py:186} INFO - Started process (PID=1608) to work on /home/airflow/.local/lib/python3.12/site-packages/airflow/example_dags/example_nested_branch_dag.py
[2024-11-18T19:15:06.863+0000] {processor.py:914} INFO - Processing file /home/airflow/.local/lib/python3.12/site-packages/airflow/example_dags/example_nested_branch_dag.py for tasks to queue
[2024-11-18T19:15:06.865+0000] {logging_mixin.py:190} INFO - [2024-11-18T19:15:06.865+0000] {dagbag.py:588} INFO - Filling up the DagBag from /home/airflow/.local/lib/python3.12/site-packages/airflow/example_dags/example_nested_branch_dag.py
[2024-11-18T19:15:06.877+0000] {processor.py:925} INFO - DAG(s) 'example_nested_branch_dag' retrieved from /home/airflow/.local/lib/python3.12/site-packages/airflow/example_dags/example_nested_branch_dag.py
[2024-11-18T19:15:06.901+0000] {logging_mixin.py:190} INFO - [2024-11-18T19:15:06.901+0000] {dag.py:3239} INFO - Sync 1 DAGs
[2024-11-18T19:15:06.928+0000] {logging_mixin.py:190} INFO - [2024-11-18T19:15:06.928+0000] {dag.py:4180} INFO - Setting next_dagrun for example_nested_branch_dag to 2024-11-17 00:00:00+00:00, run_after=2024-11-18 00:00:00+00:00
[2024-11-18T19:15:06.950+0000] {processor.py:208} INFO - Processing /home/airflow/.local/lib/python3.12/site-packages/airflow/example_dags/example_nested_branch_dag.py took 0.094 seconds
[2024-11-18T19:15:37.642+0000] {processor.py:186} INFO - Started process (PID=1673) to work on /home/airflow/.local/lib/python3.12/site-packages/airflow/example_dags/example_nested_branch_dag.py
[2024-11-18T19:15:37.643+0000] {processor.py:914} INFO - Processing file /home/airflow/.local/lib/python3.12/site-packages/airflow/example_dags/example_nested_branch_dag.py for tasks to queue
[2024-11-18T19:15:37.645+0000] {logging_mixin.py:190} INFO - [2024-11-18T19:15:37.644+0000] {dagbag.py:588} INFO - Filling up the DagBag from /home/airflow/.local/lib/python3.12/site-packages/airflow/example_dags/example_nested_branch_dag.py
[2024-11-18T19:15:37.655+0000] {processor.py:925} INFO - DAG(s) 'example_nested_branch_dag' retrieved from /home/airflow/.local/lib/python3.12/site-packages/airflow/example_dags/example_nested_branch_dag.py
[2024-11-18T19:15:37.672+0000] {logging_mixin.py:190} INFO - [2024-11-18T19:15:37.672+0000] {dag.py:3239} INFO - Sync 1 DAGs
[2024-11-18T19:15:37.690+0000] {logging_mixin.py:190} INFO - [2024-11-18T19:15:37.690+0000] {dag.py:4180} INFO - Setting next_dagrun for example_nested_branch_dag to 2024-11-17 00:00:00+00:00, run_after=2024-11-18 00:00:00+00:00
[2024-11-18T19:15:37.708+0000] {processor.py:208} INFO - Processing /home/airflow/.local/lib/python3.12/site-packages/airflow/example_dags/example_nested_branch_dag.py took 0.070 seconds
[2024-11-18T19:16:08.001+0000] {processor.py:186} INFO - Started process (PID=1737) to work on /home/airflow/.local/lib/python3.12/site-packages/airflow/example_dags/example_nested_branch_dag.py
[2024-11-18T19:16:08.001+0000] {processor.py:914} INFO - Processing file /home/airflow/.local/lib/python3.12/site-packages/airflow/example_dags/example_nested_branch_dag.py for tasks to queue
[2024-11-18T19:16:08.003+0000] {logging_mixin.py:190} INFO - [2024-11-18T19:16:08.003+0000] {dagbag.py:588} INFO - Filling up the DagBag from /home/airflow/.local/lib/python3.12/site-packages/airflow/example_dags/example_nested_branch_dag.py
[2024-11-18T19:16:08.012+0000] {processor.py:925} INFO - DAG(s) 'example_nested_branch_dag' retrieved from /home/airflow/.local/lib/python3.12/site-packages/airflow/example_dags/example_nested_branch_dag.py
[2024-11-18T19:16:08.028+0000] {logging_mixin.py:190} INFO - [2024-11-18T19:16:08.028+0000] {dag.py:3239} INFO - Sync 1 DAGs
[2024-11-18T19:16:08.046+0000] {logging_mixin.py:190} INFO - [2024-11-18T19:16:08.046+0000] {dag.py:4180} INFO - Setting next_dagrun for example_nested_branch_dag to 2024-11-17 00:00:00+00:00, run_after=2024-11-18 00:00:00+00:00
[2024-11-18T19:16:08.063+0000] {processor.py:208} INFO - Processing /home/airflow/.local/lib/python3.12/site-packages/airflow/example_dags/example_nested_branch_dag.py took 0.067 seconds
[2024-11-18T19:16:38.353+0000] {processor.py:186} INFO - Started process (PID=1801) to work on /home/airflow/.local/lib/python3.12/site-packages/airflow/example_dags/example_nested_branch_dag.py
[2024-11-18T19:16:38.358+0000] {processor.py:914} INFO - Processing file /home/airflow/.local/lib/python3.12/site-packages/airflow/example_dags/example_nested_branch_dag.py for tasks to queue
[2024-11-18T19:16:38.360+0000] {logging_mixin.py:190} INFO - [2024-11-18T19:16:38.360+0000] {dagbag.py:588} INFO - Filling up the DagBag from /home/airflow/.local/lib/python3.12/site-packages/airflow/example_dags/example_nested_branch_dag.py
[2024-11-18T19:16:38.372+0000] {processor.py:925} INFO - DAG(s) 'example_nested_branch_dag' retrieved from /home/airflow/.local/lib/python3.12/site-packages/airflow/example_dags/example_nested_branch_dag.py
[2024-11-18T19:16:38.408+0000] {logging_mixin.py:190} INFO - [2024-11-18T19:16:38.408+0000] {dag.py:3239} INFO - Sync 1 DAGs
[2024-11-18T19:16:38.435+0000] {logging_mixin.py:190} INFO - [2024-11-18T19:16:38.434+0000] {dag.py:4180} INFO - Setting next_dagrun for example_nested_branch_dag to 2024-11-17 00:00:00+00:00, run_after=2024-11-18 00:00:00+00:00
[2024-11-18T19:16:38.466+0000] {processor.py:208} INFO - Processing /home/airflow/.local/lib/python3.12/site-packages/airflow/example_dags/example_nested_branch_dag.py took 0.119 seconds
[2024-11-18T19:17:08.587+0000] {processor.py:186} INFO - Started process (PID=1865) to work on /home/airflow/.local/lib/python3.12/site-packages/airflow/example_dags/example_nested_branch_dag.py
[2024-11-18T19:17:08.587+0000] {processor.py:914} INFO - Processing file /home/airflow/.local/lib/python3.12/site-packages/airflow/example_dags/example_nested_branch_dag.py for tasks to queue
[2024-11-18T19:17:08.590+0000] {logging_mixin.py:190} INFO - [2024-11-18T19:17:08.589+0000] {dagbag.py:588} INFO - Filling up the DagBag from /home/airflow/.local/lib/python3.12/site-packages/airflow/example_dags/example_nested_branch_dag.py
[2024-11-18T19:17:08.601+0000] {processor.py:925} INFO - DAG(s) 'example_nested_branch_dag' retrieved from /home/airflow/.local/lib/python3.12/site-packages/airflow/example_dags/example_nested_branch_dag.py
[2024-11-18T19:17:08.630+0000] {logging_mixin.py:190} INFO - [2024-11-18T19:17:08.630+0000] {dag.py:3239} INFO - Sync 1 DAGs
[2024-11-18T19:17:08.656+0000] {logging_mixin.py:190} INFO - [2024-11-18T19:17:08.656+0000] {dag.py:4180} INFO - Setting next_dagrun for example_nested_branch_dag to 2024-11-17 00:00:00+00:00, run_after=2024-11-18 00:00:00+00:00
[2024-11-18T19:17:08.681+0000] {processor.py:208} INFO - Processing /home/airflow/.local/lib/python3.12/site-packages/airflow/example_dags/example_nested_branch_dag.py took 0.101 seconds
[2024-11-18T19:17:38.925+0000] {processor.py:186} INFO - Started process (PID=1929) to work on /home/airflow/.local/lib/python3.12/site-packages/airflow/example_dags/example_nested_branch_dag.py
[2024-11-18T19:17:38.926+0000] {processor.py:914} INFO - Processing file /home/airflow/.local/lib/python3.12/site-packages/airflow/example_dags/example_nested_branch_dag.py for tasks to queue
[2024-11-18T19:17:38.928+0000] {logging_mixin.py:190} INFO - [2024-11-18T19:17:38.928+0000] {dagbag.py:588} INFO - Filling up the DagBag from /home/airflow/.local/lib/python3.12/site-packages/airflow/example_dags/example_nested_branch_dag.py
[2024-11-18T19:17:38.940+0000] {processor.py:925} INFO - DAG(s) 'example_nested_branch_dag' retrieved from /home/airflow/.local/lib/python3.12/site-packages/airflow/example_dags/example_nested_branch_dag.py
[2024-11-18T19:17:38.955+0000] {logging_mixin.py:190} INFO - [2024-11-18T19:17:38.954+0000] {dag.py:3239} INFO - Sync 1 DAGs
[2024-11-18T19:17:38.973+0000] {logging_mixin.py:190} INFO - [2024-11-18T19:17:38.972+0000] {dag.py:4180} INFO - Setting next_dagrun for example_nested_branch_dag to 2024-11-17 00:00:00+00:00, run_after=2024-11-18 00:00:00+00:00
[2024-11-18T19:17:38.989+0000] {processor.py:208} INFO - Processing /home/airflow/.local/lib/python3.12/site-packages/airflow/example_dags/example_nested_branch_dag.py took 0.069 seconds
[2024-11-18T19:18:09.365+0000] {processor.py:186} INFO - Started process (PID=1994) to work on /home/airflow/.local/lib/python3.12/site-packages/airflow/example_dags/example_nested_branch_dag.py
[2024-11-18T19:18:09.366+0000] {processor.py:914} INFO - Processing file /home/airflow/.local/lib/python3.12/site-packages/airflow/example_dags/example_nested_branch_dag.py for tasks to queue
[2024-11-18T19:18:09.368+0000] {logging_mixin.py:190} INFO - [2024-11-18T19:18:09.368+0000] {dagbag.py:588} INFO - Filling up the DagBag from /home/airflow/.local/lib/python3.12/site-packages/airflow/example_dags/example_nested_branch_dag.py
[2024-11-18T19:18:09.382+0000] {processor.py:925} INFO - DAG(s) 'example_nested_branch_dag' retrieved from /home/airflow/.local/lib/python3.12/site-packages/airflow/example_dags/example_nested_branch_dag.py
[2024-11-18T19:18:09.412+0000] {logging_mixin.py:190} INFO - [2024-11-18T19:18:09.411+0000] {dag.py:3239} INFO - Sync 1 DAGs
[2024-11-18T19:18:09.445+0000] {logging_mixin.py:190} INFO - [2024-11-18T19:18:09.445+0000] {dag.py:4180} INFO - Setting next_dagrun for example_nested_branch_dag to 2024-11-17 00:00:00+00:00, run_after=2024-11-18 00:00:00+00:00
[2024-11-18T19:18:09.467+0000] {processor.py:208} INFO - Processing /home/airflow/.local/lib/python3.12/site-packages/airflow/example_dags/example_nested_branch_dag.py took 0.106 seconds
[2024-11-18T19:18:39.812+0000] {processor.py:186} INFO - Started process (PID=2059) to work on /home/airflow/.local/lib/python3.12/site-packages/airflow/example_dags/example_nested_branch_dag.py
[2024-11-18T19:18:39.813+0000] {processor.py:914} INFO - Processing file /home/airflow/.local/lib/python3.12/site-packages/airflow/example_dags/example_nested_branch_dag.py for tasks to queue
[2024-11-18T19:18:39.815+0000] {logging_mixin.py:190} INFO - [2024-11-18T19:18:39.815+0000] {dagbag.py:588} INFO - Filling up the DagBag from /home/airflow/.local/lib/python3.12/site-packages/airflow/example_dags/example_nested_branch_dag.py
[2024-11-18T19:18:39.823+0000] {processor.py:925} INFO - DAG(s) 'example_nested_branch_dag' retrieved from /home/airflow/.local/lib/python3.12/site-packages/airflow/example_dags/example_nested_branch_dag.py
[2024-11-18T19:18:39.840+0000] {logging_mixin.py:190} INFO - [2024-11-18T19:18:39.839+0000] {dag.py:3239} INFO - Sync 1 DAGs
[2024-11-18T19:18:39.857+0000] {logging_mixin.py:190} INFO - [2024-11-18T19:18:39.857+0000] {dag.py:4180} INFO - Setting next_dagrun for example_nested_branch_dag to 2024-11-17 00:00:00+00:00, run_after=2024-11-18 00:00:00+00:00
[2024-11-18T19:18:39.875+0000] {processor.py:208} INFO - Processing /home/airflow/.local/lib/python3.12/site-packages/airflow/example_dags/example_nested_branch_dag.py took 0.066 seconds
[2024-11-18T19:19:10.023+0000] {processor.py:186} INFO - Started process (PID=2123) to work on /home/airflow/.local/lib/python3.12/site-packages/airflow/example_dags/example_nested_branch_dag.py
[2024-11-18T19:19:10.024+0000] {processor.py:914} INFO - Processing file /home/airflow/.local/lib/python3.12/site-packages/airflow/example_dags/example_nested_branch_dag.py for tasks to queue
[2024-11-18T19:19:10.027+0000] {logging_mixin.py:190} INFO - [2024-11-18T19:19:10.026+0000] {dagbag.py:588} INFO - Filling up the DagBag from /home/airflow/.local/lib/python3.12/site-packages/airflow/example_dags/example_nested_branch_dag.py
[2024-11-18T19:19:10.038+0000] {processor.py:925} INFO - DAG(s) 'example_nested_branch_dag' retrieved from /home/airflow/.local/lib/python3.12/site-packages/airflow/example_dags/example_nested_branch_dag.py
[2024-11-18T19:19:10.062+0000] {logging_mixin.py:190} INFO - [2024-11-18T19:19:10.062+0000] {dag.py:3239} INFO - Sync 1 DAGs
[2024-11-18T19:19:10.089+0000] {logging_mixin.py:190} INFO - [2024-11-18T19:19:10.089+0000] {dag.py:4180} INFO - Setting next_dagrun for example_nested_branch_dag to 2024-11-17 00:00:00+00:00, run_after=2024-11-18 00:00:00+00:00
[2024-11-18T19:19:10.121+0000] {processor.py:208} INFO - Processing /home/airflow/.local/lib/python3.12/site-packages/airflow/example_dags/example_nested_branch_dag.py took 0.103 seconds
[2024-11-18T19:19:40.173+0000] {processor.py:186} INFO - Started process (PID=2186) to work on /home/airflow/.local/lib/python3.12/site-packages/airflow/example_dags/example_nested_branch_dag.py
[2024-11-18T19:19:40.174+0000] {processor.py:914} INFO - Processing file /home/airflow/.local/lib/python3.12/site-packages/airflow/example_dags/example_nested_branch_dag.py for tasks to queue
[2024-11-18T19:19:40.176+0000] {logging_mixin.py:190} INFO - [2024-11-18T19:19:40.176+0000] {dagbag.py:588} INFO - Filling up the DagBag from /home/airflow/.local/lib/python3.12/site-packages/airflow/example_dags/example_nested_branch_dag.py
[2024-11-18T19:19:40.189+0000] {processor.py:925} INFO - DAG(s) 'example_nested_branch_dag' retrieved from /home/airflow/.local/lib/python3.12/site-packages/airflow/example_dags/example_nested_branch_dag.py
[2024-11-18T19:19:40.211+0000] {logging_mixin.py:190} INFO - [2024-11-18T19:19:40.211+0000] {dag.py:3239} INFO - Sync 1 DAGs
[2024-11-18T19:19:40.238+0000] {logging_mixin.py:190} INFO - [2024-11-18T19:19:40.237+0000] {dag.py:4180} INFO - Setting next_dagrun for example_nested_branch_dag to 2024-11-17 00:00:00+00:00, run_after=2024-11-18 00:00:00+00:00
[2024-11-18T19:19:40.259+0000] {processor.py:208} INFO - Processing /home/airflow/.local/lib/python3.12/site-packages/airflow/example_dags/example_nested_branch_dag.py took 0.092 seconds
[2024-11-18T19:20:10.780+0000] {processor.py:186} INFO - Started process (PID=2249) to work on /home/airflow/.local/lib/python3.12/site-packages/airflow/example_dags/example_nested_branch_dag.py
[2024-11-18T19:20:10.780+0000] {processor.py:914} INFO - Processing file /home/airflow/.local/lib/python3.12/site-packages/airflow/example_dags/example_nested_branch_dag.py for tasks to queue
[2024-11-18T19:20:10.783+0000] {logging_mixin.py:190} INFO - [2024-11-18T19:20:10.782+0000] {dagbag.py:588} INFO - Filling up the DagBag from /home/airflow/.local/lib/python3.12/site-packages/airflow/example_dags/example_nested_branch_dag.py
[2024-11-18T19:20:10.794+0000] {processor.py:925} INFO - DAG(s) 'example_nested_branch_dag' retrieved from /home/airflow/.local/lib/python3.12/site-packages/airflow/example_dags/example_nested_branch_dag.py
[2024-11-18T19:20:10.816+0000] {logging_mixin.py:190} INFO - [2024-11-18T19:20:10.816+0000] {dag.py:3239} INFO - Sync 1 DAGs
[2024-11-18T19:20:10.842+0000] {logging_mixin.py:190} INFO - [2024-11-18T19:20:10.842+0000] {dag.py:4180} INFO - Setting next_dagrun for example_nested_branch_dag to 2024-11-17 00:00:00+00:00, run_after=2024-11-18 00:00:00+00:00
[2024-11-18T19:20:10.865+0000] {processor.py:208} INFO - Processing /home/airflow/.local/lib/python3.12/site-packages/airflow/example_dags/example_nested_branch_dag.py took 0.091 seconds
[2024-11-18T19:20:40.953+0000] {processor.py:186} INFO - Started process (PID=2314) to work on /home/airflow/.local/lib/python3.12/site-packages/airflow/example_dags/example_nested_branch_dag.py
[2024-11-18T19:20:40.954+0000] {processor.py:914} INFO - Processing file /home/airflow/.local/lib/python3.12/site-packages/airflow/example_dags/example_nested_branch_dag.py for tasks to queue
[2024-11-18T19:20:40.956+0000] {logging_mixin.py:190} INFO - [2024-11-18T19:20:40.955+0000] {dagbag.py:588} INFO - Filling up the DagBag from /home/airflow/.local/lib/python3.12/site-packages/airflow/example_dags/example_nested_branch_dag.py
[2024-11-18T19:20:40.964+0000] {processor.py:925} INFO - DAG(s) 'example_nested_branch_dag' retrieved from /home/airflow/.local/lib/python3.12/site-packages/airflow/example_dags/example_nested_branch_dag.py
[2024-11-18T19:20:40.980+0000] {logging_mixin.py:190} INFO - [2024-11-18T19:20:40.980+0000] {dag.py:3239} INFO - Sync 1 DAGs
[2024-11-18T19:20:40.998+0000] {logging_mixin.py:190} INFO - [2024-11-18T19:20:40.998+0000] {dag.py:4180} INFO - Setting next_dagrun for example_nested_branch_dag to 2024-11-17 00:00:00+00:00, run_after=2024-11-18 00:00:00+00:00
[2024-11-18T19:20:41.017+0000] {processor.py:208} INFO - Processing /home/airflow/.local/lib/python3.12/site-packages/airflow/example_dags/example_nested_branch_dag.py took 0.068 seconds
[2024-11-18T19:21:11.939+0000] {processor.py:186} INFO - Started process (PID=2378) to work on /home/airflow/.local/lib/python3.12/site-packages/airflow/example_dags/example_nested_branch_dag.py
[2024-11-18T19:21:11.940+0000] {processor.py:914} INFO - Processing file /home/airflow/.local/lib/python3.12/site-packages/airflow/example_dags/example_nested_branch_dag.py for tasks to queue
[2024-11-18T19:21:11.942+0000] {logging_mixin.py:190} INFO - [2024-11-18T19:21:11.942+0000] {dagbag.py:588} INFO - Filling up the DagBag from /home/airflow/.local/lib/python3.12/site-packages/airflow/example_dags/example_nested_branch_dag.py
[2024-11-18T19:21:11.954+0000] {processor.py:925} INFO - DAG(s) 'example_nested_branch_dag' retrieved from /home/airflow/.local/lib/python3.12/site-packages/airflow/example_dags/example_nested_branch_dag.py
[2024-11-18T19:21:11.972+0000] {logging_mixin.py:190} INFO - [2024-11-18T19:21:11.972+0000] {dag.py:3239} INFO - Sync 1 DAGs
[2024-11-18T19:21:11.990+0000] {logging_mixin.py:190} INFO - [2024-11-18T19:21:11.990+0000] {dag.py:4180} INFO - Setting next_dagrun for example_nested_branch_dag to 2024-11-17 00:00:00+00:00, run_after=2024-11-18 00:00:00+00:00
[2024-11-18T19:21:12.012+0000] {processor.py:208} INFO - Processing /home/airflow/.local/lib/python3.12/site-packages/airflow/example_dags/example_nested_branch_dag.py took 0.080 seconds
[2024-11-18T19:21:42.728+0000] {processor.py:186} INFO - Started process (PID=2443) to work on /home/airflow/.local/lib/python3.12/site-packages/airflow/example_dags/example_nested_branch_dag.py
[2024-11-18T19:21:42.729+0000] {processor.py:914} INFO - Processing file /home/airflow/.local/lib/python3.12/site-packages/airflow/example_dags/example_nested_branch_dag.py for tasks to queue
[2024-11-18T19:21:42.731+0000] {logging_mixin.py:190} INFO - [2024-11-18T19:21:42.730+0000] {dagbag.py:588} INFO - Filling up the DagBag from /home/airflow/.local/lib/python3.12/site-packages/airflow/example_dags/example_nested_branch_dag.py
[2024-11-18T19:21:42.739+0000] {processor.py:925} INFO - DAG(s) 'example_nested_branch_dag' retrieved from /home/airflow/.local/lib/python3.12/site-packages/airflow/example_dags/example_nested_branch_dag.py
[2024-11-18T19:21:42.755+0000] {logging_mixin.py:190} INFO - [2024-11-18T19:21:42.755+0000] {dag.py:3239} INFO - Sync 1 DAGs
[2024-11-18T19:21:42.773+0000] {logging_mixin.py:190} INFO - [2024-11-18T19:21:42.773+0000] {dag.py:4180} INFO - Setting next_dagrun for example_nested_branch_dag to 2024-11-17 00:00:00+00:00, run_after=2024-11-18 00:00:00+00:00
[2024-11-18T19:21:42.791+0000] {processor.py:208} INFO - Processing /home/airflow/.local/lib/python3.12/site-packages/airflow/example_dags/example_nested_branch_dag.py took 0.067 seconds
[2024-11-18T19:22:12.871+0000] {processor.py:186} INFO - Started process (PID=2507) to work on /home/airflow/.local/lib/python3.12/site-packages/airflow/example_dags/example_nested_branch_dag.py
[2024-11-18T19:22:12.872+0000] {processor.py:914} INFO - Processing file /home/airflow/.local/lib/python3.12/site-packages/airflow/example_dags/example_nested_branch_dag.py for tasks to queue
[2024-11-18T19:22:12.874+0000] {logging_mixin.py:190} INFO - [2024-11-18T19:22:12.873+0000] {dagbag.py:588} INFO - Filling up the DagBag from /home/airflow/.local/lib/python3.12/site-packages/airflow/example_dags/example_nested_branch_dag.py
[2024-11-18T19:22:12.882+0000] {processor.py:925} INFO - DAG(s) 'example_nested_branch_dag' retrieved from /home/airflow/.local/lib/python3.12/site-packages/airflow/example_dags/example_nested_branch_dag.py
[2024-11-18T19:22:12.898+0000] {logging_mixin.py:190} INFO - [2024-11-18T19:22:12.898+0000] {dag.py:3239} INFO - Sync 1 DAGs
[2024-11-18T19:22:12.917+0000] {logging_mixin.py:190} INFO - [2024-11-18T19:22:12.917+0000] {dag.py:4180} INFO - Setting next_dagrun for example_nested_branch_dag to 2024-11-17 00:00:00+00:00, run_after=2024-11-18 00:00:00+00:00
[2024-11-18T19:22:12.934+0000] {processor.py:208} INFO - Processing /home/airflow/.local/lib/python3.12/site-packages/airflow/example_dags/example_nested_branch_dag.py took 0.067 seconds
[2024-11-18T19:22:43.281+0000] {processor.py:186} INFO - Started process (PID=2571) to work on /home/airflow/.local/lib/python3.12/site-packages/airflow/example_dags/example_nested_branch_dag.py
[2024-11-18T19:22:43.282+0000] {processor.py:914} INFO - Processing file /home/airflow/.local/lib/python3.12/site-packages/airflow/example_dags/example_nested_branch_dag.py for tasks to queue
[2024-11-18T19:22:43.284+0000] {logging_mixin.py:190} INFO - [2024-11-18T19:22:43.284+0000] {dagbag.py:588} INFO - Filling up the DagBag from /home/airflow/.local/lib/python3.12/site-packages/airflow/example_dags/example_nested_branch_dag.py
[2024-11-18T19:22:43.303+0000] {processor.py:925} INFO - DAG(s) 'example_nested_branch_dag' retrieved from /home/airflow/.local/lib/python3.12/site-packages/airflow/example_dags/example_nested_branch_dag.py
[2024-11-18T19:22:43.326+0000] {logging_mixin.py:190} INFO - [2024-11-18T19:22:43.325+0000] {dag.py:3239} INFO - Sync 1 DAGs
[2024-11-18T19:22:43.352+0000] {logging_mixin.py:190} INFO - [2024-11-18T19:22:43.352+0000] {dag.py:4180} INFO - Setting next_dagrun for example_nested_branch_dag to 2024-11-17 00:00:00+00:00, run_after=2024-11-18 00:00:00+00:00
[2024-11-18T19:22:43.375+0000] {processor.py:208} INFO - Processing /home/airflow/.local/lib/python3.12/site-packages/airflow/example_dags/example_nested_branch_dag.py took 0.101 seconds
[2024-11-18T19:23:13.504+0000] {processor.py:186} INFO - Started process (PID=2636) to work on /home/airflow/.local/lib/python3.12/site-packages/airflow/example_dags/example_nested_branch_dag.py
[2024-11-18T19:23:13.504+0000] {processor.py:914} INFO - Processing file /home/airflow/.local/lib/python3.12/site-packages/airflow/example_dags/example_nested_branch_dag.py for tasks to queue
[2024-11-18T19:23:13.506+0000] {logging_mixin.py:190} INFO - [2024-11-18T19:23:13.506+0000] {dagbag.py:588} INFO - Filling up the DagBag from /home/airflow/.local/lib/python3.12/site-packages/airflow/example_dags/example_nested_branch_dag.py
[2024-11-18T19:23:13.515+0000] {processor.py:925} INFO - DAG(s) 'example_nested_branch_dag' retrieved from /home/airflow/.local/lib/python3.12/site-packages/airflow/example_dags/example_nested_branch_dag.py
[2024-11-18T19:23:13.530+0000] {logging_mixin.py:190} INFO - [2024-11-18T19:23:13.530+0000] {dag.py:3239} INFO - Sync 1 DAGs
[2024-11-18T19:23:13.548+0000] {logging_mixin.py:190} INFO - [2024-11-18T19:23:13.548+0000] {dag.py:4180} INFO - Setting next_dagrun for example_nested_branch_dag to 2024-11-17 00:00:00+00:00, run_after=2024-11-18 00:00:00+00:00
[2024-11-18T19:23:13.564+0000] {processor.py:208} INFO - Processing /home/airflow/.local/lib/python3.12/site-packages/airflow/example_dags/example_nested_branch_dag.py took 0.065 seconds
[2024-11-18T19:23:44.144+0000] {processor.py:186} INFO - Started process (PID=2700) to work on /home/airflow/.local/lib/python3.12/site-packages/airflow/example_dags/example_nested_branch_dag.py
[2024-11-18T19:23:44.144+0000] {processor.py:914} INFO - Processing file /home/airflow/.local/lib/python3.12/site-packages/airflow/example_dags/example_nested_branch_dag.py for tasks to queue
[2024-11-18T19:23:44.147+0000] {logging_mixin.py:190} INFO - [2024-11-18T19:23:44.146+0000] {dagbag.py:588} INFO - Filling up the DagBag from /home/airflow/.local/lib/python3.12/site-packages/airflow/example_dags/example_nested_branch_dag.py
[2024-11-18T19:23:44.157+0000] {processor.py:925} INFO - DAG(s) 'example_nested_branch_dag' retrieved from /home/airflow/.local/lib/python3.12/site-packages/airflow/example_dags/example_nested_branch_dag.py
[2024-11-18T19:23:44.181+0000] {logging_mixin.py:190} INFO - [2024-11-18T19:23:44.180+0000] {dag.py:3239} INFO - Sync 1 DAGs
[2024-11-18T19:23:44.208+0000] {logging_mixin.py:190} INFO - [2024-11-18T19:23:44.208+0000] {dag.py:4180} INFO - Setting next_dagrun for example_nested_branch_dag to 2024-11-17 00:00:00+00:00, run_after=2024-11-18 00:00:00+00:00
[2024-11-18T19:23:44.239+0000] {processor.py:208} INFO - Processing /home/airflow/.local/lib/python3.12/site-packages/airflow/example_dags/example_nested_branch_dag.py took 0.101 seconds
[2024-11-18T19:24:14.321+0000] {processor.py:186} INFO - Started process (PID=2764) to work on /home/airflow/.local/lib/python3.12/site-packages/airflow/example_dags/example_nested_branch_dag.py
[2024-11-18T19:24:14.321+0000] {processor.py:914} INFO - Processing file /home/airflow/.local/lib/python3.12/site-packages/airflow/example_dags/example_nested_branch_dag.py for tasks to queue
[2024-11-18T19:24:14.323+0000] {logging_mixin.py:190} INFO - [2024-11-18T19:24:14.323+0000] {dagbag.py:588} INFO - Filling up the DagBag from /home/airflow/.local/lib/python3.12/site-packages/airflow/example_dags/example_nested_branch_dag.py
[2024-11-18T19:24:14.332+0000] {processor.py:925} INFO - DAG(s) 'example_nested_branch_dag' retrieved from /home/airflow/.local/lib/python3.12/site-packages/airflow/example_dags/example_nested_branch_dag.py
[2024-11-18T19:24:14.348+0000] {logging_mixin.py:190} INFO - [2024-11-18T19:24:14.348+0000] {dag.py:3239} INFO - Sync 1 DAGs
[2024-11-18T19:24:14.366+0000] {logging_mixin.py:190} INFO - [2024-11-18T19:24:14.366+0000] {dag.py:4180} INFO - Setting next_dagrun for example_nested_branch_dag to 2024-11-17 00:00:00+00:00, run_after=2024-11-18 00:00:00+00:00
[2024-11-18T19:24:14.383+0000] {processor.py:208} INFO - Processing /home/airflow/.local/lib/python3.12/site-packages/airflow/example_dags/example_nested_branch_dag.py took 0.067 seconds
[2024-11-18T19:24:45.407+0000] {processor.py:186} INFO - Started process (PID=2833) to work on /home/airflow/.local/lib/python3.12/site-packages/airflow/example_dags/example_nested_branch_dag.py
[2024-11-18T19:24:45.407+0000] {processor.py:914} INFO - Processing file /home/airflow/.local/lib/python3.12/site-packages/airflow/example_dags/example_nested_branch_dag.py for tasks to queue
[2024-11-18T19:24:45.409+0000] {logging_mixin.py:190} INFO - [2024-11-18T19:24:45.409+0000] {dagbag.py:588} INFO - Filling up the DagBag from /home/airflow/.local/lib/python3.12/site-packages/airflow/example_dags/example_nested_branch_dag.py
[2024-11-18T19:24:45.421+0000] {processor.py:925} INFO - DAG(s) 'example_nested_branch_dag' retrieved from /home/airflow/.local/lib/python3.12/site-packages/airflow/example_dags/example_nested_branch_dag.py
[2024-11-18T19:24:45.447+0000] {logging_mixin.py:190} INFO - [2024-11-18T19:24:45.447+0000] {dag.py:3239} INFO - Sync 1 DAGs
[2024-11-18T19:24:45.472+0000] {logging_mixin.py:190} INFO - [2024-11-18T19:24:45.472+0000] {dag.py:4180} INFO - Setting next_dagrun for example_nested_branch_dag to 2024-11-17 00:00:00+00:00, run_after=2024-11-18 00:00:00+00:00
[2024-11-18T19:24:45.500+0000] {processor.py:208} INFO - Processing /home/airflow/.local/lib/python3.12/site-packages/airflow/example_dags/example_nested_branch_dag.py took 0.098 seconds
[2024-11-18T19:25:15.698+0000] {processor.py:186} INFO - Started process (PID=2897) to work on /home/airflow/.local/lib/python3.12/site-packages/airflow/example_dags/example_nested_branch_dag.py
[2024-11-18T19:25:15.699+0000] {processor.py:914} INFO - Processing file /home/airflow/.local/lib/python3.12/site-packages/airflow/example_dags/example_nested_branch_dag.py for tasks to queue
[2024-11-18T19:25:15.700+0000] {logging_mixin.py:190} INFO - [2024-11-18T19:25:15.700+0000] {dagbag.py:588} INFO - Filling up the DagBag from /home/airflow/.local/lib/python3.12/site-packages/airflow/example_dags/example_nested_branch_dag.py
[2024-11-18T19:25:15.709+0000] {processor.py:925} INFO - DAG(s) 'example_nested_branch_dag' retrieved from /home/airflow/.local/lib/python3.12/site-packages/airflow/example_dags/example_nested_branch_dag.py
[2024-11-18T19:25:15.725+0000] {logging_mixin.py:190} INFO - [2024-11-18T19:25:15.725+0000] {dag.py:3239} INFO - Sync 1 DAGs
[2024-11-18T19:25:15.743+0000] {logging_mixin.py:190} INFO - [2024-11-18T19:25:15.743+0000] {dag.py:4180} INFO - Setting next_dagrun for example_nested_branch_dag to 2024-11-17 00:00:00+00:00, run_after=2024-11-18 00:00:00+00:00
[2024-11-18T19:25:15.762+0000] {processor.py:208} INFO - Processing /home/airflow/.local/lib/python3.12/site-packages/airflow/example_dags/example_nested_branch_dag.py took 0.068 seconds
[2024-11-18T19:25:46.870+0000] {processor.py:186} INFO - Started process (PID=2961) to work on /home/airflow/.local/lib/python3.12/site-packages/airflow/example_dags/example_nested_branch_dag.py
[2024-11-18T19:25:46.870+0000] {processor.py:914} INFO - Processing file /home/airflow/.local/lib/python3.12/site-packages/airflow/example_dags/example_nested_branch_dag.py for tasks to queue
[2024-11-18T19:25:46.872+0000] {logging_mixin.py:190} INFO - [2024-11-18T19:25:46.872+0000] {dagbag.py:588} INFO - Filling up the DagBag from /home/airflow/.local/lib/python3.12/site-packages/airflow/example_dags/example_nested_branch_dag.py
[2024-11-18T19:25:46.881+0000] {processor.py:925} INFO - DAG(s) 'example_nested_branch_dag' retrieved from /home/airflow/.local/lib/python3.12/site-packages/airflow/example_dags/example_nested_branch_dag.py
[2024-11-18T19:25:46.897+0000] {logging_mixin.py:190} INFO - [2024-11-18T19:25:46.897+0000] {dag.py:3239} INFO - Sync 1 DAGs
[2024-11-18T19:25:46.915+0000] {logging_mixin.py:190} INFO - [2024-11-18T19:25:46.915+0000] {dag.py:4180} INFO - Setting next_dagrun for example_nested_branch_dag to 2024-11-17 00:00:00+00:00, run_after=2024-11-18 00:00:00+00:00
[2024-11-18T19:25:46.933+0000] {processor.py:208} INFO - Processing /home/airflow/.local/lib/python3.12/site-packages/airflow/example_dags/example_nested_branch_dag.py took 0.067 seconds
[2024-11-18T19:26:18.330+0000] {processor.py:186} INFO - Started process (PID=3026) to work on /home/airflow/.local/lib/python3.12/site-packages/airflow/example_dags/example_nested_branch_dag.py
[2024-11-18T19:26:18.331+0000] {processor.py:914} INFO - Processing file /home/airflow/.local/lib/python3.12/site-packages/airflow/example_dags/example_nested_branch_dag.py for tasks to queue
[2024-11-18T19:26:18.333+0000] {logging_mixin.py:190} INFO - [2024-11-18T19:26:18.333+0000] {dagbag.py:588} INFO - Filling up the DagBag from /home/airflow/.local/lib/python3.12/site-packages/airflow/example_dags/example_nested_branch_dag.py
[2024-11-18T19:26:18.345+0000] {processor.py:925} INFO - DAG(s) 'example_nested_branch_dag' retrieved from /home/airflow/.local/lib/python3.12/site-packages/airflow/example_dags/example_nested_branch_dag.py
[2024-11-18T19:26:18.368+0000] {logging_mixin.py:190} INFO - [2024-11-18T19:26:18.368+0000] {dag.py:3239} INFO - Sync 1 DAGs
[2024-11-18T19:26:18.395+0000] {logging_mixin.py:190} INFO - [2024-11-18T19:26:18.395+0000] {dag.py:4180} INFO - Setting next_dagrun for example_nested_branch_dag to 2024-11-17 00:00:00+00:00, run_after=2024-11-18 00:00:00+00:00
[2024-11-18T19:26:18.433+0000] {processor.py:208} INFO - Processing /home/airflow/.local/lib/python3.12/site-packages/airflow/example_dags/example_nested_branch_dag.py took 0.108 seconds
[2024-11-18T19:26:50.070+0000] {processor.py:186} INFO - Started process (PID=3090) to work on /home/airflow/.local/lib/python3.12/site-packages/airflow/example_dags/example_nested_branch_dag.py
[2024-11-18T19:26:50.071+0000] {processor.py:914} INFO - Processing file /home/airflow/.local/lib/python3.12/site-packages/airflow/example_dags/example_nested_branch_dag.py for tasks to queue
[2024-11-18T19:26:50.073+0000] {logging_mixin.py:190} INFO - [2024-11-18T19:26:50.073+0000] {dagbag.py:588} INFO - Filling up the DagBag from /home/airflow/.local/lib/python3.12/site-packages/airflow/example_dags/example_nested_branch_dag.py
[2024-11-18T19:26:50.086+0000] {processor.py:925} INFO - DAG(s) 'example_nested_branch_dag' retrieved from /home/airflow/.local/lib/python3.12/site-packages/airflow/example_dags/example_nested_branch_dag.py
[2024-11-18T19:26:50.106+0000] {logging_mixin.py:190} INFO - [2024-11-18T19:26:50.106+0000] {dag.py:3239} INFO - Sync 1 DAGs
[2024-11-18T19:26:50.132+0000] {logging_mixin.py:190} INFO - [2024-11-18T19:26:50.132+0000] {dag.py:4180} INFO - Setting next_dagrun for example_nested_branch_dag to 2024-11-17 00:00:00+00:00, run_after=2024-11-18 00:00:00+00:00
[2024-11-18T19:26:50.154+0000] {processor.py:208} INFO - Processing /home/airflow/.local/lib/python3.12/site-packages/airflow/example_dags/example_nested_branch_dag.py took 0.090 seconds
[2024-11-18T19:27:21.767+0000] {processor.py:186} INFO - Started process (PID=3155) to work on /home/airflow/.local/lib/python3.12/site-packages/airflow/example_dags/example_nested_branch_dag.py
[2024-11-18T19:27:21.768+0000] {processor.py:914} INFO - Processing file /home/airflow/.local/lib/python3.12/site-packages/airflow/example_dags/example_nested_branch_dag.py for tasks to queue
[2024-11-18T19:27:21.769+0000] {logging_mixin.py:190} INFO - [2024-11-18T19:27:21.769+0000] {dagbag.py:588} INFO - Filling up the DagBag from /home/airflow/.local/lib/python3.12/site-packages/airflow/example_dags/example_nested_branch_dag.py
[2024-11-18T19:27:21.781+0000] {processor.py:925} INFO - DAG(s) 'example_nested_branch_dag' retrieved from /home/airflow/.local/lib/python3.12/site-packages/airflow/example_dags/example_nested_branch_dag.py
[2024-11-18T19:27:21.803+0000] {logging_mixin.py:190} INFO - [2024-11-18T19:27:21.803+0000] {dag.py:3239} INFO - Sync 1 DAGs
[2024-11-18T19:27:21.829+0000] {logging_mixin.py:190} INFO - [2024-11-18T19:27:21.829+0000] {dag.py:4180} INFO - Setting next_dagrun for example_nested_branch_dag to 2024-11-17 00:00:00+00:00, run_after=2024-11-18 00:00:00+00:00
[2024-11-18T19:27:21.849+0000] {processor.py:208} INFO - Processing /home/airflow/.local/lib/python3.12/site-packages/airflow/example_dags/example_nested_branch_dag.py took 0.088 seconds
[2024-11-18T19:27:53.300+0000] {processor.py:186} INFO - Started process (PID=3221) to work on /home/airflow/.local/lib/python3.12/site-packages/airflow/example_dags/example_nested_branch_dag.py
[2024-11-18T19:27:53.301+0000] {processor.py:914} INFO - Processing file /home/airflow/.local/lib/python3.12/site-packages/airflow/example_dags/example_nested_branch_dag.py for tasks to queue
[2024-11-18T19:27:53.303+0000] {logging_mixin.py:190} INFO - [2024-11-18T19:27:53.302+0000] {dagbag.py:588} INFO - Filling up the DagBag from /home/airflow/.local/lib/python3.12/site-packages/airflow/example_dags/example_nested_branch_dag.py
[2024-11-18T19:27:53.314+0000] {processor.py:925} INFO - DAG(s) 'example_nested_branch_dag' retrieved from /home/airflow/.local/lib/python3.12/site-packages/airflow/example_dags/example_nested_branch_dag.py
[2024-11-18T19:27:53.355+0000] {logging_mixin.py:190} INFO - [2024-11-18T19:27:53.355+0000] {dag.py:3239} INFO - Sync 1 DAGs
[2024-11-18T19:27:53.386+0000] {logging_mixin.py:190} INFO - [2024-11-18T19:27:53.386+0000] {dag.py:4180} INFO - Setting next_dagrun for example_nested_branch_dag to 2024-11-17 00:00:00+00:00, run_after=2024-11-18 00:00:00+00:00
[2024-11-18T19:27:53.415+0000] {processor.py:208} INFO - Processing /home/airflow/.local/lib/python3.12/site-packages/airflow/example_dags/example_nested_branch_dag.py took 0.126 seconds
[2024-11-18T19:28:25.291+0000] {processor.py:186} INFO - Started process (PID=3286) to work on /home/airflow/.local/lib/python3.12/site-packages/airflow/example_dags/example_nested_branch_dag.py
[2024-11-18T19:28:25.291+0000] {processor.py:914} INFO - Processing file /home/airflow/.local/lib/python3.12/site-packages/airflow/example_dags/example_nested_branch_dag.py for tasks to queue
[2024-11-18T19:28:25.294+0000] {logging_mixin.py:190} INFO - [2024-11-18T19:28:25.293+0000] {dagbag.py:588} INFO - Filling up the DagBag from /home/airflow/.local/lib/python3.12/site-packages/airflow/example_dags/example_nested_branch_dag.py
[2024-11-18T19:28:25.305+0000] {processor.py:925} INFO - DAG(s) 'example_nested_branch_dag' retrieved from /home/airflow/.local/lib/python3.12/site-packages/airflow/example_dags/example_nested_branch_dag.py
[2024-11-18T19:28:25.328+0000] {logging_mixin.py:190} INFO - [2024-11-18T19:28:25.327+0000] {dag.py:3239} INFO - Sync 1 DAGs
[2024-11-18T19:28:25.355+0000] {logging_mixin.py:190} INFO - [2024-11-18T19:28:25.355+0000] {dag.py:4180} INFO - Setting next_dagrun for example_nested_branch_dag to 2024-11-17 00:00:00+00:00, run_after=2024-11-18 00:00:00+00:00
[2024-11-18T19:28:25.577+0000] {processor.py:208} INFO - Processing /home/airflow/.local/lib/python3.12/site-packages/airflow/example_dags/example_nested_branch_dag.py took 0.291 seconds
[2024-11-18T19:28:56.184+0000] {processor.py:186} INFO - Started process (PID=3349) to work on /home/airflow/.local/lib/python3.12/site-packages/airflow/example_dags/example_nested_branch_dag.py
[2024-11-18T19:28:56.185+0000] {processor.py:914} INFO - Processing file /home/airflow/.local/lib/python3.12/site-packages/airflow/example_dags/example_nested_branch_dag.py for tasks to queue
[2024-11-18T19:28:56.187+0000] {logging_mixin.py:190} INFO - [2024-11-18T19:28:56.186+0000] {dagbag.py:588} INFO - Filling up the DagBag from /home/airflow/.local/lib/python3.12/site-packages/airflow/example_dags/example_nested_branch_dag.py
[2024-11-18T19:28:56.199+0000] {processor.py:925} INFO - DAG(s) 'example_nested_branch_dag' retrieved from /home/airflow/.local/lib/python3.12/site-packages/airflow/example_dags/example_nested_branch_dag.py
[2024-11-18T19:28:56.222+0000] {logging_mixin.py:190} INFO - [2024-11-18T19:28:56.222+0000] {dag.py:3239} INFO - Sync 1 DAGs
[2024-11-18T19:28:56.247+0000] {logging_mixin.py:190} INFO - [2024-11-18T19:28:56.247+0000] {dag.py:4180} INFO - Setting next_dagrun for example_nested_branch_dag to 2024-11-17 00:00:00+00:00, run_after=2024-11-18 00:00:00+00:00
[2024-11-18T19:28:56.269+0000] {processor.py:208} INFO - Processing /home/airflow/.local/lib/python3.12/site-packages/airflow/example_dags/example_nested_branch_dag.py took 0.091 seconds
[2024-11-18T19:29:27.368+0000] {processor.py:186} INFO - Started process (PID=3414) to work on /home/airflow/.local/lib/python3.12/site-packages/airflow/example_dags/example_nested_branch_dag.py
[2024-11-18T19:29:27.369+0000] {processor.py:914} INFO - Processing file /home/airflow/.local/lib/python3.12/site-packages/airflow/example_dags/example_nested_branch_dag.py for tasks to queue
[2024-11-18T19:29:27.371+0000] {logging_mixin.py:190} INFO - [2024-11-18T19:29:27.371+0000] {dagbag.py:588} INFO - Filling up the DagBag from /home/airflow/.local/lib/python3.12/site-packages/airflow/example_dags/example_nested_branch_dag.py
[2024-11-18T19:29:27.383+0000] {processor.py:925} INFO - DAG(s) 'example_nested_branch_dag' retrieved from /home/airflow/.local/lib/python3.12/site-packages/airflow/example_dags/example_nested_branch_dag.py
[2024-11-18T19:29:27.404+0000] {logging_mixin.py:190} INFO - [2024-11-18T19:29:27.404+0000] {dag.py:3239} INFO - Sync 1 DAGs
[2024-11-18T19:29:27.429+0000] {logging_mixin.py:190} INFO - [2024-11-18T19:29:27.428+0000] {dag.py:4180} INFO - Setting next_dagrun for example_nested_branch_dag to 2024-11-17 00:00:00+00:00, run_after=2024-11-18 00:00:00+00:00
[2024-11-18T19:29:27.451+0000] {processor.py:208} INFO - Processing /home/airflow/.local/lib/python3.12/site-packages/airflow/example_dags/example_nested_branch_dag.py took 0.089 seconds
[2024-11-18T19:29:58.593+0000] {processor.py:186} INFO - Started process (PID=3478) to work on /home/airflow/.local/lib/python3.12/site-packages/airflow/example_dags/example_nested_branch_dag.py
[2024-11-18T19:29:58.594+0000] {processor.py:914} INFO - Processing file /home/airflow/.local/lib/python3.12/site-packages/airflow/example_dags/example_nested_branch_dag.py for tasks to queue
[2024-11-18T19:29:58.596+0000] {logging_mixin.py:190} INFO - [2024-11-18T19:29:58.596+0000] {dagbag.py:588} INFO - Filling up the DagBag from /home/airflow/.local/lib/python3.12/site-packages/airflow/example_dags/example_nested_branch_dag.py
[2024-11-18T19:29:58.608+0000] {processor.py:925} INFO - DAG(s) 'example_nested_branch_dag' retrieved from /home/airflow/.local/lib/python3.12/site-packages/airflow/example_dags/example_nested_branch_dag.py
[2024-11-18T19:29:58.632+0000] {logging_mixin.py:190} INFO - [2024-11-18T19:29:58.631+0000] {dag.py:3239} INFO - Sync 1 DAGs
[2024-11-18T19:29:58.657+0000] {logging_mixin.py:190} INFO - [2024-11-18T19:29:58.657+0000] {dag.py:4180} INFO - Setting next_dagrun for example_nested_branch_dag to 2024-11-17 00:00:00+00:00, run_after=2024-11-18 00:00:00+00:00
[2024-11-18T19:29:58.679+0000] {processor.py:208} INFO - Processing /home/airflow/.local/lib/python3.12/site-packages/airflow/example_dags/example_nested_branch_dag.py took 0.092 seconds
[2024-11-18T19:30:29.641+0000] {processor.py:186} INFO - Started process (PID=3542) to work on /home/airflow/.local/lib/python3.12/site-packages/airflow/example_dags/example_nested_branch_dag.py
[2024-11-18T19:30:29.642+0000] {processor.py:914} INFO - Processing file /home/airflow/.local/lib/python3.12/site-packages/airflow/example_dags/example_nested_branch_dag.py for tasks to queue
[2024-11-18T19:30:29.643+0000] {logging_mixin.py:190} INFO - [2024-11-18T19:30:29.643+0000] {dagbag.py:588} INFO - Filling up the DagBag from /home/airflow/.local/lib/python3.12/site-packages/airflow/example_dags/example_nested_branch_dag.py
[2024-11-18T19:30:29.652+0000] {processor.py:925} INFO - DAG(s) 'example_nested_branch_dag' retrieved from /home/airflow/.local/lib/python3.12/site-packages/airflow/example_dags/example_nested_branch_dag.py
[2024-11-18T19:30:29.670+0000] {logging_mixin.py:190} INFO - [2024-11-18T19:30:29.670+0000] {dag.py:3239} INFO - Sync 1 DAGs
[2024-11-18T19:30:29.695+0000] {logging_mixin.py:190} INFO - [2024-11-18T19:30:29.695+0000] {dag.py:4180} INFO - Setting next_dagrun for example_nested_branch_dag to 2024-11-17 00:00:00+00:00, run_after=2024-11-18 00:00:00+00:00
[2024-11-18T19:30:29.716+0000] {processor.py:208} INFO - Processing /home/airflow/.local/lib/python3.12/site-packages/airflow/example_dags/example_nested_branch_dag.py took 0.080 seconds
