[2024-11-18T19:02:31.580+0000] {processor.py:186} INFO - Started process (PID=108) to work on /home/airflow/.local/lib/python3.12/site-packages/airflow/example_dags/example_external_task_marker_dag.py
[2024-11-18T19:02:31.581+0000] {processor.py:914} INFO - Processing file /home/airflow/.local/lib/python3.12/site-packages/airflow/example_dags/example_external_task_marker_dag.py for tasks to queue
[2024-11-18T19:02:31.608+0000] {logging_mixin.py:190} INFO - [2024-11-18T19:02:31.607+0000] {dagbag.py:588} INFO - Filling up the DagBag from /home/airflow/.local/lib/python3.12/site-packages/airflow/example_dags/example_external_task_marker_dag.py
[2024-11-18T19:02:31.638+0000] {processor.py:925} INFO - DAG(s) 'example_external_task_marker_parent', 'example_external_task_marker_child' retrieved from /home/airflow/.local/lib/python3.12/site-packages/airflow/example_dags/example_external_task_marker_dag.py
[2024-11-18T19:02:31.744+0000] {logging_mixin.py:190} INFO - [2024-11-18T19:02:31.743+0000] {dag.py:3239} INFO - Sync 2 DAGs
[2024-11-18T19:02:31.829+0000] {logging_mixin.py:190} INFO - [2024-11-18T19:02:31.829+0000] {dag.py:4180} INFO - Setting next_dagrun for example_external_task_marker_child to None, run_after=None
[2024-11-18T19:02:31.850+0000] {logging_mixin.py:190} INFO - [2024-11-18T19:02:31.849+0000] {dag.py:4180} INFO - Setting next_dagrun for example_external_task_marker_parent to None, run_after=None
[2024-11-18T19:02:32.022+0000] {processor.py:208} INFO - Processing /home/airflow/.local/lib/python3.12/site-packages/airflow/example_dags/example_external_task_marker_dag.py took 0.474 seconds
[2024-11-18T19:03:03.267+0000] {processor.py:186} INFO - Started process (PID=172) to work on /home/airflow/.local/lib/python3.12/site-packages/airflow/example_dags/example_external_task_marker_dag.py
[2024-11-18T19:03:03.270+0000] {processor.py:914} INFO - Processing file /home/airflow/.local/lib/python3.12/site-packages/airflow/example_dags/example_external_task_marker_dag.py for tasks to queue
[2024-11-18T19:03:03.273+0000] {logging_mixin.py:190} INFO - [2024-11-18T19:03:03.272+0000] {dagbag.py:588} INFO - Filling up the DagBag from /home/airflow/.local/lib/python3.12/site-packages/airflow/example_dags/example_external_task_marker_dag.py
[2024-11-18T19:03:03.323+0000] {processor.py:925} INFO - DAG(s) 'example_external_task_marker_child', 'example_external_task_marker_parent' retrieved from /home/airflow/.local/lib/python3.12/site-packages/airflow/example_dags/example_external_task_marker_dag.py
[2024-11-18T19:03:03.383+0000] {logging_mixin.py:190} INFO - [2024-11-18T19:03:03.383+0000] {dag.py:3239} INFO - Sync 2 DAGs
[2024-11-18T19:03:03.403+0000] {logging_mixin.py:190} INFO - [2024-11-18T19:03:03.402+0000] {dag.py:4180} INFO - Setting next_dagrun for example_external_task_marker_child to None, run_after=None
[2024-11-18T19:03:03.410+0000] {logging_mixin.py:190} INFO - [2024-11-18T19:03:03.410+0000] {dag.py:4180} INFO - Setting next_dagrun for example_external_task_marker_parent to None, run_after=None
[2024-11-18T19:03:03.487+0000] {processor.py:208} INFO - Processing /home/airflow/.local/lib/python3.12/site-packages/airflow/example_dags/example_external_task_marker_dag.py took 0.246 seconds
[2024-11-18T19:04:25.371+0000] {processor.py:186} INFO - Started process (PID=263) to work on /home/airflow/.local/lib/python3.12/site-packages/airflow/example_dags/example_external_task_marker_dag.py
[2024-11-18T19:04:25.372+0000] {processor.py:914} INFO - Processing file /home/airflow/.local/lib/python3.12/site-packages/airflow/example_dags/example_external_task_marker_dag.py for tasks to queue
[2024-11-18T19:04:25.374+0000] {logging_mixin.py:190} INFO - [2024-11-18T19:04:25.373+0000] {dagbag.py:588} INFO - Filling up the DagBag from /home/airflow/.local/lib/python3.12/site-packages/airflow/example_dags/example_external_task_marker_dag.py
[2024-11-18T19:04:25.386+0000] {processor.py:925} INFO - DAG(s) 'example_external_task_marker_parent', 'example_external_task_marker_child' retrieved from /home/airflow/.local/lib/python3.12/site-packages/airflow/example_dags/example_external_task_marker_dag.py
[2024-11-18T19:04:25.470+0000] {logging_mixin.py:190} INFO - [2024-11-18T19:04:25.470+0000] {dag.py:3239} INFO - Sync 2 DAGs
[2024-11-18T19:04:25.515+0000] {logging_mixin.py:190} INFO - [2024-11-18T19:04:25.514+0000] {dag.py:4180} INFO - Setting next_dagrun for example_external_task_marker_child to None, run_after=None
[2024-11-18T19:04:25.527+0000] {logging_mixin.py:190} INFO - [2024-11-18T19:04:25.527+0000] {dag.py:4180} INFO - Setting next_dagrun for example_external_task_marker_parent to None, run_after=None
[2024-11-18T19:04:25.560+0000] {processor.py:208} INFO - Processing /home/airflow/.local/lib/python3.12/site-packages/airflow/example_dags/example_external_task_marker_dag.py took 0.207 seconds
[2024-11-18T19:04:57.056+0000] {processor.py:186} INFO - Started process (PID=327) to work on /home/airflow/.local/lib/python3.12/site-packages/airflow/example_dags/example_external_task_marker_dag.py
[2024-11-18T19:04:57.056+0000] {processor.py:914} INFO - Processing file /home/airflow/.local/lib/python3.12/site-packages/airflow/example_dags/example_external_task_marker_dag.py for tasks to queue
[2024-11-18T19:04:57.058+0000] {logging_mixin.py:190} INFO - [2024-11-18T19:04:57.058+0000] {dagbag.py:588} INFO - Filling up the DagBag from /home/airflow/.local/lib/python3.12/site-packages/airflow/example_dags/example_external_task_marker_dag.py
[2024-11-18T19:04:57.068+0000] {processor.py:925} INFO - DAG(s) 'example_external_task_marker_parent', 'example_external_task_marker_child' retrieved from /home/airflow/.local/lib/python3.12/site-packages/airflow/example_dags/example_external_task_marker_dag.py
[2024-11-18T19:04:57.133+0000] {logging_mixin.py:190} INFO - [2024-11-18T19:04:57.133+0000] {dag.py:3239} INFO - Sync 2 DAGs
[2024-11-18T19:04:57.159+0000] {logging_mixin.py:190} INFO - [2024-11-18T19:04:57.159+0000] {dag.py:4180} INFO - Setting next_dagrun for example_external_task_marker_child to None, run_after=None
[2024-11-18T19:04:57.165+0000] {logging_mixin.py:190} INFO - [2024-11-18T19:04:57.165+0000] {dag.py:4180} INFO - Setting next_dagrun for example_external_task_marker_parent to None, run_after=None
[2024-11-18T19:04:57.235+0000] {processor.py:208} INFO - Processing /home/airflow/.local/lib/python3.12/site-packages/airflow/example_dags/example_external_task_marker_dag.py took 0.186 seconds
[2024-11-18T19:05:28.153+0000] {processor.py:186} INFO - Started process (PID=390) to work on /home/airflow/.local/lib/python3.12/site-packages/airflow/example_dags/example_external_task_marker_dag.py
[2024-11-18T19:05:28.154+0000] {processor.py:914} INFO - Processing file /home/airflow/.local/lib/python3.12/site-packages/airflow/example_dags/example_external_task_marker_dag.py for tasks to queue
[2024-11-18T19:05:28.156+0000] {logging_mixin.py:190} INFO - [2024-11-18T19:05:28.155+0000] {dagbag.py:588} INFO - Filling up the DagBag from /home/airflow/.local/lib/python3.12/site-packages/airflow/example_dags/example_external_task_marker_dag.py
[2024-11-18T19:05:28.164+0000] {processor.py:925} INFO - DAG(s) 'example_external_task_marker_parent', 'example_external_task_marker_child' retrieved from /home/airflow/.local/lib/python3.12/site-packages/airflow/example_dags/example_external_task_marker_dag.py
[2024-11-18T19:05:28.231+0000] {logging_mixin.py:190} INFO - [2024-11-18T19:05:28.231+0000] {dag.py:3239} INFO - Sync 2 DAGs
[2024-11-18T19:05:28.276+0000] {logging_mixin.py:190} INFO - [2024-11-18T19:05:28.276+0000] {dag.py:4180} INFO - Setting next_dagrun for example_external_task_marker_child to None, run_after=None
[2024-11-18T19:05:28.287+0000] {logging_mixin.py:190} INFO - [2024-11-18T19:05:28.287+0000] {dag.py:4180} INFO - Setting next_dagrun for example_external_task_marker_parent to None, run_after=None
[2024-11-18T19:05:28.346+0000] {processor.py:208} INFO - Processing /home/airflow/.local/lib/python3.12/site-packages/airflow/example_dags/example_external_task_marker_dag.py took 0.200 seconds
[2024-11-18T19:05:58.478+0000] {processor.py:186} INFO - Started process (PID=455) to work on /home/airflow/.local/lib/python3.12/site-packages/airflow/example_dags/example_external_task_marker_dag.py
[2024-11-18T19:05:58.478+0000] {processor.py:914} INFO - Processing file /home/airflow/.local/lib/python3.12/site-packages/airflow/example_dags/example_external_task_marker_dag.py for tasks to queue
[2024-11-18T19:05:58.481+0000] {logging_mixin.py:190} INFO - [2024-11-18T19:05:58.480+0000] {dagbag.py:588} INFO - Filling up the DagBag from /home/airflow/.local/lib/python3.12/site-packages/airflow/example_dags/example_external_task_marker_dag.py
[2024-11-18T19:05:58.489+0000] {processor.py:925} INFO - DAG(s) 'example_external_task_marker_parent', 'example_external_task_marker_child' retrieved from /home/airflow/.local/lib/python3.12/site-packages/airflow/example_dags/example_external_task_marker_dag.py
[2024-11-18T19:05:58.513+0000] {logging_mixin.py:190} INFO - [2024-11-18T19:05:58.512+0000] {dag.py:3239} INFO - Sync 2 DAGs
[2024-11-18T19:05:58.530+0000] {logging_mixin.py:190} INFO - [2024-11-18T19:05:58.530+0000] {dag.py:4180} INFO - Setting next_dagrun for example_external_task_marker_child to None, run_after=None
[2024-11-18T19:05:58.534+0000] {logging_mixin.py:190} INFO - [2024-11-18T19:05:58.534+0000] {dag.py:4180} INFO - Setting next_dagrun for example_external_task_marker_parent to None, run_after=None
[2024-11-18T19:05:58.555+0000] {processor.py:208} INFO - Processing /home/airflow/.local/lib/python3.12/site-packages/airflow/example_dags/example_external_task_marker_dag.py took 0.083 seconds
[2024-11-18T19:06:29.019+0000] {processor.py:186} INFO - Started process (PID=517) to work on /home/airflow/.local/lib/python3.12/site-packages/airflow/example_dags/example_external_task_marker_dag.py
[2024-11-18T19:06:29.021+0000] {processor.py:914} INFO - Processing file /home/airflow/.local/lib/python3.12/site-packages/airflow/example_dags/example_external_task_marker_dag.py for tasks to queue
[2024-11-18T19:06:29.024+0000] {logging_mixin.py:190} INFO - [2024-11-18T19:06:29.024+0000] {dagbag.py:588} INFO - Filling up the DagBag from /home/airflow/.local/lib/python3.12/site-packages/airflow/example_dags/example_external_task_marker_dag.py
[2024-11-18T19:06:29.039+0000] {processor.py:925} INFO - DAG(s) 'example_external_task_marker_parent', 'example_external_task_marker_child' retrieved from /home/airflow/.local/lib/python3.12/site-packages/airflow/example_dags/example_external_task_marker_dag.py
[2024-11-18T19:06:29.074+0000] {logging_mixin.py:190} INFO - [2024-11-18T19:06:29.074+0000] {dag.py:3239} INFO - Sync 2 DAGs
[2024-11-18T19:06:29.092+0000] {logging_mixin.py:190} INFO - [2024-11-18T19:06:29.091+0000] {dag.py:4180} INFO - Setting next_dagrun for example_external_task_marker_child to None, run_after=None
[2024-11-18T19:06:29.095+0000] {logging_mixin.py:190} INFO - [2024-11-18T19:06:29.095+0000] {dag.py:4180} INFO - Setting next_dagrun for example_external_task_marker_parent to None, run_after=None
[2024-11-18T19:06:29.126+0000] {processor.py:208} INFO - Processing /home/airflow/.local/lib/python3.12/site-packages/airflow/example_dags/example_external_task_marker_dag.py took 0.114 seconds
[2024-11-18T19:06:59.855+0000] {processor.py:186} INFO - Started process (PID=581) to work on /home/airflow/.local/lib/python3.12/site-packages/airflow/example_dags/example_external_task_marker_dag.py
[2024-11-18T19:06:59.856+0000] {processor.py:914} INFO - Processing file /home/airflow/.local/lib/python3.12/site-packages/airflow/example_dags/example_external_task_marker_dag.py for tasks to queue
[2024-11-18T19:06:59.858+0000] {logging_mixin.py:190} INFO - [2024-11-18T19:06:59.858+0000] {dagbag.py:588} INFO - Filling up the DagBag from /home/airflow/.local/lib/python3.12/site-packages/airflow/example_dags/example_external_task_marker_dag.py
[2024-11-18T19:06:59.866+0000] {processor.py:925} INFO - DAG(s) 'example_external_task_marker_child', 'example_external_task_marker_parent' retrieved from /home/airflow/.local/lib/python3.12/site-packages/airflow/example_dags/example_external_task_marker_dag.py
[2024-11-18T19:06:59.889+0000] {logging_mixin.py:190} INFO - [2024-11-18T19:06:59.889+0000] {dag.py:3239} INFO - Sync 2 DAGs
[2024-11-18T19:06:59.907+0000] {logging_mixin.py:190} INFO - [2024-11-18T19:06:59.907+0000] {dag.py:4180} INFO - Setting next_dagrun for example_external_task_marker_child to None, run_after=None
[2024-11-18T19:06:59.911+0000] {logging_mixin.py:190} INFO - [2024-11-18T19:06:59.911+0000] {dag.py:4180} INFO - Setting next_dagrun for example_external_task_marker_parent to None, run_after=None
[2024-11-18T19:06:59.947+0000] {processor.py:208} INFO - Processing /home/airflow/.local/lib/python3.12/site-packages/airflow/example_dags/example_external_task_marker_dag.py took 0.097 seconds
[2024-11-18T19:07:30.395+0000] {processor.py:186} INFO - Started process (PID=645) to work on /home/airflow/.local/lib/python3.12/site-packages/airflow/example_dags/example_external_task_marker_dag.py
[2024-11-18T19:07:30.396+0000] {processor.py:914} INFO - Processing file /home/airflow/.local/lib/python3.12/site-packages/airflow/example_dags/example_external_task_marker_dag.py for tasks to queue
[2024-11-18T19:07:30.398+0000] {logging_mixin.py:190} INFO - [2024-11-18T19:07:30.398+0000] {dagbag.py:588} INFO - Filling up the DagBag from /home/airflow/.local/lib/python3.12/site-packages/airflow/example_dags/example_external_task_marker_dag.py
[2024-11-18T19:07:30.407+0000] {processor.py:925} INFO - DAG(s) 'example_external_task_marker_parent', 'example_external_task_marker_child' retrieved from /home/airflow/.local/lib/python3.12/site-packages/airflow/example_dags/example_external_task_marker_dag.py
[2024-11-18T19:07:30.430+0000] {logging_mixin.py:190} INFO - [2024-11-18T19:07:30.430+0000] {dag.py:3239} INFO - Sync 2 DAGs
[2024-11-18T19:07:30.447+0000] {logging_mixin.py:190} INFO - [2024-11-18T19:07:30.446+0000] {dag.py:4180} INFO - Setting next_dagrun for example_external_task_marker_child to None, run_after=None
[2024-11-18T19:07:30.450+0000] {logging_mixin.py:190} INFO - [2024-11-18T19:07:30.450+0000] {dag.py:4180} INFO - Setting next_dagrun for example_external_task_marker_parent to None, run_after=None
[2024-11-18T19:07:30.497+0000] {processor.py:208} INFO - Processing /home/airflow/.local/lib/python3.12/site-packages/airflow/example_dags/example_external_task_marker_dag.py took 0.108 seconds
[2024-11-18T19:08:01.296+0000] {processor.py:186} INFO - Started process (PID=710) to work on /home/airflow/.local/lib/python3.12/site-packages/airflow/example_dags/example_external_task_marker_dag.py
[2024-11-18T19:08:01.297+0000] {processor.py:914} INFO - Processing file /home/airflow/.local/lib/python3.12/site-packages/airflow/example_dags/example_external_task_marker_dag.py for tasks to queue
[2024-11-18T19:08:01.299+0000] {logging_mixin.py:190} INFO - [2024-11-18T19:08:01.299+0000] {dagbag.py:588} INFO - Filling up the DagBag from /home/airflow/.local/lib/python3.12/site-packages/airflow/example_dags/example_external_task_marker_dag.py
[2024-11-18T19:08:01.308+0000] {processor.py:925} INFO - DAG(s) 'example_external_task_marker_child', 'example_external_task_marker_parent' retrieved from /home/airflow/.local/lib/python3.12/site-packages/airflow/example_dags/example_external_task_marker_dag.py
[2024-11-18T19:08:01.336+0000] {logging_mixin.py:190} INFO - [2024-11-18T19:08:01.336+0000] {dag.py:3239} INFO - Sync 2 DAGs
[2024-11-18T19:08:01.353+0000] {logging_mixin.py:190} INFO - [2024-11-18T19:08:01.352+0000] {dag.py:4180} INFO - Setting next_dagrun for example_external_task_marker_child to None, run_after=None
[2024-11-18T19:08:01.356+0000] {logging_mixin.py:190} INFO - [2024-11-18T19:08:01.356+0000] {dag.py:4180} INFO - Setting next_dagrun for example_external_task_marker_parent to None, run_after=None
[2024-11-18T19:08:01.390+0000] {processor.py:208} INFO - Processing /home/airflow/.local/lib/python3.12/site-packages/airflow/example_dags/example_external_task_marker_dag.py took 0.099 seconds
[2024-11-18T19:08:32.096+0000] {processor.py:186} INFO - Started process (PID=775) to work on /home/airflow/.local/lib/python3.12/site-packages/airflow/example_dags/example_external_task_marker_dag.py
[2024-11-18T19:08:32.097+0000] {processor.py:914} INFO - Processing file /home/airflow/.local/lib/python3.12/site-packages/airflow/example_dags/example_external_task_marker_dag.py for tasks to queue
[2024-11-18T19:08:32.099+0000] {logging_mixin.py:190} INFO - [2024-11-18T19:08:32.099+0000] {dagbag.py:588} INFO - Filling up the DagBag from /home/airflow/.local/lib/python3.12/site-packages/airflow/example_dags/example_external_task_marker_dag.py
[2024-11-18T19:08:32.107+0000] {processor.py:925} INFO - DAG(s) 'example_external_task_marker_parent', 'example_external_task_marker_child' retrieved from /home/airflow/.local/lib/python3.12/site-packages/airflow/example_dags/example_external_task_marker_dag.py
[2024-11-18T19:08:32.128+0000] {logging_mixin.py:190} INFO - [2024-11-18T19:08:32.128+0000] {dag.py:3239} INFO - Sync 2 DAGs
[2024-11-18T19:08:32.145+0000] {logging_mixin.py:190} INFO - [2024-11-18T19:08:32.145+0000] {dag.py:4180} INFO - Setting next_dagrun for example_external_task_marker_child to None, run_after=None
[2024-11-18T19:08:32.149+0000] {logging_mixin.py:190} INFO - [2024-11-18T19:08:32.149+0000] {dag.py:4180} INFO - Setting next_dagrun for example_external_task_marker_parent to None, run_after=None
[2024-11-18T19:08:32.166+0000] {processor.py:208} INFO - Processing /home/airflow/.local/lib/python3.12/site-packages/airflow/example_dags/example_external_task_marker_dag.py took 0.076 seconds
[2024-11-18T19:09:02.615+0000] {processor.py:186} INFO - Started process (PID=839) to work on /home/airflow/.local/lib/python3.12/site-packages/airflow/example_dags/example_external_task_marker_dag.py
[2024-11-18T19:09:02.616+0000] {processor.py:914} INFO - Processing file /home/airflow/.local/lib/python3.12/site-packages/airflow/example_dags/example_external_task_marker_dag.py for tasks to queue
[2024-11-18T19:09:02.618+0000] {logging_mixin.py:190} INFO - [2024-11-18T19:09:02.617+0000] {dagbag.py:588} INFO - Filling up the DagBag from /home/airflow/.local/lib/python3.12/site-packages/airflow/example_dags/example_external_task_marker_dag.py
[2024-11-18T19:09:02.626+0000] {processor.py:925} INFO - DAG(s) 'example_external_task_marker_child', 'example_external_task_marker_parent' retrieved from /home/airflow/.local/lib/python3.12/site-packages/airflow/example_dags/example_external_task_marker_dag.py
[2024-11-18T19:09:02.650+0000] {logging_mixin.py:190} INFO - [2024-11-18T19:09:02.650+0000] {dag.py:3239} INFO - Sync 2 DAGs
[2024-11-18T19:09:02.668+0000] {logging_mixin.py:190} INFO - [2024-11-18T19:09:02.668+0000] {dag.py:4180} INFO - Setting next_dagrun for example_external_task_marker_child to None, run_after=None
[2024-11-18T19:09:02.672+0000] {logging_mixin.py:190} INFO - [2024-11-18T19:09:02.672+0000] {dag.py:4180} INFO - Setting next_dagrun for example_external_task_marker_parent to None, run_after=None
[2024-11-18T19:09:02.692+0000] {processor.py:208} INFO - Processing /home/airflow/.local/lib/python3.12/site-packages/airflow/example_dags/example_external_task_marker_dag.py took 0.083 seconds
[2024-11-18T19:09:33.398+0000] {processor.py:186} INFO - Started process (PID=903) to work on /home/airflow/.local/lib/python3.12/site-packages/airflow/example_dags/example_external_task_marker_dag.py
[2024-11-18T19:09:33.399+0000] {processor.py:914} INFO - Processing file /home/airflow/.local/lib/python3.12/site-packages/airflow/example_dags/example_external_task_marker_dag.py for tasks to queue
[2024-11-18T19:09:33.401+0000] {logging_mixin.py:190} INFO - [2024-11-18T19:09:33.401+0000] {dagbag.py:588} INFO - Filling up the DagBag from /home/airflow/.local/lib/python3.12/site-packages/airflow/example_dags/example_external_task_marker_dag.py
[2024-11-18T19:09:33.409+0000] {processor.py:925} INFO - DAG(s) 'example_external_task_marker_child', 'example_external_task_marker_parent' retrieved from /home/airflow/.local/lib/python3.12/site-packages/airflow/example_dags/example_external_task_marker_dag.py
[2024-11-18T19:09:33.432+0000] {logging_mixin.py:190} INFO - [2024-11-18T19:09:33.432+0000] {dag.py:3239} INFO - Sync 2 DAGs
[2024-11-18T19:09:33.454+0000] {logging_mixin.py:190} INFO - [2024-11-18T19:09:33.453+0000] {dag.py:4180} INFO - Setting next_dagrun for example_external_task_marker_child to None, run_after=None
[2024-11-18T19:09:33.457+0000] {logging_mixin.py:190} INFO - [2024-11-18T19:09:33.457+0000] {dag.py:4180} INFO - Setting next_dagrun for example_external_task_marker_parent to None, run_after=None
[2024-11-18T19:09:33.473+0000] {processor.py:208} INFO - Processing /home/airflow/.local/lib/python3.12/site-packages/airflow/example_dags/example_external_task_marker_dag.py took 0.081 seconds
[2024-11-18T19:10:03.647+0000] {processor.py:186} INFO - Started process (PID=968) to work on /home/airflow/.local/lib/python3.12/site-packages/airflow/example_dags/example_external_task_marker_dag.py
[2024-11-18T19:10:03.648+0000] {processor.py:914} INFO - Processing file /home/airflow/.local/lib/python3.12/site-packages/airflow/example_dags/example_external_task_marker_dag.py for tasks to queue
[2024-11-18T19:10:03.650+0000] {logging_mixin.py:190} INFO - [2024-11-18T19:10:03.650+0000] {dagbag.py:588} INFO - Filling up the DagBag from /home/airflow/.local/lib/python3.12/site-packages/airflow/example_dags/example_external_task_marker_dag.py
[2024-11-18T19:10:03.659+0000] {processor.py:925} INFO - DAG(s) 'example_external_task_marker_child', 'example_external_task_marker_parent' retrieved from /home/airflow/.local/lib/python3.12/site-packages/airflow/example_dags/example_external_task_marker_dag.py
[2024-11-18T19:10:03.681+0000] {logging_mixin.py:190} INFO - [2024-11-18T19:10:03.681+0000] {dag.py:3239} INFO - Sync 2 DAGs
[2024-11-18T19:10:03.700+0000] {logging_mixin.py:190} INFO - [2024-11-18T19:10:03.700+0000] {dag.py:4180} INFO - Setting next_dagrun for example_external_task_marker_child to None, run_after=None
[2024-11-18T19:10:03.704+0000] {logging_mixin.py:190} INFO - [2024-11-18T19:10:03.704+0000] {dag.py:4180} INFO - Setting next_dagrun for example_external_task_marker_parent to None, run_after=None
[2024-11-18T19:10:03.729+0000] {processor.py:208} INFO - Processing /home/airflow/.local/lib/python3.12/site-packages/airflow/example_dags/example_external_task_marker_dag.py took 0.088 seconds
[2024-11-18T19:10:34.157+0000] {processor.py:186} INFO - Started process (PID=1032) to work on /home/airflow/.local/lib/python3.12/site-packages/airflow/example_dags/example_external_task_marker_dag.py
[2024-11-18T19:10:34.159+0000] {processor.py:914} INFO - Processing file /home/airflow/.local/lib/python3.12/site-packages/airflow/example_dags/example_external_task_marker_dag.py for tasks to queue
[2024-11-18T19:10:34.166+0000] {logging_mixin.py:190} INFO - [2024-11-18T19:10:34.165+0000] {dagbag.py:588} INFO - Filling up the DagBag from /home/airflow/.local/lib/python3.12/site-packages/airflow/example_dags/example_external_task_marker_dag.py
[2024-11-18T19:10:34.184+0000] {processor.py:925} INFO - DAG(s) 'example_external_task_marker_parent', 'example_external_task_marker_child' retrieved from /home/airflow/.local/lib/python3.12/site-packages/airflow/example_dags/example_external_task_marker_dag.py
[2024-11-18T19:10:34.228+0000] {logging_mixin.py:190} INFO - [2024-11-18T19:10:34.228+0000] {dag.py:3239} INFO - Sync 2 DAGs
[2024-11-18T19:10:34.257+0000] {logging_mixin.py:190} INFO - [2024-11-18T19:10:34.256+0000] {dag.py:4180} INFO - Setting next_dagrun for example_external_task_marker_child to None, run_after=None
[2024-11-18T19:10:34.264+0000] {logging_mixin.py:190} INFO - [2024-11-18T19:10:34.264+0000] {dag.py:4180} INFO - Setting next_dagrun for example_external_task_marker_parent to None, run_after=None
[2024-11-18T19:10:34.295+0000] {processor.py:208} INFO - Processing /home/airflow/.local/lib/python3.12/site-packages/airflow/example_dags/example_external_task_marker_dag.py took 0.158 seconds
[2024-11-18T19:11:04.464+0000] {processor.py:186} INFO - Started process (PID=1097) to work on /home/airflow/.local/lib/python3.12/site-packages/airflow/example_dags/example_external_task_marker_dag.py
[2024-11-18T19:11:04.471+0000] {processor.py:914} INFO - Processing file /home/airflow/.local/lib/python3.12/site-packages/airflow/example_dags/example_external_task_marker_dag.py for tasks to queue
[2024-11-18T19:11:04.473+0000] {logging_mixin.py:190} INFO - [2024-11-18T19:11:04.473+0000] {dagbag.py:588} INFO - Filling up the DagBag from /home/airflow/.local/lib/python3.12/site-packages/airflow/example_dags/example_external_task_marker_dag.py
[2024-11-18T19:11:04.482+0000] {processor.py:925} INFO - DAG(s) 'example_external_task_marker_child', 'example_external_task_marker_parent' retrieved from /home/airflow/.local/lib/python3.12/site-packages/airflow/example_dags/example_external_task_marker_dag.py
[2024-11-18T19:11:04.555+0000] {logging_mixin.py:190} INFO - [2024-11-18T19:11:04.555+0000] {dag.py:3239} INFO - Sync 2 DAGs
[2024-11-18T19:11:04.590+0000] {logging_mixin.py:190} INFO - [2024-11-18T19:11:04.590+0000] {dag.py:4180} INFO - Setting next_dagrun for example_external_task_marker_child to None, run_after=None
[2024-11-18T19:11:04.600+0000] {logging_mixin.py:190} INFO - [2024-11-18T19:11:04.600+0000] {dag.py:4180} INFO - Setting next_dagrun for example_external_task_marker_parent to None, run_after=None
[2024-11-18T19:11:04.626+0000] {processor.py:208} INFO - Processing /home/airflow/.local/lib/python3.12/site-packages/airflow/example_dags/example_external_task_marker_dag.py took 0.180 seconds
[2024-11-18T19:11:34.671+0000] {processor.py:186} INFO - Started process (PID=1162) to work on /home/airflow/.local/lib/python3.12/site-packages/airflow/example_dags/example_external_task_marker_dag.py
[2024-11-18T19:11:34.672+0000] {processor.py:914} INFO - Processing file /home/airflow/.local/lib/python3.12/site-packages/airflow/example_dags/example_external_task_marker_dag.py for tasks to queue
[2024-11-18T19:11:34.674+0000] {logging_mixin.py:190} INFO - [2024-11-18T19:11:34.674+0000] {dagbag.py:588} INFO - Filling up the DagBag from /home/airflow/.local/lib/python3.12/site-packages/airflow/example_dags/example_external_task_marker_dag.py
[2024-11-18T19:11:34.682+0000] {processor.py:925} INFO - DAG(s) 'example_external_task_marker_child', 'example_external_task_marker_parent' retrieved from /home/airflow/.local/lib/python3.12/site-packages/airflow/example_dags/example_external_task_marker_dag.py
[2024-11-18T19:11:34.704+0000] {logging_mixin.py:190} INFO - [2024-11-18T19:11:34.704+0000] {dag.py:3239} INFO - Sync 2 DAGs
[2024-11-18T19:11:34.721+0000] {logging_mixin.py:190} INFO - [2024-11-18T19:11:34.721+0000] {dag.py:4180} INFO - Setting next_dagrun for example_external_task_marker_child to None, run_after=None
[2024-11-18T19:11:34.725+0000] {logging_mixin.py:190} INFO - [2024-11-18T19:11:34.725+0000] {dag.py:4180} INFO - Setting next_dagrun for example_external_task_marker_parent to None, run_after=None
[2024-11-18T19:11:34.762+0000] {processor.py:208} INFO - Processing /home/airflow/.local/lib/python3.12/site-packages/airflow/example_dags/example_external_task_marker_dag.py took 0.096 seconds
[2024-11-18T19:12:05.073+0000] {processor.py:186} INFO - Started process (PID=1226) to work on /home/airflow/.local/lib/python3.12/site-packages/airflow/example_dags/example_external_task_marker_dag.py
[2024-11-18T19:12:05.073+0000] {processor.py:914} INFO - Processing file /home/airflow/.local/lib/python3.12/site-packages/airflow/example_dags/example_external_task_marker_dag.py for tasks to queue
[2024-11-18T19:12:05.075+0000] {logging_mixin.py:190} INFO - [2024-11-18T19:12:05.075+0000] {dagbag.py:588} INFO - Filling up the DagBag from /home/airflow/.local/lib/python3.12/site-packages/airflow/example_dags/example_external_task_marker_dag.py
[2024-11-18T19:12:05.084+0000] {processor.py:925} INFO - DAG(s) 'example_external_task_marker_parent', 'example_external_task_marker_child' retrieved from /home/airflow/.local/lib/python3.12/site-packages/airflow/example_dags/example_external_task_marker_dag.py
[2024-11-18T19:12:05.111+0000] {logging_mixin.py:190} INFO - [2024-11-18T19:12:05.111+0000] {dag.py:3239} INFO - Sync 2 DAGs
[2024-11-18T19:12:05.129+0000] {logging_mixin.py:190} INFO - [2024-11-18T19:12:05.128+0000] {dag.py:4180} INFO - Setting next_dagrun for example_external_task_marker_child to None, run_after=None
[2024-11-18T19:12:05.133+0000] {logging_mixin.py:190} INFO - [2024-11-18T19:12:05.132+0000] {dag.py:4180} INFO - Setting next_dagrun for example_external_task_marker_parent to None, run_after=None
[2024-11-18T19:12:05.157+0000] {processor.py:208} INFO - Processing /home/airflow/.local/lib/python3.12/site-packages/airflow/example_dags/example_external_task_marker_dag.py took 0.090 seconds
[2024-11-18T19:12:35.396+0000] {processor.py:186} INFO - Started process (PID=1290) to work on /home/airflow/.local/lib/python3.12/site-packages/airflow/example_dags/example_external_task_marker_dag.py
[2024-11-18T19:12:35.397+0000] {processor.py:914} INFO - Processing file /home/airflow/.local/lib/python3.12/site-packages/airflow/example_dags/example_external_task_marker_dag.py for tasks to queue
[2024-11-18T19:12:35.399+0000] {logging_mixin.py:190} INFO - [2024-11-18T19:12:35.398+0000] {dagbag.py:588} INFO - Filling up the DagBag from /home/airflow/.local/lib/python3.12/site-packages/airflow/example_dags/example_external_task_marker_dag.py
[2024-11-18T19:12:35.408+0000] {processor.py:925} INFO - DAG(s) 'example_external_task_marker_child', 'example_external_task_marker_parent' retrieved from /home/airflow/.local/lib/python3.12/site-packages/airflow/example_dags/example_external_task_marker_dag.py
[2024-11-18T19:12:35.431+0000] {logging_mixin.py:190} INFO - [2024-11-18T19:12:35.430+0000] {dag.py:3239} INFO - Sync 2 DAGs
[2024-11-18T19:12:35.449+0000] {logging_mixin.py:190} INFO - [2024-11-18T19:12:35.449+0000] {dag.py:4180} INFO - Setting next_dagrun for example_external_task_marker_child to None, run_after=None
[2024-11-18T19:12:35.453+0000] {logging_mixin.py:190} INFO - [2024-11-18T19:12:35.453+0000] {dag.py:4180} INFO - Setting next_dagrun for example_external_task_marker_parent to None, run_after=None
[2024-11-18T19:12:35.477+0000] {processor.py:208} INFO - Processing /home/airflow/.local/lib/python3.12/site-packages/airflow/example_dags/example_external_task_marker_dag.py took 0.087 seconds
[2024-11-18T19:13:06.022+0000] {processor.py:186} INFO - Started process (PID=1354) to work on /home/airflow/.local/lib/python3.12/site-packages/airflow/example_dags/example_external_task_marker_dag.py
[2024-11-18T19:13:06.022+0000] {processor.py:914} INFO - Processing file /home/airflow/.local/lib/python3.12/site-packages/airflow/example_dags/example_external_task_marker_dag.py for tasks to queue
[2024-11-18T19:13:06.024+0000] {logging_mixin.py:190} INFO - [2024-11-18T19:13:06.024+0000] {dagbag.py:588} INFO - Filling up the DagBag from /home/airflow/.local/lib/python3.12/site-packages/airflow/example_dags/example_external_task_marker_dag.py
[2024-11-18T19:13:06.033+0000] {processor.py:925} INFO - DAG(s) 'example_external_task_marker_child', 'example_external_task_marker_parent' retrieved from /home/airflow/.local/lib/python3.12/site-packages/airflow/example_dags/example_external_task_marker_dag.py
[2024-11-18T19:13:06.056+0000] {logging_mixin.py:190} INFO - [2024-11-18T19:13:06.056+0000] {dag.py:3239} INFO - Sync 2 DAGs
[2024-11-18T19:13:06.077+0000] {logging_mixin.py:190} INFO - [2024-11-18T19:13:06.077+0000] {dag.py:4180} INFO - Setting next_dagrun for example_external_task_marker_child to None, run_after=None
[2024-11-18T19:13:06.081+0000] {logging_mixin.py:190} INFO - [2024-11-18T19:13:06.081+0000] {dag.py:4180} INFO - Setting next_dagrun for example_external_task_marker_parent to None, run_after=None
[2024-11-18T19:13:06.099+0000] {processor.py:208} INFO - Processing /home/airflow/.local/lib/python3.12/site-packages/airflow/example_dags/example_external_task_marker_dag.py took 0.083 seconds
[2024-11-18T19:13:36.181+0000] {processor.py:186} INFO - Started process (PID=1419) to work on /home/airflow/.local/lib/python3.12/site-packages/airflow/example_dags/example_external_task_marker_dag.py
[2024-11-18T19:13:36.182+0000] {processor.py:914} INFO - Processing file /home/airflow/.local/lib/python3.12/site-packages/airflow/example_dags/example_external_task_marker_dag.py for tasks to queue
[2024-11-18T19:13:36.184+0000] {logging_mixin.py:190} INFO - [2024-11-18T19:13:36.183+0000] {dagbag.py:588} INFO - Filling up the DagBag from /home/airflow/.local/lib/python3.12/site-packages/airflow/example_dags/example_external_task_marker_dag.py
[2024-11-18T19:13:36.192+0000] {processor.py:925} INFO - DAG(s) 'example_external_task_marker_parent', 'example_external_task_marker_child' retrieved from /home/airflow/.local/lib/python3.12/site-packages/airflow/example_dags/example_external_task_marker_dag.py
[2024-11-18T19:13:36.214+0000] {logging_mixin.py:190} INFO - [2024-11-18T19:13:36.214+0000] {dag.py:3239} INFO - Sync 2 DAGs
[2024-11-18T19:13:36.234+0000] {logging_mixin.py:190} INFO - [2024-11-18T19:13:36.234+0000] {dag.py:4180} INFO - Setting next_dagrun for example_external_task_marker_child to None, run_after=None
[2024-11-18T19:13:36.238+0000] {logging_mixin.py:190} INFO - [2024-11-18T19:13:36.238+0000] {dag.py:4180} INFO - Setting next_dagrun for example_external_task_marker_parent to None, run_after=None
[2024-11-18T19:13:36.269+0000] {processor.py:208} INFO - Processing /home/airflow/.local/lib/python3.12/site-packages/airflow/example_dags/example_external_task_marker_dag.py took 0.094 seconds
[2024-11-18T19:14:07.078+0000] {processor.py:186} INFO - Started process (PID=1484) to work on /home/airflow/.local/lib/python3.12/site-packages/airflow/example_dags/example_external_task_marker_dag.py
[2024-11-18T19:14:07.079+0000] {processor.py:914} INFO - Processing file /home/airflow/.local/lib/python3.12/site-packages/airflow/example_dags/example_external_task_marker_dag.py for tasks to queue
[2024-11-18T19:14:07.081+0000] {logging_mixin.py:190} INFO - [2024-11-18T19:14:07.080+0000] {dagbag.py:588} INFO - Filling up the DagBag from /home/airflow/.local/lib/python3.12/site-packages/airflow/example_dags/example_external_task_marker_dag.py
[2024-11-18T19:14:07.090+0000] {processor.py:925} INFO - DAG(s) 'example_external_task_marker_child', 'example_external_task_marker_parent' retrieved from /home/airflow/.local/lib/python3.12/site-packages/airflow/example_dags/example_external_task_marker_dag.py
[2024-11-18T19:14:07.114+0000] {logging_mixin.py:190} INFO - [2024-11-18T19:14:07.113+0000] {dag.py:3239} INFO - Sync 2 DAGs
[2024-11-18T19:14:07.136+0000] {logging_mixin.py:190} INFO - [2024-11-18T19:14:07.136+0000] {dag.py:4180} INFO - Setting next_dagrun for example_external_task_marker_child to None, run_after=None
[2024-11-18T19:14:07.140+0000] {logging_mixin.py:190} INFO - [2024-11-18T19:14:07.140+0000] {dag.py:4180} INFO - Setting next_dagrun for example_external_task_marker_parent to None, run_after=None
[2024-11-18T19:14:07.161+0000] {processor.py:208} INFO - Processing /home/airflow/.local/lib/python3.12/site-packages/airflow/example_dags/example_external_task_marker_dag.py took 0.089 seconds
[2024-11-18T19:14:37.595+0000] {processor.py:186} INFO - Started process (PID=1549) to work on /home/airflow/.local/lib/python3.12/site-packages/airflow/example_dags/example_external_task_marker_dag.py
[2024-11-18T19:14:37.596+0000] {processor.py:914} INFO - Processing file /home/airflow/.local/lib/python3.12/site-packages/airflow/example_dags/example_external_task_marker_dag.py for tasks to queue
[2024-11-18T19:14:37.598+0000] {logging_mixin.py:190} INFO - [2024-11-18T19:14:37.598+0000] {dagbag.py:588} INFO - Filling up the DagBag from /home/airflow/.local/lib/python3.12/site-packages/airflow/example_dags/example_external_task_marker_dag.py
[2024-11-18T19:14:37.606+0000] {processor.py:925} INFO - DAG(s) 'example_external_task_marker_child', 'example_external_task_marker_parent' retrieved from /home/airflow/.local/lib/python3.12/site-packages/airflow/example_dags/example_external_task_marker_dag.py
[2024-11-18T19:14:37.629+0000] {logging_mixin.py:190} INFO - [2024-11-18T19:14:37.629+0000] {dag.py:3239} INFO - Sync 2 DAGs
[2024-11-18T19:14:37.645+0000] {logging_mixin.py:190} INFO - [2024-11-18T19:14:37.645+0000] {dag.py:4180} INFO - Setting next_dagrun for example_external_task_marker_child to None, run_after=None
[2024-11-18T19:14:37.648+0000] {logging_mixin.py:190} INFO - [2024-11-18T19:14:37.648+0000] {dag.py:4180} INFO - Setting next_dagrun for example_external_task_marker_parent to None, run_after=None
[2024-11-18T19:14:37.673+0000] {processor.py:208} INFO - Processing /home/airflow/.local/lib/python3.12/site-packages/airflow/example_dags/example_external_task_marker_dag.py took 0.084 seconds
[2024-11-18T19:15:08.149+0000] {processor.py:186} INFO - Started process (PID=1614) to work on /home/airflow/.local/lib/python3.12/site-packages/airflow/example_dags/example_external_task_marker_dag.py
[2024-11-18T19:15:08.150+0000] {processor.py:914} INFO - Processing file /home/airflow/.local/lib/python3.12/site-packages/airflow/example_dags/example_external_task_marker_dag.py for tasks to queue
[2024-11-18T19:15:08.152+0000] {logging_mixin.py:190} INFO - [2024-11-18T19:15:08.151+0000] {dagbag.py:588} INFO - Filling up the DagBag from /home/airflow/.local/lib/python3.12/site-packages/airflow/example_dags/example_external_task_marker_dag.py
[2024-11-18T19:15:08.160+0000] {processor.py:925} INFO - DAG(s) 'example_external_task_marker_child', 'example_external_task_marker_parent' retrieved from /home/airflow/.local/lib/python3.12/site-packages/airflow/example_dags/example_external_task_marker_dag.py
[2024-11-18T19:15:08.184+0000] {logging_mixin.py:190} INFO - [2024-11-18T19:15:08.183+0000] {dag.py:3239} INFO - Sync 2 DAGs
[2024-11-18T19:15:08.202+0000] {logging_mixin.py:190} INFO - [2024-11-18T19:15:08.202+0000] {dag.py:4180} INFO - Setting next_dagrun for example_external_task_marker_child to None, run_after=None
[2024-11-18T19:15:08.210+0000] {logging_mixin.py:190} INFO - [2024-11-18T19:15:08.210+0000] {dag.py:4180} INFO - Setting next_dagrun for example_external_task_marker_parent to None, run_after=None
[2024-11-18T19:15:08.231+0000] {processor.py:208} INFO - Processing /home/airflow/.local/lib/python3.12/site-packages/airflow/example_dags/example_external_task_marker_dag.py took 0.088 seconds
[2024-11-18T19:15:39.001+0000] {processor.py:186} INFO - Started process (PID=1679) to work on /home/airflow/.local/lib/python3.12/site-packages/airflow/example_dags/example_external_task_marker_dag.py
[2024-11-18T19:15:39.002+0000] {processor.py:914} INFO - Processing file /home/airflow/.local/lib/python3.12/site-packages/airflow/example_dags/example_external_task_marker_dag.py for tasks to queue
[2024-11-18T19:15:39.004+0000] {logging_mixin.py:190} INFO - [2024-11-18T19:15:39.004+0000] {dagbag.py:588} INFO - Filling up the DagBag from /home/airflow/.local/lib/python3.12/site-packages/airflow/example_dags/example_external_task_marker_dag.py
[2024-11-18T19:15:39.012+0000] {processor.py:925} INFO - DAG(s) 'example_external_task_marker_parent', 'example_external_task_marker_child' retrieved from /home/airflow/.local/lib/python3.12/site-packages/airflow/example_dags/example_external_task_marker_dag.py
[2024-11-18T19:15:39.034+0000] {logging_mixin.py:190} INFO - [2024-11-18T19:15:39.034+0000] {dag.py:3239} INFO - Sync 2 DAGs
[2024-11-18T19:15:39.051+0000] {logging_mixin.py:190} INFO - [2024-11-18T19:15:39.051+0000] {dag.py:4180} INFO - Setting next_dagrun for example_external_task_marker_child to None, run_after=None
[2024-11-18T19:15:39.055+0000] {logging_mixin.py:190} INFO - [2024-11-18T19:15:39.055+0000] {dag.py:4180} INFO - Setting next_dagrun for example_external_task_marker_parent to None, run_after=None
[2024-11-18T19:15:39.079+0000] {processor.py:208} INFO - Processing /home/airflow/.local/lib/python3.12/site-packages/airflow/example_dags/example_external_task_marker_dag.py took 0.089 seconds
[2024-11-18T19:16:09.318+0000] {processor.py:186} INFO - Started process (PID=1743) to work on /home/airflow/.local/lib/python3.12/site-packages/airflow/example_dags/example_external_task_marker_dag.py
[2024-11-18T19:16:09.319+0000] {processor.py:914} INFO - Processing file /home/airflow/.local/lib/python3.12/site-packages/airflow/example_dags/example_external_task_marker_dag.py for tasks to queue
[2024-11-18T19:16:09.321+0000] {logging_mixin.py:190} INFO - [2024-11-18T19:16:09.321+0000] {dagbag.py:588} INFO - Filling up the DagBag from /home/airflow/.local/lib/python3.12/site-packages/airflow/example_dags/example_external_task_marker_dag.py
[2024-11-18T19:16:09.330+0000] {processor.py:925} INFO - DAG(s) 'example_external_task_marker_parent', 'example_external_task_marker_child' retrieved from /home/airflow/.local/lib/python3.12/site-packages/airflow/example_dags/example_external_task_marker_dag.py
[2024-11-18T19:16:09.352+0000] {logging_mixin.py:190} INFO - [2024-11-18T19:16:09.352+0000] {dag.py:3239} INFO - Sync 2 DAGs
[2024-11-18T19:16:09.374+0000] {logging_mixin.py:190} INFO - [2024-11-18T19:16:09.374+0000] {dag.py:4180} INFO - Setting next_dagrun for example_external_task_marker_child to None, run_after=None
[2024-11-18T19:16:09.378+0000] {logging_mixin.py:190} INFO - [2024-11-18T19:16:09.378+0000] {dag.py:4180} INFO - Setting next_dagrun for example_external_task_marker_parent to None, run_after=None
[2024-11-18T19:16:09.412+0000] {processor.py:208} INFO - Processing /home/airflow/.local/lib/python3.12/site-packages/airflow/example_dags/example_external_task_marker_dag.py took 0.100 seconds
[2024-11-18T19:16:39.909+0000] {processor.py:186} INFO - Started process (PID=1807) to work on /home/airflow/.local/lib/python3.12/site-packages/airflow/example_dags/example_external_task_marker_dag.py
[2024-11-18T19:16:39.917+0000] {processor.py:914} INFO - Processing file /home/airflow/.local/lib/python3.12/site-packages/airflow/example_dags/example_external_task_marker_dag.py for tasks to queue
[2024-11-18T19:16:39.921+0000] {logging_mixin.py:190} INFO - [2024-11-18T19:16:39.920+0000] {dagbag.py:588} INFO - Filling up the DagBag from /home/airflow/.local/lib/python3.12/site-packages/airflow/example_dags/example_external_task_marker_dag.py
[2024-11-18T19:16:39.939+0000] {processor.py:925} INFO - DAG(s) 'example_external_task_marker_parent', 'example_external_task_marker_child' retrieved from /home/airflow/.local/lib/python3.12/site-packages/airflow/example_dags/example_external_task_marker_dag.py
[2024-11-18T19:16:40.004+0000] {logging_mixin.py:190} INFO - [2024-11-18T19:16:40.003+0000] {dag.py:3239} INFO - Sync 2 DAGs
[2024-11-18T19:16:40.045+0000] {logging_mixin.py:190} INFO - [2024-11-18T19:16:40.045+0000] {dag.py:4180} INFO - Setting next_dagrun for example_external_task_marker_child to None, run_after=None
[2024-11-18T19:16:40.054+0000] {logging_mixin.py:190} INFO - [2024-11-18T19:16:40.054+0000] {dag.py:4180} INFO - Setting next_dagrun for example_external_task_marker_parent to None, run_after=None
[2024-11-18T19:16:40.106+0000] {processor.py:208} INFO - Processing /home/airflow/.local/lib/python3.12/site-packages/airflow/example_dags/example_external_task_marker_dag.py took 0.208 seconds
[2024-11-18T19:17:10.241+0000] {processor.py:186} INFO - Started process (PID=1871) to work on /home/airflow/.local/lib/python3.12/site-packages/airflow/example_dags/example_external_task_marker_dag.py
[2024-11-18T19:17:10.251+0000] {processor.py:914} INFO - Processing file /home/airflow/.local/lib/python3.12/site-packages/airflow/example_dags/example_external_task_marker_dag.py for tasks to queue
[2024-11-18T19:17:10.253+0000] {logging_mixin.py:190} INFO - [2024-11-18T19:17:10.252+0000] {dagbag.py:588} INFO - Filling up the DagBag from /home/airflow/.local/lib/python3.12/site-packages/airflow/example_dags/example_external_task_marker_dag.py
[2024-11-18T19:17:10.267+0000] {processor.py:925} INFO - DAG(s) 'example_external_task_marker_child', 'example_external_task_marker_parent' retrieved from /home/airflow/.local/lib/python3.12/site-packages/airflow/example_dags/example_external_task_marker_dag.py
[2024-11-18T19:17:10.359+0000] {logging_mixin.py:190} INFO - [2024-11-18T19:17:10.358+0000] {dag.py:3239} INFO - Sync 2 DAGs
[2024-11-18T19:17:10.397+0000] {logging_mixin.py:190} INFO - [2024-11-18T19:17:10.396+0000] {dag.py:4180} INFO - Setting next_dagrun for example_external_task_marker_child to None, run_after=None
[2024-11-18T19:17:10.401+0000] {logging_mixin.py:190} INFO - [2024-11-18T19:17:10.401+0000] {dag.py:4180} INFO - Setting next_dagrun for example_external_task_marker_parent to None, run_after=None
[2024-11-18T19:17:10.430+0000] {processor.py:208} INFO - Processing /home/airflow/.local/lib/python3.12/site-packages/airflow/example_dags/example_external_task_marker_dag.py took 0.194 seconds
[2024-11-18T19:17:41.202+0000] {processor.py:186} INFO - Started process (PID=1935) to work on /home/airflow/.local/lib/python3.12/site-packages/airflow/example_dags/example_external_task_marker_dag.py
[2024-11-18T19:17:41.207+0000] {processor.py:914} INFO - Processing file /home/airflow/.local/lib/python3.12/site-packages/airflow/example_dags/example_external_task_marker_dag.py for tasks to queue
[2024-11-18T19:17:41.215+0000] {logging_mixin.py:190} INFO - [2024-11-18T19:17:41.215+0000] {dagbag.py:588} INFO - Filling up the DagBag from /home/airflow/.local/lib/python3.12/site-packages/airflow/example_dags/example_external_task_marker_dag.py
[2024-11-18T19:17:41.227+0000] {processor.py:925} INFO - DAG(s) 'example_external_task_marker_child', 'example_external_task_marker_parent' retrieved from /home/airflow/.local/lib/python3.12/site-packages/airflow/example_dags/example_external_task_marker_dag.py
[2024-11-18T19:17:41.260+0000] {logging_mixin.py:190} INFO - [2024-11-18T19:17:41.260+0000] {dag.py:3239} INFO - Sync 2 DAGs
[2024-11-18T19:17:41.289+0000] {logging_mixin.py:190} INFO - [2024-11-18T19:17:41.289+0000] {dag.py:4180} INFO - Setting next_dagrun for example_external_task_marker_child to None, run_after=None
[2024-11-18T19:17:41.293+0000] {logging_mixin.py:190} INFO - [2024-11-18T19:17:41.293+0000] {dag.py:4180} INFO - Setting next_dagrun for example_external_task_marker_parent to None, run_after=None
[2024-11-18T19:17:41.330+0000] {processor.py:208} INFO - Processing /home/airflow/.local/lib/python3.12/site-packages/airflow/example_dags/example_external_task_marker_dag.py took 0.134 seconds
[2024-11-18T19:18:11.542+0000] {processor.py:186} INFO - Started process (PID=2000) to work on /home/airflow/.local/lib/python3.12/site-packages/airflow/example_dags/example_external_task_marker_dag.py
[2024-11-18T19:18:11.543+0000] {processor.py:914} INFO - Processing file /home/airflow/.local/lib/python3.12/site-packages/airflow/example_dags/example_external_task_marker_dag.py for tasks to queue
[2024-11-18T19:18:11.545+0000] {logging_mixin.py:190} INFO - [2024-11-18T19:18:11.545+0000] {dagbag.py:588} INFO - Filling up the DagBag from /home/airflow/.local/lib/python3.12/site-packages/airflow/example_dags/example_external_task_marker_dag.py
[2024-11-18T19:18:11.553+0000] {processor.py:925} INFO - DAG(s) 'example_external_task_marker_child', 'example_external_task_marker_parent' retrieved from /home/airflow/.local/lib/python3.12/site-packages/airflow/example_dags/example_external_task_marker_dag.py
[2024-11-18T19:18:11.577+0000] {logging_mixin.py:190} INFO - [2024-11-18T19:18:11.576+0000] {dag.py:3239} INFO - Sync 2 DAGs
[2024-11-18T19:18:11.594+0000] {logging_mixin.py:190} INFO - [2024-11-18T19:18:11.594+0000] {dag.py:4180} INFO - Setting next_dagrun for example_external_task_marker_child to None, run_after=None
[2024-11-18T19:18:11.598+0000] {logging_mixin.py:190} INFO - [2024-11-18T19:18:11.598+0000] {dag.py:4180} INFO - Setting next_dagrun for example_external_task_marker_parent to None, run_after=None
[2024-11-18T19:18:11.618+0000] {processor.py:208} INFO - Processing /home/airflow/.local/lib/python3.12/site-packages/airflow/example_dags/example_external_task_marker_dag.py took 0.081 seconds
[2024-11-18T19:18:42.136+0000] {processor.py:186} INFO - Started process (PID=2065) to work on /home/airflow/.local/lib/python3.12/site-packages/airflow/example_dags/example_external_task_marker_dag.py
[2024-11-18T19:18:42.136+0000] {processor.py:914} INFO - Processing file /home/airflow/.local/lib/python3.12/site-packages/airflow/example_dags/example_external_task_marker_dag.py for tasks to queue
[2024-11-18T19:18:42.138+0000] {logging_mixin.py:190} INFO - [2024-11-18T19:18:42.138+0000] {dagbag.py:588} INFO - Filling up the DagBag from /home/airflow/.local/lib/python3.12/site-packages/airflow/example_dags/example_external_task_marker_dag.py
[2024-11-18T19:18:42.147+0000] {processor.py:925} INFO - DAG(s) 'example_external_task_marker_parent', 'example_external_task_marker_child' retrieved from /home/airflow/.local/lib/python3.12/site-packages/airflow/example_dags/example_external_task_marker_dag.py
[2024-11-18T19:18:42.169+0000] {logging_mixin.py:190} INFO - [2024-11-18T19:18:42.169+0000] {dag.py:3239} INFO - Sync 2 DAGs
[2024-11-18T19:18:42.186+0000] {logging_mixin.py:190} INFO - [2024-11-18T19:18:42.186+0000] {dag.py:4180} INFO - Setting next_dagrun for example_external_task_marker_child to None, run_after=None
[2024-11-18T19:18:42.190+0000] {logging_mixin.py:190} INFO - [2024-11-18T19:18:42.190+0000] {dag.py:4180} INFO - Setting next_dagrun for example_external_task_marker_parent to None, run_after=None
[2024-11-18T19:18:42.211+0000] {processor.py:208} INFO - Processing /home/airflow/.local/lib/python3.12/site-packages/airflow/example_dags/example_external_task_marker_dag.py took 0.081 seconds
[2024-11-18T19:19:12.408+0000] {processor.py:186} INFO - Started process (PID=2129) to work on /home/airflow/.local/lib/python3.12/site-packages/airflow/example_dags/example_external_task_marker_dag.py
[2024-11-18T19:19:12.409+0000] {processor.py:914} INFO - Processing file /home/airflow/.local/lib/python3.12/site-packages/airflow/example_dags/example_external_task_marker_dag.py for tasks to queue
[2024-11-18T19:19:12.411+0000] {logging_mixin.py:190} INFO - [2024-11-18T19:19:12.411+0000] {dagbag.py:588} INFO - Filling up the DagBag from /home/airflow/.local/lib/python3.12/site-packages/airflow/example_dags/example_external_task_marker_dag.py
[2024-11-18T19:19:12.425+0000] {processor.py:925} INFO - DAG(s) 'example_external_task_marker_parent', 'example_external_task_marker_child' retrieved from /home/airflow/.local/lib/python3.12/site-packages/airflow/example_dags/example_external_task_marker_dag.py
[2024-11-18T19:19:12.460+0000] {logging_mixin.py:190} INFO - [2024-11-18T19:19:12.460+0000] {dag.py:3239} INFO - Sync 2 DAGs
[2024-11-18T19:19:12.476+0000] {logging_mixin.py:190} INFO - [2024-11-18T19:19:12.476+0000] {dag.py:4180} INFO - Setting next_dagrun for example_external_task_marker_child to None, run_after=None
[2024-11-18T19:19:12.479+0000] {logging_mixin.py:190} INFO - [2024-11-18T19:19:12.479+0000] {dag.py:4180} INFO - Setting next_dagrun for example_external_task_marker_parent to None, run_after=None
[2024-11-18T19:19:12.497+0000] {processor.py:208} INFO - Processing /home/airflow/.local/lib/python3.12/site-packages/airflow/example_dags/example_external_task_marker_dag.py took 0.095 seconds
[2024-11-18T19:19:43.162+0000] {processor.py:186} INFO - Started process (PID=2193) to work on /home/airflow/.local/lib/python3.12/site-packages/airflow/example_dags/example_external_task_marker_dag.py
[2024-11-18T19:19:43.164+0000] {processor.py:914} INFO - Processing file /home/airflow/.local/lib/python3.12/site-packages/airflow/example_dags/example_external_task_marker_dag.py for tasks to queue
[2024-11-18T19:19:43.166+0000] {logging_mixin.py:190} INFO - [2024-11-18T19:19:43.166+0000] {dagbag.py:588} INFO - Filling up the DagBag from /home/airflow/.local/lib/python3.12/site-packages/airflow/example_dags/example_external_task_marker_dag.py
[2024-11-18T19:19:43.174+0000] {processor.py:925} INFO - DAG(s) 'example_external_task_marker_child', 'example_external_task_marker_parent' retrieved from /home/airflow/.local/lib/python3.12/site-packages/airflow/example_dags/example_external_task_marker_dag.py
[2024-11-18T19:19:43.198+0000] {logging_mixin.py:190} INFO - [2024-11-18T19:19:43.197+0000] {dag.py:3239} INFO - Sync 2 DAGs
[2024-11-18T19:19:43.214+0000] {logging_mixin.py:190} INFO - [2024-11-18T19:19:43.214+0000] {dag.py:4180} INFO - Setting next_dagrun for example_external_task_marker_child to None, run_after=None
[2024-11-18T19:19:43.218+0000] {logging_mixin.py:190} INFO - [2024-11-18T19:19:43.218+0000] {dag.py:4180} INFO - Setting next_dagrun for example_external_task_marker_parent to None, run_after=None
[2024-11-18T19:19:43.242+0000] {processor.py:208} INFO - Processing /home/airflow/.local/lib/python3.12/site-packages/airflow/example_dags/example_external_task_marker_dag.py took 0.086 seconds
[2024-11-18T19:20:13.608+0000] {processor.py:186} INFO - Started process (PID=2258) to work on /home/airflow/.local/lib/python3.12/site-packages/airflow/example_dags/example_external_task_marker_dag.py
[2024-11-18T19:20:13.609+0000] {processor.py:914} INFO - Processing file /home/airflow/.local/lib/python3.12/site-packages/airflow/example_dags/example_external_task_marker_dag.py for tasks to queue
[2024-11-18T19:20:13.611+0000] {logging_mixin.py:190} INFO - [2024-11-18T19:20:13.611+0000] {dagbag.py:588} INFO - Filling up the DagBag from /home/airflow/.local/lib/python3.12/site-packages/airflow/example_dags/example_external_task_marker_dag.py
[2024-11-18T19:20:13.620+0000] {processor.py:925} INFO - DAG(s) 'example_external_task_marker_parent', 'example_external_task_marker_child' retrieved from /home/airflow/.local/lib/python3.12/site-packages/airflow/example_dags/example_external_task_marker_dag.py
[2024-11-18T19:20:13.642+0000] {logging_mixin.py:190} INFO - [2024-11-18T19:20:13.642+0000] {dag.py:3239} INFO - Sync 2 DAGs
[2024-11-18T19:20:13.660+0000] {logging_mixin.py:190} INFO - [2024-11-18T19:20:13.659+0000] {dag.py:4180} INFO - Setting next_dagrun for example_external_task_marker_child to None, run_after=None
[2024-11-18T19:20:13.663+0000] {logging_mixin.py:190} INFO - [2024-11-18T19:20:13.663+0000] {dag.py:4180} INFO - Setting next_dagrun for example_external_task_marker_parent to None, run_after=None
[2024-11-18T19:20:13.687+0000] {processor.py:208} INFO - Processing /home/airflow/.local/lib/python3.12/site-packages/airflow/example_dags/example_external_task_marker_dag.py took 0.084 seconds
[2024-11-18T19:20:44.113+0000] {processor.py:186} INFO - Started process (PID=2322) to work on /home/airflow/.local/lib/python3.12/site-packages/airflow/example_dags/example_external_task_marker_dag.py
[2024-11-18T19:20:44.114+0000] {processor.py:914} INFO - Processing file /home/airflow/.local/lib/python3.12/site-packages/airflow/example_dags/example_external_task_marker_dag.py for tasks to queue
[2024-11-18T19:20:44.116+0000] {logging_mixin.py:190} INFO - [2024-11-18T19:20:44.115+0000] {dagbag.py:588} INFO - Filling up the DagBag from /home/airflow/.local/lib/python3.12/site-packages/airflow/example_dags/example_external_task_marker_dag.py
[2024-11-18T19:20:44.124+0000] {processor.py:925} INFO - DAG(s) 'example_external_task_marker_child', 'example_external_task_marker_parent' retrieved from /home/airflow/.local/lib/python3.12/site-packages/airflow/example_dags/example_external_task_marker_dag.py
[2024-11-18T19:20:44.146+0000] {logging_mixin.py:190} INFO - [2024-11-18T19:20:44.145+0000] {dag.py:3239} INFO - Sync 2 DAGs
[2024-11-18T19:20:44.163+0000] {logging_mixin.py:190} INFO - [2024-11-18T19:20:44.162+0000] {dag.py:4180} INFO - Setting next_dagrun for example_external_task_marker_child to None, run_after=None
[2024-11-18T19:20:44.166+0000] {logging_mixin.py:190} INFO - [2024-11-18T19:20:44.166+0000] {dag.py:4180} INFO - Setting next_dagrun for example_external_task_marker_parent to None, run_after=None
[2024-11-18T19:20:44.191+0000] {processor.py:208} INFO - Processing /home/airflow/.local/lib/python3.12/site-packages/airflow/example_dags/example_external_task_marker_dag.py took 0.084 seconds
[2024-11-18T19:21:15.071+0000] {processor.py:186} INFO - Started process (PID=2393) to work on /home/airflow/.local/lib/python3.12/site-packages/airflow/example_dags/example_external_task_marker_dag.py
[2024-11-18T19:21:15.072+0000] {processor.py:914} INFO - Processing file /home/airflow/.local/lib/python3.12/site-packages/airflow/example_dags/example_external_task_marker_dag.py for tasks to queue
[2024-11-18T19:21:15.074+0000] {logging_mixin.py:190} INFO - [2024-11-18T19:21:15.074+0000] {dagbag.py:588} INFO - Filling up the DagBag from /home/airflow/.local/lib/python3.12/site-packages/airflow/example_dags/example_external_task_marker_dag.py
[2024-11-18T19:21:15.082+0000] {processor.py:925} INFO - DAG(s) 'example_external_task_marker_child', 'example_external_task_marker_parent' retrieved from /home/airflow/.local/lib/python3.12/site-packages/airflow/example_dags/example_external_task_marker_dag.py
[2024-11-18T19:21:15.105+0000] {logging_mixin.py:190} INFO - [2024-11-18T19:21:15.105+0000] {dag.py:3239} INFO - Sync 2 DAGs
[2024-11-18T19:21:15.126+0000] {logging_mixin.py:190} INFO - [2024-11-18T19:21:15.125+0000] {dag.py:4180} INFO - Setting next_dagrun for example_external_task_marker_child to None, run_after=None
[2024-11-18T19:21:15.129+0000] {logging_mixin.py:190} INFO - [2024-11-18T19:21:15.129+0000] {dag.py:4180} INFO - Setting next_dagrun for example_external_task_marker_parent to None, run_after=None
[2024-11-18T19:21:15.153+0000] {processor.py:208} INFO - Processing /home/airflow/.local/lib/python3.12/site-packages/airflow/example_dags/example_external_task_marker_dag.py took 0.088 seconds
[2024-11-18T19:21:45.373+0000] {processor.py:186} INFO - Started process (PID=2457) to work on /home/airflow/.local/lib/python3.12/site-packages/airflow/example_dags/example_external_task_marker_dag.py
[2024-11-18T19:21:45.374+0000] {processor.py:914} INFO - Processing file /home/airflow/.local/lib/python3.12/site-packages/airflow/example_dags/example_external_task_marker_dag.py for tasks to queue
[2024-11-18T19:21:45.376+0000] {logging_mixin.py:190} INFO - [2024-11-18T19:21:45.376+0000] {dagbag.py:588} INFO - Filling up the DagBag from /home/airflow/.local/lib/python3.12/site-packages/airflow/example_dags/example_external_task_marker_dag.py
[2024-11-18T19:21:45.384+0000] {processor.py:925} INFO - DAG(s) 'example_external_task_marker_child', 'example_external_task_marker_parent' retrieved from /home/airflow/.local/lib/python3.12/site-packages/airflow/example_dags/example_external_task_marker_dag.py
[2024-11-18T19:21:45.407+0000] {logging_mixin.py:190} INFO - [2024-11-18T19:21:45.407+0000] {dag.py:3239} INFO - Sync 2 DAGs
[2024-11-18T19:21:45.424+0000] {logging_mixin.py:190} INFO - [2024-11-18T19:21:45.423+0000] {dag.py:4180} INFO - Setting next_dagrun for example_external_task_marker_child to None, run_after=None
[2024-11-18T19:21:45.427+0000] {logging_mixin.py:190} INFO - [2024-11-18T19:21:45.427+0000] {dag.py:4180} INFO - Setting next_dagrun for example_external_task_marker_parent to None, run_after=None
[2024-11-18T19:21:45.452+0000] {processor.py:208} INFO - Processing /home/airflow/.local/lib/python3.12/site-packages/airflow/example_dags/example_external_task_marker_dag.py took 0.085 seconds
[2024-11-18T19:22:15.795+0000] {processor.py:186} INFO - Started process (PID=2520) to work on /home/airflow/.local/lib/python3.12/site-packages/airflow/example_dags/example_external_task_marker_dag.py
[2024-11-18T19:22:15.796+0000] {processor.py:914} INFO - Processing file /home/airflow/.local/lib/python3.12/site-packages/airflow/example_dags/example_external_task_marker_dag.py for tasks to queue
[2024-11-18T19:22:15.798+0000] {logging_mixin.py:190} INFO - [2024-11-18T19:22:15.798+0000] {dagbag.py:588} INFO - Filling up the DagBag from /home/airflow/.local/lib/python3.12/site-packages/airflow/example_dags/example_external_task_marker_dag.py
[2024-11-18T19:22:15.806+0000] {processor.py:925} INFO - DAG(s) 'example_external_task_marker_child', 'example_external_task_marker_parent' retrieved from /home/airflow/.local/lib/python3.12/site-packages/airflow/example_dags/example_external_task_marker_dag.py
[2024-11-18T19:22:15.832+0000] {logging_mixin.py:190} INFO - [2024-11-18T19:22:15.832+0000] {dag.py:3239} INFO - Sync 2 DAGs
[2024-11-18T19:22:15.850+0000] {logging_mixin.py:190} INFO - [2024-11-18T19:22:15.850+0000] {dag.py:4180} INFO - Setting next_dagrun for example_external_task_marker_child to None, run_after=None
[2024-11-18T19:22:15.854+0000] {logging_mixin.py:190} INFO - [2024-11-18T19:22:15.853+0000] {dag.py:4180} INFO - Setting next_dagrun for example_external_task_marker_parent to None, run_after=None
[2024-11-18T19:22:15.876+0000] {processor.py:208} INFO - Processing /home/airflow/.local/lib/python3.12/site-packages/airflow/example_dags/example_external_task_marker_dag.py took 0.087 seconds
[2024-11-18T19:22:46.597+0000] {processor.py:186} INFO - Started process (PID=2584) to work on /home/airflow/.local/lib/python3.12/site-packages/airflow/example_dags/example_external_task_marker_dag.py
[2024-11-18T19:22:46.598+0000] {processor.py:914} INFO - Processing file /home/airflow/.local/lib/python3.12/site-packages/airflow/example_dags/example_external_task_marker_dag.py for tasks to queue
[2024-11-18T19:22:46.602+0000] {logging_mixin.py:190} INFO - [2024-11-18T19:22:46.601+0000] {dagbag.py:588} INFO - Filling up the DagBag from /home/airflow/.local/lib/python3.12/site-packages/airflow/example_dags/example_external_task_marker_dag.py
[2024-11-18T19:22:46.610+0000] {processor.py:925} INFO - DAG(s) 'example_external_task_marker_child', 'example_external_task_marker_parent' retrieved from /home/airflow/.local/lib/python3.12/site-packages/airflow/example_dags/example_external_task_marker_dag.py
[2024-11-18T19:22:46.654+0000] {logging_mixin.py:190} INFO - [2024-11-18T19:22:46.653+0000] {dag.py:3239} INFO - Sync 2 DAGs
[2024-11-18T19:22:46.689+0000] {logging_mixin.py:190} INFO - [2024-11-18T19:22:46.689+0000] {dag.py:4180} INFO - Setting next_dagrun for example_external_task_marker_child to None, run_after=None
[2024-11-18T19:22:46.693+0000] {logging_mixin.py:190} INFO - [2024-11-18T19:22:46.693+0000] {dag.py:4180} INFO - Setting next_dagrun for example_external_task_marker_parent to None, run_after=None
[2024-11-18T19:22:46.740+0000] {processor.py:208} INFO - Processing /home/airflow/.local/lib/python3.12/site-packages/airflow/example_dags/example_external_task_marker_dag.py took 0.152 seconds
[2024-11-18T19:23:16.992+0000] {processor.py:186} INFO - Started process (PID=2648) to work on /home/airflow/.local/lib/python3.12/site-packages/airflow/example_dags/example_external_task_marker_dag.py
[2024-11-18T19:23:16.992+0000] {processor.py:914} INFO - Processing file /home/airflow/.local/lib/python3.12/site-packages/airflow/example_dags/example_external_task_marker_dag.py for tasks to queue
[2024-11-18T19:23:17.007+0000] {logging_mixin.py:190} INFO - [2024-11-18T19:23:16.994+0000] {dagbag.py:588} INFO - Filling up the DagBag from /home/airflow/.local/lib/python3.12/site-packages/airflow/example_dags/example_external_task_marker_dag.py
[2024-11-18T19:23:17.019+0000] {processor.py:925} INFO - DAG(s) 'example_external_task_marker_child', 'example_external_task_marker_parent' retrieved from /home/airflow/.local/lib/python3.12/site-packages/airflow/example_dags/example_external_task_marker_dag.py
[2024-11-18T19:23:17.064+0000] {logging_mixin.py:190} INFO - [2024-11-18T19:23:17.064+0000] {dag.py:3239} INFO - Sync 2 DAGs
[2024-11-18T19:23:17.093+0000] {logging_mixin.py:190} INFO - [2024-11-18T19:23:17.093+0000] {dag.py:4180} INFO - Setting next_dagrun for example_external_task_marker_child to None, run_after=None
[2024-11-18T19:23:17.103+0000] {logging_mixin.py:190} INFO - [2024-11-18T19:23:17.103+0000] {dag.py:4180} INFO - Setting next_dagrun for example_external_task_marker_parent to None, run_after=None
[2024-11-18T19:23:17.134+0000] {processor.py:208} INFO - Processing /home/airflow/.local/lib/python3.12/site-packages/airflow/example_dags/example_external_task_marker_dag.py took 0.164 seconds
[2024-11-18T19:23:47.429+0000] {processor.py:186} INFO - Started process (PID=2712) to work on /home/airflow/.local/lib/python3.12/site-packages/airflow/example_dags/example_external_task_marker_dag.py
[2024-11-18T19:23:47.432+0000] {processor.py:914} INFO - Processing file /home/airflow/.local/lib/python3.12/site-packages/airflow/example_dags/example_external_task_marker_dag.py for tasks to queue
[2024-11-18T19:23:47.434+0000] {logging_mixin.py:190} INFO - [2024-11-18T19:23:47.434+0000] {dagbag.py:588} INFO - Filling up the DagBag from /home/airflow/.local/lib/python3.12/site-packages/airflow/example_dags/example_external_task_marker_dag.py
[2024-11-18T19:23:47.442+0000] {processor.py:925} INFO - DAG(s) 'example_external_task_marker_child', 'example_external_task_marker_parent' retrieved from /home/airflow/.local/lib/python3.12/site-packages/airflow/example_dags/example_external_task_marker_dag.py
[2024-11-18T19:23:47.465+0000] {logging_mixin.py:190} INFO - [2024-11-18T19:23:47.465+0000] {dag.py:3239} INFO - Sync 2 DAGs
[2024-11-18T19:23:47.482+0000] {logging_mixin.py:190} INFO - [2024-11-18T19:23:47.481+0000] {dag.py:4180} INFO - Setting next_dagrun for example_external_task_marker_child to None, run_after=None
[2024-11-18T19:23:47.485+0000] {logging_mixin.py:190} INFO - [2024-11-18T19:23:47.485+0000] {dag.py:4180} INFO - Setting next_dagrun for example_external_task_marker_parent to None, run_after=None
[2024-11-18T19:23:47.516+0000] {processor.py:208} INFO - Processing /home/airflow/.local/lib/python3.12/site-packages/airflow/example_dags/example_external_task_marker_dag.py took 0.095 seconds
[2024-11-18T19:24:17.781+0000] {processor.py:186} INFO - Started process (PID=2775) to work on /home/airflow/.local/lib/python3.12/site-packages/airflow/example_dags/example_external_task_marker_dag.py
[2024-11-18T19:24:17.782+0000] {processor.py:914} INFO - Processing file /home/airflow/.local/lib/python3.12/site-packages/airflow/example_dags/example_external_task_marker_dag.py for tasks to queue
[2024-11-18T19:24:17.792+0000] {logging_mixin.py:190} INFO - [2024-11-18T19:24:17.792+0000] {dagbag.py:588} INFO - Filling up the DagBag from /home/airflow/.local/lib/python3.12/site-packages/airflow/example_dags/example_external_task_marker_dag.py
[2024-11-18T19:24:17.805+0000] {processor.py:925} INFO - DAG(s) 'example_external_task_marker_child', 'example_external_task_marker_parent' retrieved from /home/airflow/.local/lib/python3.12/site-packages/airflow/example_dags/example_external_task_marker_dag.py
[2024-11-18T19:24:17.833+0000] {logging_mixin.py:190} INFO - [2024-11-18T19:24:17.833+0000] {dag.py:3239} INFO - Sync 2 DAGs
[2024-11-18T19:24:17.856+0000] {logging_mixin.py:190} INFO - [2024-11-18T19:24:17.856+0000] {dag.py:4180} INFO - Setting next_dagrun for example_external_task_marker_child to None, run_after=None
[2024-11-18T19:24:17.862+0000] {logging_mixin.py:190} INFO - [2024-11-18T19:24:17.862+0000] {dag.py:4180} INFO - Setting next_dagrun for example_external_task_marker_parent to None, run_after=None
[2024-11-18T19:24:17.907+0000] {processor.py:208} INFO - Processing /home/airflow/.local/lib/python3.12/site-packages/airflow/example_dags/example_external_task_marker_dag.py took 0.144 seconds
[2024-11-18T19:24:48.708+0000] {processor.py:186} INFO - Started process (PID=2839) to work on /home/airflow/.local/lib/python3.12/site-packages/airflow/example_dags/example_external_task_marker_dag.py
[2024-11-18T19:24:48.715+0000] {processor.py:914} INFO - Processing file /home/airflow/.local/lib/python3.12/site-packages/airflow/example_dags/example_external_task_marker_dag.py for tasks to queue
[2024-11-18T19:24:48.718+0000] {logging_mixin.py:190} INFO - [2024-11-18T19:24:48.718+0000] {dagbag.py:588} INFO - Filling up the DagBag from /home/airflow/.local/lib/python3.12/site-packages/airflow/example_dags/example_external_task_marker_dag.py
[2024-11-18T19:24:48.740+0000] {processor.py:925} INFO - DAG(s) 'example_external_task_marker_child', 'example_external_task_marker_parent' retrieved from /home/airflow/.local/lib/python3.12/site-packages/airflow/example_dags/example_external_task_marker_dag.py
[2024-11-18T19:24:48.800+0000] {logging_mixin.py:190} INFO - [2024-11-18T19:24:48.800+0000] {dag.py:3239} INFO - Sync 2 DAGs
[2024-11-18T19:24:48.836+0000] {logging_mixin.py:190} INFO - [2024-11-18T19:24:48.836+0000] {dag.py:4180} INFO - Setting next_dagrun for example_external_task_marker_child to None, run_after=None
[2024-11-18T19:24:48.848+0000] {logging_mixin.py:190} INFO - [2024-11-18T19:24:48.847+0000] {dag.py:4180} INFO - Setting next_dagrun for example_external_task_marker_parent to None, run_after=None
[2024-11-18T19:24:48.867+0000] {processor.py:208} INFO - Processing /home/airflow/.local/lib/python3.12/site-packages/airflow/example_dags/example_external_task_marker_dag.py took 0.181 seconds
[2024-11-18T19:25:18.976+0000] {processor.py:186} INFO - Started process (PID=2903) to work on /home/airflow/.local/lib/python3.12/site-packages/airflow/example_dags/example_external_task_marker_dag.py
[2024-11-18T19:25:18.977+0000] {processor.py:914} INFO - Processing file /home/airflow/.local/lib/python3.12/site-packages/airflow/example_dags/example_external_task_marker_dag.py for tasks to queue
[2024-11-18T19:25:18.979+0000] {logging_mixin.py:190} INFO - [2024-11-18T19:25:18.979+0000] {dagbag.py:588} INFO - Filling up the DagBag from /home/airflow/.local/lib/python3.12/site-packages/airflow/example_dags/example_external_task_marker_dag.py
[2024-11-18T19:25:18.987+0000] {processor.py:925} INFO - DAG(s) 'example_external_task_marker_parent', 'example_external_task_marker_child' retrieved from /home/airflow/.local/lib/python3.12/site-packages/airflow/example_dags/example_external_task_marker_dag.py
[2024-11-18T19:25:19.010+0000] {logging_mixin.py:190} INFO - [2024-11-18T19:25:19.010+0000] {dag.py:3239} INFO - Sync 2 DAGs
[2024-11-18T19:25:19.027+0000] {logging_mixin.py:190} INFO - [2024-11-18T19:25:19.027+0000] {dag.py:4180} INFO - Setting next_dagrun for example_external_task_marker_child to None, run_after=None
[2024-11-18T19:25:19.030+0000] {logging_mixin.py:190} INFO - [2024-11-18T19:25:19.030+0000] {dag.py:4180} INFO - Setting next_dagrun for example_external_task_marker_parent to None, run_after=None
[2024-11-18T19:25:19.051+0000] {processor.py:208} INFO - Processing /home/airflow/.local/lib/python3.12/site-packages/airflow/example_dags/example_external_task_marker_dag.py took 0.085 seconds
[2024-11-18T19:25:49.150+0000] {processor.py:186} INFO - Started process (PID=2967) to work on /home/airflow/.local/lib/python3.12/site-packages/airflow/example_dags/example_external_task_marker_dag.py
[2024-11-18T19:25:49.150+0000] {processor.py:914} INFO - Processing file /home/airflow/.local/lib/python3.12/site-packages/airflow/example_dags/example_external_task_marker_dag.py for tasks to queue
[2024-11-18T19:25:49.152+0000] {logging_mixin.py:190} INFO - [2024-11-18T19:25:49.152+0000] {dagbag.py:588} INFO - Filling up the DagBag from /home/airflow/.local/lib/python3.12/site-packages/airflow/example_dags/example_external_task_marker_dag.py
[2024-11-18T19:25:49.160+0000] {processor.py:925} INFO - DAG(s) 'example_external_task_marker_parent', 'example_external_task_marker_child' retrieved from /home/airflow/.local/lib/python3.12/site-packages/airflow/example_dags/example_external_task_marker_dag.py
[2024-11-18T19:25:49.189+0000] {logging_mixin.py:190} INFO - [2024-11-18T19:25:49.189+0000] {dag.py:3239} INFO - Sync 2 DAGs
[2024-11-18T19:25:49.204+0000] {logging_mixin.py:190} INFO - [2024-11-18T19:25:49.204+0000] {dag.py:4180} INFO - Setting next_dagrun for example_external_task_marker_child to None, run_after=None
[2024-11-18T19:25:49.208+0000] {logging_mixin.py:190} INFO - [2024-11-18T19:25:49.208+0000] {dag.py:4180} INFO - Setting next_dagrun for example_external_task_marker_parent to None, run_after=None
[2024-11-18T19:25:49.230+0000] {processor.py:208} INFO - Processing /home/airflow/.local/lib/python3.12/site-packages/airflow/example_dags/example_external_task_marker_dag.py took 0.092 seconds
[2024-11-18T19:26:19.656+0000] {processor.py:186} INFO - Started process (PID=3032) to work on /home/airflow/.local/lib/python3.12/site-packages/airflow/example_dags/example_external_task_marker_dag.py
[2024-11-18T19:26:19.656+0000] {processor.py:914} INFO - Processing file /home/airflow/.local/lib/python3.12/site-packages/airflow/example_dags/example_external_task_marker_dag.py for tasks to queue
[2024-11-18T19:26:19.658+0000] {logging_mixin.py:190} INFO - [2024-11-18T19:26:19.658+0000] {dagbag.py:588} INFO - Filling up the DagBag from /home/airflow/.local/lib/python3.12/site-packages/airflow/example_dags/example_external_task_marker_dag.py
[2024-11-18T19:26:19.666+0000] {processor.py:925} INFO - DAG(s) 'example_external_task_marker_parent', 'example_external_task_marker_child' retrieved from /home/airflow/.local/lib/python3.12/site-packages/airflow/example_dags/example_external_task_marker_dag.py
[2024-11-18T19:26:19.690+0000] {logging_mixin.py:190} INFO - [2024-11-18T19:26:19.690+0000] {dag.py:3239} INFO - Sync 2 DAGs
[2024-11-18T19:26:19.706+0000] {logging_mixin.py:190} INFO - [2024-11-18T19:26:19.706+0000] {dag.py:4180} INFO - Setting next_dagrun for example_external_task_marker_child to None, run_after=None
[2024-11-18T19:26:19.710+0000] {logging_mixin.py:190} INFO - [2024-11-18T19:26:19.710+0000] {dag.py:4180} INFO - Setting next_dagrun for example_external_task_marker_parent to None, run_after=None
[2024-11-18T19:26:19.732+0000] {processor.py:208} INFO - Processing /home/airflow/.local/lib/python3.12/site-packages/airflow/example_dags/example_external_task_marker_dag.py took 0.082 seconds
[2024-11-18T19:26:50.432+0000] {processor.py:186} INFO - Started process (PID=3096) to work on /home/airflow/.local/lib/python3.12/site-packages/airflow/example_dags/example_external_task_marker_dag.py
[2024-11-18T19:26:50.433+0000] {processor.py:914} INFO - Processing file /home/airflow/.local/lib/python3.12/site-packages/airflow/example_dags/example_external_task_marker_dag.py for tasks to queue
[2024-11-18T19:26:50.435+0000] {logging_mixin.py:190} INFO - [2024-11-18T19:26:50.435+0000] {dagbag.py:588} INFO - Filling up the DagBag from /home/airflow/.local/lib/python3.12/site-packages/airflow/example_dags/example_external_task_marker_dag.py
[2024-11-18T19:26:50.444+0000] {processor.py:925} INFO - DAG(s) 'example_external_task_marker_child', 'example_external_task_marker_parent' retrieved from /home/airflow/.local/lib/python3.12/site-packages/airflow/example_dags/example_external_task_marker_dag.py
[2024-11-18T19:26:50.466+0000] {logging_mixin.py:190} INFO - [2024-11-18T19:26:50.466+0000] {dag.py:3239} INFO - Sync 2 DAGs
[2024-11-18T19:26:50.482+0000] {logging_mixin.py:190} INFO - [2024-11-18T19:26:50.481+0000] {dag.py:4180} INFO - Setting next_dagrun for example_external_task_marker_child to None, run_after=None
[2024-11-18T19:26:50.485+0000] {logging_mixin.py:190} INFO - [2024-11-18T19:26:50.485+0000] {dag.py:4180} INFO - Setting next_dagrun for example_external_task_marker_parent to None, run_after=None
[2024-11-18T19:26:50.512+0000] {processor.py:208} INFO - Processing /home/airflow/.local/lib/python3.12/site-packages/airflow/example_dags/example_external_task_marker_dag.py took 0.086 seconds
[2024-11-18T19:27:22.145+0000] {processor.py:186} INFO - Started process (PID=3161) to work on /home/airflow/.local/lib/python3.12/site-packages/airflow/example_dags/example_external_task_marker_dag.py
[2024-11-18T19:27:22.146+0000] {processor.py:914} INFO - Processing file /home/airflow/.local/lib/python3.12/site-packages/airflow/example_dags/example_external_task_marker_dag.py for tasks to queue
[2024-11-18T19:27:22.148+0000] {logging_mixin.py:190} INFO - [2024-11-18T19:27:22.148+0000] {dagbag.py:588} INFO - Filling up the DagBag from /home/airflow/.local/lib/python3.12/site-packages/airflow/example_dags/example_external_task_marker_dag.py
[2024-11-18T19:27:22.156+0000] {processor.py:925} INFO - DAG(s) 'example_external_task_marker_parent', 'example_external_task_marker_child' retrieved from /home/airflow/.local/lib/python3.12/site-packages/airflow/example_dags/example_external_task_marker_dag.py
[2024-11-18T19:27:22.174+0000] {logging_mixin.py:190} INFO - [2024-11-18T19:27:22.174+0000] {dag.py:3239} INFO - Sync 2 DAGs
[2024-11-18T19:27:22.185+0000] {logging_mixin.py:190} INFO - [2024-11-18T19:27:22.185+0000] {dag.py:4180} INFO - Setting next_dagrun for example_external_task_marker_child to None, run_after=None
[2024-11-18T19:27:22.188+0000] {logging_mixin.py:190} INFO - [2024-11-18T19:27:22.188+0000] {dag.py:4180} INFO - Setting next_dagrun for example_external_task_marker_parent to None, run_after=None
[2024-11-18T19:27:22.205+0000] {processor.py:208} INFO - Processing /home/airflow/.local/lib/python3.12/site-packages/airflow/example_dags/example_external_task_marker_dag.py took 0.066 seconds
[2024-11-18T19:27:53.809+0000] {processor.py:186} INFO - Started process (PID=3228) to work on /home/airflow/.local/lib/python3.12/site-packages/airflow/example_dags/example_external_task_marker_dag.py
[2024-11-18T19:27:53.809+0000] {processor.py:914} INFO - Processing file /home/airflow/.local/lib/python3.12/site-packages/airflow/example_dags/example_external_task_marker_dag.py for tasks to queue
[2024-11-18T19:27:53.812+0000] {logging_mixin.py:190} INFO - [2024-11-18T19:27:53.811+0000] {dagbag.py:588} INFO - Filling up the DagBag from /home/airflow/.local/lib/python3.12/site-packages/airflow/example_dags/example_external_task_marker_dag.py
[2024-11-18T19:27:53.820+0000] {processor.py:925} INFO - DAG(s) 'example_external_task_marker_parent', 'example_external_task_marker_child' retrieved from /home/airflow/.local/lib/python3.12/site-packages/airflow/example_dags/example_external_task_marker_dag.py
[2024-11-18T19:27:53.843+0000] {logging_mixin.py:190} INFO - [2024-11-18T19:27:53.843+0000] {dag.py:3239} INFO - Sync 2 DAGs
[2024-11-18T19:27:53.859+0000] {logging_mixin.py:190} INFO - [2024-11-18T19:27:53.858+0000] {dag.py:4180} INFO - Setting next_dagrun for example_external_task_marker_child to None, run_after=None
[2024-11-18T19:27:53.862+0000] {logging_mixin.py:190} INFO - [2024-11-18T19:27:53.862+0000] {dag.py:4180} INFO - Setting next_dagrun for example_external_task_marker_parent to None, run_after=None
[2024-11-18T19:27:53.881+0000] {processor.py:208} INFO - Processing /home/airflow/.local/lib/python3.12/site-packages/airflow/example_dags/example_external_task_marker_dag.py took 0.078 seconds
[2024-11-18T19:28:25.994+0000] {processor.py:186} INFO - Started process (PID=3293) to work on /home/airflow/.local/lib/python3.12/site-packages/airflow/example_dags/example_external_task_marker_dag.py
[2024-11-18T19:28:25.995+0000] {processor.py:914} INFO - Processing file /home/airflow/.local/lib/python3.12/site-packages/airflow/example_dags/example_external_task_marker_dag.py for tasks to queue
[2024-11-18T19:28:25.997+0000] {logging_mixin.py:190} INFO - [2024-11-18T19:28:25.997+0000] {dagbag.py:588} INFO - Filling up the DagBag from /home/airflow/.local/lib/python3.12/site-packages/airflow/example_dags/example_external_task_marker_dag.py
[2024-11-18T19:28:26.006+0000] {processor.py:925} INFO - DAG(s) 'example_external_task_marker_parent', 'example_external_task_marker_child' retrieved from /home/airflow/.local/lib/python3.12/site-packages/airflow/example_dags/example_external_task_marker_dag.py
[2024-11-18T19:28:26.030+0000] {logging_mixin.py:190} INFO - [2024-11-18T19:28:26.029+0000] {dag.py:3239} INFO - Sync 2 DAGs
[2024-11-18T19:28:26.045+0000] {logging_mixin.py:190} INFO - [2024-11-18T19:28:26.045+0000] {dag.py:4180} INFO - Setting next_dagrun for example_external_task_marker_child to None, run_after=None
[2024-11-18T19:28:26.049+0000] {logging_mixin.py:190} INFO - [2024-11-18T19:28:26.049+0000] {dag.py:4180} INFO - Setting next_dagrun for example_external_task_marker_parent to None, run_after=None
[2024-11-18T19:28:26.072+0000] {processor.py:208} INFO - Processing /home/airflow/.local/lib/python3.12/site-packages/airflow/example_dags/example_external_task_marker_dag.py took 0.084 seconds
[2024-11-18T19:28:56.712+0000] {processor.py:186} INFO - Started process (PID=3356) to work on /home/airflow/.local/lib/python3.12/site-packages/airflow/example_dags/example_external_task_marker_dag.py
[2024-11-18T19:28:56.724+0000] {processor.py:914} INFO - Processing file /home/airflow/.local/lib/python3.12/site-packages/airflow/example_dags/example_external_task_marker_dag.py for tasks to queue
[2024-11-18T19:28:56.726+0000] {logging_mixin.py:190} INFO - [2024-11-18T19:28:56.726+0000] {dagbag.py:588} INFO - Filling up the DagBag from /home/airflow/.local/lib/python3.12/site-packages/airflow/example_dags/example_external_task_marker_dag.py
[2024-11-18T19:28:56.734+0000] {processor.py:925} INFO - DAG(s) 'example_external_task_marker_child', 'example_external_task_marker_parent' retrieved from /home/airflow/.local/lib/python3.12/site-packages/airflow/example_dags/example_external_task_marker_dag.py
[2024-11-18T19:28:56.758+0000] {logging_mixin.py:190} INFO - [2024-11-18T19:28:56.757+0000] {dag.py:3239} INFO - Sync 2 DAGs
[2024-11-18T19:28:56.775+0000] {logging_mixin.py:190} INFO - [2024-11-18T19:28:56.774+0000] {dag.py:4180} INFO - Setting next_dagrun for example_external_task_marker_child to None, run_after=None
[2024-11-18T19:28:56.778+0000] {logging_mixin.py:190} INFO - [2024-11-18T19:28:56.778+0000] {dag.py:4180} INFO - Setting next_dagrun for example_external_task_marker_parent to None, run_after=None
[2024-11-18T19:28:56.801+0000] {processor.py:208} INFO - Processing /home/airflow/.local/lib/python3.12/site-packages/airflow/example_dags/example_external_task_marker_dag.py took 0.095 seconds
[2024-11-18T19:29:27.904+0000] {processor.py:186} INFO - Started process (PID=3420) to work on /home/airflow/.local/lib/python3.12/site-packages/airflow/example_dags/example_external_task_marker_dag.py
[2024-11-18T19:29:27.905+0000] {processor.py:914} INFO - Processing file /home/airflow/.local/lib/python3.12/site-packages/airflow/example_dags/example_external_task_marker_dag.py for tasks to queue
[2024-11-18T19:29:27.907+0000] {logging_mixin.py:190} INFO - [2024-11-18T19:29:27.906+0000] {dagbag.py:588} INFO - Filling up the DagBag from /home/airflow/.local/lib/python3.12/site-packages/airflow/example_dags/example_external_task_marker_dag.py
[2024-11-18T19:29:27.914+0000] {processor.py:925} INFO - DAG(s) 'example_external_task_marker_child', 'example_external_task_marker_parent' retrieved from /home/airflow/.local/lib/python3.12/site-packages/airflow/example_dags/example_external_task_marker_dag.py
[2024-11-18T19:29:27.936+0000] {logging_mixin.py:190} INFO - [2024-11-18T19:29:27.936+0000] {dag.py:3239} INFO - Sync 2 DAGs
[2024-11-18T19:29:27.952+0000] {logging_mixin.py:190} INFO - [2024-11-18T19:29:27.952+0000] {dag.py:4180} INFO - Setting next_dagrun for example_external_task_marker_child to None, run_after=None
[2024-11-18T19:29:27.956+0000] {logging_mixin.py:190} INFO - [2024-11-18T19:29:27.956+0000] {dag.py:4180} INFO - Setting next_dagrun for example_external_task_marker_parent to None, run_after=None
[2024-11-18T19:29:27.980+0000] {processor.py:208} INFO - Processing /home/airflow/.local/lib/python3.12/site-packages/airflow/example_dags/example_external_task_marker_dag.py took 0.082 seconds
[2024-11-18T19:29:58.914+0000] {processor.py:186} INFO - Started process (PID=3484) to work on /home/airflow/.local/lib/python3.12/site-packages/airflow/example_dags/example_external_task_marker_dag.py
[2024-11-18T19:29:58.915+0000] {processor.py:914} INFO - Processing file /home/airflow/.local/lib/python3.12/site-packages/airflow/example_dags/example_external_task_marker_dag.py for tasks to queue
[2024-11-18T19:29:58.917+0000] {logging_mixin.py:190} INFO - [2024-11-18T19:29:58.917+0000] {dagbag.py:588} INFO - Filling up the DagBag from /home/airflow/.local/lib/python3.12/site-packages/airflow/example_dags/example_external_task_marker_dag.py
[2024-11-18T19:29:58.925+0000] {processor.py:925} INFO - DAG(s) 'example_external_task_marker_parent', 'example_external_task_marker_child' retrieved from /home/airflow/.local/lib/python3.12/site-packages/airflow/example_dags/example_external_task_marker_dag.py
[2024-11-18T19:29:58.964+0000] {logging_mixin.py:190} INFO - [2024-11-18T19:29:58.964+0000] {dag.py:3239} INFO - Sync 2 DAGs
[2024-11-18T19:29:58.980+0000] {logging_mixin.py:190} INFO - [2024-11-18T19:29:58.980+0000] {dag.py:4180} INFO - Setting next_dagrun for example_external_task_marker_child to None, run_after=None
[2024-11-18T19:29:58.983+0000] {logging_mixin.py:190} INFO - [2024-11-18T19:29:58.983+0000] {dag.py:4180} INFO - Setting next_dagrun for example_external_task_marker_parent to None, run_after=None
[2024-11-18T19:29:59.001+0000] {processor.py:208} INFO - Processing /home/airflow/.local/lib/python3.12/site-packages/airflow/example_dags/example_external_task_marker_dag.py took 0.093 seconds
[2024-11-18T19:30:30.002+0000] {processor.py:186} INFO - Started process (PID=3548) to work on /home/airflow/.local/lib/python3.12/site-packages/airflow/example_dags/example_external_task_marker_dag.py
[2024-11-18T19:30:30.002+0000] {processor.py:914} INFO - Processing file /home/airflow/.local/lib/python3.12/site-packages/airflow/example_dags/example_external_task_marker_dag.py for tasks to queue
[2024-11-18T19:30:30.005+0000] {logging_mixin.py:190} INFO - [2024-11-18T19:30:30.004+0000] {dagbag.py:588} INFO - Filling up the DagBag from /home/airflow/.local/lib/python3.12/site-packages/airflow/example_dags/example_external_task_marker_dag.py
[2024-11-18T19:30:30.013+0000] {processor.py:925} INFO - DAG(s) 'example_external_task_marker_child', 'example_external_task_marker_parent' retrieved from /home/airflow/.local/lib/python3.12/site-packages/airflow/example_dags/example_external_task_marker_dag.py
[2024-11-18T19:30:30.037+0000] {logging_mixin.py:190} INFO - [2024-11-18T19:30:30.036+0000] {dag.py:3239} INFO - Sync 2 DAGs
[2024-11-18T19:30:30.056+0000] {logging_mixin.py:190} INFO - [2024-11-18T19:30:30.055+0000] {dag.py:4180} INFO - Setting next_dagrun for example_external_task_marker_child to None, run_after=None
[2024-11-18T19:30:30.060+0000] {logging_mixin.py:190} INFO - [2024-11-18T19:30:30.060+0000] {dag.py:4180} INFO - Setting next_dagrun for example_external_task_marker_parent to None, run_after=None
[2024-11-18T19:30:30.084+0000] {processor.py:208} INFO - Processing /home/airflow/.local/lib/python3.12/site-packages/airflow/example_dags/example_external_task_marker_dag.py took 0.088 seconds
