[2024-11-18T19:02:30.532+0000] {processor.py:186} INFO - Started process (PID=105) to work on /home/airflow/.local/lib/python3.12/site-packages/airflow/example_dags/example_task_group.py
[2024-11-18T19:02:30.534+0000] {processor.py:914} INFO - Processing file /home/airflow/.local/lib/python3.12/site-packages/airflow/example_dags/example_task_group.py for tasks to queue
[2024-11-18T19:02:30.540+0000] {logging_mixin.py:190} INFO - [2024-11-18T19:02:30.537+0000] {dagbag.py:588} INFO - Filling up the DagBag from /home/airflow/.local/lib/python3.12/site-packages/airflow/example_dags/example_task_group.py
[2024-11-18T19:02:30.564+0000] {processor.py:925} INFO - DAG(s) 'example_task_group' retrieved from /home/airflow/.local/lib/python3.12/site-packages/airflow/example_dags/example_task_group.py
[2024-11-18T19:02:30.618+0000] {logging_mixin.py:190} INFO - [2024-11-18T19:02:30.618+0000] {dag.py:3239} INFO - Sync 1 DAGs
[2024-11-18T19:02:30.645+0000] {logging_mixin.py:190} INFO - [2024-11-18T19:02:30.644+0000] {dag.py:4180} INFO - Setting next_dagrun for example_task_group to None, run_after=None
[2024-11-18T19:02:30.895+0000] {processor.py:208} INFO - Processing /home/airflow/.local/lib/python3.12/site-packages/airflow/example_dags/example_task_group.py took 0.377 seconds
[2024-11-18T19:03:02.285+0000] {processor.py:186} INFO - Started process (PID=169) to work on /home/airflow/.local/lib/python3.12/site-packages/airflow/example_dags/example_task_group.py
[2024-11-18T19:03:02.299+0000] {processor.py:914} INFO - Processing file /home/airflow/.local/lib/python3.12/site-packages/airflow/example_dags/example_task_group.py for tasks to queue
[2024-11-18T19:03:02.301+0000] {logging_mixin.py:190} INFO - [2024-11-18T19:03:02.301+0000] {dagbag.py:588} INFO - Filling up the DagBag from /home/airflow/.local/lib/python3.12/site-packages/airflow/example_dags/example_task_group.py
[2024-11-18T19:03:02.341+0000] {processor.py:925} INFO - DAG(s) 'example_task_group' retrieved from /home/airflow/.local/lib/python3.12/site-packages/airflow/example_dags/example_task_group.py
[2024-11-18T19:03:02.462+0000] {logging_mixin.py:190} INFO - [2024-11-18T19:03:02.462+0000] {dag.py:3239} INFO - Sync 1 DAGs
[2024-11-18T19:03:02.503+0000] {logging_mixin.py:190} INFO - [2024-11-18T19:03:02.503+0000] {dag.py:4180} INFO - Setting next_dagrun for example_task_group to None, run_after=None
[2024-11-18T19:03:02.584+0000] {processor.py:208} INFO - Processing /home/airflow/.local/lib/python3.12/site-packages/airflow/example_dags/example_task_group.py took 0.359 seconds
[2024-11-18T19:04:24.872+0000] {processor.py:186} INFO - Started process (PID=260) to work on /home/airflow/.local/lib/python3.12/site-packages/airflow/example_dags/example_task_group.py
[2024-11-18T19:04:24.879+0000] {processor.py:914} INFO - Processing file /home/airflow/.local/lib/python3.12/site-packages/airflow/example_dags/example_task_group.py for tasks to queue
[2024-11-18T19:04:24.881+0000] {logging_mixin.py:190} INFO - [2024-11-18T19:04:24.881+0000] {dagbag.py:588} INFO - Filling up the DagBag from /home/airflow/.local/lib/python3.12/site-packages/airflow/example_dags/example_task_group.py
[2024-11-18T19:04:24.896+0000] {processor.py:925} INFO - DAG(s) 'example_task_group' retrieved from /home/airflow/.local/lib/python3.12/site-packages/airflow/example_dags/example_task_group.py
[2024-11-18T19:04:24.935+0000] {logging_mixin.py:190} INFO - [2024-11-18T19:04:24.935+0000] {dag.py:3239} INFO - Sync 1 DAGs
[2024-11-18T19:04:24.965+0000] {logging_mixin.py:190} INFO - [2024-11-18T19:04:24.962+0000] {dag.py:4180} INFO - Setting next_dagrun for example_task_group to None, run_after=None
[2024-11-18T19:04:25.035+0000] {processor.py:208} INFO - Processing /home/airflow/.local/lib/python3.12/site-packages/airflow/example_dags/example_task_group.py took 0.179 seconds
[2024-11-18T19:04:56.765+0000] {processor.py:186} INFO - Started process (PID=324) to work on /home/airflow/.local/lib/python3.12/site-packages/airflow/example_dags/example_task_group.py
[2024-11-18T19:04:56.766+0000] {processor.py:914} INFO - Processing file /home/airflow/.local/lib/python3.12/site-packages/airflow/example_dags/example_task_group.py for tasks to queue
[2024-11-18T19:04:56.770+0000] {logging_mixin.py:190} INFO - [2024-11-18T19:04:56.769+0000] {dagbag.py:588} INFO - Filling up the DagBag from /home/airflow/.local/lib/python3.12/site-packages/airflow/example_dags/example_task_group.py
[2024-11-18T19:04:56.795+0000] {processor.py:925} INFO - DAG(s) 'example_task_group' retrieved from /home/airflow/.local/lib/python3.12/site-packages/airflow/example_dags/example_task_group.py
[2024-11-18T19:04:56.830+0000] {logging_mixin.py:190} INFO - [2024-11-18T19:04:56.830+0000] {dag.py:3239} INFO - Sync 1 DAGs
[2024-11-18T19:04:56.857+0000] {logging_mixin.py:190} INFO - [2024-11-18T19:04:56.857+0000] {dag.py:4180} INFO - Setting next_dagrun for example_task_group to None, run_after=None
[2024-11-18T19:04:56.921+0000] {processor.py:208} INFO - Processing /home/airflow/.local/lib/python3.12/site-packages/airflow/example_dags/example_task_group.py took 0.163 seconds
[2024-11-18T19:05:27.490+0000] {processor.py:186} INFO - Started process (PID=387) to work on /home/airflow/.local/lib/python3.12/site-packages/airflow/example_dags/example_task_group.py
[2024-11-18T19:05:27.507+0000] {processor.py:914} INFO - Processing file /home/airflow/.local/lib/python3.12/site-packages/airflow/example_dags/example_task_group.py for tasks to queue
[2024-11-18T19:05:27.509+0000] {logging_mixin.py:190} INFO - [2024-11-18T19:05:27.509+0000] {dagbag.py:588} INFO - Filling up the DagBag from /home/airflow/.local/lib/python3.12/site-packages/airflow/example_dags/example_task_group.py
[2024-11-18T19:05:27.526+0000] {processor.py:925} INFO - DAG(s) 'example_task_group' retrieved from /home/airflow/.local/lib/python3.12/site-packages/airflow/example_dags/example_task_group.py
[2024-11-18T19:05:27.568+0000] {logging_mixin.py:190} INFO - [2024-11-18T19:05:27.568+0000] {dag.py:3239} INFO - Sync 1 DAGs
[2024-11-18T19:05:27.594+0000] {logging_mixin.py:190} INFO - [2024-11-18T19:05:27.593+0000] {dag.py:4180} INFO - Setting next_dagrun for example_task_group to None, run_after=None
[2024-11-18T19:05:27.635+0000] {processor.py:208} INFO - Processing /home/airflow/.local/lib/python3.12/site-packages/airflow/example_dags/example_task_group.py took 0.163 seconds
[2024-11-18T19:05:58.119+0000] {processor.py:186} INFO - Started process (PID=451) to work on /home/airflow/.local/lib/python3.12/site-packages/airflow/example_dags/example_task_group.py
[2024-11-18T19:05:58.120+0000] {processor.py:914} INFO - Processing file /home/airflow/.local/lib/python3.12/site-packages/airflow/example_dags/example_task_group.py for tasks to queue
[2024-11-18T19:05:58.122+0000] {logging_mixin.py:190} INFO - [2024-11-18T19:05:58.122+0000] {dagbag.py:588} INFO - Filling up the DagBag from /home/airflow/.local/lib/python3.12/site-packages/airflow/example_dags/example_task_group.py
[2024-11-18T19:05:58.132+0000] {processor.py:925} INFO - DAG(s) 'example_task_group' retrieved from /home/airflow/.local/lib/python3.12/site-packages/airflow/example_dags/example_task_group.py
[2024-11-18T19:05:58.156+0000] {logging_mixin.py:190} INFO - [2024-11-18T19:05:58.156+0000] {dag.py:3239} INFO - Sync 1 DAGs
[2024-11-18T19:05:58.172+0000] {logging_mixin.py:190} INFO - [2024-11-18T19:05:58.172+0000] {dag.py:4180} INFO - Setting next_dagrun for example_task_group to None, run_after=None
[2024-11-18T19:05:58.202+0000] {processor.py:208} INFO - Processing /home/airflow/.local/lib/python3.12/site-packages/airflow/example_dags/example_task_group.py took 0.088 seconds
[2024-11-18T19:06:28.390+0000] {processor.py:186} INFO - Started process (PID=514) to work on /home/airflow/.local/lib/python3.12/site-packages/airflow/example_dags/example_task_group.py
[2024-11-18T19:06:28.398+0000] {processor.py:914} INFO - Processing file /home/airflow/.local/lib/python3.12/site-packages/airflow/example_dags/example_task_group.py for tasks to queue
[2024-11-18T19:06:28.401+0000] {logging_mixin.py:190} INFO - [2024-11-18T19:06:28.400+0000] {dagbag.py:588} INFO - Filling up the DagBag from /home/airflow/.local/lib/python3.12/site-packages/airflow/example_dags/example_task_group.py
[2024-11-18T19:06:28.418+0000] {processor.py:925} INFO - DAG(s) 'example_task_group' retrieved from /home/airflow/.local/lib/python3.12/site-packages/airflow/example_dags/example_task_group.py
[2024-11-18T19:06:28.450+0000] {logging_mixin.py:190} INFO - [2024-11-18T19:06:28.450+0000] {dag.py:3239} INFO - Sync 1 DAGs
[2024-11-18T19:06:28.469+0000] {logging_mixin.py:190} INFO - [2024-11-18T19:06:28.468+0000] {dag.py:4180} INFO - Setting next_dagrun for example_task_group to None, run_after=None
[2024-11-18T19:06:28.510+0000] {processor.py:208} INFO - Processing /home/airflow/.local/lib/python3.12/site-packages/airflow/example_dags/example_task_group.py took 0.129 seconds
[2024-11-18T19:06:58.752+0000] {processor.py:186} INFO - Started process (PID=578) to work on /home/airflow/.local/lib/python3.12/site-packages/airflow/example_dags/example_task_group.py
[2024-11-18T19:06:58.753+0000] {processor.py:914} INFO - Processing file /home/airflow/.local/lib/python3.12/site-packages/airflow/example_dags/example_task_group.py for tasks to queue
[2024-11-18T19:06:58.754+0000] {logging_mixin.py:190} INFO - [2024-11-18T19:06:58.754+0000] {dagbag.py:588} INFO - Filling up the DagBag from /home/airflow/.local/lib/python3.12/site-packages/airflow/example_dags/example_task_group.py
[2024-11-18T19:06:58.761+0000] {processor.py:925} INFO - DAG(s) 'example_task_group' retrieved from /home/airflow/.local/lib/python3.12/site-packages/airflow/example_dags/example_task_group.py
[2024-11-18T19:06:58.776+0000] {logging_mixin.py:190} INFO - [2024-11-18T19:06:58.776+0000] {dag.py:3239} INFO - Sync 1 DAGs
[2024-11-18T19:06:58.787+0000] {logging_mixin.py:190} INFO - [2024-11-18T19:06:58.787+0000] {dag.py:4180} INFO - Setting next_dagrun for example_task_group to None, run_after=None
[2024-11-18T19:06:58.807+0000] {processor.py:208} INFO - Processing /home/airflow/.local/lib/python3.12/site-packages/airflow/example_dags/example_task_group.py took 0.059 seconds
[2024-11-18T19:07:29.297+0000] {processor.py:186} INFO - Started process (PID=642) to work on /home/airflow/.local/lib/python3.12/site-packages/airflow/example_dags/example_task_group.py
[2024-11-18T19:07:29.297+0000] {processor.py:914} INFO - Processing file /home/airflow/.local/lib/python3.12/site-packages/airflow/example_dags/example_task_group.py for tasks to queue
[2024-11-18T19:07:29.299+0000] {logging_mixin.py:190} INFO - [2024-11-18T19:07:29.299+0000] {dagbag.py:588} INFO - Filling up the DagBag from /home/airflow/.local/lib/python3.12/site-packages/airflow/example_dags/example_task_group.py
[2024-11-18T19:07:29.306+0000] {processor.py:925} INFO - DAG(s) 'example_task_group' retrieved from /home/airflow/.local/lib/python3.12/site-packages/airflow/example_dags/example_task_group.py
[2024-11-18T19:07:29.322+0000] {logging_mixin.py:190} INFO - [2024-11-18T19:07:29.322+0000] {dag.py:3239} INFO - Sync 1 DAGs
[2024-11-18T19:07:29.332+0000] {logging_mixin.py:190} INFO - [2024-11-18T19:07:29.332+0000] {dag.py:4180} INFO - Setting next_dagrun for example_task_group to None, run_after=None
[2024-11-18T19:07:29.348+0000] {processor.py:208} INFO - Processing /home/airflow/.local/lib/python3.12/site-packages/airflow/example_dags/example_task_group.py took 0.056 seconds
[2024-11-18T19:08:00.169+0000] {processor.py:186} INFO - Started process (PID=707) to work on /home/airflow/.local/lib/python3.12/site-packages/airflow/example_dags/example_task_group.py
[2024-11-18T19:08:00.169+0000] {processor.py:914} INFO - Processing file /home/airflow/.local/lib/python3.12/site-packages/airflow/example_dags/example_task_group.py for tasks to queue
[2024-11-18T19:08:00.172+0000] {logging_mixin.py:190} INFO - [2024-11-18T19:08:00.171+0000] {dagbag.py:588} INFO - Filling up the DagBag from /home/airflow/.local/lib/python3.12/site-packages/airflow/example_dags/example_task_group.py
[2024-11-18T19:08:00.182+0000] {processor.py:925} INFO - DAG(s) 'example_task_group' retrieved from /home/airflow/.local/lib/python3.12/site-packages/airflow/example_dags/example_task_group.py
[2024-11-18T19:08:00.209+0000] {logging_mixin.py:190} INFO - [2024-11-18T19:08:00.209+0000] {dag.py:3239} INFO - Sync 1 DAGs
[2024-11-18T19:08:00.224+0000] {logging_mixin.py:190} INFO - [2024-11-18T19:08:00.224+0000] {dag.py:4180} INFO - Setting next_dagrun for example_task_group to None, run_after=None
[2024-11-18T19:08:00.244+0000] {processor.py:208} INFO - Processing /home/airflow/.local/lib/python3.12/site-packages/airflow/example_dags/example_task_group.py took 0.091 seconds
[2024-11-18T19:08:30.971+0000] {processor.py:186} INFO - Started process (PID=772) to work on /home/airflow/.local/lib/python3.12/site-packages/airflow/example_dags/example_task_group.py
[2024-11-18T19:08:30.972+0000] {processor.py:914} INFO - Processing file /home/airflow/.local/lib/python3.12/site-packages/airflow/example_dags/example_task_group.py for tasks to queue
[2024-11-18T19:08:30.974+0000] {logging_mixin.py:190} INFO - [2024-11-18T19:08:30.974+0000] {dagbag.py:588} INFO - Filling up the DagBag from /home/airflow/.local/lib/python3.12/site-packages/airflow/example_dags/example_task_group.py
[2024-11-18T19:08:30.982+0000] {processor.py:925} INFO - DAG(s) 'example_task_group' retrieved from /home/airflow/.local/lib/python3.12/site-packages/airflow/example_dags/example_task_group.py
[2024-11-18T19:08:31.004+0000] {logging_mixin.py:190} INFO - [2024-11-18T19:08:31.004+0000] {dag.py:3239} INFO - Sync 1 DAGs
[2024-11-18T19:08:31.021+0000] {logging_mixin.py:190} INFO - [2024-11-18T19:08:31.021+0000] {dag.py:4180} INFO - Setting next_dagrun for example_task_group to None, run_after=None
[2024-11-18T19:08:31.046+0000] {processor.py:208} INFO - Processing /home/airflow/.local/lib/python3.12/site-packages/airflow/example_dags/example_task_group.py took 0.080 seconds
[2024-11-18T19:09:01.464+0000] {processor.py:186} INFO - Started process (PID=836) to work on /home/airflow/.local/lib/python3.12/site-packages/airflow/example_dags/example_task_group.py
[2024-11-18T19:09:01.465+0000] {processor.py:914} INFO - Processing file /home/airflow/.local/lib/python3.12/site-packages/airflow/example_dags/example_task_group.py for tasks to queue
[2024-11-18T19:09:01.467+0000] {logging_mixin.py:190} INFO - [2024-11-18T19:09:01.467+0000] {dagbag.py:588} INFO - Filling up the DagBag from /home/airflow/.local/lib/python3.12/site-packages/airflow/example_dags/example_task_group.py
[2024-11-18T19:09:01.477+0000] {processor.py:925} INFO - DAG(s) 'example_task_group' retrieved from /home/airflow/.local/lib/python3.12/site-packages/airflow/example_dags/example_task_group.py
[2024-11-18T19:09:01.517+0000] {logging_mixin.py:190} INFO - [2024-11-18T19:09:01.517+0000] {dag.py:3239} INFO - Sync 1 DAGs
[2024-11-18T19:09:01.533+0000] {logging_mixin.py:190} INFO - [2024-11-18T19:09:01.532+0000] {dag.py:4180} INFO - Setting next_dagrun for example_task_group to None, run_after=None
[2024-11-18T19:09:01.563+0000] {processor.py:208} INFO - Processing /home/airflow/.local/lib/python3.12/site-packages/airflow/example_dags/example_task_group.py took 0.105 seconds
[2024-11-18T19:09:32.299+0000] {processor.py:186} INFO - Started process (PID=900) to work on /home/airflow/.local/lib/python3.12/site-packages/airflow/example_dags/example_task_group.py
[2024-11-18T19:09:32.300+0000] {processor.py:914} INFO - Processing file /home/airflow/.local/lib/python3.12/site-packages/airflow/example_dags/example_task_group.py for tasks to queue
[2024-11-18T19:09:32.301+0000] {logging_mixin.py:190} INFO - [2024-11-18T19:09:32.301+0000] {dagbag.py:588} INFO - Filling up the DagBag from /home/airflow/.local/lib/python3.12/site-packages/airflow/example_dags/example_task_group.py
[2024-11-18T19:09:32.308+0000] {processor.py:925} INFO - DAG(s) 'example_task_group' retrieved from /home/airflow/.local/lib/python3.12/site-packages/airflow/example_dags/example_task_group.py
[2024-11-18T19:09:32.324+0000] {logging_mixin.py:190} INFO - [2024-11-18T19:09:32.324+0000] {dag.py:3239} INFO - Sync 1 DAGs
[2024-11-18T19:09:32.334+0000] {logging_mixin.py:190} INFO - [2024-11-18T19:09:32.334+0000] {dag.py:4180} INFO - Setting next_dagrun for example_task_group to None, run_after=None
[2024-11-18T19:09:32.351+0000] {processor.py:208} INFO - Processing /home/airflow/.local/lib/python3.12/site-packages/airflow/example_dags/example_task_group.py took 0.057 seconds
[2024-11-18T19:10:02.542+0000] {processor.py:186} INFO - Started process (PID=965) to work on /home/airflow/.local/lib/python3.12/site-packages/airflow/example_dags/example_task_group.py
[2024-11-18T19:10:02.543+0000] {processor.py:914} INFO - Processing file /home/airflow/.local/lib/python3.12/site-packages/airflow/example_dags/example_task_group.py for tasks to queue
[2024-11-18T19:10:02.544+0000] {logging_mixin.py:190} INFO - [2024-11-18T19:10:02.544+0000] {dagbag.py:588} INFO - Filling up the DagBag from /home/airflow/.local/lib/python3.12/site-packages/airflow/example_dags/example_task_group.py
[2024-11-18T19:10:02.551+0000] {processor.py:925} INFO - DAG(s) 'example_task_group' retrieved from /home/airflow/.local/lib/python3.12/site-packages/airflow/example_dags/example_task_group.py
[2024-11-18T19:10:02.568+0000] {logging_mixin.py:190} INFO - [2024-11-18T19:10:02.568+0000] {dag.py:3239} INFO - Sync 1 DAGs
[2024-11-18T19:10:02.579+0000] {logging_mixin.py:190} INFO - [2024-11-18T19:10:02.579+0000] {dag.py:4180} INFO - Setting next_dagrun for example_task_group to None, run_after=None
[2024-11-18T19:10:02.597+0000] {processor.py:208} INFO - Processing /home/airflow/.local/lib/python3.12/site-packages/airflow/example_dags/example_task_group.py took 0.059 seconds
[2024-11-18T19:10:32.951+0000] {processor.py:186} INFO - Started process (PID=1029) to work on /home/airflow/.local/lib/python3.12/site-packages/airflow/example_dags/example_task_group.py
[2024-11-18T19:10:32.951+0000] {processor.py:914} INFO - Processing file /home/airflow/.local/lib/python3.12/site-packages/airflow/example_dags/example_task_group.py for tasks to queue
[2024-11-18T19:10:32.954+0000] {logging_mixin.py:190} INFO - [2024-11-18T19:10:32.953+0000] {dagbag.py:588} INFO - Filling up the DagBag from /home/airflow/.local/lib/python3.12/site-packages/airflow/example_dags/example_task_group.py
[2024-11-18T19:10:32.962+0000] {processor.py:925} INFO - DAG(s) 'example_task_group' retrieved from /home/airflow/.local/lib/python3.12/site-packages/airflow/example_dags/example_task_group.py
[2024-11-18T19:10:32.995+0000] {logging_mixin.py:190} INFO - [2024-11-18T19:10:32.995+0000] {dag.py:3239} INFO - Sync 1 DAGs
[2024-11-18T19:10:33.011+0000] {logging_mixin.py:190} INFO - [2024-11-18T19:10:33.010+0000] {dag.py:4180} INFO - Setting next_dagrun for example_task_group to None, run_after=None
[2024-11-18T19:10:33.051+0000] {processor.py:208} INFO - Processing /home/airflow/.local/lib/python3.12/site-packages/airflow/example_dags/example_task_group.py took 0.107 seconds
[2024-11-18T19:11:03.220+0000] {processor.py:186} INFO - Started process (PID=1094) to work on /home/airflow/.local/lib/python3.12/site-packages/airflow/example_dags/example_task_group.py
[2024-11-18T19:11:03.231+0000] {processor.py:914} INFO - Processing file /home/airflow/.local/lib/python3.12/site-packages/airflow/example_dags/example_task_group.py for tasks to queue
[2024-11-18T19:11:03.233+0000] {logging_mixin.py:190} INFO - [2024-11-18T19:11:03.233+0000] {dagbag.py:588} INFO - Filling up the DagBag from /home/airflow/.local/lib/python3.12/site-packages/airflow/example_dags/example_task_group.py
[2024-11-18T19:11:03.259+0000] {processor.py:925} INFO - DAG(s) 'example_task_group' retrieved from /home/airflow/.local/lib/python3.12/site-packages/airflow/example_dags/example_task_group.py
[2024-11-18T19:11:03.298+0000] {logging_mixin.py:190} INFO - [2024-11-18T19:11:03.298+0000] {dag.py:3239} INFO - Sync 1 DAGs
[2024-11-18T19:11:03.319+0000] {logging_mixin.py:190} INFO - [2024-11-18T19:11:03.319+0000] {dag.py:4180} INFO - Setting next_dagrun for example_task_group to None, run_after=None
[2024-11-18T19:11:03.371+0000] {processor.py:208} INFO - Processing /home/airflow/.local/lib/python3.12/site-packages/airflow/example_dags/example_task_group.py took 0.173 seconds
[2024-11-18T19:11:33.492+0000] {processor.py:186} INFO - Started process (PID=1159) to work on /home/airflow/.local/lib/python3.12/site-packages/airflow/example_dags/example_task_group.py
[2024-11-18T19:11:33.493+0000] {processor.py:914} INFO - Processing file /home/airflow/.local/lib/python3.12/site-packages/airflow/example_dags/example_task_group.py for tasks to queue
[2024-11-18T19:11:33.494+0000] {logging_mixin.py:190} INFO - [2024-11-18T19:11:33.494+0000] {dagbag.py:588} INFO - Filling up the DagBag from /home/airflow/.local/lib/python3.12/site-packages/airflow/example_dags/example_task_group.py
[2024-11-18T19:11:33.501+0000] {processor.py:925} INFO - DAG(s) 'example_task_group' retrieved from /home/airflow/.local/lib/python3.12/site-packages/airflow/example_dags/example_task_group.py
[2024-11-18T19:11:33.517+0000] {logging_mixin.py:190} INFO - [2024-11-18T19:11:33.517+0000] {dag.py:3239} INFO - Sync 1 DAGs
[2024-11-18T19:11:33.528+0000] {logging_mixin.py:190} INFO - [2024-11-18T19:11:33.528+0000] {dag.py:4180} INFO - Setting next_dagrun for example_task_group to None, run_after=None
[2024-11-18T19:11:33.545+0000] {processor.py:208} INFO - Processing /home/airflow/.local/lib/python3.12/site-packages/airflow/example_dags/example_task_group.py took 0.057 seconds
[2024-11-18T19:12:03.947+0000] {processor.py:186} INFO - Started process (PID=1223) to work on /home/airflow/.local/lib/python3.12/site-packages/airflow/example_dags/example_task_group.py
[2024-11-18T19:12:03.948+0000] {processor.py:914} INFO - Processing file /home/airflow/.local/lib/python3.12/site-packages/airflow/example_dags/example_task_group.py for tasks to queue
[2024-11-18T19:12:03.949+0000] {logging_mixin.py:190} INFO - [2024-11-18T19:12:03.949+0000] {dagbag.py:588} INFO - Filling up the DagBag from /home/airflow/.local/lib/python3.12/site-packages/airflow/example_dags/example_task_group.py
[2024-11-18T19:12:03.956+0000] {processor.py:925} INFO - DAG(s) 'example_task_group' retrieved from /home/airflow/.local/lib/python3.12/site-packages/airflow/example_dags/example_task_group.py
[2024-11-18T19:12:03.972+0000] {logging_mixin.py:190} INFO - [2024-11-18T19:12:03.971+0000] {dag.py:3239} INFO - Sync 1 DAGs
[2024-11-18T19:12:03.983+0000] {logging_mixin.py:190} INFO - [2024-11-18T19:12:03.983+0000] {dag.py:4180} INFO - Setting next_dagrun for example_task_group to None, run_after=None
[2024-11-18T19:12:04.001+0000] {processor.py:208} INFO - Processing /home/airflow/.local/lib/python3.12/site-packages/airflow/example_dags/example_task_group.py took 0.058 seconds
[2024-11-18T19:12:34.264+0000] {processor.py:186} INFO - Started process (PID=1287) to work on /home/airflow/.local/lib/python3.12/site-packages/airflow/example_dags/example_task_group.py
[2024-11-18T19:12:34.264+0000] {processor.py:914} INFO - Processing file /home/airflow/.local/lib/python3.12/site-packages/airflow/example_dags/example_task_group.py for tasks to queue
[2024-11-18T19:12:34.266+0000] {logging_mixin.py:190} INFO - [2024-11-18T19:12:34.266+0000] {dagbag.py:588} INFO - Filling up the DagBag from /home/airflow/.local/lib/python3.12/site-packages/airflow/example_dags/example_task_group.py
[2024-11-18T19:12:34.276+0000] {processor.py:925} INFO - DAG(s) 'example_task_group' retrieved from /home/airflow/.local/lib/python3.12/site-packages/airflow/example_dags/example_task_group.py
[2024-11-18T19:12:34.299+0000] {logging_mixin.py:190} INFO - [2024-11-18T19:12:34.298+0000] {dag.py:3239} INFO - Sync 1 DAGs
[2024-11-18T19:12:34.315+0000] {logging_mixin.py:190} INFO - [2024-11-18T19:12:34.314+0000] {dag.py:4180} INFO - Setting next_dagrun for example_task_group to None, run_after=None
[2024-11-18T19:12:34.341+0000] {processor.py:208} INFO - Processing /home/airflow/.local/lib/python3.12/site-packages/airflow/example_dags/example_task_group.py took 0.083 seconds
[2024-11-18T19:13:04.911+0000] {processor.py:186} INFO - Started process (PID=1351) to work on /home/airflow/.local/lib/python3.12/site-packages/airflow/example_dags/example_task_group.py
[2024-11-18T19:13:04.911+0000] {processor.py:914} INFO - Processing file /home/airflow/.local/lib/python3.12/site-packages/airflow/example_dags/example_task_group.py for tasks to queue
[2024-11-18T19:13:04.913+0000] {logging_mixin.py:190} INFO - [2024-11-18T19:13:04.913+0000] {dagbag.py:588} INFO - Filling up the DagBag from /home/airflow/.local/lib/python3.12/site-packages/airflow/example_dags/example_task_group.py
[2024-11-18T19:13:04.923+0000] {processor.py:925} INFO - DAG(s) 'example_task_group' retrieved from /home/airflow/.local/lib/python3.12/site-packages/airflow/example_dags/example_task_group.py
[2024-11-18T19:13:04.941+0000] {logging_mixin.py:190} INFO - [2024-11-18T19:13:04.941+0000] {dag.py:3239} INFO - Sync 1 DAGs
[2024-11-18T19:13:04.954+0000] {logging_mixin.py:190} INFO - [2024-11-18T19:13:04.954+0000] {dag.py:4180} INFO - Setting next_dagrun for example_task_group to None, run_after=None
[2024-11-18T19:13:04.973+0000] {processor.py:208} INFO - Processing /home/airflow/.local/lib/python3.12/site-packages/airflow/example_dags/example_task_group.py took 0.066 seconds
[2024-11-18T19:13:35.079+0000] {processor.py:186} INFO - Started process (PID=1416) to work on /home/airflow/.local/lib/python3.12/site-packages/airflow/example_dags/example_task_group.py
[2024-11-18T19:13:35.080+0000] {processor.py:914} INFO - Processing file /home/airflow/.local/lib/python3.12/site-packages/airflow/example_dags/example_task_group.py for tasks to queue
[2024-11-18T19:13:35.081+0000] {logging_mixin.py:190} INFO - [2024-11-18T19:13:35.081+0000] {dagbag.py:588} INFO - Filling up the DagBag from /home/airflow/.local/lib/python3.12/site-packages/airflow/example_dags/example_task_group.py
[2024-11-18T19:13:35.088+0000] {processor.py:925} INFO - DAG(s) 'example_task_group' retrieved from /home/airflow/.local/lib/python3.12/site-packages/airflow/example_dags/example_task_group.py
[2024-11-18T19:13:35.104+0000] {logging_mixin.py:190} INFO - [2024-11-18T19:13:35.104+0000] {dag.py:3239} INFO - Sync 1 DAGs
[2024-11-18T19:13:35.115+0000] {logging_mixin.py:190} INFO - [2024-11-18T19:13:35.115+0000] {dag.py:4180} INFO - Setting next_dagrun for example_task_group to None, run_after=None
[2024-11-18T19:13:35.133+0000] {processor.py:208} INFO - Processing /home/airflow/.local/lib/python3.12/site-packages/airflow/example_dags/example_task_group.py took 0.058 seconds
[2024-11-18T19:14:05.911+0000] {processor.py:186} INFO - Started process (PID=1481) to work on /home/airflow/.local/lib/python3.12/site-packages/airflow/example_dags/example_task_group.py
[2024-11-18T19:14:05.918+0000] {processor.py:914} INFO - Processing file /home/airflow/.local/lib/python3.12/site-packages/airflow/example_dags/example_task_group.py for tasks to queue
[2024-11-18T19:14:05.920+0000] {logging_mixin.py:190} INFO - [2024-11-18T19:14:05.920+0000] {dagbag.py:588} INFO - Filling up the DagBag from /home/airflow/.local/lib/python3.12/site-packages/airflow/example_dags/example_task_group.py
[2024-11-18T19:14:05.930+0000] {processor.py:925} INFO - DAG(s) 'example_task_group' retrieved from /home/airflow/.local/lib/python3.12/site-packages/airflow/example_dags/example_task_group.py
[2024-11-18T19:14:05.954+0000] {logging_mixin.py:190} INFO - [2024-11-18T19:14:05.954+0000] {dag.py:3239} INFO - Sync 1 DAGs
[2024-11-18T19:14:05.975+0000] {logging_mixin.py:190} INFO - [2024-11-18T19:14:05.975+0000] {dag.py:4180} INFO - Setting next_dagrun for example_task_group to None, run_after=None
[2024-11-18T19:14:06.006+0000] {processor.py:208} INFO - Processing /home/airflow/.local/lib/python3.12/site-packages/airflow/example_dags/example_task_group.py took 0.101 seconds
[2024-11-18T19:14:36.485+0000] {processor.py:186} INFO - Started process (PID=1546) to work on /home/airflow/.local/lib/python3.12/site-packages/airflow/example_dags/example_task_group.py
[2024-11-18T19:14:36.485+0000] {processor.py:914} INFO - Processing file /home/airflow/.local/lib/python3.12/site-packages/airflow/example_dags/example_task_group.py for tasks to queue
[2024-11-18T19:14:36.487+0000] {logging_mixin.py:190} INFO - [2024-11-18T19:14:36.487+0000] {dagbag.py:588} INFO - Filling up the DagBag from /home/airflow/.local/lib/python3.12/site-packages/airflow/example_dags/example_task_group.py
[2024-11-18T19:14:36.494+0000] {processor.py:925} INFO - DAG(s) 'example_task_group' retrieved from /home/airflow/.local/lib/python3.12/site-packages/airflow/example_dags/example_task_group.py
[2024-11-18T19:14:36.510+0000] {logging_mixin.py:190} INFO - [2024-11-18T19:14:36.510+0000] {dag.py:3239} INFO - Sync 1 DAGs
[2024-11-18T19:14:36.521+0000] {logging_mixin.py:190} INFO - [2024-11-18T19:14:36.521+0000] {dag.py:4180} INFO - Setting next_dagrun for example_task_group to None, run_after=None
[2024-11-18T19:14:36.547+0000] {processor.py:208} INFO - Processing /home/airflow/.local/lib/python3.12/site-packages/airflow/example_dags/example_task_group.py took 0.067 seconds
[2024-11-18T19:15:07.016+0000] {processor.py:186} INFO - Started process (PID=1611) to work on /home/airflow/.local/lib/python3.12/site-packages/airflow/example_dags/example_task_group.py
[2024-11-18T19:15:07.017+0000] {processor.py:914} INFO - Processing file /home/airflow/.local/lib/python3.12/site-packages/airflow/example_dags/example_task_group.py for tasks to queue
[2024-11-18T19:15:07.019+0000] {logging_mixin.py:190} INFO - [2024-11-18T19:15:07.019+0000] {dagbag.py:588} INFO - Filling up the DagBag from /home/airflow/.local/lib/python3.12/site-packages/airflow/example_dags/example_task_group.py
[2024-11-18T19:15:07.028+0000] {processor.py:925} INFO - DAG(s) 'example_task_group' retrieved from /home/airflow/.local/lib/python3.12/site-packages/airflow/example_dags/example_task_group.py
[2024-11-18T19:15:07.052+0000] {logging_mixin.py:190} INFO - [2024-11-18T19:15:07.051+0000] {dag.py:3239} INFO - Sync 1 DAGs
[2024-11-18T19:15:07.067+0000] {logging_mixin.py:190} INFO - [2024-11-18T19:15:07.067+0000] {dag.py:4180} INFO - Setting next_dagrun for example_task_group to None, run_after=None
[2024-11-18T19:15:07.095+0000] {processor.py:208} INFO - Processing /home/airflow/.local/lib/python3.12/site-packages/airflow/example_dags/example_task_group.py took 0.085 seconds
[2024-11-18T19:15:37.864+0000] {processor.py:186} INFO - Started process (PID=1676) to work on /home/airflow/.local/lib/python3.12/site-packages/airflow/example_dags/example_task_group.py
[2024-11-18T19:15:37.865+0000] {processor.py:914} INFO - Processing file /home/airflow/.local/lib/python3.12/site-packages/airflow/example_dags/example_task_group.py for tasks to queue
[2024-11-18T19:15:37.867+0000] {logging_mixin.py:190} INFO - [2024-11-18T19:15:37.867+0000] {dagbag.py:588} INFO - Filling up the DagBag from /home/airflow/.local/lib/python3.12/site-packages/airflow/example_dags/example_task_group.py
[2024-11-18T19:15:37.876+0000] {processor.py:925} INFO - DAG(s) 'example_task_group' retrieved from /home/airflow/.local/lib/python3.12/site-packages/airflow/example_dags/example_task_group.py
[2024-11-18T19:15:37.899+0000] {logging_mixin.py:190} INFO - [2024-11-18T19:15:37.899+0000] {dag.py:3239} INFO - Sync 1 DAGs
[2024-11-18T19:15:37.918+0000] {logging_mixin.py:190} INFO - [2024-11-18T19:15:37.918+0000] {dag.py:4180} INFO - Setting next_dagrun for example_task_group to None, run_after=None
[2024-11-18T19:15:37.940+0000] {processor.py:208} INFO - Processing /home/airflow/.local/lib/python3.12/site-packages/airflow/example_dags/example_task_group.py took 0.082 seconds
[2024-11-18T19:16:08.217+0000] {processor.py:186} INFO - Started process (PID=1740) to work on /home/airflow/.local/lib/python3.12/site-packages/airflow/example_dags/example_task_group.py
[2024-11-18T19:16:08.217+0000] {processor.py:914} INFO - Processing file /home/airflow/.local/lib/python3.12/site-packages/airflow/example_dags/example_task_group.py for tasks to queue
[2024-11-18T19:16:08.219+0000] {logging_mixin.py:190} INFO - [2024-11-18T19:16:08.219+0000] {dagbag.py:588} INFO - Filling up the DagBag from /home/airflow/.local/lib/python3.12/site-packages/airflow/example_dags/example_task_group.py
[2024-11-18T19:16:08.225+0000] {processor.py:925} INFO - DAG(s) 'example_task_group' retrieved from /home/airflow/.local/lib/python3.12/site-packages/airflow/example_dags/example_task_group.py
[2024-11-18T19:16:08.242+0000] {logging_mixin.py:190} INFO - [2024-11-18T19:16:08.242+0000] {dag.py:3239} INFO - Sync 1 DAGs
[2024-11-18T19:16:08.252+0000] {logging_mixin.py:190} INFO - [2024-11-18T19:16:08.252+0000] {dag.py:4180} INFO - Setting next_dagrun for example_task_group to None, run_after=None
[2024-11-18T19:16:08.272+0000] {processor.py:208} INFO - Processing /home/airflow/.local/lib/python3.12/site-packages/airflow/example_dags/example_task_group.py took 0.059 seconds
[2024-11-18T19:16:38.686+0000] {processor.py:186} INFO - Started process (PID=1804) to work on /home/airflow/.local/lib/python3.12/site-packages/airflow/example_dags/example_task_group.py
[2024-11-18T19:16:38.687+0000] {processor.py:914} INFO - Processing file /home/airflow/.local/lib/python3.12/site-packages/airflow/example_dags/example_task_group.py for tasks to queue
[2024-11-18T19:16:38.689+0000] {logging_mixin.py:190} INFO - [2024-11-18T19:16:38.689+0000] {dagbag.py:588} INFO - Filling up the DagBag from /home/airflow/.local/lib/python3.12/site-packages/airflow/example_dags/example_task_group.py
[2024-11-18T19:16:38.699+0000] {processor.py:925} INFO - DAG(s) 'example_task_group' retrieved from /home/airflow/.local/lib/python3.12/site-packages/airflow/example_dags/example_task_group.py
[2024-11-18T19:16:38.749+0000] {logging_mixin.py:190} INFO - [2024-11-18T19:16:38.749+0000] {dag.py:3239} INFO - Sync 1 DAGs
[2024-11-18T19:16:38.781+0000] {logging_mixin.py:190} INFO - [2024-11-18T19:16:38.781+0000] {dag.py:4180} INFO - Setting next_dagrun for example_task_group to None, run_after=None
[2024-11-18T19:16:38.830+0000] {processor.py:208} INFO - Processing /home/airflow/.local/lib/python3.12/site-packages/airflow/example_dags/example_task_group.py took 0.162 seconds
[2024-11-18T19:17:09.037+0000] {processor.py:186} INFO - Started process (PID=1868) to work on /home/airflow/.local/lib/python3.12/site-packages/airflow/example_dags/example_task_group.py
[2024-11-18T19:17:09.038+0000] {processor.py:914} INFO - Processing file /home/airflow/.local/lib/python3.12/site-packages/airflow/example_dags/example_task_group.py for tasks to queue
[2024-11-18T19:17:09.040+0000] {logging_mixin.py:190} INFO - [2024-11-18T19:17:09.040+0000] {dagbag.py:588} INFO - Filling up the DagBag from /home/airflow/.local/lib/python3.12/site-packages/airflow/example_dags/example_task_group.py
[2024-11-18T19:17:09.049+0000] {processor.py:925} INFO - DAG(s) 'example_task_group' retrieved from /home/airflow/.local/lib/python3.12/site-packages/airflow/example_dags/example_task_group.py
[2024-11-18T19:17:09.079+0000] {logging_mixin.py:190} INFO - [2024-11-18T19:17:09.079+0000] {dag.py:3239} INFO - Sync 1 DAGs
[2024-11-18T19:17:09.117+0000] {logging_mixin.py:190} INFO - [2024-11-18T19:17:09.117+0000] {dag.py:4180} INFO - Setting next_dagrun for example_task_group to None, run_after=None
[2024-11-18T19:17:09.158+0000] {processor.py:208} INFO - Processing /home/airflow/.local/lib/python3.12/site-packages/airflow/example_dags/example_task_group.py took 0.126 seconds
[2024-11-18T19:17:40.087+0000] {processor.py:186} INFO - Started process (PID=1932) to work on /home/airflow/.local/lib/python3.12/site-packages/airflow/example_dags/example_task_group.py
[2024-11-18T19:17:40.088+0000] {processor.py:914} INFO - Processing file /home/airflow/.local/lib/python3.12/site-packages/airflow/example_dags/example_task_group.py for tasks to queue
[2024-11-18T19:17:40.090+0000] {logging_mixin.py:190} INFO - [2024-11-18T19:17:40.089+0000] {dagbag.py:588} INFO - Filling up the DagBag from /home/airflow/.local/lib/python3.12/site-packages/airflow/example_dags/example_task_group.py
[2024-11-18T19:17:40.097+0000] {processor.py:925} INFO - DAG(s) 'example_task_group' retrieved from /home/airflow/.local/lib/python3.12/site-packages/airflow/example_dags/example_task_group.py
[2024-11-18T19:17:40.113+0000] {logging_mixin.py:190} INFO - [2024-11-18T19:17:40.113+0000] {dag.py:3239} INFO - Sync 1 DAGs
[2024-11-18T19:17:40.124+0000] {logging_mixin.py:190} INFO - [2024-11-18T19:17:40.124+0000] {dag.py:4180} INFO - Setting next_dagrun for example_task_group to None, run_after=None
[2024-11-18T19:17:40.141+0000] {processor.py:208} INFO - Processing /home/airflow/.local/lib/python3.12/site-packages/airflow/example_dags/example_task_group.py took 0.059 seconds
[2024-11-18T19:18:10.508+0000] {processor.py:186} INFO - Started process (PID=1997) to work on /home/airflow/.local/lib/python3.12/site-packages/airflow/example_dags/example_task_group.py
[2024-11-18T19:18:10.509+0000] {processor.py:914} INFO - Processing file /home/airflow/.local/lib/python3.12/site-packages/airflow/example_dags/example_task_group.py for tasks to queue
[2024-11-18T19:18:10.511+0000] {logging_mixin.py:190} INFO - [2024-11-18T19:18:10.510+0000] {dagbag.py:588} INFO - Filling up the DagBag from /home/airflow/.local/lib/python3.12/site-packages/airflow/example_dags/example_task_group.py
[2024-11-18T19:18:10.519+0000] {processor.py:925} INFO - DAG(s) 'example_task_group' retrieved from /home/airflow/.local/lib/python3.12/site-packages/airflow/example_dags/example_task_group.py
[2024-11-18T19:18:10.542+0000] {logging_mixin.py:190} INFO - [2024-11-18T19:18:10.541+0000] {dag.py:3239} INFO - Sync 1 DAGs
[2024-11-18T19:18:10.558+0000] {logging_mixin.py:190} INFO - [2024-11-18T19:18:10.558+0000] {dag.py:4180} INFO - Setting next_dagrun for example_task_group to None, run_after=None
[2024-11-18T19:18:10.584+0000] {processor.py:208} INFO - Processing /home/airflow/.local/lib/python3.12/site-packages/airflow/example_dags/example_task_group.py took 0.082 seconds
[2024-11-18T19:18:41.033+0000] {processor.py:186} INFO - Started process (PID=2062) to work on /home/airflow/.local/lib/python3.12/site-packages/airflow/example_dags/example_task_group.py
[2024-11-18T19:18:41.033+0000] {processor.py:914} INFO - Processing file /home/airflow/.local/lib/python3.12/site-packages/airflow/example_dags/example_task_group.py for tasks to queue
[2024-11-18T19:18:41.035+0000] {logging_mixin.py:190} INFO - [2024-11-18T19:18:41.035+0000] {dagbag.py:588} INFO - Filling up the DagBag from /home/airflow/.local/lib/python3.12/site-packages/airflow/example_dags/example_task_group.py
[2024-11-18T19:18:41.042+0000] {processor.py:925} INFO - DAG(s) 'example_task_group' retrieved from /home/airflow/.local/lib/python3.12/site-packages/airflow/example_dags/example_task_group.py
[2024-11-18T19:18:41.062+0000] {logging_mixin.py:190} INFO - [2024-11-18T19:18:41.062+0000] {dag.py:3239} INFO - Sync 1 DAGs
[2024-11-18T19:18:41.073+0000] {logging_mixin.py:190} INFO - [2024-11-18T19:18:41.073+0000] {dag.py:4180} INFO - Setting next_dagrun for example_task_group to None, run_after=None
[2024-11-18T19:18:41.089+0000] {processor.py:208} INFO - Processing /home/airflow/.local/lib/python3.12/site-packages/airflow/example_dags/example_task_group.py took 0.060 seconds
[2024-11-18T19:19:11.307+0000] {processor.py:186} INFO - Started process (PID=2126) to work on /home/airflow/.local/lib/python3.12/site-packages/airflow/example_dags/example_task_group.py
[2024-11-18T19:19:11.307+0000] {processor.py:914} INFO - Processing file /home/airflow/.local/lib/python3.12/site-packages/airflow/example_dags/example_task_group.py for tasks to queue
[2024-11-18T19:19:11.309+0000] {logging_mixin.py:190} INFO - [2024-11-18T19:19:11.309+0000] {dagbag.py:588} INFO - Filling up the DagBag from /home/airflow/.local/lib/python3.12/site-packages/airflow/example_dags/example_task_group.py
[2024-11-18T19:19:11.315+0000] {processor.py:925} INFO - DAG(s) 'example_task_group' retrieved from /home/airflow/.local/lib/python3.12/site-packages/airflow/example_dags/example_task_group.py
[2024-11-18T19:19:11.332+0000] {logging_mixin.py:190} INFO - [2024-11-18T19:19:11.332+0000] {dag.py:3239} INFO - Sync 1 DAGs
[2024-11-18T19:19:11.343+0000] {logging_mixin.py:190} INFO - [2024-11-18T19:19:11.343+0000] {dag.py:4180} INFO - Setting next_dagrun for example_task_group to None, run_after=None
[2024-11-18T19:19:11.360+0000] {processor.py:208} INFO - Processing /home/airflow/.local/lib/python3.12/site-packages/airflow/example_dags/example_task_group.py took 0.058 seconds
[2024-11-18T19:19:42.032+0000] {processor.py:186} INFO - Started process (PID=2190) to work on /home/airflow/.local/lib/python3.12/site-packages/airflow/example_dags/example_task_group.py
[2024-11-18T19:19:42.033+0000] {processor.py:914} INFO - Processing file /home/airflow/.local/lib/python3.12/site-packages/airflow/example_dags/example_task_group.py for tasks to queue
[2024-11-18T19:19:42.035+0000] {logging_mixin.py:190} INFO - [2024-11-18T19:19:42.034+0000] {dagbag.py:588} INFO - Filling up the DagBag from /home/airflow/.local/lib/python3.12/site-packages/airflow/example_dags/example_task_group.py
[2024-11-18T19:19:42.044+0000] {processor.py:925} INFO - DAG(s) 'example_task_group' retrieved from /home/airflow/.local/lib/python3.12/site-packages/airflow/example_dags/example_task_group.py
[2024-11-18T19:19:42.065+0000] {logging_mixin.py:190} INFO - [2024-11-18T19:19:42.065+0000] {dag.py:3239} INFO - Sync 1 DAGs
[2024-11-18T19:19:42.082+0000] {logging_mixin.py:190} INFO - [2024-11-18T19:19:42.081+0000] {dag.py:4180} INFO - Setting next_dagrun for example_task_group to None, run_after=None
[2024-11-18T19:19:42.107+0000] {processor.py:208} INFO - Processing /home/airflow/.local/lib/python3.12/site-packages/airflow/example_dags/example_task_group.py took 0.081 seconds
[2024-11-18T19:20:12.810+0000] {processor.py:186} INFO - Started process (PID=2254) to work on /home/airflow/.local/lib/python3.12/site-packages/airflow/example_dags/example_task_group.py
[2024-11-18T19:20:12.810+0000] {processor.py:914} INFO - Processing file /home/airflow/.local/lib/python3.12/site-packages/airflow/example_dags/example_task_group.py for tasks to queue
[2024-11-18T19:20:12.813+0000] {logging_mixin.py:190} INFO - [2024-11-18T19:20:12.812+0000] {dagbag.py:588} INFO - Filling up the DagBag from /home/airflow/.local/lib/python3.12/site-packages/airflow/example_dags/example_task_group.py
[2024-11-18T19:20:12.822+0000] {processor.py:925} INFO - DAG(s) 'example_task_group' retrieved from /home/airflow/.local/lib/python3.12/site-packages/airflow/example_dags/example_task_group.py
[2024-11-18T19:20:12.872+0000] {logging_mixin.py:190} INFO - [2024-11-18T19:20:12.872+0000] {dag.py:3239} INFO - Sync 1 DAGs
[2024-11-18T19:20:12.890+0000] {logging_mixin.py:190} INFO - [2024-11-18T19:20:12.889+0000] {dag.py:4180} INFO - Setting next_dagrun for example_task_group to None, run_after=None
[2024-11-18T19:20:12.927+0000] {processor.py:208} INFO - Processing /home/airflow/.local/lib/python3.12/site-packages/airflow/example_dags/example_task_group.py took 0.124 seconds
[2024-11-18T19:20:43.082+0000] {processor.py:186} INFO - Started process (PID=2319) to work on /home/airflow/.local/lib/python3.12/site-packages/airflow/example_dags/example_task_group.py
[2024-11-18T19:20:43.082+0000] {processor.py:914} INFO - Processing file /home/airflow/.local/lib/python3.12/site-packages/airflow/example_dags/example_task_group.py for tasks to queue
[2024-11-18T19:20:43.085+0000] {logging_mixin.py:190} INFO - [2024-11-18T19:20:43.084+0000] {dagbag.py:588} INFO - Filling up the DagBag from /home/airflow/.local/lib/python3.12/site-packages/airflow/example_dags/example_task_group.py
[2024-11-18T19:20:43.094+0000] {processor.py:925} INFO - DAG(s) 'example_task_group' retrieved from /home/airflow/.local/lib/python3.12/site-packages/airflow/example_dags/example_task_group.py
[2024-11-18T19:20:43.117+0000] {logging_mixin.py:190} INFO - [2024-11-18T19:20:43.117+0000] {dag.py:3239} INFO - Sync 1 DAGs
[2024-11-18T19:20:43.133+0000] {logging_mixin.py:190} INFO - [2024-11-18T19:20:43.133+0000] {dag.py:4180} INFO - Setting next_dagrun for example_task_group to None, run_after=None
[2024-11-18T19:20:43.158+0000] {processor.py:208} INFO - Processing /home/airflow/.local/lib/python3.12/site-packages/airflow/example_dags/example_task_group.py took 0.082 seconds
[2024-11-18T19:21:13.968+0000] {processor.py:186} INFO - Started process (PID=2383) to work on /home/airflow/.local/lib/python3.12/site-packages/airflow/example_dags/example_task_group.py
[2024-11-18T19:21:13.969+0000] {processor.py:914} INFO - Processing file /home/airflow/.local/lib/python3.12/site-packages/airflow/example_dags/example_task_group.py for tasks to queue
[2024-11-18T19:21:13.971+0000] {logging_mixin.py:190} INFO - [2024-11-18T19:21:13.971+0000] {dagbag.py:588} INFO - Filling up the DagBag from /home/airflow/.local/lib/python3.12/site-packages/airflow/example_dags/example_task_group.py
[2024-11-18T19:21:13.977+0000] {processor.py:925} INFO - DAG(s) 'example_task_group' retrieved from /home/airflow/.local/lib/python3.12/site-packages/airflow/example_dags/example_task_group.py
[2024-11-18T19:21:13.993+0000] {logging_mixin.py:190} INFO - [2024-11-18T19:21:13.993+0000] {dag.py:3239} INFO - Sync 1 DAGs
[2024-11-18T19:21:14.004+0000] {logging_mixin.py:190} INFO - [2024-11-18T19:21:14.004+0000] {dag.py:4180} INFO - Setting next_dagrun for example_task_group to None, run_after=None
[2024-11-18T19:21:14.022+0000] {processor.py:208} INFO - Processing /home/airflow/.local/lib/python3.12/site-packages/airflow/example_dags/example_task_group.py took 0.058 seconds
[2024-11-18T19:21:44.535+0000] {processor.py:186} INFO - Started process (PID=2447) to work on /home/airflow/.local/lib/python3.12/site-packages/airflow/example_dags/example_task_group.py
[2024-11-18T19:21:44.535+0000] {processor.py:914} INFO - Processing file /home/airflow/.local/lib/python3.12/site-packages/airflow/example_dags/example_task_group.py for tasks to queue
[2024-11-18T19:21:44.537+0000] {logging_mixin.py:190} INFO - [2024-11-18T19:21:44.537+0000] {dagbag.py:588} INFO - Filling up the DagBag from /home/airflow/.local/lib/python3.12/site-packages/airflow/example_dags/example_task_group.py
[2024-11-18T19:21:44.543+0000] {processor.py:925} INFO - DAG(s) 'example_task_group' retrieved from /home/airflow/.local/lib/python3.12/site-packages/airflow/example_dags/example_task_group.py
[2024-11-18T19:21:44.559+0000] {logging_mixin.py:190} INFO - [2024-11-18T19:21:44.559+0000] {dag.py:3239} INFO - Sync 1 DAGs
[2024-11-18T19:21:44.570+0000] {logging_mixin.py:190} INFO - [2024-11-18T19:21:44.570+0000] {dag.py:4180} INFO - Setting next_dagrun for example_task_group to None, run_after=None
[2024-11-18T19:21:44.587+0000] {processor.py:208} INFO - Processing /home/airflow/.local/lib/python3.12/site-packages/airflow/example_dags/example_task_group.py took 0.056 seconds
[2024-11-18T19:22:15.021+0000] {processor.py:186} INFO - Started process (PID=2510) to work on /home/airflow/.local/lib/python3.12/site-packages/airflow/example_dags/example_task_group.py
[2024-11-18T19:22:15.022+0000] {processor.py:914} INFO - Processing file /home/airflow/.local/lib/python3.12/site-packages/airflow/example_dags/example_task_group.py for tasks to queue
[2024-11-18T19:22:15.024+0000] {logging_mixin.py:190} INFO - [2024-11-18T19:22:15.023+0000] {dagbag.py:588} INFO - Filling up the DagBag from /home/airflow/.local/lib/python3.12/site-packages/airflow/example_dags/example_task_group.py
[2024-11-18T19:22:15.030+0000] {processor.py:925} INFO - DAG(s) 'example_task_group' retrieved from /home/airflow/.local/lib/python3.12/site-packages/airflow/example_dags/example_task_group.py
[2024-11-18T19:22:15.052+0000] {logging_mixin.py:190} INFO - [2024-11-18T19:22:15.052+0000] {dag.py:3239} INFO - Sync 1 DAGs
[2024-11-18T19:22:15.070+0000] {logging_mixin.py:190} INFO - [2024-11-18T19:22:15.070+0000] {dag.py:4180} INFO - Setting next_dagrun for example_task_group to None, run_after=None
[2024-11-18T19:22:15.095+0000] {processor.py:208} INFO - Processing /home/airflow/.local/lib/python3.12/site-packages/airflow/example_dags/example_task_group.py took 0.079 seconds
[2024-11-18T19:22:45.460+0000] {processor.py:186} INFO - Started process (PID=2581) to work on /home/airflow/.local/lib/python3.12/site-packages/airflow/example_dags/example_task_group.py
[2024-11-18T19:22:45.461+0000] {processor.py:914} INFO - Processing file /home/airflow/.local/lib/python3.12/site-packages/airflow/example_dags/example_task_group.py for tasks to queue
[2024-11-18T19:22:45.464+0000] {logging_mixin.py:190} INFO - [2024-11-18T19:22:45.463+0000] {dagbag.py:588} INFO - Filling up the DagBag from /home/airflow/.local/lib/python3.12/site-packages/airflow/example_dags/example_task_group.py
[2024-11-18T19:22:45.472+0000] {processor.py:925} INFO - DAG(s) 'example_task_group' retrieved from /home/airflow/.local/lib/python3.12/site-packages/airflow/example_dags/example_task_group.py
[2024-11-18T19:22:45.494+0000] {logging_mixin.py:190} INFO - [2024-11-18T19:22:45.493+0000] {dag.py:3239} INFO - Sync 1 DAGs
[2024-11-18T19:22:45.510+0000] {logging_mixin.py:190} INFO - [2024-11-18T19:22:45.510+0000] {dag.py:4180} INFO - Setting next_dagrun for example_task_group to None, run_after=None
[2024-11-18T19:22:45.533+0000] {processor.py:208} INFO - Processing /home/airflow/.local/lib/python3.12/site-packages/airflow/example_dags/example_task_group.py took 0.078 seconds
[2024-11-18T19:23:15.756+0000] {processor.py:186} INFO - Started process (PID=2645) to work on /home/airflow/.local/lib/python3.12/site-packages/airflow/example_dags/example_task_group.py
[2024-11-18T19:23:15.757+0000] {processor.py:914} INFO - Processing file /home/airflow/.local/lib/python3.12/site-packages/airflow/example_dags/example_task_group.py for tasks to queue
[2024-11-18T19:23:15.767+0000] {logging_mixin.py:190} INFO - [2024-11-18T19:23:15.759+0000] {dagbag.py:588} INFO - Filling up the DagBag from /home/airflow/.local/lib/python3.12/site-packages/airflow/example_dags/example_task_group.py
[2024-11-18T19:23:15.792+0000] {processor.py:925} INFO - DAG(s) 'example_task_group' retrieved from /home/airflow/.local/lib/python3.12/site-packages/airflow/example_dags/example_task_group.py
[2024-11-18T19:23:15.829+0000] {logging_mixin.py:190} INFO - [2024-11-18T19:23:15.828+0000] {dag.py:3239} INFO - Sync 1 DAGs
[2024-11-18T19:23:15.860+0000] {logging_mixin.py:190} INFO - [2024-11-18T19:23:15.860+0000] {dag.py:4180} INFO - Setting next_dagrun for example_task_group to None, run_after=None
[2024-11-18T19:23:15.897+0000] {processor.py:208} INFO - Processing /home/airflow/.local/lib/python3.12/site-packages/airflow/example_dags/example_task_group.py took 0.149 seconds
[2024-11-18T19:23:46.293+0000] {processor.py:186} INFO - Started process (PID=2709) to work on /home/airflow/.local/lib/python3.12/site-packages/airflow/example_dags/example_task_group.py
[2024-11-18T19:23:46.293+0000] {processor.py:914} INFO - Processing file /home/airflow/.local/lib/python3.12/site-packages/airflow/example_dags/example_task_group.py for tasks to queue
[2024-11-18T19:23:46.296+0000] {logging_mixin.py:190} INFO - [2024-11-18T19:23:46.295+0000] {dagbag.py:588} INFO - Filling up the DagBag from /home/airflow/.local/lib/python3.12/site-packages/airflow/example_dags/example_task_group.py
[2024-11-18T19:23:46.305+0000] {processor.py:925} INFO - DAG(s) 'example_task_group' retrieved from /home/airflow/.local/lib/python3.12/site-packages/airflow/example_dags/example_task_group.py
[2024-11-18T19:23:46.326+0000] {logging_mixin.py:190} INFO - [2024-11-18T19:23:46.326+0000] {dag.py:3239} INFO - Sync 1 DAGs
[2024-11-18T19:23:46.342+0000] {logging_mixin.py:190} INFO - [2024-11-18T19:23:46.342+0000] {dag.py:4180} INFO - Setting next_dagrun for example_task_group to None, run_after=None
[2024-11-18T19:23:46.364+0000] {processor.py:208} INFO - Processing /home/airflow/.local/lib/python3.12/site-packages/airflow/example_dags/example_task_group.py took 0.078 seconds
[2024-11-18T19:24:16.574+0000] {processor.py:186} INFO - Started process (PID=2772) to work on /home/airflow/.local/lib/python3.12/site-packages/airflow/example_dags/example_task_group.py
[2024-11-18T19:24:16.575+0000] {processor.py:914} INFO - Processing file /home/airflow/.local/lib/python3.12/site-packages/airflow/example_dags/example_task_group.py for tasks to queue
[2024-11-18T19:24:16.577+0000] {logging_mixin.py:190} INFO - [2024-11-18T19:24:16.577+0000] {dagbag.py:588} INFO - Filling up the DagBag from /home/airflow/.local/lib/python3.12/site-packages/airflow/example_dags/example_task_group.py
[2024-11-18T19:24:16.586+0000] {processor.py:925} INFO - DAG(s) 'example_task_group' retrieved from /home/airflow/.local/lib/python3.12/site-packages/airflow/example_dags/example_task_group.py
[2024-11-18T19:24:16.624+0000] {logging_mixin.py:190} INFO - [2024-11-18T19:24:16.624+0000] {dag.py:3239} INFO - Sync 1 DAGs
[2024-11-18T19:24:16.641+0000] {logging_mixin.py:190} INFO - [2024-11-18T19:24:16.641+0000] {dag.py:4180} INFO - Setting next_dagrun for example_task_group to None, run_after=None
[2024-11-18T19:24:16.702+0000] {processor.py:208} INFO - Processing /home/airflow/.local/lib/python3.12/site-packages/airflow/example_dags/example_task_group.py took 0.134 seconds
[2024-11-18T19:24:47.557+0000] {processor.py:186} INFO - Started process (PID=2836) to work on /home/airflow/.local/lib/python3.12/site-packages/airflow/example_dags/example_task_group.py
[2024-11-18T19:24:47.558+0000] {processor.py:914} INFO - Processing file /home/airflow/.local/lib/python3.12/site-packages/airflow/example_dags/example_task_group.py for tasks to queue
[2024-11-18T19:24:47.560+0000] {logging_mixin.py:190} INFO - [2024-11-18T19:24:47.560+0000] {dagbag.py:588} INFO - Filling up the DagBag from /home/airflow/.local/lib/python3.12/site-packages/airflow/example_dags/example_task_group.py
[2024-11-18T19:24:47.569+0000] {processor.py:925} INFO - DAG(s) 'example_task_group' retrieved from /home/airflow/.local/lib/python3.12/site-packages/airflow/example_dags/example_task_group.py
[2024-11-18T19:24:47.590+0000] {logging_mixin.py:190} INFO - [2024-11-18T19:24:47.590+0000] {dag.py:3239} INFO - Sync 1 DAGs
[2024-11-18T19:24:47.607+0000] {logging_mixin.py:190} INFO - [2024-11-18T19:24:47.607+0000] {dag.py:4180} INFO - Setting next_dagrun for example_task_group to None, run_after=None
[2024-11-18T19:24:47.628+0000] {processor.py:208} INFO - Processing /home/airflow/.local/lib/python3.12/site-packages/airflow/example_dags/example_task_group.py took 0.077 seconds
[2024-11-18T19:25:17.861+0000] {processor.py:186} INFO - Started process (PID=2900) to work on /home/airflow/.local/lib/python3.12/site-packages/airflow/example_dags/example_task_group.py
[2024-11-18T19:25:17.861+0000] {processor.py:914} INFO - Processing file /home/airflow/.local/lib/python3.12/site-packages/airflow/example_dags/example_task_group.py for tasks to queue
[2024-11-18T19:25:17.863+0000] {logging_mixin.py:190} INFO - [2024-11-18T19:25:17.862+0000] {dagbag.py:588} INFO - Filling up the DagBag from /home/airflow/.local/lib/python3.12/site-packages/airflow/example_dags/example_task_group.py
[2024-11-18T19:25:17.869+0000] {processor.py:925} INFO - DAG(s) 'example_task_group' retrieved from /home/airflow/.local/lib/python3.12/site-packages/airflow/example_dags/example_task_group.py
[2024-11-18T19:25:17.885+0000] {logging_mixin.py:190} INFO - [2024-11-18T19:25:17.885+0000] {dag.py:3239} INFO - Sync 1 DAGs
[2024-11-18T19:25:17.896+0000] {logging_mixin.py:190} INFO - [2024-11-18T19:25:17.896+0000] {dag.py:4180} INFO - Setting next_dagrun for example_task_group to None, run_after=None
[2024-11-18T19:25:17.915+0000] {processor.py:208} INFO - Processing /home/airflow/.local/lib/python3.12/site-packages/airflow/example_dags/example_task_group.py took 0.059 seconds
[2024-11-18T19:25:48.016+0000] {processor.py:186} INFO - Started process (PID=2964) to work on /home/airflow/.local/lib/python3.12/site-packages/airflow/example_dags/example_task_group.py
[2024-11-18T19:25:48.017+0000] {processor.py:914} INFO - Processing file /home/airflow/.local/lib/python3.12/site-packages/airflow/example_dags/example_task_group.py for tasks to queue
[2024-11-18T19:25:48.018+0000] {logging_mixin.py:190} INFO - [2024-11-18T19:25:48.018+0000] {dagbag.py:588} INFO - Filling up the DagBag from /home/airflow/.local/lib/python3.12/site-packages/airflow/example_dags/example_task_group.py
[2024-11-18T19:25:48.027+0000] {processor.py:925} INFO - DAG(s) 'example_task_group' retrieved from /home/airflow/.local/lib/python3.12/site-packages/airflow/example_dags/example_task_group.py
[2024-11-18T19:25:48.058+0000] {logging_mixin.py:190} INFO - [2024-11-18T19:25:48.058+0000] {dag.py:3239} INFO - Sync 1 DAGs
[2024-11-18T19:25:48.069+0000] {logging_mixin.py:190} INFO - [2024-11-18T19:25:48.069+0000] {dag.py:4180} INFO - Setting next_dagrun for example_task_group to None, run_after=None
[2024-11-18T19:25:48.087+0000] {processor.py:208} INFO - Processing /home/airflow/.local/lib/python3.12/site-packages/airflow/example_dags/example_task_group.py took 0.075 seconds
[2024-11-18T19:26:18.543+0000] {processor.py:186} INFO - Started process (PID=3029) to work on /home/airflow/.local/lib/python3.12/site-packages/airflow/example_dags/example_task_group.py
[2024-11-18T19:26:18.544+0000] {processor.py:914} INFO - Processing file /home/airflow/.local/lib/python3.12/site-packages/airflow/example_dags/example_task_group.py for tasks to queue
[2024-11-18T19:26:18.546+0000] {logging_mixin.py:190} INFO - [2024-11-18T19:26:18.546+0000] {dagbag.py:588} INFO - Filling up the DagBag from /home/airflow/.local/lib/python3.12/site-packages/airflow/example_dags/example_task_group.py
[2024-11-18T19:26:18.554+0000] {processor.py:925} INFO - DAG(s) 'example_task_group' retrieved from /home/airflow/.local/lib/python3.12/site-packages/airflow/example_dags/example_task_group.py
[2024-11-18T19:26:18.575+0000] {logging_mixin.py:190} INFO - [2024-11-18T19:26:18.575+0000] {dag.py:3239} INFO - Sync 1 DAGs
[2024-11-18T19:26:18.590+0000] {logging_mixin.py:190} INFO - [2024-11-18T19:26:18.590+0000] {dag.py:4180} INFO - Setting next_dagrun for example_task_group to None, run_after=None
[2024-11-18T19:26:18.610+0000] {processor.py:208} INFO - Processing /home/airflow/.local/lib/python3.12/site-packages/airflow/example_dags/example_task_group.py took 0.073 seconds
[2024-11-18T19:26:50.276+0000] {processor.py:186} INFO - Started process (PID=3093) to work on /home/airflow/.local/lib/python3.12/site-packages/airflow/example_dags/example_task_group.py
[2024-11-18T19:26:50.277+0000] {processor.py:914} INFO - Processing file /home/airflow/.local/lib/python3.12/site-packages/airflow/example_dags/example_task_group.py for tasks to queue
[2024-11-18T19:26:50.279+0000] {logging_mixin.py:190} INFO - [2024-11-18T19:26:50.278+0000] {dagbag.py:588} INFO - Filling up the DagBag from /home/airflow/.local/lib/python3.12/site-packages/airflow/example_dags/example_task_group.py
[2024-11-18T19:26:50.285+0000] {processor.py:925} INFO - DAG(s) 'example_task_group' retrieved from /home/airflow/.local/lib/python3.12/site-packages/airflow/example_dags/example_task_group.py
[2024-11-18T19:26:50.307+0000] {logging_mixin.py:190} INFO - [2024-11-18T19:26:50.307+0000] {dag.py:3239} INFO - Sync 1 DAGs
[2024-11-18T19:26:50.323+0000] {logging_mixin.py:190} INFO - [2024-11-18T19:26:50.322+0000] {dag.py:4180} INFO - Setting next_dagrun for example_task_group to None, run_after=None
[2024-11-18T19:26:50.346+0000] {processor.py:208} INFO - Processing /home/airflow/.local/lib/python3.12/site-packages/airflow/example_dags/example_task_group.py took 0.076 seconds
[2024-11-18T19:27:21.945+0000] {processor.py:186} INFO - Started process (PID=3158) to work on /home/airflow/.local/lib/python3.12/site-packages/airflow/example_dags/example_task_group.py
[2024-11-18T19:27:21.945+0000] {processor.py:914} INFO - Processing file /home/airflow/.local/lib/python3.12/site-packages/airflow/example_dags/example_task_group.py for tasks to queue
[2024-11-18T19:27:21.947+0000] {logging_mixin.py:190} INFO - [2024-11-18T19:27:21.947+0000] {dagbag.py:588} INFO - Filling up the DagBag from /home/airflow/.local/lib/python3.12/site-packages/airflow/example_dags/example_task_group.py
[2024-11-18T19:27:21.957+0000] {processor.py:925} INFO - DAG(s) 'example_task_group' retrieved from /home/airflow/.local/lib/python3.12/site-packages/airflow/example_dags/example_task_group.py
[2024-11-18T19:27:21.975+0000] {logging_mixin.py:190} INFO - [2024-11-18T19:27:21.975+0000] {dag.py:3239} INFO - Sync 1 DAGs
[2024-11-18T19:27:21.990+0000] {logging_mixin.py:190} INFO - [2024-11-18T19:27:21.990+0000] {dag.py:4180} INFO - Setting next_dagrun for example_task_group to None, run_after=None
[2024-11-18T19:27:22.016+0000] {processor.py:208} INFO - Processing /home/airflow/.local/lib/python3.12/site-packages/airflow/example_dags/example_task_group.py took 0.078 seconds
[2024-11-18T19:27:53.574+0000] {processor.py:186} INFO - Started process (PID=3224) to work on /home/airflow/.local/lib/python3.12/site-packages/airflow/example_dags/example_task_group.py
[2024-11-18T19:27:53.575+0000] {processor.py:914} INFO - Processing file /home/airflow/.local/lib/python3.12/site-packages/airflow/example_dags/example_task_group.py for tasks to queue
[2024-11-18T19:27:53.577+0000] {logging_mixin.py:190} INFO - [2024-11-18T19:27:53.577+0000] {dagbag.py:588} INFO - Filling up the DagBag from /home/airflow/.local/lib/python3.12/site-packages/airflow/example_dags/example_task_group.py
[2024-11-18T19:27:53.587+0000] {processor.py:925} INFO - DAG(s) 'example_task_group' retrieved from /home/airflow/.local/lib/python3.12/site-packages/airflow/example_dags/example_task_group.py
[2024-11-18T19:27:53.608+0000] {logging_mixin.py:190} INFO - [2024-11-18T19:27:53.608+0000] {dag.py:3239} INFO - Sync 1 DAGs
[2024-11-18T19:27:53.623+0000] {logging_mixin.py:190} INFO - [2024-11-18T19:27:53.623+0000] {dag.py:4180} INFO - Setting next_dagrun for example_task_group to None, run_after=None
[2024-11-18T19:27:53.646+0000] {processor.py:208} INFO - Processing /home/airflow/.local/lib/python3.12/site-packages/airflow/example_dags/example_task_group.py took 0.100 seconds
[2024-11-18T19:28:25.606+0000] {processor.py:186} INFO - Started process (PID=3289) to work on /home/airflow/.local/lib/python3.12/site-packages/airflow/example_dags/example_task_group.py
[2024-11-18T19:28:25.607+0000] {processor.py:914} INFO - Processing file /home/airflow/.local/lib/python3.12/site-packages/airflow/example_dags/example_task_group.py for tasks to queue
[2024-11-18T19:28:25.609+0000] {logging_mixin.py:190} INFO - [2024-11-18T19:28:25.608+0000] {dagbag.py:588} INFO - Filling up the DagBag from /home/airflow/.local/lib/python3.12/site-packages/airflow/example_dags/example_task_group.py
[2024-11-18T19:28:25.615+0000] {processor.py:925} INFO - DAG(s) 'example_task_group' retrieved from /home/airflow/.local/lib/python3.12/site-packages/airflow/example_dags/example_task_group.py
[2024-11-18T19:28:25.632+0000] {logging_mixin.py:190} INFO - [2024-11-18T19:28:25.632+0000] {dag.py:3239} INFO - Sync 1 DAGs
[2024-11-18T19:28:25.643+0000] {logging_mixin.py:190} INFO - [2024-11-18T19:28:25.643+0000] {dag.py:4180} INFO - Setting next_dagrun for example_task_group to None, run_after=None
[2024-11-18T19:28:25.813+0000] {processor.py:208} INFO - Processing /home/airflow/.local/lib/python3.12/site-packages/airflow/example_dags/example_task_group.py took 0.210 seconds
[2024-11-18T19:28:56.409+0000] {processor.py:186} INFO - Started process (PID=3352) to work on /home/airflow/.local/lib/python3.12/site-packages/airflow/example_dags/example_task_group.py
[2024-11-18T19:28:56.410+0000] {processor.py:914} INFO - Processing file /home/airflow/.local/lib/python3.12/site-packages/airflow/example_dags/example_task_group.py for tasks to queue
[2024-11-18T19:28:56.412+0000] {logging_mixin.py:190} INFO - [2024-11-18T19:28:56.411+0000] {dagbag.py:588} INFO - Filling up the DagBag from /home/airflow/.local/lib/python3.12/site-packages/airflow/example_dags/example_task_group.py
[2024-11-18T19:28:56.420+0000] {processor.py:925} INFO - DAG(s) 'example_task_group' retrieved from /home/airflow/.local/lib/python3.12/site-packages/airflow/example_dags/example_task_group.py
[2024-11-18T19:28:56.443+0000] {logging_mixin.py:190} INFO - [2024-11-18T19:28:56.443+0000] {dag.py:3239} INFO - Sync 1 DAGs
[2024-11-18T19:28:56.458+0000] {logging_mixin.py:190} INFO - [2024-11-18T19:28:56.458+0000] {dag.py:4180} INFO - Setting next_dagrun for example_task_group to None, run_after=None
[2024-11-18T19:28:56.481+0000] {processor.py:208} INFO - Processing /home/airflow/.local/lib/python3.12/site-packages/airflow/example_dags/example_task_group.py took 0.078 seconds
[2024-11-18T19:29:27.633+0000] {processor.py:186} INFO - Started process (PID=3417) to work on /home/airflow/.local/lib/python3.12/site-packages/airflow/example_dags/example_task_group.py
[2024-11-18T19:29:27.633+0000] {processor.py:914} INFO - Processing file /home/airflow/.local/lib/python3.12/site-packages/airflow/example_dags/example_task_group.py for tasks to queue
[2024-11-18T19:29:27.635+0000] {logging_mixin.py:190} INFO - [2024-11-18T19:29:27.635+0000] {dagbag.py:588} INFO - Filling up the DagBag from /home/airflow/.local/lib/python3.12/site-packages/airflow/example_dags/example_task_group.py
[2024-11-18T19:29:27.644+0000] {processor.py:925} INFO - DAG(s) 'example_task_group' retrieved from /home/airflow/.local/lib/python3.12/site-packages/airflow/example_dags/example_task_group.py
[2024-11-18T19:29:27.666+0000] {logging_mixin.py:190} INFO - [2024-11-18T19:29:27.666+0000] {dag.py:3239} INFO - Sync 1 DAGs
[2024-11-18T19:29:27.680+0000] {logging_mixin.py:190} INFO - [2024-11-18T19:29:27.680+0000] {dag.py:4180} INFO - Setting next_dagrun for example_task_group to None, run_after=None
[2024-11-18T19:29:27.700+0000] {processor.py:208} INFO - Processing /home/airflow/.local/lib/python3.12/site-packages/airflow/example_dags/example_task_group.py took 0.074 seconds
[2024-11-18T19:29:58.729+0000] {processor.py:186} INFO - Started process (PID=3481) to work on /home/airflow/.local/lib/python3.12/site-packages/airflow/example_dags/example_task_group.py
[2024-11-18T19:29:58.729+0000] {processor.py:914} INFO - Processing file /home/airflow/.local/lib/python3.12/site-packages/airflow/example_dags/example_task_group.py for tasks to queue
[2024-11-18T19:29:58.732+0000] {logging_mixin.py:190} INFO - [2024-11-18T19:29:58.732+0000] {dagbag.py:588} INFO - Filling up the DagBag from /home/airflow/.local/lib/python3.12/site-packages/airflow/example_dags/example_task_group.py
[2024-11-18T19:29:58.741+0000] {processor.py:925} INFO - DAG(s) 'example_task_group' retrieved from /home/airflow/.local/lib/python3.12/site-packages/airflow/example_dags/example_task_group.py
[2024-11-18T19:29:58.763+0000] {logging_mixin.py:190} INFO - [2024-11-18T19:29:58.763+0000] {dag.py:3239} INFO - Sync 1 DAGs
[2024-11-18T19:29:58.779+0000] {logging_mixin.py:190} INFO - [2024-11-18T19:29:58.779+0000] {dag.py:4180} INFO - Setting next_dagrun for example_task_group to None, run_after=None
[2024-11-18T19:29:58.797+0000] {processor.py:208} INFO - Processing /home/airflow/.local/lib/python3.12/site-packages/airflow/example_dags/example_task_group.py took 0.075 seconds
[2024-11-18T19:30:29.852+0000] {processor.py:186} INFO - Started process (PID=3545) to work on /home/airflow/.local/lib/python3.12/site-packages/airflow/example_dags/example_task_group.py
[2024-11-18T19:30:29.853+0000] {processor.py:914} INFO - Processing file /home/airflow/.local/lib/python3.12/site-packages/airflow/example_dags/example_task_group.py for tasks to queue
[2024-11-18T19:30:29.855+0000] {logging_mixin.py:190} INFO - [2024-11-18T19:30:29.854+0000] {dagbag.py:588} INFO - Filling up the DagBag from /home/airflow/.local/lib/python3.12/site-packages/airflow/example_dags/example_task_group.py
[2024-11-18T19:30:29.864+0000] {processor.py:925} INFO - DAG(s) 'example_task_group' retrieved from /home/airflow/.local/lib/python3.12/site-packages/airflow/example_dags/example_task_group.py
[2024-11-18T19:30:29.886+0000] {logging_mixin.py:190} INFO - [2024-11-18T19:30:29.886+0000] {dag.py:3239} INFO - Sync 1 DAGs
[2024-11-18T19:30:29.903+0000] {logging_mixin.py:190} INFO - [2024-11-18T19:30:29.903+0000] {dag.py:4180} INFO - Setting next_dagrun for example_task_group to None, run_after=None
[2024-11-18T19:30:29.930+0000] {processor.py:208} INFO - Processing /home/airflow/.local/lib/python3.12/site-packages/airflow/example_dags/example_task_group.py took 0.084 seconds
