[2024-11-18T19:02:36.626+0000] {processor.py:186} INFO - Started process (PID=113) to work on /home/airflow/.local/lib/python3.12/site-packages/airflow/example_dags/example_sla_dag.py
[2024-11-18T19:02:36.636+0000] {processor.py:914} INFO - Processing file /home/airflow/.local/lib/python3.12/site-packages/airflow/example_dags/example_sla_dag.py for tasks to queue
[2024-11-18T19:02:36.690+0000] {logging_mixin.py:190} INFO - [2024-11-18T19:02:36.689+0000] {dagbag.py:588} INFO - Filling up the DagBag from /home/airflow/.local/lib/python3.12/site-packages/airflow/example_dags/example_sla_dag.py
[2024-11-18T19:02:36.820+0000] {processor.py:925} INFO - DAG(s) 'example_sla_dag' retrieved from /home/airflow/.local/lib/python3.12/site-packages/airflow/example_dags/example_sla_dag.py
[2024-11-18T19:02:36.939+0000] {logging_mixin.py:190} INFO - [2024-11-18T19:02:36.938+0000] {dag.py:3239} INFO - Sync 1 DAGs
[2024-11-18T19:02:37.249+0000] {logging_mixin.py:190} INFO - [2024-11-18T19:02:37.248+0000] {dag.py:4180} INFO - Setting next_dagrun for example_sla_dag to 2024-11-18 19:00:00+00:00, run_after=2024-11-18 19:02:00+00:00
[2024-11-18T19:02:37.474+0000] {processor.py:208} INFO - Processing /home/airflow/.local/lib/python3.12/site-packages/airflow/example_dags/example_sla_dag.py took 0.899 seconds
[2024-11-18T19:03:08.337+0000] {processor.py:186} INFO - Started process (PID=177) to work on /home/airflow/.local/lib/python3.12/site-packages/airflow/example_dags/example_sla_dag.py
[2024-11-18T19:03:08.346+0000] {processor.py:914} INFO - Processing file /home/airflow/.local/lib/python3.12/site-packages/airflow/example_dags/example_sla_dag.py for tasks to queue
[2024-11-18T19:03:08.353+0000] {logging_mixin.py:190} INFO - [2024-11-18T19:03:08.352+0000] {dagbag.py:588} INFO - Filling up the DagBag from /home/airflow/.local/lib/python3.12/site-packages/airflow/example_dags/example_sla_dag.py
[2024-11-18T19:03:08.384+0000] {processor.py:925} INFO - DAG(s) 'example_sla_dag' retrieved from /home/airflow/.local/lib/python3.12/site-packages/airflow/example_dags/example_sla_dag.py
[2024-11-18T19:03:08.463+0000] {logging_mixin.py:190} INFO - [2024-11-18T19:03:08.463+0000] {dag.py:3239} INFO - Sync 1 DAGs
[2024-11-18T19:03:08.645+0000] {logging_mixin.py:190} INFO - [2024-11-18T19:03:08.645+0000] {dag.py:4180} INFO - Setting next_dagrun for example_sla_dag to 2024-11-18 19:00:00+00:00, run_after=2024-11-18 19:02:00+00:00
[2024-11-18T19:03:08.719+0000] {processor.py:208} INFO - Processing /home/airflow/.local/lib/python3.12/site-packages/airflow/example_dags/example_sla_dag.py took 0.398 seconds
[2024-11-18T19:04:26.659+0000] {processor.py:186} INFO - Started process (PID=268) to work on /home/airflow/.local/lib/python3.12/site-packages/airflow/example_dags/example_sla_dag.py
[2024-11-18T19:04:26.662+0000] {processor.py:914} INFO - Processing file /home/airflow/.local/lib/python3.12/site-packages/airflow/example_dags/example_sla_dag.py for tasks to queue
[2024-11-18T19:04:26.668+0000] {logging_mixin.py:190} INFO - [2024-11-18T19:04:26.668+0000] {dagbag.py:588} INFO - Filling up the DagBag from /home/airflow/.local/lib/python3.12/site-packages/airflow/example_dags/example_sla_dag.py
[2024-11-18T19:04:26.689+0000] {processor.py:925} INFO - DAG(s) 'example_sla_dag' retrieved from /home/airflow/.local/lib/python3.12/site-packages/airflow/example_dags/example_sla_dag.py
[2024-11-18T19:04:26.738+0000] {logging_mixin.py:190} INFO - [2024-11-18T19:04:26.738+0000] {dag.py:3239} INFO - Sync 1 DAGs
[2024-11-18T19:04:26.804+0000] {logging_mixin.py:190} INFO - [2024-11-18T19:04:26.804+0000] {dag.py:4180} INFO - Setting next_dagrun for example_sla_dag to 2024-11-18 19:02:00+00:00, run_after=2024-11-18 19:04:00+00:00
[2024-11-18T19:04:26.845+0000] {processor.py:208} INFO - Processing /home/airflow/.local/lib/python3.12/site-packages/airflow/example_dags/example_sla_dag.py took 0.199 seconds
[2024-11-18T19:04:57.539+0000] {processor.py:186} INFO - Started process (PID=331) to work on /home/airflow/.local/lib/python3.12/site-packages/airflow/example_dags/example_sla_dag.py
[2024-11-18T19:04:57.540+0000] {processor.py:914} INFO - Processing file /home/airflow/.local/lib/python3.12/site-packages/airflow/example_dags/example_sla_dag.py for tasks to queue
[2024-11-18T19:04:57.551+0000] {logging_mixin.py:190} INFO - [2024-11-18T19:04:57.551+0000] {dagbag.py:588} INFO - Filling up the DagBag from /home/airflow/.local/lib/python3.12/site-packages/airflow/example_dags/example_sla_dag.py
[2024-11-18T19:04:57.562+0000] {processor.py:925} INFO - DAG(s) 'example_sla_dag' retrieved from /home/airflow/.local/lib/python3.12/site-packages/airflow/example_dags/example_sla_dag.py
[2024-11-18T19:04:57.592+0000] {logging_mixin.py:190} INFO - [2024-11-18T19:04:57.591+0000] {dag.py:3239} INFO - Sync 1 DAGs
[2024-11-18T19:04:57.626+0000] {logging_mixin.py:190} INFO - [2024-11-18T19:04:57.626+0000] {dag.py:4180} INFO - Setting next_dagrun for example_sla_dag to 2024-11-18 19:02:00+00:00, run_after=2024-11-18 19:04:00+00:00
[2024-11-18T19:04:57.650+0000] {processor.py:208} INFO - Processing /home/airflow/.local/lib/python3.12/site-packages/airflow/example_dags/example_sla_dag.py took 0.120 seconds
[2024-11-18T19:05:28.844+0000] {processor.py:186} INFO - Started process (PID=394) to work on /home/airflow/.local/lib/python3.12/site-packages/airflow/example_dags/example_sla_dag.py
[2024-11-18T19:05:28.844+0000] {processor.py:914} INFO - Processing file /home/airflow/.local/lib/python3.12/site-packages/airflow/example_dags/example_sla_dag.py for tasks to queue
[2024-11-18T19:05:28.851+0000] {logging_mixin.py:190} INFO - [2024-11-18T19:05:28.851+0000] {dagbag.py:588} INFO - Filling up the DagBag from /home/airflow/.local/lib/python3.12/site-packages/airflow/example_dags/example_sla_dag.py
[2024-11-18T19:05:28.910+0000] {processor.py:925} INFO - DAG(s) 'example_sla_dag' retrieved from /home/airflow/.local/lib/python3.12/site-packages/airflow/example_dags/example_sla_dag.py
[2024-11-18T19:05:28.960+0000] {logging_mixin.py:190} INFO - [2024-11-18T19:05:28.959+0000] {dag.py:3239} INFO - Sync 1 DAGs
[2024-11-18T19:05:29.034+0000] {logging_mixin.py:190} INFO - [2024-11-18T19:05:29.034+0000] {dag.py:4180} INFO - Setting next_dagrun for example_sla_dag to 2024-11-18 19:02:00+00:00, run_after=2024-11-18 19:04:00+00:00
[2024-11-18T19:05:29.131+0000] {processor.py:208} INFO - Processing /home/airflow/.local/lib/python3.12/site-packages/airflow/example_dags/example_sla_dag.py took 0.317 seconds
[2024-11-18T19:05:59.213+0000] {processor.py:186} INFO - Started process (PID=459) to work on /home/airflow/.local/lib/python3.12/site-packages/airflow/example_dags/example_sla_dag.py
[2024-11-18T19:05:59.214+0000] {processor.py:914} INFO - Processing file /home/airflow/.local/lib/python3.12/site-packages/airflow/example_dags/example_sla_dag.py for tasks to queue
[2024-11-18T19:05:59.216+0000] {logging_mixin.py:190} INFO - [2024-11-18T19:05:59.215+0000] {dagbag.py:588} INFO - Filling up the DagBag from /home/airflow/.local/lib/python3.12/site-packages/airflow/example_dags/example_sla_dag.py
[2024-11-18T19:05:59.227+0000] {processor.py:925} INFO - DAG(s) 'example_sla_dag' retrieved from /home/airflow/.local/lib/python3.12/site-packages/airflow/example_dags/example_sla_dag.py
[2024-11-18T19:05:59.248+0000] {logging_mixin.py:190} INFO - [2024-11-18T19:05:59.247+0000] {dag.py:3239} INFO - Sync 1 DAGs
[2024-11-18T19:05:59.277+0000] {logging_mixin.py:190} INFO - [2024-11-18T19:05:59.277+0000] {dag.py:4180} INFO - Setting next_dagrun for example_sla_dag to 2024-11-18 19:02:00+00:00, run_after=2024-11-18 19:04:00+00:00
[2024-11-18T19:05:59.299+0000] {processor.py:208} INFO - Processing /home/airflow/.local/lib/python3.12/site-packages/airflow/example_dags/example_sla_dag.py took 0.093 seconds
[2024-11-18T19:06:30.592+0000] {processor.py:186} INFO - Started process (PID=522) to work on /home/airflow/.local/lib/python3.12/site-packages/airflow/example_dags/example_sla_dag.py
[2024-11-18T19:06:30.595+0000] {processor.py:914} INFO - Processing file /home/airflow/.local/lib/python3.12/site-packages/airflow/example_dags/example_sla_dag.py for tasks to queue
[2024-11-18T19:06:30.602+0000] {logging_mixin.py:190} INFO - [2024-11-18T19:06:30.602+0000] {dagbag.py:588} INFO - Filling up the DagBag from /home/airflow/.local/lib/python3.12/site-packages/airflow/example_dags/example_sla_dag.py
[2024-11-18T19:06:30.623+0000] {processor.py:925} INFO - DAG(s) 'example_sla_dag' retrieved from /home/airflow/.local/lib/python3.12/site-packages/airflow/example_dags/example_sla_dag.py
[2024-11-18T19:06:30.659+0000] {logging_mixin.py:190} INFO - [2024-11-18T19:06:30.659+0000] {dag.py:3239} INFO - Sync 1 DAGs
[2024-11-18T19:06:30.724+0000] {logging_mixin.py:190} INFO - [2024-11-18T19:06:30.724+0000] {dag.py:4180} INFO - Setting next_dagrun for example_sla_dag to 2024-11-18 19:04:00+00:00, run_after=2024-11-18 19:06:00+00:00
[2024-11-18T19:06:30.759+0000] {processor.py:208} INFO - Processing /home/airflow/.local/lib/python3.12/site-packages/airflow/example_dags/example_sla_dag.py took 0.175 seconds
[2024-11-18T19:07:00.821+0000] {processor.py:186} INFO - Started process (PID=587) to work on /home/airflow/.local/lib/python3.12/site-packages/airflow/example_dags/example_sla_dag.py
[2024-11-18T19:07:00.822+0000] {processor.py:914} INFO - Processing file /home/airflow/.local/lib/python3.12/site-packages/airflow/example_dags/example_sla_dag.py for tasks to queue
[2024-11-18T19:07:00.824+0000] {logging_mixin.py:190} INFO - [2024-11-18T19:07:00.824+0000] {dagbag.py:588} INFO - Filling up the DagBag from /home/airflow/.local/lib/python3.12/site-packages/airflow/example_dags/example_sla_dag.py
[2024-11-18T19:07:00.835+0000] {processor.py:925} INFO - DAG(s) 'example_sla_dag' retrieved from /home/airflow/.local/lib/python3.12/site-packages/airflow/example_dags/example_sla_dag.py
[2024-11-18T19:07:00.854+0000] {logging_mixin.py:190} INFO - [2024-11-18T19:07:00.854+0000] {dag.py:3239} INFO - Sync 1 DAGs
[2024-11-18T19:07:00.884+0000] {logging_mixin.py:190} INFO - [2024-11-18T19:07:00.884+0000] {dag.py:4180} INFO - Setting next_dagrun for example_sla_dag to 2024-11-18 19:04:00+00:00, run_after=2024-11-18 19:06:00+00:00
[2024-11-18T19:07:00.914+0000] {processor.py:208} INFO - Processing /home/airflow/.local/lib/python3.12/site-packages/airflow/example_dags/example_sla_dag.py took 0.099 seconds
[2024-11-18T19:07:32.579+0000] {processor.py:186} INFO - Started process (PID=651) to work on /home/airflow/.local/lib/python3.12/site-packages/airflow/example_dags/example_sla_dag.py
[2024-11-18T19:07:32.580+0000] {processor.py:914} INFO - Processing file /home/airflow/.local/lib/python3.12/site-packages/airflow/example_dags/example_sla_dag.py for tasks to queue
[2024-11-18T19:07:32.582+0000] {logging_mixin.py:190} INFO - [2024-11-18T19:07:32.582+0000] {dagbag.py:588} INFO - Filling up the DagBag from /home/airflow/.local/lib/python3.12/site-packages/airflow/example_dags/example_sla_dag.py
[2024-11-18T19:07:32.592+0000] {processor.py:925} INFO - DAG(s) 'example_sla_dag' retrieved from /home/airflow/.local/lib/python3.12/site-packages/airflow/example_dags/example_sla_dag.py
[2024-11-18T19:07:32.611+0000] {logging_mixin.py:190} INFO - [2024-11-18T19:07:32.611+0000] {dag.py:3239} INFO - Sync 1 DAGs
[2024-11-18T19:07:32.640+0000] {logging_mixin.py:190} INFO - [2024-11-18T19:07:32.640+0000] {dag.py:4180} INFO - Setting next_dagrun for example_sla_dag to 2024-11-18 19:04:00+00:00, run_after=2024-11-18 19:06:00+00:00
[2024-11-18T19:07:32.664+0000] {processor.py:208} INFO - Processing /home/airflow/.local/lib/python3.12/site-packages/airflow/example_dags/example_sla_dag.py took 0.092 seconds
[2024-11-18T19:08:03.428+0000] {processor.py:186} INFO - Started process (PID=716) to work on /home/airflow/.local/lib/python3.12/site-packages/airflow/example_dags/example_sla_dag.py
[2024-11-18T19:08:03.429+0000] {processor.py:914} INFO - Processing file /home/airflow/.local/lib/python3.12/site-packages/airflow/example_dags/example_sla_dag.py for tasks to queue
[2024-11-18T19:08:03.431+0000] {logging_mixin.py:190} INFO - [2024-11-18T19:08:03.431+0000] {dagbag.py:588} INFO - Filling up the DagBag from /home/airflow/.local/lib/python3.12/site-packages/airflow/example_dags/example_sla_dag.py
[2024-11-18T19:08:03.443+0000] {processor.py:925} INFO - DAG(s) 'example_sla_dag' retrieved from /home/airflow/.local/lib/python3.12/site-packages/airflow/example_dags/example_sla_dag.py
[2024-11-18T19:08:03.463+0000] {logging_mixin.py:190} INFO - [2024-11-18T19:08:03.463+0000] {dag.py:3239} INFO - Sync 1 DAGs
[2024-11-18T19:08:03.490+0000] {logging_mixin.py:190} INFO - [2024-11-18T19:08:03.490+0000] {dag.py:4180} INFO - Setting next_dagrun for example_sla_dag to 2024-11-18 19:06:00+00:00, run_after=2024-11-18 19:08:00+00:00
[2024-11-18T19:08:03.514+0000] {processor.py:208} INFO - Processing /home/airflow/.local/lib/python3.12/site-packages/airflow/example_dags/example_sla_dag.py took 0.092 seconds
[2024-11-18T19:08:33.592+0000] {processor.py:186} INFO - Started process (PID=780) to work on /home/airflow/.local/lib/python3.12/site-packages/airflow/example_dags/example_sla_dag.py
[2024-11-18T19:08:33.593+0000] {processor.py:914} INFO - Processing file /home/airflow/.local/lib/python3.12/site-packages/airflow/example_dags/example_sla_dag.py for tasks to queue
[2024-11-18T19:08:33.595+0000] {logging_mixin.py:190} INFO - [2024-11-18T19:08:33.595+0000] {dagbag.py:588} INFO - Filling up the DagBag from /home/airflow/.local/lib/python3.12/site-packages/airflow/example_dags/example_sla_dag.py
[2024-11-18T19:08:33.606+0000] {processor.py:925} INFO - DAG(s) 'example_sla_dag' retrieved from /home/airflow/.local/lib/python3.12/site-packages/airflow/example_dags/example_sla_dag.py
[2024-11-18T19:08:33.626+0000] {logging_mixin.py:190} INFO - [2024-11-18T19:08:33.626+0000] {dag.py:3239} INFO - Sync 1 DAGs
[2024-11-18T19:08:33.655+0000] {logging_mixin.py:190} INFO - [2024-11-18T19:08:33.655+0000] {dag.py:4180} INFO - Setting next_dagrun for example_sla_dag to 2024-11-18 19:06:00+00:00, run_after=2024-11-18 19:08:00+00:00
[2024-11-18T19:08:33.677+0000] {processor.py:208} INFO - Processing /home/airflow/.local/lib/python3.12/site-packages/airflow/example_dags/example_sla_dag.py took 0.090 seconds
[2024-11-18T19:09:03.877+0000] {processor.py:186} INFO - Started process (PID=843) to work on /home/airflow/.local/lib/python3.12/site-packages/airflow/example_dags/example_sla_dag.py
[2024-11-18T19:09:03.878+0000] {processor.py:914} INFO - Processing file /home/airflow/.local/lib/python3.12/site-packages/airflow/example_dags/example_sla_dag.py for tasks to queue
[2024-11-18T19:09:03.880+0000] {logging_mixin.py:190} INFO - [2024-11-18T19:09:03.879+0000] {dagbag.py:588} INFO - Filling up the DagBag from /home/airflow/.local/lib/python3.12/site-packages/airflow/example_dags/example_sla_dag.py
[2024-11-18T19:09:03.890+0000] {processor.py:925} INFO - DAG(s) 'example_sla_dag' retrieved from /home/airflow/.local/lib/python3.12/site-packages/airflow/example_dags/example_sla_dag.py
[2024-11-18T19:09:03.910+0000] {logging_mixin.py:190} INFO - [2024-11-18T19:09:03.910+0000] {dag.py:3239} INFO - Sync 1 DAGs
[2024-11-18T19:09:03.935+0000] {logging_mixin.py:190} INFO - [2024-11-18T19:09:03.935+0000] {dag.py:4180} INFO - Setting next_dagrun for example_sla_dag to 2024-11-18 19:06:00+00:00, run_after=2024-11-18 19:08:00+00:00
[2024-11-18T19:09:03.953+0000] {processor.py:208} INFO - Processing /home/airflow/.local/lib/python3.12/site-packages/airflow/example_dags/example_sla_dag.py took 0.082 seconds
[2024-11-18T19:09:34.591+0000] {processor.py:186} INFO - Started process (PID=907) to work on /home/airflow/.local/lib/python3.12/site-packages/airflow/example_dags/example_sla_dag.py
[2024-11-18T19:09:34.592+0000] {processor.py:914} INFO - Processing file /home/airflow/.local/lib/python3.12/site-packages/airflow/example_dags/example_sla_dag.py for tasks to queue
[2024-11-18T19:09:34.594+0000] {logging_mixin.py:190} INFO - [2024-11-18T19:09:34.593+0000] {dagbag.py:588} INFO - Filling up the DagBag from /home/airflow/.local/lib/python3.12/site-packages/airflow/example_dags/example_sla_dag.py
[2024-11-18T19:09:34.605+0000] {processor.py:925} INFO - DAG(s) 'example_sla_dag' retrieved from /home/airflow/.local/lib/python3.12/site-packages/airflow/example_dags/example_sla_dag.py
[2024-11-18T19:09:34.624+0000] {logging_mixin.py:190} INFO - [2024-11-18T19:09:34.624+0000] {dag.py:3239} INFO - Sync 1 DAGs
[2024-11-18T19:09:34.651+0000] {logging_mixin.py:190} INFO - [2024-11-18T19:09:34.651+0000] {dag.py:4180} INFO - Setting next_dagrun for example_sla_dag to 2024-11-18 19:06:00+00:00, run_after=2024-11-18 19:08:00+00:00
[2024-11-18T19:09:34.670+0000] {processor.py:208} INFO - Processing /home/airflow/.local/lib/python3.12/site-packages/airflow/example_dags/example_sla_dag.py took 0.085 seconds
[2024-11-18T19:10:04.958+0000] {processor.py:186} INFO - Started process (PID=972) to work on /home/airflow/.local/lib/python3.12/site-packages/airflow/example_dags/example_sla_dag.py
[2024-11-18T19:10:04.959+0000] {processor.py:914} INFO - Processing file /home/airflow/.local/lib/python3.12/site-packages/airflow/example_dags/example_sla_dag.py for tasks to queue
[2024-11-18T19:10:04.960+0000] {logging_mixin.py:190} INFO - [2024-11-18T19:10:04.960+0000] {dagbag.py:588} INFO - Filling up the DagBag from /home/airflow/.local/lib/python3.12/site-packages/airflow/example_dags/example_sla_dag.py
[2024-11-18T19:10:04.968+0000] {processor.py:925} INFO - DAG(s) 'example_sla_dag' retrieved from /home/airflow/.local/lib/python3.12/site-packages/airflow/example_dags/example_sla_dag.py
[2024-11-18T19:10:04.983+0000] {logging_mixin.py:190} INFO - [2024-11-18T19:10:04.983+0000] {dag.py:3239} INFO - Sync 1 DAGs
[2024-11-18T19:10:05.003+0000] {logging_mixin.py:190} INFO - [2024-11-18T19:10:05.003+0000] {dag.py:4180} INFO - Setting next_dagrun for example_sla_dag to 2024-11-18 19:08:00+00:00, run_after=2024-11-18 19:10:00+00:00
[2024-11-18T19:10:05.019+0000] {processor.py:208} INFO - Processing /home/airflow/.local/lib/python3.12/site-packages/airflow/example_dags/example_sla_dag.py took 0.065 seconds
[2024-11-18T19:10:35.584+0000] {processor.py:186} INFO - Started process (PID=1036) to work on /home/airflow/.local/lib/python3.12/site-packages/airflow/example_dags/example_sla_dag.py
[2024-11-18T19:10:35.585+0000] {processor.py:914} INFO - Processing file /home/airflow/.local/lib/python3.12/site-packages/airflow/example_dags/example_sla_dag.py for tasks to queue
[2024-11-18T19:10:35.588+0000] {logging_mixin.py:190} INFO - [2024-11-18T19:10:35.587+0000] {dagbag.py:588} INFO - Filling up the DagBag from /home/airflow/.local/lib/python3.12/site-packages/airflow/example_dags/example_sla_dag.py
[2024-11-18T19:10:35.600+0000] {processor.py:925} INFO - DAG(s) 'example_sla_dag' retrieved from /home/airflow/.local/lib/python3.12/site-packages/airflow/example_dags/example_sla_dag.py
[2024-11-18T19:10:35.631+0000] {logging_mixin.py:190} INFO - [2024-11-18T19:10:35.630+0000] {dag.py:3239} INFO - Sync 1 DAGs
[2024-11-18T19:10:35.669+0000] {logging_mixin.py:190} INFO - [2024-11-18T19:10:35.668+0000] {dag.py:4180} INFO - Setting next_dagrun for example_sla_dag to 2024-11-18 19:08:00+00:00, run_after=2024-11-18 19:10:00+00:00
[2024-11-18T19:10:35.691+0000] {processor.py:208} INFO - Processing /home/airflow/.local/lib/python3.12/site-packages/airflow/example_dags/example_sla_dag.py took 0.113 seconds
[2024-11-18T19:11:05.915+0000] {processor.py:186} INFO - Started process (PID=1101) to work on /home/airflow/.local/lib/python3.12/site-packages/airflow/example_dags/example_sla_dag.py
[2024-11-18T19:11:05.916+0000] {processor.py:914} INFO - Processing file /home/airflow/.local/lib/python3.12/site-packages/airflow/example_dags/example_sla_dag.py for tasks to queue
[2024-11-18T19:11:05.918+0000] {logging_mixin.py:190} INFO - [2024-11-18T19:11:05.918+0000] {dagbag.py:588} INFO - Filling up the DagBag from /home/airflow/.local/lib/python3.12/site-packages/airflow/example_dags/example_sla_dag.py
[2024-11-18T19:11:05.936+0000] {processor.py:925} INFO - DAG(s) 'example_sla_dag' retrieved from /home/airflow/.local/lib/python3.12/site-packages/airflow/example_dags/example_sla_dag.py
[2024-11-18T19:11:05.975+0000] {logging_mixin.py:190} INFO - [2024-11-18T19:11:05.972+0000] {dag.py:3239} INFO - Sync 1 DAGs
[2024-11-18T19:11:06.043+0000] {logging_mixin.py:190} INFO - [2024-11-18T19:11:06.043+0000] {dag.py:4180} INFO - Setting next_dagrun for example_sla_dag to 2024-11-18 19:08:00+00:00, run_after=2024-11-18 19:10:00+00:00
[2024-11-18T19:11:06.071+0000] {processor.py:208} INFO - Processing /home/airflow/.local/lib/python3.12/site-packages/airflow/example_dags/example_sla_dag.py took 0.183 seconds
[2024-11-18T19:11:37.002+0000] {processor.py:186} INFO - Started process (PID=1166) to work on /home/airflow/.local/lib/python3.12/site-packages/airflow/example_dags/example_sla_dag.py
[2024-11-18T19:11:37.014+0000] {processor.py:914} INFO - Processing file /home/airflow/.local/lib/python3.12/site-packages/airflow/example_dags/example_sla_dag.py for tasks to queue
[2024-11-18T19:11:37.016+0000] {logging_mixin.py:190} INFO - [2024-11-18T19:11:37.016+0000] {dagbag.py:588} INFO - Filling up the DagBag from /home/airflow/.local/lib/python3.12/site-packages/airflow/example_dags/example_sla_dag.py
[2024-11-18T19:11:37.038+0000] {processor.py:925} INFO - DAG(s) 'example_sla_dag' retrieved from /home/airflow/.local/lib/python3.12/site-packages/airflow/example_dags/example_sla_dag.py
[2024-11-18T19:11:37.070+0000] {logging_mixin.py:190} INFO - [2024-11-18T19:11:37.070+0000] {dag.py:3239} INFO - Sync 1 DAGs
[2024-11-18T19:11:37.152+0000] {logging_mixin.py:190} INFO - [2024-11-18T19:11:37.151+0000] {dag.py:4180} INFO - Setting next_dagrun for example_sla_dag to 2024-11-18 19:08:00+00:00, run_after=2024-11-18 19:10:00+00:00
[2024-11-18T19:11:37.182+0000] {processor.py:208} INFO - Processing /home/airflow/.local/lib/python3.12/site-packages/airflow/example_dags/example_sla_dag.py took 0.192 seconds
[2024-11-18T19:12:07.394+0000] {processor.py:186} INFO - Started process (PID=1230) to work on /home/airflow/.local/lib/python3.12/site-packages/airflow/example_dags/example_sla_dag.py
[2024-11-18T19:12:07.394+0000] {processor.py:914} INFO - Processing file /home/airflow/.local/lib/python3.12/site-packages/airflow/example_dags/example_sla_dag.py for tasks to queue
[2024-11-18T19:12:07.397+0000] {logging_mixin.py:190} INFO - [2024-11-18T19:12:07.396+0000] {dagbag.py:588} INFO - Filling up the DagBag from /home/airflow/.local/lib/python3.12/site-packages/airflow/example_dags/example_sla_dag.py
[2024-11-18T19:12:07.407+0000] {processor.py:925} INFO - DAG(s) 'example_sla_dag' retrieved from /home/airflow/.local/lib/python3.12/site-packages/airflow/example_dags/example_sla_dag.py
[2024-11-18T19:12:07.425+0000] {logging_mixin.py:190} INFO - [2024-11-18T19:12:07.425+0000] {dag.py:3239} INFO - Sync 1 DAGs
[2024-11-18T19:12:07.447+0000] {logging_mixin.py:190} INFO - [2024-11-18T19:12:07.447+0000] {dag.py:4180} INFO - Setting next_dagrun for example_sla_dag to 2024-11-18 19:10:00+00:00, run_after=2024-11-18 19:12:00+00:00
[2024-11-18T19:12:07.464+0000] {processor.py:208} INFO - Processing /home/airflow/.local/lib/python3.12/site-packages/airflow/example_dags/example_sla_dag.py took 0.077 seconds
[2024-11-18T19:12:37.710+0000] {processor.py:186} INFO - Started process (PID=1294) to work on /home/airflow/.local/lib/python3.12/site-packages/airflow/example_dags/example_sla_dag.py
[2024-11-18T19:12:37.710+0000] {processor.py:914} INFO - Processing file /home/airflow/.local/lib/python3.12/site-packages/airflow/example_dags/example_sla_dag.py for tasks to queue
[2024-11-18T19:12:37.713+0000] {logging_mixin.py:190} INFO - [2024-11-18T19:12:37.712+0000] {dagbag.py:588} INFO - Filling up the DagBag from /home/airflow/.local/lib/python3.12/site-packages/airflow/example_dags/example_sla_dag.py
[2024-11-18T19:12:37.723+0000] {processor.py:925} INFO - DAG(s) 'example_sla_dag' retrieved from /home/airflow/.local/lib/python3.12/site-packages/airflow/example_dags/example_sla_dag.py
[2024-11-18T19:12:37.739+0000] {logging_mixin.py:190} INFO - [2024-11-18T19:12:37.739+0000] {dag.py:3239} INFO - Sync 1 DAGs
[2024-11-18T19:12:37.765+0000] {logging_mixin.py:190} INFO - [2024-11-18T19:12:37.765+0000] {dag.py:4180} INFO - Setting next_dagrun for example_sla_dag to 2024-11-18 19:10:00+00:00, run_after=2024-11-18 19:12:00+00:00
[2024-11-18T19:12:37.797+0000] {processor.py:208} INFO - Processing /home/airflow/.local/lib/python3.12/site-packages/airflow/example_dags/example_sla_dag.py took 0.099 seconds
[2024-11-18T19:13:08.254+0000] {processor.py:186} INFO - Started process (PID=1358) to work on /home/airflow/.local/lib/python3.12/site-packages/airflow/example_dags/example_sla_dag.py
[2024-11-18T19:13:08.255+0000] {processor.py:914} INFO - Processing file /home/airflow/.local/lib/python3.12/site-packages/airflow/example_dags/example_sla_dag.py for tasks to queue
[2024-11-18T19:13:08.257+0000] {logging_mixin.py:190} INFO - [2024-11-18T19:13:08.257+0000] {dagbag.py:588} INFO - Filling up the DagBag from /home/airflow/.local/lib/python3.12/site-packages/airflow/example_dags/example_sla_dag.py
[2024-11-18T19:13:08.268+0000] {processor.py:925} INFO - DAG(s) 'example_sla_dag' retrieved from /home/airflow/.local/lib/python3.12/site-packages/airflow/example_dags/example_sla_dag.py
[2024-11-18T19:13:08.286+0000] {logging_mixin.py:190} INFO - [2024-11-18T19:13:08.285+0000] {dag.py:3239} INFO - Sync 1 DAGs
[2024-11-18T19:13:08.314+0000] {logging_mixin.py:190} INFO - [2024-11-18T19:13:08.314+0000] {dag.py:4180} INFO - Setting next_dagrun for example_sla_dag to 2024-11-18 19:10:00+00:00, run_after=2024-11-18 19:12:00+00:00
[2024-11-18T19:13:08.334+0000] {processor.py:208} INFO - Processing /home/airflow/.local/lib/python3.12/site-packages/airflow/example_dags/example_sla_dag.py took 0.086 seconds
[2024-11-18T19:13:38.463+0000] {processor.py:186} INFO - Started process (PID=1423) to work on /home/airflow/.local/lib/python3.12/site-packages/airflow/example_dags/example_sla_dag.py
[2024-11-18T19:13:38.463+0000] {processor.py:914} INFO - Processing file /home/airflow/.local/lib/python3.12/site-packages/airflow/example_dags/example_sla_dag.py for tasks to queue
[2024-11-18T19:13:38.466+0000] {logging_mixin.py:190} INFO - [2024-11-18T19:13:38.465+0000] {dagbag.py:588} INFO - Filling up the DagBag from /home/airflow/.local/lib/python3.12/site-packages/airflow/example_dags/example_sla_dag.py
[2024-11-18T19:13:38.477+0000] {processor.py:925} INFO - DAG(s) 'example_sla_dag' retrieved from /home/airflow/.local/lib/python3.12/site-packages/airflow/example_dags/example_sla_dag.py
[2024-11-18T19:13:38.495+0000] {logging_mixin.py:190} INFO - [2024-11-18T19:13:38.495+0000] {dag.py:3239} INFO - Sync 1 DAGs
[2024-11-18T19:13:38.522+0000] {logging_mixin.py:190} INFO - [2024-11-18T19:13:38.521+0000] {dag.py:4180} INFO - Setting next_dagrun for example_sla_dag to 2024-11-18 19:10:00+00:00, run_after=2024-11-18 19:12:00+00:00
[2024-11-18T19:13:38.543+0000] {processor.py:208} INFO - Processing /home/airflow/.local/lib/python3.12/site-packages/airflow/example_dags/example_sla_dag.py took 0.086 seconds
[2024-11-18T19:14:09.342+0000] {processor.py:186} INFO - Started process (PID=1488) to work on /home/airflow/.local/lib/python3.12/site-packages/airflow/example_dags/example_sla_dag.py
[2024-11-18T19:14:09.342+0000] {processor.py:914} INFO - Processing file /home/airflow/.local/lib/python3.12/site-packages/airflow/example_dags/example_sla_dag.py for tasks to queue
[2024-11-18T19:14:09.345+0000] {logging_mixin.py:190} INFO - [2024-11-18T19:14:09.344+0000] {dagbag.py:588} INFO - Filling up the DagBag from /home/airflow/.local/lib/python3.12/site-packages/airflow/example_dags/example_sla_dag.py
[2024-11-18T19:14:09.356+0000] {processor.py:925} INFO - DAG(s) 'example_sla_dag' retrieved from /home/airflow/.local/lib/python3.12/site-packages/airflow/example_dags/example_sla_dag.py
[2024-11-18T19:14:09.377+0000] {logging_mixin.py:190} INFO - [2024-11-18T19:14:09.377+0000] {dag.py:3239} INFO - Sync 1 DAGs
[2024-11-18T19:14:09.411+0000] {logging_mixin.py:190} INFO - [2024-11-18T19:14:09.411+0000] {dag.py:4180} INFO - Setting next_dagrun for example_sla_dag to 2024-11-18 19:12:00+00:00, run_after=2024-11-18 19:14:00+00:00
[2024-11-18T19:14:09.450+0000] {processor.py:208} INFO - Processing /home/airflow/.local/lib/python3.12/site-packages/airflow/example_dags/example_sla_dag.py took 0.114 seconds
[2024-11-18T19:14:39.751+0000] {processor.py:186} INFO - Started process (PID=1553) to work on /home/airflow/.local/lib/python3.12/site-packages/airflow/example_dags/example_sla_dag.py
[2024-11-18T19:14:39.751+0000] {processor.py:914} INFO - Processing file /home/airflow/.local/lib/python3.12/site-packages/airflow/example_dags/example_sla_dag.py for tasks to queue
[2024-11-18T19:14:39.754+0000] {logging_mixin.py:190} INFO - [2024-11-18T19:14:39.753+0000] {dagbag.py:588} INFO - Filling up the DagBag from /home/airflow/.local/lib/python3.12/site-packages/airflow/example_dags/example_sla_dag.py
[2024-11-18T19:14:39.765+0000] {processor.py:925} INFO - DAG(s) 'example_sla_dag' retrieved from /home/airflow/.local/lib/python3.12/site-packages/airflow/example_dags/example_sla_dag.py
[2024-11-18T19:14:39.785+0000] {logging_mixin.py:190} INFO - [2024-11-18T19:14:39.785+0000] {dag.py:3239} INFO - Sync 1 DAGs
[2024-11-18T19:14:39.814+0000] {logging_mixin.py:190} INFO - [2024-11-18T19:14:39.814+0000] {dag.py:4180} INFO - Setting next_dagrun for example_sla_dag to 2024-11-18 19:12:00+00:00, run_after=2024-11-18 19:14:00+00:00
[2024-11-18T19:14:39.836+0000] {processor.py:208} INFO - Processing /home/airflow/.local/lib/python3.12/site-packages/airflow/example_dags/example_sla_dag.py took 0.091 seconds
[2024-11-18T19:15:10.418+0000] {processor.py:186} INFO - Started process (PID=1618) to work on /home/airflow/.local/lib/python3.12/site-packages/airflow/example_dags/example_sla_dag.py
[2024-11-18T19:15:10.419+0000] {processor.py:914} INFO - Processing file /home/airflow/.local/lib/python3.12/site-packages/airflow/example_dags/example_sla_dag.py for tasks to queue
[2024-11-18T19:15:10.421+0000] {logging_mixin.py:190} INFO - [2024-11-18T19:15:10.420+0000] {dagbag.py:588} INFO - Filling up the DagBag from /home/airflow/.local/lib/python3.12/site-packages/airflow/example_dags/example_sla_dag.py
[2024-11-18T19:15:10.431+0000] {processor.py:925} INFO - DAG(s) 'example_sla_dag' retrieved from /home/airflow/.local/lib/python3.12/site-packages/airflow/example_dags/example_sla_dag.py
[2024-11-18T19:15:10.451+0000] {logging_mixin.py:190} INFO - [2024-11-18T19:15:10.451+0000] {dag.py:3239} INFO - Sync 1 DAGs
[2024-11-18T19:15:10.478+0000] {logging_mixin.py:190} INFO - [2024-11-18T19:15:10.478+0000] {dag.py:4180} INFO - Setting next_dagrun for example_sla_dag to 2024-11-18 19:12:00+00:00, run_after=2024-11-18 19:14:00+00:00
[2024-11-18T19:15:10.497+0000] {processor.py:208} INFO - Processing /home/airflow/.local/lib/python3.12/site-packages/airflow/example_dags/example_sla_dag.py took 0.087 seconds
[2024-11-18T19:15:41.167+0000] {processor.py:186} INFO - Started process (PID=1683) to work on /home/airflow/.local/lib/python3.12/site-packages/airflow/example_dags/example_sla_dag.py
[2024-11-18T19:15:41.167+0000] {processor.py:914} INFO - Processing file /home/airflow/.local/lib/python3.12/site-packages/airflow/example_dags/example_sla_dag.py for tasks to queue
[2024-11-18T19:15:41.169+0000] {logging_mixin.py:190} INFO - [2024-11-18T19:15:41.169+0000] {dagbag.py:588} INFO - Filling up the DagBag from /home/airflow/.local/lib/python3.12/site-packages/airflow/example_dags/example_sla_dag.py
[2024-11-18T19:15:41.180+0000] {processor.py:925} INFO - DAG(s) 'example_sla_dag' retrieved from /home/airflow/.local/lib/python3.12/site-packages/airflow/example_dags/example_sla_dag.py
[2024-11-18T19:15:41.199+0000] {logging_mixin.py:190} INFO - [2024-11-18T19:15:41.199+0000] {dag.py:3239} INFO - Sync 1 DAGs
[2024-11-18T19:15:41.226+0000] {logging_mixin.py:190} INFO - [2024-11-18T19:15:41.226+0000] {dag.py:4180} INFO - Setting next_dagrun for example_sla_dag to 2024-11-18 19:12:00+00:00, run_after=2024-11-18 19:14:00+00:00
[2024-11-18T19:15:41.246+0000] {processor.py:208} INFO - Processing /home/airflow/.local/lib/python3.12/site-packages/airflow/example_dags/example_sla_dag.py took 0.086 seconds
[2024-11-18T19:16:11.639+0000] {processor.py:186} INFO - Started process (PID=1747) to work on /home/airflow/.local/lib/python3.12/site-packages/airflow/example_dags/example_sla_dag.py
[2024-11-18T19:16:11.640+0000] {processor.py:914} INFO - Processing file /home/airflow/.local/lib/python3.12/site-packages/airflow/example_dags/example_sla_dag.py for tasks to queue
[2024-11-18T19:16:11.642+0000] {logging_mixin.py:190} INFO - [2024-11-18T19:16:11.642+0000] {dagbag.py:588} INFO - Filling up the DagBag from /home/airflow/.local/lib/python3.12/site-packages/airflow/example_dags/example_sla_dag.py
[2024-11-18T19:16:11.653+0000] {processor.py:925} INFO - DAG(s) 'example_sla_dag' retrieved from /home/airflow/.local/lib/python3.12/site-packages/airflow/example_dags/example_sla_dag.py
[2024-11-18T19:16:11.673+0000] {logging_mixin.py:190} INFO - [2024-11-18T19:16:11.673+0000] {dag.py:3239} INFO - Sync 1 DAGs
[2024-11-18T19:16:11.702+0000] {logging_mixin.py:190} INFO - [2024-11-18T19:16:11.702+0000] {dag.py:4180} INFO - Setting next_dagrun for example_sla_dag to 2024-11-18 19:14:00+00:00, run_after=2024-11-18 19:16:00+00:00
[2024-11-18T19:16:11.726+0000] {processor.py:208} INFO - Processing /home/airflow/.local/lib/python3.12/site-packages/airflow/example_dags/example_sla_dag.py took 0.093 seconds
[2024-11-18T19:16:42.317+0000] {processor.py:186} INFO - Started process (PID=1811) to work on /home/airflow/.local/lib/python3.12/site-packages/airflow/example_dags/example_sla_dag.py
[2024-11-18T19:16:42.317+0000] {processor.py:914} INFO - Processing file /home/airflow/.local/lib/python3.12/site-packages/airflow/example_dags/example_sla_dag.py for tasks to queue
[2024-11-18T19:16:42.320+0000] {logging_mixin.py:190} INFO - [2024-11-18T19:16:42.319+0000] {dagbag.py:588} INFO - Filling up the DagBag from /home/airflow/.local/lib/python3.12/site-packages/airflow/example_dags/example_sla_dag.py
[2024-11-18T19:16:42.330+0000] {processor.py:925} INFO - DAG(s) 'example_sla_dag' retrieved from /home/airflow/.local/lib/python3.12/site-packages/airflow/example_dags/example_sla_dag.py
[2024-11-18T19:16:42.350+0000] {logging_mixin.py:190} INFO - [2024-11-18T19:16:42.349+0000] {dag.py:3239} INFO - Sync 1 DAGs
[2024-11-18T19:16:42.374+0000] {logging_mixin.py:190} INFO - [2024-11-18T19:16:42.374+0000] {dag.py:4180} INFO - Setting next_dagrun for example_sla_dag to 2024-11-18 19:14:00+00:00, run_after=2024-11-18 19:16:00+00:00
[2024-11-18T19:16:42.394+0000] {processor.py:208} INFO - Processing /home/airflow/.local/lib/python3.12/site-packages/airflow/example_dags/example_sla_dag.py took 0.084 seconds
[2024-11-18T19:17:12.652+0000] {processor.py:186} INFO - Started process (PID=1875) to work on /home/airflow/.local/lib/python3.12/site-packages/airflow/example_dags/example_sla_dag.py
[2024-11-18T19:17:12.657+0000] {processor.py:914} INFO - Processing file /home/airflow/.local/lib/python3.12/site-packages/airflow/example_dags/example_sla_dag.py for tasks to queue
[2024-11-18T19:17:12.660+0000] {logging_mixin.py:190} INFO - [2024-11-18T19:17:12.659+0000] {dagbag.py:588} INFO - Filling up the DagBag from /home/airflow/.local/lib/python3.12/site-packages/airflow/example_dags/example_sla_dag.py
[2024-11-18T19:17:12.688+0000] {processor.py:925} INFO - DAG(s) 'example_sla_dag' retrieved from /home/airflow/.local/lib/python3.12/site-packages/airflow/example_dags/example_sla_dag.py
[2024-11-18T19:17:12.725+0000] {logging_mixin.py:190} INFO - [2024-11-18T19:17:12.725+0000] {dag.py:3239} INFO - Sync 1 DAGs
[2024-11-18T19:17:12.770+0000] {logging_mixin.py:190} INFO - [2024-11-18T19:17:12.770+0000] {dag.py:4180} INFO - Setting next_dagrun for example_sla_dag to 2024-11-18 19:14:00+00:00, run_after=2024-11-18 19:16:00+00:00
[2024-11-18T19:17:12.816+0000] {processor.py:208} INFO - Processing /home/airflow/.local/lib/python3.12/site-packages/airflow/example_dags/example_sla_dag.py took 0.170 seconds
[2024-11-18T19:17:43.597+0000] {processor.py:186} INFO - Started process (PID=1939) to work on /home/airflow/.local/lib/python3.12/site-packages/airflow/example_dags/example_sla_dag.py
[2024-11-18T19:17:43.598+0000] {processor.py:914} INFO - Processing file /home/airflow/.local/lib/python3.12/site-packages/airflow/example_dags/example_sla_dag.py for tasks to queue
[2024-11-18T19:17:43.600+0000] {logging_mixin.py:190} INFO - [2024-11-18T19:17:43.600+0000] {dagbag.py:588} INFO - Filling up the DagBag from /home/airflow/.local/lib/python3.12/site-packages/airflow/example_dags/example_sla_dag.py
[2024-11-18T19:17:43.611+0000] {processor.py:925} INFO - DAG(s) 'example_sla_dag' retrieved from /home/airflow/.local/lib/python3.12/site-packages/airflow/example_dags/example_sla_dag.py
[2024-11-18T19:17:43.632+0000] {logging_mixin.py:190} INFO - [2024-11-18T19:17:43.631+0000] {dag.py:3239} INFO - Sync 1 DAGs
[2024-11-18T19:17:43.659+0000] {logging_mixin.py:190} INFO - [2024-11-18T19:17:43.659+0000] {dag.py:4180} INFO - Setting next_dagrun for example_sla_dag to 2024-11-18 19:14:00+00:00, run_after=2024-11-18 19:16:00+00:00
[2024-11-18T19:17:43.686+0000] {processor.py:208} INFO - Processing /home/airflow/.local/lib/python3.12/site-packages/airflow/example_dags/example_sla_dag.py took 0.095 seconds
[2024-11-18T19:18:13.912+0000] {processor.py:186} INFO - Started process (PID=2004) to work on /home/airflow/.local/lib/python3.12/site-packages/airflow/example_dags/example_sla_dag.py
[2024-11-18T19:18:13.913+0000] {processor.py:914} INFO - Processing file /home/airflow/.local/lib/python3.12/site-packages/airflow/example_dags/example_sla_dag.py for tasks to queue
[2024-11-18T19:18:13.916+0000] {logging_mixin.py:190} INFO - [2024-11-18T19:18:13.916+0000] {dagbag.py:588} INFO - Filling up the DagBag from /home/airflow/.local/lib/python3.12/site-packages/airflow/example_dags/example_sla_dag.py
[2024-11-18T19:18:13.927+0000] {processor.py:925} INFO - DAG(s) 'example_sla_dag' retrieved from /home/airflow/.local/lib/python3.12/site-packages/airflow/example_dags/example_sla_dag.py
[2024-11-18T19:18:13.971+0000] {logging_mixin.py:190} INFO - [2024-11-18T19:18:13.971+0000] {dag.py:3239} INFO - Sync 1 DAGs
[2024-11-18T19:18:14.005+0000] {logging_mixin.py:190} INFO - [2024-11-18T19:18:14.004+0000] {dag.py:4180} INFO - Setting next_dagrun for example_sla_dag to 2024-11-18 19:16:00+00:00, run_after=2024-11-18 19:18:00+00:00
[2024-11-18T19:18:14.042+0000] {processor.py:208} INFO - Processing /home/airflow/.local/lib/python3.12/site-packages/airflow/example_dags/example_sla_dag.py took 0.144 seconds
[2024-11-18T19:18:44.426+0000] {processor.py:186} INFO - Started process (PID=2075) to work on /home/airflow/.local/lib/python3.12/site-packages/airflow/example_dags/example_sla_dag.py
[2024-11-18T19:18:44.427+0000] {processor.py:914} INFO - Processing file /home/airflow/.local/lib/python3.12/site-packages/airflow/example_dags/example_sla_dag.py for tasks to queue
[2024-11-18T19:18:44.432+0000] {logging_mixin.py:190} INFO - [2024-11-18T19:18:44.432+0000] {dagbag.py:588} INFO - Filling up the DagBag from /home/airflow/.local/lib/python3.12/site-packages/airflow/example_dags/example_sla_dag.py
[2024-11-18T19:18:44.454+0000] {processor.py:925} INFO - DAG(s) 'example_sla_dag' retrieved from /home/airflow/.local/lib/python3.12/site-packages/airflow/example_dags/example_sla_dag.py
[2024-11-18T19:18:44.479+0000] {logging_mixin.py:190} INFO - [2024-11-18T19:18:44.478+0000] {dag.py:3239} INFO - Sync 1 DAGs
[2024-11-18T19:18:44.511+0000] {logging_mixin.py:190} INFO - [2024-11-18T19:18:44.511+0000] {dag.py:4180} INFO - Setting next_dagrun for example_sla_dag to 2024-11-18 19:16:00+00:00, run_after=2024-11-18 19:18:00+00:00
[2024-11-18T19:18:44.534+0000] {processor.py:208} INFO - Processing /home/airflow/.local/lib/python3.12/site-packages/airflow/example_dags/example_sla_dag.py took 0.122 seconds
[2024-11-18T19:19:14.772+0000] {processor.py:186} INFO - Started process (PID=2139) to work on /home/airflow/.local/lib/python3.12/site-packages/airflow/example_dags/example_sla_dag.py
[2024-11-18T19:19:14.773+0000] {processor.py:914} INFO - Processing file /home/airflow/.local/lib/python3.12/site-packages/airflow/example_dags/example_sla_dag.py for tasks to queue
[2024-11-18T19:19:14.775+0000] {logging_mixin.py:190} INFO - [2024-11-18T19:19:14.775+0000] {dagbag.py:588} INFO - Filling up the DagBag from /home/airflow/.local/lib/python3.12/site-packages/airflow/example_dags/example_sla_dag.py
[2024-11-18T19:19:14.787+0000] {processor.py:925} INFO - DAG(s) 'example_sla_dag' retrieved from /home/airflow/.local/lib/python3.12/site-packages/airflow/example_dags/example_sla_dag.py
[2024-11-18T19:19:14.808+0000] {logging_mixin.py:190} INFO - [2024-11-18T19:19:14.808+0000] {dag.py:3239} INFO - Sync 1 DAGs
[2024-11-18T19:19:14.837+0000] {logging_mixin.py:190} INFO - [2024-11-18T19:19:14.836+0000] {dag.py:4180} INFO - Setting next_dagrun for example_sla_dag to 2024-11-18 19:16:00+00:00, run_after=2024-11-18 19:18:00+00:00
[2024-11-18T19:19:14.870+0000] {processor.py:208} INFO - Processing /home/airflow/.local/lib/python3.12/site-packages/airflow/example_dags/example_sla_dag.py took 0.104 seconds
[2024-11-18T19:19:45.338+0000] {processor.py:186} INFO - Started process (PID=2204) to work on /home/airflow/.local/lib/python3.12/site-packages/airflow/example_dags/example_sla_dag.py
[2024-11-18T19:19:45.338+0000] {processor.py:914} INFO - Processing file /home/airflow/.local/lib/python3.12/site-packages/airflow/example_dags/example_sla_dag.py for tasks to queue
[2024-11-18T19:19:45.340+0000] {logging_mixin.py:190} INFO - [2024-11-18T19:19:45.340+0000] {dagbag.py:588} INFO - Filling up the DagBag from /home/airflow/.local/lib/python3.12/site-packages/airflow/example_dags/example_sla_dag.py
[2024-11-18T19:19:45.352+0000] {processor.py:925} INFO - DAG(s) 'example_sla_dag' retrieved from /home/airflow/.local/lib/python3.12/site-packages/airflow/example_dags/example_sla_dag.py
[2024-11-18T19:19:45.371+0000] {logging_mixin.py:190} INFO - [2024-11-18T19:19:45.370+0000] {dag.py:3239} INFO - Sync 1 DAGs
[2024-11-18T19:19:45.398+0000] {logging_mixin.py:190} INFO - [2024-11-18T19:19:45.398+0000] {dag.py:4180} INFO - Setting next_dagrun for example_sla_dag to 2024-11-18 19:16:00+00:00, run_after=2024-11-18 19:18:00+00:00
[2024-11-18T19:19:45.420+0000] {processor.py:208} INFO - Processing /home/airflow/.local/lib/python3.12/site-packages/airflow/example_dags/example_sla_dag.py took 0.089 seconds
[2024-11-18T19:20:15.870+0000] {processor.py:186} INFO - Started process (PID=2269) to work on /home/airflow/.local/lib/python3.12/site-packages/airflow/example_dags/example_sla_dag.py
[2024-11-18T19:20:15.870+0000] {processor.py:914} INFO - Processing file /home/airflow/.local/lib/python3.12/site-packages/airflow/example_dags/example_sla_dag.py for tasks to queue
[2024-11-18T19:20:15.873+0000] {logging_mixin.py:190} INFO - [2024-11-18T19:20:15.872+0000] {dagbag.py:588} INFO - Filling up the DagBag from /home/airflow/.local/lib/python3.12/site-packages/airflow/example_dags/example_sla_dag.py
[2024-11-18T19:20:15.884+0000] {processor.py:925} INFO - DAG(s) 'example_sla_dag' retrieved from /home/airflow/.local/lib/python3.12/site-packages/airflow/example_dags/example_sla_dag.py
[2024-11-18T19:20:15.903+0000] {logging_mixin.py:190} INFO - [2024-11-18T19:20:15.903+0000] {dag.py:3239} INFO - Sync 1 DAGs
[2024-11-18T19:20:15.929+0000] {logging_mixin.py:190} INFO - [2024-11-18T19:20:15.929+0000] {dag.py:4180} INFO - Setting next_dagrun for example_sla_dag to 2024-11-18 19:18:00+00:00, run_after=2024-11-18 19:20:00+00:00
[2024-11-18T19:20:15.950+0000] {processor.py:208} INFO - Processing /home/airflow/.local/lib/python3.12/site-packages/airflow/example_dags/example_sla_dag.py took 0.086 seconds
[2024-11-18T19:20:46.376+0000] {processor.py:186} INFO - Started process (PID=2333) to work on /home/airflow/.local/lib/python3.12/site-packages/airflow/example_dags/example_sla_dag.py
[2024-11-18T19:20:46.377+0000] {processor.py:914} INFO - Processing file /home/airflow/.local/lib/python3.12/site-packages/airflow/example_dags/example_sla_dag.py for tasks to queue
[2024-11-18T19:20:46.379+0000] {logging_mixin.py:190} INFO - [2024-11-18T19:20:46.379+0000] {dagbag.py:588} INFO - Filling up the DagBag from /home/airflow/.local/lib/python3.12/site-packages/airflow/example_dags/example_sla_dag.py
[2024-11-18T19:20:46.391+0000] {processor.py:925} INFO - DAG(s) 'example_sla_dag' retrieved from /home/airflow/.local/lib/python3.12/site-packages/airflow/example_dags/example_sla_dag.py
[2024-11-18T19:20:46.411+0000] {logging_mixin.py:190} INFO - [2024-11-18T19:20:46.411+0000] {dag.py:3239} INFO - Sync 1 DAGs
[2024-11-18T19:20:46.438+0000] {logging_mixin.py:190} INFO - [2024-11-18T19:20:46.438+0000] {dag.py:4180} INFO - Setting next_dagrun for example_sla_dag to 2024-11-18 19:18:00+00:00, run_after=2024-11-18 19:20:00+00:00
[2024-11-18T19:20:46.465+0000] {processor.py:208} INFO - Processing /home/airflow/.local/lib/python3.12/site-packages/airflow/example_dags/example_sla_dag.py took 0.096 seconds
[2024-11-18T19:21:17.005+0000] {processor.py:186} INFO - Started process (PID=2398) to work on /home/airflow/.local/lib/python3.12/site-packages/airflow/example_dags/example_sla_dag.py
[2024-11-18T19:21:17.006+0000] {processor.py:914} INFO - Processing file /home/airflow/.local/lib/python3.12/site-packages/airflow/example_dags/example_sla_dag.py for tasks to queue
[2024-11-18T19:21:17.008+0000] {logging_mixin.py:190} INFO - [2024-11-18T19:21:17.008+0000] {dagbag.py:588} INFO - Filling up the DagBag from /home/airflow/.local/lib/python3.12/site-packages/airflow/example_dags/example_sla_dag.py
[2024-11-18T19:21:17.019+0000] {processor.py:925} INFO - DAG(s) 'example_sla_dag' retrieved from /home/airflow/.local/lib/python3.12/site-packages/airflow/example_dags/example_sla_dag.py
[2024-11-18T19:21:17.039+0000] {logging_mixin.py:190} INFO - [2024-11-18T19:21:17.039+0000] {dag.py:3239} INFO - Sync 1 DAGs
[2024-11-18T19:21:17.069+0000] {logging_mixin.py:190} INFO - [2024-11-18T19:21:17.068+0000] {dag.py:4180} INFO - Setting next_dagrun for example_sla_dag to 2024-11-18 19:18:00+00:00, run_after=2024-11-18 19:20:00+00:00
[2024-11-18T19:21:17.093+0000] {processor.py:208} INFO - Processing /home/airflow/.local/lib/python3.12/site-packages/airflow/example_dags/example_sla_dag.py took 0.093 seconds
[2024-11-18T19:21:47.210+0000] {processor.py:186} INFO - Started process (PID=2462) to work on /home/airflow/.local/lib/python3.12/site-packages/airflow/example_dags/example_sla_dag.py
[2024-11-18T19:21:47.210+0000] {processor.py:914} INFO - Processing file /home/airflow/.local/lib/python3.12/site-packages/airflow/example_dags/example_sla_dag.py for tasks to queue
[2024-11-18T19:21:47.212+0000] {logging_mixin.py:190} INFO - [2024-11-18T19:21:47.212+0000] {dagbag.py:588} INFO - Filling up the DagBag from /home/airflow/.local/lib/python3.12/site-packages/airflow/example_dags/example_sla_dag.py
[2024-11-18T19:21:47.224+0000] {processor.py:925} INFO - DAG(s) 'example_sla_dag' retrieved from /home/airflow/.local/lib/python3.12/site-packages/airflow/example_dags/example_sla_dag.py
[2024-11-18T19:21:47.243+0000] {logging_mixin.py:190} INFO - [2024-11-18T19:21:47.242+0000] {dag.py:3239} INFO - Sync 1 DAGs
[2024-11-18T19:21:47.272+0000] {logging_mixin.py:190} INFO - [2024-11-18T19:21:47.272+0000] {dag.py:4180} INFO - Setting next_dagrun for example_sla_dag to 2024-11-18 19:18:00+00:00, run_after=2024-11-18 19:20:00+00:00
[2024-11-18T19:21:47.293+0000] {processor.py:208} INFO - Processing /home/airflow/.local/lib/python3.12/site-packages/airflow/example_dags/example_sla_dag.py took 0.090 seconds
[2024-11-18T19:22:17.770+0000] {processor.py:186} INFO - Started process (PID=2525) to work on /home/airflow/.local/lib/python3.12/site-packages/airflow/example_dags/example_sla_dag.py
[2024-11-18T19:22:17.771+0000] {processor.py:914} INFO - Processing file /home/airflow/.local/lib/python3.12/site-packages/airflow/example_dags/example_sla_dag.py for tasks to queue
[2024-11-18T19:22:17.773+0000] {logging_mixin.py:190} INFO - [2024-11-18T19:22:17.773+0000] {dagbag.py:588} INFO - Filling up the DagBag from /home/airflow/.local/lib/python3.12/site-packages/airflow/example_dags/example_sla_dag.py
[2024-11-18T19:22:17.784+0000] {processor.py:925} INFO - DAG(s) 'example_sla_dag' retrieved from /home/airflow/.local/lib/python3.12/site-packages/airflow/example_dags/example_sla_dag.py
[2024-11-18T19:22:17.805+0000] {logging_mixin.py:190} INFO - [2024-11-18T19:22:17.804+0000] {dag.py:3239} INFO - Sync 1 DAGs
[2024-11-18T19:22:17.833+0000] {logging_mixin.py:190} INFO - [2024-11-18T19:22:17.833+0000] {dag.py:4180} INFO - Setting next_dagrun for example_sla_dag to 2024-11-18 19:20:00+00:00, run_after=2024-11-18 19:22:00+00:00
[2024-11-18T19:22:17.855+0000] {processor.py:208} INFO - Processing /home/airflow/.local/lib/python3.12/site-packages/airflow/example_dags/example_sla_dag.py took 0.091 seconds
[2024-11-18T19:22:47.893+0000] {processor.py:186} INFO - Started process (PID=2590) to work on /home/airflow/.local/lib/python3.12/site-packages/airflow/example_dags/example_sla_dag.py
[2024-11-18T19:22:47.894+0000] {processor.py:914} INFO - Processing file /home/airflow/.local/lib/python3.12/site-packages/airflow/example_dags/example_sla_dag.py for tasks to queue
[2024-11-18T19:22:47.895+0000] {logging_mixin.py:190} INFO - [2024-11-18T19:22:47.895+0000] {dagbag.py:588} INFO - Filling up the DagBag from /home/airflow/.local/lib/python3.12/site-packages/airflow/example_dags/example_sla_dag.py
[2024-11-18T19:22:47.903+0000] {processor.py:925} INFO - DAG(s) 'example_sla_dag' retrieved from /home/airflow/.local/lib/python3.12/site-packages/airflow/example_dags/example_sla_dag.py
[2024-11-18T19:22:47.918+0000] {logging_mixin.py:190} INFO - [2024-11-18T19:22:47.918+0000] {dag.py:3239} INFO - Sync 1 DAGs
[2024-11-18T19:22:47.937+0000] {logging_mixin.py:190} INFO - [2024-11-18T19:22:47.937+0000] {dag.py:4180} INFO - Setting next_dagrun for example_sla_dag to 2024-11-18 19:20:00+00:00, run_after=2024-11-18 19:22:00+00:00
[2024-11-18T19:22:47.953+0000] {processor.py:208} INFO - Processing /home/airflow/.local/lib/python3.12/site-packages/airflow/example_dags/example_sla_dag.py took 0.064 seconds
[2024-11-18T19:23:18.554+0000] {processor.py:186} INFO - Started process (PID=2653) to work on /home/airflow/.local/lib/python3.12/site-packages/airflow/example_dags/example_sla_dag.py
[2024-11-18T19:23:18.555+0000] {processor.py:914} INFO - Processing file /home/airflow/.local/lib/python3.12/site-packages/airflow/example_dags/example_sla_dag.py for tasks to queue
[2024-11-18T19:23:18.557+0000] {logging_mixin.py:190} INFO - [2024-11-18T19:23:18.556+0000] {dagbag.py:588} INFO - Filling up the DagBag from /home/airflow/.local/lib/python3.12/site-packages/airflow/example_dags/example_sla_dag.py
[2024-11-18T19:23:18.568+0000] {processor.py:925} INFO - DAG(s) 'example_sla_dag' retrieved from /home/airflow/.local/lib/python3.12/site-packages/airflow/example_dags/example_sla_dag.py
[2024-11-18T19:23:18.589+0000] {logging_mixin.py:190} INFO - [2024-11-18T19:23:18.589+0000] {dag.py:3239} INFO - Sync 1 DAGs
[2024-11-18T19:23:18.618+0000] {logging_mixin.py:190} INFO - [2024-11-18T19:23:18.618+0000] {dag.py:4180} INFO - Setting next_dagrun for example_sla_dag to 2024-11-18 19:20:00+00:00, run_after=2024-11-18 19:22:00+00:00
[2024-11-18T19:23:18.638+0000] {processor.py:208} INFO - Processing /home/airflow/.local/lib/python3.12/site-packages/airflow/example_dags/example_sla_dag.py took 0.090 seconds
[2024-11-18T19:23:48.734+0000] {processor.py:186} INFO - Started process (PID=2716) to work on /home/airflow/.local/lib/python3.12/site-packages/airflow/example_dags/example_sla_dag.py
[2024-11-18T19:23:48.735+0000] {processor.py:914} INFO - Processing file /home/airflow/.local/lib/python3.12/site-packages/airflow/example_dags/example_sla_dag.py for tasks to queue
[2024-11-18T19:23:48.737+0000] {logging_mixin.py:190} INFO - [2024-11-18T19:23:48.737+0000] {dagbag.py:588} INFO - Filling up the DagBag from /home/airflow/.local/lib/python3.12/site-packages/airflow/example_dags/example_sla_dag.py
[2024-11-18T19:23:48.766+0000] {processor.py:925} INFO - DAG(s) 'example_sla_dag' retrieved from /home/airflow/.local/lib/python3.12/site-packages/airflow/example_dags/example_sla_dag.py
[2024-11-18T19:23:48.798+0000] {logging_mixin.py:190} INFO - [2024-11-18T19:23:48.797+0000] {dag.py:3239} INFO - Sync 1 DAGs
[2024-11-18T19:23:48.842+0000] {logging_mixin.py:190} INFO - [2024-11-18T19:23:48.841+0000] {dag.py:4180} INFO - Setting next_dagrun for example_sla_dag to 2024-11-18 19:20:00+00:00, run_after=2024-11-18 19:22:00+00:00
[2024-11-18T19:23:48.884+0000] {processor.py:208} INFO - Processing /home/airflow/.local/lib/python3.12/site-packages/airflow/example_dags/example_sla_dag.py took 0.162 seconds
[2024-11-18T19:24:19.169+0000] {processor.py:186} INFO - Started process (PID=2779) to work on /home/airflow/.local/lib/python3.12/site-packages/airflow/example_dags/example_sla_dag.py
[2024-11-18T19:24:19.169+0000] {processor.py:914} INFO - Processing file /home/airflow/.local/lib/python3.12/site-packages/airflow/example_dags/example_sla_dag.py for tasks to queue
[2024-11-18T19:24:19.171+0000] {logging_mixin.py:190} INFO - [2024-11-18T19:24:19.171+0000] {dagbag.py:588} INFO - Filling up the DagBag from /home/airflow/.local/lib/python3.12/site-packages/airflow/example_dags/example_sla_dag.py
[2024-11-18T19:24:19.179+0000] {processor.py:925} INFO - DAG(s) 'example_sla_dag' retrieved from /home/airflow/.local/lib/python3.12/site-packages/airflow/example_dags/example_sla_dag.py
[2024-11-18T19:24:19.193+0000] {logging_mixin.py:190} INFO - [2024-11-18T19:24:19.193+0000] {dag.py:3239} INFO - Sync 1 DAGs
[2024-11-18T19:24:19.212+0000] {logging_mixin.py:190} INFO - [2024-11-18T19:24:19.212+0000] {dag.py:4180} INFO - Setting next_dagrun for example_sla_dag to 2024-11-18 19:22:00+00:00, run_after=2024-11-18 19:24:00+00:00
[2024-11-18T19:24:19.236+0000] {processor.py:208} INFO - Processing /home/airflow/.local/lib/python3.12/site-packages/airflow/example_dags/example_sla_dag.py took 0.071 seconds
[2024-11-18T19:24:50.153+0000] {processor.py:186} INFO - Started process (PID=2843) to work on /home/airflow/.local/lib/python3.12/site-packages/airflow/example_dags/example_sla_dag.py
[2024-11-18T19:24:50.159+0000] {processor.py:914} INFO - Processing file /home/airflow/.local/lib/python3.12/site-packages/airflow/example_dags/example_sla_dag.py for tasks to queue
[2024-11-18T19:24:50.161+0000] {logging_mixin.py:190} INFO - [2024-11-18T19:24:50.161+0000] {dagbag.py:588} INFO - Filling up the DagBag from /home/airflow/.local/lib/python3.12/site-packages/airflow/example_dags/example_sla_dag.py
[2024-11-18T19:24:50.188+0000] {processor.py:925} INFO - DAG(s) 'example_sla_dag' retrieved from /home/airflow/.local/lib/python3.12/site-packages/airflow/example_dags/example_sla_dag.py
[2024-11-18T19:24:50.223+0000] {logging_mixin.py:190} INFO - [2024-11-18T19:24:50.223+0000] {dag.py:3239} INFO - Sync 1 DAGs
[2024-11-18T19:24:50.258+0000] {logging_mixin.py:190} INFO - [2024-11-18T19:24:50.258+0000] {dag.py:4180} INFO - Setting next_dagrun for example_sla_dag to 2024-11-18 19:22:00+00:00, run_after=2024-11-18 19:24:00+00:00
[2024-11-18T19:24:50.289+0000] {processor.py:208} INFO - Processing /home/airflow/.local/lib/python3.12/site-packages/airflow/example_dags/example_sla_dag.py took 0.154 seconds
[2024-11-18T19:25:21.467+0000] {processor.py:186} INFO - Started process (PID=2908) to work on /home/airflow/.local/lib/python3.12/site-packages/airflow/example_dags/example_sla_dag.py
[2024-11-18T19:25:21.468+0000] {processor.py:914} INFO - Processing file /home/airflow/.local/lib/python3.12/site-packages/airflow/example_dags/example_sla_dag.py for tasks to queue
[2024-11-18T19:25:21.470+0000] {logging_mixin.py:190} INFO - [2024-11-18T19:25:21.469+0000] {dagbag.py:588} INFO - Filling up the DagBag from /home/airflow/.local/lib/python3.12/site-packages/airflow/example_dags/example_sla_dag.py
[2024-11-18T19:25:21.481+0000] {processor.py:925} INFO - DAG(s) 'example_sla_dag' retrieved from /home/airflow/.local/lib/python3.12/site-packages/airflow/example_dags/example_sla_dag.py
[2024-11-18T19:25:21.501+0000] {logging_mixin.py:190} INFO - [2024-11-18T19:25:21.501+0000] {dag.py:3239} INFO - Sync 1 DAGs
[2024-11-18T19:25:21.536+0000] {logging_mixin.py:190} INFO - [2024-11-18T19:25:21.535+0000] {dag.py:4180} INFO - Setting next_dagrun for example_sla_dag to 2024-11-18 19:22:00+00:00, run_after=2024-11-18 19:24:00+00:00
[2024-11-18T19:25:21.562+0000] {processor.py:208} INFO - Processing /home/airflow/.local/lib/python3.12/site-packages/airflow/example_dags/example_sla_dag.py took 0.101 seconds
[2024-11-18T19:25:52.464+0000] {processor.py:186} INFO - Started process (PID=2972) to work on /home/airflow/.local/lib/python3.12/site-packages/airflow/example_dags/example_sla_dag.py
[2024-11-18T19:25:52.465+0000] {processor.py:914} INFO - Processing file /home/airflow/.local/lib/python3.12/site-packages/airflow/example_dags/example_sla_dag.py for tasks to queue
[2024-11-18T19:25:52.466+0000] {logging_mixin.py:190} INFO - [2024-11-18T19:25:52.466+0000] {dagbag.py:588} INFO - Filling up the DagBag from /home/airflow/.local/lib/python3.12/site-packages/airflow/example_dags/example_sla_dag.py
[2024-11-18T19:25:52.474+0000] {processor.py:925} INFO - DAG(s) 'example_sla_dag' retrieved from /home/airflow/.local/lib/python3.12/site-packages/airflow/example_dags/example_sla_dag.py
[2024-11-18T19:25:52.488+0000] {logging_mixin.py:190} INFO - [2024-11-18T19:25:52.488+0000] {dag.py:3239} INFO - Sync 1 DAGs
[2024-11-18T19:25:52.506+0000] {logging_mixin.py:190} INFO - [2024-11-18T19:25:52.506+0000] {dag.py:4180} INFO - Setting next_dagrun for example_sla_dag to 2024-11-18 19:22:00+00:00, run_after=2024-11-18 19:24:00+00:00
[2024-11-18T19:25:52.524+0000] {processor.py:208} INFO - Processing /home/airflow/.local/lib/python3.12/site-packages/airflow/example_dags/example_sla_dag.py took 0.065 seconds
[2024-11-18T19:26:23.002+0000] {processor.py:186} INFO - Started process (PID=3037) to work on /home/airflow/.local/lib/python3.12/site-packages/airflow/example_dags/example_sla_dag.py
[2024-11-18T19:26:23.003+0000] {processor.py:914} INFO - Processing file /home/airflow/.local/lib/python3.12/site-packages/airflow/example_dags/example_sla_dag.py for tasks to queue
[2024-11-18T19:26:23.004+0000] {logging_mixin.py:190} INFO - [2024-11-18T19:26:23.004+0000] {dagbag.py:588} INFO - Filling up the DagBag from /home/airflow/.local/lib/python3.12/site-packages/airflow/example_dags/example_sla_dag.py
[2024-11-18T19:26:23.013+0000] {processor.py:925} INFO - DAG(s) 'example_sla_dag' retrieved from /home/airflow/.local/lib/python3.12/site-packages/airflow/example_dags/example_sla_dag.py
[2024-11-18T19:26:23.027+0000] {logging_mixin.py:190} INFO - [2024-11-18T19:26:23.027+0000] {dag.py:3239} INFO - Sync 1 DAGs
[2024-11-18T19:26:23.047+0000] {logging_mixin.py:190} INFO - [2024-11-18T19:26:23.047+0000] {dag.py:4180} INFO - Setting next_dagrun for example_sla_dag to 2024-11-18 19:24:00+00:00, run_after=2024-11-18 19:26:00+00:00
[2024-11-18T19:26:23.064+0000] {processor.py:208} INFO - Processing /home/airflow/.local/lib/python3.12/site-packages/airflow/example_dags/example_sla_dag.py took 0.069 seconds
[2024-11-18T19:26:53.747+0000] {processor.py:186} INFO - Started process (PID=3101) to work on /home/airflow/.local/lib/python3.12/site-packages/airflow/example_dags/example_sla_dag.py
[2024-11-18T19:26:53.748+0000] {processor.py:914} INFO - Processing file /home/airflow/.local/lib/python3.12/site-packages/airflow/example_dags/example_sla_dag.py for tasks to queue
[2024-11-18T19:26:53.750+0000] {logging_mixin.py:190} INFO - [2024-11-18T19:26:53.750+0000] {dagbag.py:588} INFO - Filling up the DagBag from /home/airflow/.local/lib/python3.12/site-packages/airflow/example_dags/example_sla_dag.py
[2024-11-18T19:26:53.758+0000] {processor.py:925} INFO - DAG(s) 'example_sla_dag' retrieved from /home/airflow/.local/lib/python3.12/site-packages/airflow/example_dags/example_sla_dag.py
[2024-11-18T19:26:53.772+0000] {logging_mixin.py:190} INFO - [2024-11-18T19:26:53.771+0000] {dag.py:3239} INFO - Sync 1 DAGs
[2024-11-18T19:26:53.796+0000] {logging_mixin.py:190} INFO - [2024-11-18T19:26:53.796+0000] {dag.py:4180} INFO - Setting next_dagrun for example_sla_dag to 2024-11-18 19:24:00+00:00, run_after=2024-11-18 19:26:00+00:00
[2024-11-18T19:26:53.812+0000] {processor.py:208} INFO - Processing /home/airflow/.local/lib/python3.12/site-packages/airflow/example_dags/example_sla_dag.py took 0.071 seconds
[2024-11-18T19:27:24.421+0000] {processor.py:186} INFO - Started process (PID=3166) to work on /home/airflow/.local/lib/python3.12/site-packages/airflow/example_dags/example_sla_dag.py
[2024-11-18T19:27:24.422+0000] {processor.py:914} INFO - Processing file /home/airflow/.local/lib/python3.12/site-packages/airflow/example_dags/example_sla_dag.py for tasks to queue
[2024-11-18T19:27:24.423+0000] {logging_mixin.py:190} INFO - [2024-11-18T19:27:24.423+0000] {dagbag.py:588} INFO - Filling up the DagBag from /home/airflow/.local/lib/python3.12/site-packages/airflow/example_dags/example_sla_dag.py
[2024-11-18T19:27:24.431+0000] {processor.py:925} INFO - DAG(s) 'example_sla_dag' retrieved from /home/airflow/.local/lib/python3.12/site-packages/airflow/example_dags/example_sla_dag.py
[2024-11-18T19:27:24.446+0000] {logging_mixin.py:190} INFO - [2024-11-18T19:27:24.446+0000] {dag.py:3239} INFO - Sync 1 DAGs
[2024-11-18T19:27:24.465+0000] {logging_mixin.py:190} INFO - [2024-11-18T19:27:24.465+0000] {dag.py:4180} INFO - Setting next_dagrun for example_sla_dag to 2024-11-18 19:24:00+00:00, run_after=2024-11-18 19:26:00+00:00
[2024-11-18T19:27:24.483+0000] {processor.py:208} INFO - Processing /home/airflow/.local/lib/python3.12/site-packages/airflow/example_dags/example_sla_dag.py took 0.066 seconds
[2024-11-18T19:27:55.039+0000] {processor.py:186} INFO - Started process (PID=3232) to work on /home/airflow/.local/lib/python3.12/site-packages/airflow/example_dags/example_sla_dag.py
[2024-11-18T19:27:55.040+0000] {processor.py:914} INFO - Processing file /home/airflow/.local/lib/python3.12/site-packages/airflow/example_dags/example_sla_dag.py for tasks to queue
[2024-11-18T19:27:55.041+0000] {logging_mixin.py:190} INFO - [2024-11-18T19:27:55.041+0000] {dagbag.py:588} INFO - Filling up the DagBag from /home/airflow/.local/lib/python3.12/site-packages/airflow/example_dags/example_sla_dag.py
[2024-11-18T19:27:55.049+0000] {processor.py:925} INFO - DAG(s) 'example_sla_dag' retrieved from /home/airflow/.local/lib/python3.12/site-packages/airflow/example_dags/example_sla_dag.py
[2024-11-18T19:27:55.064+0000] {logging_mixin.py:190} INFO - [2024-11-18T19:27:55.063+0000] {dag.py:3239} INFO - Sync 1 DAGs
[2024-11-18T19:27:55.083+0000] {logging_mixin.py:190} INFO - [2024-11-18T19:27:55.082+0000] {dag.py:4180} INFO - Setting next_dagrun for example_sla_dag to 2024-11-18 19:24:00+00:00, run_after=2024-11-18 19:26:00+00:00
[2024-11-18T19:27:55.099+0000] {processor.py:208} INFO - Processing /home/airflow/.local/lib/python3.12/site-packages/airflow/example_dags/example_sla_dag.py took 0.064 seconds
[2024-11-18T19:28:26.226+0000] {processor.py:186} INFO - Started process (PID=3297) to work on /home/airflow/.local/lib/python3.12/site-packages/airflow/example_dags/example_sla_dag.py
[2024-11-18T19:28:26.227+0000] {processor.py:914} INFO - Processing file /home/airflow/.local/lib/python3.12/site-packages/airflow/example_dags/example_sla_dag.py for tasks to queue
[2024-11-18T19:28:26.229+0000] {logging_mixin.py:190} INFO - [2024-11-18T19:28:26.228+0000] {dagbag.py:588} INFO - Filling up the DagBag from /home/airflow/.local/lib/python3.12/site-packages/airflow/example_dags/example_sla_dag.py
[2024-11-18T19:28:26.248+0000] {processor.py:925} INFO - DAG(s) 'example_sla_dag' retrieved from /home/airflow/.local/lib/python3.12/site-packages/airflow/example_dags/example_sla_dag.py
[2024-11-18T19:28:26.267+0000] {logging_mixin.py:190} INFO - [2024-11-18T19:28:26.267+0000] {dag.py:3239} INFO - Sync 1 DAGs
[2024-11-18T19:28:26.294+0000] {logging_mixin.py:190} INFO - [2024-11-18T19:28:26.293+0000] {dag.py:4180} INFO - Setting next_dagrun for example_sla_dag to 2024-11-18 19:26:00+00:00, run_after=2024-11-18 19:28:00+00:00
[2024-11-18T19:28:26.313+0000] {processor.py:208} INFO - Processing /home/airflow/.local/lib/python3.12/site-packages/airflow/example_dags/example_sla_dag.py took 0.093 seconds
[2024-11-18T19:28:57.362+0000] {processor.py:186} INFO - Started process (PID=3360) to work on /home/airflow/.local/lib/python3.12/site-packages/airflow/example_dags/example_sla_dag.py
[2024-11-18T19:28:57.363+0000] {processor.py:914} INFO - Processing file /home/airflow/.local/lib/python3.12/site-packages/airflow/example_dags/example_sla_dag.py for tasks to queue
[2024-11-18T19:28:57.365+0000] {logging_mixin.py:190} INFO - [2024-11-18T19:28:57.364+0000] {dagbag.py:588} INFO - Filling up the DagBag from /home/airflow/.local/lib/python3.12/site-packages/airflow/example_dags/example_sla_dag.py
[2024-11-18T19:28:57.374+0000] {processor.py:925} INFO - DAG(s) 'example_sla_dag' retrieved from /home/airflow/.local/lib/python3.12/site-packages/airflow/example_dags/example_sla_dag.py
[2024-11-18T19:28:57.409+0000] {logging_mixin.py:190} INFO - [2024-11-18T19:28:57.409+0000] {dag.py:3239} INFO - Sync 1 DAGs
[2024-11-18T19:28:57.457+0000] {logging_mixin.py:190} INFO - [2024-11-18T19:28:57.456+0000] {dag.py:4180} INFO - Setting next_dagrun for example_sla_dag to 2024-11-18 19:26:00+00:00, run_after=2024-11-18 19:28:00+00:00
[2024-11-18T19:28:57.693+0000] {processor.py:208} INFO - Processing /home/airflow/.local/lib/python3.12/site-packages/airflow/example_dags/example_sla_dag.py took 0.337 seconds
[2024-11-18T19:29:28.446+0000] {processor.py:186} INFO - Started process (PID=3424) to work on /home/airflow/.local/lib/python3.12/site-packages/airflow/example_dags/example_sla_dag.py
[2024-11-18T19:29:28.447+0000] {processor.py:914} INFO - Processing file /home/airflow/.local/lib/python3.12/site-packages/airflow/example_dags/example_sla_dag.py for tasks to queue
[2024-11-18T19:29:28.449+0000] {logging_mixin.py:190} INFO - [2024-11-18T19:29:28.448+0000] {dagbag.py:588} INFO - Filling up the DagBag from /home/airflow/.local/lib/python3.12/site-packages/airflow/example_dags/example_sla_dag.py
[2024-11-18T19:29:28.456+0000] {processor.py:925} INFO - DAG(s) 'example_sla_dag' retrieved from /home/airflow/.local/lib/python3.12/site-packages/airflow/example_dags/example_sla_dag.py
[2024-11-18T19:29:28.470+0000] {logging_mixin.py:190} INFO - [2024-11-18T19:29:28.470+0000] {dag.py:3239} INFO - Sync 1 DAGs
[2024-11-18T19:29:28.489+0000] {logging_mixin.py:190} INFO - [2024-11-18T19:29:28.489+0000] {dag.py:4180} INFO - Setting next_dagrun for example_sla_dag to 2024-11-18 19:26:00+00:00, run_after=2024-11-18 19:28:00+00:00
[2024-11-18T19:29:28.651+0000] {processor.py:208} INFO - Processing /home/airflow/.local/lib/python3.12/site-packages/airflow/example_dags/example_sla_dag.py took 0.209 seconds
[2024-11-18T19:29:59.248+0000] {processor.py:186} INFO - Started process (PID=3488) to work on /home/airflow/.local/lib/python3.12/site-packages/airflow/example_dags/example_sla_dag.py
[2024-11-18T19:29:59.250+0000] {processor.py:914} INFO - Processing file /home/airflow/.local/lib/python3.12/site-packages/airflow/example_dags/example_sla_dag.py for tasks to queue
[2024-11-18T19:29:59.253+0000] {logging_mixin.py:190} INFO - [2024-11-18T19:29:59.252+0000] {dagbag.py:588} INFO - Filling up the DagBag from /home/airflow/.local/lib/python3.12/site-packages/airflow/example_dags/example_sla_dag.py
[2024-11-18T19:29:59.264+0000] {processor.py:925} INFO - DAG(s) 'example_sla_dag' retrieved from /home/airflow/.local/lib/python3.12/site-packages/airflow/example_dags/example_sla_dag.py
[2024-11-18T19:29:59.287+0000] {logging_mixin.py:190} INFO - [2024-11-18T19:29:59.287+0000] {dag.py:3239} INFO - Sync 1 DAGs
[2024-11-18T19:29:59.316+0000] {logging_mixin.py:190} INFO - [2024-11-18T19:29:59.315+0000] {dag.py:4180} INFO - Setting next_dagrun for example_sla_dag to 2024-11-18 19:26:00+00:00, run_after=2024-11-18 19:28:00+00:00
[2024-11-18T19:29:59.336+0000] {processor.py:208} INFO - Processing /home/airflow/.local/lib/python3.12/site-packages/airflow/example_dags/example_sla_dag.py took 0.102 seconds
[2024-11-18T19:30:30.248+0000] {processor.py:186} INFO - Started process (PID=3552) to work on /home/airflow/.local/lib/python3.12/site-packages/airflow/example_dags/example_sla_dag.py
[2024-11-18T19:30:30.249+0000] {processor.py:914} INFO - Processing file /home/airflow/.local/lib/python3.12/site-packages/airflow/example_dags/example_sla_dag.py for tasks to queue
[2024-11-18T19:30:30.251+0000] {logging_mixin.py:190} INFO - [2024-11-18T19:30:30.251+0000] {dagbag.py:588} INFO - Filling up the DagBag from /home/airflow/.local/lib/python3.12/site-packages/airflow/example_dags/example_sla_dag.py
[2024-11-18T19:30:30.262+0000] {processor.py:925} INFO - DAG(s) 'example_sla_dag' retrieved from /home/airflow/.local/lib/python3.12/site-packages/airflow/example_dags/example_sla_dag.py
[2024-11-18T19:30:30.281+0000] {logging_mixin.py:190} INFO - [2024-11-18T19:30:30.280+0000] {dag.py:3239} INFO - Sync 1 DAGs
[2024-11-18T19:30:30.307+0000] {logging_mixin.py:190} INFO - [2024-11-18T19:30:30.307+0000] {dag.py:4180} INFO - Setting next_dagrun for example_sla_dag to 2024-11-18 19:28:00+00:00, run_after=2024-11-18 19:30:00+00:00
[2024-11-18T19:30:30.342+0000] {processor.py:208} INFO - Processing /home/airflow/.local/lib/python3.12/site-packages/airflow/example_dags/example_sla_dag.py took 0.100 seconds
