[2024-11-18T19:02:11.433+0000] {processor.py:186} INFO - Started process (PID=74) to work on /home/airflow/.local/lib/python3.12/site-packages/airflow/example_dags/tutorial.py
[2024-11-18T19:02:11.442+0000] {processor.py:914} INFO - Processing file /home/airflow/.local/lib/python3.12/site-packages/airflow/example_dags/tutorial.py for tasks to queue
[2024-11-18T19:02:11.462+0000] {logging_mixin.py:190} INFO - [2024-11-18T19:02:11.456+0000] {dagbag.py:588} INFO - Filling up the DagBag from /home/airflow/.local/lib/python3.12/site-packages/airflow/example_dags/tutorial.py
[2024-11-18T19:02:11.562+0000] {processor.py:925} INFO - DAG(s) 'tutorial' retrieved from /home/airflow/.local/lib/python3.12/site-packages/airflow/example_dags/tutorial.py
[2024-11-18T19:02:11.709+0000] {logging_mixin.py:190} INFO - [2024-11-18T19:02:11.708+0000] {dag.py:3239} INFO - Sync 1 DAGs
[2024-11-18T19:02:11.870+0000] {logging_mixin.py:190} INFO - [2024-11-18T19:02:11.869+0000] {dag.py:4180} INFO - Setting next_dagrun for tutorial to 2024-11-17 00:00:00+00:00, run_after=2024-11-18 00:00:00+00:00
[2024-11-18T19:02:11.970+0000] {processor.py:208} INFO - Processing /home/airflow/.local/lib/python3.12/site-packages/airflow/example_dags/tutorial.py took 0.606 seconds
[2024-11-18T19:02:49.449+0000] {processor.py:186} INFO - Started process (PID=138) to work on /home/airflow/.local/lib/python3.12/site-packages/airflow/example_dags/tutorial.py
[2024-11-18T19:02:49.459+0000] {processor.py:914} INFO - Processing file /home/airflow/.local/lib/python3.12/site-packages/airflow/example_dags/tutorial.py for tasks to queue
[2024-11-18T19:02:49.467+0000] {logging_mixin.py:190} INFO - [2024-11-18T19:02:49.461+0000] {dagbag.py:588} INFO - Filling up the DagBag from /home/airflow/.local/lib/python3.12/site-packages/airflow/example_dags/tutorial.py
[2024-11-18T19:02:49.495+0000] {processor.py:925} INFO - DAG(s) 'tutorial' retrieved from /home/airflow/.local/lib/python3.12/site-packages/airflow/example_dags/tutorial.py
[2024-11-18T19:02:49.645+0000] {logging_mixin.py:190} INFO - [2024-11-18T19:02:49.644+0000] {dag.py:3239} INFO - Sync 1 DAGs
[2024-11-18T19:02:49.774+0000] {logging_mixin.py:190} INFO - [2024-11-18T19:02:49.774+0000] {dag.py:4180} INFO - Setting next_dagrun for tutorial to 2024-11-17 00:00:00+00:00, run_after=2024-11-18 00:00:00+00:00
[2024-11-18T19:02:49.873+0000] {processor.py:208} INFO - Processing /home/airflow/.local/lib/python3.12/site-packages/airflow/example_dags/tutorial.py took 0.430 seconds
[2024-11-18T19:03:27.813+0000] {processor.py:186} INFO - Started process (PID=208) to work on /home/airflow/.local/lib/python3.12/site-packages/airflow/example_dags/tutorial.py
[2024-11-18T19:03:27.824+0000] {processor.py:914} INFO - Processing file /home/airflow/.local/lib/python3.12/site-packages/airflow/example_dags/tutorial.py for tasks to queue
[2024-11-18T19:03:27.846+0000] {logging_mixin.py:190} INFO - [2024-11-18T19:03:27.846+0000] {dagbag.py:588} INFO - Filling up the DagBag from /home/airflow/.local/lib/python3.12/site-packages/airflow/example_dags/tutorial.py
[2024-11-18T19:03:27.899+0000] {processor.py:925} INFO - DAG(s) 'tutorial' retrieved from /home/airflow/.local/lib/python3.12/site-packages/airflow/example_dags/tutorial.py
[2024-11-18T19:03:28.033+0000] {logging_mixin.py:190} INFO - [2024-11-18T19:03:28.033+0000] {dag.py:3239} INFO - Sync 1 DAGs
[2024-11-18T19:03:28.180+0000] {logging_mixin.py:190} INFO - [2024-11-18T19:03:28.180+0000] {dag.py:4180} INFO - Setting next_dagrun for tutorial to 2024-11-17 00:00:00+00:00, run_after=2024-11-18 00:00:00+00:00
[2024-11-18T19:03:28.267+0000] {processor.py:208} INFO - Processing /home/airflow/.local/lib/python3.12/site-packages/airflow/example_dags/tutorial.py took 0.515 seconds
[2024-11-18T19:04:15.014+0000] {processor.py:186} INFO - Started process (PID=242) to work on /home/airflow/.local/lib/python3.12/site-packages/airflow/example_dags/tutorial.py
[2024-11-18T19:04:15.022+0000] {processor.py:914} INFO - Processing file /home/airflow/.local/lib/python3.12/site-packages/airflow/example_dags/tutorial.py for tasks to queue
[2024-11-18T19:04:15.025+0000] {logging_mixin.py:190} INFO - [2024-11-18T19:04:15.024+0000] {dagbag.py:588} INFO - Filling up the DagBag from /home/airflow/.local/lib/python3.12/site-packages/airflow/example_dags/tutorial.py
[2024-11-18T19:04:15.049+0000] {processor.py:925} INFO - DAG(s) 'tutorial' retrieved from /home/airflow/.local/lib/python3.12/site-packages/airflow/example_dags/tutorial.py
[2024-11-18T19:04:15.094+0000] {logging_mixin.py:190} INFO - [2024-11-18T19:04:15.094+0000] {dag.py:3239} INFO - Sync 1 DAGs
[2024-11-18T19:04:15.132+0000] {logging_mixin.py:190} INFO - [2024-11-18T19:04:15.131+0000] {dag.py:4180} INFO - Setting next_dagrun for tutorial to 2024-11-17 00:00:00+00:00, run_after=2024-11-18 00:00:00+00:00
[2024-11-18T19:04:15.216+0000] {processor.py:208} INFO - Processing /home/airflow/.local/lib/python3.12/site-packages/airflow/example_dags/tutorial.py took 0.231 seconds
[2024-11-18T19:04:45.577+0000] {processor.py:186} INFO - Started process (PID=306) to work on /home/airflow/.local/lib/python3.12/site-packages/airflow/example_dags/tutorial.py
[2024-11-18T19:04:45.578+0000] {processor.py:914} INFO - Processing file /home/airflow/.local/lib/python3.12/site-packages/airflow/example_dags/tutorial.py for tasks to queue
[2024-11-18T19:04:45.580+0000] {logging_mixin.py:190} INFO - [2024-11-18T19:04:45.579+0000] {dagbag.py:588} INFO - Filling up the DagBag from /home/airflow/.local/lib/python3.12/site-packages/airflow/example_dags/tutorial.py
[2024-11-18T19:04:45.589+0000] {processor.py:925} INFO - DAG(s) 'tutorial' retrieved from /home/airflow/.local/lib/python3.12/site-packages/airflow/example_dags/tutorial.py
[2024-11-18T19:04:45.611+0000] {logging_mixin.py:190} INFO - [2024-11-18T19:04:45.611+0000] {dag.py:3239} INFO - Sync 1 DAGs
[2024-11-18T19:04:45.634+0000] {logging_mixin.py:190} INFO - [2024-11-18T19:04:45.634+0000] {dag.py:4180} INFO - Setting next_dagrun for tutorial to 2024-11-17 00:00:00+00:00, run_after=2024-11-18 00:00:00+00:00
[2024-11-18T19:04:45.653+0000] {processor.py:208} INFO - Processing /home/airflow/.local/lib/python3.12/site-packages/airflow/example_dags/tutorial.py took 0.082 seconds
[2024-11-18T19:05:16.079+0000] {processor.py:186} INFO - Started process (PID=369) to work on /home/airflow/.local/lib/python3.12/site-packages/airflow/example_dags/tutorial.py
[2024-11-18T19:05:16.080+0000] {processor.py:914} INFO - Processing file /home/airflow/.local/lib/python3.12/site-packages/airflow/example_dags/tutorial.py for tasks to queue
[2024-11-18T19:05:16.082+0000] {logging_mixin.py:190} INFO - [2024-11-18T19:05:16.082+0000] {dagbag.py:588} INFO - Filling up the DagBag from /home/airflow/.local/lib/python3.12/site-packages/airflow/example_dags/tutorial.py
[2024-11-18T19:05:16.091+0000] {processor.py:925} INFO - DAG(s) 'tutorial' retrieved from /home/airflow/.local/lib/python3.12/site-packages/airflow/example_dags/tutorial.py
[2024-11-18T19:05:16.118+0000] {logging_mixin.py:190} INFO - [2024-11-18T19:05:16.118+0000] {dag.py:3239} INFO - Sync 1 DAGs
[2024-11-18T19:05:16.141+0000] {logging_mixin.py:190} INFO - [2024-11-18T19:05:16.140+0000] {dag.py:4180} INFO - Setting next_dagrun for tutorial to 2024-11-17 00:00:00+00:00, run_after=2024-11-18 00:00:00+00:00
[2024-11-18T19:05:16.161+0000] {processor.py:208} INFO - Processing /home/airflow/.local/lib/python3.12/site-packages/airflow/example_dags/tutorial.py took 0.088 seconds
[2024-11-18T19:05:46.714+0000] {processor.py:186} INFO - Started process (PID=434) to work on /home/airflow/.local/lib/python3.12/site-packages/airflow/example_dags/tutorial.py
[2024-11-18T19:05:46.715+0000] {processor.py:914} INFO - Processing file /home/airflow/.local/lib/python3.12/site-packages/airflow/example_dags/tutorial.py for tasks to queue
[2024-11-18T19:05:46.717+0000] {logging_mixin.py:190} INFO - [2024-11-18T19:05:46.716+0000] {dagbag.py:588} INFO - Filling up the DagBag from /home/airflow/.local/lib/python3.12/site-packages/airflow/example_dags/tutorial.py
[2024-11-18T19:05:46.725+0000] {processor.py:925} INFO - DAG(s) 'tutorial' retrieved from /home/airflow/.local/lib/python3.12/site-packages/airflow/example_dags/tutorial.py
[2024-11-18T19:05:46.746+0000] {logging_mixin.py:190} INFO - [2024-11-18T19:05:46.746+0000] {dag.py:3239} INFO - Sync 1 DAGs
[2024-11-18T19:05:46.764+0000] {logging_mixin.py:190} INFO - [2024-11-18T19:05:46.764+0000] {dag.py:4180} INFO - Setting next_dagrun for tutorial to 2024-11-17 00:00:00+00:00, run_after=2024-11-18 00:00:00+00:00
[2024-11-18T19:05:46.792+0000] {processor.py:208} INFO - Processing /home/airflow/.local/lib/python3.12/site-packages/airflow/example_dags/tutorial.py took 0.084 seconds
[2024-11-18T19:06:17.581+0000] {processor.py:186} INFO - Started process (PID=497) to work on /home/airflow/.local/lib/python3.12/site-packages/airflow/example_dags/tutorial.py
[2024-11-18T19:06:17.586+0000] {processor.py:914} INFO - Processing file /home/airflow/.local/lib/python3.12/site-packages/airflow/example_dags/tutorial.py for tasks to queue
[2024-11-18T19:06:17.589+0000] {logging_mixin.py:190} INFO - [2024-11-18T19:06:17.588+0000] {dagbag.py:588} INFO - Filling up the DagBag from /home/airflow/.local/lib/python3.12/site-packages/airflow/example_dags/tutorial.py
[2024-11-18T19:06:17.612+0000] {processor.py:925} INFO - DAG(s) 'tutorial' retrieved from /home/airflow/.local/lib/python3.12/site-packages/airflow/example_dags/tutorial.py
[2024-11-18T19:06:17.644+0000] {logging_mixin.py:190} INFO - [2024-11-18T19:06:17.643+0000] {dag.py:3239} INFO - Sync 1 DAGs
[2024-11-18T19:06:17.694+0000] {logging_mixin.py:190} INFO - [2024-11-18T19:06:17.694+0000] {dag.py:4180} INFO - Setting next_dagrun for tutorial to 2024-11-17 00:00:00+00:00, run_after=2024-11-18 00:00:00+00:00
[2024-11-18T19:06:17.721+0000] {processor.py:208} INFO - Processing /home/airflow/.local/lib/python3.12/site-packages/airflow/example_dags/tutorial.py took 0.145 seconds
[2024-11-18T19:06:47.789+0000] {processor.py:186} INFO - Started process (PID=562) to work on /home/airflow/.local/lib/python3.12/site-packages/airflow/example_dags/tutorial.py
[2024-11-18T19:06:47.790+0000] {processor.py:914} INFO - Processing file /home/airflow/.local/lib/python3.12/site-packages/airflow/example_dags/tutorial.py for tasks to queue
[2024-11-18T19:06:47.791+0000] {logging_mixin.py:190} INFO - [2024-11-18T19:06:47.791+0000] {dagbag.py:588} INFO - Filling up the DagBag from /home/airflow/.local/lib/python3.12/site-packages/airflow/example_dags/tutorial.py
[2024-11-18T19:06:47.797+0000] {processor.py:925} INFO - DAG(s) 'tutorial' retrieved from /home/airflow/.local/lib/python3.12/site-packages/airflow/example_dags/tutorial.py
[2024-11-18T19:06:47.812+0000] {logging_mixin.py:190} INFO - [2024-11-18T19:06:47.812+0000] {dag.py:3239} INFO - Sync 1 DAGs
[2024-11-18T19:06:47.831+0000] {logging_mixin.py:190} INFO - [2024-11-18T19:06:47.830+0000] {dag.py:4180} INFO - Setting next_dagrun for tutorial to 2024-11-17 00:00:00+00:00, run_after=2024-11-18 00:00:00+00:00
[2024-11-18T19:06:47.847+0000] {processor.py:208} INFO - Processing /home/airflow/.local/lib/python3.12/site-packages/airflow/example_dags/tutorial.py took 0.063 seconds
[2024-11-18T19:07:18.266+0000] {processor.py:186} INFO - Started process (PID=626) to work on /home/airflow/.local/lib/python3.12/site-packages/airflow/example_dags/tutorial.py
[2024-11-18T19:07:18.266+0000] {processor.py:914} INFO - Processing file /home/airflow/.local/lib/python3.12/site-packages/airflow/example_dags/tutorial.py for tasks to queue
[2024-11-18T19:07:18.268+0000] {logging_mixin.py:190} INFO - [2024-11-18T19:07:18.268+0000] {dagbag.py:588} INFO - Filling up the DagBag from /home/airflow/.local/lib/python3.12/site-packages/airflow/example_dags/tutorial.py
[2024-11-18T19:07:18.276+0000] {processor.py:925} INFO - DAG(s) 'tutorial' retrieved from /home/airflow/.local/lib/python3.12/site-packages/airflow/example_dags/tutorial.py
[2024-11-18T19:07:18.292+0000] {logging_mixin.py:190} INFO - [2024-11-18T19:07:18.291+0000] {dag.py:3239} INFO - Sync 1 DAGs
[2024-11-18T19:07:18.315+0000] {logging_mixin.py:190} INFO - [2024-11-18T19:07:18.315+0000] {dag.py:4180} INFO - Setting next_dagrun for tutorial to 2024-11-17 00:00:00+00:00, run_after=2024-11-18 00:00:00+00:00
[2024-11-18T19:07:18.335+0000] {processor.py:208} INFO - Processing /home/airflow/.local/lib/python3.12/site-packages/airflow/example_dags/tutorial.py took 0.075 seconds
[2024-11-18T19:07:49.162+0000] {processor.py:186} INFO - Started process (PID=691) to work on /home/airflow/.local/lib/python3.12/site-packages/airflow/example_dags/tutorial.py
[2024-11-18T19:07:49.163+0000] {processor.py:914} INFO - Processing file /home/airflow/.local/lib/python3.12/site-packages/airflow/example_dags/tutorial.py for tasks to queue
[2024-11-18T19:07:49.165+0000] {logging_mixin.py:190} INFO - [2024-11-18T19:07:49.165+0000] {dagbag.py:588} INFO - Filling up the DagBag from /home/airflow/.local/lib/python3.12/site-packages/airflow/example_dags/tutorial.py
[2024-11-18T19:07:49.173+0000] {processor.py:925} INFO - DAG(s) 'tutorial' retrieved from /home/airflow/.local/lib/python3.12/site-packages/airflow/example_dags/tutorial.py
[2024-11-18T19:07:49.195+0000] {logging_mixin.py:190} INFO - [2024-11-18T19:07:49.195+0000] {dag.py:3239} INFO - Sync 1 DAGs
[2024-11-18T19:07:49.219+0000] {logging_mixin.py:190} INFO - [2024-11-18T19:07:49.218+0000] {dag.py:4180} INFO - Setting next_dagrun for tutorial to 2024-11-17 00:00:00+00:00, run_after=2024-11-18 00:00:00+00:00
[2024-11-18T19:07:49.236+0000] {processor.py:208} INFO - Processing /home/airflow/.local/lib/python3.12/site-packages/airflow/example_dags/tutorial.py took 0.080 seconds
[2024-11-18T19:08:20.512+0000] {processor.py:186} INFO - Started process (PID=756) to work on /home/airflow/.local/lib/python3.12/site-packages/airflow/example_dags/tutorial.py
[2024-11-18T19:08:20.513+0000] {processor.py:914} INFO - Processing file /home/airflow/.local/lib/python3.12/site-packages/airflow/example_dags/tutorial.py for tasks to queue
[2024-11-18T19:08:20.539+0000] {logging_mixin.py:190} INFO - [2024-11-18T19:08:20.539+0000] {dagbag.py:588} INFO - Filling up the DagBag from /home/airflow/.local/lib/python3.12/site-packages/airflow/example_dags/tutorial.py
[2024-11-18T19:08:20.564+0000] {processor.py:925} INFO - DAG(s) 'tutorial' retrieved from /home/airflow/.local/lib/python3.12/site-packages/airflow/example_dags/tutorial.py
[2024-11-18T19:08:20.620+0000] {logging_mixin.py:190} INFO - [2024-11-18T19:08:20.619+0000] {dag.py:3239} INFO - Sync 1 DAGs
[2024-11-18T19:08:20.676+0000] {logging_mixin.py:190} INFO - [2024-11-18T19:08:20.676+0000] {dag.py:4180} INFO - Setting next_dagrun for tutorial to 2024-11-17 00:00:00+00:00, run_after=2024-11-18 00:00:00+00:00
[2024-11-18T19:08:20.698+0000] {processor.py:208} INFO - Processing /home/airflow/.local/lib/python3.12/site-packages/airflow/example_dags/tutorial.py took 0.204 seconds
[2024-11-18T19:08:50.874+0000] {processor.py:186} INFO - Started process (PID=820) to work on /home/airflow/.local/lib/python3.12/site-packages/airflow/example_dags/tutorial.py
[2024-11-18T19:08:50.875+0000] {processor.py:914} INFO - Processing file /home/airflow/.local/lib/python3.12/site-packages/airflow/example_dags/tutorial.py for tasks to queue
[2024-11-18T19:08:50.877+0000] {logging_mixin.py:190} INFO - [2024-11-18T19:08:50.877+0000] {dagbag.py:588} INFO - Filling up the DagBag from /home/airflow/.local/lib/python3.12/site-packages/airflow/example_dags/tutorial.py
[2024-11-18T19:08:50.897+0000] {processor.py:925} INFO - DAG(s) 'tutorial' retrieved from /home/airflow/.local/lib/python3.12/site-packages/airflow/example_dags/tutorial.py
[2024-11-18T19:08:50.937+0000] {logging_mixin.py:190} INFO - [2024-11-18T19:08:50.937+0000] {dag.py:3239} INFO - Sync 1 DAGs
[2024-11-18T19:08:50.970+0000] {logging_mixin.py:190} INFO - [2024-11-18T19:08:50.970+0000] {dag.py:4180} INFO - Setting next_dagrun for tutorial to 2024-11-17 00:00:00+00:00, run_after=2024-11-18 00:00:00+00:00
[2024-11-18T19:08:51.023+0000] {processor.py:208} INFO - Processing /home/airflow/.local/lib/python3.12/site-packages/airflow/example_dags/tutorial.py took 0.156 seconds
[2024-11-18T19:09:22.151+0000] {processor.py:186} INFO - Started process (PID=884) to work on /home/airflow/.local/lib/python3.12/site-packages/airflow/example_dags/tutorial.py
[2024-11-18T19:09:22.152+0000] {processor.py:914} INFO - Processing file /home/airflow/.local/lib/python3.12/site-packages/airflow/example_dags/tutorial.py for tasks to queue
[2024-11-18T19:09:22.154+0000] {logging_mixin.py:190} INFO - [2024-11-18T19:09:22.154+0000] {dagbag.py:588} INFO - Filling up the DagBag from /home/airflow/.local/lib/python3.12/site-packages/airflow/example_dags/tutorial.py
[2024-11-18T19:09:22.162+0000] {processor.py:925} INFO - DAG(s) 'tutorial' retrieved from /home/airflow/.local/lib/python3.12/site-packages/airflow/example_dags/tutorial.py
[2024-11-18T19:09:22.183+0000] {logging_mixin.py:190} INFO - [2024-11-18T19:09:22.183+0000] {dag.py:3239} INFO - Sync 1 DAGs
[2024-11-18T19:09:22.205+0000] {logging_mixin.py:190} INFO - [2024-11-18T19:09:22.204+0000] {dag.py:4180} INFO - Setting next_dagrun for tutorial to 2024-11-17 00:00:00+00:00, run_after=2024-11-18 00:00:00+00:00
[2024-11-18T19:09:22.223+0000] {processor.py:208} INFO - Processing /home/airflow/.local/lib/python3.12/site-packages/airflow/example_dags/tutorial.py took 0.078 seconds
[2024-11-18T19:09:52.368+0000] {processor.py:186} INFO - Started process (PID=949) to work on /home/airflow/.local/lib/python3.12/site-packages/airflow/example_dags/tutorial.py
[2024-11-18T19:09:52.368+0000] {processor.py:914} INFO - Processing file /home/airflow/.local/lib/python3.12/site-packages/airflow/example_dags/tutorial.py for tasks to queue
[2024-11-18T19:09:52.371+0000] {logging_mixin.py:190} INFO - [2024-11-18T19:09:52.370+0000] {dagbag.py:588} INFO - Filling up the DagBag from /home/airflow/.local/lib/python3.12/site-packages/airflow/example_dags/tutorial.py
[2024-11-18T19:09:52.379+0000] {processor.py:925} INFO - DAG(s) 'tutorial' retrieved from /home/airflow/.local/lib/python3.12/site-packages/airflow/example_dags/tutorial.py
[2024-11-18T19:09:52.401+0000] {logging_mixin.py:190} INFO - [2024-11-18T19:09:52.401+0000] {dag.py:3239} INFO - Sync 1 DAGs
[2024-11-18T19:09:52.424+0000] {logging_mixin.py:190} INFO - [2024-11-18T19:09:52.423+0000] {dag.py:4180} INFO - Setting next_dagrun for tutorial to 2024-11-17 00:00:00+00:00, run_after=2024-11-18 00:00:00+00:00
[2024-11-18T19:09:52.445+0000] {processor.py:208} INFO - Processing /home/airflow/.local/lib/python3.12/site-packages/airflow/example_dags/tutorial.py took 0.084 seconds
[2024-11-18T19:10:22.674+0000] {processor.py:186} INFO - Started process (PID=1013) to work on /home/airflow/.local/lib/python3.12/site-packages/airflow/example_dags/tutorial.py
[2024-11-18T19:10:22.674+0000] {processor.py:914} INFO - Processing file /home/airflow/.local/lib/python3.12/site-packages/airflow/example_dags/tutorial.py for tasks to queue
[2024-11-18T19:10:22.677+0000] {logging_mixin.py:190} INFO - [2024-11-18T19:10:22.676+0000] {dagbag.py:588} INFO - Filling up the DagBag from /home/airflow/.local/lib/python3.12/site-packages/airflow/example_dags/tutorial.py
[2024-11-18T19:10:22.685+0000] {processor.py:925} INFO - DAG(s) 'tutorial' retrieved from /home/airflow/.local/lib/python3.12/site-packages/airflow/example_dags/tutorial.py
[2024-11-18T19:10:22.705+0000] {logging_mixin.py:190} INFO - [2024-11-18T19:10:22.704+0000] {dag.py:3239} INFO - Sync 1 DAGs
[2024-11-18T19:10:22.729+0000] {logging_mixin.py:190} INFO - [2024-11-18T19:10:22.728+0000] {dag.py:4180} INFO - Setting next_dagrun for tutorial to 2024-11-17 00:00:00+00:00, run_after=2024-11-18 00:00:00+00:00
[2024-11-18T19:10:22.748+0000] {processor.py:208} INFO - Processing /home/airflow/.local/lib/python3.12/site-packages/airflow/example_dags/tutorial.py took 0.081 seconds
[2024-11-18T19:10:52.885+0000] {processor.py:186} INFO - Started process (PID=1078) to work on /home/airflow/.local/lib/python3.12/site-packages/airflow/example_dags/tutorial.py
[2024-11-18T19:10:52.886+0000] {processor.py:914} INFO - Processing file /home/airflow/.local/lib/python3.12/site-packages/airflow/example_dags/tutorial.py for tasks to queue
[2024-11-18T19:10:52.889+0000] {logging_mixin.py:190} INFO - [2024-11-18T19:10:52.888+0000] {dagbag.py:588} INFO - Filling up the DagBag from /home/airflow/.local/lib/python3.12/site-packages/airflow/example_dags/tutorial.py
[2024-11-18T19:10:52.897+0000] {processor.py:925} INFO - DAG(s) 'tutorial' retrieved from /home/airflow/.local/lib/python3.12/site-packages/airflow/example_dags/tutorial.py
[2024-11-18T19:10:52.917+0000] {logging_mixin.py:190} INFO - [2024-11-18T19:10:52.917+0000] {dag.py:3239} INFO - Sync 1 DAGs
[2024-11-18T19:10:52.945+0000] {logging_mixin.py:190} INFO - [2024-11-18T19:10:52.945+0000] {dag.py:4180} INFO - Setting next_dagrun for tutorial to 2024-11-17 00:00:00+00:00, run_after=2024-11-18 00:00:00+00:00
[2024-11-18T19:10:52.970+0000] {processor.py:208} INFO - Processing /home/airflow/.local/lib/python3.12/site-packages/airflow/example_dags/tutorial.py took 0.091 seconds
[2024-11-18T19:11:23.505+0000] {processor.py:186} INFO - Started process (PID=1143) to work on /home/airflow/.local/lib/python3.12/site-packages/airflow/example_dags/tutorial.py
[2024-11-18T19:11:23.506+0000] {processor.py:914} INFO - Processing file /home/airflow/.local/lib/python3.12/site-packages/airflow/example_dags/tutorial.py for tasks to queue
[2024-11-18T19:11:23.508+0000] {logging_mixin.py:190} INFO - [2024-11-18T19:11:23.508+0000] {dagbag.py:588} INFO - Filling up the DagBag from /home/airflow/.local/lib/python3.12/site-packages/airflow/example_dags/tutorial.py
[2024-11-18T19:11:23.517+0000] {processor.py:925} INFO - DAG(s) 'tutorial' retrieved from /home/airflow/.local/lib/python3.12/site-packages/airflow/example_dags/tutorial.py
[2024-11-18T19:11:23.539+0000] {logging_mixin.py:190} INFO - [2024-11-18T19:11:23.539+0000] {dag.py:3239} INFO - Sync 1 DAGs
[2024-11-18T19:11:23.563+0000] {logging_mixin.py:190} INFO - [2024-11-18T19:11:23.563+0000] {dag.py:4180} INFO - Setting next_dagrun for tutorial to 2024-11-17 00:00:00+00:00, run_after=2024-11-18 00:00:00+00:00
[2024-11-18T19:11:23.582+0000] {processor.py:208} INFO - Processing /home/airflow/.local/lib/python3.12/site-packages/airflow/example_dags/tutorial.py took 0.083 seconds
[2024-11-18T19:11:53.915+0000] {processor.py:186} INFO - Started process (PID=1207) to work on /home/airflow/.local/lib/python3.12/site-packages/airflow/example_dags/tutorial.py
[2024-11-18T19:11:53.916+0000] {processor.py:914} INFO - Processing file /home/airflow/.local/lib/python3.12/site-packages/airflow/example_dags/tutorial.py for tasks to queue
[2024-11-18T19:11:53.918+0000] {logging_mixin.py:190} INFO - [2024-11-18T19:11:53.918+0000] {dagbag.py:588} INFO - Filling up the DagBag from /home/airflow/.local/lib/python3.12/site-packages/airflow/example_dags/tutorial.py
[2024-11-18T19:11:53.926+0000] {processor.py:925} INFO - DAG(s) 'tutorial' retrieved from /home/airflow/.local/lib/python3.12/site-packages/airflow/example_dags/tutorial.py
[2024-11-18T19:11:53.946+0000] {logging_mixin.py:190} INFO - [2024-11-18T19:11:53.946+0000] {dag.py:3239} INFO - Sync 1 DAGs
[2024-11-18T19:11:53.969+0000] {logging_mixin.py:190} INFO - [2024-11-18T19:11:53.969+0000] {dag.py:4180} INFO - Setting next_dagrun for tutorial to 2024-11-17 00:00:00+00:00, run_after=2024-11-18 00:00:00+00:00
[2024-11-18T19:11:53.990+0000] {processor.py:208} INFO - Processing /home/airflow/.local/lib/python3.12/site-packages/airflow/example_dags/tutorial.py took 0.081 seconds
[2024-11-18T19:12:24.261+0000] {processor.py:186} INFO - Started process (PID=1271) to work on /home/airflow/.local/lib/python3.12/site-packages/airflow/example_dags/tutorial.py
[2024-11-18T19:12:24.262+0000] {processor.py:914} INFO - Processing file /home/airflow/.local/lib/python3.12/site-packages/airflow/example_dags/tutorial.py for tasks to queue
[2024-11-18T19:12:24.264+0000] {logging_mixin.py:190} INFO - [2024-11-18T19:12:24.264+0000] {dagbag.py:588} INFO - Filling up the DagBag from /home/airflow/.local/lib/python3.12/site-packages/airflow/example_dags/tutorial.py
[2024-11-18T19:12:24.272+0000] {processor.py:925} INFO - DAG(s) 'tutorial' retrieved from /home/airflow/.local/lib/python3.12/site-packages/airflow/example_dags/tutorial.py
[2024-11-18T19:12:24.293+0000] {logging_mixin.py:190} INFO - [2024-11-18T19:12:24.293+0000] {dag.py:3239} INFO - Sync 1 DAGs
[2024-11-18T19:12:24.313+0000] {logging_mixin.py:190} INFO - [2024-11-18T19:12:24.313+0000] {dag.py:4180} INFO - Setting next_dagrun for tutorial to 2024-11-17 00:00:00+00:00, run_after=2024-11-18 00:00:00+00:00
[2024-11-18T19:12:24.353+0000] {processor.py:208} INFO - Processing /home/airflow/.local/lib/python3.12/site-packages/airflow/example_dags/tutorial.py took 0.097 seconds
[2024-11-18T19:12:54.889+0000] {processor.py:186} INFO - Started process (PID=1335) to work on /home/airflow/.local/lib/python3.12/site-packages/airflow/example_dags/tutorial.py
[2024-11-18T19:12:54.890+0000] {processor.py:914} INFO - Processing file /home/airflow/.local/lib/python3.12/site-packages/airflow/example_dags/tutorial.py for tasks to queue
[2024-11-18T19:12:54.892+0000] {logging_mixin.py:190} INFO - [2024-11-18T19:12:54.892+0000] {dagbag.py:588} INFO - Filling up the DagBag from /home/airflow/.local/lib/python3.12/site-packages/airflow/example_dags/tutorial.py
[2024-11-18T19:12:54.900+0000] {processor.py:925} INFO - DAG(s) 'tutorial' retrieved from /home/airflow/.local/lib/python3.12/site-packages/airflow/example_dags/tutorial.py
[2024-11-18T19:12:54.920+0000] {logging_mixin.py:190} INFO - [2024-11-18T19:12:54.920+0000] {dag.py:3239} INFO - Sync 1 DAGs
[2024-11-18T19:12:54.945+0000] {logging_mixin.py:190} INFO - [2024-11-18T19:12:54.945+0000] {dag.py:4180} INFO - Setting next_dagrun for tutorial to 2024-11-17 00:00:00+00:00, run_after=2024-11-18 00:00:00+00:00
[2024-11-18T19:12:54.987+0000] {processor.py:208} INFO - Processing /home/airflow/.local/lib/python3.12/site-packages/airflow/example_dags/tutorial.py took 0.106 seconds
[2024-11-18T19:13:25.028+0000] {processor.py:186} INFO - Started process (PID=1399) to work on /home/airflow/.local/lib/python3.12/site-packages/airflow/example_dags/tutorial.py
[2024-11-18T19:13:25.028+0000] {processor.py:914} INFO - Processing file /home/airflow/.local/lib/python3.12/site-packages/airflow/example_dags/tutorial.py for tasks to queue
[2024-11-18T19:13:25.030+0000] {logging_mixin.py:190} INFO - [2024-11-18T19:13:25.030+0000] {dagbag.py:588} INFO - Filling up the DagBag from /home/airflow/.local/lib/python3.12/site-packages/airflow/example_dags/tutorial.py
[2024-11-18T19:13:25.036+0000] {processor.py:925} INFO - DAG(s) 'tutorial' retrieved from /home/airflow/.local/lib/python3.12/site-packages/airflow/example_dags/tutorial.py
[2024-11-18T19:13:25.051+0000] {logging_mixin.py:190} INFO - [2024-11-18T19:13:25.051+0000] {dag.py:3239} INFO - Sync 1 DAGs
[2024-11-18T19:13:25.069+0000] {logging_mixin.py:190} INFO - [2024-11-18T19:13:25.068+0000] {dag.py:4180} INFO - Setting next_dagrun for tutorial to 2024-11-17 00:00:00+00:00, run_after=2024-11-18 00:00:00+00:00
[2024-11-18T19:13:25.085+0000] {processor.py:208} INFO - Processing /home/airflow/.local/lib/python3.12/site-packages/airflow/example_dags/tutorial.py took 0.062 seconds
[2024-11-18T19:13:56.029+0000] {processor.py:186} INFO - Started process (PID=1465) to work on /home/airflow/.local/lib/python3.12/site-packages/airflow/example_dags/tutorial.py
[2024-11-18T19:13:56.030+0000] {processor.py:914} INFO - Processing file /home/airflow/.local/lib/python3.12/site-packages/airflow/example_dags/tutorial.py for tasks to queue
[2024-11-18T19:13:56.032+0000] {logging_mixin.py:190} INFO - [2024-11-18T19:13:56.032+0000] {dagbag.py:588} INFO - Filling up the DagBag from /home/airflow/.local/lib/python3.12/site-packages/airflow/example_dags/tutorial.py
[2024-11-18T19:13:56.040+0000] {processor.py:925} INFO - DAG(s) 'tutorial' retrieved from /home/airflow/.local/lib/python3.12/site-packages/airflow/example_dags/tutorial.py
[2024-11-18T19:13:56.060+0000] {logging_mixin.py:190} INFO - [2024-11-18T19:13:56.060+0000] {dag.py:3239} INFO - Sync 1 DAGs
[2024-11-18T19:13:56.085+0000] {logging_mixin.py:190} INFO - [2024-11-18T19:13:56.084+0000] {dag.py:4180} INFO - Setting next_dagrun for tutorial to 2024-11-17 00:00:00+00:00, run_after=2024-11-18 00:00:00+00:00
[2024-11-18T19:13:56.106+0000] {processor.py:208} INFO - Processing /home/airflow/.local/lib/python3.12/site-packages/airflow/example_dags/tutorial.py took 0.083 seconds
[2024-11-18T19:14:28.088+0000] {processor.py:186} INFO - Started process (PID=1530) to work on /home/airflow/.local/lib/python3.12/site-packages/airflow/example_dags/tutorial.py
[2024-11-18T19:14:28.089+0000] {processor.py:914} INFO - Processing file /home/airflow/.local/lib/python3.12/site-packages/airflow/example_dags/tutorial.py for tasks to queue
[2024-11-18T19:14:28.091+0000] {logging_mixin.py:190} INFO - [2024-11-18T19:14:28.091+0000] {dagbag.py:588} INFO - Filling up the DagBag from /home/airflow/.local/lib/python3.12/site-packages/airflow/example_dags/tutorial.py
[2024-11-18T19:14:28.099+0000] {processor.py:925} INFO - DAG(s) 'tutorial' retrieved from /home/airflow/.local/lib/python3.12/site-packages/airflow/example_dags/tutorial.py
[2024-11-18T19:14:28.119+0000] {logging_mixin.py:190} INFO - [2024-11-18T19:14:28.119+0000] {dag.py:3239} INFO - Sync 1 DAGs
[2024-11-18T19:14:28.159+0000] {logging_mixin.py:190} INFO - [2024-11-18T19:14:28.159+0000] {dag.py:4180} INFO - Setting next_dagrun for tutorial to 2024-11-17 00:00:00+00:00, run_after=2024-11-18 00:00:00+00:00
[2024-11-18T19:14:28.195+0000] {processor.py:208} INFO - Processing /home/airflow/.local/lib/python3.12/site-packages/airflow/example_dags/tutorial.py took 0.113 seconds
[2024-11-18T19:14:59.048+0000] {processor.py:186} INFO - Started process (PID=1595) to work on /home/airflow/.local/lib/python3.12/site-packages/airflow/example_dags/tutorial.py
[2024-11-18T19:14:59.049+0000] {processor.py:914} INFO - Processing file /home/airflow/.local/lib/python3.12/site-packages/airflow/example_dags/tutorial.py for tasks to queue
[2024-11-18T19:14:59.051+0000] {logging_mixin.py:190} INFO - [2024-11-18T19:14:59.050+0000] {dagbag.py:588} INFO - Filling up the DagBag from /home/airflow/.local/lib/python3.12/site-packages/airflow/example_dags/tutorial.py
[2024-11-18T19:14:59.057+0000] {processor.py:925} INFO - DAG(s) 'tutorial' retrieved from /home/airflow/.local/lib/python3.12/site-packages/airflow/example_dags/tutorial.py
[2024-11-18T19:14:59.071+0000] {logging_mixin.py:190} INFO - [2024-11-18T19:14:59.071+0000] {dag.py:3239} INFO - Sync 1 DAGs
[2024-11-18T19:14:59.089+0000] {logging_mixin.py:190} INFO - [2024-11-18T19:14:59.089+0000] {dag.py:4180} INFO - Setting next_dagrun for tutorial to 2024-11-17 00:00:00+00:00, run_after=2024-11-18 00:00:00+00:00
[2024-11-18T19:14:59.117+0000] {processor.py:208} INFO - Processing /home/airflow/.local/lib/python3.12/site-packages/airflow/example_dags/tutorial.py took 0.073 seconds
[2024-11-18T19:15:30.758+0000] {processor.py:186} INFO - Started process (PID=1660) to work on /home/airflow/.local/lib/python3.12/site-packages/airflow/example_dags/tutorial.py
[2024-11-18T19:15:30.758+0000] {processor.py:914} INFO - Processing file /home/airflow/.local/lib/python3.12/site-packages/airflow/example_dags/tutorial.py for tasks to queue
[2024-11-18T19:15:30.761+0000] {logging_mixin.py:190} INFO - [2024-11-18T19:15:30.760+0000] {dagbag.py:588} INFO - Filling up the DagBag from /home/airflow/.local/lib/python3.12/site-packages/airflow/example_dags/tutorial.py
[2024-11-18T19:15:30.768+0000] {processor.py:925} INFO - DAG(s) 'tutorial' retrieved from /home/airflow/.local/lib/python3.12/site-packages/airflow/example_dags/tutorial.py
[2024-11-18T19:15:30.812+0000] {logging_mixin.py:190} INFO - [2024-11-18T19:15:30.812+0000] {dag.py:3239} INFO - Sync 1 DAGs
[2024-11-18T19:15:30.860+0000] {logging_mixin.py:190} INFO - [2024-11-18T19:15:30.859+0000] {dag.py:4180} INFO - Setting next_dagrun for tutorial to 2024-11-17 00:00:00+00:00, run_after=2024-11-18 00:00:00+00:00
[2024-11-18T19:15:30.919+0000] {processor.py:208} INFO - Processing /home/airflow/.local/lib/python3.12/site-packages/airflow/example_dags/tutorial.py took 0.167 seconds
[2024-11-18T19:16:01.308+0000] {processor.py:186} INFO - Started process (PID=1724) to work on /home/airflow/.local/lib/python3.12/site-packages/airflow/example_dags/tutorial.py
[2024-11-18T19:16:01.309+0000] {processor.py:914} INFO - Processing file /home/airflow/.local/lib/python3.12/site-packages/airflow/example_dags/tutorial.py for tasks to queue
[2024-11-18T19:16:01.311+0000] {logging_mixin.py:190} INFO - [2024-11-18T19:16:01.311+0000] {dagbag.py:588} INFO - Filling up the DagBag from /home/airflow/.local/lib/python3.12/site-packages/airflow/example_dags/tutorial.py
[2024-11-18T19:16:01.320+0000] {processor.py:925} INFO - DAG(s) 'tutorial' retrieved from /home/airflow/.local/lib/python3.12/site-packages/airflow/example_dags/tutorial.py
[2024-11-18T19:16:01.341+0000] {logging_mixin.py:190} INFO - [2024-11-18T19:16:01.340+0000] {dag.py:3239} INFO - Sync 1 DAGs
[2024-11-18T19:16:01.365+0000] {logging_mixin.py:190} INFO - [2024-11-18T19:16:01.365+0000] {dag.py:4180} INFO - Setting next_dagrun for tutorial to 2024-11-17 00:00:00+00:00, run_after=2024-11-18 00:00:00+00:00
[2024-11-18T19:16:01.393+0000] {processor.py:208} INFO - Processing /home/airflow/.local/lib/python3.12/site-packages/airflow/example_dags/tutorial.py took 0.091 seconds
[2024-11-18T19:16:31.534+0000] {processor.py:186} INFO - Started process (PID=1787) to work on /home/airflow/.local/lib/python3.12/site-packages/airflow/example_dags/tutorial.py
[2024-11-18T19:16:31.535+0000] {processor.py:914} INFO - Processing file /home/airflow/.local/lib/python3.12/site-packages/airflow/example_dags/tutorial.py for tasks to queue
[2024-11-18T19:16:31.537+0000] {logging_mixin.py:190} INFO - [2024-11-18T19:16:31.537+0000] {dagbag.py:588} INFO - Filling up the DagBag from /home/airflow/.local/lib/python3.12/site-packages/airflow/example_dags/tutorial.py
[2024-11-18T19:16:31.545+0000] {processor.py:925} INFO - DAG(s) 'tutorial' retrieved from /home/airflow/.local/lib/python3.12/site-packages/airflow/example_dags/tutorial.py
[2024-11-18T19:16:31.565+0000] {logging_mixin.py:190} INFO - [2024-11-18T19:16:31.564+0000] {dag.py:3239} INFO - Sync 1 DAGs
[2024-11-18T19:16:31.588+0000] {logging_mixin.py:190} INFO - [2024-11-18T19:16:31.588+0000] {dag.py:4180} INFO - Setting next_dagrun for tutorial to 2024-11-17 00:00:00+00:00, run_after=2024-11-18 00:00:00+00:00
[2024-11-18T19:16:31.609+0000] {processor.py:208} INFO - Processing /home/airflow/.local/lib/python3.12/site-packages/airflow/example_dags/tutorial.py took 0.081 seconds
[2024-11-18T19:17:01.904+0000] {processor.py:186} INFO - Started process (PID=1849) to work on /home/airflow/.local/lib/python3.12/site-packages/airflow/example_dags/tutorial.py
[2024-11-18T19:17:01.905+0000] {processor.py:914} INFO - Processing file /home/airflow/.local/lib/python3.12/site-packages/airflow/example_dags/tutorial.py for tasks to queue
[2024-11-18T19:17:01.907+0000] {logging_mixin.py:190} INFO - [2024-11-18T19:17:01.906+0000] {dagbag.py:588} INFO - Filling up the DagBag from /home/airflow/.local/lib/python3.12/site-packages/airflow/example_dags/tutorial.py
[2024-11-18T19:17:01.914+0000] {processor.py:925} INFO - DAG(s) 'tutorial' retrieved from /home/airflow/.local/lib/python3.12/site-packages/airflow/example_dags/tutorial.py
[2024-11-18T19:17:01.935+0000] {logging_mixin.py:190} INFO - [2024-11-18T19:17:01.935+0000] {dag.py:3239} INFO - Sync 1 DAGs
[2024-11-18T19:17:01.962+0000] {logging_mixin.py:190} INFO - [2024-11-18T19:17:01.961+0000] {dag.py:4180} INFO - Setting next_dagrun for tutorial to 2024-11-17 00:00:00+00:00, run_after=2024-11-18 00:00:00+00:00
[2024-11-18T19:17:01.982+0000] {processor.py:208} INFO - Processing /home/airflow/.local/lib/python3.12/site-packages/airflow/example_dags/tutorial.py took 0.082 seconds
[2024-11-18T19:17:32.257+0000] {processor.py:186} INFO - Started process (PID=1913) to work on /home/airflow/.local/lib/python3.12/site-packages/airflow/example_dags/tutorial.py
[2024-11-18T19:17:32.258+0000] {processor.py:914} INFO - Processing file /home/airflow/.local/lib/python3.12/site-packages/airflow/example_dags/tutorial.py for tasks to queue
[2024-11-18T19:17:32.260+0000] {logging_mixin.py:190} INFO - [2024-11-18T19:17:32.259+0000] {dagbag.py:588} INFO - Filling up the DagBag from /home/airflow/.local/lib/python3.12/site-packages/airflow/example_dags/tutorial.py
[2024-11-18T19:17:32.267+0000] {processor.py:925} INFO - DAG(s) 'tutorial' retrieved from /home/airflow/.local/lib/python3.12/site-packages/airflow/example_dags/tutorial.py
[2024-11-18T19:17:32.288+0000] {logging_mixin.py:190} INFO - [2024-11-18T19:17:32.287+0000] {dag.py:3239} INFO - Sync 1 DAGs
[2024-11-18T19:17:32.312+0000] {logging_mixin.py:190} INFO - [2024-11-18T19:17:32.311+0000] {dag.py:4180} INFO - Setting next_dagrun for tutorial to 2024-11-17 00:00:00+00:00, run_after=2024-11-18 00:00:00+00:00
[2024-11-18T19:17:32.333+0000] {processor.py:208} INFO - Processing /home/airflow/.local/lib/python3.12/site-packages/airflow/example_dags/tutorial.py took 0.080 seconds
[2024-11-18T19:18:02.591+0000] {processor.py:186} INFO - Started process (PID=1978) to work on /home/airflow/.local/lib/python3.12/site-packages/airflow/example_dags/tutorial.py
[2024-11-18T19:18:02.600+0000] {processor.py:914} INFO - Processing file /home/airflow/.local/lib/python3.12/site-packages/airflow/example_dags/tutorial.py for tasks to queue
[2024-11-18T19:18:02.605+0000] {logging_mixin.py:190} INFO - [2024-11-18T19:18:02.602+0000] {dagbag.py:588} INFO - Filling up the DagBag from /home/airflow/.local/lib/python3.12/site-packages/airflow/example_dags/tutorial.py
[2024-11-18T19:18:02.620+0000] {processor.py:925} INFO - DAG(s) 'tutorial' retrieved from /home/airflow/.local/lib/python3.12/site-packages/airflow/example_dags/tutorial.py
[2024-11-18T19:18:02.643+0000] {logging_mixin.py:190} INFO - [2024-11-18T19:18:02.643+0000] {dag.py:3239} INFO - Sync 1 DAGs
[2024-11-18T19:18:02.666+0000] {logging_mixin.py:190} INFO - [2024-11-18T19:18:02.666+0000] {dag.py:4180} INFO - Setting next_dagrun for tutorial to 2024-11-17 00:00:00+00:00, run_after=2024-11-18 00:00:00+00:00
[2024-11-18T19:18:02.689+0000] {processor.py:208} INFO - Processing /home/airflow/.local/lib/python3.12/site-packages/airflow/example_dags/tutorial.py took 0.105 seconds
[2024-11-18T19:18:33.125+0000] {processor.py:186} INFO - Started process (PID=2043) to work on /home/airflow/.local/lib/python3.12/site-packages/airflow/example_dags/tutorial.py
[2024-11-18T19:18:33.126+0000] {processor.py:914} INFO - Processing file /home/airflow/.local/lib/python3.12/site-packages/airflow/example_dags/tutorial.py for tasks to queue
[2024-11-18T19:18:33.128+0000] {logging_mixin.py:190} INFO - [2024-11-18T19:18:33.128+0000] {dagbag.py:588} INFO - Filling up the DagBag from /home/airflow/.local/lib/python3.12/site-packages/airflow/example_dags/tutorial.py
[2024-11-18T19:18:33.137+0000] {processor.py:925} INFO - DAG(s) 'tutorial' retrieved from /home/airflow/.local/lib/python3.12/site-packages/airflow/example_dags/tutorial.py
[2024-11-18T19:18:33.157+0000] {logging_mixin.py:190} INFO - [2024-11-18T19:18:33.156+0000] {dag.py:3239} INFO - Sync 1 DAGs
[2024-11-18T19:18:33.182+0000] {logging_mixin.py:190} INFO - [2024-11-18T19:18:33.182+0000] {dag.py:4180} INFO - Setting next_dagrun for tutorial to 2024-11-17 00:00:00+00:00, run_after=2024-11-18 00:00:00+00:00
[2024-11-18T19:18:33.210+0000] {processor.py:208} INFO - Processing /home/airflow/.local/lib/python3.12/site-packages/airflow/example_dags/tutorial.py took 0.091 seconds
[2024-11-18T19:19:03.324+0000] {processor.py:186} INFO - Started process (PID=2107) to work on /home/airflow/.local/lib/python3.12/site-packages/airflow/example_dags/tutorial.py
[2024-11-18T19:19:03.325+0000] {processor.py:914} INFO - Processing file /home/airflow/.local/lib/python3.12/site-packages/airflow/example_dags/tutorial.py for tasks to queue
[2024-11-18T19:19:03.327+0000] {logging_mixin.py:190} INFO - [2024-11-18T19:19:03.327+0000] {dagbag.py:588} INFO - Filling up the DagBag from /home/airflow/.local/lib/python3.12/site-packages/airflow/example_dags/tutorial.py
[2024-11-18T19:19:03.336+0000] {processor.py:925} INFO - DAG(s) 'tutorial' retrieved from /home/airflow/.local/lib/python3.12/site-packages/airflow/example_dags/tutorial.py
[2024-11-18T19:19:03.356+0000] {logging_mixin.py:190} INFO - [2024-11-18T19:19:03.356+0000] {dag.py:3239} INFO - Sync 1 DAGs
[2024-11-18T19:19:03.380+0000] {logging_mixin.py:190} INFO - [2024-11-18T19:19:03.380+0000] {dag.py:4180} INFO - Setting next_dagrun for tutorial to 2024-11-17 00:00:00+00:00, run_after=2024-11-18 00:00:00+00:00
[2024-11-18T19:19:03.402+0000] {processor.py:208} INFO - Processing /home/airflow/.local/lib/python3.12/site-packages/airflow/example_dags/tutorial.py took 0.084 seconds
[2024-11-18T19:19:33.529+0000] {processor.py:186} INFO - Started process (PID=2171) to work on /home/airflow/.local/lib/python3.12/site-packages/airflow/example_dags/tutorial.py
[2024-11-18T19:19:33.530+0000] {processor.py:914} INFO - Processing file /home/airflow/.local/lib/python3.12/site-packages/airflow/example_dags/tutorial.py for tasks to queue
[2024-11-18T19:19:33.532+0000] {logging_mixin.py:190} INFO - [2024-11-18T19:19:33.532+0000] {dagbag.py:588} INFO - Filling up the DagBag from /home/airflow/.local/lib/python3.12/site-packages/airflow/example_dags/tutorial.py
[2024-11-18T19:19:33.540+0000] {processor.py:925} INFO - DAG(s) 'tutorial' retrieved from /home/airflow/.local/lib/python3.12/site-packages/airflow/example_dags/tutorial.py
[2024-11-18T19:19:33.559+0000] {logging_mixin.py:190} INFO - [2024-11-18T19:19:33.559+0000] {dag.py:3239} INFO - Sync 1 DAGs
[2024-11-18T19:19:33.596+0000] {logging_mixin.py:190} INFO - [2024-11-18T19:19:33.596+0000] {dag.py:4180} INFO - Setting next_dagrun for tutorial to 2024-11-17 00:00:00+00:00, run_after=2024-11-18 00:00:00+00:00
[2024-11-18T19:19:33.627+0000] {processor.py:208} INFO - Processing /home/airflow/.local/lib/python3.12/site-packages/airflow/example_dags/tutorial.py took 0.104 seconds
[2024-11-18T19:20:03.943+0000] {processor.py:186} INFO - Started process (PID=2236) to work on /home/airflow/.local/lib/python3.12/site-packages/airflow/example_dags/tutorial.py
[2024-11-18T19:20:03.944+0000] {processor.py:914} INFO - Processing file /home/airflow/.local/lib/python3.12/site-packages/airflow/example_dags/tutorial.py for tasks to queue
[2024-11-18T19:20:03.946+0000] {logging_mixin.py:190} INFO - [2024-11-18T19:20:03.946+0000] {dagbag.py:588} INFO - Filling up the DagBag from /home/airflow/.local/lib/python3.12/site-packages/airflow/example_dags/tutorial.py
[2024-11-18T19:20:03.955+0000] {processor.py:925} INFO - DAG(s) 'tutorial' retrieved from /home/airflow/.local/lib/python3.12/site-packages/airflow/example_dags/tutorial.py
[2024-11-18T19:20:03.974+0000] {logging_mixin.py:190} INFO - [2024-11-18T19:20:03.974+0000] {dag.py:3239} INFO - Sync 1 DAGs
[2024-11-18T19:20:03.998+0000] {logging_mixin.py:190} INFO - [2024-11-18T19:20:03.997+0000] {dag.py:4180} INFO - Setting next_dagrun for tutorial to 2024-11-17 00:00:00+00:00, run_after=2024-11-18 00:00:00+00:00
[2024-11-18T19:20:04.032+0000] {processor.py:208} INFO - Processing /home/airflow/.local/lib/python3.12/site-packages/airflow/example_dags/tutorial.py took 0.095 seconds
[2024-11-18T19:20:34.179+0000] {processor.py:186} INFO - Started process (PID=2301) to work on /home/airflow/.local/lib/python3.12/site-packages/airflow/example_dags/tutorial.py
[2024-11-18T19:20:34.179+0000] {processor.py:914} INFO - Processing file /home/airflow/.local/lib/python3.12/site-packages/airflow/example_dags/tutorial.py for tasks to queue
[2024-11-18T19:20:34.182+0000] {logging_mixin.py:190} INFO - [2024-11-18T19:20:34.181+0000] {dagbag.py:588} INFO - Filling up the DagBag from /home/airflow/.local/lib/python3.12/site-packages/airflow/example_dags/tutorial.py
[2024-11-18T19:20:34.194+0000] {processor.py:925} INFO - DAG(s) 'tutorial' retrieved from /home/airflow/.local/lib/python3.12/site-packages/airflow/example_dags/tutorial.py
[2024-11-18T19:20:34.213+0000] {logging_mixin.py:190} INFO - [2024-11-18T19:20:34.213+0000] {dag.py:3239} INFO - Sync 1 DAGs
[2024-11-18T19:20:34.238+0000] {logging_mixin.py:190} INFO - [2024-11-18T19:20:34.237+0000] {dag.py:4180} INFO - Setting next_dagrun for tutorial to 2024-11-17 00:00:00+00:00, run_after=2024-11-18 00:00:00+00:00
[2024-11-18T19:20:34.266+0000] {processor.py:208} INFO - Processing /home/airflow/.local/lib/python3.12/site-packages/airflow/example_dags/tutorial.py took 0.094 seconds
[2024-11-18T19:21:05.029+0000] {processor.py:186} INFO - Started process (PID=2365) to work on /home/airflow/.local/lib/python3.12/site-packages/airflow/example_dags/tutorial.py
[2024-11-18T19:21:05.030+0000] {processor.py:914} INFO - Processing file /home/airflow/.local/lib/python3.12/site-packages/airflow/example_dags/tutorial.py for tasks to queue
[2024-11-18T19:21:05.032+0000] {logging_mixin.py:190} INFO - [2024-11-18T19:21:05.032+0000] {dagbag.py:588} INFO - Filling up the DagBag from /home/airflow/.local/lib/python3.12/site-packages/airflow/example_dags/tutorial.py
[2024-11-18T19:21:05.040+0000] {processor.py:925} INFO - DAG(s) 'tutorial' retrieved from /home/airflow/.local/lib/python3.12/site-packages/airflow/example_dags/tutorial.py
[2024-11-18T19:21:05.062+0000] {logging_mixin.py:190} INFO - [2024-11-18T19:21:05.061+0000] {dag.py:3239} INFO - Sync 1 DAGs
[2024-11-18T19:21:05.087+0000] {logging_mixin.py:190} INFO - [2024-11-18T19:21:05.087+0000] {dag.py:4180} INFO - Setting next_dagrun for tutorial to 2024-11-17 00:00:00+00:00, run_after=2024-11-18 00:00:00+00:00
[2024-11-18T19:21:05.109+0000] {processor.py:208} INFO - Processing /home/airflow/.local/lib/python3.12/site-packages/airflow/example_dags/tutorial.py took 0.086 seconds
[2024-11-18T19:21:35.614+0000] {processor.py:186} INFO - Started process (PID=2430) to work on /home/airflow/.local/lib/python3.12/site-packages/airflow/example_dags/tutorial.py
[2024-11-18T19:21:35.615+0000] {processor.py:914} INFO - Processing file /home/airflow/.local/lib/python3.12/site-packages/airflow/example_dags/tutorial.py for tasks to queue
[2024-11-18T19:21:35.617+0000] {logging_mixin.py:190} INFO - [2024-11-18T19:21:35.616+0000] {dagbag.py:588} INFO - Filling up the DagBag from /home/airflow/.local/lib/python3.12/site-packages/airflow/example_dags/tutorial.py
[2024-11-18T19:21:35.625+0000] {processor.py:925} INFO - DAG(s) 'tutorial' retrieved from /home/airflow/.local/lib/python3.12/site-packages/airflow/example_dags/tutorial.py
[2024-11-18T19:21:35.645+0000] {logging_mixin.py:190} INFO - [2024-11-18T19:21:35.645+0000] {dag.py:3239} INFO - Sync 1 DAGs
[2024-11-18T19:21:35.683+0000] {logging_mixin.py:190} INFO - [2024-11-18T19:21:35.682+0000] {dag.py:4180} INFO - Setting next_dagrun for tutorial to 2024-11-17 00:00:00+00:00, run_after=2024-11-18 00:00:00+00:00
[2024-11-18T19:21:35.722+0000] {processor.py:208} INFO - Processing /home/airflow/.local/lib/python3.12/site-packages/airflow/example_dags/tutorial.py took 0.114 seconds
[2024-11-18T19:22:06.086+0000] {processor.py:186} INFO - Started process (PID=2494) to work on /home/airflow/.local/lib/python3.12/site-packages/airflow/example_dags/tutorial.py
[2024-11-18T19:22:06.087+0000] {processor.py:914} INFO - Processing file /home/airflow/.local/lib/python3.12/site-packages/airflow/example_dags/tutorial.py for tasks to queue
[2024-11-18T19:22:06.089+0000] {logging_mixin.py:190} INFO - [2024-11-18T19:22:06.089+0000] {dagbag.py:588} INFO - Filling up the DagBag from /home/airflow/.local/lib/python3.12/site-packages/airflow/example_dags/tutorial.py
[2024-11-18T19:22:06.097+0000] {processor.py:925} INFO - DAG(s) 'tutorial' retrieved from /home/airflow/.local/lib/python3.12/site-packages/airflow/example_dags/tutorial.py
[2024-11-18T19:22:06.112+0000] {logging_mixin.py:190} INFO - [2024-11-18T19:22:06.112+0000] {dag.py:3239} INFO - Sync 1 DAGs
[2024-11-18T19:22:06.134+0000] {logging_mixin.py:190} INFO - [2024-11-18T19:22:06.134+0000] {dag.py:4180} INFO - Setting next_dagrun for tutorial to 2024-11-17 00:00:00+00:00, run_after=2024-11-18 00:00:00+00:00
[2024-11-18T19:22:06.155+0000] {processor.py:208} INFO - Processing /home/airflow/.local/lib/python3.12/site-packages/airflow/example_dags/tutorial.py took 0.076 seconds
[2024-11-18T19:22:38.180+0000] {processor.py:186} INFO - Started process (PID=2558) to work on /home/airflow/.local/lib/python3.12/site-packages/airflow/example_dags/tutorial.py
[2024-11-18T19:22:38.181+0000] {processor.py:914} INFO - Processing file /home/airflow/.local/lib/python3.12/site-packages/airflow/example_dags/tutorial.py for tasks to queue
[2024-11-18T19:22:38.183+0000] {logging_mixin.py:190} INFO - [2024-11-18T19:22:38.183+0000] {dagbag.py:588} INFO - Filling up the DagBag from /home/airflow/.local/lib/python3.12/site-packages/airflow/example_dags/tutorial.py
[2024-11-18T19:22:38.191+0000] {processor.py:925} INFO - DAG(s) 'tutorial' retrieved from /home/airflow/.local/lib/python3.12/site-packages/airflow/example_dags/tutorial.py
[2024-11-18T19:22:38.228+0000] {logging_mixin.py:190} INFO - [2024-11-18T19:22:38.228+0000] {dag.py:3239} INFO - Sync 1 DAGs
[2024-11-18T19:22:38.271+0000] {logging_mixin.py:190} INFO - [2024-11-18T19:22:38.271+0000] {dag.py:4180} INFO - Setting next_dagrun for tutorial to 2024-11-17 00:00:00+00:00, run_after=2024-11-18 00:00:00+00:00
[2024-11-18T19:22:38.313+0000] {processor.py:208} INFO - Processing /home/airflow/.local/lib/python3.12/site-packages/airflow/example_dags/tutorial.py took 0.139 seconds
[2024-11-18T19:23:10.218+0000] {processor.py:186} INFO - Started process (PID=2623) to work on /home/airflow/.local/lib/python3.12/site-packages/airflow/example_dags/tutorial.py
[2024-11-18T19:23:10.218+0000] {processor.py:914} INFO - Processing file /home/airflow/.local/lib/python3.12/site-packages/airflow/example_dags/tutorial.py for tasks to queue
[2024-11-18T19:23:10.233+0000] {logging_mixin.py:190} INFO - [2024-11-18T19:23:10.233+0000] {dagbag.py:588} INFO - Filling up the DagBag from /home/airflow/.local/lib/python3.12/site-packages/airflow/example_dags/tutorial.py
[2024-11-18T19:23:10.247+0000] {processor.py:925} INFO - DAG(s) 'tutorial' retrieved from /home/airflow/.local/lib/python3.12/site-packages/airflow/example_dags/tutorial.py
[2024-11-18T19:23:10.273+0000] {logging_mixin.py:190} INFO - [2024-11-18T19:23:10.272+0000] {dag.py:3239} INFO - Sync 1 DAGs
[2024-11-18T19:23:10.298+0000] {logging_mixin.py:190} INFO - [2024-11-18T19:23:10.298+0000] {dag.py:4180} INFO - Setting next_dagrun for tutorial to 2024-11-17 00:00:00+00:00, run_after=2024-11-18 00:00:00+00:00
[2024-11-18T19:23:10.323+0000] {processor.py:208} INFO - Processing /home/airflow/.local/lib/python3.12/site-packages/airflow/example_dags/tutorial.py took 0.112 seconds
[2024-11-18T19:23:40.801+0000] {processor.py:186} INFO - Started process (PID=2686) to work on /home/airflow/.local/lib/python3.12/site-packages/airflow/example_dags/tutorial.py
[2024-11-18T19:23:40.801+0000] {processor.py:914} INFO - Processing file /home/airflow/.local/lib/python3.12/site-packages/airflow/example_dags/tutorial.py for tasks to queue
[2024-11-18T19:23:40.803+0000] {logging_mixin.py:190} INFO - [2024-11-18T19:23:40.803+0000] {dagbag.py:588} INFO - Filling up the DagBag from /home/airflow/.local/lib/python3.12/site-packages/airflow/example_dags/tutorial.py
[2024-11-18T19:23:40.811+0000] {processor.py:925} INFO - DAG(s) 'tutorial' retrieved from /home/airflow/.local/lib/python3.12/site-packages/airflow/example_dags/tutorial.py
[2024-11-18T19:23:40.832+0000] {logging_mixin.py:190} INFO - [2024-11-18T19:23:40.831+0000] {dag.py:3239} INFO - Sync 1 DAGs
[2024-11-18T19:23:40.860+0000] {logging_mixin.py:190} INFO - [2024-11-18T19:23:40.860+0000] {dag.py:4180} INFO - Setting next_dagrun for tutorial to 2024-11-17 00:00:00+00:00, run_after=2024-11-18 00:00:00+00:00
[2024-11-18T19:23:40.886+0000] {processor.py:208} INFO - Processing /home/airflow/.local/lib/python3.12/site-packages/airflow/example_dags/tutorial.py took 0.091 seconds
[2024-11-18T19:24:11.481+0000] {processor.py:186} INFO - Started process (PID=2749) to work on /home/airflow/.local/lib/python3.12/site-packages/airflow/example_dags/tutorial.py
[2024-11-18T19:24:11.482+0000] {processor.py:914} INFO - Processing file /home/airflow/.local/lib/python3.12/site-packages/airflow/example_dags/tutorial.py for tasks to queue
[2024-11-18T19:24:11.484+0000] {logging_mixin.py:190} INFO - [2024-11-18T19:24:11.483+0000] {dagbag.py:588} INFO - Filling up the DagBag from /home/airflow/.local/lib/python3.12/site-packages/airflow/example_dags/tutorial.py
[2024-11-18T19:24:11.492+0000] {processor.py:925} INFO - DAG(s) 'tutorial' retrieved from /home/airflow/.local/lib/python3.12/site-packages/airflow/example_dags/tutorial.py
[2024-11-18T19:24:11.513+0000] {logging_mixin.py:190} INFO - [2024-11-18T19:24:11.513+0000] {dag.py:3239} INFO - Sync 1 DAGs
[2024-11-18T19:24:11.539+0000] {logging_mixin.py:190} INFO - [2024-11-18T19:24:11.538+0000] {dag.py:4180} INFO - Setting next_dagrun for tutorial to 2024-11-17 00:00:00+00:00, run_after=2024-11-18 00:00:00+00:00
[2024-11-18T19:24:11.560+0000] {processor.py:208} INFO - Processing /home/airflow/.local/lib/python3.12/site-packages/airflow/example_dags/tutorial.py took 0.085 seconds
[2024-11-18T19:24:41.624+0000] {processor.py:186} INFO - Started process (PID=2812) to work on /home/airflow/.local/lib/python3.12/site-packages/airflow/example_dags/tutorial.py
[2024-11-18T19:24:41.625+0000] {processor.py:914} INFO - Processing file /home/airflow/.local/lib/python3.12/site-packages/airflow/example_dags/tutorial.py for tasks to queue
[2024-11-18T19:24:41.627+0000] {logging_mixin.py:190} INFO - [2024-11-18T19:24:41.627+0000] {dagbag.py:588} INFO - Filling up the DagBag from /home/airflow/.local/lib/python3.12/site-packages/airflow/example_dags/tutorial.py
[2024-11-18T19:24:41.635+0000] {processor.py:925} INFO - DAG(s) 'tutorial' retrieved from /home/airflow/.local/lib/python3.12/site-packages/airflow/example_dags/tutorial.py
[2024-11-18T19:24:41.662+0000] {logging_mixin.py:190} INFO - [2024-11-18T19:24:41.661+0000] {dag.py:3239} INFO - Sync 1 DAGs
[2024-11-18T19:24:41.687+0000] {logging_mixin.py:190} INFO - [2024-11-18T19:24:41.687+0000] {dag.py:4180} INFO - Setting next_dagrun for tutorial to 2024-11-17 00:00:00+00:00, run_after=2024-11-18 00:00:00+00:00
[2024-11-18T19:24:41.711+0000] {processor.py:208} INFO - Processing /home/airflow/.local/lib/python3.12/site-packages/airflow/example_dags/tutorial.py took 0.092 seconds
[2024-11-18T19:25:11.876+0000] {processor.py:186} INFO - Started process (PID=2876) to work on /home/airflow/.local/lib/python3.12/site-packages/airflow/example_dags/tutorial.py
[2024-11-18T19:25:11.876+0000] {processor.py:914} INFO - Processing file /home/airflow/.local/lib/python3.12/site-packages/airflow/example_dags/tutorial.py for tasks to queue
[2024-11-18T19:25:11.878+0000] {logging_mixin.py:190} INFO - [2024-11-18T19:25:11.878+0000] {dagbag.py:588} INFO - Filling up the DagBag from /home/airflow/.local/lib/python3.12/site-packages/airflow/example_dags/tutorial.py
[2024-11-18T19:25:11.886+0000] {processor.py:925} INFO - DAG(s) 'tutorial' retrieved from /home/airflow/.local/lib/python3.12/site-packages/airflow/example_dags/tutorial.py
[2024-11-18T19:25:11.907+0000] {logging_mixin.py:190} INFO - [2024-11-18T19:25:11.906+0000] {dag.py:3239} INFO - Sync 1 DAGs
[2024-11-18T19:25:11.933+0000] {logging_mixin.py:190} INFO - [2024-11-18T19:25:11.933+0000] {dag.py:4180} INFO - Setting next_dagrun for tutorial to 2024-11-17 00:00:00+00:00, run_after=2024-11-18 00:00:00+00:00
[2024-11-18T19:25:11.956+0000] {processor.py:208} INFO - Processing /home/airflow/.local/lib/python3.12/site-packages/airflow/example_dags/tutorial.py took 0.086 seconds
[2024-11-18T19:25:42.165+0000] {processor.py:186} INFO - Started process (PID=2940) to work on /home/airflow/.local/lib/python3.12/site-packages/airflow/example_dags/tutorial.py
[2024-11-18T19:25:42.166+0000] {processor.py:914} INFO - Processing file /home/airflow/.local/lib/python3.12/site-packages/airflow/example_dags/tutorial.py for tasks to queue
[2024-11-18T19:25:42.168+0000] {logging_mixin.py:190} INFO - [2024-11-18T19:25:42.168+0000] {dagbag.py:588} INFO - Filling up the DagBag from /home/airflow/.local/lib/python3.12/site-packages/airflow/example_dags/tutorial.py
[2024-11-18T19:25:42.176+0000] {processor.py:925} INFO - DAG(s) 'tutorial' retrieved from /home/airflow/.local/lib/python3.12/site-packages/airflow/example_dags/tutorial.py
[2024-11-18T19:25:42.197+0000] {logging_mixin.py:190} INFO - [2024-11-18T19:25:42.197+0000] {dag.py:3239} INFO - Sync 1 DAGs
[2024-11-18T19:25:42.223+0000] {logging_mixin.py:190} INFO - [2024-11-18T19:25:42.223+0000] {dag.py:4180} INFO - Setting next_dagrun for tutorial to 2024-11-17 00:00:00+00:00, run_after=2024-11-18 00:00:00+00:00
[2024-11-18T19:25:42.246+0000] {processor.py:208} INFO - Processing /home/airflow/.local/lib/python3.12/site-packages/airflow/example_dags/tutorial.py took 0.086 seconds
[2024-11-18T19:26:12.697+0000] {processor.py:186} INFO - Started process (PID=3004) to work on /home/airflow/.local/lib/python3.12/site-packages/airflow/example_dags/tutorial.py
[2024-11-18T19:26:12.698+0000] {processor.py:914} INFO - Processing file /home/airflow/.local/lib/python3.12/site-packages/airflow/example_dags/tutorial.py for tasks to queue
[2024-11-18T19:26:12.700+0000] {logging_mixin.py:190} INFO - [2024-11-18T19:26:12.700+0000] {dagbag.py:588} INFO - Filling up the DagBag from /home/airflow/.local/lib/python3.12/site-packages/airflow/example_dags/tutorial.py
[2024-11-18T19:26:12.708+0000] {processor.py:925} INFO - DAG(s) 'tutorial' retrieved from /home/airflow/.local/lib/python3.12/site-packages/airflow/example_dags/tutorial.py
[2024-11-18T19:26:12.730+0000] {logging_mixin.py:190} INFO - [2024-11-18T19:26:12.730+0000] {dag.py:3239} INFO - Sync 1 DAGs
[2024-11-18T19:26:12.756+0000] {logging_mixin.py:190} INFO - [2024-11-18T19:26:12.756+0000] {dag.py:4180} INFO - Setting next_dagrun for tutorial to 2024-11-17 00:00:00+00:00, run_after=2024-11-18 00:00:00+00:00
[2024-11-18T19:26:12.778+0000] {processor.py:208} INFO - Processing /home/airflow/.local/lib/python3.12/site-packages/airflow/example_dags/tutorial.py took 0.086 seconds
[2024-11-18T19:26:43.405+0000] {processor.py:186} INFO - Started process (PID=3069) to work on /home/airflow/.local/lib/python3.12/site-packages/airflow/example_dags/tutorial.py
[2024-11-18T19:26:43.406+0000] {processor.py:914} INFO - Processing file /home/airflow/.local/lib/python3.12/site-packages/airflow/example_dags/tutorial.py for tasks to queue
[2024-11-18T19:26:43.408+0000] {logging_mixin.py:190} INFO - [2024-11-18T19:26:43.408+0000] {dagbag.py:588} INFO - Filling up the DagBag from /home/airflow/.local/lib/python3.12/site-packages/airflow/example_dags/tutorial.py
[2024-11-18T19:26:43.416+0000] {processor.py:925} INFO - DAG(s) 'tutorial' retrieved from /home/airflow/.local/lib/python3.12/site-packages/airflow/example_dags/tutorial.py
[2024-11-18T19:26:43.436+0000] {logging_mixin.py:190} INFO - [2024-11-18T19:26:43.436+0000] {dag.py:3239} INFO - Sync 1 DAGs
[2024-11-18T19:26:43.462+0000] {logging_mixin.py:190} INFO - [2024-11-18T19:26:43.462+0000] {dag.py:4180} INFO - Setting next_dagrun for tutorial to 2024-11-17 00:00:00+00:00, run_after=2024-11-18 00:00:00+00:00
[2024-11-18T19:26:43.490+0000] {processor.py:208} INFO - Processing /home/airflow/.local/lib/python3.12/site-packages/airflow/example_dags/tutorial.py took 0.090 seconds
[2024-11-18T19:27:14.100+0000] {processor.py:186} INFO - Started process (PID=3133) to work on /home/airflow/.local/lib/python3.12/site-packages/airflow/example_dags/tutorial.py
[2024-11-18T19:27:14.100+0000] {processor.py:914} INFO - Processing file /home/airflow/.local/lib/python3.12/site-packages/airflow/example_dags/tutorial.py for tasks to queue
[2024-11-18T19:27:14.102+0000] {logging_mixin.py:190} INFO - [2024-11-18T19:27:14.102+0000] {dagbag.py:588} INFO - Filling up the DagBag from /home/airflow/.local/lib/python3.12/site-packages/airflow/example_dags/tutorial.py
[2024-11-18T19:27:14.111+0000] {processor.py:925} INFO - DAG(s) 'tutorial' retrieved from /home/airflow/.local/lib/python3.12/site-packages/airflow/example_dags/tutorial.py
[2024-11-18T19:27:14.132+0000] {logging_mixin.py:190} INFO - [2024-11-18T19:27:14.131+0000] {dag.py:3239} INFO - Sync 1 DAGs
[2024-11-18T19:27:14.157+0000] {logging_mixin.py:190} INFO - [2024-11-18T19:27:14.156+0000] {dag.py:4180} INFO - Setting next_dagrun for tutorial to 2024-11-17 00:00:00+00:00, run_after=2024-11-18 00:00:00+00:00
[2024-11-18T19:27:14.178+0000] {processor.py:208} INFO - Processing /home/airflow/.local/lib/python3.12/site-packages/airflow/example_dags/tutorial.py took 0.084 seconds
[2024-11-18T19:27:44.605+0000] {processor.py:186} INFO - Started process (PID=3198) to work on /home/airflow/.local/lib/python3.12/site-packages/airflow/example_dags/tutorial.py
[2024-11-18T19:27:44.606+0000] {processor.py:914} INFO - Processing file /home/airflow/.local/lib/python3.12/site-packages/airflow/example_dags/tutorial.py for tasks to queue
[2024-11-18T19:27:44.608+0000] {logging_mixin.py:190} INFO - [2024-11-18T19:27:44.608+0000] {dagbag.py:588} INFO - Filling up the DagBag from /home/airflow/.local/lib/python3.12/site-packages/airflow/example_dags/tutorial.py
[2024-11-18T19:27:44.617+0000] {processor.py:925} INFO - DAG(s) 'tutorial' retrieved from /home/airflow/.local/lib/python3.12/site-packages/airflow/example_dags/tutorial.py
[2024-11-18T19:27:44.638+0000] {logging_mixin.py:190} INFO - [2024-11-18T19:27:44.638+0000] {dag.py:3239} INFO - Sync 1 DAGs
[2024-11-18T19:27:44.664+0000] {logging_mixin.py:190} INFO - [2024-11-18T19:27:44.663+0000] {dag.py:4180} INFO - Setting next_dagrun for tutorial to 2024-11-17 00:00:00+00:00, run_after=2024-11-18 00:00:00+00:00
[2024-11-18T19:27:44.686+0000] {processor.py:208} INFO - Processing /home/airflow/.local/lib/python3.12/site-packages/airflow/example_dags/tutorial.py took 0.086 seconds
[2024-11-18T19:28:15.022+0000] {processor.py:186} INFO - Started process (PID=3264) to work on /home/airflow/.local/lib/python3.12/site-packages/airflow/example_dags/tutorial.py
[2024-11-18T19:28:15.023+0000] {processor.py:914} INFO - Processing file /home/airflow/.local/lib/python3.12/site-packages/airflow/example_dags/tutorial.py for tasks to queue
[2024-11-18T19:28:15.025+0000] {logging_mixin.py:190} INFO - [2024-11-18T19:28:15.025+0000] {dagbag.py:588} INFO - Filling up the DagBag from /home/airflow/.local/lib/python3.12/site-packages/airflow/example_dags/tutorial.py
[2024-11-18T19:28:15.035+0000] {processor.py:925} INFO - DAG(s) 'tutorial' retrieved from /home/airflow/.local/lib/python3.12/site-packages/airflow/example_dags/tutorial.py
[2024-11-18T19:28:15.055+0000] {logging_mixin.py:190} INFO - [2024-11-18T19:28:15.055+0000] {dag.py:3239} INFO - Sync 1 DAGs
[2024-11-18T19:28:15.079+0000] {logging_mixin.py:190} INFO - [2024-11-18T19:28:15.078+0000] {dag.py:4180} INFO - Setting next_dagrun for tutorial to 2024-11-17 00:00:00+00:00, run_after=2024-11-18 00:00:00+00:00
[2024-11-18T19:28:15.101+0000] {processor.py:208} INFO - Processing /home/airflow/.local/lib/python3.12/site-packages/airflow/example_dags/tutorial.py took 0.088 seconds
[2024-11-18T19:28:45.933+0000] {processor.py:186} INFO - Started process (PID=3329) to work on /home/airflow/.local/lib/python3.12/site-packages/airflow/example_dags/tutorial.py
[2024-11-18T19:28:45.947+0000] {processor.py:914} INFO - Processing file /home/airflow/.local/lib/python3.12/site-packages/airflow/example_dags/tutorial.py for tasks to queue
[2024-11-18T19:28:45.951+0000] {logging_mixin.py:190} INFO - [2024-11-18T19:28:45.951+0000] {dagbag.py:588} INFO - Filling up the DagBag from /home/airflow/.local/lib/python3.12/site-packages/airflow/example_dags/tutorial.py
[2024-11-18T19:28:45.964+0000] {processor.py:925} INFO - DAG(s) 'tutorial' retrieved from /home/airflow/.local/lib/python3.12/site-packages/airflow/example_dags/tutorial.py
[2024-11-18T19:28:46.006+0000] {logging_mixin.py:190} INFO - [2024-11-18T19:28:46.006+0000] {dag.py:3239} INFO - Sync 1 DAGs
[2024-11-18T19:28:46.073+0000] {logging_mixin.py:190} INFO - [2024-11-18T19:28:46.073+0000] {dag.py:4180} INFO - Setting next_dagrun for tutorial to 2024-11-17 00:00:00+00:00, run_after=2024-11-18 00:00:00+00:00
[2024-11-18T19:28:46.139+0000] {processor.py:208} INFO - Processing /home/airflow/.local/lib/python3.12/site-packages/airflow/example_dags/tutorial.py took 0.213 seconds
[2024-11-18T19:29:16.501+0000] {processor.py:186} INFO - Started process (PID=3398) to work on /home/airflow/.local/lib/python3.12/site-packages/airflow/example_dags/tutorial.py
[2024-11-18T19:29:16.502+0000] {processor.py:914} INFO - Processing file /home/airflow/.local/lib/python3.12/site-packages/airflow/example_dags/tutorial.py for tasks to queue
[2024-11-18T19:29:16.504+0000] {logging_mixin.py:190} INFO - [2024-11-18T19:29:16.504+0000] {dagbag.py:588} INFO - Filling up the DagBag from /home/airflow/.local/lib/python3.12/site-packages/airflow/example_dags/tutorial.py
[2024-11-18T19:29:16.512+0000] {processor.py:925} INFO - DAG(s) 'tutorial' retrieved from /home/airflow/.local/lib/python3.12/site-packages/airflow/example_dags/tutorial.py
[2024-11-18T19:29:16.533+0000] {logging_mixin.py:190} INFO - [2024-11-18T19:29:16.532+0000] {dag.py:3239} INFO - Sync 1 DAGs
[2024-11-18T19:29:16.559+0000] {logging_mixin.py:190} INFO - [2024-11-18T19:29:16.559+0000] {dag.py:4180} INFO - Setting next_dagrun for tutorial to 2024-11-17 00:00:00+00:00, run_after=2024-11-18 00:00:00+00:00
[2024-11-18T19:29:16.582+0000] {processor.py:208} INFO - Processing /home/airflow/.local/lib/python3.12/site-packages/airflow/example_dags/tutorial.py took 0.086 seconds
[2024-11-18T19:29:47.172+0000] {processor.py:186} INFO - Started process (PID=3462) to work on /home/airflow/.local/lib/python3.12/site-packages/airflow/example_dags/tutorial.py
[2024-11-18T19:29:47.172+0000] {processor.py:914} INFO - Processing file /home/airflow/.local/lib/python3.12/site-packages/airflow/example_dags/tutorial.py for tasks to queue
[2024-11-18T19:29:47.186+0000] {logging_mixin.py:190} INFO - [2024-11-18T19:29:47.174+0000] {dagbag.py:588} INFO - Filling up the DagBag from /home/airflow/.local/lib/python3.12/site-packages/airflow/example_dags/tutorial.py
[2024-11-18T19:29:47.219+0000] {processor.py:925} INFO - DAG(s) 'tutorial' retrieved from /home/airflow/.local/lib/python3.12/site-packages/airflow/example_dags/tutorial.py
[2024-11-18T19:29:47.269+0000] {logging_mixin.py:190} INFO - [2024-11-18T19:29:47.269+0000] {dag.py:3239} INFO - Sync 1 DAGs
[2024-11-18T19:29:47.304+0000] {logging_mixin.py:190} INFO - [2024-11-18T19:29:47.304+0000] {dag.py:4180} INFO - Setting next_dagrun for tutorial to 2024-11-17 00:00:00+00:00, run_after=2024-11-18 00:00:00+00:00
[2024-11-18T19:29:47.347+0000] {processor.py:208} INFO - Processing /home/airflow/.local/lib/python3.12/site-packages/airflow/example_dags/tutorial.py took 0.202 seconds
[2024-11-18T19:30:17.605+0000] {processor.py:186} INFO - Started process (PID=3526) to work on /home/airflow/.local/lib/python3.12/site-packages/airflow/example_dags/tutorial.py
[2024-11-18T19:30:17.606+0000] {processor.py:914} INFO - Processing file /home/airflow/.local/lib/python3.12/site-packages/airflow/example_dags/tutorial.py for tasks to queue
[2024-11-18T19:30:17.608+0000] {logging_mixin.py:190} INFO - [2024-11-18T19:30:17.608+0000] {dagbag.py:588} INFO - Filling up the DagBag from /home/airflow/.local/lib/python3.12/site-packages/airflow/example_dags/tutorial.py
[2024-11-18T19:30:17.616+0000] {processor.py:925} INFO - DAG(s) 'tutorial' retrieved from /home/airflow/.local/lib/python3.12/site-packages/airflow/example_dags/tutorial.py
[2024-11-18T19:30:17.637+0000] {logging_mixin.py:190} INFO - [2024-11-18T19:30:17.637+0000] {dag.py:3239} INFO - Sync 1 DAGs
[2024-11-18T19:30:17.857+0000] {logging_mixin.py:190} INFO - [2024-11-18T19:30:17.857+0000] {dag.py:4180} INFO - Setting next_dagrun for tutorial to 2024-11-17 00:00:00+00:00, run_after=2024-11-18 00:00:00+00:00
[2024-11-18T19:30:17.888+0000] {processor.py:208} INFO - Processing /home/airflow/.local/lib/python3.12/site-packages/airflow/example_dags/tutorial.py took 0.289 seconds
