[2024-11-18T19:03:28.826+0000] {local_task_job_runner.py:123} INFO - ::group::Pre task execution logs
[2024-11-18T19:03:29.517+0000] {taskinstance.py:2613} INFO - Dependencies all met for dep_context=non-requeueable deps ti=<TaskInstance: hello_world_dag.training_model_B scheduled__2024-11-17T00:00:00+00:00 [queued]>
[2024-11-18T19:03:29.997+0000] {taskinstance.py:2613} INFO - Dependencies all met for dep_context=requeueable deps ti=<TaskInstance: hello_world_dag.training_model_B scheduled__2024-11-17T00:00:00+00:00 [queued]>
[2024-11-18T19:03:30.015+0000] {taskinstance.py:2866} INFO - Starting attempt 1 of 1
[2024-11-18T19:03:30.517+0000] {taskinstance.py:2889} INFO - Executing <Task(PythonOperator): training_model_B> on 2024-11-17 00:00:00+00:00
[2024-11-18T19:03:31.264+0000] {warnings.py:112} WARNING - /home/***/.local/lib/python3.12/site-packages/***/task/task_runner/standard_task_runner.py:70: DeprecationWarning: This process (pid=81) is multi-threaded, use of fork() may lead to deadlocks in the child.
  pid = os.fork()

[2024-11-18T19:03:31.519+0000] {standard_task_runner.py:72} INFO - Started process 116 to run task
[2024-11-18T19:03:31.441+0000] {standard_task_runner.py:104} INFO - Running: ['***', 'tasks', 'run', 'hello_world_dag', 'training_model_B', 'scheduled__2024-11-17T00:00:00+00:00', '--job-id', '34', '--raw', '--subdir', 'DAGS_FOLDER/hello_world_dag.py', '--cfg-path', '/tmp/tmph_dicc_e']
[2024-11-18T19:03:31.725+0000] {standard_task_runner.py:105} INFO - Job 34: Subtask training_model_B
[2024-11-18T19:04:14.430+0000] {task_command.py:467} INFO - Running <TaskInstance: hello_world_dag.training_model_B scheduled__2024-11-17T00:00:00+00:00 [running]> on host e14bbb8637e8
[2024-11-18T19:04:18.710+0000] {taskinstance.py:3132} INFO - Exporting env vars: AIRFLOW_CTX_DAG_OWNER='***' AIRFLOW_CTX_DAG_ID='hello_world_dag' AIRFLOW_CTX_TASK_ID='training_model_B' AIRFLOW_CTX_EXECUTION_DATE='2024-11-17T00:00:00+00:00' AIRFLOW_CTX_TRY_NUMBER='1' AIRFLOW_CTX_DAG_RUN_ID='scheduled__2024-11-17T00:00:00+00:00'
[2024-11-18T19:04:18.711+0000] {logging_mixin.py:190} INFO - Task instance is in running state
[2024-11-18T19:04:18.791+0000] {logging_mixin.py:190} INFO -  Previous state of the Task instance: queued
[2024-11-18T19:04:18.807+0000] {logging_mixin.py:190} INFO - Current task name:training_model_B state:running start_date:2024-11-18 19:03:29.539286+00:00
[2024-11-18T19:04:18.822+0000] {logging_mixin.py:190} INFO - Dag name:hello_world_dag and current dag run status:running
[2024-11-18T19:04:18.836+0000] {taskinstance.py:731} INFO - ::endgroup::
[2024-11-18T19:04:18.854+0000] {python.py:240} INFO - Done. Returned value was: 5
[2024-11-18T19:04:19.550+0000] {taskinstance.py:340} INFO - ::group::Post task execution logs
[2024-11-18T19:04:19.581+0000] {taskinstance.py:352} INFO - Marking task as SUCCESS. dag_id=hello_world_dag, task_id=training_model_B, run_id=scheduled__2024-11-17T00:00:00+00:00, execution_date=20241117T000000, start_date=20241118T190329, end_date=20241118T190419
[2024-11-18T19:04:20.009+0000] {logging_mixin.py:190} INFO - Task instance in success state
[2024-11-18T19:04:20.010+0000] {logging_mixin.py:190} INFO -  Previous state of the Task instance: running
[2024-11-18T19:04:20.010+0000] {logging_mixin.py:190} INFO - Dag name:hello_world_dag queued_at:2024-11-18 19:02:07.063165+00:00
[2024-11-18T19:04:20.010+0000] {logging_mixin.py:190} INFO - Task hostname:e14bbb8637e8 operator:PythonOperator
[2024-11-18T19:04:21.387+0000] {job.py:229} INFO - Heartbeat recovered after 54.54 seconds
[2024-11-18T19:04:21.588+0000] {local_task_job_runner.py:266} INFO - Task exited with return code 0
[2024-11-18T19:04:21.930+0000] {taskinstance.py:3895} INFO - 0 downstream tasks scheduled from follow-on schedule check
[2024-11-18T19:04:21.962+0000] {local_task_job_runner.py:245} INFO - ::endgroup::
