[2024-11-18T19:03:29.037+0000] {local_task_job_runner.py:123} INFO - ::group::Pre task execution logs
[2024-11-18T19:03:30.051+0000] {taskinstance.py:2613} INFO - Dependencies all met for dep_context=non-requeueable deps ti=<TaskInstance: hello_world_dag.training_model_A scheduled__2024-11-14T00:00:00+00:00 [queued]>
[2024-11-18T19:03:30.437+0000] {taskinstance.py:2613} INFO - Dependencies all met for dep_context=requeueable deps ti=<TaskInstance: hello_world_dag.training_model_A scheduled__2024-11-14T00:00:00+00:00 [queued]>
[2024-11-18T19:03:30.489+0000] {taskinstance.py:2866} INFO - Starting attempt 1 of 1
[2024-11-18T19:03:31.508+0000] {taskinstance.py:2889} INFO - Executing <Task(PythonOperator): training_model_A> on 2024-11-14 00:00:00+00:00
[2024-11-18T19:03:32.444+0000] {warnings.py:112} WARNING - /home/***/.local/lib/python3.12/site-packages/***/task/task_runner/standard_task_runner.py:70: DeprecationWarning: This process (pid=77) is multi-threaded, use of fork() may lead to deadlocks in the child.
  pid = os.fork()

[2024-11-18T19:03:32.572+0000] {standard_task_runner.py:72} INFO - Started process 126 to run task
[2024-11-18T19:03:32.582+0000] {standard_task_runner.py:104} INFO - Running: ['***', 'tasks', 'run', 'hello_world_dag', 'training_model_A', 'scheduled__2024-11-14T00:00:00+00:00', '--job-id', '35', '--raw', '--subdir', 'DAGS_FOLDER/hello_world_dag.py', '--cfg-path', '/tmp/tmp7mhmvrpi']
[2024-11-18T19:03:32.774+0000] {standard_task_runner.py:105} INFO - Job 35: Subtask training_model_A
[2024-11-18T19:04:09.187+0000] {cli_action_loggers.py:177} WARNING - Failed to log action (psycopg2.OperationalError) could not translate host name "postgres" to address: Temporary failure in name resolution

(Background on this error at: https://sqlalche.me/e/14/e3q8)
[2024-11-18T19:04:21.531+0000] {job.py:229} INFO - Heartbeat recovered after 54.64 seconds
[2024-11-18T19:04:22.727+0000] {task_command.py:467} INFO - Running <TaskInstance: hello_world_dag.training_model_A scheduled__2024-11-14T00:00:00+00:00 [running]> on host e14bbb8637e8
[2024-11-18T19:04:23.863+0000] {taskinstance.py:3132} INFO - Exporting env vars: AIRFLOW_CTX_DAG_OWNER='***' AIRFLOW_CTX_DAG_ID='hello_world_dag' AIRFLOW_CTX_TASK_ID='training_model_A' AIRFLOW_CTX_EXECUTION_DATE='2024-11-14T00:00:00+00:00' AIRFLOW_CTX_TRY_NUMBER='1' AIRFLOW_CTX_DAG_RUN_ID='scheduled__2024-11-14T00:00:00+00:00'
[2024-11-18T19:04:23.865+0000] {logging_mixin.py:190} INFO - Task instance is in running state
[2024-11-18T19:04:23.870+0000] {logging_mixin.py:190} INFO -  Previous state of the Task instance: queued
[2024-11-18T19:04:23.871+0000] {logging_mixin.py:190} INFO - Current task name:training_model_A state:running start_date:2024-11-18 19:03:30.099558+00:00
[2024-11-18T19:04:23.871+0000] {logging_mixin.py:190} INFO - Dag name:hello_world_dag and current dag run status:running
[2024-11-18T19:04:23.872+0000] {taskinstance.py:731} INFO - ::endgroup::
[2024-11-18T19:04:23.872+0000] {python.py:240} INFO - Done. Returned value was: 4
[2024-11-18T19:04:24.016+0000] {taskinstance.py:340} INFO - ::group::Post task execution logs
[2024-11-18T19:04:24.022+0000] {taskinstance.py:352} INFO - Marking task as SUCCESS. dag_id=hello_world_dag, task_id=training_model_A, run_id=scheduled__2024-11-14T00:00:00+00:00, execution_date=20241114T000000, start_date=20241118T190330, end_date=20241118T190424
[2024-11-18T19:04:24.107+0000] {logging_mixin.py:190} INFO - Task instance in success state
[2024-11-18T19:04:24.116+0000] {logging_mixin.py:190} INFO -  Previous state of the Task instance: running
[2024-11-18T19:04:24.116+0000] {logging_mixin.py:190} INFO - Dag name:hello_world_dag queued_at:2024-11-18 19:02:05.015845+00:00
[2024-11-18T19:04:24.117+0000] {logging_mixin.py:190} INFO - Task hostname:e14bbb8637e8 operator:PythonOperator
[2024-11-18T19:04:24.353+0000] {local_task_job_runner.py:266} INFO - Task exited with return code 0
[2024-11-18T19:04:24.432+0000] {taskinstance.py:3895} INFO - 0 downstream tasks scheduled from follow-on schedule check
[2024-11-18T19:04:24.461+0000] {local_task_job_runner.py:245} INFO - ::endgroup::
